[2022-06-21 07:32:38,125] {taskinstance.py:876} INFO - Dependencies all met for <TaskInstance: example_bash_operator.this_will_skip 2022-06-19T00:00:00+00:00 [queued]>
[2022-06-21 07:32:38,169] {taskinstance.py:876} INFO - Dependencies all met for <TaskInstance: example_bash_operator.this_will_skip 2022-06-19T00:00:00+00:00 [queued]>
[2022-06-21 07:32:38,170] {taskinstance.py:1067} INFO - 
--------------------------------------------------------------------------------
[2022-06-21 07:32:38,172] {taskinstance.py:1068} INFO - Starting attempt 1 of 1
[2022-06-21 07:32:38,178] {taskinstance.py:1069} INFO - 
--------------------------------------------------------------------------------
[2022-06-21 07:32:38,213] {taskinstance.py:1087} INFO - Executing <Task(BashOperator): this_will_skip> on 2022-06-19T00:00:00+00:00
[2022-06-21 07:32:38,240] {standard_task_runner.py:52} INFO - Started process 154 to run task
[2022-06-21 07:32:38,270] {standard_task_runner.py:76} INFO - Running: ['***', 'tasks', 'run', 'example_bash_operator', 'this_will_skip', '2022-06-19T00:00:00+00:00', '--job-id', '41', '--pool', 'default_pool', '--raw', '--subdir', '/home/***/.local/lib/python3.6/site-packages/***/example_dags/example_bash_operator.py', '--cfg-path', '/tmp/tmp454fpgc4', '--error-file', '/tmp/tmpx8wpp3s2']
[2022-06-21 07:32:38,272] {standard_task_runner.py:77} INFO - Job 41: Subtask this_will_skip
[2022-06-21 07:32:38,429] {logging_mixin.py:104} INFO - Running <TaskInstance: example_bash_operator.this_will_skip 2022-06-19T00:00:00+00:00 [running]> on host 775fdb9bd3ed
[2022-06-21 07:32:38,668] {taskinstance.py:1282} INFO - Exporting the following env vars:
AIRFLOW_CTX_DAG_OWNER=***
AIRFLOW_CTX_DAG_ID=example_bash_operator
AIRFLOW_CTX_TASK_ID=this_will_skip
AIRFLOW_CTX_EXECUTION_DATE=2022-06-19T00:00:00+00:00
AIRFLOW_CTX_DAG_RUN_ID=scheduled__2022-06-19T00:00:00+00:00
[2022-06-21 07:32:38,703] {subprocess.py:52} INFO - Tmp dir root location: 
 /tmp
[2022-06-21 07:32:38,716] {subprocess.py:63} INFO - Running command: ['bash', '-c', 'echo "hello world"; exit 99;']
[2022-06-21 07:32:38,765] {subprocess.py:75} INFO - Output:
[2022-06-21 07:32:38,770] {subprocess.py:79} INFO - hello world
[2022-06-21 07:32:38,773] {subprocess.py:83} INFO - Command exited with return code 99
[2022-06-21 07:32:38,780] {taskinstance.py:1147} INFO - Bash command returned exit code 99. Skipping.
[2022-06-21 07:32:38,849] {taskinstance.py:1157} INFO - Marking task as SKIPPED. dag_id=example_bash_operator, task_id=this_will_skip, execution_date=20220619T000000, start_date=20220621T073238, end_date=
[2022-06-21 07:32:38,858] {taskinstance.py:1191} INFO - Marking task as SUCCESS. dag_id=example_bash_operator, task_id=this_will_skip, execution_date=20220619T000000, start_date=20220621T073238, end_date=20220621T073238
[2022-06-21 07:32:39,001] {taskinstance.py:1245} INFO - 0 downstream tasks scheduled from follow-on schedule check
[2022-06-21 07:32:39,026] {local_task_job.py:151} INFO - Task exited with return code 0
