[2022-06-21 07:32:38,104] {taskinstance.py:876} INFO - Dependencies all met for <TaskInstance: example_bash_operator.runme_0 2022-06-19T00:00:00+00:00 [queued]>
[2022-06-21 07:32:38,190] {taskinstance.py:876} INFO - Dependencies all met for <TaskInstance: example_bash_operator.runme_0 2022-06-19T00:00:00+00:00 [queued]>
[2022-06-21 07:32:38,191] {taskinstance.py:1067} INFO - 
--------------------------------------------------------------------------------
[2022-06-21 07:32:38,192] {taskinstance.py:1068} INFO - Starting attempt 1 of 1
[2022-06-21 07:32:38,205] {taskinstance.py:1069} INFO - 
--------------------------------------------------------------------------------
[2022-06-21 07:32:38,245] {taskinstance.py:1087} INFO - Executing <Task(BashOperator): runme_0> on 2022-06-19T00:00:00+00:00
[2022-06-21 07:32:38,258] {standard_task_runner.py:52} INFO - Started process 155 to run task
[2022-06-21 07:32:38,296] {standard_task_runner.py:76} INFO - Running: ['***', 'tasks', 'run', 'example_bash_operator', 'runme_0', '2022-06-19T00:00:00+00:00', '--job-id', '40', '--pool', 'default_pool', '--raw', '--subdir', '/home/***/.local/lib/python3.6/site-packages/***/example_dags/example_bash_operator.py', '--cfg-path', '/tmp/tmpzufj1z22', '--error-file', '/tmp/tmprvnghjpl']
[2022-06-21 07:32:38,299] {standard_task_runner.py:77} INFO - Job 40: Subtask runme_0
[2022-06-21 07:32:38,433] {logging_mixin.py:104} INFO - Running <TaskInstance: example_bash_operator.runme_0 2022-06-19T00:00:00+00:00 [running]> on host 775fdb9bd3ed
[2022-06-21 07:32:38,666] {taskinstance.py:1282} INFO - Exporting the following env vars:
AIRFLOW_CTX_DAG_OWNER=***
AIRFLOW_CTX_DAG_ID=example_bash_operator
AIRFLOW_CTX_TASK_ID=runme_0
AIRFLOW_CTX_EXECUTION_DATE=2022-06-19T00:00:00+00:00
AIRFLOW_CTX_DAG_RUN_ID=scheduled__2022-06-19T00:00:00+00:00
[2022-06-21 07:32:38,702] {subprocess.py:52} INFO - Tmp dir root location: 
 /tmp
[2022-06-21 07:32:38,716] {subprocess.py:63} INFO - Running command: ['bash', '-c', 'echo "example_bash_operator__runme_0__20220619" && sleep 1']
[2022-06-21 07:32:38,766] {subprocess.py:75} INFO - Output:
[2022-06-21 07:32:38,773] {subprocess.py:79} INFO - example_bash_operator__runme_0__20220619
[2022-06-21 07:32:39,802] {subprocess.py:83} INFO - Command exited with return code 0
[2022-06-21 07:32:39,830] {taskinstance.py:1191} INFO - Marking task as SUCCESS. dag_id=example_bash_operator, task_id=runme_0, execution_date=20220619T000000, start_date=20220621T073238, end_date=20220621T073239
[2022-06-21 07:32:39,863] {taskinstance.py:1245} INFO - 0 downstream tasks scheduled from follow-on schedule check
[2022-06-21 07:32:39,898] {local_task_job.py:151} INFO - Task exited with return code 0
