[2022-06-21 07:32:38,240] {taskinstance.py:876} INFO - Dependencies all met for <TaskInstance: example_bash_operator.runme_2 2022-06-19T00:00:00+00:00 [queued]>
[2022-06-21 07:32:38,315] {taskinstance.py:876} INFO - Dependencies all met for <TaskInstance: example_bash_operator.runme_2 2022-06-19T00:00:00+00:00 [queued]>
[2022-06-21 07:32:38,329] {taskinstance.py:1067} INFO - 
--------------------------------------------------------------------------------
[2022-06-21 07:32:38,331] {taskinstance.py:1068} INFO - Starting attempt 1 of 1
[2022-06-21 07:32:38,338] {taskinstance.py:1069} INFO - 
--------------------------------------------------------------------------------
[2022-06-21 07:32:38,371] {taskinstance.py:1087} INFO - Executing <Task(BashOperator): runme_2> on 2022-06-19T00:00:00+00:00
[2022-06-21 07:32:38,393] {standard_task_runner.py:52} INFO - Started process 156 to run task
[2022-06-21 07:32:38,407] {standard_task_runner.py:76} INFO - Running: ['***', 'tasks', 'run', 'example_bash_operator', 'runme_2', '2022-06-19T00:00:00+00:00', '--job-id', '43', '--pool', 'default_pool', '--raw', '--subdir', '/home/***/.local/lib/python3.6/site-packages/***/example_dags/example_bash_operator.py', '--cfg-path', '/tmp/tmp76znziu5', '--error-file', '/tmp/tmpkn1a5b95']
[2022-06-21 07:32:38,410] {standard_task_runner.py:77} INFO - Job 43: Subtask runme_2
[2022-06-21 07:32:38,620] {logging_mixin.py:104} INFO - Running <TaskInstance: example_bash_operator.runme_2 2022-06-19T00:00:00+00:00 [running]> on host 775fdb9bd3ed
[2022-06-21 07:32:38,910] {taskinstance.py:1282} INFO - Exporting the following env vars:
AIRFLOW_CTX_DAG_OWNER=***
AIRFLOW_CTX_DAG_ID=example_bash_operator
AIRFLOW_CTX_TASK_ID=runme_2
AIRFLOW_CTX_EXECUTION_DATE=2022-06-19T00:00:00+00:00
AIRFLOW_CTX_DAG_RUN_ID=scheduled__2022-06-19T00:00:00+00:00
[2022-06-21 07:32:38,919] {subprocess.py:52} INFO - Tmp dir root location: 
 /tmp
[2022-06-21 07:32:38,922] {subprocess.py:63} INFO - Running command: ['bash', '-c', 'echo "example_bash_operator__runme_2__20220619" && sleep 1']
[2022-06-21 07:32:38,944] {subprocess.py:75} INFO - Output:
[2022-06-21 07:32:38,952] {subprocess.py:79} INFO - example_bash_operator__runme_2__20220619
[2022-06-21 07:32:39,959] {subprocess.py:83} INFO - Command exited with return code 0
[2022-06-21 07:32:39,993] {taskinstance.py:1191} INFO - Marking task as SUCCESS. dag_id=example_bash_operator, task_id=runme_2, execution_date=20220619T000000, start_date=20220621T073238, end_date=20220621T073239
[2022-06-21 07:32:40,045] {taskinstance.py:1245} INFO - 0 downstream tasks scheduled from follow-on schedule check
[2022-06-21 07:32:40,093] {local_task_job.py:151} INFO - Task exited with return code 0
