[2022-06-21 07:32:38,221] {taskinstance.py:876} INFO - Dependencies all met for <TaskInstance: example_bash_operator.also_run_this 2022-06-19T00:00:00+00:00 [queued]>
[2022-06-21 07:32:38,319] {taskinstance.py:876} INFO - Dependencies all met for <TaskInstance: example_bash_operator.also_run_this 2022-06-19T00:00:00+00:00 [queued]>
[2022-06-21 07:32:38,320] {taskinstance.py:1067} INFO - 
--------------------------------------------------------------------------------
[2022-06-21 07:32:38,323] {taskinstance.py:1068} INFO - Starting attempt 1 of 1
[2022-06-21 07:32:38,328] {taskinstance.py:1069} INFO - 
--------------------------------------------------------------------------------
[2022-06-21 07:32:38,377] {taskinstance.py:1087} INFO - Executing <Task(BashOperator): also_run_this> on 2022-06-19T00:00:00+00:00
[2022-06-21 07:32:38,405] {standard_task_runner.py:52} INFO - Started process 157 to run task
[2022-06-21 07:32:38,426] {standard_task_runner.py:76} INFO - Running: ['***', 'tasks', 'run', 'example_bash_operator', 'also_run_this', '2022-06-19T00:00:00+00:00', '--job-id', '42', '--pool', 'default_pool', '--raw', '--subdir', '/home/***/.local/lib/python3.6/site-packages/***/example_dags/example_bash_operator.py', '--cfg-path', '/tmp/tmpzh5274iw', '--error-file', '/tmp/tmpgctnyrbl']
[2022-06-21 07:32:38,434] {standard_task_runner.py:77} INFO - Job 42: Subtask also_run_this
[2022-06-21 07:32:38,609] {logging_mixin.py:104} INFO - Running <TaskInstance: example_bash_operator.also_run_this 2022-06-19T00:00:00+00:00 [running]> on host 775fdb9bd3ed
[2022-06-21 07:32:38,913] {taskinstance.py:1282} INFO - Exporting the following env vars:
AIRFLOW_CTX_DAG_OWNER=***
AIRFLOW_CTX_DAG_ID=example_bash_operator
AIRFLOW_CTX_TASK_ID=also_run_this
AIRFLOW_CTX_EXECUTION_DATE=2022-06-19T00:00:00+00:00
AIRFLOW_CTX_DAG_RUN_ID=scheduled__2022-06-19T00:00:00+00:00
[2022-06-21 07:32:38,919] {subprocess.py:52} INFO - Tmp dir root location: 
 /tmp
[2022-06-21 07:32:38,922] {subprocess.py:63} INFO - Running command: ['bash', '-c', 'echo "run_id=scheduled__2022-06-19T00:00:00+00:00 | dag_run=<DagRun example_bash_operator @ 2022-06-19 00:00:00+00:00: scheduled__2022-06-19T00:00:00+00:00, externally triggered: False>"']
[2022-06-21 07:32:38,957] {subprocess.py:75} INFO - Output:
[2022-06-21 07:32:38,961] {subprocess.py:79} INFO - run_id=scheduled__2022-06-19T00:00:00+00:00 | dag_run=<DagRun example_bash_operator @ 2022-06-19 00:00:00+00:00: scheduled__2022-06-19T00:00:00+00:00, externally triggered: False>
[2022-06-21 07:32:38,964] {subprocess.py:83} INFO - Command exited with return code 0
[2022-06-21 07:32:39,020] {taskinstance.py:1191} INFO - Marking task as SUCCESS. dag_id=example_bash_operator, task_id=also_run_this, execution_date=20220619T000000, start_date=20220621T073238, end_date=20220621T073239
[2022-06-21 07:32:39,105] {taskinstance.py:1245} INFO - 0 downstream tasks scheduled from follow-on schedule check
[2022-06-21 07:32:39,137] {local_task_job.py:151} INFO - Task exited with return code 0
