[2022-06-21 06:56:02,212] {scheduler_job.py:182} INFO - Started process (PID=81) to work on /home/airflow/.local/lib/python3.6/site-packages/airflow/example_dags/example_branch_python_dop_operator_3.py
[2022-06-21 06:56:02,226] {scheduler_job.py:633} INFO - Processing file /home/airflow/.local/lib/python3.6/site-packages/airflow/example_dags/example_branch_python_dop_operator_3.py for tasks to queue
[2022-06-21 06:56:02,244] {logging_mixin.py:104} INFO - [2022-06-21 06:56:02,240] {dagbag.py:487} INFO - Filling up the DagBag from /home/airflow/.local/lib/python3.6/site-packages/airflow/example_dags/example_branch_python_dop_operator_3.py
[2022-06-21 06:56:02,620] {scheduler_job.py:643} INFO - DAG(s) dict_keys(['example_branch_dop_operator_v3']) retrieved from /home/airflow/.local/lib/python3.6/site-packages/airflow/example_dags/example_branch_python_dop_operator_3.py
[2022-06-21 06:56:08,248] {logging_mixin.py:104} INFO - [2022-06-21 06:56:08,246] {dag.py:1832} INFO - Sync 1 DAGs
[2022-06-21 06:56:08,262] {logging_mixin.py:104} INFO - [2022-06-21 06:56:08,260] {dag.py:1851} INFO - Creating ORM DAG for example_branch_dop_operator_v3
[2022-06-21 06:56:08,287] {logging_mixin.py:104} INFO - [2022-06-21 06:56:08,287] {dag.py:2305} INFO - Setting next_dagrun for example_branch_dop_operator_v3 to 2022-06-19 00:00:00+00:00
[2022-06-21 06:56:08,321] {scheduler_job.py:190} INFO - Processing /home/airflow/.local/lib/python3.6/site-packages/airflow/example_dags/example_branch_python_dop_operator_3.py took 6.175 seconds
[2022-06-21 06:58:05,398] {scheduler_job.py:182} INFO - Started process (PID=175) to work on /home/airflow/.local/lib/python3.6/site-packages/airflow/example_dags/example_branch_python_dop_operator_3.py
[2022-06-21 06:58:05,409] {scheduler_job.py:633} INFO - Processing file /home/airflow/.local/lib/python3.6/site-packages/airflow/example_dags/example_branch_python_dop_operator_3.py for tasks to queue
[2022-06-21 06:58:05,418] {logging_mixin.py:104} INFO - [2022-06-21 06:58:05,417] {dagbag.py:487} INFO - Filling up the DagBag from /home/airflow/.local/lib/python3.6/site-packages/airflow/example_dags/example_branch_python_dop_operator_3.py
[2022-06-21 06:58:05,479] {scheduler_job.py:643} INFO - DAG(s) dict_keys(['example_branch_dop_operator_v3']) retrieved from /home/airflow/.local/lib/python3.6/site-packages/airflow/example_dags/example_branch_python_dop_operator_3.py
[2022-06-21 06:58:05,526] {logging_mixin.py:104} INFO - [2022-06-21 06:58:05,526] {dag.py:1832} INFO - Sync 1 DAGs
[2022-06-21 06:58:05,567] {logging_mixin.py:104} INFO - [2022-06-21 06:58:05,567] {dag.py:2305} INFO - Setting next_dagrun for example_branch_dop_operator_v3 to 2022-06-19 00:00:00+00:00
[2022-06-21 06:58:05,583] {scheduler_job.py:190} INFO - Processing /home/airflow/.local/lib/python3.6/site-packages/airflow/example_dags/example_branch_python_dop_operator_3.py took 0.225 seconds
[2022-06-21 06:58:46,432] {scheduler_job.py:182} INFO - Started process (PID=255) to work on /home/airflow/.local/lib/python3.6/site-packages/airflow/example_dags/example_branch_python_dop_operator_3.py
[2022-06-21 06:58:46,435] {scheduler_job.py:633} INFO - Processing file /home/airflow/.local/lib/python3.6/site-packages/airflow/example_dags/example_branch_python_dop_operator_3.py for tasks to queue
[2022-06-21 06:58:46,437] {logging_mixin.py:104} INFO - [2022-06-21 06:58:46,437] {dagbag.py:487} INFO - Filling up the DagBag from /home/airflow/.local/lib/python3.6/site-packages/airflow/example_dags/example_branch_python_dop_operator_3.py
[2022-06-21 06:58:46,460] {scheduler_job.py:643} INFO - DAG(s) dict_keys(['example_branch_dop_operator_v3']) retrieved from /home/airflow/.local/lib/python3.6/site-packages/airflow/example_dags/example_branch_python_dop_operator_3.py
[2022-06-21 06:58:46,492] {logging_mixin.py:104} INFO - [2022-06-21 06:58:46,492] {dag.py:1832} INFO - Sync 1 DAGs
[2022-06-21 06:58:46,525] {logging_mixin.py:104} INFO - [2022-06-21 06:58:46,525] {dag.py:2305} INFO - Setting next_dagrun for example_branch_dop_operator_v3 to 2022-06-19 00:00:00+00:00
[2022-06-21 06:58:46,547] {scheduler_job.py:190} INFO - Processing /home/airflow/.local/lib/python3.6/site-packages/airflow/example_dags/example_branch_python_dop_operator_3.py took 0.119 seconds
[2022-06-21 06:59:16,849] {scheduler_job.py:182} INFO - Started process (PID=307) to work on /home/airflow/.local/lib/python3.6/site-packages/airflow/example_dags/example_branch_python_dop_operator_3.py
[2022-06-21 06:59:16,852] {scheduler_job.py:633} INFO - Processing file /home/airflow/.local/lib/python3.6/site-packages/airflow/example_dags/example_branch_python_dop_operator_3.py for tasks to queue
[2022-06-21 06:59:16,853] {logging_mixin.py:104} INFO - [2022-06-21 06:59:16,853] {dagbag.py:487} INFO - Filling up the DagBag from /home/airflow/.local/lib/python3.6/site-packages/airflow/example_dags/example_branch_python_dop_operator_3.py
[2022-06-21 06:59:16,873] {scheduler_job.py:643} INFO - DAG(s) dict_keys(['example_branch_dop_operator_v3']) retrieved from /home/airflow/.local/lib/python3.6/site-packages/airflow/example_dags/example_branch_python_dop_operator_3.py
[2022-06-21 06:59:16,908] {logging_mixin.py:104} INFO - [2022-06-21 06:59:16,907] {dag.py:1832} INFO - Sync 1 DAGs
[2022-06-21 06:59:16,941] {logging_mixin.py:104} INFO - [2022-06-21 06:59:16,941] {dag.py:2305} INFO - Setting next_dagrun for example_branch_dop_operator_v3 to 2022-06-19 00:00:00+00:00
[2022-06-21 06:59:16,955] {scheduler_job.py:190} INFO - Processing /home/airflow/.local/lib/python3.6/site-packages/airflow/example_dags/example_branch_python_dop_operator_3.py took 0.111 seconds
[2022-06-21 06:59:54,848] {scheduler_job.py:182} INFO - Started process (PID=352) to work on /home/airflow/.local/lib/python3.6/site-packages/airflow/example_dags/example_branch_python_dop_operator_3.py
[2022-06-21 06:59:54,852] {scheduler_job.py:633} INFO - Processing file /home/airflow/.local/lib/python3.6/site-packages/airflow/example_dags/example_branch_python_dop_operator_3.py for tasks to queue
[2022-06-21 06:59:54,855] {logging_mixin.py:104} INFO - [2022-06-21 06:59:54,855] {dagbag.py:487} INFO - Filling up the DagBag from /home/airflow/.local/lib/python3.6/site-packages/airflow/example_dags/example_branch_python_dop_operator_3.py
[2022-06-21 06:59:54,887] {scheduler_job.py:643} INFO - DAG(s) dict_keys(['example_branch_dop_operator_v3']) retrieved from /home/airflow/.local/lib/python3.6/site-packages/airflow/example_dags/example_branch_python_dop_operator_3.py
[2022-06-21 06:59:54,953] {logging_mixin.py:104} INFO - [2022-06-21 06:59:54,953] {dag.py:1832} INFO - Sync 1 DAGs
[2022-06-21 06:59:55,002] {logging_mixin.py:104} INFO - [2022-06-21 06:59:55,002] {dag.py:2305} INFO - Setting next_dagrun for example_branch_dop_operator_v3 to 2022-06-19 00:00:00+00:00
[2022-06-21 06:59:55,027] {scheduler_job.py:190} INFO - Processing /home/airflow/.local/lib/python3.6/site-packages/airflow/example_dags/example_branch_python_dop_operator_3.py took 0.187 seconds
[2022-06-21 07:00:25,169] {scheduler_job.py:182} INFO - Started process (PID=414) to work on /home/airflow/.local/lib/python3.6/site-packages/airflow/example_dags/example_branch_python_dop_operator_3.py
[2022-06-21 07:00:25,171] {scheduler_job.py:633} INFO - Processing file /home/airflow/.local/lib/python3.6/site-packages/airflow/example_dags/example_branch_python_dop_operator_3.py for tasks to queue
[2022-06-21 07:00:25,173] {logging_mixin.py:104} INFO - [2022-06-21 07:00:25,173] {dagbag.py:487} INFO - Filling up the DagBag from /home/airflow/.local/lib/python3.6/site-packages/airflow/example_dags/example_branch_python_dop_operator_3.py
[2022-06-21 07:00:25,190] {scheduler_job.py:643} INFO - DAG(s) dict_keys(['example_branch_dop_operator_v3']) retrieved from /home/airflow/.local/lib/python3.6/site-packages/airflow/example_dags/example_branch_python_dop_operator_3.py
[2022-06-21 07:00:25,214] {logging_mixin.py:104} INFO - [2022-06-21 07:00:25,214] {dag.py:1832} INFO - Sync 1 DAGs
[2022-06-21 07:00:25,237] {logging_mixin.py:104} INFO - [2022-06-21 07:00:25,237] {dag.py:2305} INFO - Setting next_dagrun for example_branch_dop_operator_v3 to 2022-06-19 00:00:00+00:00
[2022-06-21 07:00:25,248] {scheduler_job.py:190} INFO - Processing /home/airflow/.local/lib/python3.6/site-packages/airflow/example_dags/example_branch_python_dop_operator_3.py took 0.083 seconds
[2022-06-21 07:00:56,070] {scheduler_job.py:182} INFO - Started process (PID=470) to work on /home/airflow/.local/lib/python3.6/site-packages/airflow/example_dags/example_branch_python_dop_operator_3.py
[2022-06-21 07:00:56,073] {scheduler_job.py:633} INFO - Processing file /home/airflow/.local/lib/python3.6/site-packages/airflow/example_dags/example_branch_python_dop_operator_3.py for tasks to queue
[2022-06-21 07:00:56,074] {logging_mixin.py:104} INFO - [2022-06-21 07:00:56,074] {dagbag.py:487} INFO - Filling up the DagBag from /home/airflow/.local/lib/python3.6/site-packages/airflow/example_dags/example_branch_python_dop_operator_3.py
[2022-06-21 07:00:56,098] {scheduler_job.py:643} INFO - DAG(s) dict_keys(['example_branch_dop_operator_v3']) retrieved from /home/airflow/.local/lib/python3.6/site-packages/airflow/example_dags/example_branch_python_dop_operator_3.py
[2022-06-21 07:00:56,130] {logging_mixin.py:104} INFO - [2022-06-21 07:00:56,130] {dag.py:1832} INFO - Sync 1 DAGs
[2022-06-21 07:00:56,159] {logging_mixin.py:104} INFO - [2022-06-21 07:00:56,158] {dag.py:2305} INFO - Setting next_dagrun for example_branch_dop_operator_v3 to 2022-06-19 00:00:00+00:00
[2022-06-21 07:00:56,176] {scheduler_job.py:190} INFO - Processing /home/airflow/.local/lib/python3.6/site-packages/airflow/example_dags/example_branch_python_dop_operator_3.py took 0.111 seconds
[2022-06-21 07:01:26,217] {scheduler_job.py:182} INFO - Started process (PID=520) to work on /home/airflow/.local/lib/python3.6/site-packages/airflow/example_dags/example_branch_python_dop_operator_3.py
[2022-06-21 07:01:26,220] {scheduler_job.py:633} INFO - Processing file /home/airflow/.local/lib/python3.6/site-packages/airflow/example_dags/example_branch_python_dop_operator_3.py for tasks to queue
[2022-06-21 07:01:26,222] {logging_mixin.py:104} INFO - [2022-06-21 07:01:26,222] {dagbag.py:487} INFO - Filling up the DagBag from /home/airflow/.local/lib/python3.6/site-packages/airflow/example_dags/example_branch_python_dop_operator_3.py
[2022-06-21 07:01:26,267] {scheduler_job.py:643} INFO - DAG(s) dict_keys(['example_branch_dop_operator_v3']) retrieved from /home/airflow/.local/lib/python3.6/site-packages/airflow/example_dags/example_branch_python_dop_operator_3.py
[2022-06-21 07:01:26,318] {logging_mixin.py:104} INFO - [2022-06-21 07:01:26,318] {dag.py:1832} INFO - Sync 1 DAGs
[2022-06-21 07:01:26,376] {logging_mixin.py:104} INFO - [2022-06-21 07:01:26,376] {dag.py:2305} INFO - Setting next_dagrun for example_branch_dop_operator_v3 to 2022-06-19 00:00:00+00:00
[2022-06-21 07:01:26,409] {scheduler_job.py:190} INFO - Processing /home/airflow/.local/lib/python3.6/site-packages/airflow/example_dags/example_branch_python_dop_operator_3.py took 0.197 seconds
[2022-06-21 07:01:59,102] {scheduler_job.py:182} INFO - Started process (PID=575) to work on /home/airflow/.local/lib/python3.6/site-packages/airflow/example_dags/example_branch_python_dop_operator_3.py
[2022-06-21 07:01:59,110] {scheduler_job.py:633} INFO - Processing file /home/airflow/.local/lib/python3.6/site-packages/airflow/example_dags/example_branch_python_dop_operator_3.py for tasks to queue
[2022-06-21 07:01:59,119] {logging_mixin.py:104} INFO - [2022-06-21 07:01:59,118] {dagbag.py:487} INFO - Filling up the DagBag from /home/airflow/.local/lib/python3.6/site-packages/airflow/example_dags/example_branch_python_dop_operator_3.py
[2022-06-21 07:01:59,171] {scheduler_job.py:643} INFO - DAG(s) dict_keys(['example_branch_dop_operator_v3']) retrieved from /home/airflow/.local/lib/python3.6/site-packages/airflow/example_dags/example_branch_python_dop_operator_3.py
[2022-06-21 07:01:59,218] {logging_mixin.py:104} INFO - [2022-06-21 07:01:59,218] {dag.py:1832} INFO - Sync 1 DAGs
[2022-06-21 07:01:59,262] {logging_mixin.py:104} INFO - [2022-06-21 07:01:59,262] {dag.py:2305} INFO - Setting next_dagrun for example_branch_dop_operator_v3 to 2022-06-19 00:00:00+00:00
[2022-06-21 07:01:59,281] {scheduler_job.py:190} INFO - Processing /home/airflow/.local/lib/python3.6/site-packages/airflow/example_dags/example_branch_python_dop_operator_3.py took 0.185 seconds
[2022-06-21 07:04:53,145] {scheduler_job.py:182} INFO - Started process (PID=58) to work on /home/airflow/.local/lib/python3.6/site-packages/airflow/example_dags/example_branch_python_dop_operator_3.py
[2022-06-21 07:04:53,156] {scheduler_job.py:633} INFO - Processing file /home/airflow/.local/lib/python3.6/site-packages/airflow/example_dags/example_branch_python_dop_operator_3.py for tasks to queue
[2022-06-21 07:04:53,162] {logging_mixin.py:104} INFO - [2022-06-21 07:04:53,160] {dagbag.py:487} INFO - Filling up the DagBag from /home/airflow/.local/lib/python3.6/site-packages/airflow/example_dags/example_branch_python_dop_operator_3.py
[2022-06-21 07:04:53,222] {scheduler_job.py:643} INFO - DAG(s) dict_keys(['example_branch_dop_operator_v3']) retrieved from /home/airflow/.local/lib/python3.6/site-packages/airflow/example_dags/example_branch_python_dop_operator_3.py
[2022-06-21 07:04:53,339] {logging_mixin.py:104} INFO - [2022-06-21 07:04:53,338] {dag.py:1832} INFO - Sync 1 DAGs
[2022-06-21 07:04:53,418] {logging_mixin.py:104} INFO - [2022-06-21 07:04:53,418] {dag.py:2305} INFO - Setting next_dagrun for example_branch_dop_operator_v3 to 2022-06-19 00:00:00+00:00
[2022-06-21 07:04:53,488] {scheduler_job.py:190} INFO - Processing /home/airflow/.local/lib/python3.6/site-packages/airflow/example_dags/example_branch_python_dop_operator_3.py took 0.360 seconds
[2022-06-21 07:05:35,220] {scheduler_job.py:182} INFO - Started process (PID=118) to work on /home/airflow/.local/lib/python3.6/site-packages/airflow/example_dags/example_branch_python_dop_operator_3.py
[2022-06-21 07:05:35,224] {scheduler_job.py:633} INFO - Processing file /home/airflow/.local/lib/python3.6/site-packages/airflow/example_dags/example_branch_python_dop_operator_3.py for tasks to queue
[2022-06-21 07:05:35,233] {logging_mixin.py:104} INFO - [2022-06-21 07:05:35,233] {dagbag.py:487} INFO - Filling up the DagBag from /home/airflow/.local/lib/python3.6/site-packages/airflow/example_dags/example_branch_python_dop_operator_3.py
[2022-06-21 07:05:35,284] {scheduler_job.py:643} INFO - DAG(s) dict_keys(['example_branch_dop_operator_v3']) retrieved from /home/airflow/.local/lib/python3.6/site-packages/airflow/example_dags/example_branch_python_dop_operator_3.py
[2022-06-21 07:05:35,348] {logging_mixin.py:104} INFO - [2022-06-21 07:05:35,348] {dag.py:1832} INFO - Sync 1 DAGs
[2022-06-21 07:05:35,412] {logging_mixin.py:104} INFO - [2022-06-21 07:05:35,412] {dag.py:2305} INFO - Setting next_dagrun for example_branch_dop_operator_v3 to 2022-06-19 00:00:00+00:00
[2022-06-21 07:05:35,440] {scheduler_job.py:190} INFO - Processing /home/airflow/.local/lib/python3.6/site-packages/airflow/example_dags/example_branch_python_dop_operator_3.py took 0.226 seconds
[2022-06-21 07:06:06,278] {scheduler_job.py:182} INFO - Started process (PID=174) to work on /home/airflow/.local/lib/python3.6/site-packages/airflow/example_dags/example_branch_python_dop_operator_3.py
[2022-06-21 07:06:06,280] {scheduler_job.py:633} INFO - Processing file /home/airflow/.local/lib/python3.6/site-packages/airflow/example_dags/example_branch_python_dop_operator_3.py for tasks to queue
[2022-06-21 07:06:06,281] {logging_mixin.py:104} INFO - [2022-06-21 07:06:06,281] {dagbag.py:487} INFO - Filling up the DagBag from /home/airflow/.local/lib/python3.6/site-packages/airflow/example_dags/example_branch_python_dop_operator_3.py
[2022-06-21 07:06:06,301] {scheduler_job.py:643} INFO - DAG(s) dict_keys(['example_branch_dop_operator_v3']) retrieved from /home/airflow/.local/lib/python3.6/site-packages/airflow/example_dags/example_branch_python_dop_operator_3.py
[2022-06-21 07:06:06,334] {logging_mixin.py:104} INFO - [2022-06-21 07:06:06,334] {dag.py:1832} INFO - Sync 1 DAGs
[2022-06-21 07:06:06,392] {logging_mixin.py:104} INFO - [2022-06-21 07:06:06,391] {dag.py:2305} INFO - Setting next_dagrun for example_branch_dop_operator_v3 to 2022-06-19 00:00:00+00:00
[2022-06-21 07:06:06,406] {scheduler_job.py:190} INFO - Processing /home/airflow/.local/lib/python3.6/site-packages/airflow/example_dags/example_branch_python_dop_operator_3.py took 0.131 seconds
[2022-06-21 07:06:36,462] {scheduler_job.py:182} INFO - Started process (PID=235) to work on /home/airflow/.local/lib/python3.6/site-packages/airflow/example_dags/example_branch_python_dop_operator_3.py
[2022-06-21 07:06:36,466] {scheduler_job.py:633} INFO - Processing file /home/airflow/.local/lib/python3.6/site-packages/airflow/example_dags/example_branch_python_dop_operator_3.py for tasks to queue
[2022-06-21 07:06:36,469] {logging_mixin.py:104} INFO - [2022-06-21 07:06:36,469] {dagbag.py:487} INFO - Filling up the DagBag from /home/airflow/.local/lib/python3.6/site-packages/airflow/example_dags/example_branch_python_dop_operator_3.py
[2022-06-21 07:06:36,501] {scheduler_job.py:643} INFO - DAG(s) dict_keys(['example_branch_dop_operator_v3']) retrieved from /home/airflow/.local/lib/python3.6/site-packages/airflow/example_dags/example_branch_python_dop_operator_3.py
[2022-06-21 07:06:36,533] {logging_mixin.py:104} INFO - [2022-06-21 07:06:36,533] {dag.py:1832} INFO - Sync 1 DAGs
[2022-06-21 07:06:36,574] {logging_mixin.py:104} INFO - [2022-06-21 07:06:36,574] {dag.py:2305} INFO - Setting next_dagrun for example_branch_dop_operator_v3 to 2022-06-19 00:00:00+00:00
[2022-06-21 07:06:36,590] {scheduler_job.py:190} INFO - Processing /home/airflow/.local/lib/python3.6/site-packages/airflow/example_dags/example_branch_python_dop_operator_3.py took 0.134 seconds
[2022-06-21 07:07:21,931] {scheduler_job.py:182} INFO - Started process (PID=298) to work on /home/airflow/.local/lib/python3.6/site-packages/airflow/example_dags/example_branch_python_dop_operator_3.py
[2022-06-21 07:07:21,936] {scheduler_job.py:633} INFO - Processing file /home/airflow/.local/lib/python3.6/site-packages/airflow/example_dags/example_branch_python_dop_operator_3.py for tasks to queue
[2022-06-21 07:07:21,938] {logging_mixin.py:104} INFO - [2022-06-21 07:07:21,938] {dagbag.py:487} INFO - Filling up the DagBag from /home/airflow/.local/lib/python3.6/site-packages/airflow/example_dags/example_branch_python_dop_operator_3.py
[2022-06-21 07:07:21,960] {scheduler_job.py:643} INFO - DAG(s) dict_keys(['example_branch_dop_operator_v3']) retrieved from /home/airflow/.local/lib/python3.6/site-packages/airflow/example_dags/example_branch_python_dop_operator_3.py
[2022-06-21 07:07:21,990] {logging_mixin.py:104} INFO - [2022-06-21 07:07:21,990] {dag.py:1832} INFO - Sync 1 DAGs
[2022-06-21 07:07:22,023] {logging_mixin.py:104} INFO - [2022-06-21 07:07:22,023] {dag.py:2305} INFO - Setting next_dagrun for example_branch_dop_operator_v3 to 2022-06-19 00:00:00+00:00
[2022-06-21 07:07:22,036] {scheduler_job.py:190} INFO - Processing /home/airflow/.local/lib/python3.6/site-packages/airflow/example_dags/example_branch_python_dop_operator_3.py took 0.109 seconds
[2022-06-21 07:07:52,173] {scheduler_job.py:182} INFO - Started process (PID=359) to work on /home/airflow/.local/lib/python3.6/site-packages/airflow/example_dags/example_branch_python_dop_operator_3.py
[2022-06-21 07:07:52,176] {scheduler_job.py:633} INFO - Processing file /home/airflow/.local/lib/python3.6/site-packages/airflow/example_dags/example_branch_python_dop_operator_3.py for tasks to queue
[2022-06-21 07:07:52,177] {logging_mixin.py:104} INFO - [2022-06-21 07:07:52,177] {dagbag.py:487} INFO - Filling up the DagBag from /home/airflow/.local/lib/python3.6/site-packages/airflow/example_dags/example_branch_python_dop_operator_3.py
[2022-06-21 07:07:52,200] {scheduler_job.py:643} INFO - DAG(s) dict_keys(['example_branch_dop_operator_v3']) retrieved from /home/airflow/.local/lib/python3.6/site-packages/airflow/example_dags/example_branch_python_dop_operator_3.py
[2022-06-21 07:07:52,225] {logging_mixin.py:104} INFO - [2022-06-21 07:07:52,225] {dag.py:1832} INFO - Sync 1 DAGs
[2022-06-21 07:07:52,252] {logging_mixin.py:104} INFO - [2022-06-21 07:07:52,252] {dag.py:2305} INFO - Setting next_dagrun for example_branch_dop_operator_v3 to 2022-06-19 00:00:00+00:00
[2022-06-21 07:07:52,263] {scheduler_job.py:190} INFO - Processing /home/airflow/.local/lib/python3.6/site-packages/airflow/example_dags/example_branch_python_dop_operator_3.py took 0.094 seconds
[2022-06-21 07:08:23,274] {scheduler_job.py:182} INFO - Started process (PID=434) to work on /home/airflow/.local/lib/python3.6/site-packages/airflow/example_dags/example_branch_python_dop_operator_3.py
[2022-06-21 07:08:23,277] {scheduler_job.py:633} INFO - Processing file /home/airflow/.local/lib/python3.6/site-packages/airflow/example_dags/example_branch_python_dop_operator_3.py for tasks to queue
[2022-06-21 07:08:23,278] {logging_mixin.py:104} INFO - [2022-06-21 07:08:23,278] {dagbag.py:487} INFO - Filling up the DagBag from /home/airflow/.local/lib/python3.6/site-packages/airflow/example_dags/example_branch_python_dop_operator_3.py
[2022-06-21 07:08:23,300] {scheduler_job.py:643} INFO - DAG(s) dict_keys(['example_branch_dop_operator_v3']) retrieved from /home/airflow/.local/lib/python3.6/site-packages/airflow/example_dags/example_branch_python_dop_operator_3.py
[2022-06-21 07:08:23,329] {logging_mixin.py:104} INFO - [2022-06-21 07:08:23,329] {dag.py:1832} INFO - Sync 1 DAGs
[2022-06-21 07:08:23,362] {logging_mixin.py:104} INFO - [2022-06-21 07:08:23,361] {dag.py:2305} INFO - Setting next_dagrun for example_branch_dop_operator_v3 to 2022-06-19 00:00:00+00:00
[2022-06-21 07:08:23,381] {scheduler_job.py:190} INFO - Processing /home/airflow/.local/lib/python3.6/site-packages/airflow/example_dags/example_branch_python_dop_operator_3.py took 0.110 seconds
[2022-06-21 07:08:53,946] {scheduler_job.py:182} INFO - Started process (PID=501) to work on /home/airflow/.local/lib/python3.6/site-packages/airflow/example_dags/example_branch_python_dop_operator_3.py
[2022-06-21 07:08:53,948] {scheduler_job.py:633} INFO - Processing file /home/airflow/.local/lib/python3.6/site-packages/airflow/example_dags/example_branch_python_dop_operator_3.py for tasks to queue
[2022-06-21 07:08:53,949] {logging_mixin.py:104} INFO - [2022-06-21 07:08:53,949] {dagbag.py:487} INFO - Filling up the DagBag from /home/airflow/.local/lib/python3.6/site-packages/airflow/example_dags/example_branch_python_dop_operator_3.py
[2022-06-21 07:08:53,968] {scheduler_job.py:643} INFO - DAG(s) dict_keys(['example_branch_dop_operator_v3']) retrieved from /home/airflow/.local/lib/python3.6/site-packages/airflow/example_dags/example_branch_python_dop_operator_3.py
[2022-06-21 07:08:53,992] {logging_mixin.py:104} INFO - [2022-06-21 07:08:53,992] {dag.py:1832} INFO - Sync 1 DAGs
[2022-06-21 07:08:54,026] {logging_mixin.py:104} INFO - [2022-06-21 07:08:54,026] {dag.py:2305} INFO - Setting next_dagrun for example_branch_dop_operator_v3 to 2022-06-19 00:00:00+00:00
[2022-06-21 07:08:54,040] {scheduler_job.py:190} INFO - Processing /home/airflow/.local/lib/python3.6/site-packages/airflow/example_dags/example_branch_python_dop_operator_3.py took 0.098 seconds
[2022-06-21 07:11:08,835] {scheduler_job.py:182} INFO - Started process (PID=57) to work on /home/airflow/.local/lib/python3.6/site-packages/airflow/example_dags/example_branch_python_dop_operator_3.py
[2022-06-21 07:11:08,838] {scheduler_job.py:633} INFO - Processing file /home/airflow/.local/lib/python3.6/site-packages/airflow/example_dags/example_branch_python_dop_operator_3.py for tasks to queue
[2022-06-21 07:11:08,840] {logging_mixin.py:104} INFO - [2022-06-21 07:11:08,840] {dagbag.py:487} INFO - Filling up the DagBag from /home/airflow/.local/lib/python3.6/site-packages/airflow/example_dags/example_branch_python_dop_operator_3.py
[2022-06-21 07:11:08,867] {scheduler_job.py:643} INFO - DAG(s) dict_keys(['example_branch_dop_operator_v3']) retrieved from /home/airflow/.local/lib/python3.6/site-packages/airflow/example_dags/example_branch_python_dop_operator_3.py
[2022-06-21 07:11:08,935] {logging_mixin.py:104} INFO - [2022-06-21 07:11:08,935] {dag.py:1832} INFO - Sync 1 DAGs
[2022-06-21 07:11:08,993] {logging_mixin.py:104} INFO - [2022-06-21 07:11:08,993] {dag.py:2305} INFO - Setting next_dagrun for example_branch_dop_operator_v3 to 2022-06-19 00:00:00+00:00
[2022-06-21 07:11:09,020] {scheduler_job.py:190} INFO - Processing /home/airflow/.local/lib/python3.6/site-packages/airflow/example_dags/example_branch_python_dop_operator_3.py took 0.189 seconds
[2022-06-21 07:11:45,270] {scheduler_job.py:182} INFO - Started process (PID=109) to work on /home/airflow/.local/lib/python3.6/site-packages/airflow/example_dags/example_branch_python_dop_operator_3.py
[2022-06-21 07:11:45,272] {scheduler_job.py:633} INFO - Processing file /home/airflow/.local/lib/python3.6/site-packages/airflow/example_dags/example_branch_python_dop_operator_3.py for tasks to queue
[2022-06-21 07:11:45,274] {logging_mixin.py:104} INFO - [2022-06-21 07:11:45,274] {dagbag.py:487} INFO - Filling up the DagBag from /home/airflow/.local/lib/python3.6/site-packages/airflow/example_dags/example_branch_python_dop_operator_3.py
[2022-06-21 07:11:45,297] {scheduler_job.py:643} INFO - DAG(s) dict_keys(['example_branch_dop_operator_v3']) retrieved from /home/airflow/.local/lib/python3.6/site-packages/airflow/example_dags/example_branch_python_dop_operator_3.py
[2022-06-21 07:11:45,325] {logging_mixin.py:104} INFO - [2022-06-21 07:11:45,325] {dag.py:1832} INFO - Sync 1 DAGs
[2022-06-21 07:11:45,361] {logging_mixin.py:104} INFO - [2022-06-21 07:11:45,361] {dag.py:2305} INFO - Setting next_dagrun for example_branch_dop_operator_v3 to 2022-06-19 00:00:00+00:00
[2022-06-21 07:11:45,378] {scheduler_job.py:190} INFO - Processing /home/airflow/.local/lib/python3.6/site-packages/airflow/example_dags/example_branch_python_dop_operator_3.py took 0.114 seconds
[2022-06-21 07:12:17,486] {scheduler_job.py:182} INFO - Started process (PID=156) to work on /home/airflow/.local/lib/python3.6/site-packages/airflow/example_dags/example_branch_python_dop_operator_3.py
[2022-06-21 07:12:17,489] {scheduler_job.py:633} INFO - Processing file /home/airflow/.local/lib/python3.6/site-packages/airflow/example_dags/example_branch_python_dop_operator_3.py for tasks to queue
[2022-06-21 07:12:17,490] {logging_mixin.py:104} INFO - [2022-06-21 07:12:17,490] {dagbag.py:487} INFO - Filling up the DagBag from /home/airflow/.local/lib/python3.6/site-packages/airflow/example_dags/example_branch_python_dop_operator_3.py
[2022-06-21 07:12:17,521] {scheduler_job.py:643} INFO - DAG(s) dict_keys(['example_branch_dop_operator_v3']) retrieved from /home/airflow/.local/lib/python3.6/site-packages/airflow/example_dags/example_branch_python_dop_operator_3.py
[2022-06-21 07:12:17,547] {logging_mixin.py:104} INFO - [2022-06-21 07:12:17,547] {dag.py:1832} INFO - Sync 1 DAGs
[2022-06-21 07:12:17,592] {logging_mixin.py:104} INFO - [2022-06-21 07:12:17,592] {dag.py:2305} INFO - Setting next_dagrun for example_branch_dop_operator_v3 to 2022-06-19 00:00:00+00:00
[2022-06-21 07:12:17,613] {scheduler_job.py:190} INFO - Processing /home/airflow/.local/lib/python3.6/site-packages/airflow/example_dags/example_branch_python_dop_operator_3.py took 0.131 seconds
[2022-06-21 07:12:57,355] {scheduler_job.py:182} INFO - Started process (PID=201) to work on /home/airflow/.local/lib/python3.6/site-packages/airflow/example_dags/example_branch_python_dop_operator_3.py
[2022-06-21 07:12:57,357] {scheduler_job.py:633} INFO - Processing file /home/airflow/.local/lib/python3.6/site-packages/airflow/example_dags/example_branch_python_dop_operator_3.py for tasks to queue
[2022-06-21 07:12:57,359] {logging_mixin.py:104} INFO - [2022-06-21 07:12:57,359] {dagbag.py:487} INFO - Filling up the DagBag from /home/airflow/.local/lib/python3.6/site-packages/airflow/example_dags/example_branch_python_dop_operator_3.py
[2022-06-21 07:12:57,393] {scheduler_job.py:643} INFO - DAG(s) dict_keys(['example_branch_dop_operator_v3']) retrieved from /home/airflow/.local/lib/python3.6/site-packages/airflow/example_dags/example_branch_python_dop_operator_3.py
[2022-06-21 07:12:57,417] {logging_mixin.py:104} INFO - [2022-06-21 07:12:57,417] {dag.py:1832} INFO - Sync 1 DAGs
[2022-06-21 07:12:57,448] {logging_mixin.py:104} INFO - [2022-06-21 07:12:57,447] {dag.py:2305} INFO - Setting next_dagrun for example_branch_dop_operator_v3 to 2022-06-19 00:00:00+00:00
[2022-06-21 07:12:57,460] {scheduler_job.py:190} INFO - Processing /home/airflow/.local/lib/python3.6/site-packages/airflow/example_dags/example_branch_python_dop_operator_3.py took 0.109 seconds
[2022-06-21 07:14:41,457] {scheduler_job.py:182} INFO - Started process (PID=253) to work on /home/airflow/.local/lib/python3.6/site-packages/airflow/example_dags/example_branch_python_dop_operator_3.py
[2022-06-21 07:14:41,459] {scheduler_job.py:633} INFO - Processing file /home/airflow/.local/lib/python3.6/site-packages/airflow/example_dags/example_branch_python_dop_operator_3.py for tasks to queue
[2022-06-21 07:14:41,460] {logging_mixin.py:104} INFO - [2022-06-21 07:14:41,460] {dagbag.py:487} INFO - Filling up the DagBag from /home/airflow/.local/lib/python3.6/site-packages/airflow/example_dags/example_branch_python_dop_operator_3.py
[2022-06-21 07:14:41,476] {scheduler_job.py:643} INFO - DAG(s) dict_keys(['example_branch_dop_operator_v3']) retrieved from /home/airflow/.local/lib/python3.6/site-packages/airflow/example_dags/example_branch_python_dop_operator_3.py
[2022-06-21 07:14:41,499] {logging_mixin.py:104} INFO - [2022-06-21 07:14:41,498] {dag.py:1832} INFO - Sync 1 DAGs
[2022-06-21 07:14:41,519] {logging_mixin.py:104} INFO - [2022-06-21 07:14:41,519] {dag.py:2305} INFO - Setting next_dagrun for example_branch_dop_operator_v3 to 2022-06-19 00:00:00+00:00
[2022-06-21 07:14:41,530] {scheduler_job.py:190} INFO - Processing /home/airflow/.local/lib/python3.6/site-packages/airflow/example_dags/example_branch_python_dop_operator_3.py took 0.076 seconds
[2022-06-21 07:15:33,288] {scheduler_job.py:182} INFO - Started process (PID=308) to work on /home/airflow/.local/lib/python3.6/site-packages/airflow/example_dags/example_branch_python_dop_operator_3.py
[2022-06-21 07:15:33,292] {scheduler_job.py:633} INFO - Processing file /home/airflow/.local/lib/python3.6/site-packages/airflow/example_dags/example_branch_python_dop_operator_3.py for tasks to queue
[2022-06-21 07:15:33,295] {logging_mixin.py:104} INFO - [2022-06-21 07:15:33,295] {dagbag.py:487} INFO - Filling up the DagBag from /home/airflow/.local/lib/python3.6/site-packages/airflow/example_dags/example_branch_python_dop_operator_3.py
[2022-06-21 07:15:33,321] {scheduler_job.py:643} INFO - DAG(s) dict_keys(['example_branch_dop_operator_v3']) retrieved from /home/airflow/.local/lib/python3.6/site-packages/airflow/example_dags/example_branch_python_dop_operator_3.py
[2022-06-21 07:15:33,356] {logging_mixin.py:104} INFO - [2022-06-21 07:15:33,356] {dag.py:1832} INFO - Sync 1 DAGs
[2022-06-21 07:15:33,386] {logging_mixin.py:104} INFO - [2022-06-21 07:15:33,386] {dag.py:2305} INFO - Setting next_dagrun for example_branch_dop_operator_v3 to 2022-06-19 00:00:00+00:00
[2022-06-21 07:15:33,401] {scheduler_job.py:190} INFO - Processing /home/airflow/.local/lib/python3.6/site-packages/airflow/example_dags/example_branch_python_dop_operator_3.py took 0.119 seconds
[2022-06-21 07:16:09,353] {scheduler_job.py:182} INFO - Started process (PID=358) to work on /home/airflow/.local/lib/python3.6/site-packages/airflow/example_dags/example_branch_python_dop_operator_3.py
[2022-06-21 07:16:09,368] {scheduler_job.py:633} INFO - Processing file /home/airflow/.local/lib/python3.6/site-packages/airflow/example_dags/example_branch_python_dop_operator_3.py for tasks to queue
[2022-06-21 07:16:09,370] {logging_mixin.py:104} INFO - [2022-06-21 07:16:09,370] {dagbag.py:487} INFO - Filling up the DagBag from /home/airflow/.local/lib/python3.6/site-packages/airflow/example_dags/example_branch_python_dop_operator_3.py
[2022-06-21 07:16:09,388] {scheduler_job.py:643} INFO - DAG(s) dict_keys(['example_branch_dop_operator_v3']) retrieved from /home/airflow/.local/lib/python3.6/site-packages/airflow/example_dags/example_branch_python_dop_operator_3.py
[2022-06-21 07:16:09,419] {logging_mixin.py:104} INFO - [2022-06-21 07:16:09,419] {dag.py:1832} INFO - Sync 1 DAGs
[2022-06-21 07:16:09,443] {logging_mixin.py:104} INFO - [2022-06-21 07:16:09,443] {dag.py:2305} INFO - Setting next_dagrun for example_branch_dop_operator_v3 to 2022-06-19 00:00:00+00:00
[2022-06-21 07:16:09,457] {scheduler_job.py:190} INFO - Processing /home/airflow/.local/lib/python3.6/site-packages/airflow/example_dags/example_branch_python_dop_operator_3.py took 0.109 seconds
[2022-06-21 07:16:48,382] {scheduler_job.py:182} INFO - Started process (PID=429) to work on /home/airflow/.local/lib/python3.6/site-packages/airflow/example_dags/example_branch_python_dop_operator_3.py
[2022-06-21 07:16:48,386] {scheduler_job.py:633} INFO - Processing file /home/airflow/.local/lib/python3.6/site-packages/airflow/example_dags/example_branch_python_dop_operator_3.py for tasks to queue
[2022-06-21 07:16:48,392] {logging_mixin.py:104} INFO - [2022-06-21 07:16:48,391] {dagbag.py:487} INFO - Filling up the DagBag from /home/airflow/.local/lib/python3.6/site-packages/airflow/example_dags/example_branch_python_dop_operator_3.py
[2022-06-21 07:16:48,416] {scheduler_job.py:643} INFO - DAG(s) dict_keys(['example_branch_dop_operator_v3']) retrieved from /home/airflow/.local/lib/python3.6/site-packages/airflow/example_dags/example_branch_python_dop_operator_3.py
[2022-06-21 07:16:48,458] {logging_mixin.py:104} INFO - [2022-06-21 07:16:48,458] {dag.py:1832} INFO - Sync 1 DAGs
[2022-06-21 07:16:48,491] {logging_mixin.py:104} INFO - [2022-06-21 07:16:48,491] {dag.py:2305} INFO - Setting next_dagrun for example_branch_dop_operator_v3 to 2022-06-19 00:00:00+00:00
[2022-06-21 07:16:48,508] {scheduler_job.py:190} INFO - Processing /home/airflow/.local/lib/python3.6/site-packages/airflow/example_dags/example_branch_python_dop_operator_3.py took 0.132 seconds
[2022-06-21 07:17:18,838] {scheduler_job.py:182} INFO - Started process (PID=489) to work on /home/airflow/.local/lib/python3.6/site-packages/airflow/example_dags/example_branch_python_dop_operator_3.py
[2022-06-21 07:17:18,840] {scheduler_job.py:633} INFO - Processing file /home/airflow/.local/lib/python3.6/site-packages/airflow/example_dags/example_branch_python_dop_operator_3.py for tasks to queue
[2022-06-21 07:17:18,841] {logging_mixin.py:104} INFO - [2022-06-21 07:17:18,841] {dagbag.py:487} INFO - Filling up the DagBag from /home/airflow/.local/lib/python3.6/site-packages/airflow/example_dags/example_branch_python_dop_operator_3.py
[2022-06-21 07:17:18,855] {scheduler_job.py:643} INFO - DAG(s) dict_keys(['example_branch_dop_operator_v3']) retrieved from /home/airflow/.local/lib/python3.6/site-packages/airflow/example_dags/example_branch_python_dop_operator_3.py
[2022-06-21 07:17:18,876] {logging_mixin.py:104} INFO - [2022-06-21 07:17:18,876] {dag.py:1832} INFO - Sync 1 DAGs
[2022-06-21 07:17:18,895] {logging_mixin.py:104} INFO - [2022-06-21 07:17:18,895] {dag.py:2305} INFO - Setting next_dagrun for example_branch_dop_operator_v3 to 2022-06-19 00:00:00+00:00
[2022-06-21 07:17:18,905] {scheduler_job.py:190} INFO - Processing /home/airflow/.local/lib/python3.6/site-packages/airflow/example_dags/example_branch_python_dop_operator_3.py took 0.071 seconds
[2022-06-21 07:20:38,519] {scheduler_job.py:182} INFO - Started process (PID=62) to work on /home/airflow/.local/lib/python3.6/site-packages/airflow/example_dags/example_branch_python_dop_operator_3.py
[2022-06-21 07:20:38,522] {scheduler_job.py:633} INFO - Processing file /home/airflow/.local/lib/python3.6/site-packages/airflow/example_dags/example_branch_python_dop_operator_3.py for tasks to queue
[2022-06-21 07:20:38,524] {logging_mixin.py:104} INFO - [2022-06-21 07:20:38,523] {dagbag.py:487} INFO - Filling up the DagBag from /home/airflow/.local/lib/python3.6/site-packages/airflow/example_dags/example_branch_python_dop_operator_3.py
[2022-06-21 07:20:38,552] {scheduler_job.py:643} INFO - DAG(s) dict_keys(['example_branch_dop_operator_v3']) retrieved from /home/airflow/.local/lib/python3.6/site-packages/airflow/example_dags/example_branch_python_dop_operator_3.py
[2022-06-21 07:20:38,648] {logging_mixin.py:104} INFO - [2022-06-21 07:20:38,648] {dag.py:1832} INFO - Sync 1 DAGs
[2022-06-21 07:20:38,764] {logging_mixin.py:104} INFO - [2022-06-21 07:20:38,764] {dag.py:2305} INFO - Setting next_dagrun for example_branch_dop_operator_v3 to 2022-06-19 00:00:00+00:00
[2022-06-21 07:20:38,797] {scheduler_job.py:190} INFO - Processing /home/airflow/.local/lib/python3.6/site-packages/airflow/example_dags/example_branch_python_dop_operator_3.py took 0.282 seconds
[2022-06-21 07:21:09,637] {scheduler_job.py:182} INFO - Started process (PID=102) to work on /home/airflow/.local/lib/python3.6/site-packages/airflow/example_dags/example_branch_python_dop_operator_3.py
[2022-06-21 07:21:09,642] {scheduler_job.py:633} INFO - Processing file /home/airflow/.local/lib/python3.6/site-packages/airflow/example_dags/example_branch_python_dop_operator_3.py for tasks to queue
[2022-06-21 07:21:09,645] {logging_mixin.py:104} INFO - [2022-06-21 07:21:09,645] {dagbag.py:487} INFO - Filling up the DagBag from /home/airflow/.local/lib/python3.6/site-packages/airflow/example_dags/example_branch_python_dop_operator_3.py
[2022-06-21 07:21:09,677] {scheduler_job.py:643} INFO - DAG(s) dict_keys(['example_branch_dop_operator_v3']) retrieved from /home/airflow/.local/lib/python3.6/site-packages/airflow/example_dags/example_branch_python_dop_operator_3.py
[2022-06-21 07:21:09,714] {logging_mixin.py:104} INFO - [2022-06-21 07:21:09,714] {dag.py:1832} INFO - Sync 1 DAGs
[2022-06-21 07:21:09,762] {logging_mixin.py:104} INFO - [2022-06-21 07:21:09,761] {dag.py:2305} INFO - Setting next_dagrun for example_branch_dop_operator_v3 to 2022-06-19 00:00:00+00:00
[2022-06-21 07:21:09,778] {scheduler_job.py:190} INFO - Processing /home/airflow/.local/lib/python3.6/site-packages/airflow/example_dags/example_branch_python_dop_operator_3.py took 0.145 seconds
[2022-06-21 07:21:45,744] {scheduler_job.py:182} INFO - Started process (PID=166) to work on /home/airflow/.local/lib/python3.6/site-packages/airflow/example_dags/example_branch_python_dop_operator_3.py
[2022-06-21 07:21:45,749] {scheduler_job.py:633} INFO - Processing file /home/airflow/.local/lib/python3.6/site-packages/airflow/example_dags/example_branch_python_dop_operator_3.py for tasks to queue
[2022-06-21 07:21:45,752] {logging_mixin.py:104} INFO - [2022-06-21 07:21:45,752] {dagbag.py:487} INFO - Filling up the DagBag from /home/airflow/.local/lib/python3.6/site-packages/airflow/example_dags/example_branch_python_dop_operator_3.py
[2022-06-21 07:21:45,802] {scheduler_job.py:643} INFO - DAG(s) dict_keys(['example_branch_dop_operator_v3']) retrieved from /home/airflow/.local/lib/python3.6/site-packages/airflow/example_dags/example_branch_python_dop_operator_3.py
[2022-06-21 07:21:45,897] {logging_mixin.py:104} INFO - [2022-06-21 07:21:45,891] {dag.py:1832} INFO - Sync 1 DAGs
[2022-06-21 07:21:46,112] {logging_mixin.py:104} INFO - [2022-06-21 07:21:46,111] {dag.py:2305} INFO - Setting next_dagrun for example_branch_dop_operator_v3 to 2022-06-19 00:00:00+00:00
[2022-06-21 07:21:47,185] {scheduler_job.py:190} INFO - Processing /home/airflow/.local/lib/python3.6/site-packages/airflow/example_dags/example_branch_python_dop_operator_3.py took 1.445 seconds
[2022-06-21 07:22:23,822] {scheduler_job.py:182} INFO - Started process (PID=228) to work on /home/airflow/.local/lib/python3.6/site-packages/airflow/example_dags/example_branch_python_dop_operator_3.py
[2022-06-21 07:22:23,828] {scheduler_job.py:633} INFO - Processing file /home/airflow/.local/lib/python3.6/site-packages/airflow/example_dags/example_branch_python_dop_operator_3.py for tasks to queue
[2022-06-21 07:22:23,832] {logging_mixin.py:104} INFO - [2022-06-21 07:22:23,831] {dagbag.py:487} INFO - Filling up the DagBag from /home/airflow/.local/lib/python3.6/site-packages/airflow/example_dags/example_branch_python_dop_operator_3.py
[2022-06-21 07:22:23,885] {scheduler_job.py:643} INFO - DAG(s) dict_keys(['example_branch_dop_operator_v3']) retrieved from /home/airflow/.local/lib/python3.6/site-packages/airflow/example_dags/example_branch_python_dop_operator_3.py
[2022-06-21 07:22:23,939] {logging_mixin.py:104} INFO - [2022-06-21 07:22:23,939] {dag.py:1832} INFO - Sync 1 DAGs
[2022-06-21 07:22:24,000] {logging_mixin.py:104} INFO - [2022-06-21 07:22:24,000] {dag.py:2305} INFO - Setting next_dagrun for example_branch_dop_operator_v3 to 2022-06-19 00:00:00+00:00
[2022-06-21 07:22:24,014] {scheduler_job.py:190} INFO - Processing /home/airflow/.local/lib/python3.6/site-packages/airflow/example_dags/example_branch_python_dop_operator_3.py took 0.199 seconds
[2022-06-21 07:23:05,232] {scheduler_job.py:182} INFO - Started process (PID=279) to work on /home/airflow/.local/lib/python3.6/site-packages/airflow/example_dags/example_branch_python_dop_operator_3.py
[2022-06-21 07:23:05,237] {scheduler_job.py:633} INFO - Processing file /home/airflow/.local/lib/python3.6/site-packages/airflow/example_dags/example_branch_python_dop_operator_3.py for tasks to queue
[2022-06-21 07:23:05,239] {logging_mixin.py:104} INFO - [2022-06-21 07:23:05,239] {dagbag.py:487} INFO - Filling up the DagBag from /home/airflow/.local/lib/python3.6/site-packages/airflow/example_dags/example_branch_python_dop_operator_3.py
[2022-06-21 07:23:05,289] {scheduler_job.py:643} INFO - DAG(s) dict_keys(['example_branch_dop_operator_v3']) retrieved from /home/airflow/.local/lib/python3.6/site-packages/airflow/example_dags/example_branch_python_dop_operator_3.py
[2022-06-21 07:23:05,335] {logging_mixin.py:104} INFO - [2022-06-21 07:23:05,335] {dag.py:1832} INFO - Sync 1 DAGs
[2022-06-21 07:23:05,369] {logging_mixin.py:104} INFO - [2022-06-21 07:23:05,369] {dag.py:2305} INFO - Setting next_dagrun for example_branch_dop_operator_v3 to 2022-06-19 00:00:00+00:00
[2022-06-21 07:23:05,379] {scheduler_job.py:190} INFO - Processing /home/airflow/.local/lib/python3.6/site-packages/airflow/example_dags/example_branch_python_dop_operator_3.py took 0.151 seconds
[2022-06-21 07:23:36,216] {scheduler_job.py:182} INFO - Started process (PID=340) to work on /home/airflow/.local/lib/python3.6/site-packages/airflow/example_dags/example_branch_python_dop_operator_3.py
[2022-06-21 07:23:36,218] {scheduler_job.py:633} INFO - Processing file /home/airflow/.local/lib/python3.6/site-packages/airflow/example_dags/example_branch_python_dop_operator_3.py for tasks to queue
[2022-06-21 07:23:36,219] {logging_mixin.py:104} INFO - [2022-06-21 07:23:36,219] {dagbag.py:487} INFO - Filling up the DagBag from /home/airflow/.local/lib/python3.6/site-packages/airflow/example_dags/example_branch_python_dop_operator_3.py
[2022-06-21 07:23:36,240] {scheduler_job.py:643} INFO - DAG(s) dict_keys(['example_branch_dop_operator_v3']) retrieved from /home/airflow/.local/lib/python3.6/site-packages/airflow/example_dags/example_branch_python_dop_operator_3.py
[2022-06-21 07:23:36,266] {logging_mixin.py:104} INFO - [2022-06-21 07:23:36,266] {dag.py:1832} INFO - Sync 1 DAGs
[2022-06-21 07:23:36,301] {logging_mixin.py:104} INFO - [2022-06-21 07:23:36,301] {dag.py:2305} INFO - Setting next_dagrun for example_branch_dop_operator_v3 to 2022-06-19 00:00:00+00:00
[2022-06-21 07:23:36,314] {scheduler_job.py:190} INFO - Processing /home/airflow/.local/lib/python3.6/site-packages/airflow/example_dags/example_branch_python_dop_operator_3.py took 0.102 seconds
[2022-06-21 07:24:06,397] {scheduler_job.py:182} INFO - Started process (PID=403) to work on /home/airflow/.local/lib/python3.6/site-packages/airflow/example_dags/example_branch_python_dop_operator_3.py
[2022-06-21 07:24:06,399] {scheduler_job.py:633} INFO - Processing file /home/airflow/.local/lib/python3.6/site-packages/airflow/example_dags/example_branch_python_dop_operator_3.py for tasks to queue
[2022-06-21 07:24:06,400] {logging_mixin.py:104} INFO - [2022-06-21 07:24:06,400] {dagbag.py:487} INFO - Filling up the DagBag from /home/airflow/.local/lib/python3.6/site-packages/airflow/example_dags/example_branch_python_dop_operator_3.py
[2022-06-21 07:24:06,422] {scheduler_job.py:643} INFO - DAG(s) dict_keys(['example_branch_dop_operator_v3']) retrieved from /home/airflow/.local/lib/python3.6/site-packages/airflow/example_dags/example_branch_python_dop_operator_3.py
[2022-06-21 07:24:06,452] {logging_mixin.py:104} INFO - [2022-06-21 07:24:06,452] {dag.py:1832} INFO - Sync 1 DAGs
[2022-06-21 07:24:06,481] {logging_mixin.py:104} INFO - [2022-06-21 07:24:06,481] {dag.py:2305} INFO - Setting next_dagrun for example_branch_dop_operator_v3 to 2022-06-19 00:00:00+00:00
[2022-06-21 07:24:06,496] {scheduler_job.py:190} INFO - Processing /home/airflow/.local/lib/python3.6/site-packages/airflow/example_dags/example_branch_python_dop_operator_3.py took 0.104 seconds
[2022-06-21 07:24:46,306] {scheduler_job.py:182} INFO - Started process (PID=65) to work on /home/airflow/.local/lib/python3.6/site-packages/airflow/example_dags/example_branch_python_dop_operator_3.py
[2022-06-21 07:24:46,313] {scheduler_job.py:633} INFO - Processing file /home/airflow/.local/lib/python3.6/site-packages/airflow/example_dags/example_branch_python_dop_operator_3.py for tasks to queue
[2022-06-21 07:24:46,318] {logging_mixin.py:104} INFO - [2022-06-21 07:24:46,318] {dagbag.py:487} INFO - Filling up the DagBag from /home/airflow/.local/lib/python3.6/site-packages/airflow/example_dags/example_branch_python_dop_operator_3.py
[2022-06-21 07:24:46,345] {scheduler_job.py:643} INFO - DAG(s) dict_keys(['example_branch_dop_operator_v3']) retrieved from /home/airflow/.local/lib/python3.6/site-packages/airflow/example_dags/example_branch_python_dop_operator_3.py
[2022-06-21 07:24:46,386] {logging_mixin.py:104} INFO - [2022-06-21 07:24:46,385] {dag.py:1832} INFO - Sync 1 DAGs
[2022-06-21 07:24:46,422] {logging_mixin.py:104} INFO - [2022-06-21 07:24:46,422] {dag.py:2305} INFO - Setting next_dagrun for example_branch_dop_operator_v3 to 2022-06-19 00:00:00+00:00
[2022-06-21 07:24:46,440] {scheduler_job.py:190} INFO - Processing /home/airflow/.local/lib/python3.6/site-packages/airflow/example_dags/example_branch_python_dop_operator_3.py took 0.138 seconds
[2022-06-21 07:25:18,889] {scheduler_job.py:182} INFO - Started process (PID=114) to work on /home/airflow/.local/lib/python3.6/site-packages/airflow/example_dags/example_branch_python_dop_operator_3.py
[2022-06-21 07:25:18,915] {scheduler_job.py:633} INFO - Processing file /home/airflow/.local/lib/python3.6/site-packages/airflow/example_dags/example_branch_python_dop_operator_3.py for tasks to queue
[2022-06-21 07:25:18,918] {logging_mixin.py:104} INFO - [2022-06-21 07:25:18,918] {dagbag.py:487} INFO - Filling up the DagBag from /home/airflow/.local/lib/python3.6/site-packages/airflow/example_dags/example_branch_python_dop_operator_3.py
[2022-06-21 07:25:18,967] {scheduler_job.py:643} INFO - DAG(s) dict_keys(['example_branch_dop_operator_v3']) retrieved from /home/airflow/.local/lib/python3.6/site-packages/airflow/example_dags/example_branch_python_dop_operator_3.py
[2022-06-21 07:25:19,039] {logging_mixin.py:104} INFO - [2022-06-21 07:25:19,039] {dag.py:1832} INFO - Sync 1 DAGs
[2022-06-21 07:25:19,079] {logging_mixin.py:104} INFO - [2022-06-21 07:25:19,079] {dag.py:2305} INFO - Setting next_dagrun for example_branch_dop_operator_v3 to 2022-06-19 00:00:00+00:00
[2022-06-21 07:25:19,112] {scheduler_job.py:190} INFO - Processing /home/airflow/.local/lib/python3.6/site-packages/airflow/example_dags/example_branch_python_dop_operator_3.py took 0.230 seconds
[2022-06-21 07:25:50,105] {scheduler_job.py:182} INFO - Started process (PID=174) to work on /home/airflow/.local/lib/python3.6/site-packages/airflow/example_dags/example_branch_python_dop_operator_3.py
[2022-06-21 07:25:50,109] {scheduler_job.py:633} INFO - Processing file /home/airflow/.local/lib/python3.6/site-packages/airflow/example_dags/example_branch_python_dop_operator_3.py for tasks to queue
[2022-06-21 07:25:50,111] {logging_mixin.py:104} INFO - [2022-06-21 07:25:50,111] {dagbag.py:487} INFO - Filling up the DagBag from /home/airflow/.local/lib/python3.6/site-packages/airflow/example_dags/example_branch_python_dop_operator_3.py
[2022-06-21 07:25:50,142] {scheduler_job.py:643} INFO - DAG(s) dict_keys(['example_branch_dop_operator_v3']) retrieved from /home/airflow/.local/lib/python3.6/site-packages/airflow/example_dags/example_branch_python_dop_operator_3.py
[2022-06-21 07:25:50,189] {logging_mixin.py:104} INFO - [2022-06-21 07:25:50,188] {dag.py:1832} INFO - Sync 1 DAGs
[2022-06-21 07:25:50,229] {logging_mixin.py:104} INFO - [2022-06-21 07:25:50,228] {dag.py:2305} INFO - Setting next_dagrun for example_branch_dop_operator_v3 to 2022-06-19 00:00:00+00:00
[2022-06-21 07:25:50,255] {scheduler_job.py:190} INFO - Processing /home/airflow/.local/lib/python3.6/site-packages/airflow/example_dags/example_branch_python_dop_operator_3.py took 0.155 seconds
[2022-06-21 07:26:58,591] {scheduler_job.py:182} INFO - Started process (PID=229) to work on /home/airflow/.local/lib/python3.6/site-packages/airflow/example_dags/example_branch_python_dop_operator_3.py
[2022-06-21 07:26:58,597] {scheduler_job.py:633} INFO - Processing file /home/airflow/.local/lib/python3.6/site-packages/airflow/example_dags/example_branch_python_dop_operator_3.py for tasks to queue
[2022-06-21 07:26:58,603] {logging_mixin.py:104} INFO - [2022-06-21 07:26:58,603] {dagbag.py:487} INFO - Filling up the DagBag from /home/airflow/.local/lib/python3.6/site-packages/airflow/example_dags/example_branch_python_dop_operator_3.py
[2022-06-21 07:26:58,659] {scheduler_job.py:643} INFO - DAG(s) dict_keys(['example_branch_dop_operator_v3']) retrieved from /home/airflow/.local/lib/python3.6/site-packages/airflow/example_dags/example_branch_python_dop_operator_3.py
[2022-06-21 07:26:58,713] {logging_mixin.py:104} INFO - [2022-06-21 07:26:58,713] {dag.py:1832} INFO - Sync 1 DAGs
[2022-06-21 07:26:58,750] {logging_mixin.py:104} INFO - [2022-06-21 07:26:58,750] {dag.py:2305} INFO - Setting next_dagrun for example_branch_dop_operator_v3 to 2022-06-19 00:00:00+00:00
[2022-06-21 07:26:58,767] {scheduler_job.py:190} INFO - Processing /home/airflow/.local/lib/python3.6/site-packages/airflow/example_dags/example_branch_python_dop_operator_3.py took 0.187 seconds
[2022-06-21 07:27:29,700] {scheduler_job.py:182} INFO - Started process (PID=284) to work on /home/airflow/.local/lib/python3.6/site-packages/airflow/example_dags/example_branch_python_dop_operator_3.py
[2022-06-21 07:27:29,702] {scheduler_job.py:633} INFO - Processing file /home/airflow/.local/lib/python3.6/site-packages/airflow/example_dags/example_branch_python_dop_operator_3.py for tasks to queue
[2022-06-21 07:27:29,704] {logging_mixin.py:104} INFO - [2022-06-21 07:27:29,703] {dagbag.py:487} INFO - Filling up the DagBag from /home/airflow/.local/lib/python3.6/site-packages/airflow/example_dags/example_branch_python_dop_operator_3.py
[2022-06-21 07:27:29,731] {scheduler_job.py:643} INFO - DAG(s) dict_keys(['example_branch_dop_operator_v3']) retrieved from /home/airflow/.local/lib/python3.6/site-packages/airflow/example_dags/example_branch_python_dop_operator_3.py
[2022-06-21 07:27:29,758] {logging_mixin.py:104} INFO - [2022-06-21 07:27:29,758] {dag.py:1832} INFO - Sync 1 DAGs
[2022-06-21 07:27:29,787] {logging_mixin.py:104} INFO - [2022-06-21 07:27:29,787] {dag.py:2305} INFO - Setting next_dagrun for example_branch_dop_operator_v3 to 2022-06-19 00:00:00+00:00
[2022-06-21 07:27:29,801] {scheduler_job.py:190} INFO - Processing /home/airflow/.local/lib/python3.6/site-packages/airflow/example_dags/example_branch_python_dop_operator_3.py took 0.106 seconds
[2022-06-21 07:28:04,795] {scheduler_job.py:182} INFO - Started process (PID=331) to work on /home/airflow/.local/lib/python3.6/site-packages/airflow/example_dags/example_branch_python_dop_operator_3.py
[2022-06-21 07:28:04,799] {scheduler_job.py:633} INFO - Processing file /home/airflow/.local/lib/python3.6/site-packages/airflow/example_dags/example_branch_python_dop_operator_3.py for tasks to queue
[2022-06-21 07:28:04,802] {logging_mixin.py:104} INFO - [2022-06-21 07:28:04,801] {dagbag.py:487} INFO - Filling up the DagBag from /home/airflow/.local/lib/python3.6/site-packages/airflow/example_dags/example_branch_python_dop_operator_3.py
[2022-06-21 07:28:04,834] {scheduler_job.py:643} INFO - DAG(s) dict_keys(['example_branch_dop_operator_v3']) retrieved from /home/airflow/.local/lib/python3.6/site-packages/airflow/example_dags/example_branch_python_dop_operator_3.py
[2022-06-21 07:28:04,892] {logging_mixin.py:104} INFO - [2022-06-21 07:28:04,892] {dag.py:1832} INFO - Sync 1 DAGs
[2022-06-21 07:28:04,933] {logging_mixin.py:104} INFO - [2022-06-21 07:28:04,933] {dag.py:2305} INFO - Setting next_dagrun for example_branch_dop_operator_v3 to 2022-06-19 00:00:00+00:00
[2022-06-21 07:28:04,959] {scheduler_job.py:190} INFO - Processing /home/airflow/.local/lib/python3.6/site-packages/airflow/example_dags/example_branch_python_dop_operator_3.py took 0.172 seconds
[2022-06-21 07:28:35,089] {scheduler_job.py:182} INFO - Started process (PID=390) to work on /home/airflow/.local/lib/python3.6/site-packages/airflow/example_dags/example_branch_python_dop_operator_3.py
[2022-06-21 07:28:35,091] {scheduler_job.py:633} INFO - Processing file /home/airflow/.local/lib/python3.6/site-packages/airflow/example_dags/example_branch_python_dop_operator_3.py for tasks to queue
[2022-06-21 07:28:35,093] {logging_mixin.py:104} INFO - [2022-06-21 07:28:35,093] {dagbag.py:487} INFO - Filling up the DagBag from /home/airflow/.local/lib/python3.6/site-packages/airflow/example_dags/example_branch_python_dop_operator_3.py
[2022-06-21 07:28:35,124] {scheduler_job.py:643} INFO - DAG(s) dict_keys(['example_branch_dop_operator_v3']) retrieved from /home/airflow/.local/lib/python3.6/site-packages/airflow/example_dags/example_branch_python_dop_operator_3.py
[2022-06-21 07:28:35,151] {logging_mixin.py:104} INFO - [2022-06-21 07:28:35,151] {dag.py:1832} INFO - Sync 1 DAGs
[2022-06-21 07:28:35,183] {logging_mixin.py:104} INFO - [2022-06-21 07:28:35,182] {dag.py:2305} INFO - Setting next_dagrun for example_branch_dop_operator_v3 to 2022-06-19 00:00:00+00:00
[2022-06-21 07:28:35,206] {scheduler_job.py:190} INFO - Processing /home/airflow/.local/lib/python3.6/site-packages/airflow/example_dags/example_branch_python_dop_operator_3.py took 0.121 seconds
[2022-06-21 07:29:27,856] {scheduler_job.py:182} INFO - Started process (PID=47) to work on /home/airflow/.local/lib/python3.6/site-packages/airflow/example_dags/example_branch_python_dop_operator_3.py
[2022-06-21 07:29:27,858] {scheduler_job.py:633} INFO - Processing file /home/airflow/.local/lib/python3.6/site-packages/airflow/example_dags/example_branch_python_dop_operator_3.py for tasks to queue
[2022-06-21 07:29:27,859] {logging_mixin.py:104} INFO - [2022-06-21 07:29:27,859] {dagbag.py:487} INFO - Filling up the DagBag from /home/airflow/.local/lib/python3.6/site-packages/airflow/example_dags/example_branch_python_dop_operator_3.py
[2022-06-21 07:29:27,876] {scheduler_job.py:643} INFO - DAG(s) dict_keys(['example_branch_dop_operator_v3']) retrieved from /home/airflow/.local/lib/python3.6/site-packages/airflow/example_dags/example_branch_python_dop_operator_3.py
[2022-06-21 07:29:27,901] {logging_mixin.py:104} INFO - [2022-06-21 07:29:27,901] {dag.py:1832} INFO - Sync 1 DAGs
[2022-06-21 07:29:27,932] {logging_mixin.py:104} INFO - [2022-06-21 07:29:27,932] {dag.py:2305} INFO - Setting next_dagrun for example_branch_dop_operator_v3 to 2022-06-19 00:00:00+00:00
[2022-06-21 07:29:27,944] {scheduler_job.py:190} INFO - Processing /home/airflow/.local/lib/python3.6/site-packages/airflow/example_dags/example_branch_python_dop_operator_3.py took 0.092 seconds
[2022-06-21 07:29:58,002] {scheduler_job.py:182} INFO - Started process (PID=121) to work on /home/airflow/.local/lib/python3.6/site-packages/airflow/example_dags/example_branch_python_dop_operator_3.py
[2022-06-21 07:29:58,005] {scheduler_job.py:633} INFO - Processing file /home/airflow/.local/lib/python3.6/site-packages/airflow/example_dags/example_branch_python_dop_operator_3.py for tasks to queue
[2022-06-21 07:29:58,006] {logging_mixin.py:104} INFO - [2022-06-21 07:29:58,006] {dagbag.py:487} INFO - Filling up the DagBag from /home/airflow/.local/lib/python3.6/site-packages/airflow/example_dags/example_branch_python_dop_operator_3.py
[2022-06-21 07:29:58,024] {scheduler_job.py:643} INFO - DAG(s) dict_keys(['example_branch_dop_operator_v3']) retrieved from /home/airflow/.local/lib/python3.6/site-packages/airflow/example_dags/example_branch_python_dop_operator_3.py
[2022-06-21 07:29:58,053] {logging_mixin.py:104} INFO - [2022-06-21 07:29:58,053] {dag.py:1832} INFO - Sync 1 DAGs
[2022-06-21 07:29:58,082] {logging_mixin.py:104} INFO - [2022-06-21 07:29:58,082] {dag.py:2305} INFO - Setting next_dagrun for example_branch_dop_operator_v3 to 2022-06-19 00:00:00+00:00
[2022-06-21 07:29:58,092] {scheduler_job.py:190} INFO - Processing /home/airflow/.local/lib/python3.6/site-packages/airflow/example_dags/example_branch_python_dop_operator_3.py took 0.093 seconds
[2022-06-21 07:30:28,241] {scheduler_job.py:182} INFO - Started process (PID=183) to work on /home/airflow/.local/lib/python3.6/site-packages/airflow/example_dags/example_branch_python_dop_operator_3.py
[2022-06-21 07:30:28,243] {scheduler_job.py:633} INFO - Processing file /home/airflow/.local/lib/python3.6/site-packages/airflow/example_dags/example_branch_python_dop_operator_3.py for tasks to queue
[2022-06-21 07:30:28,244] {logging_mixin.py:104} INFO - [2022-06-21 07:30:28,244] {dagbag.py:487} INFO - Filling up the DagBag from /home/airflow/.local/lib/python3.6/site-packages/airflow/example_dags/example_branch_python_dop_operator_3.py
[2022-06-21 07:30:28,257] {scheduler_job.py:643} INFO - DAG(s) dict_keys(['example_branch_dop_operator_v3']) retrieved from /home/airflow/.local/lib/python3.6/site-packages/airflow/example_dags/example_branch_python_dop_operator_3.py
[2022-06-21 07:30:28,279] {logging_mixin.py:104} INFO - [2022-06-21 07:30:28,279] {dag.py:1832} INFO - Sync 1 DAGs
[2022-06-21 07:30:28,302] {logging_mixin.py:104} INFO - [2022-06-21 07:30:28,302] {dag.py:2305} INFO - Setting next_dagrun for example_branch_dop_operator_v3 to 2022-06-19 00:00:00+00:00
[2022-06-21 07:30:28,311] {scheduler_job.py:190} INFO - Processing /home/airflow/.local/lib/python3.6/site-packages/airflow/example_dags/example_branch_python_dop_operator_3.py took 0.074 seconds
[2022-06-21 07:31:33,395] {scheduler_job.py:182} INFO - Started process (PID=63) to work on /home/airflow/.local/lib/python3.6/site-packages/airflow/example_dags/example_branch_python_dop_operator_3.py
[2022-06-21 07:31:33,397] {scheduler_job.py:633} INFO - Processing file /home/airflow/.local/lib/python3.6/site-packages/airflow/example_dags/example_branch_python_dop_operator_3.py for tasks to queue
[2022-06-21 07:31:33,400] {logging_mixin.py:104} INFO - [2022-06-21 07:31:33,399] {dagbag.py:487} INFO - Filling up the DagBag from /home/airflow/.local/lib/python3.6/site-packages/airflow/example_dags/example_branch_python_dop_operator_3.py
[2022-06-21 07:31:33,436] {scheduler_job.py:643} INFO - DAG(s) dict_keys(['example_branch_dop_operator_v3']) retrieved from /home/airflow/.local/lib/python3.6/site-packages/airflow/example_dags/example_branch_python_dop_operator_3.py
[2022-06-21 07:31:33,482] {logging_mixin.py:104} INFO - [2022-06-21 07:31:33,482] {dag.py:1832} INFO - Sync 1 DAGs
[2022-06-21 07:31:33,538] {logging_mixin.py:104} INFO - [2022-06-21 07:31:33,538] {dag.py:2305} INFO - Setting next_dagrun for example_branch_dop_operator_v3 to 2022-06-19 00:00:00+00:00
[2022-06-21 07:31:33,564] {scheduler_job.py:190} INFO - Processing /home/airflow/.local/lib/python3.6/site-packages/airflow/example_dags/example_branch_python_dop_operator_3.py took 0.173 seconds
[2022-06-21 07:32:04,220] {scheduler_job.py:182} INFO - Started process (PID=125) to work on /home/airflow/.local/lib/python3.6/site-packages/airflow/example_dags/example_branch_python_dop_operator_3.py
[2022-06-21 07:32:04,222] {scheduler_job.py:633} INFO - Processing file /home/airflow/.local/lib/python3.6/site-packages/airflow/example_dags/example_branch_python_dop_operator_3.py for tasks to queue
[2022-06-21 07:32:04,223] {logging_mixin.py:104} INFO - [2022-06-21 07:32:04,223] {dagbag.py:487} INFO - Filling up the DagBag from /home/airflow/.local/lib/python3.6/site-packages/airflow/example_dags/example_branch_python_dop_operator_3.py
[2022-06-21 07:32:04,240] {scheduler_job.py:643} INFO - DAG(s) dict_keys(['example_branch_dop_operator_v3']) retrieved from /home/airflow/.local/lib/python3.6/site-packages/airflow/example_dags/example_branch_python_dop_operator_3.py
[2022-06-21 07:32:04,259] {logging_mixin.py:104} INFO - [2022-06-21 07:32:04,259] {dag.py:1832} INFO - Sync 1 DAGs
[2022-06-21 07:32:04,281] {logging_mixin.py:104} INFO - [2022-06-21 07:32:04,281] {dag.py:2305} INFO - Setting next_dagrun for example_branch_dop_operator_v3 to 2022-06-19 00:00:00+00:00
[2022-06-21 07:32:04,291] {scheduler_job.py:190} INFO - Processing /home/airflow/.local/lib/python3.6/site-packages/airflow/example_dags/example_branch_python_dop_operator_3.py took 0.074 seconds
[2022-06-21 07:32:35,456] {scheduler_job.py:182} INFO - Started process (PID=206) to work on /home/airflow/.local/lib/python3.6/site-packages/airflow/example_dags/example_branch_python_dop_operator_3.py
[2022-06-21 07:32:35,459] {scheduler_job.py:633} INFO - Processing file /home/airflow/.local/lib/python3.6/site-packages/airflow/example_dags/example_branch_python_dop_operator_3.py for tasks to queue
[2022-06-21 07:32:35,461] {logging_mixin.py:104} INFO - [2022-06-21 07:32:35,460] {dagbag.py:487} INFO - Filling up the DagBag from /home/airflow/.local/lib/python3.6/site-packages/airflow/example_dags/example_branch_python_dop_operator_3.py
[2022-06-21 07:32:35,488] {scheduler_job.py:643} INFO - DAG(s) dict_keys(['example_branch_dop_operator_v3']) retrieved from /home/airflow/.local/lib/python3.6/site-packages/airflow/example_dags/example_branch_python_dop_operator_3.py
[2022-06-21 07:32:35,518] {logging_mixin.py:104} INFO - [2022-06-21 07:32:35,518] {dag.py:1832} INFO - Sync 1 DAGs
[2022-06-21 07:32:35,552] {logging_mixin.py:104} INFO - [2022-06-21 07:32:35,552] {dag.py:2305} INFO - Setting next_dagrun for example_branch_dop_operator_v3 to 2022-06-19 00:00:00+00:00
[2022-06-21 07:32:35,564] {scheduler_job.py:190} INFO - Processing /home/airflow/.local/lib/python3.6/site-packages/airflow/example_dags/example_branch_python_dop_operator_3.py took 0.113 seconds
[2022-06-21 07:33:06,578] {scheduler_job.py:182} INFO - Started process (PID=276) to work on /home/airflow/.local/lib/python3.6/site-packages/airflow/example_dags/example_branch_python_dop_operator_3.py
[2022-06-21 07:33:06,580] {scheduler_job.py:633} INFO - Processing file /home/airflow/.local/lib/python3.6/site-packages/airflow/example_dags/example_branch_python_dop_operator_3.py for tasks to queue
[2022-06-21 07:33:06,582] {logging_mixin.py:104} INFO - [2022-06-21 07:33:06,582] {dagbag.py:487} INFO - Filling up the DagBag from /home/airflow/.local/lib/python3.6/site-packages/airflow/example_dags/example_branch_python_dop_operator_3.py
[2022-06-21 07:33:06,603] {scheduler_job.py:643} INFO - DAG(s) dict_keys(['example_branch_dop_operator_v3']) retrieved from /home/airflow/.local/lib/python3.6/site-packages/airflow/example_dags/example_branch_python_dop_operator_3.py
[2022-06-21 07:33:06,641] {logging_mixin.py:104} INFO - [2022-06-21 07:33:06,640] {dag.py:1832} INFO - Sync 1 DAGs
[2022-06-21 07:33:06,674] {logging_mixin.py:104} INFO - [2022-06-21 07:33:06,674] {dag.py:2305} INFO - Setting next_dagrun for example_branch_dop_operator_v3 to 2022-06-19 00:00:00+00:00
[2022-06-21 07:33:06,688] {scheduler_job.py:190} INFO - Processing /home/airflow/.local/lib/python3.6/site-packages/airflow/example_dags/example_branch_python_dop_operator_3.py took 0.112 seconds
[2022-06-21 07:33:36,778] {scheduler_job.py:182} INFO - Started process (PID=352) to work on /home/airflow/.local/lib/python3.6/site-packages/airflow/example_dags/example_branch_python_dop_operator_3.py
[2022-06-21 07:33:36,781] {scheduler_job.py:633} INFO - Processing file /home/airflow/.local/lib/python3.6/site-packages/airflow/example_dags/example_branch_python_dop_operator_3.py for tasks to queue
[2022-06-21 07:33:36,783] {logging_mixin.py:104} INFO - [2022-06-21 07:33:36,783] {dagbag.py:487} INFO - Filling up the DagBag from /home/airflow/.local/lib/python3.6/site-packages/airflow/example_dags/example_branch_python_dop_operator_3.py
[2022-06-21 07:33:36,803] {scheduler_job.py:643} INFO - DAG(s) dict_keys(['example_branch_dop_operator_v3']) retrieved from /home/airflow/.local/lib/python3.6/site-packages/airflow/example_dags/example_branch_python_dop_operator_3.py
[2022-06-21 07:33:36,824] {logging_mixin.py:104} INFO - [2022-06-21 07:33:36,824] {dag.py:1832} INFO - Sync 1 DAGs
[2022-06-21 07:33:36,847] {logging_mixin.py:104} INFO - [2022-06-21 07:33:36,847] {dag.py:2305} INFO - Setting next_dagrun for example_branch_dop_operator_v3 to 2022-06-19 00:00:00+00:00
[2022-06-21 07:33:36,858] {scheduler_job.py:190} INFO - Processing /home/airflow/.local/lib/python3.6/site-packages/airflow/example_dags/example_branch_python_dop_operator_3.py took 0.084 seconds
