[2022-06-21 06:56:11,131] {scheduler_job.py:182} INFO - Started process (PID=88) to work on /home/airflow/.local/lib/python3.6/site-packages/airflow/example_dags/example_kubernetes_executor.py
[2022-06-21 06:56:11,133] {scheduler_job.py:633} INFO - Processing file /home/airflow/.local/lib/python3.6/site-packages/airflow/example_dags/example_kubernetes_executor.py for tasks to queue
[2022-06-21 06:56:11,135] {logging_mixin.py:104} INFO - [2022-06-21 06:56:11,135] {dagbag.py:487} INFO - Filling up the DagBag from /home/airflow/.local/lib/python3.6/site-packages/airflow/example_dags/example_kubernetes_executor.py
[2022-06-21 06:56:11,167] {scheduler_job.py:643} INFO - DAG(s) dict_keys(['example_kubernetes_executor']) retrieved from /home/airflow/.local/lib/python3.6/site-packages/airflow/example_dags/example_kubernetes_executor.py
[2022-06-21 06:56:14,477] {logging_mixin.py:104} INFO - [2022-06-21 06:56:14,475] {dag.py:1832} INFO - Sync 1 DAGs
[2022-06-21 06:56:14,494] {logging_mixin.py:104} INFO - [2022-06-21 06:56:14,492] {dag.py:1851} INFO - Creating ORM DAG for example_kubernetes_executor
[2022-06-21 06:56:14,505] {logging_mixin.py:104} INFO - [2022-06-21 06:56:14,505] {dag.py:2305} INFO - Setting next_dagrun for example_kubernetes_executor to None
[2022-06-21 06:56:14,529] {scheduler_job.py:190} INFO - Processing /home/airflow/.local/lib/python3.6/site-packages/airflow/example_dags/example_kubernetes_executor.py took 3.438 seconds
[2022-06-21 06:58:05,986] {scheduler_job.py:182} INFO - Started process (PID=179) to work on /home/airflow/.local/lib/python3.6/site-packages/airflow/example_dags/example_kubernetes_executor.py
[2022-06-21 06:58:05,989] {scheduler_job.py:633} INFO - Processing file /home/airflow/.local/lib/python3.6/site-packages/airflow/example_dags/example_kubernetes_executor.py for tasks to queue
[2022-06-21 06:58:05,993] {logging_mixin.py:104} INFO - [2022-06-21 06:58:05,993] {dagbag.py:487} INFO - Filling up the DagBag from /home/airflow/.local/lib/python3.6/site-packages/airflow/example_dags/example_kubernetes_executor.py
[2022-06-21 06:58:06,019] {scheduler_job.py:643} INFO - DAG(s) dict_keys(['example_kubernetes_executor']) retrieved from /home/airflow/.local/lib/python3.6/site-packages/airflow/example_dags/example_kubernetes_executor.py
[2022-06-21 06:58:06,061] {logging_mixin.py:104} INFO - [2022-06-21 06:58:06,061] {dag.py:1832} INFO - Sync 1 DAGs
[2022-06-21 06:58:06,082] {logging_mixin.py:104} INFO - [2022-06-21 06:58:06,082] {dag.py:2305} INFO - Setting next_dagrun for example_kubernetes_executor to None
[2022-06-21 06:58:06,123] {scheduler_job.py:190} INFO - Processing /home/airflow/.local/lib/python3.6/site-packages/airflow/example_dags/example_kubernetes_executor.py took 0.143 seconds
[2022-06-21 06:58:46,874] {scheduler_job.py:182} INFO - Started process (PID=258) to work on /home/airflow/.local/lib/python3.6/site-packages/airflow/example_dags/example_kubernetes_executor.py
[2022-06-21 06:58:46,877] {scheduler_job.py:633} INFO - Processing file /home/airflow/.local/lib/python3.6/site-packages/airflow/example_dags/example_kubernetes_executor.py for tasks to queue
[2022-06-21 06:58:46,879] {logging_mixin.py:104} INFO - [2022-06-21 06:58:46,878] {dagbag.py:487} INFO - Filling up the DagBag from /home/airflow/.local/lib/python3.6/site-packages/airflow/example_dags/example_kubernetes_executor.py
[2022-06-21 06:58:46,907] {scheduler_job.py:643} INFO - DAG(s) dict_keys(['example_kubernetes_executor']) retrieved from /home/airflow/.local/lib/python3.6/site-packages/airflow/example_dags/example_kubernetes_executor.py
[2022-06-21 06:58:46,938] {logging_mixin.py:104} INFO - [2022-06-21 06:58:46,938] {dag.py:1832} INFO - Sync 1 DAGs
[2022-06-21 06:58:46,955] {logging_mixin.py:104} INFO - [2022-06-21 06:58:46,955] {dag.py:2305} INFO - Setting next_dagrun for example_kubernetes_executor to None
[2022-06-21 06:58:46,970] {scheduler_job.py:190} INFO - Processing /home/airflow/.local/lib/python3.6/site-packages/airflow/example_dags/example_kubernetes_executor.py took 0.101 seconds
[2022-06-21 06:59:17,160] {scheduler_job.py:182} INFO - Started process (PID=311) to work on /home/airflow/.local/lib/python3.6/site-packages/airflow/example_dags/example_kubernetes_executor.py
[2022-06-21 06:59:17,163] {scheduler_job.py:633} INFO - Processing file /home/airflow/.local/lib/python3.6/site-packages/airflow/example_dags/example_kubernetes_executor.py for tasks to queue
[2022-06-21 06:59:17,165] {logging_mixin.py:104} INFO - [2022-06-21 06:59:17,165] {dagbag.py:487} INFO - Filling up the DagBag from /home/airflow/.local/lib/python3.6/site-packages/airflow/example_dags/example_kubernetes_executor.py
[2022-06-21 06:59:17,190] {scheduler_job.py:643} INFO - DAG(s) dict_keys(['example_kubernetes_executor']) retrieved from /home/airflow/.local/lib/python3.6/site-packages/airflow/example_dags/example_kubernetes_executor.py
[2022-06-21 06:59:17,225] {logging_mixin.py:104} INFO - [2022-06-21 06:59:17,225] {dag.py:1832} INFO - Sync 1 DAGs
[2022-06-21 06:59:17,248] {logging_mixin.py:104} INFO - [2022-06-21 06:59:17,248] {dag.py:2305} INFO - Setting next_dagrun for example_kubernetes_executor to None
[2022-06-21 06:59:17,266] {scheduler_job.py:190} INFO - Processing /home/airflow/.local/lib/python3.6/site-packages/airflow/example_dags/example_kubernetes_executor.py took 0.111 seconds
[2022-06-21 06:59:55,154] {scheduler_job.py:182} INFO - Started process (PID=355) to work on /home/airflow/.local/lib/python3.6/site-packages/airflow/example_dags/example_kubernetes_executor.py
[2022-06-21 06:59:55,158] {scheduler_job.py:633} INFO - Processing file /home/airflow/.local/lib/python3.6/site-packages/airflow/example_dags/example_kubernetes_executor.py for tasks to queue
[2022-06-21 06:59:55,161] {logging_mixin.py:104} INFO - [2022-06-21 06:59:55,161] {dagbag.py:487} INFO - Filling up the DagBag from /home/airflow/.local/lib/python3.6/site-packages/airflow/example_dags/example_kubernetes_executor.py
[2022-06-21 06:59:55,187] {scheduler_job.py:643} INFO - DAG(s) dict_keys(['example_kubernetes_executor']) retrieved from /home/airflow/.local/lib/python3.6/site-packages/airflow/example_dags/example_kubernetes_executor.py
[2022-06-21 06:59:55,223] {logging_mixin.py:104} INFO - [2022-06-21 06:59:55,223] {dag.py:1832} INFO - Sync 1 DAGs
[2022-06-21 06:59:55,246] {logging_mixin.py:104} INFO - [2022-06-21 06:59:55,246] {dag.py:2305} INFO - Setting next_dagrun for example_kubernetes_executor to None
[2022-06-21 06:59:55,267] {scheduler_job.py:190} INFO - Processing /home/airflow/.local/lib/python3.6/site-packages/airflow/example_dags/example_kubernetes_executor.py took 0.121 seconds
[2022-06-21 07:00:25,416] {scheduler_job.py:182} INFO - Started process (PID=417) to work on /home/airflow/.local/lib/python3.6/site-packages/airflow/example_dags/example_kubernetes_executor.py
[2022-06-21 07:00:25,419] {scheduler_job.py:633} INFO - Processing file /home/airflow/.local/lib/python3.6/site-packages/airflow/example_dags/example_kubernetes_executor.py for tasks to queue
[2022-06-21 07:00:25,420] {logging_mixin.py:104} INFO - [2022-06-21 07:00:25,420] {dagbag.py:487} INFO - Filling up the DagBag from /home/airflow/.local/lib/python3.6/site-packages/airflow/example_dags/example_kubernetes_executor.py
[2022-06-21 07:00:25,440] {scheduler_job.py:643} INFO - DAG(s) dict_keys(['example_kubernetes_executor']) retrieved from /home/airflow/.local/lib/python3.6/site-packages/airflow/example_dags/example_kubernetes_executor.py
[2022-06-21 07:00:25,471] {logging_mixin.py:104} INFO - [2022-06-21 07:00:25,471] {dag.py:1832} INFO - Sync 1 DAGs
[2022-06-21 07:00:25,490] {logging_mixin.py:104} INFO - [2022-06-21 07:00:25,490] {dag.py:2305} INFO - Setting next_dagrun for example_kubernetes_executor to None
[2022-06-21 07:00:25,503] {scheduler_job.py:190} INFO - Processing /home/airflow/.local/lib/python3.6/site-packages/airflow/example_dags/example_kubernetes_executor.py took 0.091 seconds
[2022-06-21 07:00:56,361] {scheduler_job.py:182} INFO - Started process (PID=473) to work on /home/airflow/.local/lib/python3.6/site-packages/airflow/example_dags/example_kubernetes_executor.py
[2022-06-21 07:00:56,363] {scheduler_job.py:633} INFO - Processing file /home/airflow/.local/lib/python3.6/site-packages/airflow/example_dags/example_kubernetes_executor.py for tasks to queue
[2022-06-21 07:00:56,365] {logging_mixin.py:104} INFO - [2022-06-21 07:00:56,365] {dagbag.py:487} INFO - Filling up the DagBag from /home/airflow/.local/lib/python3.6/site-packages/airflow/example_dags/example_kubernetes_executor.py
[2022-06-21 07:00:56,382] {scheduler_job.py:643} INFO - DAG(s) dict_keys(['example_kubernetes_executor']) retrieved from /home/airflow/.local/lib/python3.6/site-packages/airflow/example_dags/example_kubernetes_executor.py
[2022-06-21 07:00:56,417] {logging_mixin.py:104} INFO - [2022-06-21 07:00:56,417] {dag.py:1832} INFO - Sync 1 DAGs
[2022-06-21 07:00:56,438] {logging_mixin.py:104} INFO - [2022-06-21 07:00:56,438] {dag.py:2305} INFO - Setting next_dagrun for example_kubernetes_executor to None
[2022-06-21 07:00:56,456] {scheduler_job.py:190} INFO - Processing /home/airflow/.local/lib/python3.6/site-packages/airflow/example_dags/example_kubernetes_executor.py took 0.099 seconds
[2022-06-21 07:01:26,645] {scheduler_job.py:182} INFO - Started process (PID=523) to work on /home/airflow/.local/lib/python3.6/site-packages/airflow/example_dags/example_kubernetes_executor.py
[2022-06-21 07:01:26,650] {scheduler_job.py:633} INFO - Processing file /home/airflow/.local/lib/python3.6/site-packages/airflow/example_dags/example_kubernetes_executor.py for tasks to queue
[2022-06-21 07:01:26,652] {logging_mixin.py:104} INFO - [2022-06-21 07:01:26,652] {dagbag.py:487} INFO - Filling up the DagBag from /home/airflow/.local/lib/python3.6/site-packages/airflow/example_dags/example_kubernetes_executor.py
[2022-06-21 07:01:26,674] {scheduler_job.py:643} INFO - DAG(s) dict_keys(['example_kubernetes_executor']) retrieved from /home/airflow/.local/lib/python3.6/site-packages/airflow/example_dags/example_kubernetes_executor.py
[2022-06-21 07:01:26,707] {logging_mixin.py:104} INFO - [2022-06-21 07:01:26,707] {dag.py:1832} INFO - Sync 1 DAGs
[2022-06-21 07:01:26,740] {logging_mixin.py:104} INFO - [2022-06-21 07:01:26,740] {dag.py:2305} INFO - Setting next_dagrun for example_kubernetes_executor to None
[2022-06-21 07:01:26,765] {scheduler_job.py:190} INFO - Processing /home/airflow/.local/lib/python3.6/site-packages/airflow/example_dags/example_kubernetes_executor.py took 0.131 seconds
[2022-06-21 07:04:53,970] {scheduler_job.py:182} INFO - Started process (PID=61) to work on /home/airflow/.local/lib/python3.6/site-packages/airflow/example_dags/example_kubernetes_executor.py
[2022-06-21 07:04:53,975] {scheduler_job.py:633} INFO - Processing file /home/airflow/.local/lib/python3.6/site-packages/airflow/example_dags/example_kubernetes_executor.py for tasks to queue
[2022-06-21 07:04:53,980] {logging_mixin.py:104} INFO - [2022-06-21 07:04:53,980] {dagbag.py:487} INFO - Filling up the DagBag from /home/airflow/.local/lib/python3.6/site-packages/airflow/example_dags/example_kubernetes_executor.py
[2022-06-21 07:04:54,000] {scheduler_job.py:643} INFO - DAG(s) dict_keys(['example_kubernetes_executor']) retrieved from /home/airflow/.local/lib/python3.6/site-packages/airflow/example_dags/example_kubernetes_executor.py
[2022-06-21 07:04:54,029] {logging_mixin.py:104} INFO - [2022-06-21 07:04:54,029] {dag.py:1832} INFO - Sync 1 DAGs
[2022-06-21 07:04:54,047] {logging_mixin.py:104} INFO - [2022-06-21 07:04:54,046] {dag.py:2305} INFO - Setting next_dagrun for example_kubernetes_executor to None
[2022-06-21 07:04:54,066] {scheduler_job.py:190} INFO - Processing /home/airflow/.local/lib/python3.6/site-packages/airflow/example_dags/example_kubernetes_executor.py took 0.103 seconds
[2022-06-21 07:05:36,430] {scheduler_job.py:182} INFO - Started process (PID=123) to work on /home/airflow/.local/lib/python3.6/site-packages/airflow/example_dags/example_kubernetes_executor.py
[2022-06-21 07:05:36,435] {scheduler_job.py:633} INFO - Processing file /home/airflow/.local/lib/python3.6/site-packages/airflow/example_dags/example_kubernetes_executor.py for tasks to queue
[2022-06-21 07:05:36,438] {logging_mixin.py:104} INFO - [2022-06-21 07:05:36,438] {dagbag.py:487} INFO - Filling up the DagBag from /home/airflow/.local/lib/python3.6/site-packages/airflow/example_dags/example_kubernetes_executor.py
[2022-06-21 07:05:36,491] {scheduler_job.py:643} INFO - DAG(s) dict_keys(['example_kubernetes_executor']) retrieved from /home/airflow/.local/lib/python3.6/site-packages/airflow/example_dags/example_kubernetes_executor.py
[2022-06-21 07:05:36,578] {logging_mixin.py:104} INFO - [2022-06-21 07:05:36,578] {dag.py:1832} INFO - Sync 1 DAGs
[2022-06-21 07:05:36,631] {logging_mixin.py:104} INFO - [2022-06-21 07:05:36,631] {dag.py:2305} INFO - Setting next_dagrun for example_kubernetes_executor to None
[2022-06-21 07:05:36,656] {scheduler_job.py:190} INFO - Processing /home/airflow/.local/lib/python3.6/site-packages/airflow/example_dags/example_kubernetes_executor.py took 0.236 seconds
[2022-06-21 07:06:07,444] {scheduler_job.py:182} INFO - Started process (PID=177) to work on /home/airflow/.local/lib/python3.6/site-packages/airflow/example_dags/example_kubernetes_executor.py
[2022-06-21 07:06:07,446] {scheduler_job.py:633} INFO - Processing file /home/airflow/.local/lib/python3.6/site-packages/airflow/example_dags/example_kubernetes_executor.py for tasks to queue
[2022-06-21 07:06:07,448] {logging_mixin.py:104} INFO - [2022-06-21 07:06:07,448] {dagbag.py:487} INFO - Filling up the DagBag from /home/airflow/.local/lib/python3.6/site-packages/airflow/example_dags/example_kubernetes_executor.py
[2022-06-21 07:06:07,476] {scheduler_job.py:643} INFO - DAG(s) dict_keys(['example_kubernetes_executor']) retrieved from /home/airflow/.local/lib/python3.6/site-packages/airflow/example_dags/example_kubernetes_executor.py
[2022-06-21 07:06:07,519] {logging_mixin.py:104} INFO - [2022-06-21 07:06:07,519] {dag.py:1832} INFO - Sync 1 DAGs
[2022-06-21 07:06:07,543] {logging_mixin.py:104} INFO - [2022-06-21 07:06:07,543] {dag.py:2305} INFO - Setting next_dagrun for example_kubernetes_executor to None
[2022-06-21 07:06:07,561] {scheduler_job.py:190} INFO - Processing /home/airflow/.local/lib/python3.6/site-packages/airflow/example_dags/example_kubernetes_executor.py took 0.122 seconds
[2022-06-21 07:06:37,617] {scheduler_job.py:182} INFO - Started process (PID=238) to work on /home/airflow/.local/lib/python3.6/site-packages/airflow/example_dags/example_kubernetes_executor.py
[2022-06-21 07:06:37,620] {scheduler_job.py:633} INFO - Processing file /home/airflow/.local/lib/python3.6/site-packages/airflow/example_dags/example_kubernetes_executor.py for tasks to queue
[2022-06-21 07:06:37,622] {logging_mixin.py:104} INFO - [2022-06-21 07:06:37,622] {dagbag.py:487} INFO - Filling up the DagBag from /home/airflow/.local/lib/python3.6/site-packages/airflow/example_dags/example_kubernetes_executor.py
[2022-06-21 07:06:37,654] {scheduler_job.py:643} INFO - DAG(s) dict_keys(['example_kubernetes_executor']) retrieved from /home/airflow/.local/lib/python3.6/site-packages/airflow/example_dags/example_kubernetes_executor.py
[2022-06-21 07:06:37,694] {logging_mixin.py:104} INFO - [2022-06-21 07:06:37,694] {dag.py:1832} INFO - Sync 1 DAGs
[2022-06-21 07:06:37,716] {logging_mixin.py:104} INFO - [2022-06-21 07:06:37,715] {dag.py:2305} INFO - Setting next_dagrun for example_kubernetes_executor to None
[2022-06-21 07:06:37,751] {scheduler_job.py:190} INFO - Processing /home/airflow/.local/lib/python3.6/site-packages/airflow/example_dags/example_kubernetes_executor.py took 0.138 seconds
[2022-06-21 07:07:22,302] {scheduler_job.py:182} INFO - Started process (PID=301) to work on /home/airflow/.local/lib/python3.6/site-packages/airflow/example_dags/example_kubernetes_executor.py
[2022-06-21 07:07:22,306] {scheduler_job.py:633} INFO - Processing file /home/airflow/.local/lib/python3.6/site-packages/airflow/example_dags/example_kubernetes_executor.py for tasks to queue
[2022-06-21 07:07:22,308] {logging_mixin.py:104} INFO - [2022-06-21 07:07:22,308] {dagbag.py:487} INFO - Filling up the DagBag from /home/airflow/.local/lib/python3.6/site-packages/airflow/example_dags/example_kubernetes_executor.py
[2022-06-21 07:07:22,333] {scheduler_job.py:643} INFO - DAG(s) dict_keys(['example_kubernetes_executor']) retrieved from /home/airflow/.local/lib/python3.6/site-packages/airflow/example_dags/example_kubernetes_executor.py
[2022-06-21 07:07:22,356] {logging_mixin.py:104} INFO - [2022-06-21 07:07:22,356] {dag.py:1832} INFO - Sync 1 DAGs
[2022-06-21 07:07:22,373] {logging_mixin.py:104} INFO - [2022-06-21 07:07:22,372] {dag.py:2305} INFO - Setting next_dagrun for example_kubernetes_executor to None
[2022-06-21 07:07:22,383] {scheduler_job.py:190} INFO - Processing /home/airflow/.local/lib/python3.6/site-packages/airflow/example_dags/example_kubernetes_executor.py took 0.086 seconds
[2022-06-21 07:07:52,804] {scheduler_job.py:182} INFO - Started process (PID=363) to work on /home/airflow/.local/lib/python3.6/site-packages/airflow/example_dags/example_kubernetes_executor.py
[2022-06-21 07:07:52,806] {scheduler_job.py:633} INFO - Processing file /home/airflow/.local/lib/python3.6/site-packages/airflow/example_dags/example_kubernetes_executor.py for tasks to queue
[2022-06-21 07:07:52,808] {logging_mixin.py:104} INFO - [2022-06-21 07:07:52,808] {dagbag.py:487} INFO - Filling up the DagBag from /home/airflow/.local/lib/python3.6/site-packages/airflow/example_dags/example_kubernetes_executor.py
[2022-06-21 07:07:52,828] {scheduler_job.py:643} INFO - DAG(s) dict_keys(['example_kubernetes_executor']) retrieved from /home/airflow/.local/lib/python3.6/site-packages/airflow/example_dags/example_kubernetes_executor.py
[2022-06-21 07:07:52,854] {logging_mixin.py:104} INFO - [2022-06-21 07:07:52,854] {dag.py:1832} INFO - Sync 1 DAGs
[2022-06-21 07:07:52,871] {logging_mixin.py:104} INFO - [2022-06-21 07:07:52,871] {dag.py:2305} INFO - Setting next_dagrun for example_kubernetes_executor to None
[2022-06-21 07:07:52,884] {scheduler_job.py:190} INFO - Processing /home/airflow/.local/lib/python3.6/site-packages/airflow/example_dags/example_kubernetes_executor.py took 0.083 seconds
[2022-06-21 07:08:23,637] {scheduler_job.py:182} INFO - Started process (PID=442) to work on /home/airflow/.local/lib/python3.6/site-packages/airflow/example_dags/example_kubernetes_executor.py
[2022-06-21 07:08:23,639] {scheduler_job.py:633} INFO - Processing file /home/airflow/.local/lib/python3.6/site-packages/airflow/example_dags/example_kubernetes_executor.py for tasks to queue
[2022-06-21 07:08:23,641] {logging_mixin.py:104} INFO - [2022-06-21 07:08:23,641] {dagbag.py:487} INFO - Filling up the DagBag from /home/airflow/.local/lib/python3.6/site-packages/airflow/example_dags/example_kubernetes_executor.py
[2022-06-21 07:08:23,663] {scheduler_job.py:643} INFO - DAG(s) dict_keys(['example_kubernetes_executor']) retrieved from /home/airflow/.local/lib/python3.6/site-packages/airflow/example_dags/example_kubernetes_executor.py
[2022-06-21 07:08:23,695] {logging_mixin.py:104} INFO - [2022-06-21 07:08:23,695] {dag.py:1832} INFO - Sync 1 DAGs
[2022-06-21 07:08:23,713] {logging_mixin.py:104} INFO - [2022-06-21 07:08:23,713] {dag.py:2305} INFO - Setting next_dagrun for example_kubernetes_executor to None
[2022-06-21 07:08:23,725] {scheduler_job.py:190} INFO - Processing /home/airflow/.local/lib/python3.6/site-packages/airflow/example_dags/example_kubernetes_executor.py took 0.091 seconds
[2022-06-21 07:08:54,172] {scheduler_job.py:182} INFO - Started process (PID=504) to work on /home/airflow/.local/lib/python3.6/site-packages/airflow/example_dags/example_kubernetes_executor.py
[2022-06-21 07:08:54,174] {scheduler_job.py:633} INFO - Processing file /home/airflow/.local/lib/python3.6/site-packages/airflow/example_dags/example_kubernetes_executor.py for tasks to queue
[2022-06-21 07:08:54,175] {logging_mixin.py:104} INFO - [2022-06-21 07:08:54,175] {dagbag.py:487} INFO - Filling up the DagBag from /home/airflow/.local/lib/python3.6/site-packages/airflow/example_dags/example_kubernetes_executor.py
[2022-06-21 07:08:54,194] {scheduler_job.py:643} INFO - DAG(s) dict_keys(['example_kubernetes_executor']) retrieved from /home/airflow/.local/lib/python3.6/site-packages/airflow/example_dags/example_kubernetes_executor.py
[2022-06-21 07:08:54,217] {logging_mixin.py:104} INFO - [2022-06-21 07:08:54,216] {dag.py:1832} INFO - Sync 1 DAGs
[2022-06-21 07:08:54,232] {logging_mixin.py:104} INFO - [2022-06-21 07:08:54,232] {dag.py:2305} INFO - Setting next_dagrun for example_kubernetes_executor to None
[2022-06-21 07:08:54,243] {scheduler_job.py:190} INFO - Processing /home/airflow/.local/lib/python3.6/site-packages/airflow/example_dags/example_kubernetes_executor.py took 0.074 seconds
[2022-06-21 07:11:09,474] {scheduler_job.py:182} INFO - Started process (PID=61) to work on /home/airflow/.local/lib/python3.6/site-packages/airflow/example_dags/example_kubernetes_executor.py
[2022-06-21 07:11:09,477] {scheduler_job.py:633} INFO - Processing file /home/airflow/.local/lib/python3.6/site-packages/airflow/example_dags/example_kubernetes_executor.py for tasks to queue
[2022-06-21 07:11:09,480] {logging_mixin.py:104} INFO - [2022-06-21 07:11:09,479] {dagbag.py:487} INFO - Filling up the DagBag from /home/airflow/.local/lib/python3.6/site-packages/airflow/example_dags/example_kubernetes_executor.py
[2022-06-21 07:11:09,520] {scheduler_job.py:643} INFO - DAG(s) dict_keys(['example_kubernetes_executor']) retrieved from /home/airflow/.local/lib/python3.6/site-packages/airflow/example_dags/example_kubernetes_executor.py
[2022-06-21 07:11:09,571] {logging_mixin.py:104} INFO - [2022-06-21 07:11:09,570] {dag.py:1832} INFO - Sync 1 DAGs
[2022-06-21 07:11:09,592] {logging_mixin.py:104} INFO - [2022-06-21 07:11:09,592] {dag.py:2305} INFO - Setting next_dagrun for example_kubernetes_executor to None
[2022-06-21 07:11:09,616] {scheduler_job.py:190} INFO - Processing /home/airflow/.local/lib/python3.6/site-packages/airflow/example_dags/example_kubernetes_executor.py took 0.146 seconds
[2022-06-21 07:11:45,681] {scheduler_job.py:182} INFO - Started process (PID=112) to work on /home/airflow/.local/lib/python3.6/site-packages/airflow/example_dags/example_kubernetes_executor.py
[2022-06-21 07:11:45,683] {scheduler_job.py:633} INFO - Processing file /home/airflow/.local/lib/python3.6/site-packages/airflow/example_dags/example_kubernetes_executor.py for tasks to queue
[2022-06-21 07:11:45,685] {logging_mixin.py:104} INFO - [2022-06-21 07:11:45,685] {dagbag.py:487} INFO - Filling up the DagBag from /home/airflow/.local/lib/python3.6/site-packages/airflow/example_dags/example_kubernetes_executor.py
[2022-06-21 07:11:45,706] {scheduler_job.py:643} INFO - DAG(s) dict_keys(['example_kubernetes_executor']) retrieved from /home/airflow/.local/lib/python3.6/site-packages/airflow/example_dags/example_kubernetes_executor.py
[2022-06-21 07:11:45,730] {logging_mixin.py:104} INFO - [2022-06-21 07:11:45,730] {dag.py:1832} INFO - Sync 1 DAGs
[2022-06-21 07:11:45,746] {logging_mixin.py:104} INFO - [2022-06-21 07:11:45,746] {dag.py:2305} INFO - Setting next_dagrun for example_kubernetes_executor to None
[2022-06-21 07:11:45,756] {scheduler_job.py:190} INFO - Processing /home/airflow/.local/lib/python3.6/site-packages/airflow/example_dags/example_kubernetes_executor.py took 0.079 seconds
[2022-06-21 07:12:17,775] {scheduler_job.py:182} INFO - Started process (PID=159) to work on /home/airflow/.local/lib/python3.6/site-packages/airflow/example_dags/example_kubernetes_executor.py
[2022-06-21 07:12:17,777] {scheduler_job.py:633} INFO - Processing file /home/airflow/.local/lib/python3.6/site-packages/airflow/example_dags/example_kubernetes_executor.py for tasks to queue
[2022-06-21 07:12:17,779] {logging_mixin.py:104} INFO - [2022-06-21 07:12:17,778] {dagbag.py:487} INFO - Filling up the DagBag from /home/airflow/.local/lib/python3.6/site-packages/airflow/example_dags/example_kubernetes_executor.py
[2022-06-21 07:12:17,803] {scheduler_job.py:643} INFO - DAG(s) dict_keys(['example_kubernetes_executor']) retrieved from /home/airflow/.local/lib/python3.6/site-packages/airflow/example_dags/example_kubernetes_executor.py
[2022-06-21 07:12:17,829] {logging_mixin.py:104} INFO - [2022-06-21 07:12:17,829] {dag.py:1832} INFO - Sync 1 DAGs
[2022-06-21 07:12:17,848] {logging_mixin.py:104} INFO - [2022-06-21 07:12:17,848] {dag.py:2305} INFO - Setting next_dagrun for example_kubernetes_executor to None
[2022-06-21 07:12:17,861] {scheduler_job.py:190} INFO - Processing /home/airflow/.local/lib/python3.6/site-packages/airflow/example_dags/example_kubernetes_executor.py took 0.091 seconds
[2022-06-21 07:12:57,733] {scheduler_job.py:182} INFO - Started process (PID=205) to work on /home/airflow/.local/lib/python3.6/site-packages/airflow/example_dags/example_kubernetes_executor.py
[2022-06-21 07:12:57,735] {scheduler_job.py:633} INFO - Processing file /home/airflow/.local/lib/python3.6/site-packages/airflow/example_dags/example_kubernetes_executor.py for tasks to queue
[2022-06-21 07:12:57,736] {logging_mixin.py:104} INFO - [2022-06-21 07:12:57,736] {dagbag.py:487} INFO - Filling up the DagBag from /home/airflow/.local/lib/python3.6/site-packages/airflow/example_dags/example_kubernetes_executor.py
[2022-06-21 07:12:57,760] {scheduler_job.py:643} INFO - DAG(s) dict_keys(['example_kubernetes_executor']) retrieved from /home/airflow/.local/lib/python3.6/site-packages/airflow/example_dags/example_kubernetes_executor.py
[2022-06-21 07:12:57,788] {logging_mixin.py:104} INFO - [2022-06-21 07:12:57,788] {dag.py:1832} INFO - Sync 1 DAGs
[2022-06-21 07:12:57,808] {logging_mixin.py:104} INFO - [2022-06-21 07:12:57,808] {dag.py:2305} INFO - Setting next_dagrun for example_kubernetes_executor to None
[2022-06-21 07:12:57,821] {scheduler_job.py:190} INFO - Processing /home/airflow/.local/lib/python3.6/site-packages/airflow/example_dags/example_kubernetes_executor.py took 0.092 seconds
[2022-06-21 07:14:41,554] {scheduler_job.py:182} INFO - Started process (PID=256) to work on /home/airflow/.local/lib/python3.6/site-packages/airflow/example_dags/example_kubernetes_executor.py
[2022-06-21 07:14:41,556] {scheduler_job.py:633} INFO - Processing file /home/airflow/.local/lib/python3.6/site-packages/airflow/example_dags/example_kubernetes_executor.py for tasks to queue
[2022-06-21 07:14:41,558] {logging_mixin.py:104} INFO - [2022-06-21 07:14:41,558] {dagbag.py:487} INFO - Filling up the DagBag from /home/airflow/.local/lib/python3.6/site-packages/airflow/example_dags/example_kubernetes_executor.py
[2022-06-21 07:14:41,573] {scheduler_job.py:643} INFO - DAG(s) dict_keys(['example_kubernetes_executor']) retrieved from /home/airflow/.local/lib/python3.6/site-packages/airflow/example_dags/example_kubernetes_executor.py
[2022-06-21 07:14:41,602] {logging_mixin.py:104} INFO - [2022-06-21 07:14:41,602] {dag.py:1832} INFO - Sync 1 DAGs
[2022-06-21 07:14:41,615] {logging_mixin.py:104} INFO - [2022-06-21 07:14:41,615] {dag.py:2305} INFO - Setting next_dagrun for example_kubernetes_executor to None
[2022-06-21 07:14:41,626] {scheduler_job.py:190} INFO - Processing /home/airflow/.local/lib/python3.6/site-packages/airflow/example_dags/example_kubernetes_executor.py took 0.076 seconds
[2022-06-21 07:15:33,556] {scheduler_job.py:182} INFO - Started process (PID=311) to work on /home/airflow/.local/lib/python3.6/site-packages/airflow/example_dags/example_kubernetes_executor.py
[2022-06-21 07:15:33,558] {scheduler_job.py:633} INFO - Processing file /home/airflow/.local/lib/python3.6/site-packages/airflow/example_dags/example_kubernetes_executor.py for tasks to queue
[2022-06-21 07:15:33,562] {logging_mixin.py:104} INFO - [2022-06-21 07:15:33,562] {dagbag.py:487} INFO - Filling up the DagBag from /home/airflow/.local/lib/python3.6/site-packages/airflow/example_dags/example_kubernetes_executor.py
[2022-06-21 07:15:33,584] {scheduler_job.py:643} INFO - DAG(s) dict_keys(['example_kubernetes_executor']) retrieved from /home/airflow/.local/lib/python3.6/site-packages/airflow/example_dags/example_kubernetes_executor.py
[2022-06-21 07:15:33,618] {logging_mixin.py:104} INFO - [2022-06-21 07:15:33,618] {dag.py:1832} INFO - Sync 1 DAGs
[2022-06-21 07:15:33,634] {logging_mixin.py:104} INFO - [2022-06-21 07:15:33,634] {dag.py:2305} INFO - Setting next_dagrun for example_kubernetes_executor to None
[2022-06-21 07:15:33,648] {scheduler_job.py:190} INFO - Processing /home/airflow/.local/lib/python3.6/site-packages/airflow/example_dags/example_kubernetes_executor.py took 0.096 seconds
[2022-06-21 07:16:09,627] {scheduler_job.py:182} INFO - Started process (PID=361) to work on /home/airflow/.local/lib/python3.6/site-packages/airflow/example_dags/example_kubernetes_executor.py
[2022-06-21 07:16:09,630] {scheduler_job.py:633} INFO - Processing file /home/airflow/.local/lib/python3.6/site-packages/airflow/example_dags/example_kubernetes_executor.py for tasks to queue
[2022-06-21 07:16:09,632] {logging_mixin.py:104} INFO - [2022-06-21 07:16:09,632] {dagbag.py:487} INFO - Filling up the DagBag from /home/airflow/.local/lib/python3.6/site-packages/airflow/example_dags/example_kubernetes_executor.py
[2022-06-21 07:16:09,651] {scheduler_job.py:643} INFO - DAG(s) dict_keys(['example_kubernetes_executor']) retrieved from /home/airflow/.local/lib/python3.6/site-packages/airflow/example_dags/example_kubernetes_executor.py
[2022-06-21 07:16:09,683] {logging_mixin.py:104} INFO - [2022-06-21 07:16:09,683] {dag.py:1832} INFO - Sync 1 DAGs
[2022-06-21 07:16:09,697] {logging_mixin.py:104} INFO - [2022-06-21 07:16:09,697] {dag.py:2305} INFO - Setting next_dagrun for example_kubernetes_executor to None
[2022-06-21 07:16:09,709] {scheduler_job.py:190} INFO - Processing /home/airflow/.local/lib/python3.6/site-packages/airflow/example_dags/example_kubernetes_executor.py took 0.086 seconds
[2022-06-21 07:16:48,579] {scheduler_job.py:182} INFO - Started process (PID=432) to work on /home/airflow/.local/lib/python3.6/site-packages/airflow/example_dags/example_kubernetes_executor.py
[2022-06-21 07:16:48,582] {scheduler_job.py:633} INFO - Processing file /home/airflow/.local/lib/python3.6/site-packages/airflow/example_dags/example_kubernetes_executor.py for tasks to queue
[2022-06-21 07:16:48,585] {logging_mixin.py:104} INFO - [2022-06-21 07:16:48,585] {dagbag.py:487} INFO - Filling up the DagBag from /home/airflow/.local/lib/python3.6/site-packages/airflow/example_dags/example_kubernetes_executor.py
[2022-06-21 07:16:48,615] {scheduler_job.py:643} INFO - DAG(s) dict_keys(['example_kubernetes_executor']) retrieved from /home/airflow/.local/lib/python3.6/site-packages/airflow/example_dags/example_kubernetes_executor.py
[2022-06-21 07:16:48,660] {logging_mixin.py:104} INFO - [2022-06-21 07:16:48,659] {dag.py:1832} INFO - Sync 1 DAGs
[2022-06-21 07:16:48,691] {logging_mixin.py:104} INFO - [2022-06-21 07:16:48,691] {dag.py:2305} INFO - Setting next_dagrun for example_kubernetes_executor to None
[2022-06-21 07:16:48,710] {scheduler_job.py:190} INFO - Processing /home/airflow/.local/lib/python3.6/site-packages/airflow/example_dags/example_kubernetes_executor.py took 0.143 seconds
[2022-06-21 07:17:19,016] {scheduler_job.py:182} INFO - Started process (PID=492) to work on /home/airflow/.local/lib/python3.6/site-packages/airflow/example_dags/example_kubernetes_executor.py
[2022-06-21 07:17:19,017] {scheduler_job.py:633} INFO - Processing file /home/airflow/.local/lib/python3.6/site-packages/airflow/example_dags/example_kubernetes_executor.py for tasks to queue
[2022-06-21 07:17:19,019] {logging_mixin.py:104} INFO - [2022-06-21 07:17:19,019] {dagbag.py:487} INFO - Filling up the DagBag from /home/airflow/.local/lib/python3.6/site-packages/airflow/example_dags/example_kubernetes_executor.py
[2022-06-21 07:17:19,034] {scheduler_job.py:643} INFO - DAG(s) dict_keys(['example_kubernetes_executor']) retrieved from /home/airflow/.local/lib/python3.6/site-packages/airflow/example_dags/example_kubernetes_executor.py
[2022-06-21 07:17:19,059] {logging_mixin.py:104} INFO - [2022-06-21 07:17:19,059] {dag.py:1832} INFO - Sync 1 DAGs
[2022-06-21 07:17:19,071] {logging_mixin.py:104} INFO - [2022-06-21 07:17:19,071] {dag.py:2305} INFO - Setting next_dagrun for example_kubernetes_executor to None
[2022-06-21 07:17:19,083] {scheduler_job.py:190} INFO - Processing /home/airflow/.local/lib/python3.6/site-packages/airflow/example_dags/example_kubernetes_executor.py took 0.071 seconds
[2022-06-21 07:20:39,165] {scheduler_job.py:182} INFO - Started process (PID=65) to work on /home/airflow/.local/lib/python3.6/site-packages/airflow/example_dags/example_kubernetes_executor.py
[2022-06-21 07:20:39,174] {scheduler_job.py:633} INFO - Processing file /home/airflow/.local/lib/python3.6/site-packages/airflow/example_dags/example_kubernetes_executor.py for tasks to queue
[2022-06-21 07:20:39,178] {logging_mixin.py:104} INFO - [2022-06-21 07:20:39,177] {dagbag.py:487} INFO - Filling up the DagBag from /home/airflow/.local/lib/python3.6/site-packages/airflow/example_dags/example_kubernetes_executor.py
[2022-06-21 07:20:39,214] {scheduler_job.py:643} INFO - DAG(s) dict_keys(['example_kubernetes_executor']) retrieved from /home/airflow/.local/lib/python3.6/site-packages/airflow/example_dags/example_kubernetes_executor.py
[2022-06-21 07:20:39,256] {logging_mixin.py:104} INFO - [2022-06-21 07:20:39,256] {dag.py:1832} INFO - Sync 1 DAGs
[2022-06-21 07:20:39,282] {logging_mixin.py:104} INFO - [2022-06-21 07:20:39,282] {dag.py:2305} INFO - Setting next_dagrun for example_kubernetes_executor to None
[2022-06-21 07:20:39,296] {scheduler_job.py:190} INFO - Processing /home/airflow/.local/lib/python3.6/site-packages/airflow/example_dags/example_kubernetes_executor.py took 0.136 seconds
[2022-06-21 07:21:10,150] {scheduler_job.py:182} INFO - Started process (PID=107) to work on /home/airflow/.local/lib/python3.6/site-packages/airflow/example_dags/example_kubernetes_executor.py
[2022-06-21 07:21:10,154] {scheduler_job.py:633} INFO - Processing file /home/airflow/.local/lib/python3.6/site-packages/airflow/example_dags/example_kubernetes_executor.py for tasks to queue
[2022-06-21 07:21:10,157] {logging_mixin.py:104} INFO - [2022-06-21 07:21:10,156] {dagbag.py:487} INFO - Filling up the DagBag from /home/airflow/.local/lib/python3.6/site-packages/airflow/example_dags/example_kubernetes_executor.py
[2022-06-21 07:21:10,179] {scheduler_job.py:643} INFO - DAG(s) dict_keys(['example_kubernetes_executor']) retrieved from /home/airflow/.local/lib/python3.6/site-packages/airflow/example_dags/example_kubernetes_executor.py
[2022-06-21 07:21:10,206] {logging_mixin.py:104} INFO - [2022-06-21 07:21:10,206] {dag.py:1832} INFO - Sync 1 DAGs
[2022-06-21 07:21:10,232] {logging_mixin.py:104} INFO - [2022-06-21 07:21:10,232] {dag.py:2305} INFO - Setting next_dagrun for example_kubernetes_executor to None
[2022-06-21 07:21:10,263] {scheduler_job.py:190} INFO - Processing /home/airflow/.local/lib/python3.6/site-packages/airflow/example_dags/example_kubernetes_executor.py took 0.118 seconds
[2022-06-21 07:21:47,514] {scheduler_job.py:182} INFO - Started process (PID=169) to work on /home/airflow/.local/lib/python3.6/site-packages/airflow/example_dags/example_kubernetes_executor.py
[2022-06-21 07:21:47,516] {scheduler_job.py:633} INFO - Processing file /home/airflow/.local/lib/python3.6/site-packages/airflow/example_dags/example_kubernetes_executor.py for tasks to queue
[2022-06-21 07:21:47,519] {logging_mixin.py:104} INFO - [2022-06-21 07:21:47,519] {dagbag.py:487} INFO - Filling up the DagBag from /home/airflow/.local/lib/python3.6/site-packages/airflow/example_dags/example_kubernetes_executor.py
[2022-06-21 07:21:47,549] {scheduler_job.py:643} INFO - DAG(s) dict_keys(['example_kubernetes_executor']) retrieved from /home/airflow/.local/lib/python3.6/site-packages/airflow/example_dags/example_kubernetes_executor.py
[2022-06-21 07:21:47,587] {logging_mixin.py:104} INFO - [2022-06-21 07:21:47,587] {dag.py:1832} INFO - Sync 1 DAGs
[2022-06-21 07:21:47,605] {logging_mixin.py:104} INFO - [2022-06-21 07:21:47,605] {dag.py:2305} INFO - Setting next_dagrun for example_kubernetes_executor to None
[2022-06-21 07:21:47,617] {scheduler_job.py:190} INFO - Processing /home/airflow/.local/lib/python3.6/site-packages/airflow/example_dags/example_kubernetes_executor.py took 0.108 seconds
[2022-06-21 07:22:24,340] {scheduler_job.py:182} INFO - Started process (PID=231) to work on /home/airflow/.local/lib/python3.6/site-packages/airflow/example_dags/example_kubernetes_executor.py
[2022-06-21 07:22:24,342] {scheduler_job.py:633} INFO - Processing file /home/airflow/.local/lib/python3.6/site-packages/airflow/example_dags/example_kubernetes_executor.py for tasks to queue
[2022-06-21 07:22:24,344] {logging_mixin.py:104} INFO - [2022-06-21 07:22:24,344] {dagbag.py:487} INFO - Filling up the DagBag from /home/airflow/.local/lib/python3.6/site-packages/airflow/example_dags/example_kubernetes_executor.py
[2022-06-21 07:22:24,367] {scheduler_job.py:643} INFO - DAG(s) dict_keys(['example_kubernetes_executor']) retrieved from /home/airflow/.local/lib/python3.6/site-packages/airflow/example_dags/example_kubernetes_executor.py
[2022-06-21 07:22:24,398] {logging_mixin.py:104} INFO - [2022-06-21 07:22:24,398] {dag.py:1832} INFO - Sync 1 DAGs
[2022-06-21 07:22:24,417] {logging_mixin.py:104} INFO - [2022-06-21 07:22:24,417] {dag.py:2305} INFO - Setting next_dagrun for example_kubernetes_executor to None
[2022-06-21 07:22:24,444] {scheduler_job.py:190} INFO - Processing /home/airflow/.local/lib/python3.6/site-packages/airflow/example_dags/example_kubernetes_executor.py took 0.109 seconds
[2022-06-21 07:23:05,597] {scheduler_job.py:182} INFO - Started process (PID=283) to work on /home/airflow/.local/lib/python3.6/site-packages/airflow/example_dags/example_kubernetes_executor.py
[2022-06-21 07:23:05,599] {scheduler_job.py:633} INFO - Processing file /home/airflow/.local/lib/python3.6/site-packages/airflow/example_dags/example_kubernetes_executor.py for tasks to queue
[2022-06-21 07:23:05,601] {logging_mixin.py:104} INFO - [2022-06-21 07:23:05,601] {dagbag.py:487} INFO - Filling up the DagBag from /home/airflow/.local/lib/python3.6/site-packages/airflow/example_dags/example_kubernetes_executor.py
[2022-06-21 07:23:05,623] {scheduler_job.py:643} INFO - DAG(s) dict_keys(['example_kubernetes_executor']) retrieved from /home/airflow/.local/lib/python3.6/site-packages/airflow/example_dags/example_kubernetes_executor.py
[2022-06-21 07:23:05,648] {logging_mixin.py:104} INFO - [2022-06-21 07:23:05,648] {dag.py:1832} INFO - Sync 1 DAGs
[2022-06-21 07:23:05,663] {logging_mixin.py:104} INFO - [2022-06-21 07:23:05,663] {dag.py:2305} INFO - Setting next_dagrun for example_kubernetes_executor to None
[2022-06-21 07:23:05,677] {scheduler_job.py:190} INFO - Processing /home/airflow/.local/lib/python3.6/site-packages/airflow/example_dags/example_kubernetes_executor.py took 0.084 seconds
[2022-06-21 07:23:36,344] {scheduler_job.py:182} INFO - Started process (PID=343) to work on /home/airflow/.local/lib/python3.6/site-packages/airflow/example_dags/example_kubernetes_executor.py
[2022-06-21 07:23:36,347] {scheduler_job.py:633} INFO - Processing file /home/airflow/.local/lib/python3.6/site-packages/airflow/example_dags/example_kubernetes_executor.py for tasks to queue
[2022-06-21 07:23:36,348] {logging_mixin.py:104} INFO - [2022-06-21 07:23:36,348] {dagbag.py:487} INFO - Filling up the DagBag from /home/airflow/.local/lib/python3.6/site-packages/airflow/example_dags/example_kubernetes_executor.py
[2022-06-21 07:23:36,371] {scheduler_job.py:643} INFO - DAG(s) dict_keys(['example_kubernetes_executor']) retrieved from /home/airflow/.local/lib/python3.6/site-packages/airflow/example_dags/example_kubernetes_executor.py
[2022-06-21 07:23:36,396] {logging_mixin.py:104} INFO - [2022-06-21 07:23:36,396] {dag.py:1832} INFO - Sync 1 DAGs
[2022-06-21 07:23:36,414] {logging_mixin.py:104} INFO - [2022-06-21 07:23:36,414] {dag.py:2305} INFO - Setting next_dagrun for example_kubernetes_executor to None
[2022-06-21 07:23:36,426] {scheduler_job.py:190} INFO - Processing /home/airflow/.local/lib/python3.6/site-packages/airflow/example_dags/example_kubernetes_executor.py took 0.087 seconds
[2022-06-21 07:24:06,552] {scheduler_job.py:182} INFO - Started process (PID=406) to work on /home/airflow/.local/lib/python3.6/site-packages/airflow/example_dags/example_kubernetes_executor.py
[2022-06-21 07:24:06,555] {scheduler_job.py:633} INFO - Processing file /home/airflow/.local/lib/python3.6/site-packages/airflow/example_dags/example_kubernetes_executor.py for tasks to queue
[2022-06-21 07:24:06,557] {logging_mixin.py:104} INFO - [2022-06-21 07:24:06,557] {dagbag.py:487} INFO - Filling up the DagBag from /home/airflow/.local/lib/python3.6/site-packages/airflow/example_dags/example_kubernetes_executor.py
[2022-06-21 07:24:06,577] {scheduler_job.py:643} INFO - DAG(s) dict_keys(['example_kubernetes_executor']) retrieved from /home/airflow/.local/lib/python3.6/site-packages/airflow/example_dags/example_kubernetes_executor.py
[2022-06-21 07:24:06,619] {logging_mixin.py:104} INFO - [2022-06-21 07:24:06,618] {dag.py:1832} INFO - Sync 1 DAGs
[2022-06-21 07:24:06,646] {logging_mixin.py:104} INFO - [2022-06-21 07:24:06,646] {dag.py:2305} INFO - Setting next_dagrun for example_kubernetes_executor to None
[2022-06-21 07:24:06,660] {scheduler_job.py:190} INFO - Processing /home/airflow/.local/lib/python3.6/site-packages/airflow/example_dags/example_kubernetes_executor.py took 0.113 seconds
[2022-06-21 07:24:46,834] {scheduler_job.py:182} INFO - Started process (PID=68) to work on /home/airflow/.local/lib/python3.6/site-packages/airflow/example_dags/example_kubernetes_executor.py
[2022-06-21 07:24:46,843] {scheduler_job.py:633} INFO - Processing file /home/airflow/.local/lib/python3.6/site-packages/airflow/example_dags/example_kubernetes_executor.py for tasks to queue
[2022-06-21 07:24:46,851] {logging_mixin.py:104} INFO - [2022-06-21 07:24:46,851] {dagbag.py:487} INFO - Filling up the DagBag from /home/airflow/.local/lib/python3.6/site-packages/airflow/example_dags/example_kubernetes_executor.py
[2022-06-21 07:24:46,885] {scheduler_job.py:643} INFO - DAG(s) dict_keys(['example_kubernetes_executor']) retrieved from /home/airflow/.local/lib/python3.6/site-packages/airflow/example_dags/example_kubernetes_executor.py
[2022-06-21 07:24:46,980] {logging_mixin.py:104} INFO - [2022-06-21 07:24:46,979] {dag.py:1832} INFO - Sync 1 DAGs
[2022-06-21 07:24:47,023] {logging_mixin.py:104} INFO - [2022-06-21 07:24:47,023] {dag.py:2305} INFO - Setting next_dagrun for example_kubernetes_executor to None
[2022-06-21 07:24:47,071] {scheduler_job.py:190} INFO - Processing /home/airflow/.local/lib/python3.6/site-packages/airflow/example_dags/example_kubernetes_executor.py took 0.246 seconds
[2022-06-21 07:25:19,705] {scheduler_job.py:182} INFO - Started process (PID=120) to work on /home/airflow/.local/lib/python3.6/site-packages/airflow/example_dags/example_kubernetes_executor.py
[2022-06-21 07:25:19,708] {scheduler_job.py:633} INFO - Processing file /home/airflow/.local/lib/python3.6/site-packages/airflow/example_dags/example_kubernetes_executor.py for tasks to queue
[2022-06-21 07:25:19,710] {logging_mixin.py:104} INFO - [2022-06-21 07:25:19,710] {dagbag.py:487} INFO - Filling up the DagBag from /home/airflow/.local/lib/python3.6/site-packages/airflow/example_dags/example_kubernetes_executor.py
[2022-06-21 07:25:19,740] {scheduler_job.py:643} INFO - DAG(s) dict_keys(['example_kubernetes_executor']) retrieved from /home/airflow/.local/lib/python3.6/site-packages/airflow/example_dags/example_kubernetes_executor.py
[2022-06-21 07:25:19,781] {logging_mixin.py:104} INFO - [2022-06-21 07:25:19,781] {dag.py:1832} INFO - Sync 1 DAGs
[2022-06-21 07:25:19,803] {logging_mixin.py:104} INFO - [2022-06-21 07:25:19,803] {dag.py:2305} INFO - Setting next_dagrun for example_kubernetes_executor to None
[2022-06-21 07:25:19,819] {scheduler_job.py:190} INFO - Processing /home/airflow/.local/lib/python3.6/site-packages/airflow/example_dags/example_kubernetes_executor.py took 0.124 seconds
[2022-06-21 07:25:50,314] {scheduler_job.py:182} INFO - Started process (PID=177) to work on /home/airflow/.local/lib/python3.6/site-packages/airflow/example_dags/example_kubernetes_executor.py
[2022-06-21 07:25:50,317] {scheduler_job.py:633} INFO - Processing file /home/airflow/.local/lib/python3.6/site-packages/airflow/example_dags/example_kubernetes_executor.py for tasks to queue
[2022-06-21 07:25:50,319] {logging_mixin.py:104} INFO - [2022-06-21 07:25:50,318] {dagbag.py:487} INFO - Filling up the DagBag from /home/airflow/.local/lib/python3.6/site-packages/airflow/example_dags/example_kubernetes_executor.py
[2022-06-21 07:25:50,355] {scheduler_job.py:643} INFO - DAG(s) dict_keys(['example_kubernetes_executor']) retrieved from /home/airflow/.local/lib/python3.6/site-packages/airflow/example_dags/example_kubernetes_executor.py
[2022-06-21 07:25:50,391] {logging_mixin.py:104} INFO - [2022-06-21 07:25:50,391] {dag.py:1832} INFO - Sync 1 DAGs
[2022-06-21 07:25:50,431] {logging_mixin.py:104} INFO - [2022-06-21 07:25:50,431] {dag.py:2305} INFO - Setting next_dagrun for example_kubernetes_executor to None
[2022-06-21 07:25:50,449] {scheduler_job.py:190} INFO - Processing /home/airflow/.local/lib/python3.6/site-packages/airflow/example_dags/example_kubernetes_executor.py took 0.140 seconds
[2022-06-21 07:26:58,925] {scheduler_job.py:182} INFO - Started process (PID=234) to work on /home/airflow/.local/lib/python3.6/site-packages/airflow/example_dags/example_kubernetes_executor.py
[2022-06-21 07:26:58,928] {scheduler_job.py:633} INFO - Processing file /home/airflow/.local/lib/python3.6/site-packages/airflow/example_dags/example_kubernetes_executor.py for tasks to queue
[2022-06-21 07:26:58,930] {logging_mixin.py:104} INFO - [2022-06-21 07:26:58,929] {dagbag.py:487} INFO - Filling up the DagBag from /home/airflow/.local/lib/python3.6/site-packages/airflow/example_dags/example_kubernetes_executor.py
[2022-06-21 07:26:58,957] {scheduler_job.py:643} INFO - DAG(s) dict_keys(['example_kubernetes_executor']) retrieved from /home/airflow/.local/lib/python3.6/site-packages/airflow/example_dags/example_kubernetes_executor.py
[2022-06-21 07:26:58,987] {logging_mixin.py:104} INFO - [2022-06-21 07:26:58,987] {dag.py:1832} INFO - Sync 1 DAGs
[2022-06-21 07:26:59,010] {logging_mixin.py:104} INFO - [2022-06-21 07:26:59,010] {dag.py:2305} INFO - Setting next_dagrun for example_kubernetes_executor to None
[2022-06-21 07:26:59,026] {scheduler_job.py:190} INFO - Processing /home/airflow/.local/lib/python3.6/site-packages/airflow/example_dags/example_kubernetes_executor.py took 0.105 seconds
[2022-06-21 07:27:30,062] {scheduler_job.py:182} INFO - Started process (PID=287) to work on /home/airflow/.local/lib/python3.6/site-packages/airflow/example_dags/example_kubernetes_executor.py
[2022-06-21 07:27:30,064] {scheduler_job.py:633} INFO - Processing file /home/airflow/.local/lib/python3.6/site-packages/airflow/example_dags/example_kubernetes_executor.py for tasks to queue
[2022-06-21 07:27:30,065] {logging_mixin.py:104} INFO - [2022-06-21 07:27:30,065] {dagbag.py:487} INFO - Filling up the DagBag from /home/airflow/.local/lib/python3.6/site-packages/airflow/example_dags/example_kubernetes_executor.py
[2022-06-21 07:27:30,085] {scheduler_job.py:643} INFO - DAG(s) dict_keys(['example_kubernetes_executor']) retrieved from /home/airflow/.local/lib/python3.6/site-packages/airflow/example_dags/example_kubernetes_executor.py
[2022-06-21 07:27:30,110] {logging_mixin.py:104} INFO - [2022-06-21 07:27:30,110] {dag.py:1832} INFO - Sync 1 DAGs
[2022-06-21 07:27:30,130] {logging_mixin.py:104} INFO - [2022-06-21 07:27:30,130] {dag.py:2305} INFO - Setting next_dagrun for example_kubernetes_executor to None
[2022-06-21 07:27:30,144] {scheduler_job.py:190} INFO - Processing /home/airflow/.local/lib/python3.6/site-packages/airflow/example_dags/example_kubernetes_executor.py took 0.087 seconds
[2022-06-21 07:28:05,143] {scheduler_job.py:182} INFO - Started process (PID=334) to work on /home/airflow/.local/lib/python3.6/site-packages/airflow/example_dags/example_kubernetes_executor.py
[2022-06-21 07:28:05,145] {scheduler_job.py:633} INFO - Processing file /home/airflow/.local/lib/python3.6/site-packages/airflow/example_dags/example_kubernetes_executor.py for tasks to queue
[2022-06-21 07:28:05,147] {logging_mixin.py:104} INFO - [2022-06-21 07:28:05,146] {dagbag.py:487} INFO - Filling up the DagBag from /home/airflow/.local/lib/python3.6/site-packages/airflow/example_dags/example_kubernetes_executor.py
[2022-06-21 07:28:05,167] {scheduler_job.py:643} INFO - DAG(s) dict_keys(['example_kubernetes_executor']) retrieved from /home/airflow/.local/lib/python3.6/site-packages/airflow/example_dags/example_kubernetes_executor.py
[2022-06-21 07:28:05,197] {logging_mixin.py:104} INFO - [2022-06-21 07:28:05,197] {dag.py:1832} INFO - Sync 1 DAGs
[2022-06-21 07:28:05,220] {logging_mixin.py:104} INFO - [2022-06-21 07:28:05,220] {dag.py:2305} INFO - Setting next_dagrun for example_kubernetes_executor to None
[2022-06-21 07:28:05,237] {scheduler_job.py:190} INFO - Processing /home/airflow/.local/lib/python3.6/site-packages/airflow/example_dags/example_kubernetes_executor.py took 0.098 seconds
[2022-06-21 07:28:35,573] {scheduler_job.py:182} INFO - Started process (PID=394) to work on /home/airflow/.local/lib/python3.6/site-packages/airflow/example_dags/example_kubernetes_executor.py
[2022-06-21 07:28:35,577] {scheduler_job.py:633} INFO - Processing file /home/airflow/.local/lib/python3.6/site-packages/airflow/example_dags/example_kubernetes_executor.py for tasks to queue
[2022-06-21 07:28:35,579] {logging_mixin.py:104} INFO - [2022-06-21 07:28:35,579] {dagbag.py:487} INFO - Filling up the DagBag from /home/airflow/.local/lib/python3.6/site-packages/airflow/example_dags/example_kubernetes_executor.py
[2022-06-21 07:28:35,606] {scheduler_job.py:643} INFO - DAG(s) dict_keys(['example_kubernetes_executor']) retrieved from /home/airflow/.local/lib/python3.6/site-packages/airflow/example_dags/example_kubernetes_executor.py
[2022-06-21 07:28:35,640] {logging_mixin.py:104} INFO - [2022-06-21 07:28:35,640] {dag.py:1832} INFO - Sync 1 DAGs
[2022-06-21 07:28:35,663] {logging_mixin.py:104} INFO - [2022-06-21 07:28:35,663] {dag.py:2305} INFO - Setting next_dagrun for example_kubernetes_executor to None
[2022-06-21 07:28:35,680] {scheduler_job.py:190} INFO - Processing /home/airflow/.local/lib/python3.6/site-packages/airflow/example_dags/example_kubernetes_executor.py took 0.110 seconds
[2022-06-21 07:29:28,093] {scheduler_job.py:182} INFO - Started process (PID=50) to work on /home/airflow/.local/lib/python3.6/site-packages/airflow/example_dags/example_kubernetes_executor.py
[2022-06-21 07:29:28,095] {scheduler_job.py:633} INFO - Processing file /home/airflow/.local/lib/python3.6/site-packages/airflow/example_dags/example_kubernetes_executor.py for tasks to queue
[2022-06-21 07:29:28,096] {logging_mixin.py:104} INFO - [2022-06-21 07:29:28,096] {dagbag.py:487} INFO - Filling up the DagBag from /home/airflow/.local/lib/python3.6/site-packages/airflow/example_dags/example_kubernetes_executor.py
[2022-06-21 07:29:28,109] {scheduler_job.py:643} INFO - DAG(s) dict_keys(['example_kubernetes_executor']) retrieved from /home/airflow/.local/lib/python3.6/site-packages/airflow/example_dags/example_kubernetes_executor.py
[2022-06-21 07:29:28,132] {logging_mixin.py:104} INFO - [2022-06-21 07:29:28,132] {dag.py:1832} INFO - Sync 1 DAGs
[2022-06-21 07:29:28,147] {logging_mixin.py:104} INFO - [2022-06-21 07:29:28,147] {dag.py:2305} INFO - Setting next_dagrun for example_kubernetes_executor to None
[2022-06-21 07:29:28,157] {scheduler_job.py:190} INFO - Processing /home/airflow/.local/lib/python3.6/site-packages/airflow/example_dags/example_kubernetes_executor.py took 0.067 seconds
[2022-06-21 07:29:58,333] {scheduler_job.py:182} INFO - Started process (PID=125) to work on /home/airflow/.local/lib/python3.6/site-packages/airflow/example_dags/example_kubernetes_executor.py
[2022-06-21 07:29:58,335] {scheduler_job.py:633} INFO - Processing file /home/airflow/.local/lib/python3.6/site-packages/airflow/example_dags/example_kubernetes_executor.py for tasks to queue
[2022-06-21 07:29:58,337] {logging_mixin.py:104} INFO - [2022-06-21 07:29:58,337] {dagbag.py:487} INFO - Filling up the DagBag from /home/airflow/.local/lib/python3.6/site-packages/airflow/example_dags/example_kubernetes_executor.py
[2022-06-21 07:29:58,351] {scheduler_job.py:643} INFO - DAG(s) dict_keys(['example_kubernetes_executor']) retrieved from /home/airflow/.local/lib/python3.6/site-packages/airflow/example_dags/example_kubernetes_executor.py
[2022-06-21 07:29:58,375] {logging_mixin.py:104} INFO - [2022-06-21 07:29:58,375] {dag.py:1832} INFO - Sync 1 DAGs
[2022-06-21 07:29:58,390] {logging_mixin.py:104} INFO - [2022-06-21 07:29:58,390] {dag.py:2305} INFO - Setting next_dagrun for example_kubernetes_executor to None
[2022-06-21 07:29:58,400] {scheduler_job.py:190} INFO - Processing /home/airflow/.local/lib/python3.6/site-packages/airflow/example_dags/example_kubernetes_executor.py took 0.071 seconds
[2022-06-21 07:30:28,518] {scheduler_job.py:182} INFO - Started process (PID=187) to work on /home/airflow/.local/lib/python3.6/site-packages/airflow/example_dags/example_kubernetes_executor.py
[2022-06-21 07:30:28,520] {scheduler_job.py:633} INFO - Processing file /home/airflow/.local/lib/python3.6/site-packages/airflow/example_dags/example_kubernetes_executor.py for tasks to queue
[2022-06-21 07:30:28,521] {logging_mixin.py:104} INFO - [2022-06-21 07:30:28,521] {dagbag.py:487} INFO - Filling up the DagBag from /home/airflow/.local/lib/python3.6/site-packages/airflow/example_dags/example_kubernetes_executor.py
[2022-06-21 07:30:28,533] {scheduler_job.py:643} INFO - DAG(s) dict_keys(['example_kubernetes_executor']) retrieved from /home/airflow/.local/lib/python3.6/site-packages/airflow/example_dags/example_kubernetes_executor.py
[2022-06-21 07:30:28,555] {logging_mixin.py:104} INFO - [2022-06-21 07:30:28,555] {dag.py:1832} INFO - Sync 1 DAGs
[2022-06-21 07:30:28,569] {logging_mixin.py:104} INFO - [2022-06-21 07:30:28,569] {dag.py:2305} INFO - Setting next_dagrun for example_kubernetes_executor to None
[2022-06-21 07:30:28,577] {scheduler_job.py:190} INFO - Processing /home/airflow/.local/lib/python3.6/site-packages/airflow/example_dags/example_kubernetes_executor.py took 0.063 seconds
[2022-06-21 07:31:34,102] {scheduler_job.py:182} INFO - Started process (PID=66) to work on /home/airflow/.local/lib/python3.6/site-packages/airflow/example_dags/example_kubernetes_executor.py
[2022-06-21 07:31:34,107] {scheduler_job.py:633} INFO - Processing file /home/airflow/.local/lib/python3.6/site-packages/airflow/example_dags/example_kubernetes_executor.py for tasks to queue
[2022-06-21 07:31:34,114] {logging_mixin.py:104} INFO - [2022-06-21 07:31:34,114] {dagbag.py:487} INFO - Filling up the DagBag from /home/airflow/.local/lib/python3.6/site-packages/airflow/example_dags/example_kubernetes_executor.py
[2022-06-21 07:31:34,142] {scheduler_job.py:643} INFO - DAG(s) dict_keys(['example_kubernetes_executor']) retrieved from /home/airflow/.local/lib/python3.6/site-packages/airflow/example_dags/example_kubernetes_executor.py
[2022-06-21 07:31:34,220] {logging_mixin.py:104} INFO - [2022-06-21 07:31:34,219] {dag.py:1832} INFO - Sync 1 DAGs
[2022-06-21 07:31:34,297] {logging_mixin.py:104} INFO - [2022-06-21 07:31:34,296] {dag.py:2305} INFO - Setting next_dagrun for example_kubernetes_executor to None
[2022-06-21 07:31:34,358] {scheduler_job.py:190} INFO - Processing /home/airflow/.local/lib/python3.6/site-packages/airflow/example_dags/example_kubernetes_executor.py took 0.260 seconds
[2022-06-21 07:32:04,413] {scheduler_job.py:182} INFO - Started process (PID=129) to work on /home/airflow/.local/lib/python3.6/site-packages/airflow/example_dags/example_kubernetes_executor.py
[2022-06-21 07:32:04,415] {scheduler_job.py:633} INFO - Processing file /home/airflow/.local/lib/python3.6/site-packages/airflow/example_dags/example_kubernetes_executor.py for tasks to queue
[2022-06-21 07:32:04,416] {logging_mixin.py:104} INFO - [2022-06-21 07:32:04,416] {dagbag.py:487} INFO - Filling up the DagBag from /home/airflow/.local/lib/python3.6/site-packages/airflow/example_dags/example_kubernetes_executor.py
[2022-06-21 07:32:04,433] {scheduler_job.py:643} INFO - DAG(s) dict_keys(['example_kubernetes_executor']) retrieved from /home/airflow/.local/lib/python3.6/site-packages/airflow/example_dags/example_kubernetes_executor.py
[2022-06-21 07:32:04,453] {logging_mixin.py:104} INFO - [2022-06-21 07:32:04,453] {dag.py:1832} INFO - Sync 1 DAGs
[2022-06-21 07:32:04,470] {logging_mixin.py:104} INFO - [2022-06-21 07:32:04,470] {dag.py:2305} INFO - Setting next_dagrun for example_kubernetes_executor to None
[2022-06-21 07:32:04,487] {scheduler_job.py:190} INFO - Processing /home/airflow/.local/lib/python3.6/site-packages/airflow/example_dags/example_kubernetes_executor.py took 0.078 seconds
[2022-06-21 07:32:35,700] {scheduler_job.py:182} INFO - Started process (PID=209) to work on /home/airflow/.local/lib/python3.6/site-packages/airflow/example_dags/example_kubernetes_executor.py
[2022-06-21 07:32:35,703] {scheduler_job.py:633} INFO - Processing file /home/airflow/.local/lib/python3.6/site-packages/airflow/example_dags/example_kubernetes_executor.py for tasks to queue
[2022-06-21 07:32:35,705] {logging_mixin.py:104} INFO - [2022-06-21 07:32:35,704] {dagbag.py:487} INFO - Filling up the DagBag from /home/airflow/.local/lib/python3.6/site-packages/airflow/example_dags/example_kubernetes_executor.py
[2022-06-21 07:32:35,725] {scheduler_job.py:643} INFO - DAG(s) dict_keys(['example_kubernetes_executor']) retrieved from /home/airflow/.local/lib/python3.6/site-packages/airflow/example_dags/example_kubernetes_executor.py
[2022-06-21 07:32:35,752] {logging_mixin.py:104} INFO - [2022-06-21 07:32:35,752] {dag.py:1832} INFO - Sync 1 DAGs
[2022-06-21 07:32:35,775] {logging_mixin.py:104} INFO - [2022-06-21 07:32:35,775] {dag.py:2305} INFO - Setting next_dagrun for example_kubernetes_executor to None
[2022-06-21 07:32:35,789] {scheduler_job.py:190} INFO - Processing /home/airflow/.local/lib/python3.6/site-packages/airflow/example_dags/example_kubernetes_executor.py took 0.093 seconds
[2022-06-21 07:33:06,919] {scheduler_job.py:182} INFO - Started process (PID=279) to work on /home/airflow/.local/lib/python3.6/site-packages/airflow/example_dags/example_kubernetes_executor.py
[2022-06-21 07:33:06,921] {scheduler_job.py:633} INFO - Processing file /home/airflow/.local/lib/python3.6/site-packages/airflow/example_dags/example_kubernetes_executor.py for tasks to queue
[2022-06-21 07:33:06,922] {logging_mixin.py:104} INFO - [2022-06-21 07:33:06,922] {dagbag.py:487} INFO - Filling up the DagBag from /home/airflow/.local/lib/python3.6/site-packages/airflow/example_dags/example_kubernetes_executor.py
[2022-06-21 07:33:06,939] {scheduler_job.py:643} INFO - DAG(s) dict_keys(['example_kubernetes_executor']) retrieved from /home/airflow/.local/lib/python3.6/site-packages/airflow/example_dags/example_kubernetes_executor.py
[2022-06-21 07:33:06,962] {logging_mixin.py:104} INFO - [2022-06-21 07:33:06,962] {dag.py:1832} INFO - Sync 1 DAGs
[2022-06-21 07:33:06,977] {logging_mixin.py:104} INFO - [2022-06-21 07:33:06,977] {dag.py:2305} INFO - Setting next_dagrun for example_kubernetes_executor to None
[2022-06-21 07:33:06,986] {scheduler_job.py:190} INFO - Processing /home/airflow/.local/lib/python3.6/site-packages/airflow/example_dags/example_kubernetes_executor.py took 0.071 seconds
[2022-06-21 07:33:37,084] {scheduler_job.py:182} INFO - Started process (PID=356) to work on /home/airflow/.local/lib/python3.6/site-packages/airflow/example_dags/example_kubernetes_executor.py
[2022-06-21 07:33:37,087] {scheduler_job.py:633} INFO - Processing file /home/airflow/.local/lib/python3.6/site-packages/airflow/example_dags/example_kubernetes_executor.py for tasks to queue
[2022-06-21 07:33:37,088] {logging_mixin.py:104} INFO - [2022-06-21 07:33:37,088] {dagbag.py:487} INFO - Filling up the DagBag from /home/airflow/.local/lib/python3.6/site-packages/airflow/example_dags/example_kubernetes_executor.py
[2022-06-21 07:33:37,105] {scheduler_job.py:643} INFO - DAG(s) dict_keys(['example_kubernetes_executor']) retrieved from /home/airflow/.local/lib/python3.6/site-packages/airflow/example_dags/example_kubernetes_executor.py
[2022-06-21 07:33:37,124] {logging_mixin.py:104} INFO - [2022-06-21 07:33:37,124] {dag.py:1832} INFO - Sync 1 DAGs
[2022-06-21 07:33:37,138] {logging_mixin.py:104} INFO - [2022-06-21 07:33:37,138] {dag.py:2305} INFO - Setting next_dagrun for example_kubernetes_executor to None
[2022-06-21 07:33:37,148] {scheduler_job.py:190} INFO - Processing /home/airflow/.local/lib/python3.6/site-packages/airflow/example_dags/example_kubernetes_executor.py took 0.067 seconds
