[2022-06-21 06:56:27,017] {scheduler_job.py:182} INFO - Started process (PID=119) to work on /home/airflow/.local/lib/python3.6/site-packages/airflow/example_dags/example_skip_dag.py
[2022-06-21 06:56:27,019] {scheduler_job.py:633} INFO - Processing file /home/airflow/.local/lib/python3.6/site-packages/airflow/example_dags/example_skip_dag.py for tasks to queue
[2022-06-21 06:56:27,021] {logging_mixin.py:104} INFO - [2022-06-21 06:56:27,021] {dagbag.py:487} INFO - Filling up the DagBag from /home/airflow/.local/lib/python3.6/site-packages/airflow/example_dags/example_skip_dag.py
[2022-06-21 06:56:27,041] {scheduler_job.py:643} INFO - DAG(s) dict_keys(['example_skip_dag']) retrieved from /home/airflow/.local/lib/python3.6/site-packages/airflow/example_dags/example_skip_dag.py
[2022-06-21 06:56:30,239] {logging_mixin.py:104} INFO - [2022-06-21 06:56:30,238] {dag.py:1832} INFO - Sync 1 DAGs
[2022-06-21 06:56:30,269] {logging_mixin.py:104} INFO - [2022-06-21 06:56:30,266] {dag.py:1851} INFO - Creating ORM DAG for example_skip_dag
[2022-06-21 06:56:30,281] {logging_mixin.py:104} INFO - [2022-06-21 06:56:30,281] {dag.py:2305} INFO - Setting next_dagrun for example_skip_dag to 2022-06-19 00:00:00+00:00
[2022-06-21 06:56:30,309] {scheduler_job.py:190} INFO - Processing /home/airflow/.local/lib/python3.6/site-packages/airflow/example_dags/example_skip_dag.py took 3.297 seconds
[2022-06-21 06:58:07,273] {scheduler_job.py:182} INFO - Started process (PID=188) to work on /home/airflow/.local/lib/python3.6/site-packages/airflow/example_dags/example_skip_dag.py
[2022-06-21 06:58:07,281] {scheduler_job.py:633} INFO - Processing file /home/airflow/.local/lib/python3.6/site-packages/airflow/example_dags/example_skip_dag.py for tasks to queue
[2022-06-21 06:58:07,284] {logging_mixin.py:104} INFO - [2022-06-21 06:58:07,284] {dagbag.py:487} INFO - Filling up the DagBag from /home/airflow/.local/lib/python3.6/site-packages/airflow/example_dags/example_skip_dag.py
[2022-06-21 06:58:07,308] {scheduler_job.py:643} INFO - DAG(s) dict_keys(['example_skip_dag']) retrieved from /home/airflow/.local/lib/python3.6/site-packages/airflow/example_dags/example_skip_dag.py
[2022-06-21 06:58:07,350] {logging_mixin.py:104} INFO - [2022-06-21 06:58:07,350] {dag.py:1832} INFO - Sync 1 DAGs
[2022-06-21 06:58:07,378] {logging_mixin.py:104} INFO - [2022-06-21 06:58:07,378] {dag.py:2305} INFO - Setting next_dagrun for example_skip_dag to 2022-06-19 00:00:00+00:00
[2022-06-21 06:58:07,403] {scheduler_job.py:190} INFO - Processing /home/airflow/.local/lib/python3.6/site-packages/airflow/example_dags/example_skip_dag.py took 0.140 seconds
[2022-06-21 06:58:47,301] {scheduler_job.py:182} INFO - Started process (PID=266) to work on /home/airflow/.local/lib/python3.6/site-packages/airflow/example_dags/example_skip_dag.py
[2022-06-21 06:58:47,303] {scheduler_job.py:633} INFO - Processing file /home/airflow/.local/lib/python3.6/site-packages/airflow/example_dags/example_skip_dag.py for tasks to queue
[2022-06-21 06:58:47,305] {logging_mixin.py:104} INFO - [2022-06-21 06:58:47,305] {dagbag.py:487} INFO - Filling up the DagBag from /home/airflow/.local/lib/python3.6/site-packages/airflow/example_dags/example_skip_dag.py
[2022-06-21 06:58:47,322] {scheduler_job.py:643} INFO - DAG(s) dict_keys(['example_skip_dag']) retrieved from /home/airflow/.local/lib/python3.6/site-packages/airflow/example_dags/example_skip_dag.py
[2022-06-21 06:58:47,348] {logging_mixin.py:104} INFO - [2022-06-21 06:58:47,348] {dag.py:1832} INFO - Sync 1 DAGs
[2022-06-21 06:58:47,364] {logging_mixin.py:104} INFO - [2022-06-21 06:58:47,364] {dag.py:2305} INFO - Setting next_dagrun for example_skip_dag to 2022-06-19 00:00:00+00:00
[2022-06-21 06:58:47,379] {scheduler_job.py:190} INFO - Processing /home/airflow/.local/lib/python3.6/site-packages/airflow/example_dags/example_skip_dag.py took 0.083 seconds
[2022-06-21 06:59:17,704] {scheduler_job.py:182} INFO - Started process (PID=318) to work on /home/airflow/.local/lib/python3.6/site-packages/airflow/example_dags/example_skip_dag.py
[2022-06-21 06:59:17,707] {scheduler_job.py:633} INFO - Processing file /home/airflow/.local/lib/python3.6/site-packages/airflow/example_dags/example_skip_dag.py for tasks to queue
[2022-06-21 06:59:17,709] {logging_mixin.py:104} INFO - [2022-06-21 06:59:17,708] {dagbag.py:487} INFO - Filling up the DagBag from /home/airflow/.local/lib/python3.6/site-packages/airflow/example_dags/example_skip_dag.py
[2022-06-21 06:59:17,735] {scheduler_job.py:643} INFO - DAG(s) dict_keys(['example_skip_dag']) retrieved from /home/airflow/.local/lib/python3.6/site-packages/airflow/example_dags/example_skip_dag.py
[2022-06-21 06:59:17,777] {logging_mixin.py:104} INFO - [2022-06-21 06:59:17,777] {dag.py:1832} INFO - Sync 1 DAGs
[2022-06-21 06:59:17,794] {logging_mixin.py:104} INFO - [2022-06-21 06:59:17,794] {dag.py:2305} INFO - Setting next_dagrun for example_skip_dag to 2022-06-19 00:00:00+00:00
[2022-06-21 06:59:17,808] {scheduler_job.py:190} INFO - Processing /home/airflow/.local/lib/python3.6/site-packages/airflow/example_dags/example_skip_dag.py took 0.110 seconds
[2022-06-21 06:59:55,960] {scheduler_job.py:182} INFO - Started process (PID=362) to work on /home/airflow/.local/lib/python3.6/site-packages/airflow/example_dags/example_skip_dag.py
[2022-06-21 06:59:55,969] {scheduler_job.py:633} INFO - Processing file /home/airflow/.local/lib/python3.6/site-packages/airflow/example_dags/example_skip_dag.py for tasks to queue
[2022-06-21 06:59:55,972] {logging_mixin.py:104} INFO - [2022-06-21 06:59:55,971] {dagbag.py:487} INFO - Filling up the DagBag from /home/airflow/.local/lib/python3.6/site-packages/airflow/example_dags/example_skip_dag.py
[2022-06-21 06:59:56,000] {scheduler_job.py:643} INFO - DAG(s) dict_keys(['example_skip_dag']) retrieved from /home/airflow/.local/lib/python3.6/site-packages/airflow/example_dags/example_skip_dag.py
[2022-06-21 06:59:56,066] {logging_mixin.py:104} INFO - [2022-06-21 06:59:56,065] {dag.py:1832} INFO - Sync 1 DAGs
[2022-06-21 06:59:56,100] {logging_mixin.py:104} INFO - [2022-06-21 06:59:56,100] {dag.py:2305} INFO - Setting next_dagrun for example_skip_dag to 2022-06-19 00:00:00+00:00
[2022-06-21 06:59:56,133] {scheduler_job.py:190} INFO - Processing /home/airflow/.local/lib/python3.6/site-packages/airflow/example_dags/example_skip_dag.py took 0.185 seconds
[2022-06-21 07:00:26,542] {scheduler_job.py:182} INFO - Started process (PID=424) to work on /home/airflow/.local/lib/python3.6/site-packages/airflow/example_dags/example_skip_dag.py
[2022-06-21 07:00:26,544] {scheduler_job.py:633} INFO - Processing file /home/airflow/.local/lib/python3.6/site-packages/airflow/example_dags/example_skip_dag.py for tasks to queue
[2022-06-21 07:00:26,546] {logging_mixin.py:104} INFO - [2022-06-21 07:00:26,546] {dagbag.py:487} INFO - Filling up the DagBag from /home/airflow/.local/lib/python3.6/site-packages/airflow/example_dags/example_skip_dag.py
[2022-06-21 07:00:26,568] {scheduler_job.py:643} INFO - DAG(s) dict_keys(['example_skip_dag']) retrieved from /home/airflow/.local/lib/python3.6/site-packages/airflow/example_dags/example_skip_dag.py
[2022-06-21 07:00:26,625] {logging_mixin.py:104} INFO - [2022-06-21 07:00:26,625] {dag.py:1832} INFO - Sync 1 DAGs
[2022-06-21 07:00:26,652] {logging_mixin.py:104} INFO - [2022-06-21 07:00:26,651] {dag.py:2305} INFO - Setting next_dagrun for example_skip_dag to 2022-06-19 00:00:00+00:00
[2022-06-21 07:00:26,671] {scheduler_job.py:190} INFO - Processing /home/airflow/.local/lib/python3.6/site-packages/airflow/example_dags/example_skip_dag.py took 0.135 seconds
[2022-06-21 07:00:56,974] {scheduler_job.py:182} INFO - Started process (PID=485) to work on /home/airflow/.local/lib/python3.6/site-packages/airflow/example_dags/example_skip_dag.py
[2022-06-21 07:00:56,976] {scheduler_job.py:633} INFO - Processing file /home/airflow/.local/lib/python3.6/site-packages/airflow/example_dags/example_skip_dag.py for tasks to queue
[2022-06-21 07:00:56,978] {logging_mixin.py:104} INFO - [2022-06-21 07:00:56,978] {dagbag.py:487} INFO - Filling up the DagBag from /home/airflow/.local/lib/python3.6/site-packages/airflow/example_dags/example_skip_dag.py
[2022-06-21 07:00:56,995] {scheduler_job.py:643} INFO - DAG(s) dict_keys(['example_skip_dag']) retrieved from /home/airflow/.local/lib/python3.6/site-packages/airflow/example_dags/example_skip_dag.py
[2022-06-21 07:00:57,027] {logging_mixin.py:104} INFO - [2022-06-21 07:00:57,027] {dag.py:1832} INFO - Sync 1 DAGs
[2022-06-21 07:00:57,045] {logging_mixin.py:104} INFO - [2022-06-21 07:00:57,045] {dag.py:2305} INFO - Setting next_dagrun for example_skip_dag to 2022-06-19 00:00:00+00:00
[2022-06-21 07:00:57,062] {scheduler_job.py:190} INFO - Processing /home/airflow/.local/lib/python3.6/site-packages/airflow/example_dags/example_skip_dag.py took 0.092 seconds
[2022-06-21 07:01:27,807] {scheduler_job.py:182} INFO - Started process (PID=531) to work on /home/airflow/.local/lib/python3.6/site-packages/airflow/example_dags/example_skip_dag.py
[2022-06-21 07:01:27,813] {scheduler_job.py:633} INFO - Processing file /home/airflow/.local/lib/python3.6/site-packages/airflow/example_dags/example_skip_dag.py for tasks to queue
[2022-06-21 07:01:27,817] {logging_mixin.py:104} INFO - [2022-06-21 07:01:27,816] {dagbag.py:487} INFO - Filling up the DagBag from /home/airflow/.local/lib/python3.6/site-packages/airflow/example_dags/example_skip_dag.py
[2022-06-21 07:01:27,869] {scheduler_job.py:643} INFO - DAG(s) dict_keys(['example_skip_dag']) retrieved from /home/airflow/.local/lib/python3.6/site-packages/airflow/example_dags/example_skip_dag.py
[2022-06-21 07:01:27,915] {logging_mixin.py:104} INFO - [2022-06-21 07:01:27,915] {dag.py:1832} INFO - Sync 1 DAGs
[2022-06-21 07:01:27,944] {logging_mixin.py:104} INFO - [2022-06-21 07:01:27,944] {dag.py:2305} INFO - Setting next_dagrun for example_skip_dag to 2022-06-19 00:00:00+00:00
[2022-06-21 07:01:27,963] {scheduler_job.py:190} INFO - Processing /home/airflow/.local/lib/python3.6/site-packages/airflow/example_dags/example_skip_dag.py took 0.178 seconds
[2022-06-21 07:04:54,726] {scheduler_job.py:182} INFO - Started process (PID=68) to work on /home/airflow/.local/lib/python3.6/site-packages/airflow/example_dags/example_skip_dag.py
[2022-06-21 07:04:54,733] {scheduler_job.py:633} INFO - Processing file /home/airflow/.local/lib/python3.6/site-packages/airflow/example_dags/example_skip_dag.py for tasks to queue
[2022-06-21 07:04:54,736] {logging_mixin.py:104} INFO - [2022-06-21 07:04:54,736] {dagbag.py:487} INFO - Filling up the DagBag from /home/airflow/.local/lib/python3.6/site-packages/airflow/example_dags/example_skip_dag.py
[2022-06-21 07:04:54,795] {scheduler_job.py:643} INFO - DAG(s) dict_keys(['example_skip_dag']) retrieved from /home/airflow/.local/lib/python3.6/site-packages/airflow/example_dags/example_skip_dag.py
[2022-06-21 07:04:54,860] {logging_mixin.py:104} INFO - [2022-06-21 07:04:54,859] {dag.py:1832} INFO - Sync 1 DAGs
[2022-06-21 07:04:54,895] {logging_mixin.py:104} INFO - [2022-06-21 07:04:54,895] {dag.py:2305} INFO - Setting next_dagrun for example_skip_dag to 2022-06-19 00:00:00+00:00
[2022-06-21 07:04:54,949] {scheduler_job.py:190} INFO - Processing /home/airflow/.local/lib/python3.6/site-packages/airflow/example_dags/example_skip_dag.py took 0.230 seconds
[2022-06-21 07:05:37,942] {scheduler_job.py:182} INFO - Started process (PID=130) to work on /home/airflow/.local/lib/python3.6/site-packages/airflow/example_dags/example_skip_dag.py
[2022-06-21 07:05:37,946] {scheduler_job.py:633} INFO - Processing file /home/airflow/.local/lib/python3.6/site-packages/airflow/example_dags/example_skip_dag.py for tasks to queue
[2022-06-21 07:05:37,949] {logging_mixin.py:104} INFO - [2022-06-21 07:05:37,948] {dagbag.py:487} INFO - Filling up the DagBag from /home/airflow/.local/lib/python3.6/site-packages/airflow/example_dags/example_skip_dag.py
[2022-06-21 07:05:37,981] {scheduler_job.py:643} INFO - DAG(s) dict_keys(['example_skip_dag']) retrieved from /home/airflow/.local/lib/python3.6/site-packages/airflow/example_dags/example_skip_dag.py
[2022-06-21 07:05:38,024] {logging_mixin.py:104} INFO - [2022-06-21 07:05:38,024] {dag.py:1832} INFO - Sync 1 DAGs
[2022-06-21 07:05:38,048] {logging_mixin.py:104} INFO - [2022-06-21 07:05:38,048] {dag.py:2305} INFO - Setting next_dagrun for example_skip_dag to 2022-06-19 00:00:00+00:00
[2022-06-21 07:05:38,070] {scheduler_job.py:190} INFO - Processing /home/airflow/.local/lib/python3.6/site-packages/airflow/example_dags/example_skip_dag.py took 0.135 seconds
[2022-06-21 07:06:08,220] {scheduler_job.py:182} INFO - Started process (PID=189) to work on /home/airflow/.local/lib/python3.6/site-packages/airflow/example_dags/example_skip_dag.py
[2022-06-21 07:06:08,224] {scheduler_job.py:633} INFO - Processing file /home/airflow/.local/lib/python3.6/site-packages/airflow/example_dags/example_skip_dag.py for tasks to queue
[2022-06-21 07:06:08,229] {logging_mixin.py:104} INFO - [2022-06-21 07:06:08,228] {dagbag.py:487} INFO - Filling up the DagBag from /home/airflow/.local/lib/python3.6/site-packages/airflow/example_dags/example_skip_dag.py
[2022-06-21 07:06:08,274] {scheduler_job.py:643} INFO - DAG(s) dict_keys(['example_skip_dag']) retrieved from /home/airflow/.local/lib/python3.6/site-packages/airflow/example_dags/example_skip_dag.py
[2022-06-21 07:06:08,323] {logging_mixin.py:104} INFO - [2022-06-21 07:06:08,323] {dag.py:1832} INFO - Sync 1 DAGs
[2022-06-21 07:06:08,356] {logging_mixin.py:104} INFO - [2022-06-21 07:06:08,356] {dag.py:2305} INFO - Setting next_dagrun for example_skip_dag to 2022-06-19 00:00:00+00:00
[2022-06-21 07:06:08,380] {scheduler_job.py:190} INFO - Processing /home/airflow/.local/lib/python3.6/site-packages/airflow/example_dags/example_skip_dag.py took 0.176 seconds
[2022-06-21 07:06:39,231] {scheduler_job.py:182} INFO - Started process (PID=254) to work on /home/airflow/.local/lib/python3.6/site-packages/airflow/example_dags/example_skip_dag.py
[2022-06-21 07:06:39,235] {scheduler_job.py:633} INFO - Processing file /home/airflow/.local/lib/python3.6/site-packages/airflow/example_dags/example_skip_dag.py for tasks to queue
[2022-06-21 07:06:39,237] {logging_mixin.py:104} INFO - [2022-06-21 07:06:39,237] {dagbag.py:487} INFO - Filling up the DagBag from /home/airflow/.local/lib/python3.6/site-packages/airflow/example_dags/example_skip_dag.py
[2022-06-21 07:06:39,256] {scheduler_job.py:643} INFO - DAG(s) dict_keys(['example_skip_dag']) retrieved from /home/airflow/.local/lib/python3.6/site-packages/airflow/example_dags/example_skip_dag.py
[2022-06-21 07:06:39,303] {logging_mixin.py:104} INFO - [2022-06-21 07:06:39,303] {dag.py:1832} INFO - Sync 1 DAGs
[2022-06-21 07:06:39,329] {logging_mixin.py:104} INFO - [2022-06-21 07:06:39,329] {dag.py:2305} INFO - Setting next_dagrun for example_skip_dag to 2022-06-19 00:00:00+00:00
[2022-06-21 07:06:39,348] {scheduler_job.py:190} INFO - Processing /home/airflow/.local/lib/python3.6/site-packages/airflow/example_dags/example_skip_dag.py took 0.121 seconds
[2022-06-21 07:07:22,847] {scheduler_job.py:182} INFO - Started process (PID=308) to work on /home/airflow/.local/lib/python3.6/site-packages/airflow/example_dags/example_skip_dag.py
[2022-06-21 07:07:22,851] {scheduler_job.py:633} INFO - Processing file /home/airflow/.local/lib/python3.6/site-packages/airflow/example_dags/example_skip_dag.py for tasks to queue
[2022-06-21 07:07:22,852] {logging_mixin.py:104} INFO - [2022-06-21 07:07:22,852] {dagbag.py:487} INFO - Filling up the DagBag from /home/airflow/.local/lib/python3.6/site-packages/airflow/example_dags/example_skip_dag.py
[2022-06-21 07:07:22,875] {scheduler_job.py:643} INFO - DAG(s) dict_keys(['example_skip_dag']) retrieved from /home/airflow/.local/lib/python3.6/site-packages/airflow/example_dags/example_skip_dag.py
[2022-06-21 07:07:22,915] {logging_mixin.py:104} INFO - [2022-06-21 07:07:22,915] {dag.py:1832} INFO - Sync 1 DAGs
[2022-06-21 07:07:22,944] {logging_mixin.py:104} INFO - [2022-06-21 07:07:22,943] {dag.py:2305} INFO - Setting next_dagrun for example_skip_dag to 2022-06-19 00:00:00+00:00
[2022-06-21 07:07:22,967] {scheduler_job.py:190} INFO - Processing /home/airflow/.local/lib/python3.6/site-packages/airflow/example_dags/example_skip_dag.py took 0.125 seconds
[2022-06-21 07:07:53,135] {scheduler_job.py:182} INFO - Started process (PID=369) to work on /home/airflow/.local/lib/python3.6/site-packages/airflow/example_dags/example_skip_dag.py
[2022-06-21 07:07:53,137] {scheduler_job.py:633} INFO - Processing file /home/airflow/.local/lib/python3.6/site-packages/airflow/example_dags/example_skip_dag.py for tasks to queue
[2022-06-21 07:07:53,138] {logging_mixin.py:104} INFO - [2022-06-21 07:07:53,138] {dagbag.py:487} INFO - Filling up the DagBag from /home/airflow/.local/lib/python3.6/site-packages/airflow/example_dags/example_skip_dag.py
[2022-06-21 07:07:53,155] {scheduler_job.py:643} INFO - DAG(s) dict_keys(['example_skip_dag']) retrieved from /home/airflow/.local/lib/python3.6/site-packages/airflow/example_dags/example_skip_dag.py
[2022-06-21 07:07:53,178] {logging_mixin.py:104} INFO - [2022-06-21 07:07:53,177] {dag.py:1832} INFO - Sync 1 DAGs
[2022-06-21 07:07:53,194] {logging_mixin.py:104} INFO - [2022-06-21 07:07:53,194] {dag.py:2305} INFO - Setting next_dagrun for example_skip_dag to 2022-06-19 00:00:00+00:00
[2022-06-21 07:07:53,205] {scheduler_job.py:190} INFO - Processing /home/airflow/.local/lib/python3.6/site-packages/airflow/example_dags/example_skip_dag.py took 0.074 seconds
[2022-06-21 07:08:24,061] {scheduler_job.py:182} INFO - Started process (PID=449) to work on /home/airflow/.local/lib/python3.6/site-packages/airflow/example_dags/example_skip_dag.py
[2022-06-21 07:08:24,064] {scheduler_job.py:633} INFO - Processing file /home/airflow/.local/lib/python3.6/site-packages/airflow/example_dags/example_skip_dag.py for tasks to queue
[2022-06-21 07:08:24,066] {logging_mixin.py:104} INFO - [2022-06-21 07:08:24,066] {dagbag.py:487} INFO - Filling up the DagBag from /home/airflow/.local/lib/python3.6/site-packages/airflow/example_dags/example_skip_dag.py
[2022-06-21 07:08:24,087] {scheduler_job.py:643} INFO - DAG(s) dict_keys(['example_skip_dag']) retrieved from /home/airflow/.local/lib/python3.6/site-packages/airflow/example_dags/example_skip_dag.py
[2022-06-21 07:08:24,116] {logging_mixin.py:104} INFO - [2022-06-21 07:08:24,115] {dag.py:1832} INFO - Sync 1 DAGs
[2022-06-21 07:08:24,140] {logging_mixin.py:104} INFO - [2022-06-21 07:08:24,140] {dag.py:2305} INFO - Setting next_dagrun for example_skip_dag to 2022-06-19 00:00:00+00:00
[2022-06-21 07:08:24,156] {scheduler_job.py:190} INFO - Processing /home/airflow/.local/lib/python3.6/site-packages/airflow/example_dags/example_skip_dag.py took 0.099 seconds
[2022-06-21 07:08:54,514] {scheduler_job.py:182} INFO - Started process (PID=510) to work on /home/airflow/.local/lib/python3.6/site-packages/airflow/example_dags/example_skip_dag.py
[2022-06-21 07:08:54,518] {scheduler_job.py:633} INFO - Processing file /home/airflow/.local/lib/python3.6/site-packages/airflow/example_dags/example_skip_dag.py for tasks to queue
[2022-06-21 07:08:54,520] {logging_mixin.py:104} INFO - [2022-06-21 07:08:54,520] {dagbag.py:487} INFO - Filling up the DagBag from /home/airflow/.local/lib/python3.6/site-packages/airflow/example_dags/example_skip_dag.py
[2022-06-21 07:08:54,539] {scheduler_job.py:643} INFO - DAG(s) dict_keys(['example_skip_dag']) retrieved from /home/airflow/.local/lib/python3.6/site-packages/airflow/example_dags/example_skip_dag.py
[2022-06-21 07:08:54,568] {logging_mixin.py:104} INFO - [2022-06-21 07:08:54,567] {dag.py:1832} INFO - Sync 1 DAGs
[2022-06-21 07:08:54,587] {logging_mixin.py:104} INFO - [2022-06-21 07:08:54,586] {dag.py:2305} INFO - Setting next_dagrun for example_skip_dag to 2022-06-19 00:00:00+00:00
[2022-06-21 07:08:54,600] {scheduler_job.py:190} INFO - Processing /home/airflow/.local/lib/python3.6/site-packages/airflow/example_dags/example_skip_dag.py took 0.095 seconds
[2022-06-21 07:11:10,305] {scheduler_job.py:182} INFO - Started process (PID=68) to work on /home/airflow/.local/lib/python3.6/site-packages/airflow/example_dags/example_skip_dag.py
[2022-06-21 07:11:10,321] {scheduler_job.py:633} INFO - Processing file /home/airflow/.local/lib/python3.6/site-packages/airflow/example_dags/example_skip_dag.py for tasks to queue
[2022-06-21 07:11:10,323] {logging_mixin.py:104} INFO - [2022-06-21 07:11:10,323] {dagbag.py:487} INFO - Filling up the DagBag from /home/airflow/.local/lib/python3.6/site-packages/airflow/example_dags/example_skip_dag.py
[2022-06-21 07:11:10,347] {scheduler_job.py:643} INFO - DAG(s) dict_keys(['example_skip_dag']) retrieved from /home/airflow/.local/lib/python3.6/site-packages/airflow/example_dags/example_skip_dag.py
[2022-06-21 07:11:10,401] {logging_mixin.py:104} INFO - [2022-06-21 07:11:10,401] {dag.py:1832} INFO - Sync 1 DAGs
[2022-06-21 07:11:10,452] {logging_mixin.py:104} INFO - [2022-06-21 07:11:10,452] {dag.py:2305} INFO - Setting next_dagrun for example_skip_dag to 2022-06-19 00:00:00+00:00
[2022-06-21 07:11:10,481] {scheduler_job.py:190} INFO - Processing /home/airflow/.local/lib/python3.6/site-packages/airflow/example_dags/example_skip_dag.py took 0.181 seconds
[2022-06-21 07:11:46,760] {scheduler_job.py:182} INFO - Started process (PID=119) to work on /home/airflow/.local/lib/python3.6/site-packages/airflow/example_dags/example_skip_dag.py
[2022-06-21 07:11:46,762] {scheduler_job.py:633} INFO - Processing file /home/airflow/.local/lib/python3.6/site-packages/airflow/example_dags/example_skip_dag.py for tasks to queue
[2022-06-21 07:11:46,764] {logging_mixin.py:104} INFO - [2022-06-21 07:11:46,764] {dagbag.py:487} INFO - Filling up the DagBag from /home/airflow/.local/lib/python3.6/site-packages/airflow/example_dags/example_skip_dag.py
[2022-06-21 07:11:46,781] {scheduler_job.py:643} INFO - DAG(s) dict_keys(['example_skip_dag']) retrieved from /home/airflow/.local/lib/python3.6/site-packages/airflow/example_dags/example_skip_dag.py
[2022-06-21 07:11:46,813] {logging_mixin.py:104} INFO - [2022-06-21 07:11:46,813] {dag.py:1832} INFO - Sync 1 DAGs
[2022-06-21 07:11:46,833] {logging_mixin.py:104} INFO - [2022-06-21 07:11:46,833] {dag.py:2305} INFO - Setting next_dagrun for example_skip_dag to 2022-06-19 00:00:00+00:00
[2022-06-21 07:11:46,844] {scheduler_job.py:190} INFO - Processing /home/airflow/.local/lib/python3.6/site-packages/airflow/example_dags/example_skip_dag.py took 0.088 seconds
[2022-06-21 07:12:18,338] {scheduler_job.py:182} INFO - Started process (PID=166) to work on /home/airflow/.local/lib/python3.6/site-packages/airflow/example_dags/example_skip_dag.py
[2022-06-21 07:12:18,339] {scheduler_job.py:633} INFO - Processing file /home/airflow/.local/lib/python3.6/site-packages/airflow/example_dags/example_skip_dag.py for tasks to queue
[2022-06-21 07:12:18,341] {logging_mixin.py:104} INFO - [2022-06-21 07:12:18,341] {dagbag.py:487} INFO - Filling up the DagBag from /home/airflow/.local/lib/python3.6/site-packages/airflow/example_dags/example_skip_dag.py
[2022-06-21 07:12:18,355] {scheduler_job.py:643} INFO - DAG(s) dict_keys(['example_skip_dag']) retrieved from /home/airflow/.local/lib/python3.6/site-packages/airflow/example_dags/example_skip_dag.py
[2022-06-21 07:12:18,384] {logging_mixin.py:104} INFO - [2022-06-21 07:12:18,384] {dag.py:1832} INFO - Sync 1 DAGs
[2022-06-21 07:12:18,401] {logging_mixin.py:104} INFO - [2022-06-21 07:12:18,401] {dag.py:2305} INFO - Setting next_dagrun for example_skip_dag to 2022-06-19 00:00:00+00:00
[2022-06-21 07:12:18,413] {scheduler_job.py:190} INFO - Processing /home/airflow/.local/lib/python3.6/site-packages/airflow/example_dags/example_skip_dag.py took 0.079 seconds
[2022-06-21 07:12:58,192] {scheduler_job.py:182} INFO - Started process (PID=212) to work on /home/airflow/.local/lib/python3.6/site-packages/airflow/example_dags/example_skip_dag.py
[2022-06-21 07:12:58,194] {scheduler_job.py:633} INFO - Processing file /home/airflow/.local/lib/python3.6/site-packages/airflow/example_dags/example_skip_dag.py for tasks to queue
[2022-06-21 07:12:58,195] {logging_mixin.py:104} INFO - [2022-06-21 07:12:58,195] {dagbag.py:487} INFO - Filling up the DagBag from /home/airflow/.local/lib/python3.6/site-packages/airflow/example_dags/example_skip_dag.py
[2022-06-21 07:12:58,209] {scheduler_job.py:643} INFO - DAG(s) dict_keys(['example_skip_dag']) retrieved from /home/airflow/.local/lib/python3.6/site-packages/airflow/example_dags/example_skip_dag.py
[2022-06-21 07:12:58,237] {logging_mixin.py:104} INFO - [2022-06-21 07:12:58,237] {dag.py:1832} INFO - Sync 1 DAGs
[2022-06-21 07:12:58,253] {logging_mixin.py:104} INFO - [2022-06-21 07:12:58,253] {dag.py:2305} INFO - Setting next_dagrun for example_skip_dag to 2022-06-19 00:00:00+00:00
[2022-06-21 07:12:58,263] {scheduler_job.py:190} INFO - Processing /home/airflow/.local/lib/python3.6/site-packages/airflow/example_dags/example_skip_dag.py took 0.076 seconds
[2022-06-21 07:14:42,022] {scheduler_job.py:182} INFO - Started process (PID=272) to work on /home/airflow/.local/lib/python3.6/site-packages/airflow/example_dags/example_skip_dag.py
[2022-06-21 07:14:42,024] {scheduler_job.py:633} INFO - Processing file /home/airflow/.local/lib/python3.6/site-packages/airflow/example_dags/example_skip_dag.py for tasks to queue
[2022-06-21 07:14:42,026] {logging_mixin.py:104} INFO - [2022-06-21 07:14:42,026] {dagbag.py:487} INFO - Filling up the DagBag from /home/airflow/.local/lib/python3.6/site-packages/airflow/example_dags/example_skip_dag.py
[2022-06-21 07:14:42,055] {scheduler_job.py:643} INFO - DAG(s) dict_keys(['example_skip_dag']) retrieved from /home/airflow/.local/lib/python3.6/site-packages/airflow/example_dags/example_skip_dag.py
[2022-06-21 07:14:42,086] {logging_mixin.py:104} INFO - [2022-06-21 07:14:42,086] {dag.py:1832} INFO - Sync 1 DAGs
[2022-06-21 07:14:42,161] {logging_mixin.py:104} INFO - [2022-06-21 07:14:42,160] {dag.py:2305} INFO - Setting next_dagrun for example_skip_dag to 2022-06-19 00:00:00+00:00
[2022-06-21 07:14:42,214] {scheduler_job.py:190} INFO - Processing /home/airflow/.local/lib/python3.6/site-packages/airflow/example_dags/example_skip_dag.py took 0.197 seconds
[2022-06-21 07:15:33,963] {scheduler_job.py:182} INFO - Started process (PID=320) to work on /home/airflow/.local/lib/python3.6/site-packages/airflow/example_dags/example_skip_dag.py
[2022-06-21 07:15:33,966] {scheduler_job.py:633} INFO - Processing file /home/airflow/.local/lib/python3.6/site-packages/airflow/example_dags/example_skip_dag.py for tasks to queue
[2022-06-21 07:15:33,968] {logging_mixin.py:104} INFO - [2022-06-21 07:15:33,968] {dagbag.py:487} INFO - Filling up the DagBag from /home/airflow/.local/lib/python3.6/site-packages/airflow/example_dags/example_skip_dag.py
[2022-06-21 07:15:33,981] {scheduler_job.py:643} INFO - DAG(s) dict_keys(['example_skip_dag']) retrieved from /home/airflow/.local/lib/python3.6/site-packages/airflow/example_dags/example_skip_dag.py
[2022-06-21 07:15:34,009] {logging_mixin.py:104} INFO - [2022-06-21 07:15:34,008] {dag.py:1832} INFO - Sync 1 DAGs
[2022-06-21 07:15:34,022] {logging_mixin.py:104} INFO - [2022-06-21 07:15:34,022] {dag.py:2305} INFO - Setting next_dagrun for example_skip_dag to 2022-06-19 00:00:00+00:00
[2022-06-21 07:15:34,035] {scheduler_job.py:190} INFO - Processing /home/airflow/.local/lib/python3.6/site-packages/airflow/example_dags/example_skip_dag.py took 0.076 seconds
[2022-06-21 07:16:10,203] {scheduler_job.py:182} INFO - Started process (PID=373) to work on /home/airflow/.local/lib/python3.6/site-packages/airflow/example_dags/example_skip_dag.py
[2022-06-21 07:16:10,205] {scheduler_job.py:633} INFO - Processing file /home/airflow/.local/lib/python3.6/site-packages/airflow/example_dags/example_skip_dag.py for tasks to queue
[2022-06-21 07:16:10,207] {logging_mixin.py:104} INFO - [2022-06-21 07:16:10,207] {dagbag.py:487} INFO - Filling up the DagBag from /home/airflow/.local/lib/python3.6/site-packages/airflow/example_dags/example_skip_dag.py
[2022-06-21 07:16:10,231] {scheduler_job.py:643} INFO - DAG(s) dict_keys(['example_skip_dag']) retrieved from /home/airflow/.local/lib/python3.6/site-packages/airflow/example_dags/example_skip_dag.py
[2022-06-21 07:16:10,267] {logging_mixin.py:104} INFO - [2022-06-21 07:16:10,267] {dag.py:1832} INFO - Sync 1 DAGs
[2022-06-21 07:16:10,282] {logging_mixin.py:104} INFO - [2022-06-21 07:16:10,282] {dag.py:2305} INFO - Setting next_dagrun for example_skip_dag to 2022-06-19 00:00:00+00:00
[2022-06-21 07:16:10,297] {scheduler_job.py:190} INFO - Processing /home/airflow/.local/lib/python3.6/site-packages/airflow/example_dags/example_skip_dag.py took 0.098 seconds
[2022-06-21 07:16:49,357] {scheduler_job.py:182} INFO - Started process (PID=441) to work on /home/airflow/.local/lib/python3.6/site-packages/airflow/example_dags/example_skip_dag.py
[2022-06-21 07:16:49,360] {scheduler_job.py:633} INFO - Processing file /home/airflow/.local/lib/python3.6/site-packages/airflow/example_dags/example_skip_dag.py for tasks to queue
[2022-06-21 07:16:49,362] {logging_mixin.py:104} INFO - [2022-06-21 07:16:49,362] {dagbag.py:487} INFO - Filling up the DagBag from /home/airflow/.local/lib/python3.6/site-packages/airflow/example_dags/example_skip_dag.py
[2022-06-21 07:16:49,386] {scheduler_job.py:643} INFO - DAG(s) dict_keys(['example_skip_dag']) retrieved from /home/airflow/.local/lib/python3.6/site-packages/airflow/example_dags/example_skip_dag.py
[2022-06-21 07:16:49,422] {logging_mixin.py:104} INFO - [2022-06-21 07:16:49,422] {dag.py:1832} INFO - Sync 1 DAGs
[2022-06-21 07:16:49,444] {logging_mixin.py:104} INFO - [2022-06-21 07:16:49,444] {dag.py:2305} INFO - Setting next_dagrun for example_skip_dag to 2022-06-19 00:00:00+00:00
[2022-06-21 07:16:49,458] {scheduler_job.py:190} INFO - Processing /home/airflow/.local/lib/python3.6/site-packages/airflow/example_dags/example_skip_dag.py took 0.108 seconds
[2022-06-21 07:17:20,411] {scheduler_job.py:182} INFO - Started process (PID=499) to work on /home/airflow/.local/lib/python3.6/site-packages/airflow/example_dags/example_skip_dag.py
[2022-06-21 07:17:20,413] {scheduler_job.py:633} INFO - Processing file /home/airflow/.local/lib/python3.6/site-packages/airflow/example_dags/example_skip_dag.py for tasks to queue
[2022-06-21 07:17:20,415] {logging_mixin.py:104} INFO - [2022-06-21 07:17:20,415] {dagbag.py:487} INFO - Filling up the DagBag from /home/airflow/.local/lib/python3.6/site-packages/airflow/example_dags/example_skip_dag.py
[2022-06-21 07:17:20,431] {scheduler_job.py:643} INFO - DAG(s) dict_keys(['example_skip_dag']) retrieved from /home/airflow/.local/lib/python3.6/site-packages/airflow/example_dags/example_skip_dag.py
[2022-06-21 07:17:20,460] {logging_mixin.py:104} INFO - [2022-06-21 07:17:20,459] {dag.py:1832} INFO - Sync 1 DAGs
[2022-06-21 07:17:20,472] {logging_mixin.py:104} INFO - [2022-06-21 07:17:20,472] {dag.py:2305} INFO - Setting next_dagrun for example_skip_dag to 2022-06-19 00:00:00+00:00
[2022-06-21 07:17:20,489] {scheduler_job.py:190} INFO - Processing /home/airflow/.local/lib/python3.6/site-packages/airflow/example_dags/example_skip_dag.py took 0.082 seconds
[2022-06-21 07:20:39,857] {scheduler_job.py:182} INFO - Started process (PID=72) to work on /home/airflow/.local/lib/python3.6/site-packages/airflow/example_dags/example_skip_dag.py
[2022-06-21 07:20:39,865] {scheduler_job.py:633} INFO - Processing file /home/airflow/.local/lib/python3.6/site-packages/airflow/example_dags/example_skip_dag.py for tasks to queue
[2022-06-21 07:20:39,867] {logging_mixin.py:104} INFO - [2022-06-21 07:20:39,866] {dagbag.py:487} INFO - Filling up the DagBag from /home/airflow/.local/lib/python3.6/site-packages/airflow/example_dags/example_skip_dag.py
[2022-06-21 07:20:39,884] {scheduler_job.py:643} INFO - DAG(s) dict_keys(['example_skip_dag']) retrieved from /home/airflow/.local/lib/python3.6/site-packages/airflow/example_dags/example_skip_dag.py
[2022-06-21 07:20:39,931] {logging_mixin.py:104} INFO - [2022-06-21 07:20:39,931] {dag.py:1832} INFO - Sync 1 DAGs
[2022-06-21 07:20:39,962] {logging_mixin.py:104} INFO - [2022-06-21 07:20:39,962] {dag.py:2305} INFO - Setting next_dagrun for example_skip_dag to 2022-06-19 00:00:00+00:00
[2022-06-21 07:20:39,978] {scheduler_job.py:190} INFO - Processing /home/airflow/.local/lib/python3.6/site-packages/airflow/example_dags/example_skip_dag.py took 0.132 seconds
[2022-06-21 07:21:11,252] {scheduler_job.py:182} INFO - Started process (PID=115) to work on /home/airflow/.local/lib/python3.6/site-packages/airflow/example_dags/example_skip_dag.py
[2022-06-21 07:21:11,256] {scheduler_job.py:633} INFO - Processing file /home/airflow/.local/lib/python3.6/site-packages/airflow/example_dags/example_skip_dag.py for tasks to queue
[2022-06-21 07:21:11,260] {logging_mixin.py:104} INFO - [2022-06-21 07:21:11,259] {dagbag.py:487} INFO - Filling up the DagBag from /home/airflow/.local/lib/python3.6/site-packages/airflow/example_dags/example_skip_dag.py
[2022-06-21 07:21:11,279] {scheduler_job.py:643} INFO - DAG(s) dict_keys(['example_skip_dag']) retrieved from /home/airflow/.local/lib/python3.6/site-packages/airflow/example_dags/example_skip_dag.py
[2022-06-21 07:21:11,320] {logging_mixin.py:104} INFO - [2022-06-21 07:21:11,320] {dag.py:1832} INFO - Sync 1 DAGs
[2022-06-21 07:21:11,340] {logging_mixin.py:104} INFO - [2022-06-21 07:21:11,339] {dag.py:2305} INFO - Setting next_dagrun for example_skip_dag to 2022-06-19 00:00:00+00:00
[2022-06-21 07:21:11,358] {scheduler_job.py:190} INFO - Processing /home/airflow/.local/lib/python3.6/site-packages/airflow/example_dags/example_skip_dag.py took 0.117 seconds
[2022-06-21 07:21:48,277] {scheduler_job.py:182} INFO - Started process (PID=176) to work on /home/airflow/.local/lib/python3.6/site-packages/airflow/example_dags/example_skip_dag.py
[2022-06-21 07:21:48,280] {scheduler_job.py:633} INFO - Processing file /home/airflow/.local/lib/python3.6/site-packages/airflow/example_dags/example_skip_dag.py for tasks to queue
[2022-06-21 07:21:48,282] {logging_mixin.py:104} INFO - [2022-06-21 07:21:48,281] {dagbag.py:487} INFO - Filling up the DagBag from /home/airflow/.local/lib/python3.6/site-packages/airflow/example_dags/example_skip_dag.py
[2022-06-21 07:21:48,297] {scheduler_job.py:643} INFO - DAG(s) dict_keys(['example_skip_dag']) retrieved from /home/airflow/.local/lib/python3.6/site-packages/airflow/example_dags/example_skip_dag.py
[2022-06-21 07:21:48,328] {logging_mixin.py:104} INFO - [2022-06-21 07:21:48,328] {dag.py:1832} INFO - Sync 1 DAGs
[2022-06-21 07:21:48,352] {logging_mixin.py:104} INFO - [2022-06-21 07:21:48,352] {dag.py:2305} INFO - Setting next_dagrun for example_skip_dag to 2022-06-19 00:00:00+00:00
[2022-06-21 07:21:48,375] {scheduler_job.py:190} INFO - Processing /home/airflow/.local/lib/python3.6/site-packages/airflow/example_dags/example_skip_dag.py took 0.102 seconds
[2022-06-21 07:22:24,850] {scheduler_job.py:182} INFO - Started process (PID=237) to work on /home/airflow/.local/lib/python3.6/site-packages/airflow/example_dags/example_skip_dag.py
[2022-06-21 07:22:24,856] {scheduler_job.py:633} INFO - Processing file /home/airflow/.local/lib/python3.6/site-packages/airflow/example_dags/example_skip_dag.py for tasks to queue
[2022-06-21 07:22:24,858] {logging_mixin.py:104} INFO - [2022-06-21 07:22:24,858] {dagbag.py:487} INFO - Filling up the DagBag from /home/airflow/.local/lib/python3.6/site-packages/airflow/example_dags/example_skip_dag.py
[2022-06-21 07:22:24,875] {scheduler_job.py:643} INFO - DAG(s) dict_keys(['example_skip_dag']) retrieved from /home/airflow/.local/lib/python3.6/site-packages/airflow/example_dags/example_skip_dag.py
[2022-06-21 07:22:24,908] {logging_mixin.py:104} INFO - [2022-06-21 07:22:24,908] {dag.py:1832} INFO - Sync 1 DAGs
[2022-06-21 07:22:24,937] {logging_mixin.py:104} INFO - [2022-06-21 07:22:24,937] {dag.py:2305} INFO - Setting next_dagrun for example_skip_dag to 2022-06-19 00:00:00+00:00
[2022-06-21 07:22:24,953] {scheduler_job.py:190} INFO - Processing /home/airflow/.local/lib/python3.6/site-packages/airflow/example_dags/example_skip_dag.py took 0.107 seconds
[2022-06-21 07:23:06,502] {scheduler_job.py:182} INFO - Started process (PID=290) to work on /home/airflow/.local/lib/python3.6/site-packages/airflow/example_dags/example_skip_dag.py
[2022-06-21 07:23:06,510] {scheduler_job.py:633} INFO - Processing file /home/airflow/.local/lib/python3.6/site-packages/airflow/example_dags/example_skip_dag.py for tasks to queue
[2022-06-21 07:23:06,513] {logging_mixin.py:104} INFO - [2022-06-21 07:23:06,513] {dagbag.py:487} INFO - Filling up the DagBag from /home/airflow/.local/lib/python3.6/site-packages/airflow/example_dags/example_skip_dag.py
[2022-06-21 07:23:06,543] {scheduler_job.py:643} INFO - DAG(s) dict_keys(['example_skip_dag']) retrieved from /home/airflow/.local/lib/python3.6/site-packages/airflow/example_dags/example_skip_dag.py
[2022-06-21 07:23:06,570] {logging_mixin.py:104} INFO - [2022-06-21 07:23:06,570] {dag.py:1832} INFO - Sync 1 DAGs
[2022-06-21 07:23:06,585] {logging_mixin.py:104} INFO - [2022-06-21 07:23:06,585] {dag.py:2305} INFO - Setting next_dagrun for example_skip_dag to 2022-06-19 00:00:00+00:00
[2022-06-21 07:23:06,594] {scheduler_job.py:190} INFO - Processing /home/airflow/.local/lib/python3.6/site-packages/airflow/example_dags/example_skip_dag.py took 0.101 seconds
[2022-06-21 07:23:37,068] {scheduler_job.py:182} INFO - Started process (PID=351) to work on /home/airflow/.local/lib/python3.6/site-packages/airflow/example_dags/example_skip_dag.py
[2022-06-21 07:23:37,070] {scheduler_job.py:633} INFO - Processing file /home/airflow/.local/lib/python3.6/site-packages/airflow/example_dags/example_skip_dag.py for tasks to queue
[2022-06-21 07:23:37,071] {logging_mixin.py:104} INFO - [2022-06-21 07:23:37,071] {dagbag.py:487} INFO - Filling up the DagBag from /home/airflow/.local/lib/python3.6/site-packages/airflow/example_dags/example_skip_dag.py
[2022-06-21 07:23:37,088] {scheduler_job.py:643} INFO - DAG(s) dict_keys(['example_skip_dag']) retrieved from /home/airflow/.local/lib/python3.6/site-packages/airflow/example_dags/example_skip_dag.py
[2022-06-21 07:23:37,110] {logging_mixin.py:104} INFO - [2022-06-21 07:23:37,110] {dag.py:1832} INFO - Sync 1 DAGs
[2022-06-21 07:23:37,127] {logging_mixin.py:104} INFO - [2022-06-21 07:23:37,127] {dag.py:2305} INFO - Setting next_dagrun for example_skip_dag to 2022-06-19 00:00:00+00:00
[2022-06-21 07:23:37,137] {scheduler_job.py:190} INFO - Processing /home/airflow/.local/lib/python3.6/site-packages/airflow/example_dags/example_skip_dag.py took 0.073 seconds
[2022-06-21 07:24:08,562] {scheduler_job.py:182} INFO - Started process (PID=414) to work on /home/airflow/.local/lib/python3.6/site-packages/airflow/example_dags/example_skip_dag.py
[2022-06-21 07:24:08,567] {scheduler_job.py:633} INFO - Processing file /home/airflow/.local/lib/python3.6/site-packages/airflow/example_dags/example_skip_dag.py for tasks to queue
[2022-06-21 07:24:08,569] {logging_mixin.py:104} INFO - [2022-06-21 07:24:08,569] {dagbag.py:487} INFO - Filling up the DagBag from /home/airflow/.local/lib/python3.6/site-packages/airflow/example_dags/example_skip_dag.py
[2022-06-21 07:24:08,591] {scheduler_job.py:643} INFO - DAG(s) dict_keys(['example_skip_dag']) retrieved from /home/airflow/.local/lib/python3.6/site-packages/airflow/example_dags/example_skip_dag.py
[2022-06-21 07:24:08,623] {logging_mixin.py:104} INFO - [2022-06-21 07:24:08,622] {dag.py:1832} INFO - Sync 1 DAGs
[2022-06-21 07:24:08,646] {logging_mixin.py:104} INFO - [2022-06-21 07:24:08,646] {dag.py:2305} INFO - Setting next_dagrun for example_skip_dag to 2022-06-19 00:00:00+00:00
[2022-06-21 07:24:08,662] {scheduler_job.py:190} INFO - Processing /home/airflow/.local/lib/python3.6/site-packages/airflow/example_dags/example_skip_dag.py took 0.104 seconds
[2022-06-21 07:24:48,346] {scheduler_job.py:182} INFO - Started process (PID=75) to work on /home/airflow/.local/lib/python3.6/site-packages/airflow/example_dags/example_skip_dag.py
[2022-06-21 07:24:48,350] {scheduler_job.py:633} INFO - Processing file /home/airflow/.local/lib/python3.6/site-packages/airflow/example_dags/example_skip_dag.py for tasks to queue
[2022-06-21 07:24:48,353] {logging_mixin.py:104} INFO - [2022-06-21 07:24:48,353] {dagbag.py:487} INFO - Filling up the DagBag from /home/airflow/.local/lib/python3.6/site-packages/airflow/example_dags/example_skip_dag.py
[2022-06-21 07:24:48,398] {scheduler_job.py:643} INFO - DAG(s) dict_keys(['example_skip_dag']) retrieved from /home/airflow/.local/lib/python3.6/site-packages/airflow/example_dags/example_skip_dag.py
[2022-06-21 07:24:48,503] {logging_mixin.py:104} INFO - [2022-06-21 07:24:48,491] {dag.py:1832} INFO - Sync 1 DAGs
[2022-06-21 07:24:48,603] {logging_mixin.py:104} INFO - [2022-06-21 07:24:48,600] {dag.py:2305} INFO - Setting next_dagrun for example_skip_dag to 2022-06-19 00:00:00+00:00
[2022-06-21 07:24:48,809] {scheduler_job.py:190} INFO - Processing /home/airflow/.local/lib/python3.6/site-packages/airflow/example_dags/example_skip_dag.py took 0.479 seconds
[2022-06-21 07:25:21,434] {scheduler_job.py:182} INFO - Started process (PID=129) to work on /home/airflow/.local/lib/python3.6/site-packages/airflow/example_dags/example_skip_dag.py
[2022-06-21 07:25:21,440] {scheduler_job.py:633} INFO - Processing file /home/airflow/.local/lib/python3.6/site-packages/airflow/example_dags/example_skip_dag.py for tasks to queue
[2022-06-21 07:25:21,447] {logging_mixin.py:104} INFO - [2022-06-21 07:25:21,446] {dagbag.py:487} INFO - Filling up the DagBag from /home/airflow/.local/lib/python3.6/site-packages/airflow/example_dags/example_skip_dag.py
[2022-06-21 07:25:21,470] {scheduler_job.py:643} INFO - DAG(s) dict_keys(['example_skip_dag']) retrieved from /home/airflow/.local/lib/python3.6/site-packages/airflow/example_dags/example_skip_dag.py
[2022-06-21 07:25:21,520] {logging_mixin.py:104} INFO - [2022-06-21 07:25:21,519] {dag.py:1832} INFO - Sync 1 DAGs
[2022-06-21 07:25:21,552] {logging_mixin.py:104} INFO - [2022-06-21 07:25:21,552] {dag.py:2305} INFO - Setting next_dagrun for example_skip_dag to 2022-06-19 00:00:00+00:00
[2022-06-21 07:25:21,582] {scheduler_job.py:190} INFO - Processing /home/airflow/.local/lib/python3.6/site-packages/airflow/example_dags/example_skip_dag.py took 0.164 seconds
[2022-06-21 07:25:51,896] {scheduler_job.py:182} INFO - Started process (PID=184) to work on /home/airflow/.local/lib/python3.6/site-packages/airflow/example_dags/example_skip_dag.py
[2022-06-21 07:25:51,898] {scheduler_job.py:633} INFO - Processing file /home/airflow/.local/lib/python3.6/site-packages/airflow/example_dags/example_skip_dag.py for tasks to queue
[2022-06-21 07:25:51,900] {logging_mixin.py:104} INFO - [2022-06-21 07:25:51,900] {dagbag.py:487} INFO - Filling up the DagBag from /home/airflow/.local/lib/python3.6/site-packages/airflow/example_dags/example_skip_dag.py
[2022-06-21 07:25:51,915] {scheduler_job.py:643} INFO - DAG(s) dict_keys(['example_skip_dag']) retrieved from /home/airflow/.local/lib/python3.6/site-packages/airflow/example_dags/example_skip_dag.py
[2022-06-21 07:25:51,951] {logging_mixin.py:104} INFO - [2022-06-21 07:25:51,951] {dag.py:1832} INFO - Sync 1 DAGs
[2022-06-21 07:25:51,972] {logging_mixin.py:104} INFO - [2022-06-21 07:25:51,971] {dag.py:2305} INFO - Setting next_dagrun for example_skip_dag to 2022-06-19 00:00:00+00:00
[2022-06-21 07:25:51,986] {scheduler_job.py:190} INFO - Processing /home/airflow/.local/lib/python3.6/site-packages/airflow/example_dags/example_skip_dag.py took 0.094 seconds
[2022-06-21 07:26:59,627] {scheduler_job.py:182} INFO - Started process (PID=241) to work on /home/airflow/.local/lib/python3.6/site-packages/airflow/example_dags/example_skip_dag.py
[2022-06-21 07:26:59,630] {scheduler_job.py:633} INFO - Processing file /home/airflow/.local/lib/python3.6/site-packages/airflow/example_dags/example_skip_dag.py for tasks to queue
[2022-06-21 07:26:59,631] {logging_mixin.py:104} INFO - [2022-06-21 07:26:59,631] {dagbag.py:487} INFO - Filling up the DagBag from /home/airflow/.local/lib/python3.6/site-packages/airflow/example_dags/example_skip_dag.py
[2022-06-21 07:26:59,648] {scheduler_job.py:643} INFO - DAG(s) dict_keys(['example_skip_dag']) retrieved from /home/airflow/.local/lib/python3.6/site-packages/airflow/example_dags/example_skip_dag.py
[2022-06-21 07:26:59,679] {logging_mixin.py:104} INFO - [2022-06-21 07:26:59,679] {dag.py:1832} INFO - Sync 1 DAGs
[2022-06-21 07:26:59,700] {logging_mixin.py:104} INFO - [2022-06-21 07:26:59,700] {dag.py:2305} INFO - Setting next_dagrun for example_skip_dag to 2022-06-19 00:00:00+00:00
[2022-06-21 07:26:59,713] {scheduler_job.py:190} INFO - Processing /home/airflow/.local/lib/python3.6/site-packages/airflow/example_dags/example_skip_dag.py took 0.090 seconds
[2022-06-21 07:27:30,484] {scheduler_job.py:182} INFO - Started process (PID=294) to work on /home/airflow/.local/lib/python3.6/site-packages/airflow/example_dags/example_skip_dag.py
[2022-06-21 07:27:30,486] {scheduler_job.py:633} INFO - Processing file /home/airflow/.local/lib/python3.6/site-packages/airflow/example_dags/example_skip_dag.py for tasks to queue
[2022-06-21 07:27:30,488] {logging_mixin.py:104} INFO - [2022-06-21 07:27:30,487] {dagbag.py:487} INFO - Filling up the DagBag from /home/airflow/.local/lib/python3.6/site-packages/airflow/example_dags/example_skip_dag.py
[2022-06-21 07:27:30,506] {scheduler_job.py:643} INFO - DAG(s) dict_keys(['example_skip_dag']) retrieved from /home/airflow/.local/lib/python3.6/site-packages/airflow/example_dags/example_skip_dag.py
[2022-06-21 07:27:30,532] {logging_mixin.py:104} INFO - [2022-06-21 07:27:30,532] {dag.py:1832} INFO - Sync 1 DAGs
[2022-06-21 07:27:30,550] {logging_mixin.py:104} INFO - [2022-06-21 07:27:30,550] {dag.py:2305} INFO - Setting next_dagrun for example_skip_dag to 2022-06-19 00:00:00+00:00
[2022-06-21 07:27:30,564] {scheduler_job.py:190} INFO - Processing /home/airflow/.local/lib/python3.6/site-packages/airflow/example_dags/example_skip_dag.py took 0.085 seconds
[2022-06-21 07:28:05,648] {scheduler_job.py:182} INFO - Started process (PID=340) to work on /home/airflow/.local/lib/python3.6/site-packages/airflow/example_dags/example_skip_dag.py
[2022-06-21 07:28:05,651] {scheduler_job.py:633} INFO - Processing file /home/airflow/.local/lib/python3.6/site-packages/airflow/example_dags/example_skip_dag.py for tasks to queue
[2022-06-21 07:28:05,653] {logging_mixin.py:104} INFO - [2022-06-21 07:28:05,653] {dagbag.py:487} INFO - Filling up the DagBag from /home/airflow/.local/lib/python3.6/site-packages/airflow/example_dags/example_skip_dag.py
[2022-06-21 07:28:05,683] {scheduler_job.py:643} INFO - DAG(s) dict_keys(['example_skip_dag']) retrieved from /home/airflow/.local/lib/python3.6/site-packages/airflow/example_dags/example_skip_dag.py
[2022-06-21 07:28:05,728] {logging_mixin.py:104} INFO - [2022-06-21 07:28:05,728] {dag.py:1832} INFO - Sync 1 DAGs
[2022-06-21 07:28:05,764] {logging_mixin.py:104} INFO - [2022-06-21 07:28:05,764] {dag.py:2305} INFO - Setting next_dagrun for example_skip_dag to 2022-06-19 00:00:00+00:00
[2022-06-21 07:28:05,782] {scheduler_job.py:190} INFO - Processing /home/airflow/.local/lib/python3.6/site-packages/airflow/example_dags/example_skip_dag.py took 0.140 seconds
[2022-06-21 07:28:36,083] {scheduler_job.py:182} INFO - Started process (PID=400) to work on /home/airflow/.local/lib/python3.6/site-packages/airflow/example_dags/example_skip_dag.py
[2022-06-21 07:28:36,085] {scheduler_job.py:633} INFO - Processing file /home/airflow/.local/lib/python3.6/site-packages/airflow/example_dags/example_skip_dag.py for tasks to queue
[2022-06-21 07:28:36,088] {logging_mixin.py:104} INFO - [2022-06-21 07:28:36,087] {dagbag.py:487} INFO - Filling up the DagBag from /home/airflow/.local/lib/python3.6/site-packages/airflow/example_dags/example_skip_dag.py
[2022-06-21 07:28:36,116] {scheduler_job.py:643} INFO - DAG(s) dict_keys(['example_skip_dag']) retrieved from /home/airflow/.local/lib/python3.6/site-packages/airflow/example_dags/example_skip_dag.py
[2022-06-21 07:28:36,150] {logging_mixin.py:104} INFO - [2022-06-21 07:28:36,150] {dag.py:1832} INFO - Sync 1 DAGs
[2022-06-21 07:28:36,175] {logging_mixin.py:104} INFO - [2022-06-21 07:28:36,175] {dag.py:2305} INFO - Setting next_dagrun for example_skip_dag to 2022-06-19 00:00:00+00:00
[2022-06-21 07:28:36,191] {scheduler_job.py:190} INFO - Processing /home/airflow/.local/lib/python3.6/site-packages/airflow/example_dags/example_skip_dag.py took 0.113 seconds
[2022-06-21 07:29:28,509] {scheduler_job.py:182} INFO - Started process (PID=57) to work on /home/airflow/.local/lib/python3.6/site-packages/airflow/example_dags/example_skip_dag.py
[2022-06-21 07:29:28,511] {scheduler_job.py:633} INFO - Processing file /home/airflow/.local/lib/python3.6/site-packages/airflow/example_dags/example_skip_dag.py for tasks to queue
[2022-06-21 07:29:28,513] {logging_mixin.py:104} INFO - [2022-06-21 07:29:28,512] {dagbag.py:487} INFO - Filling up the DagBag from /home/airflow/.local/lib/python3.6/site-packages/airflow/example_dags/example_skip_dag.py
[2022-06-21 07:29:28,524] {scheduler_job.py:643} INFO - DAG(s) dict_keys(['example_skip_dag']) retrieved from /home/airflow/.local/lib/python3.6/site-packages/airflow/example_dags/example_skip_dag.py
[2022-06-21 07:29:28,553] {logging_mixin.py:104} INFO - [2022-06-21 07:29:28,553] {dag.py:1832} INFO - Sync 1 DAGs
[2022-06-21 07:29:28,571] {logging_mixin.py:104} INFO - [2022-06-21 07:29:28,571] {dag.py:2305} INFO - Setting next_dagrun for example_skip_dag to 2022-06-19 00:00:00+00:00
[2022-06-21 07:29:28,581] {scheduler_job.py:190} INFO - Processing /home/airflow/.local/lib/python3.6/site-packages/airflow/example_dags/example_skip_dag.py took 0.077 seconds
[2022-06-21 07:29:58,623] {scheduler_job.py:182} INFO - Started process (PID=131) to work on /home/airflow/.local/lib/python3.6/site-packages/airflow/example_dags/example_skip_dag.py
[2022-06-21 07:29:58,625] {scheduler_job.py:633} INFO - Processing file /home/airflow/.local/lib/python3.6/site-packages/airflow/example_dags/example_skip_dag.py for tasks to queue
[2022-06-21 07:29:58,626] {logging_mixin.py:104} INFO - [2022-06-21 07:29:58,626] {dagbag.py:487} INFO - Filling up the DagBag from /home/airflow/.local/lib/python3.6/site-packages/airflow/example_dags/example_skip_dag.py
[2022-06-21 07:29:58,638] {scheduler_job.py:643} INFO - DAG(s) dict_keys(['example_skip_dag']) retrieved from /home/airflow/.local/lib/python3.6/site-packages/airflow/example_dags/example_skip_dag.py
[2022-06-21 07:29:58,659] {logging_mixin.py:104} INFO - [2022-06-21 07:29:58,659] {dag.py:1832} INFO - Sync 1 DAGs
[2022-06-21 07:29:58,679] {logging_mixin.py:104} INFO - [2022-06-21 07:29:58,679] {dag.py:2305} INFO - Setting next_dagrun for example_skip_dag to 2022-06-19 00:00:00+00:00
[2022-06-21 07:29:58,688] {scheduler_job.py:190} INFO - Processing /home/airflow/.local/lib/python3.6/site-packages/airflow/example_dags/example_skip_dag.py took 0.068 seconds
[2022-06-21 07:30:28,957] {scheduler_job.py:182} INFO - Started process (PID=193) to work on /home/airflow/.local/lib/python3.6/site-packages/airflow/example_dags/example_skip_dag.py
[2022-06-21 07:30:28,960] {scheduler_job.py:633} INFO - Processing file /home/airflow/.local/lib/python3.6/site-packages/airflow/example_dags/example_skip_dag.py for tasks to queue
[2022-06-21 07:30:28,961] {logging_mixin.py:104} INFO - [2022-06-21 07:30:28,961] {dagbag.py:487} INFO - Filling up the DagBag from /home/airflow/.local/lib/python3.6/site-packages/airflow/example_dags/example_skip_dag.py
[2022-06-21 07:30:28,972] {scheduler_job.py:643} INFO - DAG(s) dict_keys(['example_skip_dag']) retrieved from /home/airflow/.local/lib/python3.6/site-packages/airflow/example_dags/example_skip_dag.py
[2022-06-21 07:30:28,995] {logging_mixin.py:104} INFO - [2022-06-21 07:30:28,995] {dag.py:1832} INFO - Sync 1 DAGs
[2022-06-21 07:30:29,012] {logging_mixin.py:104} INFO - [2022-06-21 07:30:29,012] {dag.py:2305} INFO - Setting next_dagrun for example_skip_dag to 2022-06-19 00:00:00+00:00
[2022-06-21 07:30:29,020] {scheduler_job.py:190} INFO - Processing /home/airflow/.local/lib/python3.6/site-packages/airflow/example_dags/example_skip_dag.py took 0.066 seconds
[2022-06-21 07:31:34,856] {scheduler_job.py:182} INFO - Started process (PID=73) to work on /home/airflow/.local/lib/python3.6/site-packages/airflow/example_dags/example_skip_dag.py
[2022-06-21 07:31:34,858] {scheduler_job.py:633} INFO - Processing file /home/airflow/.local/lib/python3.6/site-packages/airflow/example_dags/example_skip_dag.py for tasks to queue
[2022-06-21 07:31:34,860] {logging_mixin.py:104} INFO - [2022-06-21 07:31:34,860] {dagbag.py:487} INFO - Filling up the DagBag from /home/airflow/.local/lib/python3.6/site-packages/airflow/example_dags/example_skip_dag.py
[2022-06-21 07:31:34,881] {scheduler_job.py:643} INFO - DAG(s) dict_keys(['example_skip_dag']) retrieved from /home/airflow/.local/lib/python3.6/site-packages/airflow/example_dags/example_skip_dag.py
[2022-06-21 07:31:34,922] {logging_mixin.py:104} INFO - [2022-06-21 07:31:34,922] {dag.py:1832} INFO - Sync 1 DAGs
[2022-06-21 07:31:34,957] {logging_mixin.py:104} INFO - [2022-06-21 07:31:34,957] {dag.py:2305} INFO - Setting next_dagrun for example_skip_dag to 2022-06-19 00:00:00+00:00
[2022-06-21 07:31:34,970] {scheduler_job.py:190} INFO - Processing /home/airflow/.local/lib/python3.6/site-packages/airflow/example_dags/example_skip_dag.py took 0.119 seconds
[2022-06-21 07:32:05,082] {scheduler_job.py:182} INFO - Started process (PID=135) to work on /home/airflow/.local/lib/python3.6/site-packages/airflow/example_dags/example_skip_dag.py
[2022-06-21 07:32:05,085] {scheduler_job.py:633} INFO - Processing file /home/airflow/.local/lib/python3.6/site-packages/airflow/example_dags/example_skip_dag.py for tasks to queue
[2022-06-21 07:32:05,086] {logging_mixin.py:104} INFO - [2022-06-21 07:32:05,086] {dagbag.py:487} INFO - Filling up the DagBag from /home/airflow/.local/lib/python3.6/site-packages/airflow/example_dags/example_skip_dag.py
[2022-06-21 07:32:05,101] {scheduler_job.py:643} INFO - DAG(s) dict_keys(['example_skip_dag']) retrieved from /home/airflow/.local/lib/python3.6/site-packages/airflow/example_dags/example_skip_dag.py
[2022-06-21 07:32:05,130] {logging_mixin.py:104} INFO - [2022-06-21 07:32:05,129] {dag.py:1832} INFO - Sync 1 DAGs
[2022-06-21 07:32:05,149] {logging_mixin.py:104} INFO - [2022-06-21 07:32:05,148] {dag.py:2305} INFO - Setting next_dagrun for example_skip_dag to 2022-06-19 00:00:00+00:00
[2022-06-21 07:32:05,158] {scheduler_job.py:190} INFO - Processing /home/airflow/.local/lib/python3.6/site-packages/airflow/example_dags/example_skip_dag.py took 0.081 seconds
[2022-06-21 07:32:36,236] {scheduler_job.py:182} INFO - Started process (PID=215) to work on /home/airflow/.local/lib/python3.6/site-packages/airflow/example_dags/example_skip_dag.py
[2022-06-21 07:32:36,241] {scheduler_job.py:633} INFO - Processing file /home/airflow/.local/lib/python3.6/site-packages/airflow/example_dags/example_skip_dag.py for tasks to queue
[2022-06-21 07:32:36,246] {logging_mixin.py:104} INFO - [2022-06-21 07:32:36,245] {dagbag.py:487} INFO - Filling up the DagBag from /home/airflow/.local/lib/python3.6/site-packages/airflow/example_dags/example_skip_dag.py
[2022-06-21 07:32:36,307] {scheduler_job.py:643} INFO - DAG(s) dict_keys(['example_skip_dag']) retrieved from /home/airflow/.local/lib/python3.6/site-packages/airflow/example_dags/example_skip_dag.py
[2022-06-21 07:32:36,377] {logging_mixin.py:104} INFO - [2022-06-21 07:32:36,377] {dag.py:1832} INFO - Sync 1 DAGs
[2022-06-21 07:32:36,421] {logging_mixin.py:104} INFO - [2022-06-21 07:32:36,421] {dag.py:2305} INFO - Setting next_dagrun for example_skip_dag to 2022-06-19 00:00:00+00:00
[2022-06-21 07:32:36,446] {scheduler_job.py:190} INFO - Processing /home/airflow/.local/lib/python3.6/site-packages/airflow/example_dags/example_skip_dag.py took 0.221 seconds
[2022-06-21 07:33:07,177] {scheduler_job.py:182} INFO - Started process (PID=285) to work on /home/airflow/.local/lib/python3.6/site-packages/airflow/example_dags/example_skip_dag.py
[2022-06-21 07:33:07,178] {scheduler_job.py:633} INFO - Processing file /home/airflow/.local/lib/python3.6/site-packages/airflow/example_dags/example_skip_dag.py for tasks to queue
[2022-06-21 07:33:07,179] {logging_mixin.py:104} INFO - [2022-06-21 07:33:07,179] {dagbag.py:487} INFO - Filling up the DagBag from /home/airflow/.local/lib/python3.6/site-packages/airflow/example_dags/example_skip_dag.py
[2022-06-21 07:33:07,192] {scheduler_job.py:643} INFO - DAG(s) dict_keys(['example_skip_dag']) retrieved from /home/airflow/.local/lib/python3.6/site-packages/airflow/example_dags/example_skip_dag.py
[2022-06-21 07:33:07,217] {logging_mixin.py:104} INFO - [2022-06-21 07:33:07,217] {dag.py:1832} INFO - Sync 1 DAGs
[2022-06-21 07:33:07,231] {logging_mixin.py:104} INFO - [2022-06-21 07:33:07,231] {dag.py:2305} INFO - Setting next_dagrun for example_skip_dag to 2022-06-19 00:00:00+00:00
[2022-06-21 07:33:07,240] {scheduler_job.py:190} INFO - Processing /home/airflow/.local/lib/python3.6/site-packages/airflow/example_dags/example_skip_dag.py took 0.067 seconds
[2022-06-21 07:33:37,436] {scheduler_job.py:182} INFO - Started process (PID=362) to work on /home/airflow/.local/lib/python3.6/site-packages/airflow/example_dags/example_skip_dag.py
[2022-06-21 07:33:37,439] {scheduler_job.py:633} INFO - Processing file /home/airflow/.local/lib/python3.6/site-packages/airflow/example_dags/example_skip_dag.py for tasks to queue
[2022-06-21 07:33:37,440] {logging_mixin.py:104} INFO - [2022-06-21 07:33:37,440] {dagbag.py:487} INFO - Filling up the DagBag from /home/airflow/.local/lib/python3.6/site-packages/airflow/example_dags/example_skip_dag.py
[2022-06-21 07:33:37,455] {scheduler_job.py:643} INFO - DAG(s) dict_keys(['example_skip_dag']) retrieved from /home/airflow/.local/lib/python3.6/site-packages/airflow/example_dags/example_skip_dag.py
[2022-06-21 07:33:37,477] {logging_mixin.py:104} INFO - [2022-06-21 07:33:37,477] {dag.py:1832} INFO - Sync 1 DAGs
[2022-06-21 07:33:37,492] {logging_mixin.py:104} INFO - [2022-06-21 07:33:37,492] {dag.py:2305} INFO - Setting next_dagrun for example_skip_dag to 2022-06-19 00:00:00+00:00
[2022-06-21 07:33:37,502] {scheduler_job.py:190} INFO - Processing /home/airflow/.local/lib/python3.6/site-packages/airflow/example_dags/example_skip_dag.py took 0.069 seconds
