[2022-06-21 06:56:40,028] {scheduler_job.py:182} INFO - Started process (PID=150) to work on /home/airflow/.local/lib/python3.6/site-packages/airflow/example_dags/example_bash_operator.py
[2022-06-21 06:56:40,030] {scheduler_job.py:633} INFO - Processing file /home/airflow/.local/lib/python3.6/site-packages/airflow/example_dags/example_bash_operator.py for tasks to queue
[2022-06-21 06:56:40,032] {logging_mixin.py:104} INFO - [2022-06-21 06:56:40,032] {dagbag.py:487} INFO - Filling up the DagBag from /home/airflow/.local/lib/python3.6/site-packages/airflow/example_dags/example_bash_operator.py
[2022-06-21 06:56:40,072] {scheduler_job.py:643} INFO - DAG(s) dict_keys(['example_bash_operator']) retrieved from /home/airflow/.local/lib/python3.6/site-packages/airflow/example_dags/example_bash_operator.py
[2022-06-21 06:58:08,751] {scheduler_job.py:182} INFO - Started process (PID=201) to work on /home/airflow/.local/lib/python3.6/site-packages/airflow/example_dags/example_bash_operator.py
[2022-06-21 06:58:08,762] {scheduler_job.py:633} INFO - Processing file /home/airflow/.local/lib/python3.6/site-packages/airflow/example_dags/example_bash_operator.py for tasks to queue
[2022-06-21 06:58:08,766] {logging_mixin.py:104} INFO - [2022-06-21 06:58:08,766] {dagbag.py:487} INFO - Filling up the DagBag from /home/airflow/.local/lib/python3.6/site-packages/airflow/example_dags/example_bash_operator.py
[2022-06-21 06:58:08,797] {scheduler_job.py:643} INFO - DAG(s) dict_keys(['example_bash_operator']) retrieved from /home/airflow/.local/lib/python3.6/site-packages/airflow/example_dags/example_bash_operator.py
[2022-06-21 06:58:13,236] {logging_mixin.py:104} INFO - [2022-06-21 06:58:13,233] {dag.py:1832} INFO - Sync 1 DAGs
[2022-06-21 06:58:13,252] {logging_mixin.py:104} INFO - [2022-06-21 06:58:13,250] {dag.py:1851} INFO - Creating ORM DAG for example_bash_operator
[2022-06-21 06:58:13,263] {logging_mixin.py:104} INFO - [2022-06-21 06:58:13,263] {dag.py:2305} INFO - Setting next_dagrun for example_bash_operator to 2022-06-19 00:00:00+00:00
[2022-06-21 06:58:13,279] {scheduler_job.py:190} INFO - Processing /home/airflow/.local/lib/python3.6/site-packages/airflow/example_dags/example_bash_operator.py took 4.533 seconds
[2022-06-21 06:58:48,119] {scheduler_job.py:182} INFO - Started process (PID=273) to work on /home/airflow/.local/lib/python3.6/site-packages/airflow/example_dags/example_bash_operator.py
[2022-06-21 06:58:48,123] {scheduler_job.py:633} INFO - Processing file /home/airflow/.local/lib/python3.6/site-packages/airflow/example_dags/example_bash_operator.py for tasks to queue
[2022-06-21 06:58:48,126] {logging_mixin.py:104} INFO - [2022-06-21 06:58:48,126] {dagbag.py:487} INFO - Filling up the DagBag from /home/airflow/.local/lib/python3.6/site-packages/airflow/example_dags/example_bash_operator.py
[2022-06-21 06:58:48,164] {scheduler_job.py:643} INFO - DAG(s) dict_keys(['example_bash_operator']) retrieved from /home/airflow/.local/lib/python3.6/site-packages/airflow/example_dags/example_bash_operator.py
[2022-06-21 06:58:48,204] {logging_mixin.py:104} INFO - [2022-06-21 06:58:48,204] {dag.py:1832} INFO - Sync 1 DAGs
[2022-06-21 06:58:48,235] {logging_mixin.py:104} INFO - [2022-06-21 06:58:48,235] {dag.py:2305} INFO - Setting next_dagrun for example_bash_operator to 2022-06-19 00:00:00+00:00
[2022-06-21 06:58:48,254] {scheduler_job.py:190} INFO - Processing /home/airflow/.local/lib/python3.6/site-packages/airflow/example_dags/example_bash_operator.py took 0.143 seconds
[2022-06-21 06:59:18,532] {scheduler_job.py:182} INFO - Started process (PID=325) to work on /home/airflow/.local/lib/python3.6/site-packages/airflow/example_dags/example_bash_operator.py
[2022-06-21 06:59:18,535] {scheduler_job.py:633} INFO - Processing file /home/airflow/.local/lib/python3.6/site-packages/airflow/example_dags/example_bash_operator.py for tasks to queue
[2022-06-21 06:59:18,536] {logging_mixin.py:104} INFO - [2022-06-21 06:59:18,536] {dagbag.py:487} INFO - Filling up the DagBag from /home/airflow/.local/lib/python3.6/site-packages/airflow/example_dags/example_bash_operator.py
[2022-06-21 06:59:18,556] {scheduler_job.py:643} INFO - DAG(s) dict_keys(['example_bash_operator']) retrieved from /home/airflow/.local/lib/python3.6/site-packages/airflow/example_dags/example_bash_operator.py
[2022-06-21 06:59:18,586] {logging_mixin.py:104} INFO - [2022-06-21 06:59:18,586] {dag.py:1832} INFO - Sync 1 DAGs
[2022-06-21 06:59:18,608] {logging_mixin.py:104} INFO - [2022-06-21 06:59:18,608] {dag.py:2305} INFO - Setting next_dagrun for example_bash_operator to 2022-06-19 00:00:00+00:00
[2022-06-21 06:59:18,624] {scheduler_job.py:190} INFO - Processing /home/airflow/.local/lib/python3.6/site-packages/airflow/example_dags/example_bash_operator.py took 0.096 seconds
[2022-06-21 06:59:57,177] {scheduler_job.py:182} INFO - Started process (PID=369) to work on /home/airflow/.local/lib/python3.6/site-packages/airflow/example_dags/example_bash_operator.py
[2022-06-21 06:59:57,181] {scheduler_job.py:633} INFO - Processing file /home/airflow/.local/lib/python3.6/site-packages/airflow/example_dags/example_bash_operator.py for tasks to queue
[2022-06-21 06:59:57,183] {logging_mixin.py:104} INFO - [2022-06-21 06:59:57,183] {dagbag.py:487} INFO - Filling up the DagBag from /home/airflow/.local/lib/python3.6/site-packages/airflow/example_dags/example_bash_operator.py
[2022-06-21 06:59:57,209] {scheduler_job.py:643} INFO - DAG(s) dict_keys(['example_bash_operator']) retrieved from /home/airflow/.local/lib/python3.6/site-packages/airflow/example_dags/example_bash_operator.py
[2022-06-21 06:59:57,242] {logging_mixin.py:104} INFO - [2022-06-21 06:59:57,242] {dag.py:1832} INFO - Sync 1 DAGs
[2022-06-21 06:59:57,265] {logging_mixin.py:104} INFO - [2022-06-21 06:59:57,265] {dag.py:2305} INFO - Setting next_dagrun for example_bash_operator to 2022-06-19 00:00:00+00:00
[2022-06-21 06:59:57,285] {scheduler_job.py:190} INFO - Processing /home/airflow/.local/lib/python3.6/site-packages/airflow/example_dags/example_bash_operator.py took 0.112 seconds
[2022-06-21 07:00:28,321] {scheduler_job.py:182} INFO - Started process (PID=431) to work on /home/airflow/.local/lib/python3.6/site-packages/airflow/example_dags/example_bash_operator.py
[2022-06-21 07:00:28,324] {scheduler_job.py:633} INFO - Processing file /home/airflow/.local/lib/python3.6/site-packages/airflow/example_dags/example_bash_operator.py for tasks to queue
[2022-06-21 07:00:28,326] {logging_mixin.py:104} INFO - [2022-06-21 07:00:28,326] {dagbag.py:487} INFO - Filling up the DagBag from /home/airflow/.local/lib/python3.6/site-packages/airflow/example_dags/example_bash_operator.py
[2022-06-21 07:00:28,362] {scheduler_job.py:643} INFO - DAG(s) dict_keys(['example_bash_operator']) retrieved from /home/airflow/.local/lib/python3.6/site-packages/airflow/example_dags/example_bash_operator.py
[2022-06-21 07:00:28,404] {logging_mixin.py:104} INFO - [2022-06-21 07:00:28,404] {dag.py:1832} INFO - Sync 1 DAGs
[2022-06-21 07:00:28,435] {logging_mixin.py:104} INFO - [2022-06-21 07:00:28,434] {dag.py:2305} INFO - Setting next_dagrun for example_bash_operator to 2022-06-19 00:00:00+00:00
[2022-06-21 07:00:28,450] {scheduler_job.py:190} INFO - Processing /home/airflow/.local/lib/python3.6/site-packages/airflow/example_dags/example_bash_operator.py took 0.135 seconds
[2022-06-21 07:00:58,718] {scheduler_job.py:182} INFO - Started process (PID=492) to work on /home/airflow/.local/lib/python3.6/site-packages/airflow/example_dags/example_bash_operator.py
[2022-06-21 07:00:58,720] {scheduler_job.py:633} INFO - Processing file /home/airflow/.local/lib/python3.6/site-packages/airflow/example_dags/example_bash_operator.py for tasks to queue
[2022-06-21 07:00:58,723] {logging_mixin.py:104} INFO - [2022-06-21 07:00:58,722] {dagbag.py:487} INFO - Filling up the DagBag from /home/airflow/.local/lib/python3.6/site-packages/airflow/example_dags/example_bash_operator.py
[2022-06-21 07:00:58,755] {scheduler_job.py:643} INFO - DAG(s) dict_keys(['example_bash_operator']) retrieved from /home/airflow/.local/lib/python3.6/site-packages/airflow/example_dags/example_bash_operator.py
[2022-06-21 07:00:58,788] {logging_mixin.py:104} INFO - [2022-06-21 07:00:58,788] {dag.py:1832} INFO - Sync 1 DAGs
[2022-06-21 07:00:58,810] {logging_mixin.py:104} INFO - [2022-06-21 07:00:58,810] {dag.py:2305} INFO - Setting next_dagrun for example_bash_operator to 2022-06-19 00:00:00+00:00
[2022-06-21 07:00:58,823] {scheduler_job.py:190} INFO - Processing /home/airflow/.local/lib/python3.6/site-packages/airflow/example_dags/example_bash_operator.py took 0.112 seconds
[2022-06-21 07:01:29,568] {scheduler_job.py:182} INFO - Started process (PID=548) to work on /home/airflow/.local/lib/python3.6/site-packages/airflow/example_dags/example_bash_operator.py
[2022-06-21 07:01:29,574] {scheduler_job.py:633} INFO - Processing file /home/airflow/.local/lib/python3.6/site-packages/airflow/example_dags/example_bash_operator.py for tasks to queue
[2022-06-21 07:01:29,576] {logging_mixin.py:104} INFO - [2022-06-21 07:01:29,576] {dagbag.py:487} INFO - Filling up the DagBag from /home/airflow/.local/lib/python3.6/site-packages/airflow/example_dags/example_bash_operator.py
[2022-06-21 07:01:29,599] {scheduler_job.py:643} INFO - DAG(s) dict_keys(['example_bash_operator']) retrieved from /home/airflow/.local/lib/python3.6/site-packages/airflow/example_dags/example_bash_operator.py
[2022-06-21 07:01:29,642] {logging_mixin.py:104} INFO - [2022-06-21 07:01:29,642] {dag.py:1832} INFO - Sync 1 DAGs
[2022-06-21 07:01:29,676] {logging_mixin.py:104} INFO - [2022-06-21 07:01:29,675] {dag.py:2305} INFO - Setting next_dagrun for example_bash_operator to 2022-06-19 00:00:00+00:00
[2022-06-21 07:01:29,688] {scheduler_job.py:190} INFO - Processing /home/airflow/.local/lib/python3.6/site-packages/airflow/example_dags/example_bash_operator.py took 0.132 seconds
[2022-06-21 07:05:02,188] {scheduler_job.py:182} INFO - Started process (PID=80) to work on /home/airflow/.local/lib/python3.6/site-packages/airflow/example_dags/example_bash_operator.py
[2022-06-21 07:05:02,193] {scheduler_job.py:633} INFO - Processing file /home/airflow/.local/lib/python3.6/site-packages/airflow/example_dags/example_bash_operator.py for tasks to queue
[2022-06-21 07:05:02,200] {logging_mixin.py:104} INFO - [2022-06-21 07:05:02,199] {dagbag.py:487} INFO - Filling up the DagBag from /home/airflow/.local/lib/python3.6/site-packages/airflow/example_dags/example_bash_operator.py
[2022-06-21 07:05:02,313] {scheduler_job.py:643} INFO - DAG(s) dict_keys(['example_bash_operator']) retrieved from /home/airflow/.local/lib/python3.6/site-packages/airflow/example_dags/example_bash_operator.py
[2022-06-21 07:05:02,431] {logging_mixin.py:104} INFO - [2022-06-21 07:05:02,431] {dag.py:1832} INFO - Sync 1 DAGs
[2022-06-21 07:05:02,509] {logging_mixin.py:104} INFO - [2022-06-21 07:05:02,509] {dag.py:2305} INFO - Setting next_dagrun for example_bash_operator to 2022-06-19 00:00:00+00:00
[2022-06-21 07:05:02,535] {scheduler_job.py:190} INFO - Processing /home/airflow/.local/lib/python3.6/site-packages/airflow/example_dags/example_bash_operator.py took 0.367 seconds
[2022-06-21 07:05:39,194] {scheduler_job.py:182} INFO - Started process (PID=138) to work on /home/airflow/.local/lib/python3.6/site-packages/airflow/example_dags/example_bash_operator.py
[2022-06-21 07:05:39,197] {scheduler_job.py:633} INFO - Processing file /home/airflow/.local/lib/python3.6/site-packages/airflow/example_dags/example_bash_operator.py for tasks to queue
[2022-06-21 07:05:39,199] {logging_mixin.py:104} INFO - [2022-06-21 07:05:39,199] {dagbag.py:487} INFO - Filling up the DagBag from /home/airflow/.local/lib/python3.6/site-packages/airflow/example_dags/example_bash_operator.py
[2022-06-21 07:05:39,236] {scheduler_job.py:643} INFO - DAG(s) dict_keys(['example_bash_operator']) retrieved from /home/airflow/.local/lib/python3.6/site-packages/airflow/example_dags/example_bash_operator.py
[2022-06-21 07:05:39,284] {logging_mixin.py:104} INFO - [2022-06-21 07:05:39,284] {dag.py:1832} INFO - Sync 1 DAGs
[2022-06-21 07:05:39,337] {logging_mixin.py:104} INFO - [2022-06-21 07:05:39,337] {dag.py:2305} INFO - Setting next_dagrun for example_bash_operator to 2022-06-19 00:00:00+00:00
[2022-06-21 07:05:39,382] {scheduler_job.py:190} INFO - Processing /home/airflow/.local/lib/python3.6/site-packages/airflow/example_dags/example_bash_operator.py took 0.194 seconds
[2022-06-21 07:06:14,302] {scheduler_job.py:182} INFO - Started process (PID=207) to work on /home/airflow/.local/lib/python3.6/site-packages/airflow/example_dags/example_bash_operator.py
[2022-06-21 07:06:14,306] {scheduler_job.py:633} INFO - Processing file /home/airflow/.local/lib/python3.6/site-packages/airflow/example_dags/example_bash_operator.py for tasks to queue
[2022-06-21 07:06:14,311] {logging_mixin.py:104} INFO - [2022-06-21 07:06:14,310] {dagbag.py:487} INFO - Filling up the DagBag from /home/airflow/.local/lib/python3.6/site-packages/airflow/example_dags/example_bash_operator.py
[2022-06-21 07:06:14,348] {scheduler_job.py:643} INFO - DAG(s) dict_keys(['example_bash_operator']) retrieved from /home/airflow/.local/lib/python3.6/site-packages/airflow/example_dags/example_bash_operator.py
[2022-06-21 07:06:14,375] {logging_mixin.py:104} INFO - [2022-06-21 07:06:14,375] {dag.py:1832} INFO - Sync 1 DAGs
[2022-06-21 07:06:14,402] {logging_mixin.py:104} INFO - [2022-06-21 07:06:14,401] {dag.py:2305} INFO - Setting next_dagrun for example_bash_operator to 2022-06-19 00:00:00+00:00
[2022-06-21 07:06:14,416] {scheduler_job.py:190} INFO - Processing /home/airflow/.local/lib/python3.6/site-packages/airflow/example_dags/example_bash_operator.py took 0.118 seconds
[2022-06-21 07:06:45,723] {scheduler_job.py:182} INFO - Started process (PID=269) to work on /home/airflow/.local/lib/python3.6/site-packages/airflow/example_dags/example_bash_operator.py
[2022-06-21 07:06:45,726] {scheduler_job.py:633} INFO - Processing file /home/airflow/.local/lib/python3.6/site-packages/airflow/example_dags/example_bash_operator.py for tasks to queue
[2022-06-21 07:06:45,728] {logging_mixin.py:104} INFO - [2022-06-21 07:06:45,728] {dagbag.py:487} INFO - Filling up the DagBag from /home/airflow/.local/lib/python3.6/site-packages/airflow/example_dags/example_bash_operator.py
[2022-06-21 07:06:45,759] {scheduler_job.py:643} INFO - DAG(s) dict_keys(['example_bash_operator']) retrieved from /home/airflow/.local/lib/python3.6/site-packages/airflow/example_dags/example_bash_operator.py
[2022-06-21 07:06:45,796] {logging_mixin.py:104} INFO - [2022-06-21 07:06:45,795] {dag.py:1832} INFO - Sync 1 DAGs
[2022-06-21 07:06:45,825] {logging_mixin.py:104} INFO - [2022-06-21 07:06:45,824] {dag.py:2305} INFO - Setting next_dagrun for example_bash_operator to 2022-06-19 00:00:00+00:00
[2022-06-21 07:06:45,844] {scheduler_job.py:190} INFO - Processing /home/airflow/.local/lib/python3.6/site-packages/airflow/example_dags/example_bash_operator.py took 0.127 seconds
[2022-06-21 07:07:23,610] {scheduler_job.py:182} INFO - Started process (PID=315) to work on /home/airflow/.local/lib/python3.6/site-packages/airflow/example_dags/example_bash_operator.py
[2022-06-21 07:07:23,615] {scheduler_job.py:633} INFO - Processing file /home/airflow/.local/lib/python3.6/site-packages/airflow/example_dags/example_bash_operator.py for tasks to queue
[2022-06-21 07:07:23,619] {logging_mixin.py:104} INFO - [2022-06-21 07:07:23,619] {dagbag.py:487} INFO - Filling up the DagBag from /home/airflow/.local/lib/python3.6/site-packages/airflow/example_dags/example_bash_operator.py
[2022-06-21 07:07:23,648] {scheduler_job.py:643} INFO - DAG(s) dict_keys(['example_bash_operator']) retrieved from /home/airflow/.local/lib/python3.6/site-packages/airflow/example_dags/example_bash_operator.py
[2022-06-21 07:07:23,677] {logging_mixin.py:104} INFO - [2022-06-21 07:07:23,677] {dag.py:1832} INFO - Sync 1 DAGs
[2022-06-21 07:07:23,701] {logging_mixin.py:104} INFO - [2022-06-21 07:07:23,701] {dag.py:2305} INFO - Setting next_dagrun for example_bash_operator to 2022-06-19 00:00:00+00:00
[2022-06-21 07:07:23,714] {scheduler_job.py:190} INFO - Processing /home/airflow/.local/lib/python3.6/site-packages/airflow/example_dags/example_bash_operator.py took 0.111 seconds
[2022-06-21 07:07:53,778] {scheduler_job.py:182} INFO - Started process (PID=376) to work on /home/airflow/.local/lib/python3.6/site-packages/airflow/example_dags/example_bash_operator.py
[2022-06-21 07:07:53,781] {scheduler_job.py:633} INFO - Processing file /home/airflow/.local/lib/python3.6/site-packages/airflow/example_dags/example_bash_operator.py for tasks to queue
[2022-06-21 07:07:53,782] {logging_mixin.py:104} INFO - [2022-06-21 07:07:53,782] {dagbag.py:487} INFO - Filling up the DagBag from /home/airflow/.local/lib/python3.6/site-packages/airflow/example_dags/example_bash_operator.py
[2022-06-21 07:07:53,803] {scheduler_job.py:643} INFO - DAG(s) dict_keys(['example_bash_operator']) retrieved from /home/airflow/.local/lib/python3.6/site-packages/airflow/example_dags/example_bash_operator.py
[2022-06-21 07:07:53,827] {logging_mixin.py:104} INFO - [2022-06-21 07:07:53,827] {dag.py:1832} INFO - Sync 1 DAGs
[2022-06-21 07:07:53,850] {logging_mixin.py:104} INFO - [2022-06-21 07:07:53,850] {dag.py:2305} INFO - Setting next_dagrun for example_bash_operator to 2022-06-19 00:00:00+00:00
[2022-06-21 07:07:53,862] {scheduler_job.py:190} INFO - Processing /home/airflow/.local/lib/python3.6/site-packages/airflow/example_dags/example_bash_operator.py took 0.087 seconds
[2022-06-21 07:08:24,858] {scheduler_job.py:182} INFO - Started process (PID=456) to work on /home/airflow/.local/lib/python3.6/site-packages/airflow/example_dags/example_bash_operator.py
[2022-06-21 07:08:24,860] {scheduler_job.py:633} INFO - Processing file /home/airflow/.local/lib/python3.6/site-packages/airflow/example_dags/example_bash_operator.py for tasks to queue
[2022-06-21 07:08:24,862] {logging_mixin.py:104} INFO - [2022-06-21 07:08:24,862] {dagbag.py:487} INFO - Filling up the DagBag from /home/airflow/.local/lib/python3.6/site-packages/airflow/example_dags/example_bash_operator.py
[2022-06-21 07:08:24,885] {scheduler_job.py:643} INFO - DAG(s) dict_keys(['example_bash_operator']) retrieved from /home/airflow/.local/lib/python3.6/site-packages/airflow/example_dags/example_bash_operator.py
[2022-06-21 07:08:24,913] {logging_mixin.py:104} INFO - [2022-06-21 07:08:24,913] {dag.py:1832} INFO - Sync 1 DAGs
[2022-06-21 07:08:24,940] {logging_mixin.py:104} INFO - [2022-06-21 07:08:24,940] {dag.py:2305} INFO - Setting next_dagrun for example_bash_operator to 2022-06-19 00:00:00+00:00
[2022-06-21 07:08:24,952] {scheduler_job.py:190} INFO - Processing /home/airflow/.local/lib/python3.6/site-packages/airflow/example_dags/example_bash_operator.py took 0.098 seconds
[2022-06-21 07:08:55,427] {scheduler_job.py:182} INFO - Started process (PID=518) to work on /home/airflow/.local/lib/python3.6/site-packages/airflow/example_dags/example_bash_operator.py
[2022-06-21 07:08:55,430] {scheduler_job.py:633} INFO - Processing file /home/airflow/.local/lib/python3.6/site-packages/airflow/example_dags/example_bash_operator.py for tasks to queue
[2022-06-21 07:08:55,431] {logging_mixin.py:104} INFO - [2022-06-21 07:08:55,431] {dagbag.py:487} INFO - Filling up the DagBag from /home/airflow/.local/lib/python3.6/site-packages/airflow/example_dags/example_bash_operator.py
[2022-06-21 07:08:55,457] {scheduler_job.py:643} INFO - DAG(s) dict_keys(['example_bash_operator']) retrieved from /home/airflow/.local/lib/python3.6/site-packages/airflow/example_dags/example_bash_operator.py
[2022-06-21 07:08:55,486] {logging_mixin.py:104} INFO - [2022-06-21 07:08:55,486] {dag.py:1832} INFO - Sync 1 DAGs
[2022-06-21 07:08:55,522] {logging_mixin.py:104} INFO - [2022-06-21 07:08:55,522] {dag.py:2305} INFO - Setting next_dagrun for example_bash_operator to 2022-06-19 00:00:00+00:00
[2022-06-21 07:08:55,534] {scheduler_job.py:190} INFO - Processing /home/airflow/.local/lib/python3.6/site-packages/airflow/example_dags/example_bash_operator.py took 0.111 seconds
[2022-06-21 07:11:17,453] {scheduler_job.py:182} INFO - Started process (PID=80) to work on /home/airflow/.local/lib/python3.6/site-packages/airflow/example_dags/example_bash_operator.py
[2022-06-21 07:11:17,455] {scheduler_job.py:633} INFO - Processing file /home/airflow/.local/lib/python3.6/site-packages/airflow/example_dags/example_bash_operator.py for tasks to queue
[2022-06-21 07:11:17,457] {logging_mixin.py:104} INFO - [2022-06-21 07:11:17,456] {dagbag.py:487} INFO - Filling up the DagBag from /home/airflow/.local/lib/python3.6/site-packages/airflow/example_dags/example_bash_operator.py
[2022-06-21 07:11:17,489] {scheduler_job.py:643} INFO - DAG(s) dict_keys(['example_bash_operator']) retrieved from /home/airflow/.local/lib/python3.6/site-packages/airflow/example_dags/example_bash_operator.py
[2022-06-21 07:11:17,534] {logging_mixin.py:104} INFO - [2022-06-21 07:11:17,534] {dag.py:1832} INFO - Sync 1 DAGs
[2022-06-21 07:11:17,555] {logging_mixin.py:104} INFO - [2022-06-21 07:11:17,555] {dag.py:2305} INFO - Setting next_dagrun for example_bash_operator to 2022-06-19 00:00:00+00:00
[2022-06-21 07:11:17,568] {scheduler_job.py:190} INFO - Processing /home/airflow/.local/lib/python3.6/site-packages/airflow/example_dags/example_bash_operator.py took 0.121 seconds
[2022-06-21 07:11:48,517] {scheduler_job.py:182} INFO - Started process (PID=137) to work on /home/airflow/.local/lib/python3.6/site-packages/airflow/example_dags/example_bash_operator.py
[2022-06-21 07:11:48,522] {scheduler_job.py:633} INFO - Processing file /home/airflow/.local/lib/python3.6/site-packages/airflow/example_dags/example_bash_operator.py for tasks to queue
[2022-06-21 07:11:48,526] {logging_mixin.py:104} INFO - [2022-06-21 07:11:48,525] {dagbag.py:487} INFO - Filling up the DagBag from /home/airflow/.local/lib/python3.6/site-packages/airflow/example_dags/example_bash_operator.py
[2022-06-21 07:11:48,555] {scheduler_job.py:643} INFO - DAG(s) dict_keys(['example_bash_operator']) retrieved from /home/airflow/.local/lib/python3.6/site-packages/airflow/example_dags/example_bash_operator.py
[2022-06-21 07:11:48,591] {logging_mixin.py:104} INFO - [2022-06-21 07:11:48,591] {dag.py:1832} INFO - Sync 1 DAGs
[2022-06-21 07:11:48,616] {logging_mixin.py:104} INFO - [2022-06-21 07:11:48,615] {dag.py:2305} INFO - Setting next_dagrun for example_bash_operator to 2022-06-19 00:00:00+00:00
[2022-06-21 07:11:48,632] {scheduler_job.py:190} INFO - Processing /home/airflow/.local/lib/python3.6/site-packages/airflow/example_dags/example_bash_operator.py took 0.126 seconds
[2022-06-21 07:12:19,122] {scheduler_job.py:182} INFO - Started process (PID=173) to work on /home/airflow/.local/lib/python3.6/site-packages/airflow/example_dags/example_bash_operator.py
[2022-06-21 07:12:19,125] {scheduler_job.py:633} INFO - Processing file /home/airflow/.local/lib/python3.6/site-packages/airflow/example_dags/example_bash_operator.py for tasks to queue
[2022-06-21 07:12:19,126] {logging_mixin.py:104} INFO - [2022-06-21 07:12:19,126] {dagbag.py:487} INFO - Filling up the DagBag from /home/airflow/.local/lib/python3.6/site-packages/airflow/example_dags/example_bash_operator.py
[2022-06-21 07:12:19,153] {scheduler_job.py:643} INFO - DAG(s) dict_keys(['example_bash_operator']) retrieved from /home/airflow/.local/lib/python3.6/site-packages/airflow/example_dags/example_bash_operator.py
[2022-06-21 07:12:19,182] {logging_mixin.py:104} INFO - [2022-06-21 07:12:19,182] {dag.py:1832} INFO - Sync 1 DAGs
[2022-06-21 07:12:19,203] {logging_mixin.py:104} INFO - [2022-06-21 07:12:19,203] {dag.py:2305} INFO - Setting next_dagrun for example_bash_operator to 2022-06-19 00:00:00+00:00
[2022-06-21 07:12:19,213] {scheduler_job.py:190} INFO - Processing /home/airflow/.local/lib/python3.6/site-packages/airflow/example_dags/example_bash_operator.py took 0.095 seconds
[2022-06-21 07:12:58,875] {scheduler_job.py:182} INFO - Started process (PID=219) to work on /home/airflow/.local/lib/python3.6/site-packages/airflow/example_dags/example_bash_operator.py
[2022-06-21 07:12:58,877] {scheduler_job.py:633} INFO - Processing file /home/airflow/.local/lib/python3.6/site-packages/airflow/example_dags/example_bash_operator.py for tasks to queue
[2022-06-21 07:12:58,878] {logging_mixin.py:104} INFO - [2022-06-21 07:12:58,878] {dagbag.py:487} INFO - Filling up the DagBag from /home/airflow/.local/lib/python3.6/site-packages/airflow/example_dags/example_bash_operator.py
[2022-06-21 07:12:58,900] {scheduler_job.py:643} INFO - DAG(s) dict_keys(['example_bash_operator']) retrieved from /home/airflow/.local/lib/python3.6/site-packages/airflow/example_dags/example_bash_operator.py
[2022-06-21 07:12:58,923] {logging_mixin.py:104} INFO - [2022-06-21 07:12:58,923] {dag.py:1832} INFO - Sync 1 DAGs
[2022-06-21 07:12:58,944] {logging_mixin.py:104} INFO - [2022-06-21 07:12:58,944] {dag.py:2305} INFO - Setting next_dagrun for example_bash_operator to 2022-06-19 00:00:00+00:00
[2022-06-21 07:12:58,988] {scheduler_job.py:190} INFO - Processing /home/airflow/.local/lib/python3.6/site-packages/airflow/example_dags/example_bash_operator.py took 0.115 seconds
[2022-06-21 07:14:42,815] {scheduler_job.py:182} INFO - Started process (PID=281) to work on /home/airflow/.local/lib/python3.6/site-packages/airflow/example_dags/example_bash_operator.py
[2022-06-21 07:14:42,817] {scheduler_job.py:633} INFO - Processing file /home/airflow/.local/lib/python3.6/site-packages/airflow/example_dags/example_bash_operator.py for tasks to queue
[2022-06-21 07:14:42,819] {logging_mixin.py:104} INFO - [2022-06-21 07:14:42,819] {dagbag.py:487} INFO - Filling up the DagBag from /home/airflow/.local/lib/python3.6/site-packages/airflow/example_dags/example_bash_operator.py
[2022-06-21 07:14:42,835] {scheduler_job.py:643} INFO - DAG(s) dict_keys(['example_bash_operator']) retrieved from /home/airflow/.local/lib/python3.6/site-packages/airflow/example_dags/example_bash_operator.py
[2022-06-21 07:14:42,859] {logging_mixin.py:104} INFO - [2022-06-21 07:14:42,859] {dag.py:1832} INFO - Sync 1 DAGs
[2022-06-21 07:14:42,873] {logging_mixin.py:104} INFO - [2022-06-21 07:14:42,873] {dag.py:2305} INFO - Setting next_dagrun for example_bash_operator to 2022-06-19 00:00:00+00:00
[2022-06-21 07:14:42,884] {scheduler_job.py:190} INFO - Processing /home/airflow/.local/lib/python3.6/site-packages/airflow/example_dags/example_bash_operator.py took 0.072 seconds
[2022-06-21 07:15:34,567] {scheduler_job.py:182} INFO - Started process (PID=328) to work on /home/airflow/.local/lib/python3.6/site-packages/airflow/example_dags/example_bash_operator.py
[2022-06-21 07:15:34,569] {scheduler_job.py:633} INFO - Processing file /home/airflow/.local/lib/python3.6/site-packages/airflow/example_dags/example_bash_operator.py for tasks to queue
[2022-06-21 07:15:34,571] {logging_mixin.py:104} INFO - [2022-06-21 07:15:34,571] {dagbag.py:487} INFO - Filling up the DagBag from /home/airflow/.local/lib/python3.6/site-packages/airflow/example_dags/example_bash_operator.py
[2022-06-21 07:15:34,588] {scheduler_job.py:643} INFO - DAG(s) dict_keys(['example_bash_operator']) retrieved from /home/airflow/.local/lib/python3.6/site-packages/airflow/example_dags/example_bash_operator.py
[2022-06-21 07:15:34,615] {logging_mixin.py:104} INFO - [2022-06-21 07:15:34,614] {dag.py:1832} INFO - Sync 1 DAGs
[2022-06-21 07:15:34,630] {logging_mixin.py:104} INFO - [2022-06-21 07:15:34,630] {dag.py:2305} INFO - Setting next_dagrun for example_bash_operator to 2022-06-19 00:00:00+00:00
[2022-06-21 07:15:34,644] {scheduler_job.py:190} INFO - Processing /home/airflow/.local/lib/python3.6/site-packages/airflow/example_dags/example_bash_operator.py took 0.080 seconds
[2022-06-21 07:16:10,658] {scheduler_job.py:182} INFO - Started process (PID=390) to work on /home/airflow/.local/lib/python3.6/site-packages/airflow/example_dags/example_bash_operator.py
[2022-06-21 07:16:10,661] {scheduler_job.py:633} INFO - Processing file /home/airflow/.local/lib/python3.6/site-packages/airflow/example_dags/example_bash_operator.py for tasks to queue
[2022-06-21 07:16:10,663] {logging_mixin.py:104} INFO - [2022-06-21 07:16:10,662] {dagbag.py:487} INFO - Filling up the DagBag from /home/airflow/.local/lib/python3.6/site-packages/airflow/example_dags/example_bash_operator.py
[2022-06-21 07:16:10,685] {scheduler_job.py:643} INFO - DAG(s) dict_keys(['example_bash_operator']) retrieved from /home/airflow/.local/lib/python3.6/site-packages/airflow/example_dags/example_bash_operator.py
[2022-06-21 07:16:10,719] {logging_mixin.py:104} INFO - [2022-06-21 07:16:10,719] {dag.py:1832} INFO - Sync 1 DAGs
[2022-06-21 07:16:10,740] {logging_mixin.py:104} INFO - [2022-06-21 07:16:10,739] {dag.py:2305} INFO - Setting next_dagrun for example_bash_operator to 2022-06-19 00:00:00+00:00
[2022-06-21 07:16:10,753] {scheduler_job.py:190} INFO - Processing /home/airflow/.local/lib/python3.6/site-packages/airflow/example_dags/example_bash_operator.py took 0.099 seconds
[2022-06-21 07:16:49,864] {scheduler_job.py:182} INFO - Started process (PID=449) to work on /home/airflow/.local/lib/python3.6/site-packages/airflow/example_dags/example_bash_operator.py
[2022-06-21 07:16:49,867] {scheduler_job.py:633} INFO - Processing file /home/airflow/.local/lib/python3.6/site-packages/airflow/example_dags/example_bash_operator.py for tasks to queue
[2022-06-21 07:16:49,869] {logging_mixin.py:104} INFO - [2022-06-21 07:16:49,868] {dagbag.py:487} INFO - Filling up the DagBag from /home/airflow/.local/lib/python3.6/site-packages/airflow/example_dags/example_bash_operator.py
[2022-06-21 07:16:49,903] {scheduler_job.py:643} INFO - DAG(s) dict_keys(['example_bash_operator']) retrieved from /home/airflow/.local/lib/python3.6/site-packages/airflow/example_dags/example_bash_operator.py
[2022-06-21 07:16:49,948] {logging_mixin.py:104} INFO - [2022-06-21 07:16:49,948] {dag.py:1832} INFO - Sync 1 DAGs
[2022-06-21 07:16:49,981] {logging_mixin.py:104} INFO - [2022-06-21 07:16:49,981] {dag.py:2305} INFO - Setting next_dagrun for example_bash_operator to 2022-06-19 00:00:00+00:00
[2022-06-21 07:16:50,003] {scheduler_job.py:190} INFO - Processing /home/airflow/.local/lib/python3.6/site-packages/airflow/example_dags/example_bash_operator.py took 0.144 seconds
[2022-06-21 07:17:21,013] {scheduler_job.py:182} INFO - Started process (PID=506) to work on /home/airflow/.local/lib/python3.6/site-packages/airflow/example_dags/example_bash_operator.py
[2022-06-21 07:17:21,015] {scheduler_job.py:633} INFO - Processing file /home/airflow/.local/lib/python3.6/site-packages/airflow/example_dags/example_bash_operator.py for tasks to queue
[2022-06-21 07:17:21,016] {logging_mixin.py:104} INFO - [2022-06-21 07:17:21,016] {dagbag.py:487} INFO - Filling up the DagBag from /home/airflow/.local/lib/python3.6/site-packages/airflow/example_dags/example_bash_operator.py
[2022-06-21 07:17:21,034] {scheduler_job.py:643} INFO - DAG(s) dict_keys(['example_bash_operator']) retrieved from /home/airflow/.local/lib/python3.6/site-packages/airflow/example_dags/example_bash_operator.py
[2022-06-21 07:17:21,059] {logging_mixin.py:104} INFO - [2022-06-21 07:17:21,059] {dag.py:1832} INFO - Sync 1 DAGs
[2022-06-21 07:17:21,075] {logging_mixin.py:104} INFO - [2022-06-21 07:17:21,075] {dag.py:2305} INFO - Setting next_dagrun for example_bash_operator to 2022-06-19 00:00:00+00:00
[2022-06-21 07:17:21,088] {scheduler_job.py:190} INFO - Processing /home/airflow/.local/lib/python3.6/site-packages/airflow/example_dags/example_bash_operator.py took 0.080 seconds
[2022-06-21 07:20:40,957] {scheduler_job.py:182} INFO - Started process (PID=79) to work on /home/airflow/.local/lib/python3.6/site-packages/airflow/example_dags/example_bash_operator.py
[2022-06-21 07:20:40,960] {scheduler_job.py:633} INFO - Processing file /home/airflow/.local/lib/python3.6/site-packages/airflow/example_dags/example_bash_operator.py for tasks to queue
[2022-06-21 07:20:40,962] {logging_mixin.py:104} INFO - [2022-06-21 07:20:40,962] {dagbag.py:487} INFO - Filling up the DagBag from /home/airflow/.local/lib/python3.6/site-packages/airflow/example_dags/example_bash_operator.py
[2022-06-21 07:20:40,988] {scheduler_job.py:643} INFO - DAG(s) dict_keys(['example_bash_operator']) retrieved from /home/airflow/.local/lib/python3.6/site-packages/airflow/example_dags/example_bash_operator.py
[2022-06-21 07:20:41,029] {logging_mixin.py:104} INFO - [2022-06-21 07:20:41,029] {dag.py:1832} INFO - Sync 1 DAGs
[2022-06-21 07:20:41,055] {logging_mixin.py:104} INFO - [2022-06-21 07:20:41,054] {dag.py:2305} INFO - Setting next_dagrun for example_bash_operator to 2022-06-19 00:00:00+00:00
[2022-06-21 07:20:41,075] {scheduler_job.py:190} INFO - Processing /home/airflow/.local/lib/python3.6/site-packages/airflow/example_dags/example_bash_operator.py took 0.126 seconds
[2022-06-21 07:21:12,366] {scheduler_job.py:182} INFO - Started process (PID=122) to work on /home/airflow/.local/lib/python3.6/site-packages/airflow/example_dags/example_bash_operator.py
[2022-06-21 07:21:12,369] {scheduler_job.py:633} INFO - Processing file /home/airflow/.local/lib/python3.6/site-packages/airflow/example_dags/example_bash_operator.py for tasks to queue
[2022-06-21 07:21:12,373] {logging_mixin.py:104} INFO - [2022-06-21 07:21:12,373] {dagbag.py:487} INFO - Filling up the DagBag from /home/airflow/.local/lib/python3.6/site-packages/airflow/example_dags/example_bash_operator.py
[2022-06-21 07:21:12,397] {scheduler_job.py:643} INFO - DAG(s) dict_keys(['example_bash_operator']) retrieved from /home/airflow/.local/lib/python3.6/site-packages/airflow/example_dags/example_bash_operator.py
[2022-06-21 07:21:12,423] {logging_mixin.py:104} INFO - [2022-06-21 07:21:12,423] {dag.py:1832} INFO - Sync 1 DAGs
[2022-06-21 07:21:12,450] {logging_mixin.py:104} INFO - [2022-06-21 07:21:12,450] {dag.py:2305} INFO - Setting next_dagrun for example_bash_operator to 2022-06-19 00:00:00+00:00
[2022-06-21 07:21:12,471] {scheduler_job.py:190} INFO - Processing /home/airflow/.local/lib/python3.6/site-packages/airflow/example_dags/example_bash_operator.py took 0.114 seconds
[2022-06-21 07:21:49,379] {scheduler_job.py:182} INFO - Started process (PID=189) to work on /home/airflow/.local/lib/python3.6/site-packages/airflow/example_dags/example_bash_operator.py
[2022-06-21 07:21:49,382] {scheduler_job.py:633} INFO - Processing file /home/airflow/.local/lib/python3.6/site-packages/airflow/example_dags/example_bash_operator.py for tasks to queue
[2022-06-21 07:21:49,385] {logging_mixin.py:104} INFO - [2022-06-21 07:21:49,384] {dagbag.py:487} INFO - Filling up the DagBag from /home/airflow/.local/lib/python3.6/site-packages/airflow/example_dags/example_bash_operator.py
[2022-06-21 07:21:49,420] {scheduler_job.py:643} INFO - DAG(s) dict_keys(['example_bash_operator']) retrieved from /home/airflow/.local/lib/python3.6/site-packages/airflow/example_dags/example_bash_operator.py
[2022-06-21 07:21:49,456] {logging_mixin.py:104} INFO - [2022-06-21 07:21:49,455] {dag.py:1832} INFO - Sync 1 DAGs
[2022-06-21 07:21:49,486] {logging_mixin.py:104} INFO - [2022-06-21 07:21:49,485] {dag.py:2305} INFO - Setting next_dagrun for example_bash_operator to 2022-06-19 00:00:00+00:00
[2022-06-21 07:21:49,504] {scheduler_job.py:190} INFO - Processing /home/airflow/.local/lib/python3.6/site-packages/airflow/example_dags/example_bash_operator.py took 0.130 seconds
[2022-06-21 07:22:25,879] {scheduler_job.py:182} INFO - Started process (PID=250) to work on /home/airflow/.local/lib/python3.6/site-packages/airflow/example_dags/example_bash_operator.py
[2022-06-21 07:22:25,882] {scheduler_job.py:633} INFO - Processing file /home/airflow/.local/lib/python3.6/site-packages/airflow/example_dags/example_bash_operator.py for tasks to queue
[2022-06-21 07:22:25,884] {logging_mixin.py:104} INFO - [2022-06-21 07:22:25,884] {dagbag.py:487} INFO - Filling up the DagBag from /home/airflow/.local/lib/python3.6/site-packages/airflow/example_dags/example_bash_operator.py
[2022-06-21 07:22:25,915] {scheduler_job.py:643} INFO - DAG(s) dict_keys(['example_bash_operator']) retrieved from /home/airflow/.local/lib/python3.6/site-packages/airflow/example_dags/example_bash_operator.py
[2022-06-21 07:22:25,946] {logging_mixin.py:104} INFO - [2022-06-21 07:22:25,946] {dag.py:1832} INFO - Sync 1 DAGs
[2022-06-21 07:22:25,970] {logging_mixin.py:104} INFO - [2022-06-21 07:22:25,970] {dag.py:2305} INFO - Setting next_dagrun for example_bash_operator to 2022-06-19 00:00:00+00:00
[2022-06-21 07:22:25,982] {scheduler_job.py:190} INFO - Processing /home/airflow/.local/lib/python3.6/site-packages/airflow/example_dags/example_bash_operator.py took 0.108 seconds
[2022-06-21 07:23:07,374] {scheduler_job.py:182} INFO - Started process (PID=297) to work on /home/airflow/.local/lib/python3.6/site-packages/airflow/example_dags/example_bash_operator.py
[2022-06-21 07:23:07,376] {scheduler_job.py:633} INFO - Processing file /home/airflow/.local/lib/python3.6/site-packages/airflow/example_dags/example_bash_operator.py for tasks to queue
[2022-06-21 07:23:07,377] {logging_mixin.py:104} INFO - [2022-06-21 07:23:07,377] {dagbag.py:487} INFO - Filling up the DagBag from /home/airflow/.local/lib/python3.6/site-packages/airflow/example_dags/example_bash_operator.py
[2022-06-21 07:23:07,401] {scheduler_job.py:643} INFO - DAG(s) dict_keys(['example_bash_operator']) retrieved from /home/airflow/.local/lib/python3.6/site-packages/airflow/example_dags/example_bash_operator.py
[2022-06-21 07:23:07,430] {logging_mixin.py:104} INFO - [2022-06-21 07:23:07,430] {dag.py:1832} INFO - Sync 1 DAGs
[2022-06-21 07:23:07,457] {logging_mixin.py:104} INFO - [2022-06-21 07:23:07,457] {dag.py:2305} INFO - Setting next_dagrun for example_bash_operator to 2022-06-19 00:00:00+00:00
[2022-06-21 07:23:07,471] {scheduler_job.py:190} INFO - Processing /home/airflow/.local/lib/python3.6/site-packages/airflow/example_dags/example_bash_operator.py took 0.102 seconds
[2022-06-21 07:23:37,499] {scheduler_job.py:182} INFO - Started process (PID=357) to work on /home/airflow/.local/lib/python3.6/site-packages/airflow/example_dags/example_bash_operator.py
[2022-06-21 07:23:37,501] {scheduler_job.py:633} INFO - Processing file /home/airflow/.local/lib/python3.6/site-packages/airflow/example_dags/example_bash_operator.py for tasks to queue
[2022-06-21 07:23:37,503] {logging_mixin.py:104} INFO - [2022-06-21 07:23:37,503] {dagbag.py:487} INFO - Filling up the DagBag from /home/airflow/.local/lib/python3.6/site-packages/airflow/example_dags/example_bash_operator.py
[2022-06-21 07:23:37,531] {scheduler_job.py:643} INFO - DAG(s) dict_keys(['example_bash_operator']) retrieved from /home/airflow/.local/lib/python3.6/site-packages/airflow/example_dags/example_bash_operator.py
[2022-06-21 07:23:37,558] {logging_mixin.py:104} INFO - [2022-06-21 07:23:37,558] {dag.py:1832} INFO - Sync 1 DAGs
[2022-06-21 07:23:37,589] {logging_mixin.py:104} INFO - [2022-06-21 07:23:37,588] {dag.py:2305} INFO - Setting next_dagrun for example_bash_operator to 2022-06-19 00:00:00+00:00
[2022-06-21 07:23:37,602] {scheduler_job.py:190} INFO - Processing /home/airflow/.local/lib/python3.6/site-packages/airflow/example_dags/example_bash_operator.py took 0.106 seconds
[2022-06-21 07:24:09,179] {scheduler_job.py:182} INFO - Started process (PID=420) to work on /home/airflow/.local/lib/python3.6/site-packages/airflow/example_dags/example_bash_operator.py
[2022-06-21 07:24:09,182] {scheduler_job.py:633} INFO - Processing file /home/airflow/.local/lib/python3.6/site-packages/airflow/example_dags/example_bash_operator.py for tasks to queue
[2022-06-21 07:24:09,185] {logging_mixin.py:104} INFO - [2022-06-21 07:24:09,185] {dagbag.py:487} INFO - Filling up the DagBag from /home/airflow/.local/lib/python3.6/site-packages/airflow/example_dags/example_bash_operator.py
[2022-06-21 07:24:09,227] {scheduler_job.py:643} INFO - DAG(s) dict_keys(['example_bash_operator']) retrieved from /home/airflow/.local/lib/python3.6/site-packages/airflow/example_dags/example_bash_operator.py
[2022-06-21 07:24:09,267] {logging_mixin.py:104} INFO - [2022-06-21 07:24:09,267] {dag.py:1832} INFO - Sync 1 DAGs
[2022-06-21 07:24:09,292] {logging_mixin.py:104} INFO - [2022-06-21 07:24:09,291] {dag.py:2305} INFO - Setting next_dagrun for example_bash_operator to 2022-06-19 00:00:00+00:00
[2022-06-21 07:24:09,315] {scheduler_job.py:190} INFO - Processing /home/airflow/.local/lib/python3.6/site-packages/airflow/example_dags/example_bash_operator.py took 0.141 seconds
[2022-06-21 07:24:51,808] {scheduler_job.py:182} INFO - Started process (PID=82) to work on /home/airflow/.local/lib/python3.6/site-packages/airflow/example_dags/example_bash_operator.py
[2022-06-21 07:24:51,809] {scheduler_job.py:633} INFO - Processing file /home/airflow/.local/lib/python3.6/site-packages/airflow/example_dags/example_bash_operator.py for tasks to queue
[2022-06-21 07:24:51,811] {logging_mixin.py:104} INFO - [2022-06-21 07:24:51,811] {dagbag.py:487} INFO - Filling up the DagBag from /home/airflow/.local/lib/python3.6/site-packages/airflow/example_dags/example_bash_operator.py
[2022-06-21 07:24:51,836] {scheduler_job.py:643} INFO - DAG(s) dict_keys(['example_bash_operator']) retrieved from /home/airflow/.local/lib/python3.6/site-packages/airflow/example_dags/example_bash_operator.py
[2022-06-21 07:24:51,867] {logging_mixin.py:104} INFO - [2022-06-21 07:24:51,867] {dag.py:1832} INFO - Sync 1 DAGs
[2022-06-21 07:24:51,890] {logging_mixin.py:104} INFO - [2022-06-21 07:24:51,890] {dag.py:2305} INFO - Setting next_dagrun for example_bash_operator to 2022-06-19 00:00:00+00:00
[2022-06-21 07:24:51,902] {scheduler_job.py:190} INFO - Processing /home/airflow/.local/lib/python3.6/site-packages/airflow/example_dags/example_bash_operator.py took 0.098 seconds
[2022-06-21 07:25:23,133] {scheduler_job.py:182} INFO - Started process (PID=146) to work on /home/airflow/.local/lib/python3.6/site-packages/airflow/example_dags/example_bash_operator.py
[2022-06-21 07:25:23,141] {scheduler_job.py:633} INFO - Processing file /home/airflow/.local/lib/python3.6/site-packages/airflow/example_dags/example_bash_operator.py for tasks to queue
[2022-06-21 07:25:23,145] {logging_mixin.py:104} INFO - [2022-06-21 07:25:23,145] {dagbag.py:487} INFO - Filling up the DagBag from /home/airflow/.local/lib/python3.6/site-packages/airflow/example_dags/example_bash_operator.py
[2022-06-21 07:25:23,212] {scheduler_job.py:643} INFO - DAG(s) dict_keys(['example_bash_operator']) retrieved from /home/airflow/.local/lib/python3.6/site-packages/airflow/example_dags/example_bash_operator.py
[2022-06-21 07:25:23,261] {logging_mixin.py:104} INFO - [2022-06-21 07:25:23,260] {dag.py:1832} INFO - Sync 1 DAGs
[2022-06-21 07:25:23,297] {logging_mixin.py:104} INFO - [2022-06-21 07:25:23,297] {dag.py:2305} INFO - Setting next_dagrun for example_bash_operator to 2022-06-19 00:00:00+00:00
[2022-06-21 07:25:23,338] {scheduler_job.py:190} INFO - Processing /home/airflow/.local/lib/python3.6/site-packages/airflow/example_dags/example_bash_operator.py took 0.214 seconds
[2022-06-21 07:25:53,718] {scheduler_job.py:182} INFO - Started process (PID=191) to work on /home/airflow/.local/lib/python3.6/site-packages/airflow/example_dags/example_bash_operator.py
[2022-06-21 07:25:53,720] {scheduler_job.py:633} INFO - Processing file /home/airflow/.local/lib/python3.6/site-packages/airflow/example_dags/example_bash_operator.py for tasks to queue
[2022-06-21 07:25:53,721] {logging_mixin.py:104} INFO - [2022-06-21 07:25:53,721] {dagbag.py:487} INFO - Filling up the DagBag from /home/airflow/.local/lib/python3.6/site-packages/airflow/example_dags/example_bash_operator.py
[2022-06-21 07:25:53,750] {scheduler_job.py:643} INFO - DAG(s) dict_keys(['example_bash_operator']) retrieved from /home/airflow/.local/lib/python3.6/site-packages/airflow/example_dags/example_bash_operator.py
[2022-06-21 07:25:53,777] {logging_mixin.py:104} INFO - [2022-06-21 07:25:53,776] {dag.py:1832} INFO - Sync 1 DAGs
[2022-06-21 07:25:53,803] {logging_mixin.py:104} INFO - [2022-06-21 07:25:53,803] {dag.py:2305} INFO - Setting next_dagrun for example_bash_operator to 2022-06-19 00:00:00+00:00
[2022-06-21 07:25:53,819] {scheduler_job.py:190} INFO - Processing /home/airflow/.local/lib/python3.6/site-packages/airflow/example_dags/example_bash_operator.py took 0.106 seconds
[2022-06-21 07:27:00,731] {scheduler_job.py:182} INFO - Started process (PID=249) to work on /home/airflow/.local/lib/python3.6/site-packages/airflow/example_dags/example_bash_operator.py
[2022-06-21 07:27:00,733] {scheduler_job.py:633} INFO - Processing file /home/airflow/.local/lib/python3.6/site-packages/airflow/example_dags/example_bash_operator.py for tasks to queue
[2022-06-21 07:27:00,735] {logging_mixin.py:104} INFO - [2022-06-21 07:27:00,735] {dagbag.py:487} INFO - Filling up the DagBag from /home/airflow/.local/lib/python3.6/site-packages/airflow/example_dags/example_bash_operator.py
[2022-06-21 07:27:00,759] {scheduler_job.py:643} INFO - DAG(s) dict_keys(['example_bash_operator']) retrieved from /home/airflow/.local/lib/python3.6/site-packages/airflow/example_dags/example_bash_operator.py
[2022-06-21 07:27:00,787] {logging_mixin.py:104} INFO - [2022-06-21 07:27:00,787] {dag.py:1832} INFO - Sync 1 DAGs
[2022-06-21 07:27:00,811] {logging_mixin.py:104} INFO - [2022-06-21 07:27:00,811] {dag.py:2305} INFO - Setting next_dagrun for example_bash_operator to 2022-06-19 00:00:00+00:00
[2022-06-21 07:27:00,827] {scheduler_job.py:190} INFO - Processing /home/airflow/.local/lib/python3.6/site-packages/airflow/example_dags/example_bash_operator.py took 0.103 seconds
[2022-06-21 07:27:31,264] {scheduler_job.py:182} INFO - Started process (PID=301) to work on /home/airflow/.local/lib/python3.6/site-packages/airflow/example_dags/example_bash_operator.py
[2022-06-21 07:27:31,265] {scheduler_job.py:633} INFO - Processing file /home/airflow/.local/lib/python3.6/site-packages/airflow/example_dags/example_bash_operator.py for tasks to queue
[2022-06-21 07:27:31,267] {logging_mixin.py:104} INFO - [2022-06-21 07:27:31,267] {dagbag.py:487} INFO - Filling up the DagBag from /home/airflow/.local/lib/python3.6/site-packages/airflow/example_dags/example_bash_operator.py
[2022-06-21 07:27:31,288] {scheduler_job.py:643} INFO - DAG(s) dict_keys(['example_bash_operator']) retrieved from /home/airflow/.local/lib/python3.6/site-packages/airflow/example_dags/example_bash_operator.py
[2022-06-21 07:27:31,312] {logging_mixin.py:104} INFO - [2022-06-21 07:27:31,312] {dag.py:1832} INFO - Sync 1 DAGs
[2022-06-21 07:27:31,331] {logging_mixin.py:104} INFO - [2022-06-21 07:27:31,331] {dag.py:2305} INFO - Setting next_dagrun for example_bash_operator to 2022-06-19 00:00:00+00:00
[2022-06-21 07:27:31,341] {scheduler_job.py:190} INFO - Processing /home/airflow/.local/lib/python3.6/site-packages/airflow/example_dags/example_bash_operator.py took 0.082 seconds
[2022-06-21 07:28:07,071] {scheduler_job.py:182} INFO - Started process (PID=354) to work on /home/airflow/.local/lib/python3.6/site-packages/airflow/example_dags/example_bash_operator.py
[2022-06-21 07:28:07,074] {scheduler_job.py:633} INFO - Processing file /home/airflow/.local/lib/python3.6/site-packages/airflow/example_dags/example_bash_operator.py for tasks to queue
[2022-06-21 07:28:07,077] {logging_mixin.py:104} INFO - [2022-06-21 07:28:07,077] {dagbag.py:487} INFO - Filling up the DagBag from /home/airflow/.local/lib/python3.6/site-packages/airflow/example_dags/example_bash_operator.py
[2022-06-21 07:28:07,110] {scheduler_job.py:643} INFO - DAG(s) dict_keys(['example_bash_operator']) retrieved from /home/airflow/.local/lib/python3.6/site-packages/airflow/example_dags/example_bash_operator.py
[2022-06-21 07:28:07,141] {logging_mixin.py:104} INFO - [2022-06-21 07:28:07,141] {dag.py:1832} INFO - Sync 1 DAGs
[2022-06-21 07:28:07,169] {logging_mixin.py:104} INFO - [2022-06-21 07:28:07,168] {dag.py:2305} INFO - Setting next_dagrun for example_bash_operator to 2022-06-19 00:00:00+00:00
[2022-06-21 07:28:07,187] {scheduler_job.py:190} INFO - Processing /home/airflow/.local/lib/python3.6/site-packages/airflow/example_dags/example_bash_operator.py took 0.120 seconds
[2022-06-21 07:28:37,937] {scheduler_job.py:182} INFO - Started process (PID=407) to work on /home/airflow/.local/lib/python3.6/site-packages/airflow/example_dags/example_bash_operator.py
[2022-06-21 07:28:37,940] {scheduler_job.py:633} INFO - Processing file /home/airflow/.local/lib/python3.6/site-packages/airflow/example_dags/example_bash_operator.py for tasks to queue
[2022-06-21 07:28:37,942] {logging_mixin.py:104} INFO - [2022-06-21 07:28:37,942] {dagbag.py:487} INFO - Filling up the DagBag from /home/airflow/.local/lib/python3.6/site-packages/airflow/example_dags/example_bash_operator.py
[2022-06-21 07:28:37,971] {scheduler_job.py:643} INFO - DAG(s) dict_keys(['example_bash_operator']) retrieved from /home/airflow/.local/lib/python3.6/site-packages/airflow/example_dags/example_bash_operator.py
[2022-06-21 07:28:38,002] {logging_mixin.py:104} INFO - [2022-06-21 07:28:38,002] {dag.py:1832} INFO - Sync 1 DAGs
[2022-06-21 07:28:38,028] {logging_mixin.py:104} INFO - [2022-06-21 07:28:38,028] {dag.py:2305} INFO - Setting next_dagrun for example_bash_operator to 2022-06-19 00:00:00+00:00
[2022-06-21 07:28:38,039] {scheduler_job.py:190} INFO - Processing /home/airflow/.local/lib/python3.6/site-packages/airflow/example_dags/example_bash_operator.py took 0.106 seconds
[2022-06-21 07:29:29,884] {scheduler_job.py:182} INFO - Started process (PID=72) to work on /home/airflow/.local/lib/python3.6/site-packages/airflow/example_dags/example_bash_operator.py
[2022-06-21 07:29:29,887] {scheduler_job.py:633} INFO - Processing file /home/airflow/.local/lib/python3.6/site-packages/airflow/example_dags/example_bash_operator.py for tasks to queue
[2022-06-21 07:29:29,889] {logging_mixin.py:104} INFO - [2022-06-21 07:29:29,888] {dagbag.py:487} INFO - Filling up the DagBag from /home/airflow/.local/lib/python3.6/site-packages/airflow/example_dags/example_bash_operator.py
[2022-06-21 07:29:29,909] {scheduler_job.py:643} INFO - DAG(s) dict_keys(['example_bash_operator']) retrieved from /home/airflow/.local/lib/python3.6/site-packages/airflow/example_dags/example_bash_operator.py
[2022-06-21 07:29:29,950] {logging_mixin.py:104} INFO - [2022-06-21 07:29:29,950] {dag.py:1832} INFO - Sync 1 DAGs
[2022-06-21 07:29:29,992] {logging_mixin.py:104} INFO - [2022-06-21 07:29:29,991] {dag.py:2305} INFO - Setting next_dagrun for example_bash_operator to 2022-06-19 00:00:00+00:00
[2022-06-21 07:29:30,007] {scheduler_job.py:190} INFO - Processing /home/airflow/.local/lib/python3.6/site-packages/airflow/example_dags/example_bash_operator.py took 0.130 seconds
[2022-06-21 07:30:00,257] {scheduler_job.py:182} INFO - Started process (PID=139) to work on /home/airflow/.local/lib/python3.6/site-packages/airflow/example_dags/example_bash_operator.py
[2022-06-21 07:30:00,259] {scheduler_job.py:633} INFO - Processing file /home/airflow/.local/lib/python3.6/site-packages/airflow/example_dags/example_bash_operator.py for tasks to queue
[2022-06-21 07:30:00,261] {logging_mixin.py:104} INFO - [2022-06-21 07:30:00,261] {dagbag.py:487} INFO - Filling up the DagBag from /home/airflow/.local/lib/python3.6/site-packages/airflow/example_dags/example_bash_operator.py
[2022-06-21 07:30:00,277] {scheduler_job.py:643} INFO - DAG(s) dict_keys(['example_bash_operator']) retrieved from /home/airflow/.local/lib/python3.6/site-packages/airflow/example_dags/example_bash_operator.py
[2022-06-21 07:30:00,312] {logging_mixin.py:104} INFO - [2022-06-21 07:30:00,312] {dag.py:1832} INFO - Sync 1 DAGs
[2022-06-21 07:30:00,329] {logging_mixin.py:104} INFO - [2022-06-21 07:30:00,329] {dag.py:2305} INFO - Setting next_dagrun for example_bash_operator to 2022-06-19 00:00:00+00:00
[2022-06-21 07:30:00,338] {scheduler_job.py:190} INFO - Processing /home/airflow/.local/lib/python3.6/site-packages/airflow/example_dags/example_bash_operator.py took 0.085 seconds
[2022-06-21 07:30:30,595] {scheduler_job.py:182} INFO - Started process (PID=210) to work on /home/airflow/.local/lib/python3.6/site-packages/airflow/example_dags/example_bash_operator.py
[2022-06-21 07:30:30,597] {scheduler_job.py:633} INFO - Processing file /home/airflow/.local/lib/python3.6/site-packages/airflow/example_dags/example_bash_operator.py for tasks to queue
[2022-06-21 07:30:30,598] {logging_mixin.py:104} INFO - [2022-06-21 07:30:30,598] {dagbag.py:487} INFO - Filling up the DagBag from /home/airflow/.local/lib/python3.6/site-packages/airflow/example_dags/example_bash_operator.py
[2022-06-21 07:30:30,614] {scheduler_job.py:643} INFO - DAG(s) dict_keys(['example_bash_operator']) retrieved from /home/airflow/.local/lib/python3.6/site-packages/airflow/example_dags/example_bash_operator.py
[2022-06-21 07:30:30,642] {logging_mixin.py:104} INFO - [2022-06-21 07:30:30,642] {dag.py:1832} INFO - Sync 1 DAGs
[2022-06-21 07:30:30,662] {logging_mixin.py:104} INFO - [2022-06-21 07:30:30,662] {dag.py:2305} INFO - Setting next_dagrun for example_bash_operator to 2022-06-19 00:00:00+00:00
[2022-06-21 07:30:30,674] {scheduler_job.py:190} INFO - Processing /home/airflow/.local/lib/python3.6/site-packages/airflow/example_dags/example_bash_operator.py took 0.083 seconds
[2022-06-21 07:31:35,846] {scheduler_job.py:182} INFO - Started process (PID=80) to work on /home/airflow/.local/lib/python3.6/site-packages/airflow/example_dags/example_bash_operator.py
[2022-06-21 07:31:35,848] {scheduler_job.py:633} INFO - Processing file /home/airflow/.local/lib/python3.6/site-packages/airflow/example_dags/example_bash_operator.py for tasks to queue
[2022-06-21 07:31:35,850] {logging_mixin.py:104} INFO - [2022-06-21 07:31:35,850] {dagbag.py:487} INFO - Filling up the DagBag from /home/airflow/.local/lib/python3.6/site-packages/airflow/example_dags/example_bash_operator.py
[2022-06-21 07:31:35,868] {scheduler_job.py:643} INFO - DAG(s) dict_keys(['example_bash_operator']) retrieved from /home/airflow/.local/lib/python3.6/site-packages/airflow/example_dags/example_bash_operator.py
[2022-06-21 07:31:35,900] {logging_mixin.py:104} INFO - [2022-06-21 07:31:35,900] {dag.py:1832} INFO - Sync 1 DAGs
[2022-06-21 07:31:35,923] {logging_mixin.py:104} INFO - [2022-06-21 07:31:35,923] {dag.py:2305} INFO - Setting next_dagrun for example_bash_operator to 2022-06-19 00:00:00+00:00
[2022-06-21 07:31:35,937] {scheduler_job.py:190} INFO - Processing /home/airflow/.local/lib/python3.6/site-packages/airflow/example_dags/example_bash_operator.py took 0.097 seconds
[2022-06-21 07:32:06,204] {scheduler_job.py:182} INFO - Started process (PID=143) to work on /home/airflow/.local/lib/python3.6/site-packages/airflow/example_dags/example_bash_operator.py
[2022-06-21 07:32:06,206] {scheduler_job.py:633} INFO - Processing file /home/airflow/.local/lib/python3.6/site-packages/airflow/example_dags/example_bash_operator.py for tasks to queue
[2022-06-21 07:32:06,207] {logging_mixin.py:104} INFO - [2022-06-21 07:32:06,207] {dagbag.py:487} INFO - Filling up the DagBag from /home/airflow/.local/lib/python3.6/site-packages/airflow/example_dags/example_bash_operator.py
[2022-06-21 07:32:06,225] {scheduler_job.py:643} INFO - DAG(s) dict_keys(['example_bash_operator']) retrieved from /home/airflow/.local/lib/python3.6/site-packages/airflow/example_dags/example_bash_operator.py
[2022-06-21 07:32:06,246] {logging_mixin.py:104} INFO - [2022-06-21 07:32:06,246] {dag.py:1832} INFO - Sync 1 DAGs
[2022-06-21 07:32:06,264] {logging_mixin.py:104} INFO - [2022-06-21 07:32:06,264] {dag.py:2305} INFO - Setting next_dagrun for example_bash_operator to 2022-06-19 00:00:00+00:00
[2022-06-21 07:32:06,275] {scheduler_job.py:190} INFO - Processing /home/airflow/.local/lib/python3.6/site-packages/airflow/example_dags/example_bash_operator.py took 0.074 seconds
[2022-06-21 07:32:37,454] {scheduler_job.py:182} INFO - Started process (PID=230) to work on /home/airflow/.local/lib/python3.6/site-packages/airflow/example_dags/example_bash_operator.py
[2022-06-21 07:32:37,457] {scheduler_job.py:633} INFO - Processing file /home/airflow/.local/lib/python3.6/site-packages/airflow/example_dags/example_bash_operator.py for tasks to queue
[2022-06-21 07:32:37,459] {logging_mixin.py:104} INFO - [2022-06-21 07:32:37,459] {dagbag.py:487} INFO - Filling up the DagBag from /home/airflow/.local/lib/python3.6/site-packages/airflow/example_dags/example_bash_operator.py
[2022-06-21 07:32:37,490] {scheduler_job.py:643} INFO - DAG(s) dict_keys(['example_bash_operator']) retrieved from /home/airflow/.local/lib/python3.6/site-packages/airflow/example_dags/example_bash_operator.py
[2022-06-21 07:32:37,525] {logging_mixin.py:104} INFO - [2022-06-21 07:32:37,525] {dag.py:1832} INFO - Sync 1 DAGs
[2022-06-21 07:32:37,554] {logging_mixin.py:104} INFO - [2022-06-21 07:32:37,554] {dag.py:2305} INFO - Setting next_dagrun for example_bash_operator to 2022-06-20 00:00:00+00:00
[2022-06-21 07:32:37,570] {scheduler_job.py:190} INFO - Processing /home/airflow/.local/lib/python3.6/site-packages/airflow/example_dags/example_bash_operator.py took 0.120 seconds
[2022-06-21 07:33:07,686] {scheduler_job.py:182} INFO - Started process (PID=292) to work on /home/airflow/.local/lib/python3.6/site-packages/airflow/example_dags/example_bash_operator.py
[2022-06-21 07:33:07,688] {scheduler_job.py:633} INFO - Processing file /home/airflow/.local/lib/python3.6/site-packages/airflow/example_dags/example_bash_operator.py for tasks to queue
[2022-06-21 07:33:07,689] {logging_mixin.py:104} INFO - [2022-06-21 07:33:07,689] {dagbag.py:487} INFO - Filling up the DagBag from /home/airflow/.local/lib/python3.6/site-packages/airflow/example_dags/example_bash_operator.py
[2022-06-21 07:33:07,707] {scheduler_job.py:643} INFO - DAG(s) dict_keys(['example_bash_operator']) retrieved from /home/airflow/.local/lib/python3.6/site-packages/airflow/example_dags/example_bash_operator.py
[2022-06-21 07:33:07,728] {logging_mixin.py:104} INFO - [2022-06-21 07:33:07,728] {dag.py:1832} INFO - Sync 1 DAGs
[2022-06-21 07:33:07,746] {logging_mixin.py:104} INFO - [2022-06-21 07:33:07,746] {dag.py:2305} INFO - Setting next_dagrun for example_bash_operator to 2022-06-20 00:00:00+00:00
[2022-06-21 07:33:07,758] {scheduler_job.py:190} INFO - Processing /home/airflow/.local/lib/python3.6/site-packages/airflow/example_dags/example_bash_operator.py took 0.076 seconds
[2022-06-21 07:33:38,013] {scheduler_job.py:182} INFO - Started process (PID=369) to work on /home/airflow/.local/lib/python3.6/site-packages/airflow/example_dags/example_bash_operator.py
[2022-06-21 07:33:38,016] {scheduler_job.py:633} INFO - Processing file /home/airflow/.local/lib/python3.6/site-packages/airflow/example_dags/example_bash_operator.py for tasks to queue
[2022-06-21 07:33:38,017] {logging_mixin.py:104} INFO - [2022-06-21 07:33:38,017] {dagbag.py:487} INFO - Filling up the DagBag from /home/airflow/.local/lib/python3.6/site-packages/airflow/example_dags/example_bash_operator.py
[2022-06-21 07:33:38,038] {scheduler_job.py:643} INFO - DAG(s) dict_keys(['example_bash_operator']) retrieved from /home/airflow/.local/lib/python3.6/site-packages/airflow/example_dags/example_bash_operator.py
[2022-06-21 07:33:38,065] {logging_mixin.py:104} INFO - [2022-06-21 07:33:38,065] {dag.py:1832} INFO - Sync 1 DAGs
[2022-06-21 07:33:38,084] {logging_mixin.py:104} INFO - [2022-06-21 07:33:38,084] {dag.py:2305} INFO - Setting next_dagrun for example_bash_operator to 2022-06-20 00:00:00+00:00
[2022-06-21 07:33:38,102] {scheduler_job.py:190} INFO - Processing /home/airflow/.local/lib/python3.6/site-packages/airflow/example_dags/example_bash_operator.py took 0.093 seconds
