[2022-06-21 06:58:16,423] {scheduler_job.py:182} INFO - Started process (PID=215) to work on /home/airflow/.local/lib/python3.6/site-packages/airflow/example_dags/example_task_group.py
[2022-06-21 06:58:16,427] {scheduler_job.py:633} INFO - Processing file /home/airflow/.local/lib/python3.6/site-packages/airflow/example_dags/example_task_group.py for tasks to queue
[2022-06-21 06:58:16,430] {logging_mixin.py:104} INFO - [2022-06-21 06:58:16,430] {dagbag.py:487} INFO - Filling up the DagBag from /home/airflow/.local/lib/python3.6/site-packages/airflow/example_dags/example_task_group.py
[2022-06-21 06:58:16,465] {scheduler_job.py:643} INFO - DAG(s) dict_keys(['example_task_group']) retrieved from /home/airflow/.local/lib/python3.6/site-packages/airflow/example_dags/example_task_group.py
[2022-06-21 06:58:19,198] {logging_mixin.py:104} INFO - [2022-06-21 06:58:19,197] {dag.py:1832} INFO - Sync 1 DAGs
[2022-06-21 06:58:19,211] {logging_mixin.py:104} INFO - [2022-06-21 06:58:19,209] {dag.py:1851} INFO - Creating ORM DAG for example_task_group
[2022-06-21 06:58:19,217] {logging_mixin.py:104} INFO - [2022-06-21 06:58:19,216] {dag.py:2305} INFO - Setting next_dagrun for example_task_group to 2022-06-19 00:00:00+00:00
[2022-06-21 06:58:19,229] {scheduler_job.py:190} INFO - Processing /home/airflow/.local/lib/python3.6/site-packages/airflow/example_dags/example_task_group.py took 2.813 seconds
[2022-06-21 06:58:49,474] {scheduler_job.py:182} INFO - Started process (PID=283) to work on /home/airflow/.local/lib/python3.6/site-packages/airflow/example_dags/example_task_group.py
[2022-06-21 06:58:49,479] {scheduler_job.py:633} INFO - Processing file /home/airflow/.local/lib/python3.6/site-packages/airflow/example_dags/example_task_group.py for tasks to queue
[2022-06-21 06:58:49,482] {logging_mixin.py:104} INFO - [2022-06-21 06:58:49,482] {dagbag.py:487} INFO - Filling up the DagBag from /home/airflow/.local/lib/python3.6/site-packages/airflow/example_dags/example_task_group.py
[2022-06-21 06:58:49,516] {scheduler_job.py:643} INFO - DAG(s) dict_keys(['example_task_group']) retrieved from /home/airflow/.local/lib/python3.6/site-packages/airflow/example_dags/example_task_group.py
[2022-06-21 06:58:49,576] {logging_mixin.py:104} INFO - [2022-06-21 06:58:49,576] {dag.py:1832} INFO - Sync 1 DAGs
[2022-06-21 06:58:49,607] {logging_mixin.py:104} INFO - [2022-06-21 06:58:49,607] {dag.py:2305} INFO - Setting next_dagrun for example_task_group to 2022-06-19 00:00:00+00:00
[2022-06-21 06:58:49,632] {scheduler_job.py:190} INFO - Processing /home/airflow/.local/lib/python3.6/site-packages/airflow/example_dags/example_task_group.py took 0.167 seconds
[2022-06-21 06:59:20,018] {scheduler_job.py:182} INFO - Started process (PID=330) to work on /home/airflow/.local/lib/python3.6/site-packages/airflow/example_dags/example_task_group.py
[2022-06-21 06:59:20,022] {scheduler_job.py:633} INFO - Processing file /home/airflow/.local/lib/python3.6/site-packages/airflow/example_dags/example_task_group.py for tasks to queue
[2022-06-21 06:59:20,024] {logging_mixin.py:104} INFO - [2022-06-21 06:59:20,024] {dagbag.py:487} INFO - Filling up the DagBag from /home/airflow/.local/lib/python3.6/site-packages/airflow/example_dags/example_task_group.py
[2022-06-21 06:59:20,047] {scheduler_job.py:643} INFO - DAG(s) dict_keys(['example_task_group']) retrieved from /home/airflow/.local/lib/python3.6/site-packages/airflow/example_dags/example_task_group.py
[2022-06-21 06:59:20,080] {logging_mixin.py:104} INFO - [2022-06-21 06:59:20,079] {dag.py:1832} INFO - Sync 1 DAGs
[2022-06-21 06:59:20,096] {logging_mixin.py:104} INFO - [2022-06-21 06:59:20,095] {dag.py:2305} INFO - Setting next_dagrun for example_task_group to 2022-06-19 00:00:00+00:00
[2022-06-21 06:59:20,111] {scheduler_job.py:190} INFO - Processing /home/airflow/.local/lib/python3.6/site-packages/airflow/example_dags/example_task_group.py took 0.097 seconds
[2022-06-21 06:59:57,638] {scheduler_job.py:182} INFO - Started process (PID=374) to work on /home/airflow/.local/lib/python3.6/site-packages/airflow/example_dags/example_task_group.py
[2022-06-21 06:59:57,641] {scheduler_job.py:633} INFO - Processing file /home/airflow/.local/lib/python3.6/site-packages/airflow/example_dags/example_task_group.py for tasks to queue
[2022-06-21 06:59:57,642] {logging_mixin.py:104} INFO - [2022-06-21 06:59:57,642] {dagbag.py:487} INFO - Filling up the DagBag from /home/airflow/.local/lib/python3.6/site-packages/airflow/example_dags/example_task_group.py
[2022-06-21 06:59:57,663] {scheduler_job.py:643} INFO - DAG(s) dict_keys(['example_task_group']) retrieved from /home/airflow/.local/lib/python3.6/site-packages/airflow/example_dags/example_task_group.py
[2022-06-21 06:59:57,693] {logging_mixin.py:104} INFO - [2022-06-21 06:59:57,693] {dag.py:1832} INFO - Sync 1 DAGs
[2022-06-21 06:59:57,708] {logging_mixin.py:104} INFO - [2022-06-21 06:59:57,708] {dag.py:2305} INFO - Setting next_dagrun for example_task_group to 2022-06-19 00:00:00+00:00
[2022-06-21 06:59:57,720] {scheduler_job.py:190} INFO - Processing /home/airflow/.local/lib/python3.6/site-packages/airflow/example_dags/example_task_group.py took 0.088 seconds
[2022-06-21 07:00:28,789] {scheduler_job.py:182} INFO - Started process (PID=436) to work on /home/airflow/.local/lib/python3.6/site-packages/airflow/example_dags/example_task_group.py
[2022-06-21 07:00:28,791] {scheduler_job.py:633} INFO - Processing file /home/airflow/.local/lib/python3.6/site-packages/airflow/example_dags/example_task_group.py for tasks to queue
[2022-06-21 07:00:28,793] {logging_mixin.py:104} INFO - [2022-06-21 07:00:28,792] {dagbag.py:487} INFO - Filling up the DagBag from /home/airflow/.local/lib/python3.6/site-packages/airflow/example_dags/example_task_group.py
[2022-06-21 07:00:28,811] {scheduler_job.py:643} INFO - DAG(s) dict_keys(['example_task_group']) retrieved from /home/airflow/.local/lib/python3.6/site-packages/airflow/example_dags/example_task_group.py
[2022-06-21 07:00:28,836] {logging_mixin.py:104} INFO - [2022-06-21 07:00:28,836] {dag.py:1832} INFO - Sync 1 DAGs
[2022-06-21 07:00:28,851] {logging_mixin.py:104} INFO - [2022-06-21 07:00:28,851] {dag.py:2305} INFO - Setting next_dagrun for example_task_group to 2022-06-19 00:00:00+00:00
[2022-06-21 07:00:28,862] {scheduler_job.py:190} INFO - Processing /home/airflow/.local/lib/python3.6/site-packages/airflow/example_dags/example_task_group.py took 0.077 seconds
[2022-06-21 07:00:59,090] {scheduler_job.py:182} INFO - Started process (PID=496) to work on /home/airflow/.local/lib/python3.6/site-packages/airflow/example_dags/example_task_group.py
[2022-06-21 07:00:59,092] {scheduler_job.py:633} INFO - Processing file /home/airflow/.local/lib/python3.6/site-packages/airflow/example_dags/example_task_group.py for tasks to queue
[2022-06-21 07:00:59,094] {logging_mixin.py:104} INFO - [2022-06-21 07:00:59,094] {dagbag.py:487} INFO - Filling up the DagBag from /home/airflow/.local/lib/python3.6/site-packages/airflow/example_dags/example_task_group.py
[2022-06-21 07:00:59,114] {scheduler_job.py:643} INFO - DAG(s) dict_keys(['example_task_group']) retrieved from /home/airflow/.local/lib/python3.6/site-packages/airflow/example_dags/example_task_group.py
[2022-06-21 07:00:59,142] {logging_mixin.py:104} INFO - [2022-06-21 07:00:59,142] {dag.py:1832} INFO - Sync 1 DAGs
[2022-06-21 07:00:59,163] {logging_mixin.py:104} INFO - [2022-06-21 07:00:59,163] {dag.py:2305} INFO - Setting next_dagrun for example_task_group to 2022-06-19 00:00:00+00:00
[2022-06-21 07:00:59,175] {scheduler_job.py:190} INFO - Processing /home/airflow/.local/lib/python3.6/site-packages/airflow/example_dags/example_task_group.py took 0.089 seconds
[2022-06-21 07:01:29,921] {scheduler_job.py:182} INFO - Started process (PID=552) to work on /home/airflow/.local/lib/python3.6/site-packages/airflow/example_dags/example_task_group.py
[2022-06-21 07:01:29,925] {scheduler_job.py:633} INFO - Processing file /home/airflow/.local/lib/python3.6/site-packages/airflow/example_dags/example_task_group.py for tasks to queue
[2022-06-21 07:01:29,927] {logging_mixin.py:104} INFO - [2022-06-21 07:01:29,927] {dagbag.py:487} INFO - Filling up the DagBag from /home/airflow/.local/lib/python3.6/site-packages/airflow/example_dags/example_task_group.py
[2022-06-21 07:01:29,966] {scheduler_job.py:643} INFO - DAG(s) dict_keys(['example_task_group']) retrieved from /home/airflow/.local/lib/python3.6/site-packages/airflow/example_dags/example_task_group.py
[2022-06-21 07:01:30,005] {logging_mixin.py:104} INFO - [2022-06-21 07:01:30,005] {dag.py:1832} INFO - Sync 1 DAGs
[2022-06-21 07:01:30,026] {logging_mixin.py:104} INFO - [2022-06-21 07:01:30,025] {dag.py:2305} INFO - Setting next_dagrun for example_task_group to 2022-06-19 00:00:00+00:00
[2022-06-21 07:01:30,045] {scheduler_job.py:190} INFO - Processing /home/airflow/.local/lib/python3.6/site-packages/airflow/example_dags/example_task_group.py took 0.132 seconds
[2022-06-21 07:05:03,002] {scheduler_job.py:182} INFO - Started process (PID=85) to work on /home/airflow/.local/lib/python3.6/site-packages/airflow/example_dags/example_task_group.py
[2022-06-21 07:05:03,005] {scheduler_job.py:633} INFO - Processing file /home/airflow/.local/lib/python3.6/site-packages/airflow/example_dags/example_task_group.py for tasks to queue
[2022-06-21 07:05:03,007] {logging_mixin.py:104} INFO - [2022-06-21 07:05:03,006] {dagbag.py:487} INFO - Filling up the DagBag from /home/airflow/.local/lib/python3.6/site-packages/airflow/example_dags/example_task_group.py
[2022-06-21 07:05:03,025] {scheduler_job.py:643} INFO - DAG(s) dict_keys(['example_task_group']) retrieved from /home/airflow/.local/lib/python3.6/site-packages/airflow/example_dags/example_task_group.py
[2022-06-21 07:05:03,594] {logging_mixin.py:104} INFO - [2022-06-21 07:05:03,594] {dag.py:1832} INFO - Sync 1 DAGs
[2022-06-21 07:05:03,611] {logging_mixin.py:104} INFO - [2022-06-21 07:05:03,611] {dag.py:2305} INFO - Setting next_dagrun for example_task_group to 2022-06-19 00:00:00+00:00
[2022-06-21 07:05:03,975] {scheduler_job.py:190} INFO - Processing /home/airflow/.local/lib/python3.6/site-packages/airflow/example_dags/example_task_group.py took 0.976 seconds
[2022-06-21 07:05:40,315] {scheduler_job.py:182} INFO - Started process (PID=148) to work on /home/airflow/.local/lib/python3.6/site-packages/airflow/example_dags/example_task_group.py
[2022-06-21 07:05:40,318] {scheduler_job.py:633} INFO - Processing file /home/airflow/.local/lib/python3.6/site-packages/airflow/example_dags/example_task_group.py for tasks to queue
[2022-06-21 07:05:40,320] {logging_mixin.py:104} INFO - [2022-06-21 07:05:40,320] {dagbag.py:487} INFO - Filling up the DagBag from /home/airflow/.local/lib/python3.6/site-packages/airflow/example_dags/example_task_group.py
[2022-06-21 07:05:40,354] {scheduler_job.py:643} INFO - DAG(s) dict_keys(['example_task_group']) retrieved from /home/airflow/.local/lib/python3.6/site-packages/airflow/example_dags/example_task_group.py
[2022-06-21 07:05:40,391] {logging_mixin.py:104} INFO - [2022-06-21 07:05:40,391] {dag.py:1832} INFO - Sync 1 DAGs
[2022-06-21 07:05:40,447] {logging_mixin.py:104} INFO - [2022-06-21 07:05:40,447] {dag.py:2305} INFO - Setting next_dagrun for example_task_group to 2022-06-19 00:00:00+00:00
[2022-06-21 07:05:40,469] {scheduler_job.py:190} INFO - Processing /home/airflow/.local/lib/python3.6/site-packages/airflow/example_dags/example_task_group.py took 0.159 seconds
[2022-06-21 07:06:14,884] {scheduler_job.py:182} INFO - Started process (PID=212) to work on /home/airflow/.local/lib/python3.6/site-packages/airflow/example_dags/example_task_group.py
[2022-06-21 07:06:14,889] {scheduler_job.py:633} INFO - Processing file /home/airflow/.local/lib/python3.6/site-packages/airflow/example_dags/example_task_group.py for tasks to queue
[2022-06-21 07:06:14,891] {logging_mixin.py:104} INFO - [2022-06-21 07:06:14,891] {dagbag.py:487} INFO - Filling up the DagBag from /home/airflow/.local/lib/python3.6/site-packages/airflow/example_dags/example_task_group.py
[2022-06-21 07:06:14,926] {scheduler_job.py:643} INFO - DAG(s) dict_keys(['example_task_group']) retrieved from /home/airflow/.local/lib/python3.6/site-packages/airflow/example_dags/example_task_group.py
[2022-06-21 07:06:14,955] {logging_mixin.py:104} INFO - [2022-06-21 07:06:14,955] {dag.py:1832} INFO - Sync 1 DAGs
[2022-06-21 07:06:14,979] {logging_mixin.py:104} INFO - [2022-06-21 07:06:14,979] {dag.py:2305} INFO - Setting next_dagrun for example_task_group to 2022-06-19 00:00:00+00:00
[2022-06-21 07:06:14,993] {scheduler_job.py:190} INFO - Processing /home/airflow/.local/lib/python3.6/site-packages/airflow/example_dags/example_task_group.py took 0.118 seconds
[2022-06-21 07:06:46,195] {scheduler_job.py:182} INFO - Started process (PID=274) to work on /home/airflow/.local/lib/python3.6/site-packages/airflow/example_dags/example_task_group.py
[2022-06-21 07:06:46,197] {scheduler_job.py:633} INFO - Processing file /home/airflow/.local/lib/python3.6/site-packages/airflow/example_dags/example_task_group.py for tasks to queue
[2022-06-21 07:06:46,199] {logging_mixin.py:104} INFO - [2022-06-21 07:06:46,199] {dagbag.py:487} INFO - Filling up the DagBag from /home/airflow/.local/lib/python3.6/site-packages/airflow/example_dags/example_task_group.py
[2022-06-21 07:06:46,225] {scheduler_job.py:643} INFO - DAG(s) dict_keys(['example_task_group']) retrieved from /home/airflow/.local/lib/python3.6/site-packages/airflow/example_dags/example_task_group.py
[2022-06-21 07:06:46,257] {logging_mixin.py:104} INFO - [2022-06-21 07:06:46,257] {dag.py:1832} INFO - Sync 1 DAGs
[2022-06-21 07:06:46,278] {logging_mixin.py:104} INFO - [2022-06-21 07:06:46,278] {dag.py:2305} INFO - Setting next_dagrun for example_task_group to 2022-06-19 00:00:00+00:00
[2022-06-21 07:06:46,294] {scheduler_job.py:190} INFO - Processing /home/airflow/.local/lib/python3.6/site-packages/airflow/example_dags/example_task_group.py took 0.104 seconds
[2022-06-21 07:07:24,244] {scheduler_job.py:182} INFO - Started process (PID=320) to work on /home/airflow/.local/lib/python3.6/site-packages/airflow/example_dags/example_task_group.py
[2022-06-21 07:07:24,250] {scheduler_job.py:633} INFO - Processing file /home/airflow/.local/lib/python3.6/site-packages/airflow/example_dags/example_task_group.py for tasks to queue
[2022-06-21 07:07:24,253] {logging_mixin.py:104} INFO - [2022-06-21 07:07:24,253] {dagbag.py:487} INFO - Filling up the DagBag from /home/airflow/.local/lib/python3.6/site-packages/airflow/example_dags/example_task_group.py
[2022-06-21 07:07:24,309] {scheduler_job.py:643} INFO - DAG(s) dict_keys(['example_task_group']) retrieved from /home/airflow/.local/lib/python3.6/site-packages/airflow/example_dags/example_task_group.py
[2022-06-21 07:07:24,358] {logging_mixin.py:104} INFO - [2022-06-21 07:07:24,358] {dag.py:1832} INFO - Sync 1 DAGs
[2022-06-21 07:07:24,382] {logging_mixin.py:104} INFO - [2022-06-21 07:07:24,382] {dag.py:2305} INFO - Setting next_dagrun for example_task_group to 2022-06-19 00:00:00+00:00
[2022-06-21 07:07:24,401] {scheduler_job.py:190} INFO - Processing /home/airflow/.local/lib/python3.6/site-packages/airflow/example_dags/example_task_group.py took 0.168 seconds
[2022-06-21 07:07:55,341] {scheduler_job.py:182} INFO - Started process (PID=382) to work on /home/airflow/.local/lib/python3.6/site-packages/airflow/example_dags/example_task_group.py
[2022-06-21 07:07:55,348] {scheduler_job.py:633} INFO - Processing file /home/airflow/.local/lib/python3.6/site-packages/airflow/example_dags/example_task_group.py for tasks to queue
[2022-06-21 07:07:55,354] {logging_mixin.py:104} INFO - [2022-06-21 07:07:55,352] {dagbag.py:487} INFO - Filling up the DagBag from /home/airflow/.local/lib/python3.6/site-packages/airflow/example_dags/example_task_group.py
[2022-06-21 07:07:55,388] {scheduler_job.py:643} INFO - DAG(s) dict_keys(['example_task_group']) retrieved from /home/airflow/.local/lib/python3.6/site-packages/airflow/example_dags/example_task_group.py
[2022-06-21 07:07:55,415] {logging_mixin.py:104} INFO - [2022-06-21 07:07:55,415] {dag.py:1832} INFO - Sync 1 DAGs
[2022-06-21 07:07:55,432] {logging_mixin.py:104} INFO - [2022-06-21 07:07:55,432] {dag.py:2305} INFO - Setting next_dagrun for example_task_group to 2022-06-19 00:00:00+00:00
[2022-06-21 07:07:55,450] {scheduler_job.py:190} INFO - Processing /home/airflow/.local/lib/python3.6/site-packages/airflow/example_dags/example_task_group.py took 0.114 seconds
[2022-06-21 07:08:26,104] {scheduler_job.py:182} INFO - Started process (PID=461) to work on /home/airflow/.local/lib/python3.6/site-packages/airflow/example_dags/example_task_group.py
[2022-06-21 07:08:26,107] {scheduler_job.py:633} INFO - Processing file /home/airflow/.local/lib/python3.6/site-packages/airflow/example_dags/example_task_group.py for tasks to queue
[2022-06-21 07:08:26,109] {logging_mixin.py:104} INFO - [2022-06-21 07:08:26,109] {dagbag.py:487} INFO - Filling up the DagBag from /home/airflow/.local/lib/python3.6/site-packages/airflow/example_dags/example_task_group.py
[2022-06-21 07:08:26,128] {scheduler_job.py:643} INFO - DAG(s) dict_keys(['example_task_group']) retrieved from /home/airflow/.local/lib/python3.6/site-packages/airflow/example_dags/example_task_group.py
[2022-06-21 07:08:26,148] {logging_mixin.py:104} INFO - [2022-06-21 07:08:26,148] {dag.py:1832} INFO - Sync 1 DAGs
[2022-06-21 07:08:26,164] {logging_mixin.py:104} INFO - [2022-06-21 07:08:26,164] {dag.py:2305} INFO - Setting next_dagrun for example_task_group to 2022-06-19 00:00:00+00:00
[2022-06-21 07:08:26,181] {scheduler_job.py:190} INFO - Processing /home/airflow/.local/lib/python3.6/site-packages/airflow/example_dags/example_task_group.py took 0.082 seconds
[2022-06-21 07:08:56,682] {scheduler_job.py:182} INFO - Started process (PID=523) to work on /home/airflow/.local/lib/python3.6/site-packages/airflow/example_dags/example_task_group.py
[2022-06-21 07:08:56,684] {scheduler_job.py:633} INFO - Processing file /home/airflow/.local/lib/python3.6/site-packages/airflow/example_dags/example_task_group.py for tasks to queue
[2022-06-21 07:08:56,686] {logging_mixin.py:104} INFO - [2022-06-21 07:08:56,686] {dagbag.py:487} INFO - Filling up the DagBag from /home/airflow/.local/lib/python3.6/site-packages/airflow/example_dags/example_task_group.py
[2022-06-21 07:08:56,706] {scheduler_job.py:643} INFO - DAG(s) dict_keys(['example_task_group']) retrieved from /home/airflow/.local/lib/python3.6/site-packages/airflow/example_dags/example_task_group.py
[2022-06-21 07:08:56,735] {logging_mixin.py:104} INFO - [2022-06-21 07:08:56,735] {dag.py:1832} INFO - Sync 1 DAGs
[2022-06-21 07:08:56,757] {logging_mixin.py:104} INFO - [2022-06-21 07:08:56,757] {dag.py:2305} INFO - Setting next_dagrun for example_task_group to 2022-06-19 00:00:00+00:00
[2022-06-21 07:08:56,774] {scheduler_job.py:190} INFO - Processing /home/airflow/.local/lib/python3.6/site-packages/airflow/example_dags/example_task_group.py took 0.095 seconds
[2022-06-21 07:11:17,948] {scheduler_job.py:182} INFO - Started process (PID=85) to work on /home/airflow/.local/lib/python3.6/site-packages/airflow/example_dags/example_task_group.py
[2022-06-21 07:11:17,951] {scheduler_job.py:633} INFO - Processing file /home/airflow/.local/lib/python3.6/site-packages/airflow/example_dags/example_task_group.py for tasks to queue
[2022-06-21 07:11:17,953] {logging_mixin.py:104} INFO - [2022-06-21 07:11:17,953] {dagbag.py:487} INFO - Filling up the DagBag from /home/airflow/.local/lib/python3.6/site-packages/airflow/example_dags/example_task_group.py
[2022-06-21 07:11:17,981] {scheduler_job.py:643} INFO - DAG(s) dict_keys(['example_task_group']) retrieved from /home/airflow/.local/lib/python3.6/site-packages/airflow/example_dags/example_task_group.py
[2022-06-21 07:11:18,437] {logging_mixin.py:104} INFO - [2022-06-21 07:11:18,437] {dag.py:1832} INFO - Sync 1 DAGs
[2022-06-21 07:11:18,454] {logging_mixin.py:104} INFO - [2022-06-21 07:11:18,454] {dag.py:2305} INFO - Setting next_dagrun for example_task_group to 2022-06-19 00:00:00+00:00
[2022-06-21 07:11:18,626] {scheduler_job.py:190} INFO - Processing /home/airflow/.local/lib/python3.6/site-packages/airflow/example_dags/example_task_group.py took 0.683 seconds
[2022-06-21 07:11:48,894] {scheduler_job.py:182} INFO - Started process (PID=142) to work on /home/airflow/.local/lib/python3.6/site-packages/airflow/example_dags/example_task_group.py
[2022-06-21 07:11:48,896] {scheduler_job.py:633} INFO - Processing file /home/airflow/.local/lib/python3.6/site-packages/airflow/example_dags/example_task_group.py for tasks to queue
[2022-06-21 07:11:48,897] {logging_mixin.py:104} INFO - [2022-06-21 07:11:48,897] {dagbag.py:487} INFO - Filling up the DagBag from /home/airflow/.local/lib/python3.6/site-packages/airflow/example_dags/example_task_group.py
[2022-06-21 07:11:48,922] {scheduler_job.py:643} INFO - DAG(s) dict_keys(['example_task_group']) retrieved from /home/airflow/.local/lib/python3.6/site-packages/airflow/example_dags/example_task_group.py
[2022-06-21 07:11:48,950] {logging_mixin.py:104} INFO - [2022-06-21 07:11:48,950] {dag.py:1832} INFO - Sync 1 DAGs
[2022-06-21 07:11:48,970] {logging_mixin.py:104} INFO - [2022-06-21 07:11:48,970] {dag.py:2305} INFO - Setting next_dagrun for example_task_group to 2022-06-19 00:00:00+00:00
[2022-06-21 07:11:48,983] {scheduler_job.py:190} INFO - Processing /home/airflow/.local/lib/python3.6/site-packages/airflow/example_dags/example_task_group.py took 0.094 seconds
[2022-06-21 07:12:19,447] {scheduler_job.py:182} INFO - Started process (PID=178) to work on /home/airflow/.local/lib/python3.6/site-packages/airflow/example_dags/example_task_group.py
[2022-06-21 07:12:19,448] {scheduler_job.py:633} INFO - Processing file /home/airflow/.local/lib/python3.6/site-packages/airflow/example_dags/example_task_group.py for tasks to queue
[2022-06-21 07:12:19,450] {logging_mixin.py:104} INFO - [2022-06-21 07:12:19,450] {dagbag.py:487} INFO - Filling up the DagBag from /home/airflow/.local/lib/python3.6/site-packages/airflow/example_dags/example_task_group.py
[2022-06-21 07:12:19,472] {scheduler_job.py:643} INFO - DAG(s) dict_keys(['example_task_group']) retrieved from /home/airflow/.local/lib/python3.6/site-packages/airflow/example_dags/example_task_group.py
[2022-06-21 07:12:19,499] {logging_mixin.py:104} INFO - [2022-06-21 07:12:19,499] {dag.py:1832} INFO - Sync 1 DAGs
[2022-06-21 07:12:19,518] {logging_mixin.py:104} INFO - [2022-06-21 07:12:19,518] {dag.py:2305} INFO - Setting next_dagrun for example_task_group to 2022-06-19 00:00:00+00:00
[2022-06-21 07:12:19,530] {scheduler_job.py:190} INFO - Processing /home/airflow/.local/lib/python3.6/site-packages/airflow/example_dags/example_task_group.py took 0.087 seconds
[2022-06-21 07:12:59,449] {scheduler_job.py:182} INFO - Started process (PID=233) to work on /home/airflow/.local/lib/python3.6/site-packages/airflow/example_dags/example_task_group.py
[2022-06-21 07:12:59,451] {scheduler_job.py:633} INFO - Processing file /home/airflow/.local/lib/python3.6/site-packages/airflow/example_dags/example_task_group.py for tasks to queue
[2022-06-21 07:12:59,452] {logging_mixin.py:104} INFO - [2022-06-21 07:12:59,452] {dagbag.py:487} INFO - Filling up the DagBag from /home/airflow/.local/lib/python3.6/site-packages/airflow/example_dags/example_task_group.py
[2022-06-21 07:12:59,474] {scheduler_job.py:643} INFO - DAG(s) dict_keys(['example_task_group']) retrieved from /home/airflow/.local/lib/python3.6/site-packages/airflow/example_dags/example_task_group.py
[2022-06-21 07:12:59,499] {logging_mixin.py:104} INFO - [2022-06-21 07:12:59,499] {dag.py:1832} INFO - Sync 1 DAGs
[2022-06-21 07:12:59,519] {logging_mixin.py:104} INFO - [2022-06-21 07:12:59,518] {dag.py:2305} INFO - Setting next_dagrun for example_task_group to 2022-06-19 00:00:00+00:00
[2022-06-21 07:12:59,537] {scheduler_job.py:190} INFO - Processing /home/airflow/.local/lib/python3.6/site-packages/airflow/example_dags/example_task_group.py took 0.093 seconds
[2022-06-21 07:14:43,297] {scheduler_job.py:182} INFO - Started process (PID=286) to work on /home/airflow/.local/lib/python3.6/site-packages/airflow/example_dags/example_task_group.py
[2022-06-21 07:14:43,300] {scheduler_job.py:633} INFO - Processing file /home/airflow/.local/lib/python3.6/site-packages/airflow/example_dags/example_task_group.py for tasks to queue
[2022-06-21 07:14:43,302] {logging_mixin.py:104} INFO - [2022-06-21 07:14:43,302] {dagbag.py:487} INFO - Filling up the DagBag from /home/airflow/.local/lib/python3.6/site-packages/airflow/example_dags/example_task_group.py
[2022-06-21 07:14:43,320] {scheduler_job.py:643} INFO - DAG(s) dict_keys(['example_task_group']) retrieved from /home/airflow/.local/lib/python3.6/site-packages/airflow/example_dags/example_task_group.py
[2022-06-21 07:14:43,344] {logging_mixin.py:104} INFO - [2022-06-21 07:14:43,344] {dag.py:1832} INFO - Sync 1 DAGs
[2022-06-21 07:14:43,358] {logging_mixin.py:104} INFO - [2022-06-21 07:14:43,358] {dag.py:2305} INFO - Setting next_dagrun for example_task_group to 2022-06-19 00:00:00+00:00
[2022-06-21 07:14:43,370] {scheduler_job.py:190} INFO - Processing /home/airflow/.local/lib/python3.6/site-packages/airflow/example_dags/example_task_group.py took 0.077 seconds
[2022-06-21 07:15:34,992] {scheduler_job.py:182} INFO - Started process (PID=333) to work on /home/airflow/.local/lib/python3.6/site-packages/airflow/example_dags/example_task_group.py
[2022-06-21 07:15:34,994] {scheduler_job.py:633} INFO - Processing file /home/airflow/.local/lib/python3.6/site-packages/airflow/example_dags/example_task_group.py for tasks to queue
[2022-06-21 07:15:34,996] {logging_mixin.py:104} INFO - [2022-06-21 07:15:34,995] {dagbag.py:487} INFO - Filling up the DagBag from /home/airflow/.local/lib/python3.6/site-packages/airflow/example_dags/example_task_group.py
[2022-06-21 07:15:35,013] {scheduler_job.py:643} INFO - DAG(s) dict_keys(['example_task_group']) retrieved from /home/airflow/.local/lib/python3.6/site-packages/airflow/example_dags/example_task_group.py
[2022-06-21 07:15:35,038] {logging_mixin.py:104} INFO - [2022-06-21 07:15:35,038] {dag.py:1832} INFO - Sync 1 DAGs
[2022-06-21 07:15:35,051] {logging_mixin.py:104} INFO - [2022-06-21 07:15:35,051] {dag.py:2305} INFO - Setting next_dagrun for example_task_group to 2022-06-19 00:00:00+00:00
[2022-06-21 07:15:35,066] {scheduler_job.py:190} INFO - Processing /home/airflow/.local/lib/python3.6/site-packages/airflow/example_dags/example_task_group.py took 0.078 seconds
[2022-06-21 07:16:11,032] {scheduler_job.py:182} INFO - Started process (PID=397) to work on /home/airflow/.local/lib/python3.6/site-packages/airflow/example_dags/example_task_group.py
[2022-06-21 07:16:11,035] {scheduler_job.py:633} INFO - Processing file /home/airflow/.local/lib/python3.6/site-packages/airflow/example_dags/example_task_group.py for tasks to queue
[2022-06-21 07:16:11,037] {logging_mixin.py:104} INFO - [2022-06-21 07:16:11,037] {dagbag.py:487} INFO - Filling up the DagBag from /home/airflow/.local/lib/python3.6/site-packages/airflow/example_dags/example_task_group.py
[2022-06-21 07:16:11,059] {scheduler_job.py:643} INFO - DAG(s) dict_keys(['example_task_group']) retrieved from /home/airflow/.local/lib/python3.6/site-packages/airflow/example_dags/example_task_group.py
[2022-06-21 07:16:11,092] {logging_mixin.py:104} INFO - [2022-06-21 07:16:11,092] {dag.py:1832} INFO - Sync 1 DAGs
[2022-06-21 07:16:11,108] {logging_mixin.py:104} INFO - [2022-06-21 07:16:11,108] {dag.py:2305} INFO - Setting next_dagrun for example_task_group to 2022-06-19 00:00:00+00:00
[2022-06-21 07:16:11,123] {scheduler_job.py:190} INFO - Processing /home/airflow/.local/lib/python3.6/site-packages/airflow/example_dags/example_task_group.py took 0.095 seconds
[2022-06-21 07:16:50,331] {scheduler_job.py:182} INFO - Started process (PID=459) to work on /home/airflow/.local/lib/python3.6/site-packages/airflow/example_dags/example_task_group.py
[2022-06-21 07:16:50,333] {scheduler_job.py:633} INFO - Processing file /home/airflow/.local/lib/python3.6/site-packages/airflow/example_dags/example_task_group.py for tasks to queue
[2022-06-21 07:16:50,336] {logging_mixin.py:104} INFO - [2022-06-21 07:16:50,335] {dagbag.py:487} INFO - Filling up the DagBag from /home/airflow/.local/lib/python3.6/site-packages/airflow/example_dags/example_task_group.py
[2022-06-21 07:16:50,360] {scheduler_job.py:643} INFO - DAG(s) dict_keys(['example_task_group']) retrieved from /home/airflow/.local/lib/python3.6/site-packages/airflow/example_dags/example_task_group.py
[2022-06-21 07:16:50,392] {logging_mixin.py:104} INFO - [2022-06-21 07:16:50,392] {dag.py:1832} INFO - Sync 1 DAGs
[2022-06-21 07:16:50,409] {logging_mixin.py:104} INFO - [2022-06-21 07:16:50,409] {dag.py:2305} INFO - Setting next_dagrun for example_task_group to 2022-06-19 00:00:00+00:00
[2022-06-21 07:16:50,423] {scheduler_job.py:190} INFO - Processing /home/airflow/.local/lib/python3.6/site-packages/airflow/example_dags/example_task_group.py took 0.097 seconds
[2022-06-21 07:17:21,448] {scheduler_job.py:182} INFO - Started process (PID=511) to work on /home/airflow/.local/lib/python3.6/site-packages/airflow/example_dags/example_task_group.py
[2022-06-21 07:17:21,450] {scheduler_job.py:633} INFO - Processing file /home/airflow/.local/lib/python3.6/site-packages/airflow/example_dags/example_task_group.py for tasks to queue
[2022-06-21 07:17:21,452] {logging_mixin.py:104} INFO - [2022-06-21 07:17:21,452] {dagbag.py:487} INFO - Filling up the DagBag from /home/airflow/.local/lib/python3.6/site-packages/airflow/example_dags/example_task_group.py
[2022-06-21 07:17:21,476] {scheduler_job.py:643} INFO - DAG(s) dict_keys(['example_task_group']) retrieved from /home/airflow/.local/lib/python3.6/site-packages/airflow/example_dags/example_task_group.py
[2022-06-21 07:17:21,509] {logging_mixin.py:104} INFO - [2022-06-21 07:17:21,509] {dag.py:1832} INFO - Sync 1 DAGs
[2022-06-21 07:17:21,527] {logging_mixin.py:104} INFO - [2022-06-21 07:17:21,526] {dag.py:2305} INFO - Setting next_dagrun for example_task_group to 2022-06-19 00:00:00+00:00
[2022-06-21 07:17:21,542] {scheduler_job.py:190} INFO - Processing /home/airflow/.local/lib/python3.6/site-packages/airflow/example_dags/example_task_group.py took 0.100 seconds
[2022-06-21 07:20:41,962] {scheduler_job.py:182} INFO - Started process (PID=84) to work on /home/airflow/.local/lib/python3.6/site-packages/airflow/example_dags/example_task_group.py
[2022-06-21 07:20:41,964] {scheduler_job.py:633} INFO - Processing file /home/airflow/.local/lib/python3.6/site-packages/airflow/example_dags/example_task_group.py for tasks to queue
[2022-06-21 07:20:41,966] {logging_mixin.py:104} INFO - [2022-06-21 07:20:41,966] {dagbag.py:487} INFO - Filling up the DagBag from /home/airflow/.local/lib/python3.6/site-packages/airflow/example_dags/example_task_group.py
[2022-06-21 07:20:41,996] {scheduler_job.py:643} INFO - DAG(s) dict_keys(['example_task_group']) retrieved from /home/airflow/.local/lib/python3.6/site-packages/airflow/example_dags/example_task_group.py
[2022-06-21 07:20:42,842] {logging_mixin.py:104} INFO - [2022-06-21 07:20:42,842] {dag.py:1832} INFO - Sync 1 DAGs
[2022-06-21 07:20:42,870] {logging_mixin.py:104} INFO - [2022-06-21 07:20:42,870] {dag.py:2305} INFO - Setting next_dagrun for example_task_group to 2022-06-19 00:00:00+00:00
[2022-06-21 07:20:42,908] {scheduler_job.py:190} INFO - Processing /home/airflow/.local/lib/python3.6/site-packages/airflow/example_dags/example_task_group.py took 0.951 seconds
[2022-06-21 07:21:17,556] {scheduler_job.py:182} INFO - Started process (PID=132) to work on /home/airflow/.local/lib/python3.6/site-packages/airflow/example_dags/example_task_group.py
[2022-06-21 07:21:17,560] {scheduler_job.py:633} INFO - Processing file /home/airflow/.local/lib/python3.6/site-packages/airflow/example_dags/example_task_group.py for tasks to queue
[2022-06-21 07:21:17,580] {logging_mixin.py:104} INFO - [2022-06-21 07:21:17,579] {dagbag.py:487} INFO - Filling up the DagBag from /home/airflow/.local/lib/python3.6/site-packages/airflow/example_dags/example_task_group.py
[2022-06-21 07:21:17,689] {scheduler_job.py:643} INFO - DAG(s) dict_keys(['example_task_group']) retrieved from /home/airflow/.local/lib/python3.6/site-packages/airflow/example_dags/example_task_group.py
[2022-06-21 07:21:17,820] {logging_mixin.py:104} INFO - [2022-06-21 07:21:17,820] {dag.py:1832} INFO - Sync 1 DAGs
[2022-06-21 07:21:17,866] {logging_mixin.py:104} INFO - [2022-06-21 07:21:17,866] {dag.py:2305} INFO - Setting next_dagrun for example_task_group to 2022-06-19 00:00:00+00:00
[2022-06-21 07:21:17,912] {scheduler_job.py:190} INFO - Processing /home/airflow/.local/lib/python3.6/site-packages/airflow/example_dags/example_task_group.py took 0.393 seconds
[2022-06-21 07:21:50,127] {scheduler_job.py:182} INFO - Started process (PID=194) to work on /home/airflow/.local/lib/python3.6/site-packages/airflow/example_dags/example_task_group.py
[2022-06-21 07:21:50,134] {scheduler_job.py:633} INFO - Processing file /home/airflow/.local/lib/python3.6/site-packages/airflow/example_dags/example_task_group.py for tasks to queue
[2022-06-21 07:21:50,142] {logging_mixin.py:104} INFO - [2022-06-21 07:21:50,140] {dagbag.py:487} INFO - Filling up the DagBag from /home/airflow/.local/lib/python3.6/site-packages/airflow/example_dags/example_task_group.py
[2022-06-21 07:21:50,186] {scheduler_job.py:643} INFO - DAG(s) dict_keys(['example_task_group']) retrieved from /home/airflow/.local/lib/python3.6/site-packages/airflow/example_dags/example_task_group.py
[2022-06-21 07:21:50,226] {logging_mixin.py:104} INFO - [2022-06-21 07:21:50,225] {dag.py:1832} INFO - Sync 1 DAGs
[2022-06-21 07:21:50,265] {logging_mixin.py:104} INFO - [2022-06-21 07:21:50,265] {dag.py:2305} INFO - Setting next_dagrun for example_task_group to 2022-06-19 00:00:00+00:00
[2022-06-21 07:21:50,292] {scheduler_job.py:190} INFO - Processing /home/airflow/.local/lib/python3.6/site-packages/airflow/example_dags/example_task_group.py took 0.183 seconds
[2022-06-21 07:22:26,458] {scheduler_job.py:182} INFO - Started process (PID=255) to work on /home/airflow/.local/lib/python3.6/site-packages/airflow/example_dags/example_task_group.py
[2022-06-21 07:22:26,460] {scheduler_job.py:633} INFO - Processing file /home/airflow/.local/lib/python3.6/site-packages/airflow/example_dags/example_task_group.py for tasks to queue
[2022-06-21 07:22:26,462] {logging_mixin.py:104} INFO - [2022-06-21 07:22:26,462] {dagbag.py:487} INFO - Filling up the DagBag from /home/airflow/.local/lib/python3.6/site-packages/airflow/example_dags/example_task_group.py
[2022-06-21 07:22:26,493] {scheduler_job.py:643} INFO - DAG(s) dict_keys(['example_task_group']) retrieved from /home/airflow/.local/lib/python3.6/site-packages/airflow/example_dags/example_task_group.py
[2022-06-21 07:22:26,520] {logging_mixin.py:104} INFO - [2022-06-21 07:22:26,520] {dag.py:1832} INFO - Sync 1 DAGs
[2022-06-21 07:22:26,539] {logging_mixin.py:104} INFO - [2022-06-21 07:22:26,539] {dag.py:2305} INFO - Setting next_dagrun for example_task_group to 2022-06-19 00:00:00+00:00
[2022-06-21 07:22:26,553] {scheduler_job.py:190} INFO - Processing /home/airflow/.local/lib/python3.6/site-packages/airflow/example_dags/example_task_group.py took 0.099 seconds
[2022-06-21 07:23:07,897] {scheduler_job.py:182} INFO - Started process (PID=302) to work on /home/airflow/.local/lib/python3.6/site-packages/airflow/example_dags/example_task_group.py
[2022-06-21 07:23:07,899] {scheduler_job.py:633} INFO - Processing file /home/airflow/.local/lib/python3.6/site-packages/airflow/example_dags/example_task_group.py for tasks to queue
[2022-06-21 07:23:07,901] {logging_mixin.py:104} INFO - [2022-06-21 07:23:07,901] {dagbag.py:487} INFO - Filling up the DagBag from /home/airflow/.local/lib/python3.6/site-packages/airflow/example_dags/example_task_group.py
[2022-06-21 07:23:07,928] {scheduler_job.py:643} INFO - DAG(s) dict_keys(['example_task_group']) retrieved from /home/airflow/.local/lib/python3.6/site-packages/airflow/example_dags/example_task_group.py
[2022-06-21 07:23:07,968] {logging_mixin.py:104} INFO - [2022-06-21 07:23:07,967] {dag.py:1832} INFO - Sync 1 DAGs
[2022-06-21 07:23:07,991] {logging_mixin.py:104} INFO - [2022-06-21 07:23:07,991] {dag.py:2305} INFO - Setting next_dagrun for example_task_group to 2022-06-19 00:00:00+00:00
[2022-06-21 07:23:08,007] {scheduler_job.py:190} INFO - Processing /home/airflow/.local/lib/python3.6/site-packages/airflow/example_dags/example_task_group.py took 0.114 seconds
[2022-06-21 07:23:38,230] {scheduler_job.py:182} INFO - Started process (PID=362) to work on /home/airflow/.local/lib/python3.6/site-packages/airflow/example_dags/example_task_group.py
[2022-06-21 07:23:38,233] {scheduler_job.py:633} INFO - Processing file /home/airflow/.local/lib/python3.6/site-packages/airflow/example_dags/example_task_group.py for tasks to queue
[2022-06-21 07:23:38,235] {logging_mixin.py:104} INFO - [2022-06-21 07:23:38,234] {dagbag.py:487} INFO - Filling up the DagBag from /home/airflow/.local/lib/python3.6/site-packages/airflow/example_dags/example_task_group.py
[2022-06-21 07:23:38,260] {scheduler_job.py:643} INFO - DAG(s) dict_keys(['example_task_group']) retrieved from /home/airflow/.local/lib/python3.6/site-packages/airflow/example_dags/example_task_group.py
[2022-06-21 07:23:38,293] {logging_mixin.py:104} INFO - [2022-06-21 07:23:38,293] {dag.py:1832} INFO - Sync 1 DAGs
[2022-06-21 07:23:38,326] {logging_mixin.py:104} INFO - [2022-06-21 07:23:38,326] {dag.py:2305} INFO - Setting next_dagrun for example_task_group to 2022-06-19 00:00:00+00:00
[2022-06-21 07:23:38,342] {scheduler_job.py:190} INFO - Processing /home/airflow/.local/lib/python3.6/site-packages/airflow/example_dags/example_task_group.py took 0.116 seconds
[2022-06-21 07:24:09,978] {scheduler_job.py:182} INFO - Started process (PID=426) to work on /home/airflow/.local/lib/python3.6/site-packages/airflow/example_dags/example_task_group.py
[2022-06-21 07:24:09,980] {scheduler_job.py:633} INFO - Processing file /home/airflow/.local/lib/python3.6/site-packages/airflow/example_dags/example_task_group.py for tasks to queue
[2022-06-21 07:24:09,982] {logging_mixin.py:104} INFO - [2022-06-21 07:24:09,982] {dagbag.py:487} INFO - Filling up the DagBag from /home/airflow/.local/lib/python3.6/site-packages/airflow/example_dags/example_task_group.py
[2022-06-21 07:24:10,009] {scheduler_job.py:643} INFO - DAG(s) dict_keys(['example_task_group']) retrieved from /home/airflow/.local/lib/python3.6/site-packages/airflow/example_dags/example_task_group.py
[2022-06-21 07:24:10,044] {logging_mixin.py:104} INFO - [2022-06-21 07:24:10,043] {dag.py:1832} INFO - Sync 1 DAGs
[2022-06-21 07:24:10,065] {logging_mixin.py:104} INFO - [2022-06-21 07:24:10,064] {dag.py:2305} INFO - Setting next_dagrun for example_task_group to 2022-06-19 00:00:00+00:00
[2022-06-21 07:24:10,092] {scheduler_job.py:190} INFO - Processing /home/airflow/.local/lib/python3.6/site-packages/airflow/example_dags/example_task_group.py took 0.118 seconds
[2022-06-21 07:24:52,165] {scheduler_job.py:182} INFO - Started process (PID=87) to work on /home/airflow/.local/lib/python3.6/site-packages/airflow/example_dags/example_task_group.py
[2022-06-21 07:24:52,169] {scheduler_job.py:633} INFO - Processing file /home/airflow/.local/lib/python3.6/site-packages/airflow/example_dags/example_task_group.py for tasks to queue
[2022-06-21 07:24:52,173] {logging_mixin.py:104} INFO - [2022-06-21 07:24:52,173] {dagbag.py:487} INFO - Filling up the DagBag from /home/airflow/.local/lib/python3.6/site-packages/airflow/example_dags/example_task_group.py
[2022-06-21 07:24:52,195] {scheduler_job.py:643} INFO - DAG(s) dict_keys(['example_task_group']) retrieved from /home/airflow/.local/lib/python3.6/site-packages/airflow/example_dags/example_task_group.py
[2022-06-21 07:24:52,221] {logging_mixin.py:104} INFO - [2022-06-21 07:24:52,221] {dag.py:1832} INFO - Sync 1 DAGs
[2022-06-21 07:24:52,280] {logging_mixin.py:104} INFO - [2022-06-21 07:24:52,280] {dag.py:2305} INFO - Setting next_dagrun for example_task_group to 2022-06-19 00:00:00+00:00
[2022-06-21 07:24:52,333] {scheduler_job.py:190} INFO - Processing /home/airflow/.local/lib/python3.6/site-packages/airflow/example_dags/example_task_group.py took 0.173 seconds
[2022-06-21 07:25:24,471] {scheduler_job.py:182} INFO - Started process (PID=151) to work on /home/airflow/.local/lib/python3.6/site-packages/airflow/example_dags/example_task_group.py
[2022-06-21 07:25:24,486] {scheduler_job.py:633} INFO - Processing file /home/airflow/.local/lib/python3.6/site-packages/airflow/example_dags/example_task_group.py for tasks to queue
[2022-06-21 07:25:24,499] {logging_mixin.py:104} INFO - [2022-06-21 07:25:24,496] {dagbag.py:487} INFO - Filling up the DagBag from /home/airflow/.local/lib/python3.6/site-packages/airflow/example_dags/example_task_group.py
[2022-06-21 07:25:24,565] {scheduler_job.py:643} INFO - DAG(s) dict_keys(['example_task_group']) retrieved from /home/airflow/.local/lib/python3.6/site-packages/airflow/example_dags/example_task_group.py
[2022-06-21 07:25:24,606] {logging_mixin.py:104} INFO - [2022-06-21 07:25:24,606] {dag.py:1832} INFO - Sync 1 DAGs
[2022-06-21 07:25:24,658] {logging_mixin.py:104} INFO - [2022-06-21 07:25:24,657] {dag.py:2305} INFO - Setting next_dagrun for example_task_group to 2022-06-19 00:00:00+00:00
[2022-06-21 07:25:24,715] {scheduler_job.py:190} INFO - Processing /home/airflow/.local/lib/python3.6/site-packages/airflow/example_dags/example_task_group.py took 0.251 seconds
[2022-06-21 07:25:55,488] {scheduler_job.py:182} INFO - Started process (PID=207) to work on /home/airflow/.local/lib/python3.6/site-packages/airflow/example_dags/example_task_group.py
[2022-06-21 07:25:55,495] {scheduler_job.py:633} INFO - Processing file /home/airflow/.local/lib/python3.6/site-packages/airflow/example_dags/example_task_group.py for tasks to queue
[2022-06-21 07:25:55,500] {logging_mixin.py:104} INFO - [2022-06-21 07:25:55,499] {dagbag.py:487} INFO - Filling up the DagBag from /home/airflow/.local/lib/python3.6/site-packages/airflow/example_dags/example_task_group.py
[2022-06-21 07:25:55,527] {scheduler_job.py:643} INFO - DAG(s) dict_keys(['example_task_group']) retrieved from /home/airflow/.local/lib/python3.6/site-packages/airflow/example_dags/example_task_group.py
[2022-06-21 07:25:55,610] {logging_mixin.py:104} INFO - [2022-06-21 07:25:55,610] {dag.py:1832} INFO - Sync 1 DAGs
[2022-06-21 07:25:55,647] {logging_mixin.py:104} INFO - [2022-06-21 07:25:55,647] {dag.py:2305} INFO - Setting next_dagrun for example_task_group to 2022-06-19 00:00:00+00:00
[2022-06-21 07:25:55,667] {scheduler_job.py:190} INFO - Processing /home/airflow/.local/lib/python3.6/site-packages/airflow/example_dags/example_task_group.py took 0.185 seconds
[2022-06-21 07:27:01,285] {scheduler_job.py:182} INFO - Started process (PID=254) to work on /home/airflow/.local/lib/python3.6/site-packages/airflow/example_dags/example_task_group.py
[2022-06-21 07:27:01,287] {scheduler_job.py:633} INFO - Processing file /home/airflow/.local/lib/python3.6/site-packages/airflow/example_dags/example_task_group.py for tasks to queue
[2022-06-21 07:27:01,288] {logging_mixin.py:104} INFO - [2022-06-21 07:27:01,288] {dagbag.py:487} INFO - Filling up the DagBag from /home/airflow/.local/lib/python3.6/site-packages/airflow/example_dags/example_task_group.py
[2022-06-21 07:27:01,312] {scheduler_job.py:643} INFO - DAG(s) dict_keys(['example_task_group']) retrieved from /home/airflow/.local/lib/python3.6/site-packages/airflow/example_dags/example_task_group.py
[2022-06-21 07:27:01,342] {logging_mixin.py:104} INFO - [2022-06-21 07:27:01,342] {dag.py:1832} INFO - Sync 1 DAGs
[2022-06-21 07:27:01,370] {logging_mixin.py:104} INFO - [2022-06-21 07:27:01,370] {dag.py:2305} INFO - Setting next_dagrun for example_task_group to 2022-06-19 00:00:00+00:00
[2022-06-21 07:27:01,389] {scheduler_job.py:190} INFO - Processing /home/airflow/.local/lib/python3.6/site-packages/airflow/example_dags/example_task_group.py took 0.109 seconds
[2022-06-21 07:27:31,627] {scheduler_job.py:182} INFO - Started process (PID=305) to work on /home/airflow/.local/lib/python3.6/site-packages/airflow/example_dags/example_task_group.py
[2022-06-21 07:27:31,629] {scheduler_job.py:633} INFO - Processing file /home/airflow/.local/lib/python3.6/site-packages/airflow/example_dags/example_task_group.py for tasks to queue
[2022-06-21 07:27:31,631] {logging_mixin.py:104} INFO - [2022-06-21 07:27:31,630] {dagbag.py:487} INFO - Filling up the DagBag from /home/airflow/.local/lib/python3.6/site-packages/airflow/example_dags/example_task_group.py
[2022-06-21 07:27:31,651] {scheduler_job.py:643} INFO - DAG(s) dict_keys(['example_task_group']) retrieved from /home/airflow/.local/lib/python3.6/site-packages/airflow/example_dags/example_task_group.py
[2022-06-21 07:27:31,677] {logging_mixin.py:104} INFO - [2022-06-21 07:27:31,676] {dag.py:1832} INFO - Sync 1 DAGs
[2022-06-21 07:27:31,697] {logging_mixin.py:104} INFO - [2022-06-21 07:27:31,697] {dag.py:2305} INFO - Setting next_dagrun for example_task_group to 2022-06-19 00:00:00+00:00
[2022-06-21 07:27:31,709] {scheduler_job.py:190} INFO - Processing /home/airflow/.local/lib/python3.6/site-packages/airflow/example_dags/example_task_group.py took 0.085 seconds
[2022-06-21 07:28:07,742] {scheduler_job.py:182} INFO - Started process (PID=361) to work on /home/airflow/.local/lib/python3.6/site-packages/airflow/example_dags/example_task_group.py
[2022-06-21 07:28:07,744] {scheduler_job.py:633} INFO - Processing file /home/airflow/.local/lib/python3.6/site-packages/airflow/example_dags/example_task_group.py for tasks to queue
[2022-06-21 07:28:07,746] {logging_mixin.py:104} INFO - [2022-06-21 07:28:07,746] {dagbag.py:487} INFO - Filling up the DagBag from /home/airflow/.local/lib/python3.6/site-packages/airflow/example_dags/example_task_group.py
[2022-06-21 07:28:07,777] {scheduler_job.py:643} INFO - DAG(s) dict_keys(['example_task_group']) retrieved from /home/airflow/.local/lib/python3.6/site-packages/airflow/example_dags/example_task_group.py
[2022-06-21 07:28:07,808] {logging_mixin.py:104} INFO - [2022-06-21 07:28:07,807] {dag.py:1832} INFO - Sync 1 DAGs
[2022-06-21 07:28:07,830] {logging_mixin.py:104} INFO - [2022-06-21 07:28:07,829] {dag.py:2305} INFO - Setting next_dagrun for example_task_group to 2022-06-19 00:00:00+00:00
[2022-06-21 07:28:07,847] {scheduler_job.py:190} INFO - Processing /home/airflow/.local/lib/python3.6/site-packages/airflow/example_dags/example_task_group.py took 0.110 seconds
[2022-06-21 07:28:38,402] {scheduler_job.py:182} INFO - Started process (PID=412) to work on /home/airflow/.local/lib/python3.6/site-packages/airflow/example_dags/example_task_group.py
[2022-06-21 07:28:38,404] {scheduler_job.py:633} INFO - Processing file /home/airflow/.local/lib/python3.6/site-packages/airflow/example_dags/example_task_group.py for tasks to queue
[2022-06-21 07:28:38,405] {logging_mixin.py:104} INFO - [2022-06-21 07:28:38,405] {dagbag.py:487} INFO - Filling up the DagBag from /home/airflow/.local/lib/python3.6/site-packages/airflow/example_dags/example_task_group.py
[2022-06-21 07:28:38,427] {scheduler_job.py:643} INFO - DAG(s) dict_keys(['example_task_group']) retrieved from /home/airflow/.local/lib/python3.6/site-packages/airflow/example_dags/example_task_group.py
[2022-06-21 07:28:38,496] {logging_mixin.py:104} INFO - [2022-06-21 07:28:38,495] {dag.py:1832} INFO - Sync 1 DAGs
[2022-06-21 07:28:38,526] {logging_mixin.py:104} INFO - [2022-06-21 07:28:38,526] {dag.py:2305} INFO - Setting next_dagrun for example_task_group to 2022-06-19 00:00:00+00:00
[2022-06-21 07:28:38,547] {scheduler_job.py:190} INFO - Processing /home/airflow/.local/lib/python3.6/site-packages/airflow/example_dags/example_task_group.py took 0.149 seconds
[2022-06-21 07:29:30,261] {scheduler_job.py:182} INFO - Started process (PID=78) to work on /home/airflow/.local/lib/python3.6/site-packages/airflow/example_dags/example_task_group.py
[2022-06-21 07:29:30,264] {scheduler_job.py:633} INFO - Processing file /home/airflow/.local/lib/python3.6/site-packages/airflow/example_dags/example_task_group.py for tasks to queue
[2022-06-21 07:29:30,267] {logging_mixin.py:104} INFO - [2022-06-21 07:29:30,267] {dagbag.py:487} INFO - Filling up the DagBag from /home/airflow/.local/lib/python3.6/site-packages/airflow/example_dags/example_task_group.py
[2022-06-21 07:29:30,291] {scheduler_job.py:643} INFO - DAG(s) dict_keys(['example_task_group']) retrieved from /home/airflow/.local/lib/python3.6/site-packages/airflow/example_dags/example_task_group.py
[2022-06-21 07:29:30,322] {logging_mixin.py:104} INFO - [2022-06-21 07:29:30,322] {dag.py:1832} INFO - Sync 1 DAGs
[2022-06-21 07:29:30,343] {logging_mixin.py:104} INFO - [2022-06-21 07:29:30,343] {dag.py:2305} INFO - Setting next_dagrun for example_task_group to 2022-06-19 00:00:00+00:00
[2022-06-21 07:29:30,356] {scheduler_job.py:190} INFO - Processing /home/airflow/.local/lib/python3.6/site-packages/airflow/example_dags/example_task_group.py took 0.101 seconds
[2022-06-21 07:30:00,686] {scheduler_job.py:182} INFO - Started process (PID=144) to work on /home/airflow/.local/lib/python3.6/site-packages/airflow/example_dags/example_task_group.py
[2022-06-21 07:30:00,688] {scheduler_job.py:633} INFO - Processing file /home/airflow/.local/lib/python3.6/site-packages/airflow/example_dags/example_task_group.py for tasks to queue
[2022-06-21 07:30:00,689] {logging_mixin.py:104} INFO - [2022-06-21 07:30:00,689] {dagbag.py:487} INFO - Filling up the DagBag from /home/airflow/.local/lib/python3.6/site-packages/airflow/example_dags/example_task_group.py
[2022-06-21 07:30:00,704] {scheduler_job.py:643} INFO - DAG(s) dict_keys(['example_task_group']) retrieved from /home/airflow/.local/lib/python3.6/site-packages/airflow/example_dags/example_task_group.py
[2022-06-21 07:30:00,726] {logging_mixin.py:104} INFO - [2022-06-21 07:30:00,726] {dag.py:1832} INFO - Sync 1 DAGs
[2022-06-21 07:30:00,741] {logging_mixin.py:104} INFO - [2022-06-21 07:30:00,740] {dag.py:2305} INFO - Setting next_dagrun for example_task_group to 2022-06-19 00:00:00+00:00
[2022-06-21 07:30:00,750] {scheduler_job.py:190} INFO - Processing /home/airflow/.local/lib/python3.6/site-packages/airflow/example_dags/example_task_group.py took 0.067 seconds
[2022-06-21 07:30:31,037] {scheduler_job.py:182} INFO - Started process (PID=216) to work on /home/airflow/.local/lib/python3.6/site-packages/airflow/example_dags/example_task_group.py
[2022-06-21 07:30:31,039] {scheduler_job.py:633} INFO - Processing file /home/airflow/.local/lib/python3.6/site-packages/airflow/example_dags/example_task_group.py for tasks to queue
[2022-06-21 07:30:31,041] {logging_mixin.py:104} INFO - [2022-06-21 07:30:31,040] {dagbag.py:487} INFO - Filling up the DagBag from /home/airflow/.local/lib/python3.6/site-packages/airflow/example_dags/example_task_group.py
[2022-06-21 07:30:31,055] {scheduler_job.py:643} INFO - DAG(s) dict_keys(['example_task_group']) retrieved from /home/airflow/.local/lib/python3.6/site-packages/airflow/example_dags/example_task_group.py
[2022-06-21 07:30:31,077] {logging_mixin.py:104} INFO - [2022-06-21 07:30:31,077] {dag.py:1832} INFO - Sync 1 DAGs
[2022-06-21 07:30:31,092] {logging_mixin.py:104} INFO - [2022-06-21 07:30:31,091] {dag.py:2305} INFO - Setting next_dagrun for example_task_group to 2022-06-19 00:00:00+00:00
[2022-06-21 07:30:31,108] {scheduler_job.py:190} INFO - Processing /home/airflow/.local/lib/python3.6/site-packages/airflow/example_dags/example_task_group.py took 0.074 seconds
[2022-06-21 07:31:36,416] {scheduler_job.py:182} INFO - Started process (PID=85) to work on /home/airflow/.local/lib/python3.6/site-packages/airflow/example_dags/example_task_group.py
[2022-06-21 07:31:36,418] {scheduler_job.py:633} INFO - Processing file /home/airflow/.local/lib/python3.6/site-packages/airflow/example_dags/example_task_group.py for tasks to queue
[2022-06-21 07:31:36,419] {logging_mixin.py:104} INFO - [2022-06-21 07:31:36,419] {dagbag.py:487} INFO - Filling up the DagBag from /home/airflow/.local/lib/python3.6/site-packages/airflow/example_dags/example_task_group.py
[2022-06-21 07:31:36,434] {scheduler_job.py:643} INFO - DAG(s) dict_keys(['example_task_group']) retrieved from /home/airflow/.local/lib/python3.6/site-packages/airflow/example_dags/example_task_group.py
[2022-06-21 07:31:36,723] {logging_mixin.py:104} INFO - [2022-06-21 07:31:36,723] {dag.py:1832} INFO - Sync 1 DAGs
[2022-06-21 07:31:36,735] {logging_mixin.py:104} INFO - [2022-06-21 07:31:36,735] {dag.py:2305} INFO - Setting next_dagrun for example_task_group to 2022-06-19 00:00:00+00:00
[2022-06-21 07:31:36,748] {scheduler_job.py:190} INFO - Processing /home/airflow/.local/lib/python3.6/site-packages/airflow/example_dags/example_task_group.py took 0.336 seconds
[2022-06-21 07:32:07,564] {scheduler_job.py:182} INFO - Started process (PID=148) to work on /home/airflow/.local/lib/python3.6/site-packages/airflow/example_dags/example_task_group.py
[2022-06-21 07:32:07,566] {scheduler_job.py:633} INFO - Processing file /home/airflow/.local/lib/python3.6/site-packages/airflow/example_dags/example_task_group.py for tasks to queue
[2022-06-21 07:32:07,567] {logging_mixin.py:104} INFO - [2022-06-21 07:32:07,567] {dagbag.py:487} INFO - Filling up the DagBag from /home/airflow/.local/lib/python3.6/site-packages/airflow/example_dags/example_task_group.py
[2022-06-21 07:32:07,587] {scheduler_job.py:643} INFO - DAG(s) dict_keys(['example_task_group']) retrieved from /home/airflow/.local/lib/python3.6/site-packages/airflow/example_dags/example_task_group.py
[2022-06-21 07:32:07,609] {logging_mixin.py:104} INFO - [2022-06-21 07:32:07,609] {dag.py:1832} INFO - Sync 1 DAGs
[2022-06-21 07:32:07,623] {logging_mixin.py:104} INFO - [2022-06-21 07:32:07,623] {dag.py:2305} INFO - Setting next_dagrun for example_task_group to 2022-06-19 00:00:00+00:00
[2022-06-21 07:32:07,633] {scheduler_job.py:190} INFO - Processing /home/airflow/.local/lib/python3.6/site-packages/airflow/example_dags/example_task_group.py took 0.073 seconds
[2022-06-21 07:32:38,153] {scheduler_job.py:182} INFO - Started process (PID=235) to work on /home/airflow/.local/lib/python3.6/site-packages/airflow/example_dags/example_task_group.py
[2022-06-21 07:32:38,157] {scheduler_job.py:633} INFO - Processing file /home/airflow/.local/lib/python3.6/site-packages/airflow/example_dags/example_task_group.py for tasks to queue
[2022-06-21 07:32:38,161] {logging_mixin.py:104} INFO - [2022-06-21 07:32:38,160] {dagbag.py:487} INFO - Filling up the DagBag from /home/airflow/.local/lib/python3.6/site-packages/airflow/example_dags/example_task_group.py
[2022-06-21 07:32:38,211] {scheduler_job.py:643} INFO - DAG(s) dict_keys(['example_task_group']) retrieved from /home/airflow/.local/lib/python3.6/site-packages/airflow/example_dags/example_task_group.py
[2022-06-21 07:32:38,265] {logging_mixin.py:104} INFO - [2022-06-21 07:32:38,265] {dag.py:1832} INFO - Sync 1 DAGs
[2022-06-21 07:32:38,325] {logging_mixin.py:104} INFO - [2022-06-21 07:32:38,325] {dag.py:2305} INFO - Setting next_dagrun for example_task_group to 2022-06-19 00:00:00+00:00
[2022-06-21 07:32:38,348] {scheduler_job.py:190} INFO - Processing /home/airflow/.local/lib/python3.6/site-packages/airflow/example_dags/example_task_group.py took 0.209 seconds
[2022-06-21 07:33:09,077] {scheduler_job.py:182} INFO - Started process (PID=297) to work on /home/airflow/.local/lib/python3.6/site-packages/airflow/example_dags/example_task_group.py
[2022-06-21 07:33:09,079] {scheduler_job.py:633} INFO - Processing file /home/airflow/.local/lib/python3.6/site-packages/airflow/example_dags/example_task_group.py for tasks to queue
[2022-06-21 07:33:09,080] {logging_mixin.py:104} INFO - [2022-06-21 07:33:09,080] {dagbag.py:487} INFO - Filling up the DagBag from /home/airflow/.local/lib/python3.6/site-packages/airflow/example_dags/example_task_group.py
[2022-06-21 07:33:09,098] {scheduler_job.py:643} INFO - DAG(s) dict_keys(['example_task_group']) retrieved from /home/airflow/.local/lib/python3.6/site-packages/airflow/example_dags/example_task_group.py
[2022-06-21 07:33:09,118] {logging_mixin.py:104} INFO - [2022-06-21 07:33:09,118] {dag.py:1832} INFO - Sync 1 DAGs
[2022-06-21 07:33:09,132] {logging_mixin.py:104} INFO - [2022-06-21 07:33:09,132] {dag.py:2305} INFO - Setting next_dagrun for example_task_group to 2022-06-19 00:00:00+00:00
[2022-06-21 07:33:09,141] {scheduler_job.py:190} INFO - Processing /home/airflow/.local/lib/python3.6/site-packages/airflow/example_dags/example_task_group.py took 0.066 seconds
[2022-06-21 07:33:39,334] {scheduler_job.py:182} INFO - Started process (PID=373) to work on /home/airflow/.local/lib/python3.6/site-packages/airflow/example_dags/example_task_group.py
[2022-06-21 07:33:39,336] {scheduler_job.py:633} INFO - Processing file /home/airflow/.local/lib/python3.6/site-packages/airflow/example_dags/example_task_group.py for tasks to queue
[2022-06-21 07:33:39,337] {logging_mixin.py:104} INFO - [2022-06-21 07:33:39,337] {dagbag.py:487} INFO - Filling up the DagBag from /home/airflow/.local/lib/python3.6/site-packages/airflow/example_dags/example_task_group.py
[2022-06-21 07:33:39,353] {scheduler_job.py:643} INFO - DAG(s) dict_keys(['example_task_group']) retrieved from /home/airflow/.local/lib/python3.6/site-packages/airflow/example_dags/example_task_group.py
[2022-06-21 07:33:39,372] {logging_mixin.py:104} INFO - [2022-06-21 07:33:39,372] {dag.py:1832} INFO - Sync 1 DAGs
[2022-06-21 07:33:39,389] {logging_mixin.py:104} INFO - [2022-06-21 07:33:39,389] {dag.py:2305} INFO - Setting next_dagrun for example_task_group to 2022-06-19 00:00:00+00:00
[2022-06-21 07:33:39,400] {scheduler_job.py:190} INFO - Processing /home/airflow/.local/lib/python3.6/site-packages/airflow/example_dags/example_task_group.py took 0.069 seconds
