[2022-06-21 06:58:13,366] {scheduler_job.py:182} INFO - Started process (PID=211) to work on /home/airflow/.local/lib/python3.6/site-packages/airflow/example_dags/example_dag_decorator.py
[2022-06-21 06:58:13,369] {scheduler_job.py:633} INFO - Processing file /home/airflow/.local/lib/python3.6/site-packages/airflow/example_dags/example_dag_decorator.py for tasks to queue
[2022-06-21 06:58:13,370] {logging_mixin.py:104} INFO - [2022-06-21 06:58:13,370] {dagbag.py:487} INFO - Filling up the DagBag from /home/airflow/.local/lib/python3.6/site-packages/airflow/example_dags/example_dag_decorator.py
[2022-06-21 06:58:13,405] {scheduler_job.py:643} INFO - DAG(s) dict_keys(['example_dag_decorator']) retrieved from /home/airflow/.local/lib/python3.6/site-packages/airflow/example_dags/example_dag_decorator.py
[2022-06-21 06:58:16,267] {logging_mixin.py:104} INFO - [2022-06-21 06:58:16,265] {dag.py:1832} INFO - Sync 1 DAGs
[2022-06-21 06:58:16,294] {logging_mixin.py:104} INFO - [2022-06-21 06:58:16,292] {dag.py:1851} INFO - Creating ORM DAG for example_dag_decorator
[2022-06-21 06:58:16,302] {logging_mixin.py:104} INFO - [2022-06-21 06:58:16,302] {dag.py:2305} INFO - Setting next_dagrun for example_dag_decorator to None
[2022-06-21 06:58:16,322] {scheduler_job.py:190} INFO - Processing /home/airflow/.local/lib/python3.6/site-packages/airflow/example_dags/example_dag_decorator.py took 2.994 seconds
[2022-06-21 06:58:48,316] {scheduler_job.py:182} INFO - Started process (PID=276) to work on /home/airflow/.local/lib/python3.6/site-packages/airflow/example_dags/example_dag_decorator.py
[2022-06-21 06:58:48,319] {scheduler_job.py:633} INFO - Processing file /home/airflow/.local/lib/python3.6/site-packages/airflow/example_dags/example_dag_decorator.py for tasks to queue
[2022-06-21 06:58:48,322] {logging_mixin.py:104} INFO - [2022-06-21 06:58:48,322] {dagbag.py:487} INFO - Filling up the DagBag from /home/airflow/.local/lib/python3.6/site-packages/airflow/example_dags/example_dag_decorator.py
[2022-06-21 06:58:48,357] {scheduler_job.py:643} INFO - DAG(s) dict_keys(['example_dag_decorator']) retrieved from /home/airflow/.local/lib/python3.6/site-packages/airflow/example_dags/example_dag_decorator.py
[2022-06-21 06:58:48,852] {logging_mixin.py:104} INFO - [2022-06-21 06:58:48,851] {dag.py:1832} INFO - Sync 1 DAGs
[2022-06-21 06:58:48,869] {logging_mixin.py:104} INFO - [2022-06-21 06:58:48,869] {dag.py:2305} INFO - Setting next_dagrun for example_dag_decorator to None
[2022-06-21 06:58:48,923] {scheduler_job.py:190} INFO - Processing /home/airflow/.local/lib/python3.6/site-packages/airflow/example_dags/example_dag_decorator.py took 0.612 seconds
[2022-06-21 06:59:19,901] {scheduler_job.py:182} INFO - Started process (PID=328) to work on /home/airflow/.local/lib/python3.6/site-packages/airflow/example_dags/example_dag_decorator.py
[2022-06-21 06:59:19,904] {scheduler_job.py:633} INFO - Processing file /home/airflow/.local/lib/python3.6/site-packages/airflow/example_dags/example_dag_decorator.py for tasks to queue
[2022-06-21 06:59:19,905] {logging_mixin.py:104} INFO - [2022-06-21 06:59:19,905] {dagbag.py:487} INFO - Filling up the DagBag from /home/airflow/.local/lib/python3.6/site-packages/airflow/example_dags/example_dag_decorator.py
[2022-06-21 06:59:19,929] {scheduler_job.py:643} INFO - DAG(s) dict_keys(['example_dag_decorator']) retrieved from /home/airflow/.local/lib/python3.6/site-packages/airflow/example_dags/example_dag_decorator.py
[2022-06-21 06:59:20,256] {logging_mixin.py:104} INFO - [2022-06-21 06:59:20,256] {dag.py:1832} INFO - Sync 1 DAGs
[2022-06-21 06:59:20,269] {logging_mixin.py:104} INFO - [2022-06-21 06:59:20,269] {dag.py:2305} INFO - Setting next_dagrun for example_dag_decorator to None
[2022-06-21 06:59:20,284] {scheduler_job.py:190} INFO - Processing /home/airflow/.local/lib/python3.6/site-packages/airflow/example_dags/example_dag_decorator.py took 0.387 seconds
[2022-06-21 06:59:57,436] {scheduler_job.py:182} INFO - Started process (PID=372) to work on /home/airflow/.local/lib/python3.6/site-packages/airflow/example_dags/example_dag_decorator.py
[2022-06-21 06:59:57,439] {scheduler_job.py:633} INFO - Processing file /home/airflow/.local/lib/python3.6/site-packages/airflow/example_dags/example_dag_decorator.py for tasks to queue
[2022-06-21 06:59:57,441] {logging_mixin.py:104} INFO - [2022-06-21 06:59:57,440] {dagbag.py:487} INFO - Filling up the DagBag from /home/airflow/.local/lib/python3.6/site-packages/airflow/example_dags/example_dag_decorator.py
[2022-06-21 06:59:57,467] {scheduler_job.py:643} INFO - DAG(s) dict_keys(['example_dag_decorator']) retrieved from /home/airflow/.local/lib/python3.6/site-packages/airflow/example_dags/example_dag_decorator.py
[2022-06-21 06:59:57,784] {logging_mixin.py:104} INFO - [2022-06-21 06:59:57,784] {dag.py:1832} INFO - Sync 1 DAGs
[2022-06-21 06:59:57,796] {logging_mixin.py:104} INFO - [2022-06-21 06:59:57,795] {dag.py:2305} INFO - Setting next_dagrun for example_dag_decorator to None
[2022-06-21 06:59:57,810] {scheduler_job.py:190} INFO - Processing /home/airflow/.local/lib/python3.6/site-packages/airflow/example_dags/example_dag_decorator.py took 0.379 seconds
[2022-06-21 07:00:28,597] {scheduler_job.py:182} INFO - Started process (PID=434) to work on /home/airflow/.local/lib/python3.6/site-packages/airflow/example_dags/example_dag_decorator.py
[2022-06-21 07:00:28,600] {scheduler_job.py:633} INFO - Processing file /home/airflow/.local/lib/python3.6/site-packages/airflow/example_dags/example_dag_decorator.py for tasks to queue
[2022-06-21 07:00:28,602] {logging_mixin.py:104} INFO - [2022-06-21 07:00:28,602] {dagbag.py:487} INFO - Filling up the DagBag from /home/airflow/.local/lib/python3.6/site-packages/airflow/example_dags/example_dag_decorator.py
[2022-06-21 07:00:28,630] {scheduler_job.py:643} INFO - DAG(s) dict_keys(['example_dag_decorator']) retrieved from /home/airflow/.local/lib/python3.6/site-packages/airflow/example_dags/example_dag_decorator.py
[2022-06-21 07:00:28,959] {logging_mixin.py:104} INFO - [2022-06-21 07:00:28,959] {dag.py:1832} INFO - Sync 1 DAGs
[2022-06-21 07:00:28,984] {logging_mixin.py:104} INFO - [2022-06-21 07:00:28,983] {dag.py:2305} INFO - Setting next_dagrun for example_dag_decorator to None
[2022-06-21 07:00:29,009] {scheduler_job.py:190} INFO - Processing /home/airflow/.local/lib/python3.6/site-packages/airflow/example_dags/example_dag_decorator.py took 0.417 seconds
[2022-06-21 07:00:59,118] {scheduler_job.py:182} INFO - Started process (PID=497) to work on /home/airflow/.local/lib/python3.6/site-packages/airflow/example_dags/example_dag_decorator.py
[2022-06-21 07:00:59,120] {scheduler_job.py:633} INFO - Processing file /home/airflow/.local/lib/python3.6/site-packages/airflow/example_dags/example_dag_decorator.py for tasks to queue
[2022-06-21 07:00:59,122] {logging_mixin.py:104} INFO - [2022-06-21 07:00:59,122] {dagbag.py:487} INFO - Filling up the DagBag from /home/airflow/.local/lib/python3.6/site-packages/airflow/example_dags/example_dag_decorator.py
[2022-06-21 07:00:59,147] {scheduler_job.py:643} INFO - DAG(s) dict_keys(['example_dag_decorator']) retrieved from /home/airflow/.local/lib/python3.6/site-packages/airflow/example_dags/example_dag_decorator.py
[2022-06-21 07:00:59,175] {logging_mixin.py:104} INFO - [2022-06-21 07:00:59,175] {dag.py:1832} INFO - Sync 1 DAGs
[2022-06-21 07:00:59,290] {logging_mixin.py:104} INFO - [2022-06-21 07:00:59,290] {dag.py:2305} INFO - Setting next_dagrun for example_dag_decorator to None
[2022-06-21 07:00:59,303] {scheduler_job.py:190} INFO - Processing /home/airflow/.local/lib/python3.6/site-packages/airflow/example_dags/example_dag_decorator.py took 0.189 seconds
[2022-06-21 07:01:29,987] {scheduler_job.py:182} INFO - Started process (PID=553) to work on /home/airflow/.local/lib/python3.6/site-packages/airflow/example_dags/example_dag_decorator.py
[2022-06-21 07:01:29,990] {scheduler_job.py:633} INFO - Processing file /home/airflow/.local/lib/python3.6/site-packages/airflow/example_dags/example_dag_decorator.py for tasks to queue
[2022-06-21 07:01:29,992] {logging_mixin.py:104} INFO - [2022-06-21 07:01:29,992] {dagbag.py:487} INFO - Filling up the DagBag from /home/airflow/.local/lib/python3.6/site-packages/airflow/example_dags/example_dag_decorator.py
[2022-06-21 07:01:30,021] {scheduler_job.py:643} INFO - DAG(s) dict_keys(['example_dag_decorator']) retrieved from /home/airflow/.local/lib/python3.6/site-packages/airflow/example_dags/example_dag_decorator.py
[2022-06-21 07:01:30,054] {logging_mixin.py:104} INFO - [2022-06-21 07:01:30,053] {dag.py:1832} INFO - Sync 1 DAGs
[2022-06-21 07:01:30,237] {logging_mixin.py:104} INFO - [2022-06-21 07:01:30,237] {dag.py:2305} INFO - Setting next_dagrun for example_dag_decorator to None
[2022-06-21 07:01:30,265] {scheduler_job.py:190} INFO - Processing /home/airflow/.local/lib/python3.6/site-packages/airflow/example_dags/example_dag_decorator.py took 0.282 seconds
[2022-06-21 07:05:02,582] {scheduler_job.py:182} INFO - Started process (PID=83) to work on /home/airflow/.local/lib/python3.6/site-packages/airflow/example_dags/example_dag_decorator.py
[2022-06-21 07:05:02,585] {scheduler_job.py:633} INFO - Processing file /home/airflow/.local/lib/python3.6/site-packages/airflow/example_dags/example_dag_decorator.py for tasks to queue
[2022-06-21 07:05:02,587] {logging_mixin.py:104} INFO - [2022-06-21 07:05:02,587] {dagbag.py:487} INFO - Filling up the DagBag from /home/airflow/.local/lib/python3.6/site-packages/airflow/example_dags/example_dag_decorator.py
[2022-06-21 07:05:02,632] {scheduler_job.py:643} INFO - DAG(s) dict_keys(['example_dag_decorator']) retrieved from /home/airflow/.local/lib/python3.6/site-packages/airflow/example_dags/example_dag_decorator.py
[2022-06-21 07:05:03,571] {logging_mixin.py:104} INFO - [2022-06-21 07:05:03,571] {dag.py:1832} INFO - Sync 1 DAGs
[2022-06-21 07:05:03,585] {logging_mixin.py:104} INFO - [2022-06-21 07:05:03,585] {dag.py:2305} INFO - Setting next_dagrun for example_dag_decorator to None
[2022-06-21 07:05:03,942] {scheduler_job.py:190} INFO - Processing /home/airflow/.local/lib/python3.6/site-packages/airflow/example_dags/example_dag_decorator.py took 1.364 seconds
[2022-06-21 07:05:39,992] {scheduler_job.py:182} INFO - Started process (PID=146) to work on /home/airflow/.local/lib/python3.6/site-packages/airflow/example_dags/example_dag_decorator.py
[2022-06-21 07:05:40,010] {scheduler_job.py:633} INFO - Processing file /home/airflow/.local/lib/python3.6/site-packages/airflow/example_dags/example_dag_decorator.py for tasks to queue
[2022-06-21 07:05:40,015] {logging_mixin.py:104} INFO - [2022-06-21 07:05:40,013] {dagbag.py:487} INFO - Filling up the DagBag from /home/airflow/.local/lib/python3.6/site-packages/airflow/example_dags/example_dag_decorator.py
[2022-06-21 07:05:40,096] {scheduler_job.py:643} INFO - DAG(s) dict_keys(['example_dag_decorator']) retrieved from /home/airflow/.local/lib/python3.6/site-packages/airflow/example_dags/example_dag_decorator.py
[2022-06-21 07:05:40,655] {logging_mixin.py:104} INFO - [2022-06-21 07:05:40,654] {dag.py:1832} INFO - Sync 1 DAGs
[2022-06-21 07:05:40,696] {logging_mixin.py:104} INFO - [2022-06-21 07:05:40,696] {dag.py:2305} INFO - Setting next_dagrun for example_dag_decorator to None
[2022-06-21 07:05:40,716] {scheduler_job.py:190} INFO - Processing /home/airflow/.local/lib/python3.6/site-packages/airflow/example_dags/example_dag_decorator.py took 0.738 seconds
[2022-06-21 07:06:14,645] {scheduler_job.py:182} INFO - Started process (PID=210) to work on /home/airflow/.local/lib/python3.6/site-packages/airflow/example_dags/example_dag_decorator.py
[2022-06-21 07:06:14,648] {scheduler_job.py:633} INFO - Processing file /home/airflow/.local/lib/python3.6/site-packages/airflow/example_dags/example_dag_decorator.py for tasks to queue
[2022-06-21 07:06:14,652] {logging_mixin.py:104} INFO - [2022-06-21 07:06:14,652] {dagbag.py:487} INFO - Filling up the DagBag from /home/airflow/.local/lib/python3.6/site-packages/airflow/example_dags/example_dag_decorator.py
[2022-06-21 07:06:14,683] {scheduler_job.py:643} INFO - DAG(s) dict_keys(['example_dag_decorator']) retrieved from /home/airflow/.local/lib/python3.6/site-packages/airflow/example_dags/example_dag_decorator.py
[2022-06-21 07:06:15,047] {logging_mixin.py:104} INFO - [2022-06-21 07:06:15,047] {dag.py:1832} INFO - Sync 1 DAGs
[2022-06-21 07:06:15,061] {logging_mixin.py:104} INFO - [2022-06-21 07:06:15,061] {dag.py:2305} INFO - Setting next_dagrun for example_dag_decorator to None
[2022-06-21 07:06:15,074] {scheduler_job.py:190} INFO - Processing /home/airflow/.local/lib/python3.6/site-packages/airflow/example_dags/example_dag_decorator.py took 0.432 seconds
[2022-06-21 07:06:46,042] {scheduler_job.py:182} INFO - Started process (PID=272) to work on /home/airflow/.local/lib/python3.6/site-packages/airflow/example_dags/example_dag_decorator.py
[2022-06-21 07:06:46,044] {scheduler_job.py:633} INFO - Processing file /home/airflow/.local/lib/python3.6/site-packages/airflow/example_dags/example_dag_decorator.py for tasks to queue
[2022-06-21 07:06:46,046] {logging_mixin.py:104} INFO - [2022-06-21 07:06:46,046] {dagbag.py:487} INFO - Filling up the DagBag from /home/airflow/.local/lib/python3.6/site-packages/airflow/example_dags/example_dag_decorator.py
[2022-06-21 07:06:46,085] {scheduler_job.py:643} INFO - DAG(s) dict_keys(['example_dag_decorator']) retrieved from /home/airflow/.local/lib/python3.6/site-packages/airflow/example_dags/example_dag_decorator.py
[2022-06-21 07:06:46,462] {logging_mixin.py:104} INFO - [2022-06-21 07:06:46,462] {dag.py:1832} INFO - Sync 1 DAGs
[2022-06-21 07:06:46,479] {logging_mixin.py:104} INFO - [2022-06-21 07:06:46,479] {dag.py:2305} INFO - Setting next_dagrun for example_dag_decorator to None
[2022-06-21 07:06:46,497] {scheduler_job.py:190} INFO - Processing /home/airflow/.local/lib/python3.6/site-packages/airflow/example_dags/example_dag_decorator.py took 0.460 seconds
[2022-06-21 07:07:23,903] {scheduler_job.py:182} INFO - Started process (PID=318) to work on /home/airflow/.local/lib/python3.6/site-packages/airflow/example_dags/example_dag_decorator.py
[2022-06-21 07:07:23,908] {scheduler_job.py:633} INFO - Processing file /home/airflow/.local/lib/python3.6/site-packages/airflow/example_dags/example_dag_decorator.py for tasks to queue
[2022-06-21 07:07:23,911] {logging_mixin.py:104} INFO - [2022-06-21 07:07:23,911] {dagbag.py:487} INFO - Filling up the DagBag from /home/airflow/.local/lib/python3.6/site-packages/airflow/example_dags/example_dag_decorator.py
[2022-06-21 07:07:23,953] {scheduler_job.py:643} INFO - DAG(s) dict_keys(['example_dag_decorator']) retrieved from /home/airflow/.local/lib/python3.6/site-packages/airflow/example_dags/example_dag_decorator.py
[2022-06-21 07:07:24,472] {logging_mixin.py:104} INFO - [2022-06-21 07:07:24,472] {dag.py:1832} INFO - Sync 1 DAGs
[2022-06-21 07:07:24,498] {logging_mixin.py:104} INFO - [2022-06-21 07:07:24,498] {dag.py:2305} INFO - Setting next_dagrun for example_dag_decorator to None
[2022-06-21 07:07:24,525] {scheduler_job.py:190} INFO - Processing /home/airflow/.local/lib/python3.6/site-packages/airflow/example_dags/example_dag_decorator.py took 0.626 seconds
[2022-06-21 07:07:55,334] {scheduler_job.py:182} INFO - Started process (PID=381) to work on /home/airflow/.local/lib/python3.6/site-packages/airflow/example_dags/example_dag_decorator.py
[2022-06-21 07:07:55,336] {scheduler_job.py:633} INFO - Processing file /home/airflow/.local/lib/python3.6/site-packages/airflow/example_dags/example_dag_decorator.py for tasks to queue
[2022-06-21 07:07:55,338] {logging_mixin.py:104} INFO - [2022-06-21 07:07:55,338] {dagbag.py:487} INFO - Filling up the DagBag from /home/airflow/.local/lib/python3.6/site-packages/airflow/example_dags/example_dag_decorator.py
[2022-06-21 07:07:55,372] {scheduler_job.py:643} INFO - DAG(s) dict_keys(['example_dag_decorator']) retrieved from /home/airflow/.local/lib/python3.6/site-packages/airflow/example_dags/example_dag_decorator.py
[2022-06-21 07:07:55,736] {logging_mixin.py:104} INFO - [2022-06-21 07:07:55,736] {dag.py:1832} INFO - Sync 1 DAGs
[2022-06-21 07:07:55,755] {logging_mixin.py:104} INFO - [2022-06-21 07:07:55,755] {dag.py:2305} INFO - Setting next_dagrun for example_dag_decorator to None
[2022-06-21 07:07:55,770] {scheduler_job.py:190} INFO - Processing /home/airflow/.local/lib/python3.6/site-packages/airflow/example_dags/example_dag_decorator.py took 0.440 seconds
[2022-06-21 07:08:26,093] {scheduler_job.py:182} INFO - Started process (PID=460) to work on /home/airflow/.local/lib/python3.6/site-packages/airflow/example_dags/example_dag_decorator.py
[2022-06-21 07:08:26,096] {scheduler_job.py:633} INFO - Processing file /home/airflow/.local/lib/python3.6/site-packages/airflow/example_dags/example_dag_decorator.py for tasks to queue
[2022-06-21 07:08:26,099] {logging_mixin.py:104} INFO - [2022-06-21 07:08:26,099] {dagbag.py:487} INFO - Filling up the DagBag from /home/airflow/.local/lib/python3.6/site-packages/airflow/example_dags/example_dag_decorator.py
[2022-06-21 07:08:26,127] {scheduler_job.py:643} INFO - DAG(s) dict_keys(['example_dag_decorator']) retrieved from /home/airflow/.local/lib/python3.6/site-packages/airflow/example_dags/example_dag_decorator.py
[2022-06-21 07:08:26,434] {logging_mixin.py:104} INFO - [2022-06-21 07:08:26,434] {dag.py:1832} INFO - Sync 1 DAGs
[2022-06-21 07:08:26,445] {logging_mixin.py:104} INFO - [2022-06-21 07:08:26,445] {dag.py:2305} INFO - Setting next_dagrun for example_dag_decorator to None
[2022-06-21 07:08:26,455] {scheduler_job.py:190} INFO - Processing /home/airflow/.local/lib/python3.6/site-packages/airflow/example_dags/example_dag_decorator.py took 0.366 seconds
[2022-06-21 07:08:56,680] {scheduler_job.py:182} INFO - Started process (PID=522) to work on /home/airflow/.local/lib/python3.6/site-packages/airflow/example_dags/example_dag_decorator.py
[2022-06-21 07:08:56,682] {scheduler_job.py:633} INFO - Processing file /home/airflow/.local/lib/python3.6/site-packages/airflow/example_dags/example_dag_decorator.py for tasks to queue
[2022-06-21 07:08:56,683] {logging_mixin.py:104} INFO - [2022-06-21 07:08:56,683] {dagbag.py:487} INFO - Filling up the DagBag from /home/airflow/.local/lib/python3.6/site-packages/airflow/example_dags/example_dag_decorator.py
[2022-06-21 07:08:56,709] {scheduler_job.py:643} INFO - DAG(s) dict_keys(['example_dag_decorator']) retrieved from /home/airflow/.local/lib/python3.6/site-packages/airflow/example_dags/example_dag_decorator.py
[2022-06-21 07:08:57,048] {logging_mixin.py:104} INFO - [2022-06-21 07:08:57,048] {dag.py:1832} INFO - Sync 1 DAGs
[2022-06-21 07:08:57,074] {logging_mixin.py:104} INFO - [2022-06-21 07:08:57,074] {dag.py:2305} INFO - Setting next_dagrun for example_dag_decorator to None
[2022-06-21 07:08:57,102] {scheduler_job.py:190} INFO - Processing /home/airflow/.local/lib/python3.6/site-packages/airflow/example_dags/example_dag_decorator.py took 0.426 seconds
[2022-06-21 07:11:17,657] {scheduler_job.py:182} INFO - Started process (PID=83) to work on /home/airflow/.local/lib/python3.6/site-packages/airflow/example_dags/example_dag_decorator.py
[2022-06-21 07:11:17,659] {scheduler_job.py:633} INFO - Processing file /home/airflow/.local/lib/python3.6/site-packages/airflow/example_dags/example_dag_decorator.py for tasks to queue
[2022-06-21 07:11:17,661] {logging_mixin.py:104} INFO - [2022-06-21 07:11:17,660] {dagbag.py:487} INFO - Filling up the DagBag from /home/airflow/.local/lib/python3.6/site-packages/airflow/example_dags/example_dag_decorator.py
[2022-06-21 07:11:17,693] {scheduler_job.py:643} INFO - DAG(s) dict_keys(['example_dag_decorator']) retrieved from /home/airflow/.local/lib/python3.6/site-packages/airflow/example_dags/example_dag_decorator.py
[2022-06-21 07:11:17,973] {logging_mixin.py:104} INFO - [2022-06-21 07:11:17,973] {dag.py:1832} INFO - Sync 1 DAGs
[2022-06-21 07:11:17,995] {logging_mixin.py:104} INFO - [2022-06-21 07:11:17,994] {dag.py:2305} INFO - Setting next_dagrun for example_dag_decorator to None
[2022-06-21 07:11:18,004] {scheduler_job.py:190} INFO - Processing /home/airflow/.local/lib/python3.6/site-packages/airflow/example_dags/example_dag_decorator.py took 0.352 seconds
[2022-06-21 07:11:48,699] {scheduler_job.py:182} INFO - Started process (PID=140) to work on /home/airflow/.local/lib/python3.6/site-packages/airflow/example_dags/example_dag_decorator.py
[2022-06-21 07:11:48,701] {scheduler_job.py:633} INFO - Processing file /home/airflow/.local/lib/python3.6/site-packages/airflow/example_dags/example_dag_decorator.py for tasks to queue
[2022-06-21 07:11:48,703] {logging_mixin.py:104} INFO - [2022-06-21 07:11:48,703] {dagbag.py:487} INFO - Filling up the DagBag from /home/airflow/.local/lib/python3.6/site-packages/airflow/example_dags/example_dag_decorator.py
[2022-06-21 07:11:48,732] {scheduler_job.py:643} INFO - DAG(s) dict_keys(['example_dag_decorator']) retrieved from /home/airflow/.local/lib/python3.6/site-packages/airflow/example_dags/example_dag_decorator.py
[2022-06-21 07:11:49,068] {logging_mixin.py:104} INFO - [2022-06-21 07:11:49,068] {dag.py:1832} INFO - Sync 1 DAGs
[2022-06-21 07:11:49,082] {logging_mixin.py:104} INFO - [2022-06-21 07:11:49,082] {dag.py:2305} INFO - Setting next_dagrun for example_dag_decorator to None
[2022-06-21 07:11:49,095] {scheduler_job.py:190} INFO - Processing /home/airflow/.local/lib/python3.6/site-packages/airflow/example_dags/example_dag_decorator.py took 0.400 seconds
[2022-06-21 07:12:19,260] {scheduler_job.py:182} INFO - Started process (PID=176) to work on /home/airflow/.local/lib/python3.6/site-packages/airflow/example_dags/example_dag_decorator.py
[2022-06-21 07:12:19,262] {scheduler_job.py:633} INFO - Processing file /home/airflow/.local/lib/python3.6/site-packages/airflow/example_dags/example_dag_decorator.py for tasks to queue
[2022-06-21 07:12:19,264] {logging_mixin.py:104} INFO - [2022-06-21 07:12:19,263] {dagbag.py:487} INFO - Filling up the DagBag from /home/airflow/.local/lib/python3.6/site-packages/airflow/example_dags/example_dag_decorator.py
[2022-06-21 07:12:19,292] {scheduler_job.py:643} INFO - DAG(s) dict_keys(['example_dag_decorator']) retrieved from /home/airflow/.local/lib/python3.6/site-packages/airflow/example_dags/example_dag_decorator.py
[2022-06-21 07:12:19,580] {logging_mixin.py:104} INFO - [2022-06-21 07:12:19,580] {dag.py:1832} INFO - Sync 1 DAGs
[2022-06-21 07:12:19,591] {logging_mixin.py:104} INFO - [2022-06-21 07:12:19,591] {dag.py:2305} INFO - Setting next_dagrun for example_dag_decorator to None
[2022-06-21 07:12:19,601] {scheduler_job.py:190} INFO - Processing /home/airflow/.local/lib/python3.6/site-packages/airflow/example_dags/example_dag_decorator.py took 0.345 seconds
[2022-06-21 07:12:59,221] {scheduler_job.py:182} INFO - Started process (PID=231) to work on /home/airflow/.local/lib/python3.6/site-packages/airflow/example_dags/example_dag_decorator.py
[2022-06-21 07:12:59,232] {scheduler_job.py:633} INFO - Processing file /home/airflow/.local/lib/python3.6/site-packages/airflow/example_dags/example_dag_decorator.py for tasks to queue
[2022-06-21 07:12:59,235] {logging_mixin.py:104} INFO - [2022-06-21 07:12:59,235] {dagbag.py:487} INFO - Filling up the DagBag from /home/airflow/.local/lib/python3.6/site-packages/airflow/example_dags/example_dag_decorator.py
[2022-06-21 07:12:59,278] {scheduler_job.py:643} INFO - DAG(s) dict_keys(['example_dag_decorator']) retrieved from /home/airflow/.local/lib/python3.6/site-packages/airflow/example_dags/example_dag_decorator.py
[2022-06-21 07:12:59,613] {logging_mixin.py:104} INFO - [2022-06-21 07:12:59,613] {dag.py:1832} INFO - Sync 1 DAGs
[2022-06-21 07:12:59,641] {logging_mixin.py:104} INFO - [2022-06-21 07:12:59,641] {dag.py:2305} INFO - Setting next_dagrun for example_dag_decorator to None
[2022-06-21 07:12:59,656] {scheduler_job.py:190} INFO - Processing /home/airflow/.local/lib/python3.6/site-packages/airflow/example_dags/example_dag_decorator.py took 0.442 seconds
[2022-06-21 07:14:43,092] {scheduler_job.py:182} INFO - Started process (PID=284) to work on /home/airflow/.local/lib/python3.6/site-packages/airflow/example_dags/example_dag_decorator.py
[2022-06-21 07:14:43,095] {scheduler_job.py:633} INFO - Processing file /home/airflow/.local/lib/python3.6/site-packages/airflow/example_dags/example_dag_decorator.py for tasks to queue
[2022-06-21 07:14:43,098] {logging_mixin.py:104} INFO - [2022-06-21 07:14:43,097] {dagbag.py:487} INFO - Filling up the DagBag from /home/airflow/.local/lib/python3.6/site-packages/airflow/example_dags/example_dag_decorator.py
[2022-06-21 07:14:43,133] {scheduler_job.py:643} INFO - DAG(s) dict_keys(['example_dag_decorator']) retrieved from /home/airflow/.local/lib/python3.6/site-packages/airflow/example_dags/example_dag_decorator.py
[2022-06-21 07:14:43,386] {logging_mixin.py:104} INFO - [2022-06-21 07:14:43,386] {dag.py:1832} INFO - Sync 1 DAGs
[2022-06-21 07:14:43,400] {logging_mixin.py:104} INFO - [2022-06-21 07:14:43,400] {dag.py:2305} INFO - Setting next_dagrun for example_dag_decorator to None
[2022-06-21 07:14:43,414] {scheduler_job.py:190} INFO - Processing /home/airflow/.local/lib/python3.6/site-packages/airflow/example_dags/example_dag_decorator.py took 0.326 seconds
[2022-06-21 07:15:34,889] {scheduler_job.py:182} INFO - Started process (PID=331) to work on /home/airflow/.local/lib/python3.6/site-packages/airflow/example_dags/example_dag_decorator.py
[2022-06-21 07:15:34,891] {scheduler_job.py:633} INFO - Processing file /home/airflow/.local/lib/python3.6/site-packages/airflow/example_dags/example_dag_decorator.py for tasks to queue
[2022-06-21 07:15:34,893] {logging_mixin.py:104} INFO - [2022-06-21 07:15:34,893] {dagbag.py:487} INFO - Filling up the DagBag from /home/airflow/.local/lib/python3.6/site-packages/airflow/example_dags/example_dag_decorator.py
[2022-06-21 07:15:34,919] {scheduler_job.py:643} INFO - DAG(s) dict_keys(['example_dag_decorator']) retrieved from /home/airflow/.local/lib/python3.6/site-packages/airflow/example_dags/example_dag_decorator.py
[2022-06-21 07:15:35,174] {logging_mixin.py:104} INFO - [2022-06-21 07:15:35,174] {dag.py:1832} INFO - Sync 1 DAGs
[2022-06-21 07:15:35,191] {logging_mixin.py:104} INFO - [2022-06-21 07:15:35,191] {dag.py:2305} INFO - Setting next_dagrun for example_dag_decorator to None
[2022-06-21 07:15:35,220] {scheduler_job.py:190} INFO - Processing /home/airflow/.local/lib/python3.6/site-packages/airflow/example_dags/example_dag_decorator.py took 0.335 seconds
[2022-06-21 07:16:10,886] {scheduler_job.py:182} INFO - Started process (PID=395) to work on /home/airflow/.local/lib/python3.6/site-packages/airflow/example_dags/example_dag_decorator.py
[2022-06-21 07:16:10,889] {scheduler_job.py:633} INFO - Processing file /home/airflow/.local/lib/python3.6/site-packages/airflow/example_dags/example_dag_decorator.py for tasks to queue
[2022-06-21 07:16:10,891] {logging_mixin.py:104} INFO - [2022-06-21 07:16:10,890] {dagbag.py:487} INFO - Filling up the DagBag from /home/airflow/.local/lib/python3.6/site-packages/airflow/example_dags/example_dag_decorator.py
[2022-06-21 07:16:10,926] {scheduler_job.py:643} INFO - DAG(s) dict_keys(['example_dag_decorator']) retrieved from /home/airflow/.local/lib/python3.6/site-packages/airflow/example_dags/example_dag_decorator.py
[2022-06-21 07:16:11,243] {logging_mixin.py:104} INFO - [2022-06-21 07:16:11,243] {dag.py:1832} INFO - Sync 1 DAGs
[2022-06-21 07:16:11,262] {logging_mixin.py:104} INFO - [2022-06-21 07:16:11,262] {dag.py:2305} INFO - Setting next_dagrun for example_dag_decorator to None
[2022-06-21 07:16:11,275] {scheduler_job.py:190} INFO - Processing /home/airflow/.local/lib/python3.6/site-packages/airflow/example_dags/example_dag_decorator.py took 0.394 seconds
[2022-06-21 07:16:50,182] {scheduler_job.py:182} INFO - Started process (PID=452) to work on /home/airflow/.local/lib/python3.6/site-packages/airflow/example_dags/example_dag_decorator.py
[2022-06-21 07:16:50,184] {scheduler_job.py:633} INFO - Processing file /home/airflow/.local/lib/python3.6/site-packages/airflow/example_dags/example_dag_decorator.py for tasks to queue
[2022-06-21 07:16:50,187] {logging_mixin.py:104} INFO - [2022-06-21 07:16:50,187] {dagbag.py:487} INFO - Filling up the DagBag from /home/airflow/.local/lib/python3.6/site-packages/airflow/example_dags/example_dag_decorator.py
[2022-06-21 07:16:50,222] {scheduler_job.py:643} INFO - DAG(s) dict_keys(['example_dag_decorator']) retrieved from /home/airflow/.local/lib/python3.6/site-packages/airflow/example_dags/example_dag_decorator.py
[2022-06-21 07:16:50,257] {logging_mixin.py:104} INFO - [2022-06-21 07:16:50,256] {dag.py:1832} INFO - Sync 1 DAGs
[2022-06-21 07:16:50,278] {logging_mixin.py:104} INFO - [2022-06-21 07:16:50,278] {dag.py:2305} INFO - Setting next_dagrun for example_dag_decorator to None
[2022-06-21 07:16:50,296] {scheduler_job.py:190} INFO - Processing /home/airflow/.local/lib/python3.6/site-packages/airflow/example_dags/example_dag_decorator.py took 0.119 seconds
[2022-06-21 07:17:21,282] {scheduler_job.py:182} INFO - Started process (PID=509) to work on /home/airflow/.local/lib/python3.6/site-packages/airflow/example_dags/example_dag_decorator.py
[2022-06-21 07:17:21,284] {scheduler_job.py:633} INFO - Processing file /home/airflow/.local/lib/python3.6/site-packages/airflow/example_dags/example_dag_decorator.py for tasks to queue
[2022-06-21 07:17:21,286] {logging_mixin.py:104} INFO - [2022-06-21 07:17:21,286] {dagbag.py:487} INFO - Filling up the DagBag from /home/airflow/.local/lib/python3.6/site-packages/airflow/example_dags/example_dag_decorator.py
[2022-06-21 07:17:21,311] {scheduler_job.py:643} INFO - DAG(s) dict_keys(['example_dag_decorator']) retrieved from /home/airflow/.local/lib/python3.6/site-packages/airflow/example_dags/example_dag_decorator.py
[2022-06-21 07:17:21,588] {logging_mixin.py:104} INFO - [2022-06-21 07:17:21,588] {dag.py:1832} INFO - Sync 1 DAGs
[2022-06-21 07:17:21,603] {logging_mixin.py:104} INFO - [2022-06-21 07:17:21,602] {dag.py:2305} INFO - Setting next_dagrun for example_dag_decorator to None
[2022-06-21 07:17:21,619] {scheduler_job.py:190} INFO - Processing /home/airflow/.local/lib/python3.6/site-packages/airflow/example_dags/example_dag_decorator.py took 0.341 seconds
[2022-06-21 07:20:41,468] {scheduler_job.py:182} INFO - Started process (PID=82) to work on /home/airflow/.local/lib/python3.6/site-packages/airflow/example_dags/example_dag_decorator.py
[2022-06-21 07:20:41,471] {scheduler_job.py:633} INFO - Processing file /home/airflow/.local/lib/python3.6/site-packages/airflow/example_dags/example_dag_decorator.py for tasks to queue
[2022-06-21 07:20:41,473] {logging_mixin.py:104} INFO - [2022-06-21 07:20:41,473] {dagbag.py:487} INFO - Filling up the DagBag from /home/airflow/.local/lib/python3.6/site-packages/airflow/example_dags/example_dag_decorator.py
[2022-06-21 07:20:41,550] {scheduler_job.py:643} INFO - DAG(s) dict_keys(['example_dag_decorator']) retrieved from /home/airflow/.local/lib/python3.6/site-packages/airflow/example_dags/example_dag_decorator.py
[2022-06-21 07:20:42,603] {logging_mixin.py:104} INFO - [2022-06-21 07:20:42,599] {dag.py:1832} INFO - Sync 1 DAGs
[2022-06-21 07:20:42,625] {logging_mixin.py:104} INFO - [2022-06-21 07:20:42,625] {dag.py:2305} INFO - Setting next_dagrun for example_dag_decorator to None
[2022-06-21 07:20:42,757] {scheduler_job.py:190} INFO - Processing /home/airflow/.local/lib/python3.6/site-packages/airflow/example_dags/example_dag_decorator.py took 1.295 seconds
[2022-06-21 07:21:12,927] {scheduler_job.py:182} INFO - Started process (PID=131) to work on /home/airflow/.local/lib/python3.6/site-packages/airflow/example_dags/example_dag_decorator.py
[2022-06-21 07:21:12,929] {scheduler_job.py:633} INFO - Processing file /home/airflow/.local/lib/python3.6/site-packages/airflow/example_dags/example_dag_decorator.py for tasks to queue
[2022-06-21 07:21:12,931] {logging_mixin.py:104} INFO - [2022-06-21 07:21:12,931] {dagbag.py:487} INFO - Filling up the DagBag from /home/airflow/.local/lib/python3.6/site-packages/airflow/example_dags/example_dag_decorator.py
[2022-06-21 07:21:12,968] {scheduler_job.py:643} INFO - DAG(s) dict_keys(['example_dag_decorator']) retrieved from /home/airflow/.local/lib/python3.6/site-packages/airflow/example_dags/example_dag_decorator.py
[2022-06-21 07:21:17,768] {logging_mixin.py:104} INFO - [2022-06-21 07:21:17,767] {dag.py:1832} INFO - Sync 1 DAGs
[2022-06-21 07:21:17,798] {logging_mixin.py:104} INFO - [2022-06-21 07:21:17,797] {dag.py:2305} INFO - Setting next_dagrun for example_dag_decorator to None
[2022-06-21 07:21:17,844] {scheduler_job.py:190} INFO - Processing /home/airflow/.local/lib/python3.6/site-packages/airflow/example_dags/example_dag_decorator.py took 4.956 seconds
[2022-06-21 07:21:49,832] {scheduler_job.py:182} INFO - Started process (PID=192) to work on /home/airflow/.local/lib/python3.6/site-packages/airflow/example_dags/example_dag_decorator.py
[2022-06-21 07:21:49,836] {scheduler_job.py:633} INFO - Processing file /home/airflow/.local/lib/python3.6/site-packages/airflow/example_dags/example_dag_decorator.py for tasks to queue
[2022-06-21 07:21:49,838] {logging_mixin.py:104} INFO - [2022-06-21 07:21:49,838] {dagbag.py:487} INFO - Filling up the DagBag from /home/airflow/.local/lib/python3.6/site-packages/airflow/example_dags/example_dag_decorator.py
[2022-06-21 07:21:49,884] {scheduler_job.py:643} INFO - DAG(s) dict_keys(['example_dag_decorator']) retrieved from /home/airflow/.local/lib/python3.6/site-packages/airflow/example_dags/example_dag_decorator.py
[2022-06-21 07:21:50,452] {logging_mixin.py:104} INFO - [2022-06-21 07:21:50,452] {dag.py:1832} INFO - Sync 1 DAGs
[2022-06-21 07:21:50,468] {logging_mixin.py:104} INFO - [2022-06-21 07:21:50,467] {dag.py:2305} INFO - Setting next_dagrun for example_dag_decorator to None
[2022-06-21 07:21:50,482] {scheduler_job.py:190} INFO - Processing /home/airflow/.local/lib/python3.6/site-packages/airflow/example_dags/example_dag_decorator.py took 0.657 seconds
[2022-06-21 07:22:26,329] {scheduler_job.py:182} INFO - Started process (PID=253) to work on /home/airflow/.local/lib/python3.6/site-packages/airflow/example_dags/example_dag_decorator.py
[2022-06-21 07:22:26,332] {scheduler_job.py:633} INFO - Processing file /home/airflow/.local/lib/python3.6/site-packages/airflow/example_dags/example_dag_decorator.py for tasks to queue
[2022-06-21 07:22:26,334] {logging_mixin.py:104} INFO - [2022-06-21 07:22:26,334] {dagbag.py:487} INFO - Filling up the DagBag from /home/airflow/.local/lib/python3.6/site-packages/airflow/example_dags/example_dag_decorator.py
[2022-06-21 07:22:26,372] {scheduler_job.py:643} INFO - DAG(s) dict_keys(['example_dag_decorator']) retrieved from /home/airflow/.local/lib/python3.6/site-packages/airflow/example_dags/example_dag_decorator.py
[2022-06-21 07:22:26,756] {logging_mixin.py:104} INFO - [2022-06-21 07:22:26,756] {dag.py:1832} INFO - Sync 1 DAGs
[2022-06-21 07:22:26,779] {logging_mixin.py:104} INFO - [2022-06-21 07:22:26,779] {dag.py:2305} INFO - Setting next_dagrun for example_dag_decorator to None
[2022-06-21 07:22:26,796] {scheduler_job.py:190} INFO - Processing /home/airflow/.local/lib/python3.6/site-packages/airflow/example_dags/example_dag_decorator.py took 0.483 seconds
[2022-06-21 07:23:07,709] {scheduler_job.py:182} INFO - Started process (PID=300) to work on /home/airflow/.local/lib/python3.6/site-packages/airflow/example_dags/example_dag_decorator.py
[2022-06-21 07:23:07,713] {scheduler_job.py:633} INFO - Processing file /home/airflow/.local/lib/python3.6/site-packages/airflow/example_dags/example_dag_decorator.py for tasks to queue
[2022-06-21 07:23:07,715] {logging_mixin.py:104} INFO - [2022-06-21 07:23:07,714] {dagbag.py:487} INFO - Filling up the DagBag from /home/airflow/.local/lib/python3.6/site-packages/airflow/example_dags/example_dag_decorator.py
[2022-06-21 07:23:07,752] {scheduler_job.py:643} INFO - DAG(s) dict_keys(['example_dag_decorator']) retrieved from /home/airflow/.local/lib/python3.6/site-packages/airflow/example_dags/example_dag_decorator.py
[2022-06-21 07:23:08,126] {logging_mixin.py:104} INFO - [2022-06-21 07:23:08,126] {dag.py:1832} INFO - Sync 1 DAGs
[2022-06-21 07:23:08,143] {logging_mixin.py:104} INFO - [2022-06-21 07:23:08,143] {dag.py:2305} INFO - Setting next_dagrun for example_dag_decorator to None
[2022-06-21 07:23:08,167] {scheduler_job.py:190} INFO - Processing /home/airflow/.local/lib/python3.6/site-packages/airflow/example_dags/example_dag_decorator.py took 0.463 seconds
[2022-06-21 07:23:38,295] {scheduler_job.py:182} INFO - Started process (PID=363) to work on /home/airflow/.local/lib/python3.6/site-packages/airflow/example_dags/example_dag_decorator.py
[2022-06-21 07:23:38,297] {scheduler_job.py:633} INFO - Processing file /home/airflow/.local/lib/python3.6/site-packages/airflow/example_dags/example_dag_decorator.py for tasks to queue
[2022-06-21 07:23:38,299] {logging_mixin.py:104} INFO - [2022-06-21 07:23:38,299] {dagbag.py:487} INFO - Filling up the DagBag from /home/airflow/.local/lib/python3.6/site-packages/airflow/example_dags/example_dag_decorator.py
[2022-06-21 07:23:38,349] {scheduler_job.py:643} INFO - DAG(s) dict_keys(['example_dag_decorator']) retrieved from /home/airflow/.local/lib/python3.6/site-packages/airflow/example_dags/example_dag_decorator.py
[2022-06-21 07:23:38,894] {logging_mixin.py:104} INFO - [2022-06-21 07:23:38,894] {dag.py:1832} INFO - Sync 1 DAGs
[2022-06-21 07:23:38,911] {logging_mixin.py:104} INFO - [2022-06-21 07:23:38,910] {dag.py:2305} INFO - Setting next_dagrun for example_dag_decorator to None
[2022-06-21 07:23:38,926] {scheduler_job.py:190} INFO - Processing /home/airflow/.local/lib/python3.6/site-packages/airflow/example_dags/example_dag_decorator.py took 0.636 seconds
[2022-06-21 07:24:09,752] {scheduler_job.py:182} INFO - Started process (PID=424) to work on /home/airflow/.local/lib/python3.6/site-packages/airflow/example_dags/example_dag_decorator.py
[2022-06-21 07:24:09,754] {scheduler_job.py:633} INFO - Processing file /home/airflow/.local/lib/python3.6/site-packages/airflow/example_dags/example_dag_decorator.py for tasks to queue
[2022-06-21 07:24:09,756] {logging_mixin.py:104} INFO - [2022-06-21 07:24:09,756] {dagbag.py:487} INFO - Filling up the DagBag from /home/airflow/.local/lib/python3.6/site-packages/airflow/example_dags/example_dag_decorator.py
[2022-06-21 07:24:09,789] {scheduler_job.py:643} INFO - DAG(s) dict_keys(['example_dag_decorator']) retrieved from /home/airflow/.local/lib/python3.6/site-packages/airflow/example_dags/example_dag_decorator.py
[2022-06-21 07:24:10,142] {logging_mixin.py:104} INFO - [2022-06-21 07:24:10,141] {dag.py:1832} INFO - Sync 1 DAGs
[2022-06-21 07:24:10,158] {logging_mixin.py:104} INFO - [2022-06-21 07:24:10,158] {dag.py:2305} INFO - Setting next_dagrun for example_dag_decorator to None
[2022-06-21 07:24:10,173] {scheduler_job.py:190} INFO - Processing /home/airflow/.local/lib/python3.6/site-packages/airflow/example_dags/example_dag_decorator.py took 0.425 seconds
[2022-06-21 07:24:51,940] {scheduler_job.py:182} INFO - Started process (PID=85) to work on /home/airflow/.local/lib/python3.6/site-packages/airflow/example_dags/example_dag_decorator.py
[2022-06-21 07:24:51,945] {scheduler_job.py:633} INFO - Processing file /home/airflow/.local/lib/python3.6/site-packages/airflow/example_dags/example_dag_decorator.py for tasks to queue
[2022-06-21 07:24:51,947] {logging_mixin.py:104} INFO - [2022-06-21 07:24:51,947] {dagbag.py:487} INFO - Filling up the DagBag from /home/airflow/.local/lib/python3.6/site-packages/airflow/example_dags/example_dag_decorator.py
[2022-06-21 07:24:51,986] {scheduler_job.py:643} INFO - DAG(s) dict_keys(['example_dag_decorator']) retrieved from /home/airflow/.local/lib/python3.6/site-packages/airflow/example_dags/example_dag_decorator.py
[2022-06-21 07:24:52,696] {logging_mixin.py:104} INFO - [2022-06-21 07:24:52,696] {dag.py:1832} INFO - Sync 1 DAGs
[2022-06-21 07:24:52,714] {logging_mixin.py:104} INFO - [2022-06-21 07:24:52,714] {dag.py:2305} INFO - Setting next_dagrun for example_dag_decorator to None
[2022-06-21 07:24:52,765] {scheduler_job.py:190} INFO - Processing /home/airflow/.local/lib/python3.6/site-packages/airflow/example_dags/example_dag_decorator.py took 0.832 seconds
[2022-06-21 07:25:23,737] {scheduler_job.py:182} INFO - Started process (PID=149) to work on /home/airflow/.local/lib/python3.6/site-packages/airflow/example_dags/example_dag_decorator.py
[2022-06-21 07:25:23,740] {scheduler_job.py:633} INFO - Processing file /home/airflow/.local/lib/python3.6/site-packages/airflow/example_dags/example_dag_decorator.py for tasks to queue
[2022-06-21 07:25:23,742] {logging_mixin.py:104} INFO - [2022-06-21 07:25:23,742] {dagbag.py:487} INFO - Filling up the DagBag from /home/airflow/.local/lib/python3.6/site-packages/airflow/example_dags/example_dag_decorator.py
[2022-06-21 07:25:23,828] {scheduler_job.py:643} INFO - DAG(s) dict_keys(['example_dag_decorator']) retrieved from /home/airflow/.local/lib/python3.6/site-packages/airflow/example_dags/example_dag_decorator.py
[2022-06-21 07:25:24,567] {logging_mixin.py:104} INFO - [2022-06-21 07:25:24,565] {dag.py:1832} INFO - Sync 1 DAGs
[2022-06-21 07:25:24,607] {logging_mixin.py:104} INFO - [2022-06-21 07:25:24,607] {dag.py:2305} INFO - Setting next_dagrun for example_dag_decorator to None
[2022-06-21 07:25:24,656] {scheduler_job.py:190} INFO - Processing /home/airflow/.local/lib/python3.6/site-packages/airflow/example_dags/example_dag_decorator.py took 0.941 seconds
[2022-06-21 07:25:55,280] {scheduler_job.py:182} INFO - Started process (PID=203) to work on /home/airflow/.local/lib/python3.6/site-packages/airflow/example_dags/example_dag_decorator.py
[2022-06-21 07:25:55,287] {scheduler_job.py:633} INFO - Processing file /home/airflow/.local/lib/python3.6/site-packages/airflow/example_dags/example_dag_decorator.py for tasks to queue
[2022-06-21 07:25:55,292] {logging_mixin.py:104} INFO - [2022-06-21 07:25:55,291] {dagbag.py:487} INFO - Filling up the DagBag from /home/airflow/.local/lib/python3.6/site-packages/airflow/example_dags/example_dag_decorator.py
[2022-06-21 07:25:55,368] {scheduler_job.py:643} INFO - DAG(s) dict_keys(['example_dag_decorator']) retrieved from /home/airflow/.local/lib/python3.6/site-packages/airflow/example_dags/example_dag_decorator.py
[2022-06-21 07:25:55,826] {logging_mixin.py:104} INFO - [2022-06-21 07:25:55,826] {dag.py:1832} INFO - Sync 1 DAGs
[2022-06-21 07:25:55,864] {logging_mixin.py:104} INFO - [2022-06-21 07:25:55,864] {dag.py:2305} INFO - Setting next_dagrun for example_dag_decorator to None
[2022-06-21 07:25:55,906] {scheduler_job.py:190} INFO - Processing /home/airflow/.local/lib/python3.6/site-packages/airflow/example_dags/example_dag_decorator.py took 0.632 seconds
[2022-06-21 07:27:01,162] {scheduler_job.py:182} INFO - Started process (PID=252) to work on /home/airflow/.local/lib/python3.6/site-packages/airflow/example_dags/example_dag_decorator.py
[2022-06-21 07:27:01,165] {scheduler_job.py:633} INFO - Processing file /home/airflow/.local/lib/python3.6/site-packages/airflow/example_dags/example_dag_decorator.py for tasks to queue
[2022-06-21 07:27:01,167] {logging_mixin.py:104} INFO - [2022-06-21 07:27:01,167] {dagbag.py:487} INFO - Filling up the DagBag from /home/airflow/.local/lib/python3.6/site-packages/airflow/example_dags/example_dag_decorator.py
[2022-06-21 07:27:01,203] {scheduler_job.py:643} INFO - DAG(s) dict_keys(['example_dag_decorator']) retrieved from /home/airflow/.local/lib/python3.6/site-packages/airflow/example_dags/example_dag_decorator.py
[2022-06-21 07:27:01,616] {logging_mixin.py:104} INFO - [2022-06-21 07:27:01,616] {dag.py:1832} INFO - Sync 1 DAGs
[2022-06-21 07:27:01,653] {logging_mixin.py:104} INFO - [2022-06-21 07:27:01,652] {dag.py:2305} INFO - Setting next_dagrun for example_dag_decorator to None
[2022-06-21 07:27:01,675] {scheduler_job.py:190} INFO - Processing /home/airflow/.local/lib/python3.6/site-packages/airflow/example_dags/example_dag_decorator.py took 0.521 seconds
[2022-06-21 07:27:31,731] {scheduler_job.py:182} INFO - Started process (PID=307) to work on /home/airflow/.local/lib/python3.6/site-packages/airflow/example_dags/example_dag_decorator.py
[2022-06-21 07:27:31,733] {scheduler_job.py:633} INFO - Processing file /home/airflow/.local/lib/python3.6/site-packages/airflow/example_dags/example_dag_decorator.py for tasks to queue
[2022-06-21 07:27:31,734] {logging_mixin.py:104} INFO - [2022-06-21 07:27:31,734] {dagbag.py:487} INFO - Filling up the DagBag from /home/airflow/.local/lib/python3.6/site-packages/airflow/example_dags/example_dag_decorator.py
[2022-06-21 07:27:31,763] {scheduler_job.py:643} INFO - DAG(s) dict_keys(['example_dag_decorator']) retrieved from /home/airflow/.local/lib/python3.6/site-packages/airflow/example_dags/example_dag_decorator.py
[2022-06-21 07:27:32,096] {logging_mixin.py:104} INFO - [2022-06-21 07:27:32,096] {dag.py:1832} INFO - Sync 1 DAGs
[2022-06-21 07:27:32,124] {logging_mixin.py:104} INFO - [2022-06-21 07:27:32,124] {dag.py:2305} INFO - Setting next_dagrun for example_dag_decorator to None
[2022-06-21 07:27:32,148] {scheduler_job.py:190} INFO - Processing /home/airflow/.local/lib/python3.6/site-packages/airflow/example_dags/example_dag_decorator.py took 0.420 seconds
[2022-06-21 07:28:07,595] {scheduler_job.py:182} INFO - Started process (PID=359) to work on /home/airflow/.local/lib/python3.6/site-packages/airflow/example_dags/example_dag_decorator.py
[2022-06-21 07:28:07,597] {scheduler_job.py:633} INFO - Processing file /home/airflow/.local/lib/python3.6/site-packages/airflow/example_dags/example_dag_decorator.py for tasks to queue
[2022-06-21 07:28:07,599] {logging_mixin.py:104} INFO - [2022-06-21 07:28:07,599] {dagbag.py:487} INFO - Filling up the DagBag from /home/airflow/.local/lib/python3.6/site-packages/airflow/example_dags/example_dag_decorator.py
[2022-06-21 07:28:07,636] {scheduler_job.py:643} INFO - DAG(s) dict_keys(['example_dag_decorator']) retrieved from /home/airflow/.local/lib/python3.6/site-packages/airflow/example_dags/example_dag_decorator.py
[2022-06-21 07:28:08,026] {logging_mixin.py:104} INFO - [2022-06-21 07:28:08,026] {dag.py:1832} INFO - Sync 1 DAGs
[2022-06-21 07:28:08,045] {logging_mixin.py:104} INFO - [2022-06-21 07:28:08,045] {dag.py:2305} INFO - Setting next_dagrun for example_dag_decorator to None
[2022-06-21 07:28:08,063] {scheduler_job.py:190} INFO - Processing /home/airflow/.local/lib/python3.6/site-packages/airflow/example_dags/example_dag_decorator.py took 0.473 seconds
[2022-06-21 07:28:38,494] {scheduler_job.py:182} INFO - Started process (PID=413) to work on /home/airflow/.local/lib/python3.6/site-packages/airflow/example_dags/example_dag_decorator.py
[2022-06-21 07:28:38,497] {scheduler_job.py:633} INFO - Processing file /home/airflow/.local/lib/python3.6/site-packages/airflow/example_dags/example_dag_decorator.py for tasks to queue
[2022-06-21 07:28:38,499] {logging_mixin.py:104} INFO - [2022-06-21 07:28:38,499] {dagbag.py:487} INFO - Filling up the DagBag from /home/airflow/.local/lib/python3.6/site-packages/airflow/example_dags/example_dag_decorator.py
[2022-06-21 07:28:38,548] {scheduler_job.py:643} INFO - DAG(s) dict_keys(['example_dag_decorator']) retrieved from /home/airflow/.local/lib/python3.6/site-packages/airflow/example_dags/example_dag_decorator.py
[2022-06-21 07:28:38,980] {logging_mixin.py:104} INFO - [2022-06-21 07:28:38,980] {dag.py:1832} INFO - Sync 1 DAGs
[2022-06-21 07:28:38,995] {logging_mixin.py:104} INFO - [2022-06-21 07:28:38,995] {dag.py:2305} INFO - Setting next_dagrun for example_dag_decorator to None
[2022-06-21 07:28:39,012] {scheduler_job.py:190} INFO - Processing /home/airflow/.local/lib/python3.6/site-packages/airflow/example_dags/example_dag_decorator.py took 0.527 seconds
[2022-06-21 07:29:30,059] {scheduler_job.py:182} INFO - Started process (PID=75) to work on /home/airflow/.local/lib/python3.6/site-packages/airflow/example_dags/example_dag_decorator.py
[2022-06-21 07:29:30,067] {scheduler_job.py:633} INFO - Processing file /home/airflow/.local/lib/python3.6/site-packages/airflow/example_dags/example_dag_decorator.py for tasks to queue
[2022-06-21 07:29:30,070] {logging_mixin.py:104} INFO - [2022-06-21 07:29:30,070] {dagbag.py:487} INFO - Filling up the DagBag from /home/airflow/.local/lib/python3.6/site-packages/airflow/example_dags/example_dag_decorator.py
[2022-06-21 07:29:30,107] {scheduler_job.py:643} INFO - DAG(s) dict_keys(['example_dag_decorator']) retrieved from /home/airflow/.local/lib/python3.6/site-packages/airflow/example_dags/example_dag_decorator.py
[2022-06-21 07:29:30,456] {logging_mixin.py:104} INFO - [2022-06-21 07:29:30,456] {dag.py:1832} INFO - Sync 1 DAGs
[2022-06-21 07:29:30,468] {logging_mixin.py:104} INFO - [2022-06-21 07:29:30,468] {dag.py:2305} INFO - Setting next_dagrun for example_dag_decorator to None
[2022-06-21 07:29:30,478] {scheduler_job.py:190} INFO - Processing /home/airflow/.local/lib/python3.6/site-packages/airflow/example_dags/example_dag_decorator.py took 0.422 seconds
[2022-06-21 07:30:00,579] {scheduler_job.py:182} INFO - Started process (PID=142) to work on /home/airflow/.local/lib/python3.6/site-packages/airflow/example_dags/example_dag_decorator.py
[2022-06-21 07:30:00,582] {scheduler_job.py:633} INFO - Processing file /home/airflow/.local/lib/python3.6/site-packages/airflow/example_dags/example_dag_decorator.py for tasks to queue
[2022-06-21 07:30:00,584] {logging_mixin.py:104} INFO - [2022-06-21 07:30:00,583] {dagbag.py:487} INFO - Filling up the DagBag from /home/airflow/.local/lib/python3.6/site-packages/airflow/example_dags/example_dag_decorator.py
[2022-06-21 07:30:00,615] {scheduler_job.py:643} INFO - DAG(s) dict_keys(['example_dag_decorator']) retrieved from /home/airflow/.local/lib/python3.6/site-packages/airflow/example_dags/example_dag_decorator.py
[2022-06-21 07:30:00,880] {logging_mixin.py:104} INFO - [2022-06-21 07:30:00,880] {dag.py:1832} INFO - Sync 1 DAGs
[2022-06-21 07:30:00,890] {logging_mixin.py:104} INFO - [2022-06-21 07:30:00,889] {dag.py:2305} INFO - Setting next_dagrun for example_dag_decorator to None
[2022-06-21 07:30:00,898] {scheduler_job.py:190} INFO - Processing /home/airflow/.local/lib/python3.6/site-packages/airflow/example_dags/example_dag_decorator.py took 0.323 seconds
[2022-06-21 07:30:31,022] {scheduler_job.py:182} INFO - Started process (PID=215) to work on /home/airflow/.local/lib/python3.6/site-packages/airflow/example_dags/example_dag_decorator.py
[2022-06-21 07:30:31,024] {scheduler_job.py:633} INFO - Processing file /home/airflow/.local/lib/python3.6/site-packages/airflow/example_dags/example_dag_decorator.py for tasks to queue
[2022-06-21 07:30:31,025] {logging_mixin.py:104} INFO - [2022-06-21 07:30:31,025] {dagbag.py:487} INFO - Filling up the DagBag from /home/airflow/.local/lib/python3.6/site-packages/airflow/example_dags/example_dag_decorator.py
[2022-06-21 07:30:31,047] {scheduler_job.py:643} INFO - DAG(s) dict_keys(['example_dag_decorator']) retrieved from /home/airflow/.local/lib/python3.6/site-packages/airflow/example_dags/example_dag_decorator.py
[2022-06-21 07:30:31,313] {logging_mixin.py:104} INFO - [2022-06-21 07:30:31,313] {dag.py:1832} INFO - Sync 1 DAGs
[2022-06-21 07:30:31,328] {logging_mixin.py:104} INFO - [2022-06-21 07:30:31,328] {dag.py:2305} INFO - Setting next_dagrun for example_dag_decorator to None
[2022-06-21 07:30:31,342] {scheduler_job.py:190} INFO - Processing /home/airflow/.local/lib/python3.6/site-packages/airflow/example_dags/example_dag_decorator.py took 0.323 seconds
[2022-06-21 07:31:36,181] {scheduler_job.py:182} INFO - Started process (PID=83) to work on /home/airflow/.local/lib/python3.6/site-packages/airflow/example_dags/example_dag_decorator.py
[2022-06-21 07:31:36,183] {scheduler_job.py:633} INFO - Processing file /home/airflow/.local/lib/python3.6/site-packages/airflow/example_dags/example_dag_decorator.py for tasks to queue
[2022-06-21 07:31:36,185] {logging_mixin.py:104} INFO - [2022-06-21 07:31:36,185] {dagbag.py:487} INFO - Filling up the DagBag from /home/airflow/.local/lib/python3.6/site-packages/airflow/example_dags/example_dag_decorator.py
[2022-06-21 07:31:36,241] {scheduler_job.py:643} INFO - DAG(s) dict_keys(['example_dag_decorator']) retrieved from /home/airflow/.local/lib/python3.6/site-packages/airflow/example_dags/example_dag_decorator.py
[2022-06-21 07:31:36,571] {logging_mixin.py:104} INFO - [2022-06-21 07:31:36,571] {dag.py:1832} INFO - Sync 1 DAGs
[2022-06-21 07:31:36,583] {logging_mixin.py:104} INFO - [2022-06-21 07:31:36,583] {dag.py:2305} INFO - Setting next_dagrun for example_dag_decorator to None
[2022-06-21 07:31:36,593] {scheduler_job.py:190} INFO - Processing /home/airflow/.local/lib/python3.6/site-packages/airflow/example_dags/example_dag_decorator.py took 0.421 seconds
[2022-06-21 07:32:07,562] {scheduler_job.py:182} INFO - Started process (PID=147) to work on /home/airflow/.local/lib/python3.6/site-packages/airflow/example_dags/example_dag_decorator.py
[2022-06-21 07:32:07,565] {scheduler_job.py:633} INFO - Processing file /home/airflow/.local/lib/python3.6/site-packages/airflow/example_dags/example_dag_decorator.py for tasks to queue
[2022-06-21 07:32:07,566] {logging_mixin.py:104} INFO - [2022-06-21 07:32:07,566] {dagbag.py:487} INFO - Filling up the DagBag from /home/airflow/.local/lib/python3.6/site-packages/airflow/example_dags/example_dag_decorator.py
[2022-06-21 07:32:07,591] {scheduler_job.py:643} INFO - DAG(s) dict_keys(['example_dag_decorator']) retrieved from /home/airflow/.local/lib/python3.6/site-packages/airflow/example_dags/example_dag_decorator.py
[2022-06-21 07:32:07,845] {logging_mixin.py:104} INFO - [2022-06-21 07:32:07,845] {dag.py:1832} INFO - Sync 1 DAGs
[2022-06-21 07:32:07,855] {logging_mixin.py:104} INFO - [2022-06-21 07:32:07,855] {dag.py:2305} INFO - Setting next_dagrun for example_dag_decorator to None
[2022-06-21 07:32:07,864] {scheduler_job.py:190} INFO - Processing /home/airflow/.local/lib/python3.6/site-packages/airflow/example_dags/example_dag_decorator.py took 0.305 seconds
[2022-06-21 07:32:38,553] {scheduler_job.py:182} INFO - Started process (PID=237) to work on /home/airflow/.local/lib/python3.6/site-packages/airflow/example_dags/example_dag_decorator.py
[2022-06-21 07:32:38,566] {scheduler_job.py:633} INFO - Processing file /home/airflow/.local/lib/python3.6/site-packages/airflow/example_dags/example_dag_decorator.py for tasks to queue
[2022-06-21 07:32:38,574] {logging_mixin.py:104} INFO - [2022-06-21 07:32:38,574] {dagbag.py:487} INFO - Filling up the DagBag from /home/airflow/.local/lib/python3.6/site-packages/airflow/example_dags/example_dag_decorator.py
[2022-06-21 07:32:38,637] {scheduler_job.py:643} INFO - DAG(s) dict_keys(['example_dag_decorator']) retrieved from /home/airflow/.local/lib/python3.6/site-packages/airflow/example_dags/example_dag_decorator.py
[2022-06-21 07:32:39,297] {logging_mixin.py:104} INFO - [2022-06-21 07:32:39,297] {dag.py:1832} INFO - Sync 1 DAGs
[2022-06-21 07:32:39,318] {logging_mixin.py:104} INFO - [2022-06-21 07:32:39,317] {dag.py:2305} INFO - Setting next_dagrun for example_dag_decorator to None
[2022-06-21 07:32:39,333] {scheduler_job.py:190} INFO - Processing /home/airflow/.local/lib/python3.6/site-packages/airflow/example_dags/example_dag_decorator.py took 0.791 seconds
[2022-06-21 07:33:09,547] {scheduler_job.py:182} INFO - Started process (PID=302) to work on /home/airflow/.local/lib/python3.6/site-packages/airflow/example_dags/example_dag_decorator.py
[2022-06-21 07:33:09,549] {scheduler_job.py:633} INFO - Processing file /home/airflow/.local/lib/python3.6/site-packages/airflow/example_dags/example_dag_decorator.py for tasks to queue
[2022-06-21 07:33:09,550] {logging_mixin.py:104} INFO - [2022-06-21 07:33:09,550] {dagbag.py:487} INFO - Filling up the DagBag from /home/airflow/.local/lib/python3.6/site-packages/airflow/example_dags/example_dag_decorator.py
[2022-06-21 07:33:09,575] {scheduler_job.py:643} INFO - DAG(s) dict_keys(['example_dag_decorator']) retrieved from /home/airflow/.local/lib/python3.6/site-packages/airflow/example_dags/example_dag_decorator.py
[2022-06-21 07:33:09,843] {logging_mixin.py:104} INFO - [2022-06-21 07:33:09,843] {dag.py:1832} INFO - Sync 1 DAGs
[2022-06-21 07:33:09,852] {logging_mixin.py:104} INFO - [2022-06-21 07:33:09,852] {dag.py:2305} INFO - Setting next_dagrun for example_dag_decorator to None
[2022-06-21 07:33:09,865] {scheduler_job.py:190} INFO - Processing /home/airflow/.local/lib/python3.6/site-packages/airflow/example_dags/example_dag_decorator.py took 0.322 seconds
[2022-06-21 07:33:40,084] {scheduler_job.py:182} INFO - Started process (PID=380) to work on /home/airflow/.local/lib/python3.6/site-packages/airflow/example_dags/example_dag_decorator.py
[2022-06-21 07:33:40,086] {scheduler_job.py:633} INFO - Processing file /home/airflow/.local/lib/python3.6/site-packages/airflow/example_dags/example_dag_decorator.py for tasks to queue
[2022-06-21 07:33:40,088] {logging_mixin.py:104} INFO - [2022-06-21 07:33:40,087] {dagbag.py:487} INFO - Filling up the DagBag from /home/airflow/.local/lib/python3.6/site-packages/airflow/example_dags/example_dag_decorator.py
[2022-06-21 07:33:40,109] {scheduler_job.py:643} INFO - DAG(s) dict_keys(['example_dag_decorator']) retrieved from /home/airflow/.local/lib/python3.6/site-packages/airflow/example_dags/example_dag_decorator.py
[2022-06-21 07:33:40,353] {logging_mixin.py:104} INFO - [2022-06-21 07:33:40,352] {dag.py:1832} INFO - Sync 1 DAGs
[2022-06-21 07:33:40,363] {logging_mixin.py:104} INFO - [2022-06-21 07:33:40,363] {dag.py:2305} INFO - Setting next_dagrun for example_dag_decorator to None
[2022-06-21 07:33:40,372] {scheduler_job.py:190} INFO - Processing /home/airflow/.local/lib/python3.6/site-packages/airflow/example_dags/example_dag_decorator.py took 0.291 seconds
