[2022-06-21 06:58:22,789] {scheduler_job.py:182} INFO - Started process (PID=231) to work on /home/airflow/.local/lib/python3.6/site-packages/airflow/example_dags/example_complex.py
[2022-06-21 06:58:22,798] {scheduler_job.py:633} INFO - Processing file /home/airflow/.local/lib/python3.6/site-packages/airflow/example_dags/example_complex.py for tasks to queue
[2022-06-21 06:58:22,802] {logging_mixin.py:104} INFO - [2022-06-21 06:58:22,801] {dagbag.py:487} INFO - Filling up the DagBag from /home/airflow/.local/lib/python3.6/site-packages/airflow/example_dags/example_complex.py
[2022-06-21 06:58:22,897] {scheduler_job.py:643} INFO - DAG(s) dict_keys(['example_complex']) retrieved from /home/airflow/.local/lib/python3.6/site-packages/airflow/example_dags/example_complex.py
[2022-06-21 06:58:45,861] {logging_mixin.py:104} INFO - [2022-06-21 06:58:45,855] {dag.py:1832} INFO - Sync 1 DAGs
[2022-06-21 06:58:45,882] {logging_mixin.py:104} INFO - [2022-06-21 06:58:45,881] {dag.py:1851} INFO - Creating ORM DAG for example_complex
[2022-06-21 06:58:45,931] {logging_mixin.py:104} INFO - [2022-06-21 06:58:45,930] {dag.py:2305} INFO - Setting next_dagrun for example_complex to None
[2022-06-21 06:58:45,977] {scheduler_job.py:190} INFO - Processing /home/airflow/.local/lib/python3.6/site-packages/airflow/example_dags/example_complex.py took 23.227 seconds
[2022-06-21 06:59:16,536] {scheduler_job.py:182} INFO - Started process (PID=304) to work on /home/airflow/.local/lib/python3.6/site-packages/airflow/example_dags/example_complex.py
[2022-06-21 06:59:16,539] {scheduler_job.py:633} INFO - Processing file /home/airflow/.local/lib/python3.6/site-packages/airflow/example_dags/example_complex.py for tasks to queue
[2022-06-21 06:59:16,540] {logging_mixin.py:104} INFO - [2022-06-21 06:59:16,540] {dagbag.py:487} INFO - Filling up the DagBag from /home/airflow/.local/lib/python3.6/site-packages/airflow/example_dags/example_complex.py
[2022-06-21 06:59:16,564] {scheduler_job.py:643} INFO - DAG(s) dict_keys(['example_complex']) retrieved from /home/airflow/.local/lib/python3.6/site-packages/airflow/example_dags/example_complex.py
[2022-06-21 06:59:16,598] {logging_mixin.py:104} INFO - [2022-06-21 06:59:16,598] {dag.py:1832} INFO - Sync 1 DAGs
[2022-06-21 06:59:16,711] {logging_mixin.py:104} INFO - [2022-06-21 06:59:16,711] {dag.py:2305} INFO - Setting next_dagrun for example_complex to None
[2022-06-21 06:59:16,726] {scheduler_job.py:190} INFO - Processing /home/airflow/.local/lib/python3.6/site-packages/airflow/example_dags/example_complex.py took 0.194 seconds
[2022-06-21 06:59:57,852] {scheduler_job.py:182} INFO - Started process (PID=376) to work on /home/airflow/.local/lib/python3.6/site-packages/airflow/example_dags/example_complex.py
[2022-06-21 06:59:57,854] {scheduler_job.py:633} INFO - Processing file /home/airflow/.local/lib/python3.6/site-packages/airflow/example_dags/example_complex.py for tasks to queue
[2022-06-21 06:59:57,856] {logging_mixin.py:104} INFO - [2022-06-21 06:59:57,855] {dagbag.py:487} INFO - Filling up the DagBag from /home/airflow/.local/lib/python3.6/site-packages/airflow/example_dags/example_complex.py
[2022-06-21 06:59:57,881] {scheduler_job.py:643} INFO - DAG(s) dict_keys(['example_complex']) retrieved from /home/airflow/.local/lib/python3.6/site-packages/airflow/example_dags/example_complex.py
[2022-06-21 06:59:57,910] {logging_mixin.py:104} INFO - [2022-06-21 06:59:57,910] {dag.py:1832} INFO - Sync 1 DAGs
[2022-06-21 06:59:58,014] {logging_mixin.py:104} INFO - [2022-06-21 06:59:58,014] {dag.py:2305} INFO - Setting next_dagrun for example_complex to None
[2022-06-21 06:59:58,026] {scheduler_job.py:190} INFO - Processing /home/airflow/.local/lib/python3.6/site-packages/airflow/example_dags/example_complex.py took 0.179 seconds
[2022-06-21 07:00:29,057] {scheduler_job.py:182} INFO - Started process (PID=439) to work on /home/airflow/.local/lib/python3.6/site-packages/airflow/example_dags/example_complex.py
[2022-06-21 07:00:29,060] {scheduler_job.py:633} INFO - Processing file /home/airflow/.local/lib/python3.6/site-packages/airflow/example_dags/example_complex.py for tasks to queue
[2022-06-21 07:00:29,061] {logging_mixin.py:104} INFO - [2022-06-21 07:00:29,061] {dagbag.py:487} INFO - Filling up the DagBag from /home/airflow/.local/lib/python3.6/site-packages/airflow/example_dags/example_complex.py
[2022-06-21 07:00:29,095] {scheduler_job.py:643} INFO - DAG(s) dict_keys(['example_complex']) retrieved from /home/airflow/.local/lib/python3.6/site-packages/airflow/example_dags/example_complex.py
[2022-06-21 07:00:29,244] {logging_mixin.py:104} INFO - [2022-06-21 07:00:29,244] {dag.py:1832} INFO - Sync 1 DAGs
[2022-06-21 07:00:29,260] {logging_mixin.py:104} INFO - [2022-06-21 07:00:29,260] {dag.py:2305} INFO - Setting next_dagrun for example_complex to None
[2022-06-21 07:00:29,277] {scheduler_job.py:190} INFO - Processing /home/airflow/.local/lib/python3.6/site-packages/airflow/example_dags/example_complex.py took 0.225 seconds
[2022-06-21 07:00:59,334] {scheduler_job.py:182} INFO - Started process (PID=500) to work on /home/airflow/.local/lib/python3.6/site-packages/airflow/example_dags/example_complex.py
[2022-06-21 07:00:59,336] {scheduler_job.py:633} INFO - Processing file /home/airflow/.local/lib/python3.6/site-packages/airflow/example_dags/example_complex.py for tasks to queue
[2022-06-21 07:00:59,338] {logging_mixin.py:104} INFO - [2022-06-21 07:00:59,338] {dagbag.py:487} INFO - Filling up the DagBag from /home/airflow/.local/lib/python3.6/site-packages/airflow/example_dags/example_complex.py
[2022-06-21 07:00:59,365] {scheduler_job.py:643} INFO - DAG(s) dict_keys(['example_complex']) retrieved from /home/airflow/.local/lib/python3.6/site-packages/airflow/example_dags/example_complex.py
[2022-06-21 07:00:59,490] {logging_mixin.py:104} INFO - [2022-06-21 07:00:59,490] {dag.py:1832} INFO - Sync 1 DAGs
[2022-06-21 07:00:59,503] {logging_mixin.py:104} INFO - [2022-06-21 07:00:59,503] {dag.py:2305} INFO - Setting next_dagrun for example_complex to None
[2022-06-21 07:00:59,515] {scheduler_job.py:190} INFO - Processing /home/airflow/.local/lib/python3.6/site-packages/airflow/example_dags/example_complex.py took 0.185 seconds
[2022-06-21 07:01:30,327] {scheduler_job.py:182} INFO - Started process (PID=556) to work on /home/airflow/.local/lib/python3.6/site-packages/airflow/example_dags/example_complex.py
[2022-06-21 07:01:30,332] {scheduler_job.py:633} INFO - Processing file /home/airflow/.local/lib/python3.6/site-packages/airflow/example_dags/example_complex.py for tasks to queue
[2022-06-21 07:01:30,339] {logging_mixin.py:104} INFO - [2022-06-21 07:01:30,339] {dagbag.py:487} INFO - Filling up the DagBag from /home/airflow/.local/lib/python3.6/site-packages/airflow/example_dags/example_complex.py
[2022-06-21 07:01:30,394] {scheduler_job.py:643} INFO - DAG(s) dict_keys(['example_complex']) retrieved from /home/airflow/.local/lib/python3.6/site-packages/airflow/example_dags/example_complex.py
[2022-06-21 07:01:30,616] {logging_mixin.py:104} INFO - [2022-06-21 07:01:30,616] {dag.py:1832} INFO - Sync 1 DAGs
[2022-06-21 07:01:30,632] {logging_mixin.py:104} INFO - [2022-06-21 07:01:30,632] {dag.py:2305} INFO - Setting next_dagrun for example_complex to None
[2022-06-21 07:01:30,652] {scheduler_job.py:190} INFO - Processing /home/airflow/.local/lib/python3.6/site-packages/airflow/example_dags/example_complex.py took 0.336 seconds
[2022-06-21 07:05:04,253] {scheduler_job.py:182} INFO - Started process (PID=88) to work on /home/airflow/.local/lib/python3.6/site-packages/airflow/example_dags/example_complex.py
[2022-06-21 07:05:04,259] {scheduler_job.py:633} INFO - Processing file /home/airflow/.local/lib/python3.6/site-packages/airflow/example_dags/example_complex.py for tasks to queue
[2022-06-21 07:05:04,262] {logging_mixin.py:104} INFO - [2022-06-21 07:05:04,262] {dagbag.py:487} INFO - Filling up the DagBag from /home/airflow/.local/lib/python3.6/site-packages/airflow/example_dags/example_complex.py
[2022-06-21 07:05:04,333] {scheduler_job.py:643} INFO - DAG(s) dict_keys(['example_complex']) retrieved from /home/airflow/.local/lib/python3.6/site-packages/airflow/example_dags/example_complex.py
[2022-06-21 07:05:04,381] {logging_mixin.py:104} INFO - [2022-06-21 07:05:04,381] {dag.py:1832} INFO - Sync 1 DAGs
[2022-06-21 07:05:04,410] {logging_mixin.py:104} INFO - [2022-06-21 07:05:04,410] {dag.py:2305} INFO - Setting next_dagrun for example_complex to None
[2022-06-21 07:05:04,430] {scheduler_job.py:190} INFO - Processing /home/airflow/.local/lib/python3.6/site-packages/airflow/example_dags/example_complex.py took 0.186 seconds
[2022-06-21 07:05:40,801] {scheduler_job.py:182} INFO - Started process (PID=151) to work on /home/airflow/.local/lib/python3.6/site-packages/airflow/example_dags/example_complex.py
[2022-06-21 07:05:40,808] {scheduler_job.py:633} INFO - Processing file /home/airflow/.local/lib/python3.6/site-packages/airflow/example_dags/example_complex.py for tasks to queue
[2022-06-21 07:05:40,815] {logging_mixin.py:104} INFO - [2022-06-21 07:05:40,814] {dagbag.py:487} INFO - Filling up the DagBag from /home/airflow/.local/lib/python3.6/site-packages/airflow/example_dags/example_complex.py
[2022-06-21 07:05:40,863] {scheduler_job.py:643} INFO - DAG(s) dict_keys(['example_complex']) retrieved from /home/airflow/.local/lib/python3.6/site-packages/airflow/example_dags/example_complex.py
[2022-06-21 07:05:40,900] {logging_mixin.py:104} INFO - [2022-06-21 07:05:40,900] {dag.py:1832} INFO - Sync 1 DAGs
[2022-06-21 07:05:40,940] {logging_mixin.py:104} INFO - [2022-06-21 07:05:40,939] {dag.py:2305} INFO - Setting next_dagrun for example_complex to None
[2022-06-21 07:05:40,955] {scheduler_job.py:190} INFO - Processing /home/airflow/.local/lib/python3.6/site-packages/airflow/example_dags/example_complex.py took 0.166 seconds
[2022-06-21 07:06:15,142] {scheduler_job.py:182} INFO - Started process (PID=215) to work on /home/airflow/.local/lib/python3.6/site-packages/airflow/example_dags/example_complex.py
[2022-06-21 07:06:15,145] {scheduler_job.py:633} INFO - Processing file /home/airflow/.local/lib/python3.6/site-packages/airflow/example_dags/example_complex.py for tasks to queue
[2022-06-21 07:06:15,147] {logging_mixin.py:104} INFO - [2022-06-21 07:06:15,147] {dagbag.py:487} INFO - Filling up the DagBag from /home/airflow/.local/lib/python3.6/site-packages/airflow/example_dags/example_complex.py
[2022-06-21 07:06:15,183] {scheduler_job.py:643} INFO - DAG(s) dict_keys(['example_complex']) retrieved from /home/airflow/.local/lib/python3.6/site-packages/airflow/example_dags/example_complex.py
[2022-06-21 07:06:15,222] {logging_mixin.py:104} INFO - [2022-06-21 07:06:15,222] {dag.py:1832} INFO - Sync 1 DAGs
[2022-06-21 07:06:15,247] {logging_mixin.py:104} INFO - [2022-06-21 07:06:15,247] {dag.py:2305} INFO - Setting next_dagrun for example_complex to None
[2022-06-21 07:06:15,262] {scheduler_job.py:190} INFO - Processing /home/airflow/.local/lib/python3.6/site-packages/airflow/example_dags/example_complex.py took 0.125 seconds
[2022-06-21 07:06:46,550] {scheduler_job.py:182} INFO - Started process (PID=277) to work on /home/airflow/.local/lib/python3.6/site-packages/airflow/example_dags/example_complex.py
[2022-06-21 07:06:46,552] {scheduler_job.py:633} INFO - Processing file /home/airflow/.local/lib/python3.6/site-packages/airflow/example_dags/example_complex.py for tasks to queue
[2022-06-21 07:06:46,554] {logging_mixin.py:104} INFO - [2022-06-21 07:06:46,554] {dagbag.py:487} INFO - Filling up the DagBag from /home/airflow/.local/lib/python3.6/site-packages/airflow/example_dags/example_complex.py
[2022-06-21 07:06:46,586] {scheduler_job.py:643} INFO - DAG(s) dict_keys(['example_complex']) retrieved from /home/airflow/.local/lib/python3.6/site-packages/airflow/example_dags/example_complex.py
[2022-06-21 07:06:46,618] {logging_mixin.py:104} INFO - [2022-06-21 07:06:46,618] {dag.py:1832} INFO - Sync 1 DAGs
[2022-06-21 07:06:46,637] {logging_mixin.py:104} INFO - [2022-06-21 07:06:46,637] {dag.py:2305} INFO - Setting next_dagrun for example_complex to None
[2022-06-21 07:06:46,652] {scheduler_job.py:190} INFO - Processing /home/airflow/.local/lib/python3.6/site-packages/airflow/example_dags/example_complex.py took 0.107 seconds
[2022-06-21 07:07:24,631] {scheduler_job.py:182} INFO - Started process (PID=323) to work on /home/airflow/.local/lib/python3.6/site-packages/airflow/example_dags/example_complex.py
[2022-06-21 07:07:24,634] {scheduler_job.py:633} INFO - Processing file /home/airflow/.local/lib/python3.6/site-packages/airflow/example_dags/example_complex.py for tasks to queue
[2022-06-21 07:07:24,635] {logging_mixin.py:104} INFO - [2022-06-21 07:07:24,635] {dagbag.py:487} INFO - Filling up the DagBag from /home/airflow/.local/lib/python3.6/site-packages/airflow/example_dags/example_complex.py
[2022-06-21 07:07:24,666] {scheduler_job.py:643} INFO - DAG(s) dict_keys(['example_complex']) retrieved from /home/airflow/.local/lib/python3.6/site-packages/airflow/example_dags/example_complex.py
[2022-06-21 07:07:24,702] {logging_mixin.py:104} INFO - [2022-06-21 07:07:24,702] {dag.py:1832} INFO - Sync 1 DAGs
[2022-06-21 07:07:24,720] {logging_mixin.py:104} INFO - [2022-06-21 07:07:24,719] {dag.py:2305} INFO - Setting next_dagrun for example_complex to None
[2022-06-21 07:07:24,732] {scheduler_job.py:190} INFO - Processing /home/airflow/.local/lib/python3.6/site-packages/airflow/example_dags/example_complex.py took 0.105 seconds
[2022-06-21 07:07:55,803] {scheduler_job.py:182} INFO - Started process (PID=385) to work on /home/airflow/.local/lib/python3.6/site-packages/airflow/example_dags/example_complex.py
[2022-06-21 07:07:55,805] {scheduler_job.py:633} INFO - Processing file /home/airflow/.local/lib/python3.6/site-packages/airflow/example_dags/example_complex.py for tasks to queue
[2022-06-21 07:07:55,806] {logging_mixin.py:104} INFO - [2022-06-21 07:07:55,806] {dagbag.py:487} INFO - Filling up the DagBag from /home/airflow/.local/lib/python3.6/site-packages/airflow/example_dags/example_complex.py
[2022-06-21 07:07:55,833] {scheduler_job.py:643} INFO - DAG(s) dict_keys(['example_complex']) retrieved from /home/airflow/.local/lib/python3.6/site-packages/airflow/example_dags/example_complex.py
[2022-06-21 07:07:55,864] {logging_mixin.py:104} INFO - [2022-06-21 07:07:55,864] {dag.py:1832} INFO - Sync 1 DAGs
[2022-06-21 07:07:55,882] {logging_mixin.py:104} INFO - [2022-06-21 07:07:55,881] {dag.py:2305} INFO - Setting next_dagrun for example_complex to None
[2022-06-21 07:07:55,898] {scheduler_job.py:190} INFO - Processing /home/airflow/.local/lib/python3.6/site-packages/airflow/example_dags/example_complex.py took 0.099 seconds
[2022-06-21 07:08:26,485] {scheduler_job.py:182} INFO - Started process (PID=464) to work on /home/airflow/.local/lib/python3.6/site-packages/airflow/example_dags/example_complex.py
[2022-06-21 07:08:26,487] {scheduler_job.py:633} INFO - Processing file /home/airflow/.local/lib/python3.6/site-packages/airflow/example_dags/example_complex.py for tasks to queue
[2022-06-21 07:08:26,488] {logging_mixin.py:104} INFO - [2022-06-21 07:08:26,488] {dagbag.py:487} INFO - Filling up the DagBag from /home/airflow/.local/lib/python3.6/site-packages/airflow/example_dags/example_complex.py
[2022-06-21 07:08:26,514] {scheduler_job.py:643} INFO - DAG(s) dict_keys(['example_complex']) retrieved from /home/airflow/.local/lib/python3.6/site-packages/airflow/example_dags/example_complex.py
[2022-06-21 07:08:26,544] {logging_mixin.py:104} INFO - [2022-06-21 07:08:26,544] {dag.py:1832} INFO - Sync 1 DAGs
[2022-06-21 07:08:26,563] {logging_mixin.py:104} INFO - [2022-06-21 07:08:26,563] {dag.py:2305} INFO - Setting next_dagrun for example_complex to None
[2022-06-21 07:08:26,577] {scheduler_job.py:190} INFO - Processing /home/airflow/.local/lib/python3.6/site-packages/airflow/example_dags/example_complex.py took 0.096 seconds
[2022-06-21 07:08:56,933] {scheduler_job.py:182} INFO - Started process (PID=525) to work on /home/airflow/.local/lib/python3.6/site-packages/airflow/example_dags/example_complex.py
[2022-06-21 07:08:56,936] {scheduler_job.py:633} INFO - Processing file /home/airflow/.local/lib/python3.6/site-packages/airflow/example_dags/example_complex.py for tasks to queue
[2022-06-21 07:08:56,937] {logging_mixin.py:104} INFO - [2022-06-21 07:08:56,937] {dagbag.py:487} INFO - Filling up the DagBag from /home/airflow/.local/lib/python3.6/site-packages/airflow/example_dags/example_complex.py
[2022-06-21 07:08:56,969] {scheduler_job.py:643} INFO - DAG(s) dict_keys(['example_complex']) retrieved from /home/airflow/.local/lib/python3.6/site-packages/airflow/example_dags/example_complex.py
[2022-06-21 07:08:57,016] {logging_mixin.py:104} INFO - [2022-06-21 07:08:57,016] {dag.py:1832} INFO - Sync 1 DAGs
[2022-06-21 07:08:57,040] {logging_mixin.py:104} INFO - [2022-06-21 07:08:57,040] {dag.py:2305} INFO - Setting next_dagrun for example_complex to None
[2022-06-21 07:08:57,053] {scheduler_job.py:190} INFO - Processing /home/airflow/.local/lib/python3.6/site-packages/airflow/example_dags/example_complex.py took 0.125 seconds
[2022-06-21 07:11:18,731] {scheduler_job.py:182} INFO - Started process (PID=88) to work on /home/airflow/.local/lib/python3.6/site-packages/airflow/example_dags/example_complex.py
[2022-06-21 07:11:18,734] {scheduler_job.py:633} INFO - Processing file /home/airflow/.local/lib/python3.6/site-packages/airflow/example_dags/example_complex.py for tasks to queue
[2022-06-21 07:11:18,737] {logging_mixin.py:104} INFO - [2022-06-21 07:11:18,737] {dagbag.py:487} INFO - Filling up the DagBag from /home/airflow/.local/lib/python3.6/site-packages/airflow/example_dags/example_complex.py
[2022-06-21 07:11:18,843] {scheduler_job.py:643} INFO - DAG(s) dict_keys(['example_complex']) retrieved from /home/airflow/.local/lib/python3.6/site-packages/airflow/example_dags/example_complex.py
[2022-06-21 07:11:18,905] {logging_mixin.py:104} INFO - [2022-06-21 07:11:18,905] {dag.py:1832} INFO - Sync 1 DAGs
[2022-06-21 07:11:18,925] {logging_mixin.py:104} INFO - [2022-06-21 07:11:18,924] {dag.py:2305} INFO - Setting next_dagrun for example_complex to None
[2022-06-21 07:11:18,943] {scheduler_job.py:190} INFO - Processing /home/airflow/.local/lib/python3.6/site-packages/airflow/example_dags/example_complex.py took 0.231 seconds
[2022-06-21 07:11:49,134] {scheduler_job.py:182} INFO - Started process (PID=145) to work on /home/airflow/.local/lib/python3.6/site-packages/airflow/example_dags/example_complex.py
[2022-06-21 07:11:49,136] {scheduler_job.py:633} INFO - Processing file /home/airflow/.local/lib/python3.6/site-packages/airflow/example_dags/example_complex.py for tasks to queue
[2022-06-21 07:11:49,139] {logging_mixin.py:104} INFO - [2022-06-21 07:11:49,138] {dagbag.py:487} INFO - Filling up the DagBag from /home/airflow/.local/lib/python3.6/site-packages/airflow/example_dags/example_complex.py
[2022-06-21 07:11:49,172] {scheduler_job.py:643} INFO - DAG(s) dict_keys(['example_complex']) retrieved from /home/airflow/.local/lib/python3.6/site-packages/airflow/example_dags/example_complex.py
[2022-06-21 07:11:49,210] {logging_mixin.py:104} INFO - [2022-06-21 07:11:49,210] {dag.py:1832} INFO - Sync 1 DAGs
[2022-06-21 07:11:49,232] {logging_mixin.py:104} INFO - [2022-06-21 07:11:49,232] {dag.py:2305} INFO - Setting next_dagrun for example_complex to None
[2022-06-21 07:11:49,249] {scheduler_job.py:190} INFO - Processing /home/airflow/.local/lib/python3.6/site-packages/airflow/example_dags/example_complex.py took 0.119 seconds
[2022-06-21 07:12:19,659] {scheduler_job.py:182} INFO - Started process (PID=181) to work on /home/airflow/.local/lib/python3.6/site-packages/airflow/example_dags/example_complex.py
[2022-06-21 07:12:19,661] {scheduler_job.py:633} INFO - Processing file /home/airflow/.local/lib/python3.6/site-packages/airflow/example_dags/example_complex.py for tasks to queue
[2022-06-21 07:12:19,662] {logging_mixin.py:104} INFO - [2022-06-21 07:12:19,662] {dagbag.py:487} INFO - Filling up the DagBag from /home/airflow/.local/lib/python3.6/site-packages/airflow/example_dags/example_complex.py
[2022-06-21 07:12:19,694] {scheduler_job.py:643} INFO - DAG(s) dict_keys(['example_complex']) retrieved from /home/airflow/.local/lib/python3.6/site-packages/airflow/example_dags/example_complex.py
[2022-06-21 07:12:19,724] {logging_mixin.py:104} INFO - [2022-06-21 07:12:19,724] {dag.py:1832} INFO - Sync 1 DAGs
[2022-06-21 07:12:19,743] {logging_mixin.py:104} INFO - [2022-06-21 07:12:19,743] {dag.py:2305} INFO - Setting next_dagrun for example_complex to None
[2022-06-21 07:12:19,755] {scheduler_job.py:190} INFO - Processing /home/airflow/.local/lib/python3.6/site-packages/airflow/example_dags/example_complex.py took 0.100 seconds
[2022-06-21 07:12:59,692] {scheduler_job.py:182} INFO - Started process (PID=238) to work on /home/airflow/.local/lib/python3.6/site-packages/airflow/example_dags/example_complex.py
[2022-06-21 07:12:59,695] {scheduler_job.py:633} INFO - Processing file /home/airflow/.local/lib/python3.6/site-packages/airflow/example_dags/example_complex.py for tasks to queue
[2022-06-21 07:12:59,697] {logging_mixin.py:104} INFO - [2022-06-21 07:12:59,697] {dagbag.py:487} INFO - Filling up the DagBag from /home/airflow/.local/lib/python3.6/site-packages/airflow/example_dags/example_complex.py
[2022-06-21 07:12:59,742] {scheduler_job.py:643} INFO - DAG(s) dict_keys(['example_complex']) retrieved from /home/airflow/.local/lib/python3.6/site-packages/airflow/example_dags/example_complex.py
[2022-06-21 07:12:59,771] {logging_mixin.py:104} INFO - [2022-06-21 07:12:59,771] {dag.py:1832} INFO - Sync 1 DAGs
[2022-06-21 07:12:59,788] {logging_mixin.py:104} INFO - [2022-06-21 07:12:59,788] {dag.py:2305} INFO - Setting next_dagrun for example_complex to None
[2022-06-21 07:12:59,801] {scheduler_job.py:190} INFO - Processing /home/airflow/.local/lib/python3.6/site-packages/airflow/example_dags/example_complex.py took 0.113 seconds
[2022-06-21 07:14:43,516] {scheduler_job.py:182} INFO - Started process (PID=290) to work on /home/airflow/.local/lib/python3.6/site-packages/airflow/example_dags/example_complex.py
[2022-06-21 07:14:43,519] {scheduler_job.py:633} INFO - Processing file /home/airflow/.local/lib/python3.6/site-packages/airflow/example_dags/example_complex.py for tasks to queue
[2022-06-21 07:14:43,520] {logging_mixin.py:104} INFO - [2022-06-21 07:14:43,520] {dagbag.py:487} INFO - Filling up the DagBag from /home/airflow/.local/lib/python3.6/site-packages/airflow/example_dags/example_complex.py
[2022-06-21 07:14:43,544] {scheduler_job.py:643} INFO - DAG(s) dict_keys(['example_complex']) retrieved from /home/airflow/.local/lib/python3.6/site-packages/airflow/example_dags/example_complex.py
[2022-06-21 07:14:43,573] {logging_mixin.py:104} INFO - [2022-06-21 07:14:43,573] {dag.py:1832} INFO - Sync 1 DAGs
[2022-06-21 07:14:43,585] {logging_mixin.py:104} INFO - [2022-06-21 07:14:43,585] {dag.py:2305} INFO - Setting next_dagrun for example_complex to None
[2022-06-21 07:14:43,597] {scheduler_job.py:190} INFO - Processing /home/airflow/.local/lib/python3.6/site-packages/airflow/example_dags/example_complex.py took 0.085 seconds
[2022-06-21 07:15:35,363] {scheduler_job.py:182} INFO - Started process (PID=336) to work on /home/airflow/.local/lib/python3.6/site-packages/airflow/example_dags/example_complex.py
[2022-06-21 07:15:35,365] {scheduler_job.py:633} INFO - Processing file /home/airflow/.local/lib/python3.6/site-packages/airflow/example_dags/example_complex.py for tasks to queue
[2022-06-21 07:15:35,367] {logging_mixin.py:104} INFO - [2022-06-21 07:15:35,367] {dagbag.py:487} INFO - Filling up the DagBag from /home/airflow/.local/lib/python3.6/site-packages/airflow/example_dags/example_complex.py
[2022-06-21 07:15:35,396] {scheduler_job.py:643} INFO - DAG(s) dict_keys(['example_complex']) retrieved from /home/airflow/.local/lib/python3.6/site-packages/airflow/example_dags/example_complex.py
[2022-06-21 07:15:35,434] {logging_mixin.py:104} INFO - [2022-06-21 07:15:35,434] {dag.py:1832} INFO - Sync 1 DAGs
[2022-06-21 07:15:35,454] {logging_mixin.py:104} INFO - [2022-06-21 07:15:35,454] {dag.py:2305} INFO - Setting next_dagrun for example_complex to None
[2022-06-21 07:15:35,468] {scheduler_job.py:190} INFO - Processing /home/airflow/.local/lib/python3.6/site-packages/airflow/example_dags/example_complex.py took 0.110 seconds
[2022-06-21 07:16:11,413] {scheduler_job.py:182} INFO - Started process (PID=400) to work on /home/airflow/.local/lib/python3.6/site-packages/airflow/example_dags/example_complex.py
[2022-06-21 07:16:11,416] {scheduler_job.py:633} INFO - Processing file /home/airflow/.local/lib/python3.6/site-packages/airflow/example_dags/example_complex.py for tasks to queue
[2022-06-21 07:16:11,418] {logging_mixin.py:104} INFO - [2022-06-21 07:16:11,418] {dagbag.py:487} INFO - Filling up the DagBag from /home/airflow/.local/lib/python3.6/site-packages/airflow/example_dags/example_complex.py
[2022-06-21 07:16:11,445] {scheduler_job.py:643} INFO - DAG(s) dict_keys(['example_complex']) retrieved from /home/airflow/.local/lib/python3.6/site-packages/airflow/example_dags/example_complex.py
[2022-06-21 07:16:11,480] {logging_mixin.py:104} INFO - [2022-06-21 07:16:11,479] {dag.py:1832} INFO - Sync 1 DAGs
[2022-06-21 07:16:11,504] {logging_mixin.py:104} INFO - [2022-06-21 07:16:11,504] {dag.py:2305} INFO - Setting next_dagrun for example_complex to None
[2022-06-21 07:16:11,528] {scheduler_job.py:190} INFO - Processing /home/airflow/.local/lib/python3.6/site-packages/airflow/example_dags/example_complex.py took 0.119 seconds
[2022-06-21 07:16:50,596] {scheduler_job.py:182} INFO - Started process (PID=462) to work on /home/airflow/.local/lib/python3.6/site-packages/airflow/example_dags/example_complex.py
[2022-06-21 07:16:50,598] {scheduler_job.py:633} INFO - Processing file /home/airflow/.local/lib/python3.6/site-packages/airflow/example_dags/example_complex.py for tasks to queue
[2022-06-21 07:16:50,600] {logging_mixin.py:104} INFO - [2022-06-21 07:16:50,600] {dagbag.py:487} INFO - Filling up the DagBag from /home/airflow/.local/lib/python3.6/site-packages/airflow/example_dags/example_complex.py
[2022-06-21 07:16:50,631] {scheduler_job.py:643} INFO - DAG(s) dict_keys(['example_complex']) retrieved from /home/airflow/.local/lib/python3.6/site-packages/airflow/example_dags/example_complex.py
[2022-06-21 07:16:50,667] {logging_mixin.py:104} INFO - [2022-06-21 07:16:50,667] {dag.py:1832} INFO - Sync 1 DAGs
[2022-06-21 07:16:50,684] {logging_mixin.py:104} INFO - [2022-06-21 07:16:50,684] {dag.py:2305} INFO - Setting next_dagrun for example_complex to None
[2022-06-21 07:16:50,697] {scheduler_job.py:190} INFO - Processing /home/airflow/.local/lib/python3.6/site-packages/airflow/example_dags/example_complex.py took 0.107 seconds
[2022-06-21 07:17:21,704] {scheduler_job.py:182} INFO - Started process (PID=514) to work on /home/airflow/.local/lib/python3.6/site-packages/airflow/example_dags/example_complex.py
[2022-06-21 07:17:21,707] {scheduler_job.py:633} INFO - Processing file /home/airflow/.local/lib/python3.6/site-packages/airflow/example_dags/example_complex.py for tasks to queue
[2022-06-21 07:17:21,708] {logging_mixin.py:104} INFO - [2022-06-21 07:17:21,708] {dagbag.py:487} INFO - Filling up the DagBag from /home/airflow/.local/lib/python3.6/site-packages/airflow/example_dags/example_complex.py
[2022-06-21 07:17:21,736] {scheduler_job.py:643} INFO - DAG(s) dict_keys(['example_complex']) retrieved from /home/airflow/.local/lib/python3.6/site-packages/airflow/example_dags/example_complex.py
[2022-06-21 07:17:21,768] {logging_mixin.py:104} INFO - [2022-06-21 07:17:21,768] {dag.py:1832} INFO - Sync 1 DAGs
[2022-06-21 07:17:21,783] {logging_mixin.py:104} INFO - [2022-06-21 07:17:21,783] {dag.py:2305} INFO - Setting next_dagrun for example_complex to None
[2022-06-21 07:17:21,797] {scheduler_job.py:190} INFO - Processing /home/airflow/.local/lib/python3.6/site-packages/airflow/example_dags/example_complex.py took 0.097 seconds
[2022-06-21 07:20:43,025] {scheduler_job.py:182} INFO - Started process (PID=87) to work on /home/airflow/.local/lib/python3.6/site-packages/airflow/example_dags/example_complex.py
[2022-06-21 07:20:43,027] {scheduler_job.py:633} INFO - Processing file /home/airflow/.local/lib/python3.6/site-packages/airflow/example_dags/example_complex.py for tasks to queue
[2022-06-21 07:20:43,028] {logging_mixin.py:104} INFO - [2022-06-21 07:20:43,028] {dagbag.py:487} INFO - Filling up the DagBag from /home/airflow/.local/lib/python3.6/site-packages/airflow/example_dags/example_complex.py
[2022-06-21 07:20:43,059] {scheduler_job.py:643} INFO - DAG(s) dict_keys(['example_complex']) retrieved from /home/airflow/.local/lib/python3.6/site-packages/airflow/example_dags/example_complex.py
[2022-06-21 07:20:43,091] {logging_mixin.py:104} INFO - [2022-06-21 07:20:43,091] {dag.py:1832} INFO - Sync 1 DAGs
[2022-06-21 07:20:43,106] {logging_mixin.py:104} INFO - [2022-06-21 07:20:43,106] {dag.py:2305} INFO - Setting next_dagrun for example_complex to None
[2022-06-21 07:20:43,119] {scheduler_job.py:190} INFO - Processing /home/airflow/.local/lib/python3.6/site-packages/airflow/example_dags/example_complex.py took 0.098 seconds
[2022-06-21 07:21:18,172] {scheduler_job.py:182} INFO - Started process (PID=135) to work on /home/airflow/.local/lib/python3.6/site-packages/airflow/example_dags/example_complex.py
[2022-06-21 07:21:18,176] {scheduler_job.py:633} INFO - Processing file /home/airflow/.local/lib/python3.6/site-packages/airflow/example_dags/example_complex.py for tasks to queue
[2022-06-21 07:21:18,178] {logging_mixin.py:104} INFO - [2022-06-21 07:21:18,178] {dagbag.py:487} INFO - Filling up the DagBag from /home/airflow/.local/lib/python3.6/site-packages/airflow/example_dags/example_complex.py
[2022-06-21 07:21:18,221] {scheduler_job.py:643} INFO - DAG(s) dict_keys(['example_complex']) retrieved from /home/airflow/.local/lib/python3.6/site-packages/airflow/example_dags/example_complex.py
[2022-06-21 07:21:18,267] {logging_mixin.py:104} INFO - [2022-06-21 07:21:18,267] {dag.py:1832} INFO - Sync 1 DAGs
[2022-06-21 07:21:18,295] {logging_mixin.py:104} INFO - [2022-06-21 07:21:18,295] {dag.py:2305} INFO - Setting next_dagrun for example_complex to None
[2022-06-21 07:21:18,310] {scheduler_job.py:190} INFO - Processing /home/airflow/.local/lib/python3.6/site-packages/airflow/example_dags/example_complex.py took 0.143 seconds
[2022-06-21 07:21:50,478] {scheduler_job.py:182} INFO - Started process (PID=196) to work on /home/airflow/.local/lib/python3.6/site-packages/airflow/example_dags/example_complex.py
[2022-06-21 07:21:50,481] {scheduler_job.py:633} INFO - Processing file /home/airflow/.local/lib/python3.6/site-packages/airflow/example_dags/example_complex.py for tasks to queue
[2022-06-21 07:21:50,483] {logging_mixin.py:104} INFO - [2022-06-21 07:21:50,483] {dagbag.py:487} INFO - Filling up the DagBag from /home/airflow/.local/lib/python3.6/site-packages/airflow/example_dags/example_complex.py
[2022-06-21 07:21:50,515] {scheduler_job.py:643} INFO - DAG(s) dict_keys(['example_complex']) retrieved from /home/airflow/.local/lib/python3.6/site-packages/airflow/example_dags/example_complex.py
[2022-06-21 07:21:50,545] {logging_mixin.py:104} INFO - [2022-06-21 07:21:50,545] {dag.py:1832} INFO - Sync 1 DAGs
[2022-06-21 07:21:50,561] {logging_mixin.py:104} INFO - [2022-06-21 07:21:50,561] {dag.py:2305} INFO - Setting next_dagrun for example_complex to None
[2022-06-21 07:21:50,573] {scheduler_job.py:190} INFO - Processing /home/airflow/.local/lib/python3.6/site-packages/airflow/example_dags/example_complex.py took 0.099 seconds
[2022-06-21 07:22:26,721] {scheduler_job.py:182} INFO - Started process (PID=257) to work on /home/airflow/.local/lib/python3.6/site-packages/airflow/example_dags/example_complex.py
[2022-06-21 07:22:26,724] {scheduler_job.py:633} INFO - Processing file /home/airflow/.local/lib/python3.6/site-packages/airflow/example_dags/example_complex.py for tasks to queue
[2022-06-21 07:22:26,734] {logging_mixin.py:104} INFO - [2022-06-21 07:22:26,734] {dagbag.py:487} INFO - Filling up the DagBag from /home/airflow/.local/lib/python3.6/site-packages/airflow/example_dags/example_complex.py
[2022-06-21 07:22:26,785] {scheduler_job.py:643} INFO - DAG(s) dict_keys(['example_complex']) retrieved from /home/airflow/.local/lib/python3.6/site-packages/airflow/example_dags/example_complex.py
[2022-06-21 07:22:26,837] {logging_mixin.py:104} INFO - [2022-06-21 07:22:26,837] {dag.py:1832} INFO - Sync 1 DAGs
[2022-06-21 07:22:26,864] {logging_mixin.py:104} INFO - [2022-06-21 07:22:26,864] {dag.py:2305} INFO - Setting next_dagrun for example_complex to None
[2022-06-21 07:22:26,886] {scheduler_job.py:190} INFO - Processing /home/airflow/.local/lib/python3.6/site-packages/airflow/example_dags/example_complex.py took 0.172 seconds
[2022-06-21 07:23:08,210] {scheduler_job.py:182} INFO - Started process (PID=305) to work on /home/airflow/.local/lib/python3.6/site-packages/airflow/example_dags/example_complex.py
[2022-06-21 07:23:08,212] {scheduler_job.py:633} INFO - Processing file /home/airflow/.local/lib/python3.6/site-packages/airflow/example_dags/example_complex.py for tasks to queue
[2022-06-21 07:23:08,215] {logging_mixin.py:104} INFO - [2022-06-21 07:23:08,214] {dagbag.py:487} INFO - Filling up the DagBag from /home/airflow/.local/lib/python3.6/site-packages/airflow/example_dags/example_complex.py
[2022-06-21 07:23:08,258] {scheduler_job.py:643} INFO - DAG(s) dict_keys(['example_complex']) retrieved from /home/airflow/.local/lib/python3.6/site-packages/airflow/example_dags/example_complex.py
[2022-06-21 07:23:08,318] {logging_mixin.py:104} INFO - [2022-06-21 07:23:08,318] {dag.py:1832} INFO - Sync 1 DAGs
[2022-06-21 07:23:08,353] {logging_mixin.py:104} INFO - [2022-06-21 07:23:08,353] {dag.py:2305} INFO - Setting next_dagrun for example_complex to None
[2022-06-21 07:23:08,369] {scheduler_job.py:190} INFO - Processing /home/airflow/.local/lib/python3.6/site-packages/airflow/example_dags/example_complex.py took 0.164 seconds
[2022-06-21 07:23:38,963] {scheduler_job.py:182} INFO - Started process (PID=366) to work on /home/airflow/.local/lib/python3.6/site-packages/airflow/example_dags/example_complex.py
[2022-06-21 07:23:38,965] {scheduler_job.py:633} INFO - Processing file /home/airflow/.local/lib/python3.6/site-packages/airflow/example_dags/example_complex.py for tasks to queue
[2022-06-21 07:23:38,967] {logging_mixin.py:104} INFO - [2022-06-21 07:23:38,967] {dagbag.py:487} INFO - Filling up the DagBag from /home/airflow/.local/lib/python3.6/site-packages/airflow/example_dags/example_complex.py
[2022-06-21 07:23:39,001] {scheduler_job.py:643} INFO - DAG(s) dict_keys(['example_complex']) retrieved from /home/airflow/.local/lib/python3.6/site-packages/airflow/example_dags/example_complex.py
[2022-06-21 07:23:39,037] {logging_mixin.py:104} INFO - [2022-06-21 07:23:39,036] {dag.py:1832} INFO - Sync 1 DAGs
[2022-06-21 07:23:39,059] {logging_mixin.py:104} INFO - [2022-06-21 07:23:39,059] {dag.py:2305} INFO - Setting next_dagrun for example_complex to None
[2022-06-21 07:23:39,078] {scheduler_job.py:190} INFO - Processing /home/airflow/.local/lib/python3.6/site-packages/airflow/example_dags/example_complex.py took 0.120 seconds
[2022-06-21 07:24:10,301] {scheduler_job.py:182} INFO - Started process (PID=429) to work on /home/airflow/.local/lib/python3.6/site-packages/airflow/example_dags/example_complex.py
[2022-06-21 07:24:10,304] {scheduler_job.py:633} INFO - Processing file /home/airflow/.local/lib/python3.6/site-packages/airflow/example_dags/example_complex.py for tasks to queue
[2022-06-21 07:24:10,307] {logging_mixin.py:104} INFO - [2022-06-21 07:24:10,307] {dagbag.py:487} INFO - Filling up the DagBag from /home/airflow/.local/lib/python3.6/site-packages/airflow/example_dags/example_complex.py
[2022-06-21 07:24:10,343] {scheduler_job.py:643} INFO - DAG(s) dict_keys(['example_complex']) retrieved from /home/airflow/.local/lib/python3.6/site-packages/airflow/example_dags/example_complex.py
[2022-06-21 07:24:10,379] {logging_mixin.py:104} INFO - [2022-06-21 07:24:10,379] {dag.py:1832} INFO - Sync 1 DAGs
[2022-06-21 07:24:10,400] {logging_mixin.py:104} INFO - [2022-06-21 07:24:10,400] {dag.py:2305} INFO - Setting next_dagrun for example_complex to None
[2022-06-21 07:24:10,413] {scheduler_job.py:190} INFO - Processing /home/airflow/.local/lib/python3.6/site-packages/airflow/example_dags/example_complex.py took 0.125 seconds
[2022-06-21 07:24:52,801] {scheduler_job.py:182} INFO - Started process (PID=90) to work on /home/airflow/.local/lib/python3.6/site-packages/airflow/example_dags/example_complex.py
[2022-06-21 07:24:52,803] {scheduler_job.py:633} INFO - Processing file /home/airflow/.local/lib/python3.6/site-packages/airflow/example_dags/example_complex.py for tasks to queue
[2022-06-21 07:24:52,804] {logging_mixin.py:104} INFO - [2022-06-21 07:24:52,804] {dagbag.py:487} INFO - Filling up the DagBag from /home/airflow/.local/lib/python3.6/site-packages/airflow/example_dags/example_complex.py
[2022-06-21 07:24:52,832] {scheduler_job.py:643} INFO - DAG(s) dict_keys(['example_complex']) retrieved from /home/airflow/.local/lib/python3.6/site-packages/airflow/example_dags/example_complex.py
[2022-06-21 07:24:52,860] {logging_mixin.py:104} INFO - [2022-06-21 07:24:52,860] {dag.py:1832} INFO - Sync 1 DAGs
[2022-06-21 07:24:52,881] {logging_mixin.py:104} INFO - [2022-06-21 07:24:52,881] {dag.py:2305} INFO - Setting next_dagrun for example_complex to None
[2022-06-21 07:24:52,918] {scheduler_job.py:190} INFO - Processing /home/airflow/.local/lib/python3.6/site-packages/airflow/example_dags/example_complex.py took 0.121 seconds
[2022-06-21 07:25:24,771] {scheduler_job.py:182} INFO - Started process (PID=153) to work on /home/airflow/.local/lib/python3.6/site-packages/airflow/example_dags/example_complex.py
[2022-06-21 07:25:24,773] {scheduler_job.py:633} INFO - Processing file /home/airflow/.local/lib/python3.6/site-packages/airflow/example_dags/example_complex.py for tasks to queue
[2022-06-21 07:25:24,777] {logging_mixin.py:104} INFO - [2022-06-21 07:25:24,777] {dagbag.py:487} INFO - Filling up the DagBag from /home/airflow/.local/lib/python3.6/site-packages/airflow/example_dags/example_complex.py
[2022-06-21 07:25:24,816] {scheduler_job.py:643} INFO - DAG(s) dict_keys(['example_complex']) retrieved from /home/airflow/.local/lib/python3.6/site-packages/airflow/example_dags/example_complex.py
[2022-06-21 07:25:24,854] {logging_mixin.py:104} INFO - [2022-06-21 07:25:24,853] {dag.py:1832} INFO - Sync 1 DAGs
[2022-06-21 07:25:24,874] {logging_mixin.py:104} INFO - [2022-06-21 07:25:24,873] {dag.py:2305} INFO - Setting next_dagrun for example_complex to None
[2022-06-21 07:25:24,888] {scheduler_job.py:190} INFO - Processing /home/airflow/.local/lib/python3.6/site-packages/airflow/example_dags/example_complex.py took 0.122 seconds
[2022-06-21 07:25:55,902] {scheduler_job.py:182} INFO - Started process (PID=209) to work on /home/airflow/.local/lib/python3.6/site-packages/airflow/example_dags/example_complex.py
[2022-06-21 07:25:55,912] {scheduler_job.py:633} INFO - Processing file /home/airflow/.local/lib/python3.6/site-packages/airflow/example_dags/example_complex.py for tasks to queue
[2022-06-21 07:25:55,922] {logging_mixin.py:104} INFO - [2022-06-21 07:25:55,922] {dagbag.py:487} INFO - Filling up the DagBag from /home/airflow/.local/lib/python3.6/site-packages/airflow/example_dags/example_complex.py
[2022-06-21 07:25:55,969] {scheduler_job.py:643} INFO - DAG(s) dict_keys(['example_complex']) retrieved from /home/airflow/.local/lib/python3.6/site-packages/airflow/example_dags/example_complex.py
[2022-06-21 07:25:56,008] {logging_mixin.py:104} INFO - [2022-06-21 07:25:56,007] {dag.py:1832} INFO - Sync 1 DAGs
[2022-06-21 07:25:56,042] {logging_mixin.py:104} INFO - [2022-06-21 07:25:56,039] {dag.py:2305} INFO - Setting next_dagrun for example_complex to None
[2022-06-21 07:25:56,069] {scheduler_job.py:190} INFO - Processing /home/airflow/.local/lib/python3.6/site-packages/airflow/example_dags/example_complex.py took 0.182 seconds
[2022-06-21 07:27:01,725] {scheduler_job.py:182} INFO - Started process (PID=262) to work on /home/airflow/.local/lib/python3.6/site-packages/airflow/example_dags/example_complex.py
[2022-06-21 07:27:01,728] {scheduler_job.py:633} INFO - Processing file /home/airflow/.local/lib/python3.6/site-packages/airflow/example_dags/example_complex.py for tasks to queue
[2022-06-21 07:27:01,730] {logging_mixin.py:104} INFO - [2022-06-21 07:27:01,730] {dagbag.py:487} INFO - Filling up the DagBag from /home/airflow/.local/lib/python3.6/site-packages/airflow/example_dags/example_complex.py
[2022-06-21 07:27:01,764] {scheduler_job.py:643} INFO - DAG(s) dict_keys(['example_complex']) retrieved from /home/airflow/.local/lib/python3.6/site-packages/airflow/example_dags/example_complex.py
[2022-06-21 07:27:01,793] {logging_mixin.py:104} INFO - [2022-06-21 07:27:01,792] {dag.py:1832} INFO - Sync 1 DAGs
[2022-06-21 07:27:01,814] {logging_mixin.py:104} INFO - [2022-06-21 07:27:01,814] {dag.py:2305} INFO - Setting next_dagrun for example_complex to None
[2022-06-21 07:27:01,832] {scheduler_job.py:190} INFO - Processing /home/airflow/.local/lib/python3.6/site-packages/airflow/example_dags/example_complex.py took 0.112 seconds
[2022-06-21 07:27:32,200] {scheduler_job.py:182} INFO - Started process (PID=309) to work on /home/airflow/.local/lib/python3.6/site-packages/airflow/example_dags/example_complex.py
[2022-06-21 07:27:32,204] {scheduler_job.py:633} INFO - Processing file /home/airflow/.local/lib/python3.6/site-packages/airflow/example_dags/example_complex.py for tasks to queue
[2022-06-21 07:27:32,207] {logging_mixin.py:104} INFO - [2022-06-21 07:27:32,206] {dagbag.py:487} INFO - Filling up the DagBag from /home/airflow/.local/lib/python3.6/site-packages/airflow/example_dags/example_complex.py
[2022-06-21 07:27:32,247] {scheduler_job.py:643} INFO - DAG(s) dict_keys(['example_complex']) retrieved from /home/airflow/.local/lib/python3.6/site-packages/airflow/example_dags/example_complex.py
[2022-06-21 07:27:32,287] {logging_mixin.py:104} INFO - [2022-06-21 07:27:32,286] {dag.py:1832} INFO - Sync 1 DAGs
[2022-06-21 07:27:32,318] {logging_mixin.py:104} INFO - [2022-06-21 07:27:32,318] {dag.py:2305} INFO - Setting next_dagrun for example_complex to None
[2022-06-21 07:27:32,332] {scheduler_job.py:190} INFO - Processing /home/airflow/.local/lib/python3.6/site-packages/airflow/example_dags/example_complex.py took 0.138 seconds
[2022-06-21 07:28:08,108] {scheduler_job.py:182} INFO - Started process (PID=365) to work on /home/airflow/.local/lib/python3.6/site-packages/airflow/example_dags/example_complex.py
[2022-06-21 07:28:08,112] {scheduler_job.py:633} INFO - Processing file /home/airflow/.local/lib/python3.6/site-packages/airflow/example_dags/example_complex.py for tasks to queue
[2022-06-21 07:28:08,114] {logging_mixin.py:104} INFO - [2022-06-21 07:28:08,114] {dagbag.py:487} INFO - Filling up the DagBag from /home/airflow/.local/lib/python3.6/site-packages/airflow/example_dags/example_complex.py
[2022-06-21 07:28:08,156] {scheduler_job.py:643} INFO - DAG(s) dict_keys(['example_complex']) retrieved from /home/airflow/.local/lib/python3.6/site-packages/airflow/example_dags/example_complex.py
[2022-06-21 07:28:08,192] {logging_mixin.py:104} INFO - [2022-06-21 07:28:08,192] {dag.py:1832} INFO - Sync 1 DAGs
[2022-06-21 07:28:08,226] {logging_mixin.py:104} INFO - [2022-06-21 07:28:08,225] {dag.py:2305} INFO - Setting next_dagrun for example_complex to None
[2022-06-21 07:28:08,248] {scheduler_job.py:190} INFO - Processing /home/airflow/.local/lib/python3.6/site-packages/airflow/example_dags/example_complex.py took 0.146 seconds
[2022-06-21 07:28:38,750] {scheduler_job.py:182} INFO - Started process (PID=415) to work on /home/airflow/.local/lib/python3.6/site-packages/airflow/example_dags/example_complex.py
[2022-06-21 07:28:38,752] {scheduler_job.py:633} INFO - Processing file /home/airflow/.local/lib/python3.6/site-packages/airflow/example_dags/example_complex.py for tasks to queue
[2022-06-21 07:28:38,754] {logging_mixin.py:104} INFO - [2022-06-21 07:28:38,753] {dagbag.py:487} INFO - Filling up the DagBag from /home/airflow/.local/lib/python3.6/site-packages/airflow/example_dags/example_complex.py
[2022-06-21 07:28:38,791] {scheduler_job.py:643} INFO - DAG(s) dict_keys(['example_complex']) retrieved from /home/airflow/.local/lib/python3.6/site-packages/airflow/example_dags/example_complex.py
[2022-06-21 07:28:38,835] {logging_mixin.py:104} INFO - [2022-06-21 07:28:38,835] {dag.py:1832} INFO - Sync 1 DAGs
[2022-06-21 07:28:38,864] {logging_mixin.py:104} INFO - [2022-06-21 07:28:38,864] {dag.py:2305} INFO - Setting next_dagrun for example_complex to None
[2022-06-21 07:28:38,884] {scheduler_job.py:190} INFO - Processing /home/airflow/.local/lib/python3.6/site-packages/airflow/example_dags/example_complex.py took 0.139 seconds
[2022-06-21 07:29:30,510] {scheduler_job.py:182} INFO - Started process (PID=81) to work on /home/airflow/.local/lib/python3.6/site-packages/airflow/example_dags/example_complex.py
[2022-06-21 07:29:30,512] {scheduler_job.py:633} INFO - Processing file /home/airflow/.local/lib/python3.6/site-packages/airflow/example_dags/example_complex.py for tasks to queue
[2022-06-21 07:29:30,513] {logging_mixin.py:104} INFO - [2022-06-21 07:29:30,513] {dagbag.py:487} INFO - Filling up the DagBag from /home/airflow/.local/lib/python3.6/site-packages/airflow/example_dags/example_complex.py
[2022-06-21 07:29:30,537] {scheduler_job.py:643} INFO - DAG(s) dict_keys(['example_complex']) retrieved from /home/airflow/.local/lib/python3.6/site-packages/airflow/example_dags/example_complex.py
[2022-06-21 07:29:30,564] {logging_mixin.py:104} INFO - [2022-06-21 07:29:30,564] {dag.py:1832} INFO - Sync 1 DAGs
[2022-06-21 07:29:30,579] {logging_mixin.py:104} INFO - [2022-06-21 07:29:30,579] {dag.py:2305} INFO - Setting next_dagrun for example_complex to None
[2022-06-21 07:29:30,590] {scheduler_job.py:190} INFO - Processing /home/airflow/.local/lib/python3.6/site-packages/airflow/example_dags/example_complex.py took 0.083 seconds
[2022-06-21 07:30:00,923] {scheduler_job.py:182} INFO - Started process (PID=147) to work on /home/airflow/.local/lib/python3.6/site-packages/airflow/example_dags/example_complex.py
[2022-06-21 07:30:00,925] {scheduler_job.py:633} INFO - Processing file /home/airflow/.local/lib/python3.6/site-packages/airflow/example_dags/example_complex.py for tasks to queue
[2022-06-21 07:30:00,926] {logging_mixin.py:104} INFO - [2022-06-21 07:30:00,926] {dagbag.py:487} INFO - Filling up the DagBag from /home/airflow/.local/lib/python3.6/site-packages/airflow/example_dags/example_complex.py
[2022-06-21 07:30:00,951] {scheduler_job.py:643} INFO - DAG(s) dict_keys(['example_complex']) retrieved from /home/airflow/.local/lib/python3.6/site-packages/airflow/example_dags/example_complex.py
[2022-06-21 07:30:00,975] {logging_mixin.py:104} INFO - [2022-06-21 07:30:00,974] {dag.py:1832} INFO - Sync 1 DAGs
[2022-06-21 07:30:00,989] {logging_mixin.py:104} INFO - [2022-06-21 07:30:00,989] {dag.py:2305} INFO - Setting next_dagrun for example_complex to None
[2022-06-21 07:30:00,999] {scheduler_job.py:190} INFO - Processing /home/airflow/.local/lib/python3.6/site-packages/airflow/example_dags/example_complex.py took 0.080 seconds
[2022-06-21 07:30:31,358] {scheduler_job.py:182} INFO - Started process (PID=224) to work on /home/airflow/.local/lib/python3.6/site-packages/airflow/example_dags/example_complex.py
[2022-06-21 07:30:31,361] {scheduler_job.py:633} INFO - Processing file /home/airflow/.local/lib/python3.6/site-packages/airflow/example_dags/example_complex.py for tasks to queue
[2022-06-21 07:30:31,363] {logging_mixin.py:104} INFO - [2022-06-21 07:30:31,363] {dagbag.py:487} INFO - Filling up the DagBag from /home/airflow/.local/lib/python3.6/site-packages/airflow/example_dags/example_complex.py
[2022-06-21 07:30:31,389] {scheduler_job.py:643} INFO - DAG(s) dict_keys(['example_complex']) retrieved from /home/airflow/.local/lib/python3.6/site-packages/airflow/example_dags/example_complex.py
[2022-06-21 07:30:31,416] {logging_mixin.py:104} INFO - [2022-06-21 07:30:31,416] {dag.py:1832} INFO - Sync 1 DAGs
[2022-06-21 07:30:31,430] {logging_mixin.py:104} INFO - [2022-06-21 07:30:31,430] {dag.py:2305} INFO - Setting next_dagrun for example_complex to None
[2022-06-21 07:30:31,443] {scheduler_job.py:190} INFO - Processing /home/airflow/.local/lib/python3.6/site-packages/airflow/example_dags/example_complex.py took 0.088 seconds
[2022-06-21 07:31:36,776] {scheduler_job.py:182} INFO - Started process (PID=88) to work on /home/airflow/.local/lib/python3.6/site-packages/airflow/example_dags/example_complex.py
[2022-06-21 07:31:36,779] {scheduler_job.py:633} INFO - Processing file /home/airflow/.local/lib/python3.6/site-packages/airflow/example_dags/example_complex.py for tasks to queue
[2022-06-21 07:31:36,780] {logging_mixin.py:104} INFO - [2022-06-21 07:31:36,780] {dagbag.py:487} INFO - Filling up the DagBag from /home/airflow/.local/lib/python3.6/site-packages/airflow/example_dags/example_complex.py
[2022-06-21 07:31:36,811] {scheduler_job.py:643} INFO - DAG(s) dict_keys(['example_complex']) retrieved from /home/airflow/.local/lib/python3.6/site-packages/airflow/example_dags/example_complex.py
[2022-06-21 07:31:36,842] {logging_mixin.py:104} INFO - [2022-06-21 07:31:36,842] {dag.py:1832} INFO - Sync 1 DAGs
[2022-06-21 07:31:36,859] {logging_mixin.py:104} INFO - [2022-06-21 07:31:36,859] {dag.py:2305} INFO - Setting next_dagrun for example_complex to None
[2022-06-21 07:31:36,869] {scheduler_job.py:190} INFO - Processing /home/airflow/.local/lib/python3.6/site-packages/airflow/example_dags/example_complex.py took 0.097 seconds
[2022-06-21 07:32:07,886] {scheduler_job.py:182} INFO - Started process (PID=151) to work on /home/airflow/.local/lib/python3.6/site-packages/airflow/example_dags/example_complex.py
[2022-06-21 07:32:07,888] {scheduler_job.py:633} INFO - Processing file /home/airflow/.local/lib/python3.6/site-packages/airflow/example_dags/example_complex.py for tasks to queue
[2022-06-21 07:32:07,889] {logging_mixin.py:104} INFO - [2022-06-21 07:32:07,889] {dagbag.py:487} INFO - Filling up the DagBag from /home/airflow/.local/lib/python3.6/site-packages/airflow/example_dags/example_complex.py
[2022-06-21 07:32:07,913] {scheduler_job.py:643} INFO - DAG(s) dict_keys(['example_complex']) retrieved from /home/airflow/.local/lib/python3.6/site-packages/airflow/example_dags/example_complex.py
[2022-06-21 07:32:07,941] {logging_mixin.py:104} INFO - [2022-06-21 07:32:07,941] {dag.py:1832} INFO - Sync 1 DAGs
[2022-06-21 07:32:07,958] {logging_mixin.py:104} INFO - [2022-06-21 07:32:07,958] {dag.py:2305} INFO - Setting next_dagrun for example_complex to None
[2022-06-21 07:32:07,969] {scheduler_job.py:190} INFO - Processing /home/airflow/.local/lib/python3.6/site-packages/airflow/example_dags/example_complex.py took 0.086 seconds
[2022-06-21 07:32:38,913] {scheduler_job.py:182} INFO - Started process (PID=239) to work on /home/airflow/.local/lib/python3.6/site-packages/airflow/example_dags/example_complex.py
[2022-06-21 07:32:38,920] {scheduler_job.py:633} INFO - Processing file /home/airflow/.local/lib/python3.6/site-packages/airflow/example_dags/example_complex.py for tasks to queue
[2022-06-21 07:32:38,924] {logging_mixin.py:104} INFO - [2022-06-21 07:32:38,924] {dagbag.py:487} INFO - Filling up the DagBag from /home/airflow/.local/lib/python3.6/site-packages/airflow/example_dags/example_complex.py
[2022-06-21 07:32:38,991] {scheduler_job.py:643} INFO - DAG(s) dict_keys(['example_complex']) retrieved from /home/airflow/.local/lib/python3.6/site-packages/airflow/example_dags/example_complex.py
[2022-06-21 07:32:39,043] {logging_mixin.py:104} INFO - [2022-06-21 07:32:39,042] {dag.py:1832} INFO - Sync 1 DAGs
[2022-06-21 07:32:39,091] {logging_mixin.py:104} INFO - [2022-06-21 07:32:39,091] {dag.py:2305} INFO - Setting next_dagrun for example_complex to None
[2022-06-21 07:32:39,113] {scheduler_job.py:190} INFO - Processing /home/airflow/.local/lib/python3.6/site-packages/airflow/example_dags/example_complex.py took 0.213 seconds
[2022-06-21 07:33:09,350] {scheduler_job.py:182} INFO - Started process (PID=300) to work on /home/airflow/.local/lib/python3.6/site-packages/airflow/example_dags/example_complex.py
[2022-06-21 07:33:09,352] {scheduler_job.py:633} INFO - Processing file /home/airflow/.local/lib/python3.6/site-packages/airflow/example_dags/example_complex.py for tasks to queue
[2022-06-21 07:33:09,353] {logging_mixin.py:104} INFO - [2022-06-21 07:33:09,353] {dagbag.py:487} INFO - Filling up the DagBag from /home/airflow/.local/lib/python3.6/site-packages/airflow/example_dags/example_complex.py
[2022-06-21 07:33:09,377] {scheduler_job.py:643} INFO - DAG(s) dict_keys(['example_complex']) retrieved from /home/airflow/.local/lib/python3.6/site-packages/airflow/example_dags/example_complex.py
[2022-06-21 07:33:09,401] {logging_mixin.py:104} INFO - [2022-06-21 07:33:09,401] {dag.py:1832} INFO - Sync 1 DAGs
[2022-06-21 07:33:09,416] {logging_mixin.py:104} INFO - [2022-06-21 07:33:09,416] {dag.py:2305} INFO - Setting next_dagrun for example_complex to None
[2022-06-21 07:33:09,426] {scheduler_job.py:190} INFO - Processing /home/airflow/.local/lib/python3.6/site-packages/airflow/example_dags/example_complex.py took 0.080 seconds
[2022-06-21 07:33:39,503] {scheduler_job.py:182} INFO - Started process (PID=376) to work on /home/airflow/.local/lib/python3.6/site-packages/airflow/example_dags/example_complex.py
[2022-06-21 07:33:39,505] {scheduler_job.py:633} INFO - Processing file /home/airflow/.local/lib/python3.6/site-packages/airflow/example_dags/example_complex.py for tasks to queue
[2022-06-21 07:33:39,506] {logging_mixin.py:104} INFO - [2022-06-21 07:33:39,506] {dagbag.py:487} INFO - Filling up the DagBag from /home/airflow/.local/lib/python3.6/site-packages/airflow/example_dags/example_complex.py
[2022-06-21 07:33:39,528] {scheduler_job.py:643} INFO - DAG(s) dict_keys(['example_complex']) retrieved from /home/airflow/.local/lib/python3.6/site-packages/airflow/example_dags/example_complex.py
[2022-06-21 07:33:39,553] {logging_mixin.py:104} INFO - [2022-06-21 07:33:39,553] {dag.py:1832} INFO - Sync 1 DAGs
[2022-06-21 07:33:39,566] {logging_mixin.py:104} INFO - [2022-06-21 07:33:39,566] {dag.py:2305} INFO - Setting next_dagrun for example_complex to None
[2022-06-21 07:33:39,576] {scheduler_job.py:190} INFO - Processing /home/airflow/.local/lib/python3.6/site-packages/airflow/example_dags/example_complex.py took 0.076 seconds
