[2022-06-21 06:56:19,251] {scheduler_job.py:182} INFO - Started process (PID=115) to work on /home/airflow/.local/lib/python3.6/site-packages/airflow/example_dags/example_branch_labels.py
[2022-06-21 06:56:19,254] {scheduler_job.py:633} INFO - Processing file /home/airflow/.local/lib/python3.6/site-packages/airflow/example_dags/example_branch_labels.py for tasks to queue
[2022-06-21 06:56:19,257] {logging_mixin.py:104} INFO - [2022-06-21 06:56:19,257] {dagbag.py:487} INFO - Filling up the DagBag from /home/airflow/.local/lib/python3.6/site-packages/airflow/example_dags/example_branch_labels.py
[2022-06-21 06:56:19,286] {scheduler_job.py:643} INFO - DAG(s) dict_keys(['example_branch_labels']) retrieved from /home/airflow/.local/lib/python3.6/site-packages/airflow/example_dags/example_branch_labels.py
[2022-06-21 06:56:26,887] {logging_mixin.py:104} INFO - [2022-06-21 06:56:26,885] {dag.py:1832} INFO - Sync 1 DAGs
[2022-06-21 06:56:26,908] {logging_mixin.py:104} INFO - [2022-06-21 06:56:26,906] {dag.py:1851} INFO - Creating ORM DAG for example_branch_labels
[2022-06-21 06:56:26,919] {logging_mixin.py:104} INFO - [2022-06-21 06:56:26,919] {dag.py:2305} INFO - Setting next_dagrun for example_branch_labels to 2022-06-19 00:00:00+00:00
[2022-06-21 06:56:26,938] {scheduler_job.py:190} INFO - Processing /home/airflow/.local/lib/python3.6/site-packages/airflow/example_dags/example_branch_labels.py took 7.694 seconds
[2022-06-21 06:58:06,981] {scheduler_job.py:182} INFO - Started process (PID=186) to work on /home/airflow/.local/lib/python3.6/site-packages/airflow/example_dags/example_branch_labels.py
[2022-06-21 06:58:06,992] {scheduler_job.py:633} INFO - Processing file /home/airflow/.local/lib/python3.6/site-packages/airflow/example_dags/example_branch_labels.py for tasks to queue
[2022-06-21 06:58:06,997] {logging_mixin.py:104} INFO - [2022-06-21 06:58:06,997] {dagbag.py:487} INFO - Filling up the DagBag from /home/airflow/.local/lib/python3.6/site-packages/airflow/example_dags/example_branch_labels.py
[2022-06-21 06:58:07,027] {scheduler_job.py:643} INFO - DAG(s) dict_keys(['example_branch_labels']) retrieved from /home/airflow/.local/lib/python3.6/site-packages/airflow/example_dags/example_branch_labels.py
[2022-06-21 06:58:07,092] {logging_mixin.py:104} INFO - [2022-06-21 06:58:07,092] {dag.py:1832} INFO - Sync 1 DAGs
[2022-06-21 06:58:07,148] {logging_mixin.py:104} INFO - [2022-06-21 06:58:07,148] {dag.py:2305} INFO - Setting next_dagrun for example_branch_labels to 2022-06-19 00:00:00+00:00
[2022-06-21 06:58:07,199] {scheduler_job.py:190} INFO - Processing /home/airflow/.local/lib/python3.6/site-packages/airflow/example_dags/example_branch_labels.py took 0.226 seconds
[2022-06-21 06:58:47,166] {scheduler_job.py:182} INFO - Started process (PID=264) to work on /home/airflow/.local/lib/python3.6/site-packages/airflow/example_dags/example_branch_labels.py
[2022-06-21 06:58:47,169] {scheduler_job.py:633} INFO - Processing file /home/airflow/.local/lib/python3.6/site-packages/airflow/example_dags/example_branch_labels.py for tasks to queue
[2022-06-21 06:58:47,171] {logging_mixin.py:104} INFO - [2022-06-21 06:58:47,171] {dagbag.py:487} INFO - Filling up the DagBag from /home/airflow/.local/lib/python3.6/site-packages/airflow/example_dags/example_branch_labels.py
[2022-06-21 06:58:47,192] {scheduler_job.py:643} INFO - DAG(s) dict_keys(['example_branch_labels']) retrieved from /home/airflow/.local/lib/python3.6/site-packages/airflow/example_dags/example_branch_labels.py
[2022-06-21 06:58:47,221] {logging_mixin.py:104} INFO - [2022-06-21 06:58:47,221] {dag.py:1832} INFO - Sync 1 DAGs
[2022-06-21 06:58:47,251] {logging_mixin.py:104} INFO - [2022-06-21 06:58:47,250] {dag.py:2305} INFO - Setting next_dagrun for example_branch_labels to 2022-06-19 00:00:00+00:00
[2022-06-21 06:58:47,273] {scheduler_job.py:190} INFO - Processing /home/airflow/.local/lib/python3.6/site-packages/airflow/example_dags/example_branch_labels.py took 0.112 seconds
[2022-06-21 06:59:17,570] {scheduler_job.py:182} INFO - Started process (PID=316) to work on /home/airflow/.local/lib/python3.6/site-packages/airflow/example_dags/example_branch_labels.py
[2022-06-21 06:59:17,573] {scheduler_job.py:633} INFO - Processing file /home/airflow/.local/lib/python3.6/site-packages/airflow/example_dags/example_branch_labels.py for tasks to queue
[2022-06-21 06:59:17,575] {logging_mixin.py:104} INFO - [2022-06-21 06:59:17,574] {dagbag.py:487} INFO - Filling up the DagBag from /home/airflow/.local/lib/python3.6/site-packages/airflow/example_dags/example_branch_labels.py
[2022-06-21 06:59:17,598] {scheduler_job.py:643} INFO - DAG(s) dict_keys(['example_branch_labels']) retrieved from /home/airflow/.local/lib/python3.6/site-packages/airflow/example_dags/example_branch_labels.py
[2022-06-21 06:59:17,640] {logging_mixin.py:104} INFO - [2022-06-21 06:59:17,640] {dag.py:1832} INFO - Sync 1 DAGs
[2022-06-21 06:59:17,660] {logging_mixin.py:104} INFO - [2022-06-21 06:59:17,660] {dag.py:2305} INFO - Setting next_dagrun for example_branch_labels to 2022-06-19 00:00:00+00:00
[2022-06-21 06:59:17,672] {scheduler_job.py:190} INFO - Processing /home/airflow/.local/lib/python3.6/site-packages/airflow/example_dags/example_branch_labels.py took 0.108 seconds
[2022-06-21 06:59:55,709] {scheduler_job.py:182} INFO - Started process (PID=360) to work on /home/airflow/.local/lib/python3.6/site-packages/airflow/example_dags/example_branch_labels.py
[2022-06-21 06:59:55,717] {scheduler_job.py:633} INFO - Processing file /home/airflow/.local/lib/python3.6/site-packages/airflow/example_dags/example_branch_labels.py for tasks to queue
[2022-06-21 06:59:55,721] {logging_mixin.py:104} INFO - [2022-06-21 06:59:55,721] {dagbag.py:487} INFO - Filling up the DagBag from /home/airflow/.local/lib/python3.6/site-packages/airflow/example_dags/example_branch_labels.py
[2022-06-21 06:59:55,757] {scheduler_job.py:643} INFO - DAG(s) dict_keys(['example_branch_labels']) retrieved from /home/airflow/.local/lib/python3.6/site-packages/airflow/example_dags/example_branch_labels.py
[2022-06-21 06:59:55,843] {logging_mixin.py:104} INFO - [2022-06-21 06:59:55,842] {dag.py:1832} INFO - Sync 1 DAGs
[2022-06-21 06:59:55,889] {logging_mixin.py:104} INFO - [2022-06-21 06:59:55,889] {dag.py:2305} INFO - Setting next_dagrun for example_branch_labels to 2022-06-19 00:00:00+00:00
[2022-06-21 06:59:55,909] {scheduler_job.py:190} INFO - Processing /home/airflow/.local/lib/python3.6/site-packages/airflow/example_dags/example_branch_labels.py took 0.206 seconds
[2022-06-21 07:00:25,973] {scheduler_job.py:182} INFO - Started process (PID=422) to work on /home/airflow/.local/lib/python3.6/site-packages/airflow/example_dags/example_branch_labels.py
[2022-06-21 07:00:25,976] {scheduler_job.py:633} INFO - Processing file /home/airflow/.local/lib/python3.6/site-packages/airflow/example_dags/example_branch_labels.py for tasks to queue
[2022-06-21 07:00:25,978] {logging_mixin.py:104} INFO - [2022-06-21 07:00:25,978] {dagbag.py:487} INFO - Filling up the DagBag from /home/airflow/.local/lib/python3.6/site-packages/airflow/example_dags/example_branch_labels.py
[2022-06-21 07:00:25,998] {scheduler_job.py:643} INFO - DAG(s) dict_keys(['example_branch_labels']) retrieved from /home/airflow/.local/lib/python3.6/site-packages/airflow/example_dags/example_branch_labels.py
[2022-06-21 07:00:26,037] {logging_mixin.py:104} INFO - [2022-06-21 07:00:26,037] {dag.py:1832} INFO - Sync 1 DAGs
[2022-06-21 07:00:26,064] {logging_mixin.py:104} INFO - [2022-06-21 07:00:26,064] {dag.py:2305} INFO - Setting next_dagrun for example_branch_labels to 2022-06-19 00:00:00+00:00
[2022-06-21 07:00:26,078] {scheduler_job.py:190} INFO - Processing /home/airflow/.local/lib/python3.6/site-packages/airflow/example_dags/example_branch_labels.py took 0.111 seconds
[2022-06-21 07:00:56,845] {scheduler_job.py:182} INFO - Started process (PID=483) to work on /home/airflow/.local/lib/python3.6/site-packages/airflow/example_dags/example_branch_labels.py
[2022-06-21 07:00:56,847] {scheduler_job.py:633} INFO - Processing file /home/airflow/.local/lib/python3.6/site-packages/airflow/example_dags/example_branch_labels.py for tasks to queue
[2022-06-21 07:00:56,849] {logging_mixin.py:104} INFO - [2022-06-21 07:00:56,849] {dagbag.py:487} INFO - Filling up the DagBag from /home/airflow/.local/lib/python3.6/site-packages/airflow/example_dags/example_branch_labels.py
[2022-06-21 07:00:56,867] {scheduler_job.py:643} INFO - DAG(s) dict_keys(['example_branch_labels']) retrieved from /home/airflow/.local/lib/python3.6/site-packages/airflow/example_dags/example_branch_labels.py
[2022-06-21 07:00:56,899] {logging_mixin.py:104} INFO - [2022-06-21 07:00:56,899] {dag.py:1832} INFO - Sync 1 DAGs
[2022-06-21 07:00:56,925] {logging_mixin.py:104} INFO - [2022-06-21 07:00:56,924] {dag.py:2305} INFO - Setting next_dagrun for example_branch_labels to 2022-06-19 00:00:00+00:00
[2022-06-21 07:00:56,937] {scheduler_job.py:190} INFO - Processing /home/airflow/.local/lib/python3.6/site-packages/airflow/example_dags/example_branch_labels.py took 0.101 seconds
[2022-06-21 07:01:27,507] {scheduler_job.py:182} INFO - Started process (PID=529) to work on /home/airflow/.local/lib/python3.6/site-packages/airflow/example_dags/example_branch_labels.py
[2022-06-21 07:01:27,512] {scheduler_job.py:633} INFO - Processing file /home/airflow/.local/lib/python3.6/site-packages/airflow/example_dags/example_branch_labels.py for tasks to queue
[2022-06-21 07:01:27,514] {logging_mixin.py:104} INFO - [2022-06-21 07:01:27,514] {dagbag.py:487} INFO - Filling up the DagBag from /home/airflow/.local/lib/python3.6/site-packages/airflow/example_dags/example_branch_labels.py
[2022-06-21 07:01:27,536] {scheduler_job.py:643} INFO - DAG(s) dict_keys(['example_branch_labels']) retrieved from /home/airflow/.local/lib/python3.6/site-packages/airflow/example_dags/example_branch_labels.py
[2022-06-21 07:01:27,576] {logging_mixin.py:104} INFO - [2022-06-21 07:01:27,576] {dag.py:1832} INFO - Sync 1 DAGs
[2022-06-21 07:01:27,611] {logging_mixin.py:104} INFO - [2022-06-21 07:01:27,611] {dag.py:2305} INFO - Setting next_dagrun for example_branch_labels to 2022-06-19 00:00:00+00:00
[2022-06-21 07:01:27,626] {scheduler_job.py:190} INFO - Processing /home/airflow/.local/lib/python3.6/site-packages/airflow/example_dags/example_branch_labels.py took 0.126 seconds
[2022-06-21 07:04:54,449] {scheduler_job.py:182} INFO - Started process (PID=66) to work on /home/airflow/.local/lib/python3.6/site-packages/airflow/example_dags/example_branch_labels.py
[2022-06-21 07:04:54,452] {scheduler_job.py:633} INFO - Processing file /home/airflow/.local/lib/python3.6/site-packages/airflow/example_dags/example_branch_labels.py for tasks to queue
[2022-06-21 07:04:54,454] {logging_mixin.py:104} INFO - [2022-06-21 07:04:54,454] {dagbag.py:487} INFO - Filling up the DagBag from /home/airflow/.local/lib/python3.6/site-packages/airflow/example_dags/example_branch_labels.py
[2022-06-21 07:04:54,485] {scheduler_job.py:643} INFO - DAG(s) dict_keys(['example_branch_labels']) retrieved from /home/airflow/.local/lib/python3.6/site-packages/airflow/example_dags/example_branch_labels.py
[2022-06-21 07:04:54,561] {logging_mixin.py:104} INFO - [2022-06-21 07:04:54,560] {dag.py:1832} INFO - Sync 1 DAGs
[2022-06-21 07:04:54,616] {logging_mixin.py:104} INFO - [2022-06-21 07:04:54,615] {dag.py:2305} INFO - Setting next_dagrun for example_branch_labels to 2022-06-19 00:00:00+00:00
[2022-06-21 07:04:54,658] {scheduler_job.py:190} INFO - Processing /home/airflow/.local/lib/python3.6/site-packages/airflow/example_dags/example_branch_labels.py took 0.215 seconds
[2022-06-21 07:05:37,816] {scheduler_job.py:182} INFO - Started process (PID=129) to work on /home/airflow/.local/lib/python3.6/site-packages/airflow/example_dags/example_branch_labels.py
[2022-06-21 07:05:37,818] {scheduler_job.py:633} INFO - Processing file /home/airflow/.local/lib/python3.6/site-packages/airflow/example_dags/example_branch_labels.py for tasks to queue
[2022-06-21 07:05:37,820] {logging_mixin.py:104} INFO - [2022-06-21 07:05:37,820] {dagbag.py:487} INFO - Filling up the DagBag from /home/airflow/.local/lib/python3.6/site-packages/airflow/example_dags/example_branch_labels.py
[2022-06-21 07:05:37,835] {scheduler_job.py:643} INFO - DAG(s) dict_keys(['example_branch_labels']) retrieved from /home/airflow/.local/lib/python3.6/site-packages/airflow/example_dags/example_branch_labels.py
[2022-06-21 07:05:37,865] {logging_mixin.py:104} INFO - [2022-06-21 07:05:37,865] {dag.py:1832} INFO - Sync 1 DAGs
[2022-06-21 07:05:37,885] {logging_mixin.py:104} INFO - [2022-06-21 07:05:37,885] {dag.py:2305} INFO - Setting next_dagrun for example_branch_labels to 2022-06-19 00:00:00+00:00
[2022-06-21 07:05:37,905] {scheduler_job.py:190} INFO - Processing /home/airflow/.local/lib/python3.6/site-packages/airflow/example_dags/example_branch_labels.py took 0.093 seconds
[2022-06-21 07:06:08,047] {scheduler_job.py:182} INFO - Started process (PID=182) to work on /home/airflow/.local/lib/python3.6/site-packages/airflow/example_dags/example_branch_labels.py
[2022-06-21 07:06:08,049] {scheduler_job.py:633} INFO - Processing file /home/airflow/.local/lib/python3.6/site-packages/airflow/example_dags/example_branch_labels.py for tasks to queue
[2022-06-21 07:06:08,051] {logging_mixin.py:104} INFO - [2022-06-21 07:06:08,051] {dagbag.py:487} INFO - Filling up the DagBag from /home/airflow/.local/lib/python3.6/site-packages/airflow/example_dags/example_branch_labels.py
[2022-06-21 07:06:08,080] {scheduler_job.py:643} INFO - DAG(s) dict_keys(['example_branch_labels']) retrieved from /home/airflow/.local/lib/python3.6/site-packages/airflow/example_dags/example_branch_labels.py
[2022-06-21 07:06:08,128] {logging_mixin.py:104} INFO - [2022-06-21 07:06:08,127] {dag.py:1832} INFO - Sync 1 DAGs
[2022-06-21 07:06:08,154] {logging_mixin.py:104} INFO - [2022-06-21 07:06:08,153] {dag.py:2305} INFO - Setting next_dagrun for example_branch_labels to 2022-06-19 00:00:00+00:00
[2022-06-21 07:06:08,168] {scheduler_job.py:190} INFO - Processing /home/airflow/.local/lib/python3.6/site-packages/airflow/example_dags/example_branch_labels.py took 0.125 seconds
[2022-06-21 07:06:38,221] {scheduler_job.py:182} INFO - Started process (PID=243) to work on /home/airflow/.local/lib/python3.6/site-packages/airflow/example_dags/example_branch_labels.py
[2022-06-21 07:06:38,225] {scheduler_job.py:633} INFO - Processing file /home/airflow/.local/lib/python3.6/site-packages/airflow/example_dags/example_branch_labels.py for tasks to queue
[2022-06-21 07:06:38,227] {logging_mixin.py:104} INFO - [2022-06-21 07:06:38,227] {dagbag.py:487} INFO - Filling up the DagBag from /home/airflow/.local/lib/python3.6/site-packages/airflow/example_dags/example_branch_labels.py
[2022-06-21 07:06:38,245] {scheduler_job.py:643} INFO - DAG(s) dict_keys(['example_branch_labels']) retrieved from /home/airflow/.local/lib/python3.6/site-packages/airflow/example_dags/example_branch_labels.py
[2022-06-21 07:06:38,289] {logging_mixin.py:104} INFO - [2022-06-21 07:06:38,288] {dag.py:1832} INFO - Sync 1 DAGs
[2022-06-21 07:06:38,324] {logging_mixin.py:104} INFO - [2022-06-21 07:06:38,323] {dag.py:2305} INFO - Setting next_dagrun for example_branch_labels to 2022-06-19 00:00:00+00:00
[2022-06-21 07:06:38,341] {scheduler_job.py:190} INFO - Processing /home/airflow/.local/lib/python3.6/site-packages/airflow/example_dags/example_branch_labels.py took 0.124 seconds
[2022-06-21 07:07:22,678] {scheduler_job.py:182} INFO - Started process (PID=306) to work on /home/airflow/.local/lib/python3.6/site-packages/airflow/example_dags/example_branch_labels.py
[2022-06-21 07:07:22,682] {scheduler_job.py:633} INFO - Processing file /home/airflow/.local/lib/python3.6/site-packages/airflow/example_dags/example_branch_labels.py for tasks to queue
[2022-06-21 07:07:22,687] {logging_mixin.py:104} INFO - [2022-06-21 07:07:22,687] {dagbag.py:487} INFO - Filling up the DagBag from /home/airflow/.local/lib/python3.6/site-packages/airflow/example_dags/example_branch_labels.py
[2022-06-21 07:07:22,725] {scheduler_job.py:643} INFO - DAG(s) dict_keys(['example_branch_labels']) retrieved from /home/airflow/.local/lib/python3.6/site-packages/airflow/example_dags/example_branch_labels.py
[2022-06-21 07:07:22,770] {logging_mixin.py:104} INFO - [2022-06-21 07:07:22,770] {dag.py:1832} INFO - Sync 1 DAGs
[2022-06-21 07:07:22,805] {logging_mixin.py:104} INFO - [2022-06-21 07:07:22,805] {dag.py:2305} INFO - Setting next_dagrun for example_branch_labels to 2022-06-19 00:00:00+00:00
[2022-06-21 07:07:22,819] {scheduler_job.py:190} INFO - Processing /home/airflow/.local/lib/python3.6/site-packages/airflow/example_dags/example_branch_labels.py took 0.150 seconds
[2022-06-21 07:07:53,127] {scheduler_job.py:182} INFO - Started process (PID=368) to work on /home/airflow/.local/lib/python3.6/site-packages/airflow/example_dags/example_branch_labels.py
[2022-06-21 07:07:53,129] {scheduler_job.py:633} INFO - Processing file /home/airflow/.local/lib/python3.6/site-packages/airflow/example_dags/example_branch_labels.py for tasks to queue
[2022-06-21 07:07:53,130] {logging_mixin.py:104} INFO - [2022-06-21 07:07:53,130] {dagbag.py:487} INFO - Filling up the DagBag from /home/airflow/.local/lib/python3.6/site-packages/airflow/example_dags/example_branch_labels.py
[2022-06-21 07:07:53,154] {scheduler_job.py:643} INFO - DAG(s) dict_keys(['example_branch_labels']) retrieved from /home/airflow/.local/lib/python3.6/site-packages/airflow/example_dags/example_branch_labels.py
[2022-06-21 07:07:53,177] {logging_mixin.py:104} INFO - [2022-06-21 07:07:53,177] {dag.py:1832} INFO - Sync 1 DAGs
[2022-06-21 07:07:53,197] {logging_mixin.py:104} INFO - [2022-06-21 07:07:53,197] {dag.py:2305} INFO - Setting next_dagrun for example_branch_labels to 2022-06-19 00:00:00+00:00
[2022-06-21 07:07:53,206] {scheduler_job.py:190} INFO - Processing /home/airflow/.local/lib/python3.6/site-packages/airflow/example_dags/example_branch_labels.py took 0.083 seconds
[2022-06-21 07:08:23,934] {scheduler_job.py:182} INFO - Started process (PID=447) to work on /home/airflow/.local/lib/python3.6/site-packages/airflow/example_dags/example_branch_labels.py
[2022-06-21 07:08:23,936] {scheduler_job.py:633} INFO - Processing file /home/airflow/.local/lib/python3.6/site-packages/airflow/example_dags/example_branch_labels.py for tasks to queue
[2022-06-21 07:08:23,939] {logging_mixin.py:104} INFO - [2022-06-21 07:08:23,938] {dagbag.py:487} INFO - Filling up the DagBag from /home/airflow/.local/lib/python3.6/site-packages/airflow/example_dags/example_branch_labels.py
[2022-06-21 07:08:23,962] {scheduler_job.py:643} INFO - DAG(s) dict_keys(['example_branch_labels']) retrieved from /home/airflow/.local/lib/python3.6/site-packages/airflow/example_dags/example_branch_labels.py
[2022-06-21 07:08:23,991] {logging_mixin.py:104} INFO - [2022-06-21 07:08:23,991] {dag.py:1832} INFO - Sync 1 DAGs
[2022-06-21 07:08:24,021] {logging_mixin.py:104} INFO - [2022-06-21 07:08:24,021] {dag.py:2305} INFO - Setting next_dagrun for example_branch_labels to 2022-06-19 00:00:00+00:00
[2022-06-21 07:08:24,035] {scheduler_job.py:190} INFO - Processing /home/airflow/.local/lib/python3.6/site-packages/airflow/example_dags/example_branch_labels.py took 0.107 seconds
[2022-06-21 07:08:54,465] {scheduler_job.py:182} INFO - Started process (PID=509) to work on /home/airflow/.local/lib/python3.6/site-packages/airflow/example_dags/example_branch_labels.py
[2022-06-21 07:08:54,467] {scheduler_job.py:633} INFO - Processing file /home/airflow/.local/lib/python3.6/site-packages/airflow/example_dags/example_branch_labels.py for tasks to queue
[2022-06-21 07:08:54,468] {logging_mixin.py:104} INFO - [2022-06-21 07:08:54,468] {dagbag.py:487} INFO - Filling up the DagBag from /home/airflow/.local/lib/python3.6/site-packages/airflow/example_dags/example_branch_labels.py
[2022-06-21 07:08:54,487] {scheduler_job.py:643} INFO - DAG(s) dict_keys(['example_branch_labels']) retrieved from /home/airflow/.local/lib/python3.6/site-packages/airflow/example_dags/example_branch_labels.py
[2022-06-21 07:08:54,515] {logging_mixin.py:104} INFO - [2022-06-21 07:08:54,515] {dag.py:1832} INFO - Sync 1 DAGs
[2022-06-21 07:08:54,540] {logging_mixin.py:104} INFO - [2022-06-21 07:08:54,539] {dag.py:2305} INFO - Setting next_dagrun for example_branch_labels to 2022-06-19 00:00:00+00:00
[2022-06-21 07:08:54,550] {scheduler_job.py:190} INFO - Processing /home/airflow/.local/lib/python3.6/site-packages/airflow/example_dags/example_branch_labels.py took 0.088 seconds
[2022-06-21 07:11:10,063] {scheduler_job.py:182} INFO - Started process (PID=66) to work on /home/airflow/.local/lib/python3.6/site-packages/airflow/example_dags/example_branch_labels.py
[2022-06-21 07:11:10,068] {scheduler_job.py:633} INFO - Processing file /home/airflow/.local/lib/python3.6/site-packages/airflow/example_dags/example_branch_labels.py for tasks to queue
[2022-06-21 07:11:10,072] {logging_mixin.py:104} INFO - [2022-06-21 07:11:10,071] {dagbag.py:487} INFO - Filling up the DagBag from /home/airflow/.local/lib/python3.6/site-packages/airflow/example_dags/example_branch_labels.py
[2022-06-21 07:11:10,097] {scheduler_job.py:643} INFO - DAG(s) dict_keys(['example_branch_labels']) retrieved from /home/airflow/.local/lib/python3.6/site-packages/airflow/example_dags/example_branch_labels.py
[2022-06-21 07:11:10,187] {logging_mixin.py:104} INFO - [2022-06-21 07:11:10,187] {dag.py:1832} INFO - Sync 1 DAGs
[2022-06-21 07:11:10,217] {logging_mixin.py:104} INFO - [2022-06-21 07:11:10,217] {dag.py:2305} INFO - Setting next_dagrun for example_branch_labels to 2022-06-19 00:00:00+00:00
[2022-06-21 07:11:10,242] {scheduler_job.py:190} INFO - Processing /home/airflow/.local/lib/python3.6/site-packages/airflow/example_dags/example_branch_labels.py took 0.193 seconds
[2022-06-21 07:11:46,257] {scheduler_job.py:182} INFO - Started process (PID=117) to work on /home/airflow/.local/lib/python3.6/site-packages/airflow/example_dags/example_branch_labels.py
[2022-06-21 07:11:46,259] {scheduler_job.py:633} INFO - Processing file /home/airflow/.local/lib/python3.6/site-packages/airflow/example_dags/example_branch_labels.py for tasks to queue
[2022-06-21 07:11:46,261] {logging_mixin.py:104} INFO - [2022-06-21 07:11:46,261] {dagbag.py:487} INFO - Filling up the DagBag from /home/airflow/.local/lib/python3.6/site-packages/airflow/example_dags/example_branch_labels.py
[2022-06-21 07:11:46,277] {scheduler_job.py:643} INFO - DAG(s) dict_keys(['example_branch_labels']) retrieved from /home/airflow/.local/lib/python3.6/site-packages/airflow/example_dags/example_branch_labels.py
[2022-06-21 07:11:46,305] {logging_mixin.py:104} INFO - [2022-06-21 07:11:46,305] {dag.py:1832} INFO - Sync 1 DAGs
[2022-06-21 07:11:46,324] {logging_mixin.py:104} INFO - [2022-06-21 07:11:46,324] {dag.py:2305} INFO - Setting next_dagrun for example_branch_labels to 2022-06-19 00:00:00+00:00
[2022-06-21 07:11:46,334] {scheduler_job.py:190} INFO - Processing /home/airflow/.local/lib/python3.6/site-packages/airflow/example_dags/example_branch_labels.py took 0.080 seconds
[2022-06-21 07:12:18,228] {scheduler_job.py:182} INFO - Started process (PID=164) to work on /home/airflow/.local/lib/python3.6/site-packages/airflow/example_dags/example_branch_labels.py
[2022-06-21 07:12:18,230] {scheduler_job.py:633} INFO - Processing file /home/airflow/.local/lib/python3.6/site-packages/airflow/example_dags/example_branch_labels.py for tasks to queue
[2022-06-21 07:12:18,231] {logging_mixin.py:104} INFO - [2022-06-21 07:12:18,231] {dagbag.py:487} INFO - Filling up the DagBag from /home/airflow/.local/lib/python3.6/site-packages/airflow/example_dags/example_branch_labels.py
[2022-06-21 07:12:18,247] {scheduler_job.py:643} INFO - DAG(s) dict_keys(['example_branch_labels']) retrieved from /home/airflow/.local/lib/python3.6/site-packages/airflow/example_dags/example_branch_labels.py
[2022-06-21 07:12:18,281] {logging_mixin.py:104} INFO - [2022-06-21 07:12:18,281] {dag.py:1832} INFO - Sync 1 DAGs
[2022-06-21 07:12:18,302] {logging_mixin.py:104} INFO - [2022-06-21 07:12:18,302] {dag.py:2305} INFO - Setting next_dagrun for example_branch_labels to 2022-06-19 00:00:00+00:00
[2022-06-21 07:12:18,312] {scheduler_job.py:190} INFO - Processing /home/airflow/.local/lib/python3.6/site-packages/airflow/example_dags/example_branch_labels.py took 0.089 seconds
[2022-06-21 07:12:58,067] {scheduler_job.py:182} INFO - Started process (PID=210) to work on /home/airflow/.local/lib/python3.6/site-packages/airflow/example_dags/example_branch_labels.py
[2022-06-21 07:12:58,069] {scheduler_job.py:633} INFO - Processing file /home/airflow/.local/lib/python3.6/site-packages/airflow/example_dags/example_branch_labels.py for tasks to queue
[2022-06-21 07:12:58,071] {logging_mixin.py:104} INFO - [2022-06-21 07:12:58,070] {dagbag.py:487} INFO - Filling up the DagBag from /home/airflow/.local/lib/python3.6/site-packages/airflow/example_dags/example_branch_labels.py
[2022-06-21 07:12:58,086] {scheduler_job.py:643} INFO - DAG(s) dict_keys(['example_branch_labels']) retrieved from /home/airflow/.local/lib/python3.6/site-packages/airflow/example_dags/example_branch_labels.py
[2022-06-21 07:12:58,117] {logging_mixin.py:104} INFO - [2022-06-21 07:12:58,117] {dag.py:1832} INFO - Sync 1 DAGs
[2022-06-21 07:12:58,148] {logging_mixin.py:104} INFO - [2022-06-21 07:12:58,148] {dag.py:2305} INFO - Setting next_dagrun for example_branch_labels to 2022-06-19 00:00:00+00:00
[2022-06-21 07:12:58,167] {scheduler_job.py:190} INFO - Processing /home/airflow/.local/lib/python3.6/site-packages/airflow/example_dags/example_branch_labels.py took 0.104 seconds
[2022-06-21 07:14:41,876] {scheduler_job.py:182} INFO - Started process (PID=261) to work on /home/airflow/.local/lib/python3.6/site-packages/airflow/example_dags/example_branch_labels.py
[2022-06-21 07:14:41,880] {scheduler_job.py:633} INFO - Processing file /home/airflow/.local/lib/python3.6/site-packages/airflow/example_dags/example_branch_labels.py for tasks to queue
[2022-06-21 07:14:41,882] {logging_mixin.py:104} INFO - [2022-06-21 07:14:41,882] {dagbag.py:487} INFO - Filling up the DagBag from /home/airflow/.local/lib/python3.6/site-packages/airflow/example_dags/example_branch_labels.py
[2022-06-21 07:14:41,903] {scheduler_job.py:643} INFO - DAG(s) dict_keys(['example_branch_labels']) retrieved from /home/airflow/.local/lib/python3.6/site-packages/airflow/example_dags/example_branch_labels.py
[2022-06-21 07:14:41,932] {logging_mixin.py:104} INFO - [2022-06-21 07:14:41,932] {dag.py:1832} INFO - Sync 1 DAGs
[2022-06-21 07:14:41,963] {logging_mixin.py:104} INFO - [2022-06-21 07:14:41,963] {dag.py:2305} INFO - Setting next_dagrun for example_branch_labels to 2022-06-19 00:00:00+00:00
[2022-06-21 07:14:41,978] {scheduler_job.py:190} INFO - Processing /home/airflow/.local/lib/python3.6/site-packages/airflow/example_dags/example_branch_labels.py took 0.107 seconds
[2022-06-21 07:15:33,861] {scheduler_job.py:182} INFO - Started process (PID=318) to work on /home/airflow/.local/lib/python3.6/site-packages/airflow/example_dags/example_branch_labels.py
[2022-06-21 07:15:33,865] {scheduler_job.py:633} INFO - Processing file /home/airflow/.local/lib/python3.6/site-packages/airflow/example_dags/example_branch_labels.py for tasks to queue
[2022-06-21 07:15:33,867] {logging_mixin.py:104} INFO - [2022-06-21 07:15:33,866] {dagbag.py:487} INFO - Filling up the DagBag from /home/airflow/.local/lib/python3.6/site-packages/airflow/example_dags/example_branch_labels.py
[2022-06-21 07:15:33,882] {scheduler_job.py:643} INFO - DAG(s) dict_keys(['example_branch_labels']) retrieved from /home/airflow/.local/lib/python3.6/site-packages/airflow/example_dags/example_branch_labels.py
[2022-06-21 07:15:33,908] {logging_mixin.py:104} INFO - [2022-06-21 07:15:33,908] {dag.py:1832} INFO - Sync 1 DAGs
[2022-06-21 07:15:33,922] {logging_mixin.py:104} INFO - [2022-06-21 07:15:33,922] {dag.py:2305} INFO - Setting next_dagrun for example_branch_labels to 2022-06-19 00:00:00+00:00
[2022-06-21 07:15:33,935] {scheduler_job.py:190} INFO - Processing /home/airflow/.local/lib/python3.6/site-packages/airflow/example_dags/example_branch_labels.py took 0.082 seconds
[2022-06-21 07:16:10,018] {scheduler_job.py:182} INFO - Started process (PID=366) to work on /home/airflow/.local/lib/python3.6/site-packages/airflow/example_dags/example_branch_labels.py
[2022-06-21 07:16:10,021] {scheduler_job.py:633} INFO - Processing file /home/airflow/.local/lib/python3.6/site-packages/airflow/example_dags/example_branch_labels.py for tasks to queue
[2022-06-21 07:16:10,022] {logging_mixin.py:104} INFO - [2022-06-21 07:16:10,022] {dagbag.py:487} INFO - Filling up the DagBag from /home/airflow/.local/lib/python3.6/site-packages/airflow/example_dags/example_branch_labels.py
[2022-06-21 07:16:10,056] {scheduler_job.py:643} INFO - DAG(s) dict_keys(['example_branch_labels']) retrieved from /home/airflow/.local/lib/python3.6/site-packages/airflow/example_dags/example_branch_labels.py
[2022-06-21 07:16:10,120] {logging_mixin.py:104} INFO - [2022-06-21 07:16:10,120] {dag.py:1832} INFO - Sync 1 DAGs
[2022-06-21 07:16:10,152] {logging_mixin.py:104} INFO - [2022-06-21 07:16:10,152] {dag.py:2305} INFO - Setting next_dagrun for example_branch_labels to 2022-06-19 00:00:00+00:00
[2022-06-21 07:16:10,164] {scheduler_job.py:190} INFO - Processing /home/airflow/.local/lib/python3.6/site-packages/airflow/example_dags/example_branch_labels.py took 0.151 seconds
[2022-06-21 07:16:49,219] {scheduler_job.py:182} INFO - Started process (PID=439) to work on /home/airflow/.local/lib/python3.6/site-packages/airflow/example_dags/example_branch_labels.py
[2022-06-21 07:16:49,222] {scheduler_job.py:633} INFO - Processing file /home/airflow/.local/lib/python3.6/site-packages/airflow/example_dags/example_branch_labels.py for tasks to queue
[2022-06-21 07:16:49,225] {logging_mixin.py:104} INFO - [2022-06-21 07:16:49,224] {dagbag.py:487} INFO - Filling up the DagBag from /home/airflow/.local/lib/python3.6/site-packages/airflow/example_dags/example_branch_labels.py
[2022-06-21 07:16:49,248] {scheduler_job.py:643} INFO - DAG(s) dict_keys(['example_branch_labels']) retrieved from /home/airflow/.local/lib/python3.6/site-packages/airflow/example_dags/example_branch_labels.py
[2022-06-21 07:16:49,281] {logging_mixin.py:104} INFO - [2022-06-21 07:16:49,281] {dag.py:1832} INFO - Sync 1 DAGs
[2022-06-21 07:16:49,301] {logging_mixin.py:104} INFO - [2022-06-21 07:16:49,301] {dag.py:2305} INFO - Setting next_dagrun for example_branch_labels to 2022-06-19 00:00:00+00:00
[2022-06-21 07:16:49,314] {scheduler_job.py:190} INFO - Processing /home/airflow/.local/lib/python3.6/site-packages/airflow/example_dags/example_branch_labels.py took 0.099 seconds
[2022-06-21 07:17:20,319] {scheduler_job.py:182} INFO - Started process (PID=497) to work on /home/airflow/.local/lib/python3.6/site-packages/airflow/example_dags/example_branch_labels.py
[2022-06-21 07:17:20,321] {scheduler_job.py:633} INFO - Processing file /home/airflow/.local/lib/python3.6/site-packages/airflow/example_dags/example_branch_labels.py for tasks to queue
[2022-06-21 07:17:20,323] {logging_mixin.py:104} INFO - [2022-06-21 07:17:20,322] {dagbag.py:487} INFO - Filling up the DagBag from /home/airflow/.local/lib/python3.6/site-packages/airflow/example_dags/example_branch_labels.py
[2022-06-21 07:17:20,337] {scheduler_job.py:643} INFO - DAG(s) dict_keys(['example_branch_labels']) retrieved from /home/airflow/.local/lib/python3.6/site-packages/airflow/example_dags/example_branch_labels.py
[2022-06-21 07:17:20,360] {logging_mixin.py:104} INFO - [2022-06-21 07:17:20,360] {dag.py:1832} INFO - Sync 1 DAGs
[2022-06-21 07:17:20,377] {logging_mixin.py:104} INFO - [2022-06-21 07:17:20,377] {dag.py:2305} INFO - Setting next_dagrun for example_branch_labels to 2022-06-19 00:00:00+00:00
[2022-06-21 07:17:20,387] {scheduler_job.py:190} INFO - Processing /home/airflow/.local/lib/python3.6/site-packages/airflow/example_dags/example_branch_labels.py took 0.071 seconds
[2022-06-21 07:20:39,683] {scheduler_job.py:182} INFO - Started process (PID=70) to work on /home/airflow/.local/lib/python3.6/site-packages/airflow/example_dags/example_branch_labels.py
[2022-06-21 07:20:39,692] {scheduler_job.py:633} INFO - Processing file /home/airflow/.local/lib/python3.6/site-packages/airflow/example_dags/example_branch_labels.py for tasks to queue
[2022-06-21 07:20:39,697] {logging_mixin.py:104} INFO - [2022-06-21 07:20:39,697] {dagbag.py:487} INFO - Filling up the DagBag from /home/airflow/.local/lib/python3.6/site-packages/airflow/example_dags/example_branch_labels.py
[2022-06-21 07:20:39,725] {scheduler_job.py:643} INFO - DAG(s) dict_keys(['example_branch_labels']) retrieved from /home/airflow/.local/lib/python3.6/site-packages/airflow/example_dags/example_branch_labels.py
[2022-06-21 07:20:39,774] {logging_mixin.py:104} INFO - [2022-06-21 07:20:39,774] {dag.py:1832} INFO - Sync 1 DAGs
[2022-06-21 07:20:39,804] {logging_mixin.py:104} INFO - [2022-06-21 07:20:39,803] {dag.py:2305} INFO - Setting next_dagrun for example_branch_labels to 2022-06-19 00:00:00+00:00
[2022-06-21 07:20:39,817] {scheduler_job.py:190} INFO - Processing /home/airflow/.local/lib/python3.6/site-packages/airflow/example_dags/example_branch_labels.py took 0.139 seconds
[2022-06-21 07:21:10,996] {scheduler_job.py:182} INFO - Started process (PID=113) to work on /home/airflow/.local/lib/python3.6/site-packages/airflow/example_dags/example_branch_labels.py
[2022-06-21 07:21:10,999] {scheduler_job.py:633} INFO - Processing file /home/airflow/.local/lib/python3.6/site-packages/airflow/example_dags/example_branch_labels.py for tasks to queue
[2022-06-21 07:21:11,001] {logging_mixin.py:104} INFO - [2022-06-21 07:21:11,001] {dagbag.py:487} INFO - Filling up the DagBag from /home/airflow/.local/lib/python3.6/site-packages/airflow/example_dags/example_branch_labels.py
[2022-06-21 07:21:11,022] {scheduler_job.py:643} INFO - DAG(s) dict_keys(['example_branch_labels']) retrieved from /home/airflow/.local/lib/python3.6/site-packages/airflow/example_dags/example_branch_labels.py
[2022-06-21 07:21:11,054] {logging_mixin.py:104} INFO - [2022-06-21 07:21:11,054] {dag.py:1832} INFO - Sync 1 DAGs
[2022-06-21 07:21:11,077] {logging_mixin.py:104} INFO - [2022-06-21 07:21:11,077] {dag.py:2305} INFO - Setting next_dagrun for example_branch_labels to 2022-06-19 00:00:00+00:00
[2022-06-21 07:21:11,088] {scheduler_job.py:190} INFO - Processing /home/airflow/.local/lib/python3.6/site-packages/airflow/example_dags/example_branch_labels.py took 0.097 seconds
[2022-06-21 07:21:48,159] {scheduler_job.py:182} INFO - Started process (PID=175) to work on /home/airflow/.local/lib/python3.6/site-packages/airflow/example_dags/example_branch_labels.py
[2022-06-21 07:21:48,163] {scheduler_job.py:633} INFO - Processing file /home/airflow/.local/lib/python3.6/site-packages/airflow/example_dags/example_branch_labels.py for tasks to queue
[2022-06-21 07:21:48,166] {logging_mixin.py:104} INFO - [2022-06-21 07:21:48,166] {dagbag.py:487} INFO - Filling up the DagBag from /home/airflow/.local/lib/python3.6/site-packages/airflow/example_dags/example_branch_labels.py
[2022-06-21 07:21:48,188] {scheduler_job.py:643} INFO - DAG(s) dict_keys(['example_branch_labels']) retrieved from /home/airflow/.local/lib/python3.6/site-packages/airflow/example_dags/example_branch_labels.py
[2022-06-21 07:21:48,222] {logging_mixin.py:104} INFO - [2022-06-21 07:21:48,222] {dag.py:1832} INFO - Sync 1 DAGs
[2022-06-21 07:21:48,244] {logging_mixin.py:104} INFO - [2022-06-21 07:21:48,244] {dag.py:2305} INFO - Setting next_dagrun for example_branch_labels to 2022-06-19 00:00:00+00:00
[2022-06-21 07:21:48,253] {scheduler_job.py:190} INFO - Processing /home/airflow/.local/lib/python3.6/site-packages/airflow/example_dags/example_branch_labels.py took 0.098 seconds
[2022-06-21 07:22:24,779] {scheduler_job.py:182} INFO - Started process (PID=236) to work on /home/airflow/.local/lib/python3.6/site-packages/airflow/example_dags/example_branch_labels.py
[2022-06-21 07:22:24,783] {scheduler_job.py:633} INFO - Processing file /home/airflow/.local/lib/python3.6/site-packages/airflow/example_dags/example_branch_labels.py for tasks to queue
[2022-06-21 07:22:24,788] {logging_mixin.py:104} INFO - [2022-06-21 07:22:24,787] {dagbag.py:487} INFO - Filling up the DagBag from /home/airflow/.local/lib/python3.6/site-packages/airflow/example_dags/example_branch_labels.py
[2022-06-21 07:22:24,829] {scheduler_job.py:643} INFO - DAG(s) dict_keys(['example_branch_labels']) retrieved from /home/airflow/.local/lib/python3.6/site-packages/airflow/example_dags/example_branch_labels.py
[2022-06-21 07:22:24,885] {logging_mixin.py:104} INFO - [2022-06-21 07:22:24,885] {dag.py:1832} INFO - Sync 1 DAGs
[2022-06-21 07:22:24,926] {logging_mixin.py:104} INFO - [2022-06-21 07:22:24,925] {dag.py:2305} INFO - Setting next_dagrun for example_branch_labels to 2022-06-19 00:00:00+00:00
[2022-06-21 07:22:24,946] {scheduler_job.py:190} INFO - Processing /home/airflow/.local/lib/python3.6/site-packages/airflow/example_dags/example_branch_labels.py took 0.177 seconds
[2022-06-21 07:23:06,299] {scheduler_job.py:182} INFO - Started process (PID=288) to work on /home/airflow/.local/lib/python3.6/site-packages/airflow/example_dags/example_branch_labels.py
[2022-06-21 07:23:06,303] {scheduler_job.py:633} INFO - Processing file /home/airflow/.local/lib/python3.6/site-packages/airflow/example_dags/example_branch_labels.py for tasks to queue
[2022-06-21 07:23:06,306] {logging_mixin.py:104} INFO - [2022-06-21 07:23:06,305] {dagbag.py:487} INFO - Filling up the DagBag from /home/airflow/.local/lib/python3.6/site-packages/airflow/example_dags/example_branch_labels.py
[2022-06-21 07:23:06,363] {scheduler_job.py:643} INFO - DAG(s) dict_keys(['example_branch_labels']) retrieved from /home/airflow/.local/lib/python3.6/site-packages/airflow/example_dags/example_branch_labels.py
[2022-06-21 07:23:06,413] {logging_mixin.py:104} INFO - [2022-06-21 07:23:06,412] {dag.py:1832} INFO - Sync 1 DAGs
[2022-06-21 07:23:06,446] {logging_mixin.py:104} INFO - [2022-06-21 07:23:06,446] {dag.py:2305} INFO - Setting next_dagrun for example_branch_labels to 2022-06-19 00:00:00+00:00
[2022-06-21 07:23:06,460] {scheduler_job.py:190} INFO - Processing /home/airflow/.local/lib/python3.6/site-packages/airflow/example_dags/example_branch_labels.py took 0.177 seconds
[2022-06-21 07:23:36,840] {scheduler_job.py:182} INFO - Started process (PID=349) to work on /home/airflow/.local/lib/python3.6/site-packages/airflow/example_dags/example_branch_labels.py
[2022-06-21 07:23:36,842] {scheduler_job.py:633} INFO - Processing file /home/airflow/.local/lib/python3.6/site-packages/airflow/example_dags/example_branch_labels.py for tasks to queue
[2022-06-21 07:23:36,844] {logging_mixin.py:104} INFO - [2022-06-21 07:23:36,844] {dagbag.py:487} INFO - Filling up the DagBag from /home/airflow/.local/lib/python3.6/site-packages/airflow/example_dags/example_branch_labels.py
[2022-06-21 07:23:36,864] {scheduler_job.py:643} INFO - DAG(s) dict_keys(['example_branch_labels']) retrieved from /home/airflow/.local/lib/python3.6/site-packages/airflow/example_dags/example_branch_labels.py
[2022-06-21 07:23:36,889] {logging_mixin.py:104} INFO - [2022-06-21 07:23:36,889] {dag.py:1832} INFO - Sync 1 DAGs
[2022-06-21 07:23:36,912] {logging_mixin.py:104} INFO - [2022-06-21 07:23:36,912] {dag.py:2305} INFO - Setting next_dagrun for example_branch_labels to 2022-06-19 00:00:00+00:00
[2022-06-21 07:23:36,923] {scheduler_job.py:190} INFO - Processing /home/airflow/.local/lib/python3.6/site-packages/airflow/example_dags/example_branch_labels.py took 0.087 seconds
[2022-06-21 07:24:06,955] {scheduler_job.py:182} INFO - Started process (PID=411) to work on /home/airflow/.local/lib/python3.6/site-packages/airflow/example_dags/example_branch_labels.py
[2022-06-21 07:24:06,958] {scheduler_job.py:633} INFO - Processing file /home/airflow/.local/lib/python3.6/site-packages/airflow/example_dags/example_branch_labels.py for tasks to queue
[2022-06-21 07:24:06,961] {logging_mixin.py:104} INFO - [2022-06-21 07:24:06,961] {dagbag.py:487} INFO - Filling up the DagBag from /home/airflow/.local/lib/python3.6/site-packages/airflow/example_dags/example_branch_labels.py
[2022-06-21 07:24:06,986] {scheduler_job.py:643} INFO - DAG(s) dict_keys(['example_branch_labels']) retrieved from /home/airflow/.local/lib/python3.6/site-packages/airflow/example_dags/example_branch_labels.py
[2022-06-21 07:24:07,011] {logging_mixin.py:104} INFO - [2022-06-21 07:24:07,011] {dag.py:1832} INFO - Sync 1 DAGs
[2022-06-21 07:24:07,030] {logging_mixin.py:104} INFO - [2022-06-21 07:24:07,030] {dag.py:2305} INFO - Setting next_dagrun for example_branch_labels to 2022-06-19 00:00:00+00:00
[2022-06-21 07:24:07,039] {scheduler_job.py:190} INFO - Processing /home/airflow/.local/lib/python3.6/site-packages/airflow/example_dags/example_branch_labels.py took 0.090 seconds
[2022-06-21 07:24:47,595] {scheduler_job.py:182} INFO - Started process (PID=73) to work on /home/airflow/.local/lib/python3.6/site-packages/airflow/example_dags/example_branch_labels.py
[2022-06-21 07:24:47,601] {scheduler_job.py:633} INFO - Processing file /home/airflow/.local/lib/python3.6/site-packages/airflow/example_dags/example_branch_labels.py for tasks to queue
[2022-06-21 07:24:47,606] {logging_mixin.py:104} INFO - [2022-06-21 07:24:47,606] {dagbag.py:487} INFO - Filling up the DagBag from /home/airflow/.local/lib/python3.6/site-packages/airflow/example_dags/example_branch_labels.py
[2022-06-21 07:24:47,632] {scheduler_job.py:643} INFO - DAG(s) dict_keys(['example_branch_labels']) retrieved from /home/airflow/.local/lib/python3.6/site-packages/airflow/example_dags/example_branch_labels.py
[2022-06-21 07:24:47,673] {logging_mixin.py:104} INFO - [2022-06-21 07:24:47,673] {dag.py:1832} INFO - Sync 1 DAGs
[2022-06-21 07:24:47,701] {logging_mixin.py:104} INFO - [2022-06-21 07:24:47,701] {dag.py:2305} INFO - Setting next_dagrun for example_branch_labels to 2022-06-19 00:00:00+00:00
[2022-06-21 07:24:47,716] {scheduler_job.py:190} INFO - Processing /home/airflow/.local/lib/python3.6/site-packages/airflow/example_dags/example_branch_labels.py took 0.137 seconds
[2022-06-21 07:25:20,962] {scheduler_job.py:182} INFO - Started process (PID=127) to work on /home/airflow/.local/lib/python3.6/site-packages/airflow/example_dags/example_branch_labels.py
[2022-06-21 07:25:20,966] {scheduler_job.py:633} INFO - Processing file /home/airflow/.local/lib/python3.6/site-packages/airflow/example_dags/example_branch_labels.py for tasks to queue
[2022-06-21 07:25:20,971] {logging_mixin.py:104} INFO - [2022-06-21 07:25:20,971] {dagbag.py:487} INFO - Filling up the DagBag from /home/airflow/.local/lib/python3.6/site-packages/airflow/example_dags/example_branch_labels.py
[2022-06-21 07:25:21,001] {scheduler_job.py:643} INFO - DAG(s) dict_keys(['example_branch_labels']) retrieved from /home/airflow/.local/lib/python3.6/site-packages/airflow/example_dags/example_branch_labels.py
[2022-06-21 07:25:21,078] {logging_mixin.py:104} INFO - [2022-06-21 07:25:21,078] {dag.py:1832} INFO - Sync 1 DAGs
[2022-06-21 07:25:21,132] {logging_mixin.py:104} INFO - [2022-06-21 07:25:21,132] {dag.py:2305} INFO - Setting next_dagrun for example_branch_labels to 2022-06-19 00:00:00+00:00
[2022-06-21 07:25:21,157] {scheduler_job.py:190} INFO - Processing /home/airflow/.local/lib/python3.6/site-packages/airflow/example_dags/example_branch_labels.py took 0.201 seconds
[2022-06-21 07:25:51,801] {scheduler_job.py:182} INFO - Started process (PID=183) to work on /home/airflow/.local/lib/python3.6/site-packages/airflow/example_dags/example_branch_labels.py
[2022-06-21 07:25:51,803] {scheduler_job.py:633} INFO - Processing file /home/airflow/.local/lib/python3.6/site-packages/airflow/example_dags/example_branch_labels.py for tasks to queue
[2022-06-21 07:25:51,805] {logging_mixin.py:104} INFO - [2022-06-21 07:25:51,805] {dagbag.py:487} INFO - Filling up the DagBag from /home/airflow/.local/lib/python3.6/site-packages/airflow/example_dags/example_branch_labels.py
[2022-06-21 07:25:51,819] {scheduler_job.py:643} INFO - DAG(s) dict_keys(['example_branch_labels']) retrieved from /home/airflow/.local/lib/python3.6/site-packages/airflow/example_dags/example_branch_labels.py
[2022-06-21 07:25:51,848] {logging_mixin.py:104} INFO - [2022-06-21 07:25:51,848] {dag.py:1832} INFO - Sync 1 DAGs
[2022-06-21 07:25:51,867] {logging_mixin.py:104} INFO - [2022-06-21 07:25:51,867] {dag.py:2305} INFO - Setting next_dagrun for example_branch_labels to 2022-06-19 00:00:00+00:00
[2022-06-21 07:25:51,875] {scheduler_job.py:190} INFO - Processing /home/airflow/.local/lib/python3.6/site-packages/airflow/example_dags/example_branch_labels.py took 0.094 seconds
[2022-06-21 07:26:59,392] {scheduler_job.py:182} INFO - Started process (PID=239) to work on /home/airflow/.local/lib/python3.6/site-packages/airflow/example_dags/example_branch_labels.py
[2022-06-21 07:26:59,395] {scheduler_job.py:633} INFO - Processing file /home/airflow/.local/lib/python3.6/site-packages/airflow/example_dags/example_branch_labels.py for tasks to queue
[2022-06-21 07:26:59,401] {logging_mixin.py:104} INFO - [2022-06-21 07:26:59,398] {dagbag.py:487} INFO - Filling up the DagBag from /home/airflow/.local/lib/python3.6/site-packages/airflow/example_dags/example_branch_labels.py
[2022-06-21 07:26:59,432] {scheduler_job.py:643} INFO - DAG(s) dict_keys(['example_branch_labels']) retrieved from /home/airflow/.local/lib/python3.6/site-packages/airflow/example_dags/example_branch_labels.py
[2022-06-21 07:26:59,525] {logging_mixin.py:104} INFO - [2022-06-21 07:26:59,525] {dag.py:1832} INFO - Sync 1 DAGs
[2022-06-21 07:26:59,571] {logging_mixin.py:104} INFO - [2022-06-21 07:26:59,571] {dag.py:2305} INFO - Setting next_dagrun for example_branch_labels to 2022-06-19 00:00:00+00:00
[2022-06-21 07:26:59,584] {scheduler_job.py:190} INFO - Processing /home/airflow/.local/lib/python3.6/site-packages/airflow/example_dags/example_branch_labels.py took 0.201 seconds
[2022-06-21 07:27:30,378] {scheduler_job.py:182} INFO - Started process (PID=292) to work on /home/airflow/.local/lib/python3.6/site-packages/airflow/example_dags/example_branch_labels.py
[2022-06-21 07:27:30,380] {scheduler_job.py:633} INFO - Processing file /home/airflow/.local/lib/python3.6/site-packages/airflow/example_dags/example_branch_labels.py for tasks to queue
[2022-06-21 07:27:30,381] {logging_mixin.py:104} INFO - [2022-06-21 07:27:30,381] {dagbag.py:487} INFO - Filling up the DagBag from /home/airflow/.local/lib/python3.6/site-packages/airflow/example_dags/example_branch_labels.py
[2022-06-21 07:27:30,399] {scheduler_job.py:643} INFO - DAG(s) dict_keys(['example_branch_labels']) retrieved from /home/airflow/.local/lib/python3.6/site-packages/airflow/example_dags/example_branch_labels.py
[2022-06-21 07:27:30,423] {logging_mixin.py:104} INFO - [2022-06-21 07:27:30,422] {dag.py:1832} INFO - Sync 1 DAGs
[2022-06-21 07:27:30,445] {logging_mixin.py:104} INFO - [2022-06-21 07:27:30,444] {dag.py:2305} INFO - Setting next_dagrun for example_branch_labels to 2022-06-19 00:00:00+00:00
[2022-06-21 07:27:30,458] {scheduler_job.py:190} INFO - Processing /home/airflow/.local/lib/python3.6/site-packages/airflow/example_dags/example_branch_labels.py took 0.084 seconds
[2022-06-21 07:28:05,601] {scheduler_job.py:182} INFO - Started process (PID=339) to work on /home/airflow/.local/lib/python3.6/site-packages/airflow/example_dags/example_branch_labels.py
[2022-06-21 07:28:05,603] {scheduler_job.py:633} INFO - Processing file /home/airflow/.local/lib/python3.6/site-packages/airflow/example_dags/example_branch_labels.py for tasks to queue
[2022-06-21 07:28:05,605] {logging_mixin.py:104} INFO - [2022-06-21 07:28:05,605] {dagbag.py:487} INFO - Filling up the DagBag from /home/airflow/.local/lib/python3.6/site-packages/airflow/example_dags/example_branch_labels.py
[2022-06-21 07:28:05,625] {scheduler_job.py:643} INFO - DAG(s) dict_keys(['example_branch_labels']) retrieved from /home/airflow/.local/lib/python3.6/site-packages/airflow/example_dags/example_branch_labels.py
[2022-06-21 07:28:05,684] {logging_mixin.py:104} INFO - [2022-06-21 07:28:05,683] {dag.py:1832} INFO - Sync 1 DAGs
[2022-06-21 07:28:05,712] {logging_mixin.py:104} INFO - [2022-06-21 07:28:05,712] {dag.py:2305} INFO - Setting next_dagrun for example_branch_labels to 2022-06-19 00:00:00+00:00
[2022-06-21 07:28:05,724] {scheduler_job.py:190} INFO - Processing /home/airflow/.local/lib/python3.6/site-packages/airflow/example_dags/example_branch_labels.py took 0.127 seconds
[2022-06-21 07:28:36,061] {scheduler_job.py:182} INFO - Started process (PID=399) to work on /home/airflow/.local/lib/python3.6/site-packages/airflow/example_dags/example_branch_labels.py
[2022-06-21 07:28:36,063] {scheduler_job.py:633} INFO - Processing file /home/airflow/.local/lib/python3.6/site-packages/airflow/example_dags/example_branch_labels.py for tasks to queue
[2022-06-21 07:28:36,066] {logging_mixin.py:104} INFO - [2022-06-21 07:28:36,065] {dagbag.py:487} INFO - Filling up the DagBag from /home/airflow/.local/lib/python3.6/site-packages/airflow/example_dags/example_branch_labels.py
[2022-06-21 07:28:36,092] {scheduler_job.py:643} INFO - DAG(s) dict_keys(['example_branch_labels']) retrieved from /home/airflow/.local/lib/python3.6/site-packages/airflow/example_dags/example_branch_labels.py
[2022-06-21 07:28:36,132] {logging_mixin.py:104} INFO - [2022-06-21 07:28:36,132] {dag.py:1832} INFO - Sync 1 DAGs
[2022-06-21 07:28:36,164] {logging_mixin.py:104} INFO - [2022-06-21 07:28:36,164] {dag.py:2305} INFO - Setting next_dagrun for example_branch_labels to 2022-06-19 00:00:00+00:00
[2022-06-21 07:28:36,179] {scheduler_job.py:190} INFO - Processing /home/airflow/.local/lib/python3.6/site-packages/airflow/example_dags/example_branch_labels.py took 0.124 seconds
[2022-06-21 07:29:28,410] {scheduler_job.py:182} INFO - Started process (PID=55) to work on /home/airflow/.local/lib/python3.6/site-packages/airflow/example_dags/example_branch_labels.py
[2022-06-21 07:29:28,412] {scheduler_job.py:633} INFO - Processing file /home/airflow/.local/lib/python3.6/site-packages/airflow/example_dags/example_branch_labels.py for tasks to queue
[2022-06-21 07:29:28,416] {logging_mixin.py:104} INFO - [2022-06-21 07:29:28,416] {dagbag.py:487} INFO - Filling up the DagBag from /home/airflow/.local/lib/python3.6/site-packages/airflow/example_dags/example_branch_labels.py
[2022-06-21 07:29:28,431] {scheduler_job.py:643} INFO - DAG(s) dict_keys(['example_branch_labels']) retrieved from /home/airflow/.local/lib/python3.6/site-packages/airflow/example_dags/example_branch_labels.py
[2022-06-21 07:29:28,455] {logging_mixin.py:104} INFO - [2022-06-21 07:29:28,454] {dag.py:1832} INFO - Sync 1 DAGs
[2022-06-21 07:29:28,476] {logging_mixin.py:104} INFO - [2022-06-21 07:29:28,476] {dag.py:2305} INFO - Setting next_dagrun for example_branch_labels to 2022-06-19 00:00:00+00:00
[2022-06-21 07:29:28,484] {scheduler_job.py:190} INFO - Processing /home/airflow/.local/lib/python3.6/site-packages/airflow/example_dags/example_branch_labels.py took 0.079 seconds
[2022-06-21 07:29:58,602] {scheduler_job.py:182} INFO - Started process (PID=130) to work on /home/airflow/.local/lib/python3.6/site-packages/airflow/example_dags/example_branch_labels.py
[2022-06-21 07:29:58,604] {scheduler_job.py:633} INFO - Processing file /home/airflow/.local/lib/python3.6/site-packages/airflow/example_dags/example_branch_labels.py for tasks to queue
[2022-06-21 07:29:58,605] {logging_mixin.py:104} INFO - [2022-06-21 07:29:58,605] {dagbag.py:487} INFO - Filling up the DagBag from /home/airflow/.local/lib/python3.6/site-packages/airflow/example_dags/example_branch_labels.py
[2022-06-21 07:29:58,618] {scheduler_job.py:643} INFO - DAG(s) dict_keys(['example_branch_labels']) retrieved from /home/airflow/.local/lib/python3.6/site-packages/airflow/example_dags/example_branch_labels.py
[2022-06-21 07:29:58,639] {logging_mixin.py:104} INFO - [2022-06-21 07:29:58,639] {dag.py:1832} INFO - Sync 1 DAGs
[2022-06-21 07:29:58,661] {logging_mixin.py:104} INFO - [2022-06-21 07:29:58,661] {dag.py:2305} INFO - Setting next_dagrun for example_branch_labels to 2022-06-19 00:00:00+00:00
[2022-06-21 07:29:58,669] {scheduler_job.py:190} INFO - Processing /home/airflow/.local/lib/python3.6/site-packages/airflow/example_dags/example_branch_labels.py took 0.070 seconds
[2022-06-21 07:30:28,901] {scheduler_job.py:182} INFO - Started process (PID=192) to work on /home/airflow/.local/lib/python3.6/site-packages/airflow/example_dags/example_branch_labels.py
[2022-06-21 07:30:28,903] {scheduler_job.py:633} INFO - Processing file /home/airflow/.local/lib/python3.6/site-packages/airflow/example_dags/example_branch_labels.py for tasks to queue
[2022-06-21 07:30:28,904] {logging_mixin.py:104} INFO - [2022-06-21 07:30:28,904] {dagbag.py:487} INFO - Filling up the DagBag from /home/airflow/.local/lib/python3.6/site-packages/airflow/example_dags/example_branch_labels.py
[2022-06-21 07:30:28,918] {scheduler_job.py:643} INFO - DAG(s) dict_keys(['example_branch_labels']) retrieved from /home/airflow/.local/lib/python3.6/site-packages/airflow/example_dags/example_branch_labels.py
[2022-06-21 07:30:28,942] {logging_mixin.py:104} INFO - [2022-06-21 07:30:28,941] {dag.py:1832} INFO - Sync 1 DAGs
[2022-06-21 07:30:28,964] {logging_mixin.py:104} INFO - [2022-06-21 07:30:28,964] {dag.py:2305} INFO - Setting next_dagrun for example_branch_labels to 2022-06-19 00:00:00+00:00
[2022-06-21 07:30:28,972] {scheduler_job.py:190} INFO - Processing /home/airflow/.local/lib/python3.6/site-packages/airflow/example_dags/example_branch_labels.py took 0.074 seconds
[2022-06-21 07:31:34,699] {scheduler_job.py:182} INFO - Started process (PID=71) to work on /home/airflow/.local/lib/python3.6/site-packages/airflow/example_dags/example_branch_labels.py
[2022-06-21 07:31:34,705] {scheduler_job.py:633} INFO - Processing file /home/airflow/.local/lib/python3.6/site-packages/airflow/example_dags/example_branch_labels.py for tasks to queue
[2022-06-21 07:31:34,708] {logging_mixin.py:104} INFO - [2022-06-21 07:31:34,708] {dagbag.py:487} INFO - Filling up the DagBag from /home/airflow/.local/lib/python3.6/site-packages/airflow/example_dags/example_branch_labels.py
[2022-06-21 07:31:34,741] {scheduler_job.py:643} INFO - DAG(s) dict_keys(['example_branch_labels']) retrieved from /home/airflow/.local/lib/python3.6/site-packages/airflow/example_dags/example_branch_labels.py
[2022-06-21 07:31:34,782] {logging_mixin.py:104} INFO - [2022-06-21 07:31:34,781] {dag.py:1832} INFO - Sync 1 DAGs
[2022-06-21 07:31:34,807] {logging_mixin.py:104} INFO - [2022-06-21 07:31:34,807] {dag.py:2305} INFO - Setting next_dagrun for example_branch_labels to 2022-06-19 00:00:00+00:00
[2022-06-21 07:31:34,825] {scheduler_job.py:190} INFO - Processing /home/airflow/.local/lib/python3.6/site-packages/airflow/example_dags/example_branch_labels.py took 0.136 seconds
[2022-06-21 07:32:05,075] {scheduler_job.py:182} INFO - Started process (PID=134) to work on /home/airflow/.local/lib/python3.6/site-packages/airflow/example_dags/example_branch_labels.py
[2022-06-21 07:32:05,077] {scheduler_job.py:633} INFO - Processing file /home/airflow/.local/lib/python3.6/site-packages/airflow/example_dags/example_branch_labels.py for tasks to queue
[2022-06-21 07:32:05,079] {logging_mixin.py:104} INFO - [2022-06-21 07:32:05,078] {dagbag.py:487} INFO - Filling up the DagBag from /home/airflow/.local/lib/python3.6/site-packages/airflow/example_dags/example_branch_labels.py
[2022-06-21 07:32:05,095] {scheduler_job.py:643} INFO - DAG(s) dict_keys(['example_branch_labels']) retrieved from /home/airflow/.local/lib/python3.6/site-packages/airflow/example_dags/example_branch_labels.py
[2022-06-21 07:32:05,122] {logging_mixin.py:104} INFO - [2022-06-21 07:32:05,122] {dag.py:1832} INFO - Sync 1 DAGs
[2022-06-21 07:32:05,144] {logging_mixin.py:104} INFO - [2022-06-21 07:32:05,144] {dag.py:2305} INFO - Setting next_dagrun for example_branch_labels to 2022-06-19 00:00:00+00:00
[2022-06-21 07:32:05,153] {scheduler_job.py:190} INFO - Processing /home/airflow/.local/lib/python3.6/site-packages/airflow/example_dags/example_branch_labels.py took 0.082 seconds
[2022-06-21 07:32:36,218] {scheduler_job.py:182} INFO - Started process (PID=214) to work on /home/airflow/.local/lib/python3.6/site-packages/airflow/example_dags/example_branch_labels.py
[2022-06-21 07:32:36,226] {scheduler_job.py:633} INFO - Processing file /home/airflow/.local/lib/python3.6/site-packages/airflow/example_dags/example_branch_labels.py for tasks to queue
[2022-06-21 07:32:36,230] {logging_mixin.py:104} INFO - [2022-06-21 07:32:36,230] {dagbag.py:487} INFO - Filling up the DagBag from /home/airflow/.local/lib/python3.6/site-packages/airflow/example_dags/example_branch_labels.py
[2022-06-21 07:32:36,288] {scheduler_job.py:643} INFO - DAG(s) dict_keys(['example_branch_labels']) retrieved from /home/airflow/.local/lib/python3.6/site-packages/airflow/example_dags/example_branch_labels.py
[2022-06-21 07:32:36,367] {logging_mixin.py:104} INFO - [2022-06-21 07:32:36,367] {dag.py:1832} INFO - Sync 1 DAGs
[2022-06-21 07:32:36,412] {logging_mixin.py:104} INFO - [2022-06-21 07:32:36,412] {dag.py:2305} INFO - Setting next_dagrun for example_branch_labels to 2022-06-19 00:00:00+00:00
[2022-06-21 07:32:36,429] {scheduler_job.py:190} INFO - Processing /home/airflow/.local/lib/python3.6/site-packages/airflow/example_dags/example_branch_labels.py took 0.219 seconds
[2022-06-21 07:33:07,133] {scheduler_job.py:182} INFO - Started process (PID=284) to work on /home/airflow/.local/lib/python3.6/site-packages/airflow/example_dags/example_branch_labels.py
[2022-06-21 07:33:07,135] {scheduler_job.py:633} INFO - Processing file /home/airflow/.local/lib/python3.6/site-packages/airflow/example_dags/example_branch_labels.py for tasks to queue
[2022-06-21 07:33:07,136] {logging_mixin.py:104} INFO - [2022-06-21 07:33:07,136] {dagbag.py:487} INFO - Filling up the DagBag from /home/airflow/.local/lib/python3.6/site-packages/airflow/example_dags/example_branch_labels.py
[2022-06-21 07:33:07,150] {scheduler_job.py:643} INFO - DAG(s) dict_keys(['example_branch_labels']) retrieved from /home/airflow/.local/lib/python3.6/site-packages/airflow/example_dags/example_branch_labels.py
[2022-06-21 07:33:07,175] {logging_mixin.py:104} INFO - [2022-06-21 07:33:07,175] {dag.py:1832} INFO - Sync 1 DAGs
[2022-06-21 07:33:07,194] {logging_mixin.py:104} INFO - [2022-06-21 07:33:07,194] {dag.py:2305} INFO - Setting next_dagrun for example_branch_labels to 2022-06-19 00:00:00+00:00
[2022-06-21 07:33:07,202] {scheduler_job.py:190} INFO - Processing /home/airflow/.local/lib/python3.6/site-packages/airflow/example_dags/example_branch_labels.py took 0.072 seconds
[2022-06-21 07:33:37,388] {scheduler_job.py:182} INFO - Started process (PID=361) to work on /home/airflow/.local/lib/python3.6/site-packages/airflow/example_dags/example_branch_labels.py
[2022-06-21 07:33:37,390] {scheduler_job.py:633} INFO - Processing file /home/airflow/.local/lib/python3.6/site-packages/airflow/example_dags/example_branch_labels.py for tasks to queue
[2022-06-21 07:33:37,391] {logging_mixin.py:104} INFO - [2022-06-21 07:33:37,391] {dagbag.py:487} INFO - Filling up the DagBag from /home/airflow/.local/lib/python3.6/site-packages/airflow/example_dags/example_branch_labels.py
[2022-06-21 07:33:37,407] {scheduler_job.py:643} INFO - DAG(s) dict_keys(['example_branch_labels']) retrieved from /home/airflow/.local/lib/python3.6/site-packages/airflow/example_dags/example_branch_labels.py
[2022-06-21 07:33:37,428] {logging_mixin.py:104} INFO - [2022-06-21 07:33:37,428] {dag.py:1832} INFO - Sync 1 DAGs
[2022-06-21 07:33:37,447] {logging_mixin.py:104} INFO - [2022-06-21 07:33:37,447] {dag.py:2305} INFO - Setting next_dagrun for example_branch_labels to 2022-06-19 00:00:00+00:00
[2022-06-21 07:33:37,455] {scheduler_job.py:190} INFO - Processing /home/airflow/.local/lib/python3.6/site-packages/airflow/example_dags/example_branch_labels.py took 0.071 seconds
