[2022-06-21 06:56:02,212] {scheduler_job.py:182} INFO - Started process (PID=80) to work on /home/airflow/.local/lib/python3.6/site-packages/airflow/example_dags/example_trigger_target_dag.py
[2022-06-21 06:56:02,226] {scheduler_job.py:633} INFO - Processing file /home/airflow/.local/lib/python3.6/site-packages/airflow/example_dags/example_trigger_target_dag.py for tasks to queue
[2022-06-21 06:56:02,244] {logging_mixin.py:104} INFO - [2022-06-21 06:56:02,240] {dagbag.py:487} INFO - Filling up the DagBag from /home/airflow/.local/lib/python3.6/site-packages/airflow/example_dags/example_trigger_target_dag.py
[2022-06-21 06:56:02,765] {scheduler_job.py:643} INFO - DAG(s) dict_keys(['example_trigger_target_dag']) retrieved from /home/airflow/.local/lib/python3.6/site-packages/airflow/example_dags/example_trigger_target_dag.py
[2022-06-21 06:56:08,249] {logging_mixin.py:104} INFO - [2022-06-21 06:56:08,247] {dag.py:1832} INFO - Sync 1 DAGs
[2022-06-21 06:56:08,262] {logging_mixin.py:104} INFO - [2022-06-21 06:56:08,260] {dag.py:1851} INFO - Creating ORM DAG for example_trigger_target_dag
[2022-06-21 06:56:08,272] {logging_mixin.py:104} INFO - [2022-06-21 06:56:08,272] {dag.py:2305} INFO - Setting next_dagrun for example_trigger_target_dag to None
[2022-06-21 06:56:08,294] {scheduler_job.py:190} INFO - Processing /home/airflow/.local/lib/python3.6/site-packages/airflow/example_dags/example_trigger_target_dag.py took 6.148 seconds
[2022-06-21 06:58:02,761] {scheduler_job.py:182} INFO - Started process (PID=167) to work on /home/airflow/.local/lib/python3.6/site-packages/airflow/example_dags/example_trigger_target_dag.py
[2022-06-21 06:58:02,768] {scheduler_job.py:633} INFO - Processing file /home/airflow/.local/lib/python3.6/site-packages/airflow/example_dags/example_trigger_target_dag.py for tasks to queue
[2022-06-21 06:58:02,771] {logging_mixin.py:104} INFO - [2022-06-21 06:58:02,770] {dagbag.py:487} INFO - Filling up the DagBag from /home/airflow/.local/lib/python3.6/site-packages/airflow/example_dags/example_trigger_target_dag.py
[2022-06-21 06:58:04,982] {scheduler_job.py:643} INFO - DAG(s) dict_keys(['example_trigger_target_dag']) retrieved from /home/airflow/.local/lib/python3.6/site-packages/airflow/example_dags/example_trigger_target_dag.py
[2022-06-21 06:58:05,143] {logging_mixin.py:104} INFO - [2022-06-21 06:58:05,142] {dag.py:1832} INFO - Sync 1 DAGs
[2022-06-21 06:58:05,243] {logging_mixin.py:104} INFO - [2022-06-21 06:58:05,243] {dag.py:2305} INFO - Setting next_dagrun for example_trigger_target_dag to None
[2022-06-21 06:58:05,279] {scheduler_job.py:190} INFO - Processing /home/airflow/.local/lib/python3.6/site-packages/airflow/example_dags/example_trigger_target_dag.py took 2.528 seconds
[2022-06-21 06:58:46,285] {scheduler_job.py:182} INFO - Started process (PID=254) to work on /home/airflow/.local/lib/python3.6/site-packages/airflow/example_dags/example_trigger_target_dag.py
[2022-06-21 06:58:46,289] {scheduler_job.py:633} INFO - Processing file /home/airflow/.local/lib/python3.6/site-packages/airflow/example_dags/example_trigger_target_dag.py for tasks to queue
[2022-06-21 06:58:46,291] {logging_mixin.py:104} INFO - [2022-06-21 06:58:46,291] {dagbag.py:487} INFO - Filling up the DagBag from /home/airflow/.local/lib/python3.6/site-packages/airflow/example_dags/example_trigger_target_dag.py
[2022-06-21 06:58:46,317] {scheduler_job.py:643} INFO - DAG(s) dict_keys(['example_trigger_target_dag']) retrieved from /home/airflow/.local/lib/python3.6/site-packages/airflow/example_dags/example_trigger_target_dag.py
[2022-06-21 06:58:46,355] {logging_mixin.py:104} INFO - [2022-06-21 06:58:46,355] {dag.py:1832} INFO - Sync 1 DAGs
[2022-06-21 06:58:46,377] {logging_mixin.py:104} INFO - [2022-06-21 06:58:46,377] {dag.py:2305} INFO - Setting next_dagrun for example_trigger_target_dag to None
[2022-06-21 06:58:46,397] {scheduler_job.py:190} INFO - Processing /home/airflow/.local/lib/python3.6/site-packages/airflow/example_dags/example_trigger_target_dag.py took 0.116 seconds
[2022-06-21 06:59:16,433] {scheduler_job.py:182} INFO - Started process (PID=303) to work on /home/airflow/.local/lib/python3.6/site-packages/airflow/example_dags/example_trigger_target_dag.py
[2022-06-21 06:59:16,435] {scheduler_job.py:633} INFO - Processing file /home/airflow/.local/lib/python3.6/site-packages/airflow/example_dags/example_trigger_target_dag.py for tasks to queue
[2022-06-21 06:59:16,436] {logging_mixin.py:104} INFO - [2022-06-21 06:59:16,436] {dagbag.py:487} INFO - Filling up the DagBag from /home/airflow/.local/lib/python3.6/site-packages/airflow/example_dags/example_trigger_target_dag.py
[2022-06-21 06:59:16,455] {scheduler_job.py:643} INFO - DAG(s) dict_keys(['example_trigger_target_dag']) retrieved from /home/airflow/.local/lib/python3.6/site-packages/airflow/example_dags/example_trigger_target_dag.py
[2022-06-21 06:59:16,486] {logging_mixin.py:104} INFO - [2022-06-21 06:59:16,486] {dag.py:1832} INFO - Sync 1 DAGs
[2022-06-21 06:59:16,502] {logging_mixin.py:104} INFO - [2022-06-21 06:59:16,502] {dag.py:2305} INFO - Setting next_dagrun for example_trigger_target_dag to None
[2022-06-21 06:59:16,514] {scheduler_job.py:190} INFO - Processing /home/airflow/.local/lib/python3.6/site-packages/airflow/example_dags/example_trigger_target_dag.py took 0.085 seconds
[2022-06-21 06:59:54,819] {scheduler_job.py:182} INFO - Started process (PID=351) to work on /home/airflow/.local/lib/python3.6/site-packages/airflow/example_dags/example_trigger_target_dag.py
[2022-06-21 06:59:54,832] {scheduler_job.py:633} INFO - Processing file /home/airflow/.local/lib/python3.6/site-packages/airflow/example_dags/example_trigger_target_dag.py for tasks to queue
[2022-06-21 06:59:54,840] {logging_mixin.py:104} INFO - [2022-06-21 06:59:54,838] {dagbag.py:487} INFO - Filling up the DagBag from /home/airflow/.local/lib/python3.6/site-packages/airflow/example_dags/example_trigger_target_dag.py
[2022-06-21 06:59:54,876] {scheduler_job.py:643} INFO - DAG(s) dict_keys(['example_trigger_target_dag']) retrieved from /home/airflow/.local/lib/python3.6/site-packages/airflow/example_dags/example_trigger_target_dag.py
[2022-06-21 06:59:54,922] {logging_mixin.py:104} INFO - [2022-06-21 06:59:54,922] {dag.py:1832} INFO - Sync 1 DAGs
[2022-06-21 06:59:54,945] {logging_mixin.py:104} INFO - [2022-06-21 06:59:54,945] {dag.py:2305} INFO - Setting next_dagrun for example_trigger_target_dag to None
[2022-06-21 06:59:54,964] {scheduler_job.py:190} INFO - Processing /home/airflow/.local/lib/python3.6/site-packages/airflow/example_dags/example_trigger_target_dag.py took 0.156 seconds
[2022-06-21 07:00:25,062] {scheduler_job.py:182} INFO - Started process (PID=413) to work on /home/airflow/.local/lib/python3.6/site-packages/airflow/example_dags/example_trigger_target_dag.py
[2022-06-21 07:00:25,064] {scheduler_job.py:633} INFO - Processing file /home/airflow/.local/lib/python3.6/site-packages/airflow/example_dags/example_trigger_target_dag.py for tasks to queue
[2022-06-21 07:00:25,065] {logging_mixin.py:104} INFO - [2022-06-21 07:00:25,065] {dagbag.py:487} INFO - Filling up the DagBag from /home/airflow/.local/lib/python3.6/site-packages/airflow/example_dags/example_trigger_target_dag.py
[2022-06-21 07:00:25,084] {scheduler_job.py:643} INFO - DAG(s) dict_keys(['example_trigger_target_dag']) retrieved from /home/airflow/.local/lib/python3.6/site-packages/airflow/example_dags/example_trigger_target_dag.py
[2022-06-21 07:00:25,113] {logging_mixin.py:104} INFO - [2022-06-21 07:00:25,112] {dag.py:1832} INFO - Sync 1 DAGs
[2022-06-21 07:00:25,130] {logging_mixin.py:104} INFO - [2022-06-21 07:00:25,130] {dag.py:2305} INFO - Setting next_dagrun for example_trigger_target_dag to None
[2022-06-21 07:00:25,143] {scheduler_job.py:190} INFO - Processing /home/airflow/.local/lib/python3.6/site-packages/airflow/example_dags/example_trigger_target_dag.py took 0.085 seconds
[2022-06-21 07:00:55,895] {scheduler_job.py:182} INFO - Started process (PID=469) to work on /home/airflow/.local/lib/python3.6/site-packages/airflow/example_dags/example_trigger_target_dag.py
[2022-06-21 07:00:55,898] {scheduler_job.py:633} INFO - Processing file /home/airflow/.local/lib/python3.6/site-packages/airflow/example_dags/example_trigger_target_dag.py for tasks to queue
[2022-06-21 07:00:55,900] {logging_mixin.py:104} INFO - [2022-06-21 07:00:55,900] {dagbag.py:487} INFO - Filling up the DagBag from /home/airflow/.local/lib/python3.6/site-packages/airflow/example_dags/example_trigger_target_dag.py
[2022-06-21 07:00:55,922] {scheduler_job.py:643} INFO - DAG(s) dict_keys(['example_trigger_target_dag']) retrieved from /home/airflow/.local/lib/python3.6/site-packages/airflow/example_dags/example_trigger_target_dag.py
[2022-06-21 07:00:55,982] {logging_mixin.py:104} INFO - [2022-06-21 07:00:55,982] {dag.py:1832} INFO - Sync 1 DAGs
[2022-06-21 07:00:56,016] {logging_mixin.py:104} INFO - [2022-06-21 07:00:56,016] {dag.py:2305} INFO - Setting next_dagrun for example_trigger_target_dag to None
[2022-06-21 07:00:56,037] {scheduler_job.py:190} INFO - Processing /home/airflow/.local/lib/python3.6/site-packages/airflow/example_dags/example_trigger_target_dag.py took 0.146 seconds
[2022-06-21 07:01:26,103] {scheduler_job.py:182} INFO - Started process (PID=519) to work on /home/airflow/.local/lib/python3.6/site-packages/airflow/example_dags/example_trigger_target_dag.py
[2022-06-21 07:01:26,105] {scheduler_job.py:633} INFO - Processing file /home/airflow/.local/lib/python3.6/site-packages/airflow/example_dags/example_trigger_target_dag.py for tasks to queue
[2022-06-21 07:01:26,107] {logging_mixin.py:104} INFO - [2022-06-21 07:01:26,107] {dagbag.py:487} INFO - Filling up the DagBag from /home/airflow/.local/lib/python3.6/site-packages/airflow/example_dags/example_trigger_target_dag.py
[2022-06-21 07:01:26,127] {scheduler_job.py:643} INFO - DAG(s) dict_keys(['example_trigger_target_dag']) retrieved from /home/airflow/.local/lib/python3.6/site-packages/airflow/example_dags/example_trigger_target_dag.py
[2022-06-21 07:01:26,155] {logging_mixin.py:104} INFO - [2022-06-21 07:01:26,155] {dag.py:1832} INFO - Sync 1 DAGs
[2022-06-21 07:01:26,171] {logging_mixin.py:104} INFO - [2022-06-21 07:01:26,171] {dag.py:2305} INFO - Setting next_dagrun for example_trigger_target_dag to None
[2022-06-21 07:01:26,183] {scheduler_job.py:190} INFO - Processing /home/airflow/.local/lib/python3.6/site-packages/airflow/example_dags/example_trigger_target_dag.py took 0.084 seconds
[2022-06-21 07:01:58,629] {scheduler_job.py:182} INFO - Started process (PID=573) to work on /home/airflow/.local/lib/python3.6/site-packages/airflow/example_dags/example_trigger_target_dag.py
[2022-06-21 07:01:58,655] {scheduler_job.py:633} INFO - Processing file /home/airflow/.local/lib/python3.6/site-packages/airflow/example_dags/example_trigger_target_dag.py for tasks to queue
[2022-06-21 07:01:58,660] {logging_mixin.py:104} INFO - [2022-06-21 07:01:58,660] {dagbag.py:487} INFO - Filling up the DagBag from /home/airflow/.local/lib/python3.6/site-packages/airflow/example_dags/example_trigger_target_dag.py
[2022-06-21 07:01:58,781] {scheduler_job.py:643} INFO - DAG(s) dict_keys(['example_trigger_target_dag']) retrieved from /home/airflow/.local/lib/python3.6/site-packages/airflow/example_dags/example_trigger_target_dag.py
[2022-06-21 07:01:58,845] {logging_mixin.py:104} INFO - [2022-06-21 07:01:58,845] {dag.py:1832} INFO - Sync 1 DAGs
[2022-06-21 07:01:58,866] {logging_mixin.py:104} INFO - [2022-06-21 07:01:58,866] {dag.py:2305} INFO - Setting next_dagrun for example_trigger_target_dag to None
[2022-06-21 07:01:59,048] {scheduler_job.py:190} INFO - Processing /home/airflow/.local/lib/python3.6/site-packages/airflow/example_dags/example_trigger_target_dag.py took 0.428 seconds
[2022-06-21 07:04:52,877] {scheduler_job.py:182} INFO - Started process (PID=57) to work on /home/airflow/.local/lib/python3.6/site-packages/airflow/example_dags/example_trigger_target_dag.py
[2022-06-21 07:04:52,882] {scheduler_job.py:633} INFO - Processing file /home/airflow/.local/lib/python3.6/site-packages/airflow/example_dags/example_trigger_target_dag.py for tasks to queue
[2022-06-21 07:04:52,884] {logging_mixin.py:104} INFO - [2022-06-21 07:04:52,884] {dagbag.py:487} INFO - Filling up the DagBag from /home/airflow/.local/lib/python3.6/site-packages/airflow/example_dags/example_trigger_target_dag.py
[2022-06-21 07:04:52,919] {scheduler_job.py:643} INFO - DAG(s) dict_keys(['example_trigger_target_dag']) retrieved from /home/airflow/.local/lib/python3.6/site-packages/airflow/example_dags/example_trigger_target_dag.py
[2022-06-21 07:04:52,961] {logging_mixin.py:104} INFO - [2022-06-21 07:04:52,961] {dag.py:1832} INFO - Sync 1 DAGs
[2022-06-21 07:04:53,009] {logging_mixin.py:104} INFO - [2022-06-21 07:04:53,008] {dag.py:2305} INFO - Setting next_dagrun for example_trigger_target_dag to None
[2022-06-21 07:04:53,079] {scheduler_job.py:190} INFO - Processing /home/airflow/.local/lib/python3.6/site-packages/airflow/example_dags/example_trigger_target_dag.py took 0.206 seconds
[2022-06-21 07:05:34,984] {scheduler_job.py:182} INFO - Started process (PID=117) to work on /home/airflow/.local/lib/python3.6/site-packages/airflow/example_dags/example_trigger_target_dag.py
[2022-06-21 07:05:34,993] {scheduler_job.py:633} INFO - Processing file /home/airflow/.local/lib/python3.6/site-packages/airflow/example_dags/example_trigger_target_dag.py for tasks to queue
[2022-06-21 07:05:35,002] {logging_mixin.py:104} INFO - [2022-06-21 07:05:35,002] {dagbag.py:487} INFO - Filling up the DagBag from /home/airflow/.local/lib/python3.6/site-packages/airflow/example_dags/example_trigger_target_dag.py
[2022-06-21 07:05:35,060] {scheduler_job.py:643} INFO - DAG(s) dict_keys(['example_trigger_target_dag']) retrieved from /home/airflow/.local/lib/python3.6/site-packages/airflow/example_dags/example_trigger_target_dag.py
[2022-06-21 07:05:35,137] {logging_mixin.py:104} INFO - [2022-06-21 07:05:35,137] {dag.py:1832} INFO - Sync 1 DAGs
[2022-06-21 07:05:35,164] {logging_mixin.py:104} INFO - [2022-06-21 07:05:35,164] {dag.py:2305} INFO - Setting next_dagrun for example_trigger_target_dag to None
[2022-06-21 07:05:35,185] {scheduler_job.py:190} INFO - Processing /home/airflow/.local/lib/python3.6/site-packages/airflow/example_dags/example_trigger_target_dag.py took 0.212 seconds
[2022-06-21 07:06:05,262] {scheduler_job.py:182} INFO - Started process (PID=173) to work on /home/airflow/.local/lib/python3.6/site-packages/airflow/example_dags/example_trigger_target_dag.py
[2022-06-21 07:06:05,264] {scheduler_job.py:633} INFO - Processing file /home/airflow/.local/lib/python3.6/site-packages/airflow/example_dags/example_trigger_target_dag.py for tasks to queue
[2022-06-21 07:06:05,265] {logging_mixin.py:104} INFO - [2022-06-21 07:06:05,265] {dagbag.py:487} INFO - Filling up the DagBag from /home/airflow/.local/lib/python3.6/site-packages/airflow/example_dags/example_trigger_target_dag.py
[2022-06-21 07:06:05,296] {scheduler_job.py:643} INFO - DAG(s) dict_keys(['example_trigger_target_dag']) retrieved from /home/airflow/.local/lib/python3.6/site-packages/airflow/example_dags/example_trigger_target_dag.py
[2022-06-21 07:06:05,316] {logging_mixin.py:104} INFO - [2022-06-21 07:06:05,316] {dag.py:1832} INFO - Sync 1 DAGs
[2022-06-21 07:06:05,330] {logging_mixin.py:104} INFO - [2022-06-21 07:06:05,330] {dag.py:2305} INFO - Setting next_dagrun for example_trigger_target_dag to None
[2022-06-21 07:06:05,339] {scheduler_job.py:190} INFO - Processing /home/airflow/.local/lib/python3.6/site-packages/airflow/example_dags/example_trigger_target_dag.py took 0.079 seconds
[2022-06-21 07:06:35,435] {scheduler_job.py:182} INFO - Started process (PID=234) to work on /home/airflow/.local/lib/python3.6/site-packages/airflow/example_dags/example_trigger_target_dag.py
[2022-06-21 07:06:35,438] {scheduler_job.py:633} INFO - Processing file /home/airflow/.local/lib/python3.6/site-packages/airflow/example_dags/example_trigger_target_dag.py for tasks to queue
[2022-06-21 07:06:35,440] {logging_mixin.py:104} INFO - [2022-06-21 07:06:35,440] {dagbag.py:487} INFO - Filling up the DagBag from /home/airflow/.local/lib/python3.6/site-packages/airflow/example_dags/example_trigger_target_dag.py
[2022-06-21 07:06:35,472] {scheduler_job.py:643} INFO - DAG(s) dict_keys(['example_trigger_target_dag']) retrieved from /home/airflow/.local/lib/python3.6/site-packages/airflow/example_dags/example_trigger_target_dag.py
[2022-06-21 07:06:35,511] {logging_mixin.py:104} INFO - [2022-06-21 07:06:35,511] {dag.py:1832} INFO - Sync 1 DAGs
[2022-06-21 07:06:35,532] {logging_mixin.py:104} INFO - [2022-06-21 07:06:35,532] {dag.py:2305} INFO - Setting next_dagrun for example_trigger_target_dag to None
[2022-06-21 07:06:35,553] {scheduler_job.py:190} INFO - Processing /home/airflow/.local/lib/python3.6/site-packages/airflow/example_dags/example_trigger_target_dag.py took 0.125 seconds
[2022-06-21 07:07:21,824] {scheduler_job.py:182} INFO - Started process (PID=297) to work on /home/airflow/.local/lib/python3.6/site-packages/airflow/example_dags/example_trigger_target_dag.py
[2022-06-21 07:07:21,826] {scheduler_job.py:633} INFO - Processing file /home/airflow/.local/lib/python3.6/site-packages/airflow/example_dags/example_trigger_target_dag.py for tasks to queue
[2022-06-21 07:07:21,828] {logging_mixin.py:104} INFO - [2022-06-21 07:07:21,828] {dagbag.py:487} INFO - Filling up the DagBag from /home/airflow/.local/lib/python3.6/site-packages/airflow/example_dags/example_trigger_target_dag.py
[2022-06-21 07:07:21,849] {scheduler_job.py:643} INFO - DAG(s) dict_keys(['example_trigger_target_dag']) retrieved from /home/airflow/.local/lib/python3.6/site-packages/airflow/example_dags/example_trigger_target_dag.py
[2022-06-21 07:07:21,872] {logging_mixin.py:104} INFO - [2022-06-21 07:07:21,872] {dag.py:1832} INFO - Sync 1 DAGs
[2022-06-21 07:07:21,888] {logging_mixin.py:104} INFO - [2022-06-21 07:07:21,887] {dag.py:2305} INFO - Setting next_dagrun for example_trigger_target_dag to None
[2022-06-21 07:07:21,898] {scheduler_job.py:190} INFO - Processing /home/airflow/.local/lib/python3.6/site-packages/airflow/example_dags/example_trigger_target_dag.py took 0.079 seconds
[2022-06-21 07:07:52,066] {scheduler_job.py:182} INFO - Started process (PID=358) to work on /home/airflow/.local/lib/python3.6/site-packages/airflow/example_dags/example_trigger_target_dag.py
[2022-06-21 07:07:52,068] {scheduler_job.py:633} INFO - Processing file /home/airflow/.local/lib/python3.6/site-packages/airflow/example_dags/example_trigger_target_dag.py for tasks to queue
[2022-06-21 07:07:52,069] {logging_mixin.py:104} INFO - [2022-06-21 07:07:52,069] {dagbag.py:487} INFO - Filling up the DagBag from /home/airflow/.local/lib/python3.6/site-packages/airflow/example_dags/example_trigger_target_dag.py
[2022-06-21 07:07:52,092] {scheduler_job.py:643} INFO - DAG(s) dict_keys(['example_trigger_target_dag']) retrieved from /home/airflow/.local/lib/python3.6/site-packages/airflow/example_dags/example_trigger_target_dag.py
[2022-06-21 07:07:52,116] {logging_mixin.py:104} INFO - [2022-06-21 07:07:52,116] {dag.py:1832} INFO - Sync 1 DAGs
[2022-06-21 07:07:52,135] {logging_mixin.py:104} INFO - [2022-06-21 07:07:52,135] {dag.py:2305} INFO - Setting next_dagrun for example_trigger_target_dag to None
[2022-06-21 07:07:52,150] {scheduler_job.py:190} INFO - Processing /home/airflow/.local/lib/python3.6/site-packages/airflow/example_dags/example_trigger_target_dag.py took 0.088 seconds
[2022-06-21 07:08:23,163] {scheduler_job.py:182} INFO - Started process (PID=433) to work on /home/airflow/.local/lib/python3.6/site-packages/airflow/example_dags/example_trigger_target_dag.py
[2022-06-21 07:08:23,166] {scheduler_job.py:633} INFO - Processing file /home/airflow/.local/lib/python3.6/site-packages/airflow/example_dags/example_trigger_target_dag.py for tasks to queue
[2022-06-21 07:08:23,169] {logging_mixin.py:104} INFO - [2022-06-21 07:08:23,169] {dagbag.py:487} INFO - Filling up the DagBag from /home/airflow/.local/lib/python3.6/site-packages/airflow/example_dags/example_trigger_target_dag.py
[2022-06-21 07:08:23,191] {scheduler_job.py:643} INFO - DAG(s) dict_keys(['example_trigger_target_dag']) retrieved from /home/airflow/.local/lib/python3.6/site-packages/airflow/example_dags/example_trigger_target_dag.py
[2022-06-21 07:08:23,217] {logging_mixin.py:104} INFO - [2022-06-21 07:08:23,217] {dag.py:1832} INFO - Sync 1 DAGs
[2022-06-21 07:08:23,240] {logging_mixin.py:104} INFO - [2022-06-21 07:08:23,240] {dag.py:2305} INFO - Setting next_dagrun for example_trigger_target_dag to None
[2022-06-21 07:08:23,252] {scheduler_job.py:190} INFO - Processing /home/airflow/.local/lib/python3.6/site-packages/airflow/example_dags/example_trigger_target_dag.py took 0.093 seconds
[2022-06-21 07:08:53,855] {scheduler_job.py:182} INFO - Started process (PID=500) to work on /home/airflow/.local/lib/python3.6/site-packages/airflow/example_dags/example_trigger_target_dag.py
[2022-06-21 07:08:53,857] {scheduler_job.py:633} INFO - Processing file /home/airflow/.local/lib/python3.6/site-packages/airflow/example_dags/example_trigger_target_dag.py for tasks to queue
[2022-06-21 07:08:53,858] {logging_mixin.py:104} INFO - [2022-06-21 07:08:53,858] {dagbag.py:487} INFO - Filling up the DagBag from /home/airflow/.local/lib/python3.6/site-packages/airflow/example_dags/example_trigger_target_dag.py
[2022-06-21 07:08:53,877] {scheduler_job.py:643} INFO - DAG(s) dict_keys(['example_trigger_target_dag']) retrieved from /home/airflow/.local/lib/python3.6/site-packages/airflow/example_dags/example_trigger_target_dag.py
[2022-06-21 07:08:53,900] {logging_mixin.py:104} INFO - [2022-06-21 07:08:53,900] {dag.py:1832} INFO - Sync 1 DAGs
[2022-06-21 07:08:53,916] {logging_mixin.py:104} INFO - [2022-06-21 07:08:53,916] {dag.py:2305} INFO - Setting next_dagrun for example_trigger_target_dag to None
[2022-06-21 07:08:53,926] {scheduler_job.py:190} INFO - Processing /home/airflow/.local/lib/python3.6/site-packages/airflow/example_dags/example_trigger_target_dag.py took 0.074 seconds
[2022-06-21 07:11:08,578] {scheduler_job.py:182} INFO - Started process (PID=56) to work on /home/airflow/.local/lib/python3.6/site-packages/airflow/example_dags/example_trigger_target_dag.py
[2022-06-21 07:11:08,580] {scheduler_job.py:633} INFO - Processing file /home/airflow/.local/lib/python3.6/site-packages/airflow/example_dags/example_trigger_target_dag.py for tasks to queue
[2022-06-21 07:11:08,583] {logging_mixin.py:104} INFO - [2022-06-21 07:11:08,583] {dagbag.py:487} INFO - Filling up the DagBag from /home/airflow/.local/lib/python3.6/site-packages/airflow/example_dags/example_trigger_target_dag.py
[2022-06-21 07:11:08,660] {scheduler_job.py:643} INFO - DAG(s) dict_keys(['example_trigger_target_dag']) retrieved from /home/airflow/.local/lib/python3.6/site-packages/airflow/example_dags/example_trigger_target_dag.py
[2022-06-21 07:11:08,714] {logging_mixin.py:104} INFO - [2022-06-21 07:11:08,714] {dag.py:1832} INFO - Sync 1 DAGs
[2022-06-21 07:11:08,749] {logging_mixin.py:104} INFO - [2022-06-21 07:11:08,749] {dag.py:2305} INFO - Setting next_dagrun for example_trigger_target_dag to None
[2022-06-21 07:11:08,781] {scheduler_job.py:190} INFO - Processing /home/airflow/.local/lib/python3.6/site-packages/airflow/example_dags/example_trigger_target_dag.py took 0.217 seconds
[2022-06-21 07:11:45,068] {scheduler_job.py:182} INFO - Started process (PID=108) to work on /home/airflow/.local/lib/python3.6/site-packages/airflow/example_dags/example_trigger_target_dag.py
[2022-06-21 07:11:45,074] {scheduler_job.py:633} INFO - Processing file /home/airflow/.local/lib/python3.6/site-packages/airflow/example_dags/example_trigger_target_dag.py for tasks to queue
[2022-06-21 07:11:45,077] {logging_mixin.py:104} INFO - [2022-06-21 07:11:45,076] {dagbag.py:487} INFO - Filling up the DagBag from /home/airflow/.local/lib/python3.6/site-packages/airflow/example_dags/example_trigger_target_dag.py
[2022-06-21 07:11:45,152] {scheduler_job.py:643} INFO - DAG(s) dict_keys(['example_trigger_target_dag']) retrieved from /home/airflow/.local/lib/python3.6/site-packages/airflow/example_dags/example_trigger_target_dag.py
[2022-06-21 07:11:45,197] {logging_mixin.py:104} INFO - [2022-06-21 07:11:45,197] {dag.py:1832} INFO - Sync 1 DAGs
[2022-06-21 07:11:45,218] {logging_mixin.py:104} INFO - [2022-06-21 07:11:45,218] {dag.py:2305} INFO - Setting next_dagrun for example_trigger_target_dag to None
[2022-06-21 07:11:45,234] {scheduler_job.py:190} INFO - Processing /home/airflow/.local/lib/python3.6/site-packages/airflow/example_dags/example_trigger_target_dag.py took 0.175 seconds
[2022-06-21 07:12:17,379] {scheduler_job.py:182} INFO - Started process (PID=155) to work on /home/airflow/.local/lib/python3.6/site-packages/airflow/example_dags/example_trigger_target_dag.py
[2022-06-21 07:12:17,381] {scheduler_job.py:633} INFO - Processing file /home/airflow/.local/lib/python3.6/site-packages/airflow/example_dags/example_trigger_target_dag.py for tasks to queue
[2022-06-21 07:12:17,382] {logging_mixin.py:104} INFO - [2022-06-21 07:12:17,382] {dagbag.py:487} INFO - Filling up the DagBag from /home/airflow/.local/lib/python3.6/site-packages/airflow/example_dags/example_trigger_target_dag.py
[2022-06-21 07:12:17,402] {scheduler_job.py:643} INFO - DAG(s) dict_keys(['example_trigger_target_dag']) retrieved from /home/airflow/.local/lib/python3.6/site-packages/airflow/example_dags/example_trigger_target_dag.py
[2022-06-21 07:12:17,432] {logging_mixin.py:104} INFO - [2022-06-21 07:12:17,432] {dag.py:1832} INFO - Sync 1 DAGs
[2022-06-21 07:12:17,451] {logging_mixin.py:104} INFO - [2022-06-21 07:12:17,451] {dag.py:2305} INFO - Setting next_dagrun for example_trigger_target_dag to None
[2022-06-21 07:12:17,463] {scheduler_job.py:190} INFO - Processing /home/airflow/.local/lib/python3.6/site-packages/airflow/example_dags/example_trigger_target_dag.py took 0.091 seconds
[2022-06-21 07:12:49,074] {scheduler_job.py:182} INFO - Started process (PID=200) to work on /home/airflow/.local/lib/python3.6/site-packages/airflow/example_dags/example_trigger_target_dag.py
[2022-06-21 07:12:49,087] {scheduler_job.py:633} INFO - Processing file /home/airflow/.local/lib/python3.6/site-packages/airflow/example_dags/example_trigger_target_dag.py for tasks to queue
[2022-06-21 07:12:49,089] {logging_mixin.py:104} INFO - [2022-06-21 07:12:49,089] {dagbag.py:487} INFO - Filling up the DagBag from /home/airflow/.local/lib/python3.6/site-packages/airflow/example_dags/example_trigger_target_dag.py
[2022-06-21 07:12:57,178] {scheduler_job.py:643} INFO - DAG(s) dict_keys(['example_trigger_target_dag']) retrieved from /home/airflow/.local/lib/python3.6/site-packages/airflow/example_dags/example_trigger_target_dag.py
[2022-06-21 07:12:57,260] {logging_mixin.py:104} INFO - [2022-06-21 07:12:57,260] {dag.py:1832} INFO - Sync 1 DAGs
[2022-06-21 07:12:57,295] {logging_mixin.py:104} INFO - [2022-06-21 07:12:57,295] {dag.py:2305} INFO - Setting next_dagrun for example_trigger_target_dag to None
[2022-06-21 07:12:57,317] {scheduler_job.py:190} INFO - Processing /home/airflow/.local/lib/python3.6/site-packages/airflow/example_dags/example_trigger_target_dag.py took 8.258 seconds
[2022-06-21 07:14:41,361] {scheduler_job.py:182} INFO - Started process (PID=252) to work on /home/airflow/.local/lib/python3.6/site-packages/airflow/example_dags/example_trigger_target_dag.py
[2022-06-21 07:14:41,363] {scheduler_job.py:633} INFO - Processing file /home/airflow/.local/lib/python3.6/site-packages/airflow/example_dags/example_trigger_target_dag.py for tasks to queue
[2022-06-21 07:14:41,365] {logging_mixin.py:104} INFO - [2022-06-21 07:14:41,365] {dagbag.py:487} INFO - Filling up the DagBag from /home/airflow/.local/lib/python3.6/site-packages/airflow/example_dags/example_trigger_target_dag.py
[2022-06-21 07:14:41,382] {scheduler_job.py:643} INFO - DAG(s) dict_keys(['example_trigger_target_dag']) retrieved from /home/airflow/.local/lib/python3.6/site-packages/airflow/example_dags/example_trigger_target_dag.py
[2022-06-21 07:14:41,407] {logging_mixin.py:104} INFO - [2022-06-21 07:14:41,407] {dag.py:1832} INFO - Sync 1 DAGs
[2022-06-21 07:14:41,420] {logging_mixin.py:104} INFO - [2022-06-21 07:14:41,420] {dag.py:2305} INFO - Setting next_dagrun for example_trigger_target_dag to None
[2022-06-21 07:14:41,430] {scheduler_job.py:190} INFO - Processing /home/airflow/.local/lib/python3.6/site-packages/airflow/example_dags/example_trigger_target_dag.py took 0.073 seconds
[2022-06-21 07:15:33,128] {scheduler_job.py:182} INFO - Started process (PID=306) to work on /home/airflow/.local/lib/python3.6/site-packages/airflow/example_dags/example_trigger_target_dag.py
[2022-06-21 07:15:33,130] {scheduler_job.py:633} INFO - Processing file /home/airflow/.local/lib/python3.6/site-packages/airflow/example_dags/example_trigger_target_dag.py for tasks to queue
[2022-06-21 07:15:33,133] {logging_mixin.py:104} INFO - [2022-06-21 07:15:33,133] {dagbag.py:487} INFO - Filling up the DagBag from /home/airflow/.local/lib/python3.6/site-packages/airflow/example_dags/example_trigger_target_dag.py
[2022-06-21 07:15:33,175] {scheduler_job.py:643} INFO - DAG(s) dict_keys(['example_trigger_target_dag']) retrieved from /home/airflow/.local/lib/python3.6/site-packages/airflow/example_dags/example_trigger_target_dag.py
[2022-06-21 07:15:33,215] {logging_mixin.py:104} INFO - [2022-06-21 07:15:33,214] {dag.py:1832} INFO - Sync 1 DAGs
[2022-06-21 07:15:33,230] {logging_mixin.py:104} INFO - [2022-06-21 07:15:33,230] {dag.py:2305} INFO - Setting next_dagrun for example_trigger_target_dag to None
[2022-06-21 07:15:33,248] {scheduler_job.py:190} INFO - Processing /home/airflow/.local/lib/python3.6/site-packages/airflow/example_dags/example_trigger_target_dag.py took 0.125 seconds
[2022-06-21 07:16:09,232] {scheduler_job.py:182} INFO - Started process (PID=357) to work on /home/airflow/.local/lib/python3.6/site-packages/airflow/example_dags/example_trigger_target_dag.py
[2022-06-21 07:16:09,240] {scheduler_job.py:633} INFO - Processing file /home/airflow/.local/lib/python3.6/site-packages/airflow/example_dags/example_trigger_target_dag.py for tasks to queue
[2022-06-21 07:16:09,245] {logging_mixin.py:104} INFO - [2022-06-21 07:16:09,245] {dagbag.py:487} INFO - Filling up the DagBag from /home/airflow/.local/lib/python3.6/site-packages/airflow/example_dags/example_trigger_target_dag.py
[2022-06-21 07:16:09,270] {scheduler_job.py:643} INFO - DAG(s) dict_keys(['example_trigger_target_dag']) retrieved from /home/airflow/.local/lib/python3.6/site-packages/airflow/example_dags/example_trigger_target_dag.py
[2022-06-21 07:16:09,298] {logging_mixin.py:104} INFO - [2022-06-21 07:16:09,298] {dag.py:1832} INFO - Sync 1 DAGs
[2022-06-21 07:16:09,312] {logging_mixin.py:104} INFO - [2022-06-21 07:16:09,312] {dag.py:2305} INFO - Setting next_dagrun for example_trigger_target_dag to None
[2022-06-21 07:16:09,325] {scheduler_job.py:190} INFO - Processing /home/airflow/.local/lib/python3.6/site-packages/airflow/example_dags/example_trigger_target_dag.py took 0.098 seconds
[2022-06-21 07:16:48,223] {scheduler_job.py:182} INFO - Started process (PID=427) to work on /home/airflow/.local/lib/python3.6/site-packages/airflow/example_dags/example_trigger_target_dag.py
[2022-06-21 07:16:48,227] {scheduler_job.py:633} INFO - Processing file /home/airflow/.local/lib/python3.6/site-packages/airflow/example_dags/example_trigger_target_dag.py for tasks to queue
[2022-06-21 07:16:48,229] {logging_mixin.py:104} INFO - [2022-06-21 07:16:48,229] {dagbag.py:487} INFO - Filling up the DagBag from /home/airflow/.local/lib/python3.6/site-packages/airflow/example_dags/example_trigger_target_dag.py
[2022-06-21 07:16:48,263] {scheduler_job.py:643} INFO - DAG(s) dict_keys(['example_trigger_target_dag']) retrieved from /home/airflow/.local/lib/python3.6/site-packages/airflow/example_dags/example_trigger_target_dag.py
[2022-06-21 07:16:48,309] {logging_mixin.py:104} INFO - [2022-06-21 07:16:48,309] {dag.py:1832} INFO - Sync 1 DAGs
[2022-06-21 07:16:48,327] {logging_mixin.py:104} INFO - [2022-06-21 07:16:48,326] {dag.py:2305} INFO - Setting next_dagrun for example_trigger_target_dag to None
[2022-06-21 07:16:48,347] {scheduler_job.py:190} INFO - Processing /home/airflow/.local/lib/python3.6/site-packages/airflow/example_dags/example_trigger_target_dag.py took 0.133 seconds
[2022-06-21 07:17:18,752] {scheduler_job.py:182} INFO - Started process (PID=488) to work on /home/airflow/.local/lib/python3.6/site-packages/airflow/example_dags/example_trigger_target_dag.py
[2022-06-21 07:17:18,754] {scheduler_job.py:633} INFO - Processing file /home/airflow/.local/lib/python3.6/site-packages/airflow/example_dags/example_trigger_target_dag.py for tasks to queue
[2022-06-21 07:17:18,755] {logging_mixin.py:104} INFO - [2022-06-21 07:17:18,755] {dagbag.py:487} INFO - Filling up the DagBag from /home/airflow/.local/lib/python3.6/site-packages/airflow/example_dags/example_trigger_target_dag.py
[2022-06-21 07:17:18,772] {scheduler_job.py:643} INFO - DAG(s) dict_keys(['example_trigger_target_dag']) retrieved from /home/airflow/.local/lib/python3.6/site-packages/airflow/example_dags/example_trigger_target_dag.py
[2022-06-21 07:17:18,794] {logging_mixin.py:104} INFO - [2022-06-21 07:17:18,794] {dag.py:1832} INFO - Sync 1 DAGs
[2022-06-21 07:17:18,806] {logging_mixin.py:104} INFO - [2022-06-21 07:17:18,806] {dag.py:2305} INFO - Setting next_dagrun for example_trigger_target_dag to None
[2022-06-21 07:17:18,815] {scheduler_job.py:190} INFO - Processing /home/airflow/.local/lib/python3.6/site-packages/airflow/example_dags/example_trigger_target_dag.py took 0.067 seconds
[2022-06-21 07:20:38,216] {scheduler_job.py:182} INFO - Started process (PID=61) to work on /home/airflow/.local/lib/python3.6/site-packages/airflow/example_dags/example_trigger_target_dag.py
[2022-06-21 07:20:38,222] {scheduler_job.py:633} INFO - Processing file /home/airflow/.local/lib/python3.6/site-packages/airflow/example_dags/example_trigger_target_dag.py for tasks to queue
[2022-06-21 07:20:38,224] {logging_mixin.py:104} INFO - [2022-06-21 07:20:38,223] {dagbag.py:487} INFO - Filling up the DagBag from /home/airflow/.local/lib/python3.6/site-packages/airflow/example_dags/example_trigger_target_dag.py
[2022-06-21 07:20:38,269] {scheduler_job.py:643} INFO - DAG(s) dict_keys(['example_trigger_target_dag']) retrieved from /home/airflow/.local/lib/python3.6/site-packages/airflow/example_dags/example_trigger_target_dag.py
[2022-06-21 07:20:38,389] {logging_mixin.py:104} INFO - [2022-06-21 07:20:38,389] {dag.py:1832} INFO - Sync 1 DAGs
[2022-06-21 07:20:38,427] {logging_mixin.py:104} INFO - [2022-06-21 07:20:38,427] {dag.py:2305} INFO - Setting next_dagrun for example_trigger_target_dag to None
[2022-06-21 07:20:38,443] {scheduler_job.py:190} INFO - Processing /home/airflow/.local/lib/python3.6/site-packages/airflow/example_dags/example_trigger_target_dag.py took 0.231 seconds
[2022-06-21 07:21:08,617] {scheduler_job.py:182} INFO - Started process (PID=91) to work on /home/airflow/.local/lib/python3.6/site-packages/airflow/example_dags/example_trigger_target_dag.py
[2022-06-21 07:21:08,620] {scheduler_job.py:633} INFO - Processing file /home/airflow/.local/lib/python3.6/site-packages/airflow/example_dags/example_trigger_target_dag.py for tasks to queue
[2022-06-21 07:21:08,622] {logging_mixin.py:104} INFO - [2022-06-21 07:21:08,622] {dagbag.py:487} INFO - Filling up the DagBag from /home/airflow/.local/lib/python3.6/site-packages/airflow/example_dags/example_trigger_target_dag.py
[2022-06-21 07:21:08,661] {scheduler_job.py:643} INFO - DAG(s) dict_keys(['example_trigger_target_dag']) retrieved from /home/airflow/.local/lib/python3.6/site-packages/airflow/example_dags/example_trigger_target_dag.py
[2022-06-21 07:21:08,686] {logging_mixin.py:104} INFO - [2022-06-21 07:21:08,686] {dag.py:1832} INFO - Sync 1 DAGs
[2022-06-21 07:21:08,706] {logging_mixin.py:104} INFO - [2022-06-21 07:21:08,706] {dag.py:2305} INFO - Setting next_dagrun for example_trigger_target_dag to None
[2022-06-21 07:21:08,719] {scheduler_job.py:190} INFO - Processing /home/airflow/.local/lib/python3.6/site-packages/airflow/example_dags/example_trigger_target_dag.py took 0.107 seconds
[2022-06-21 07:21:41,530] {scheduler_job.py:182} INFO - Started process (PID=154) to work on /home/airflow/.local/lib/python3.6/site-packages/airflow/example_dags/example_trigger_target_dag.py
[2022-06-21 07:21:41,537] {scheduler_job.py:633} INFO - Processing file /home/airflow/.local/lib/python3.6/site-packages/airflow/example_dags/example_trigger_target_dag.py for tasks to queue
[2022-06-21 07:21:41,542] {logging_mixin.py:104} INFO - [2022-06-21 07:21:41,542] {dagbag.py:487} INFO - Filling up the DagBag from /home/airflow/.local/lib/python3.6/site-packages/airflow/example_dags/example_trigger_target_dag.py
[2022-06-21 07:21:43,347] {scheduler_job.py:643} INFO - DAG(s) dict_keys(['example_trigger_target_dag']) retrieved from /home/airflow/.local/lib/python3.6/site-packages/airflow/example_dags/example_trigger_target_dag.py
[2022-06-21 07:21:44,865] {logging_mixin.py:104} INFO - [2022-06-21 07:21:44,864] {dag.py:1832} INFO - Sync 1 DAGs
[2022-06-21 07:21:44,958] {logging_mixin.py:104} INFO - [2022-06-21 07:21:44,957] {dag.py:2305} INFO - Setting next_dagrun for example_trigger_target_dag to None
[2022-06-21 07:21:44,993] {scheduler_job.py:190} INFO - Processing /home/airflow/.local/lib/python3.6/site-packages/airflow/example_dags/example_trigger_target_dag.py took 3.517 seconds
[2022-06-21 07:22:20,200] {scheduler_job.py:182} INFO - Started process (PID=226) to work on /home/airflow/.local/lib/python3.6/site-packages/airflow/example_dags/example_trigger_target_dag.py
[2022-06-21 07:22:21,300] {scheduler_job.py:633} INFO - Processing file /home/airflow/.local/lib/python3.6/site-packages/airflow/example_dags/example_trigger_target_dag.py for tasks to queue
[2022-06-21 07:22:21,895] {logging_mixin.py:104} INFO - [2022-06-21 07:22:21,889] {dagbag.py:487} INFO - Filling up the DagBag from /home/airflow/.local/lib/python3.6/site-packages/airflow/example_dags/example_trigger_target_dag.py
[2022-06-21 07:22:22,394] {scheduler_job.py:643} INFO - DAG(s) dict_keys(['example_trigger_target_dag']) retrieved from /home/airflow/.local/lib/python3.6/site-packages/airflow/example_dags/example_trigger_target_dag.py
[2022-06-21 07:22:23,579] {logging_mixin.py:104} INFO - [2022-06-21 07:22:23,579] {dag.py:1832} INFO - Sync 1 DAGs
[2022-06-21 07:22:23,648] {logging_mixin.py:104} INFO - [2022-06-21 07:22:23,648] {dag.py:2305} INFO - Setting next_dagrun for example_trigger_target_dag to None
[2022-06-21 07:22:23,699] {scheduler_job.py:190} INFO - Processing /home/airflow/.local/lib/python3.6/site-packages/airflow/example_dags/example_trigger_target_dag.py took 7.281 seconds
[2022-06-21 07:22:56,225] {scheduler_job.py:182} INFO - Started process (PID=278) to work on /home/airflow/.local/lib/python3.6/site-packages/airflow/example_dags/example_trigger_target_dag.py
[2022-06-21 07:22:56,264] {scheduler_job.py:633} INFO - Processing file /home/airflow/.local/lib/python3.6/site-packages/airflow/example_dags/example_trigger_target_dag.py for tasks to queue
[2022-06-21 07:22:56,275] {logging_mixin.py:104} INFO - [2022-06-21 07:22:56,275] {dagbag.py:487} INFO - Filling up the DagBag from /home/airflow/.local/lib/python3.6/site-packages/airflow/example_dags/example_trigger_target_dag.py
[2022-06-21 07:23:03,790] {scheduler_job.py:643} INFO - DAG(s) dict_keys(['example_trigger_target_dag']) retrieved from /home/airflow/.local/lib/python3.6/site-packages/airflow/example_dags/example_trigger_target_dag.py
[2022-06-21 07:23:05,151] {logging_mixin.py:104} INFO - [2022-06-21 07:23:05,150] {dag.py:1832} INFO - Sync 1 DAGs
[2022-06-21 07:23:05,184] {logging_mixin.py:104} INFO - [2022-06-21 07:23:05,184] {dag.py:2305} INFO - Setting next_dagrun for example_trigger_target_dag to None
[2022-06-21 07:23:05,226] {scheduler_job.py:190} INFO - Processing /home/airflow/.local/lib/python3.6/site-packages/airflow/example_dags/example_trigger_target_dag.py took 9.024 seconds
[2022-06-21 07:23:36,079] {scheduler_job.py:182} INFO - Started process (PID=339) to work on /home/airflow/.local/lib/python3.6/site-packages/airflow/example_dags/example_trigger_target_dag.py
[2022-06-21 07:23:36,082] {scheduler_job.py:633} INFO - Processing file /home/airflow/.local/lib/python3.6/site-packages/airflow/example_dags/example_trigger_target_dag.py for tasks to queue
[2022-06-21 07:23:36,084] {logging_mixin.py:104} INFO - [2022-06-21 07:23:36,084] {dagbag.py:487} INFO - Filling up the DagBag from /home/airflow/.local/lib/python3.6/site-packages/airflow/example_dags/example_trigger_target_dag.py
[2022-06-21 07:23:36,123] {scheduler_job.py:643} INFO - DAG(s) dict_keys(['example_trigger_target_dag']) retrieved from /home/airflow/.local/lib/python3.6/site-packages/airflow/example_dags/example_trigger_target_dag.py
[2022-06-21 07:23:36,154] {logging_mixin.py:104} INFO - [2022-06-21 07:23:36,154] {dag.py:1832} INFO - Sync 1 DAGs
[2022-06-21 07:23:36,174] {logging_mixin.py:104} INFO - [2022-06-21 07:23:36,174] {dag.py:2305} INFO - Setting next_dagrun for example_trigger_target_dag to None
[2022-06-21 07:23:36,187] {scheduler_job.py:190} INFO - Processing /home/airflow/.local/lib/python3.6/site-packages/airflow/example_dags/example_trigger_target_dag.py took 0.112 seconds
[2022-06-21 07:24:06,297] {scheduler_job.py:182} INFO - Started process (PID=402) to work on /home/airflow/.local/lib/python3.6/site-packages/airflow/example_dags/example_trigger_target_dag.py
[2022-06-21 07:24:06,298] {scheduler_job.py:633} INFO - Processing file /home/airflow/.local/lib/python3.6/site-packages/airflow/example_dags/example_trigger_target_dag.py for tasks to queue
[2022-06-21 07:24:06,300] {logging_mixin.py:104} INFO - [2022-06-21 07:24:06,300] {dagbag.py:487} INFO - Filling up the DagBag from /home/airflow/.local/lib/python3.6/site-packages/airflow/example_dags/example_trigger_target_dag.py
[2022-06-21 07:24:06,322] {scheduler_job.py:643} INFO - DAG(s) dict_keys(['example_trigger_target_dag']) retrieved from /home/airflow/.local/lib/python3.6/site-packages/airflow/example_dags/example_trigger_target_dag.py
[2022-06-21 07:24:06,344] {logging_mixin.py:104} INFO - [2022-06-21 07:24:06,344] {dag.py:1832} INFO - Sync 1 DAGs
[2022-06-21 07:24:06,361] {logging_mixin.py:104} INFO - [2022-06-21 07:24:06,361] {dag.py:2305} INFO - Setting next_dagrun for example_trigger_target_dag to None
[2022-06-21 07:24:06,371] {scheduler_job.py:190} INFO - Processing /home/airflow/.local/lib/python3.6/site-packages/airflow/example_dags/example_trigger_target_dag.py took 0.078 seconds
[2022-06-21 07:24:46,107] {scheduler_job.py:182} INFO - Started process (PID=64) to work on /home/airflow/.local/lib/python3.6/site-packages/airflow/example_dags/example_trigger_target_dag.py
[2022-06-21 07:24:46,112] {scheduler_job.py:633} INFO - Processing file /home/airflow/.local/lib/python3.6/site-packages/airflow/example_dags/example_trigger_target_dag.py for tasks to queue
[2022-06-21 07:24:46,123] {logging_mixin.py:104} INFO - [2022-06-21 07:24:46,123] {dagbag.py:487} INFO - Filling up the DagBag from /home/airflow/.local/lib/python3.6/site-packages/airflow/example_dags/example_trigger_target_dag.py
[2022-06-21 07:24:46,169] {scheduler_job.py:643} INFO - DAG(s) dict_keys(['example_trigger_target_dag']) retrieved from /home/airflow/.local/lib/python3.6/site-packages/airflow/example_dags/example_trigger_target_dag.py
[2022-06-21 07:24:46,231] {logging_mixin.py:104} INFO - [2022-06-21 07:24:46,231] {dag.py:1832} INFO - Sync 1 DAGs
[2022-06-21 07:24:46,260] {logging_mixin.py:104} INFO - [2022-06-21 07:24:46,260] {dag.py:2305} INFO - Setting next_dagrun for example_trigger_target_dag to None
[2022-06-21 07:24:46,280] {scheduler_job.py:190} INFO - Processing /home/airflow/.local/lib/python3.6/site-packages/airflow/example_dags/example_trigger_target_dag.py took 0.173 seconds
[2022-06-21 07:25:18,416] {scheduler_job.py:182} INFO - Started process (PID=104) to work on /home/airflow/.local/lib/python3.6/site-packages/airflow/example_dags/example_trigger_target_dag.py
[2022-06-21 07:25:18,422] {scheduler_job.py:633} INFO - Processing file /home/airflow/.local/lib/python3.6/site-packages/airflow/example_dags/example_trigger_target_dag.py for tasks to queue
[2022-06-21 07:25:18,434] {logging_mixin.py:104} INFO - [2022-06-21 07:25:18,432] {dagbag.py:487} INFO - Filling up the DagBag from /home/airflow/.local/lib/python3.6/site-packages/airflow/example_dags/example_trigger_target_dag.py
[2022-06-21 07:25:18,713] {scheduler_job.py:643} INFO - DAG(s) dict_keys(['example_trigger_target_dag']) retrieved from /home/airflow/.local/lib/python3.6/site-packages/airflow/example_dags/example_trigger_target_dag.py
[2022-06-21 07:25:18,791] {logging_mixin.py:104} INFO - [2022-06-21 07:25:18,789] {dag.py:1832} INFO - Sync 1 DAGs
[2022-06-21 07:25:18,829] {logging_mixin.py:104} INFO - [2022-06-21 07:25:18,829] {dag.py:2305} INFO - Setting next_dagrun for example_trigger_target_dag to None
[2022-06-21 07:25:18,859] {scheduler_job.py:190} INFO - Processing /home/airflow/.local/lib/python3.6/site-packages/airflow/example_dags/example_trigger_target_dag.py took 0.458 seconds
[2022-06-21 07:25:48,998] {scheduler_job.py:182} INFO - Started process (PID=173) to work on /home/airflow/.local/lib/python3.6/site-packages/airflow/example_dags/example_trigger_target_dag.py
[2022-06-21 07:25:49,000] {scheduler_job.py:633} INFO - Processing file /home/airflow/.local/lib/python3.6/site-packages/airflow/example_dags/example_trigger_target_dag.py for tasks to queue
[2022-06-21 07:25:49,001] {logging_mixin.py:104} INFO - [2022-06-21 07:25:49,001] {dagbag.py:487} INFO - Filling up the DagBag from /home/airflow/.local/lib/python3.6/site-packages/airflow/example_dags/example_trigger_target_dag.py
[2022-06-21 07:25:49,024] {scheduler_job.py:643} INFO - DAG(s) dict_keys(['example_trigger_target_dag']) retrieved from /home/airflow/.local/lib/python3.6/site-packages/airflow/example_dags/example_trigger_target_dag.py
[2022-06-21 07:25:49,048] {logging_mixin.py:104} INFO - [2022-06-21 07:25:49,048] {dag.py:1832} INFO - Sync 1 DAGs
[2022-06-21 07:25:49,065] {logging_mixin.py:104} INFO - [2022-06-21 07:25:49,065] {dag.py:2305} INFO - Setting next_dagrun for example_trigger_target_dag to None
[2022-06-21 07:25:49,077] {scheduler_job.py:190} INFO - Processing /home/airflow/.local/lib/python3.6/site-packages/airflow/example_dags/example_trigger_target_dag.py took 0.084 seconds
[2022-06-21 07:26:58,318] {scheduler_job.py:182} INFO - Started process (PID=221) to work on /home/airflow/.local/lib/python3.6/site-packages/airflow/example_dags/example_trigger_target_dag.py
[2022-06-21 07:26:58,321] {scheduler_job.py:633} INFO - Processing file /home/airflow/.local/lib/python3.6/site-packages/airflow/example_dags/example_trigger_target_dag.py for tasks to queue
[2022-06-21 07:26:58,323] {logging_mixin.py:104} INFO - [2022-06-21 07:26:58,323] {dagbag.py:487} INFO - Filling up the DagBag from /home/airflow/.local/lib/python3.6/site-packages/airflow/example_dags/example_trigger_target_dag.py
[2022-06-21 07:26:58,357] {scheduler_job.py:643} INFO - DAG(s) dict_keys(['example_trigger_target_dag']) retrieved from /home/airflow/.local/lib/python3.6/site-packages/airflow/example_dags/example_trigger_target_dag.py
[2022-06-21 07:26:58,430] {logging_mixin.py:104} INFO - [2022-06-21 07:26:58,430] {dag.py:1832} INFO - Sync 1 DAGs
[2022-06-21 07:26:58,490] {logging_mixin.py:104} INFO - [2022-06-21 07:26:58,490] {dag.py:2305} INFO - Setting next_dagrun for example_trigger_target_dag to None
[2022-06-21 07:26:58,537] {scheduler_job.py:190} INFO - Processing /home/airflow/.local/lib/python3.6/site-packages/airflow/example_dags/example_trigger_target_dag.py took 0.223 seconds
[2022-06-21 07:27:28,684] {scheduler_job.py:182} INFO - Started process (PID=282) to work on /home/airflow/.local/lib/python3.6/site-packages/airflow/example_dags/example_trigger_target_dag.py
[2022-06-21 07:27:28,687] {scheduler_job.py:633} INFO - Processing file /home/airflow/.local/lib/python3.6/site-packages/airflow/example_dags/example_trigger_target_dag.py for tasks to queue
[2022-06-21 07:27:28,688] {logging_mixin.py:104} INFO - [2022-06-21 07:27:28,688] {dagbag.py:487} INFO - Filling up the DagBag from /home/airflow/.local/lib/python3.6/site-packages/airflow/example_dags/example_trigger_target_dag.py
[2022-06-21 07:27:28,708] {scheduler_job.py:643} INFO - DAG(s) dict_keys(['example_trigger_target_dag']) retrieved from /home/airflow/.local/lib/python3.6/site-packages/airflow/example_dags/example_trigger_target_dag.py
[2022-06-21 07:27:28,731] {logging_mixin.py:104} INFO - [2022-06-21 07:27:28,731] {dag.py:1832} INFO - Sync 1 DAGs
[2022-06-21 07:27:28,748] {logging_mixin.py:104} INFO - [2022-06-21 07:27:28,748] {dag.py:2305} INFO - Setting next_dagrun for example_trigger_target_dag to None
[2022-06-21 07:27:28,759] {scheduler_job.py:190} INFO - Processing /home/airflow/.local/lib/python3.6/site-packages/airflow/example_dags/example_trigger_target_dag.py took 0.078 seconds
[2022-06-21 07:28:04,556] {scheduler_job.py:182} INFO - Started process (PID=330) to work on /home/airflow/.local/lib/python3.6/site-packages/airflow/example_dags/example_trigger_target_dag.py
[2022-06-21 07:28:04,563] {scheduler_job.py:633} INFO - Processing file /home/airflow/.local/lib/python3.6/site-packages/airflow/example_dags/example_trigger_target_dag.py for tasks to queue
[2022-06-21 07:28:04,565] {logging_mixin.py:104} INFO - [2022-06-21 07:28:04,565] {dagbag.py:487} INFO - Filling up the DagBag from /home/airflow/.local/lib/python3.6/site-packages/airflow/example_dags/example_trigger_target_dag.py
[2022-06-21 07:28:04,612] {scheduler_job.py:643} INFO - DAG(s) dict_keys(['example_trigger_target_dag']) retrieved from /home/airflow/.local/lib/python3.6/site-packages/airflow/example_dags/example_trigger_target_dag.py
[2022-06-21 07:28:04,651] {logging_mixin.py:104} INFO - [2022-06-21 07:28:04,651] {dag.py:1832} INFO - Sync 1 DAGs
[2022-06-21 07:28:04,680] {logging_mixin.py:104} INFO - [2022-06-21 07:28:04,680] {dag.py:2305} INFO - Setting next_dagrun for example_trigger_target_dag to None
[2022-06-21 07:28:04,727] {scheduler_job.py:190} INFO - Processing /home/airflow/.local/lib/python3.6/site-packages/airflow/example_dags/example_trigger_target_dag.py took 0.179 seconds
[2022-06-21 07:28:34,984] {scheduler_job.py:182} INFO - Started process (PID=389) to work on /home/airflow/.local/lib/python3.6/site-packages/airflow/example_dags/example_trigger_target_dag.py
[2022-06-21 07:28:34,986] {scheduler_job.py:633} INFO - Processing file /home/airflow/.local/lib/python3.6/site-packages/airflow/example_dags/example_trigger_target_dag.py for tasks to queue
[2022-06-21 07:28:34,987] {logging_mixin.py:104} INFO - [2022-06-21 07:28:34,987] {dagbag.py:487} INFO - Filling up the DagBag from /home/airflow/.local/lib/python3.6/site-packages/airflow/example_dags/example_trigger_target_dag.py
[2022-06-21 07:28:35,011] {scheduler_job.py:643} INFO - DAG(s) dict_keys(['example_trigger_target_dag']) retrieved from /home/airflow/.local/lib/python3.6/site-packages/airflow/example_dags/example_trigger_target_dag.py
[2022-06-21 07:28:35,035] {logging_mixin.py:104} INFO - [2022-06-21 07:28:35,035] {dag.py:1832} INFO - Sync 1 DAGs
[2022-06-21 07:28:35,052] {logging_mixin.py:104} INFO - [2022-06-21 07:28:35,052] {dag.py:2305} INFO - Setting next_dagrun for example_trigger_target_dag to None
[2022-06-21 07:28:35,064] {scheduler_job.py:190} INFO - Processing /home/airflow/.local/lib/python3.6/site-packages/airflow/example_dags/example_trigger_target_dag.py took 0.084 seconds
[2022-06-21 07:29:27,751] {scheduler_job.py:182} INFO - Started process (PID=46) to work on /home/airflow/.local/lib/python3.6/site-packages/airflow/example_dags/example_trigger_target_dag.py
[2022-06-21 07:29:27,753] {scheduler_job.py:633} INFO - Processing file /home/airflow/.local/lib/python3.6/site-packages/airflow/example_dags/example_trigger_target_dag.py for tasks to queue
[2022-06-21 07:29:27,754] {logging_mixin.py:104} INFO - [2022-06-21 07:29:27,754] {dagbag.py:487} INFO - Filling up the DagBag from /home/airflow/.local/lib/python3.6/site-packages/airflow/example_dags/example_trigger_target_dag.py
[2022-06-21 07:29:27,771] {scheduler_job.py:643} INFO - DAG(s) dict_keys(['example_trigger_target_dag']) retrieved from /home/airflow/.local/lib/python3.6/site-packages/airflow/example_dags/example_trigger_target_dag.py
[2022-06-21 07:29:27,809] {logging_mixin.py:104} INFO - [2022-06-21 07:29:27,809] {dag.py:1832} INFO - Sync 1 DAGs
[2022-06-21 07:29:27,824] {logging_mixin.py:104} INFO - [2022-06-21 07:29:27,824] {dag.py:2305} INFO - Setting next_dagrun for example_trigger_target_dag to None
[2022-06-21 07:29:27,834] {scheduler_job.py:190} INFO - Processing /home/airflow/.local/lib/python3.6/site-packages/airflow/example_dags/example_trigger_target_dag.py took 0.085 seconds
[2022-06-21 07:29:57,903] {scheduler_job.py:182} INFO - Started process (PID=120) to work on /home/airflow/.local/lib/python3.6/site-packages/airflow/example_dags/example_trigger_target_dag.py
[2022-06-21 07:29:57,906] {scheduler_job.py:633} INFO - Processing file /home/airflow/.local/lib/python3.6/site-packages/airflow/example_dags/example_trigger_target_dag.py for tasks to queue
[2022-06-21 07:29:57,908] {logging_mixin.py:104} INFO - [2022-06-21 07:29:57,907] {dagbag.py:487} INFO - Filling up the DagBag from /home/airflow/.local/lib/python3.6/site-packages/airflow/example_dags/example_trigger_target_dag.py
[2022-06-21 07:29:57,925] {scheduler_job.py:643} INFO - DAG(s) dict_keys(['example_trigger_target_dag']) retrieved from /home/airflow/.local/lib/python3.6/site-packages/airflow/example_dags/example_trigger_target_dag.py
[2022-06-21 07:29:57,953] {logging_mixin.py:104} INFO - [2022-06-21 07:29:57,953] {dag.py:1832} INFO - Sync 1 DAGs
[2022-06-21 07:29:57,971] {logging_mixin.py:104} INFO - [2022-06-21 07:29:57,971] {dag.py:2305} INFO - Setting next_dagrun for example_trigger_target_dag to None
[2022-06-21 07:29:57,981] {scheduler_job.py:190} INFO - Processing /home/airflow/.local/lib/python3.6/site-packages/airflow/example_dags/example_trigger_target_dag.py took 0.082 seconds
[2022-06-21 07:30:28,158] {scheduler_job.py:182} INFO - Started process (PID=182) to work on /home/airflow/.local/lib/python3.6/site-packages/airflow/example_dags/example_trigger_target_dag.py
[2022-06-21 07:30:28,161] {scheduler_job.py:633} INFO - Processing file /home/airflow/.local/lib/python3.6/site-packages/airflow/example_dags/example_trigger_target_dag.py for tasks to queue
[2022-06-21 07:30:28,162] {logging_mixin.py:104} INFO - [2022-06-21 07:30:28,162] {dagbag.py:487} INFO - Filling up the DagBag from /home/airflow/.local/lib/python3.6/site-packages/airflow/example_dags/example_trigger_target_dag.py
[2022-06-21 07:30:28,175] {scheduler_job.py:643} INFO - DAG(s) dict_keys(['example_trigger_target_dag']) retrieved from /home/airflow/.local/lib/python3.6/site-packages/airflow/example_dags/example_trigger_target_dag.py
[2022-06-21 07:30:28,196] {logging_mixin.py:104} INFO - [2022-06-21 07:30:28,196] {dag.py:1832} INFO - Sync 1 DAGs
[2022-06-21 07:30:28,212] {logging_mixin.py:104} INFO - [2022-06-21 07:30:28,212] {dag.py:2305} INFO - Setting next_dagrun for example_trigger_target_dag to None
[2022-06-21 07:30:28,222] {scheduler_job.py:190} INFO - Processing /home/airflow/.local/lib/python3.6/site-packages/airflow/example_dags/example_trigger_target_dag.py took 0.067 seconds
[2022-06-21 07:31:33,180] {scheduler_job.py:182} INFO - Started process (PID=62) to work on /home/airflow/.local/lib/python3.6/site-packages/airflow/example_dags/example_trigger_target_dag.py
[2022-06-21 07:31:33,183] {scheduler_job.py:633} INFO - Processing file /home/airflow/.local/lib/python3.6/site-packages/airflow/example_dags/example_trigger_target_dag.py for tasks to queue
[2022-06-21 07:31:33,184] {logging_mixin.py:104} INFO - [2022-06-21 07:31:33,184] {dagbag.py:487} INFO - Filling up the DagBag from /home/airflow/.local/lib/python3.6/site-packages/airflow/example_dags/example_trigger_target_dag.py
[2022-06-21 07:31:33,221] {scheduler_job.py:643} INFO - DAG(s) dict_keys(['example_trigger_target_dag']) retrieved from /home/airflow/.local/lib/python3.6/site-packages/airflow/example_dags/example_trigger_target_dag.py
[2022-06-21 07:31:33,267] {logging_mixin.py:104} INFO - [2022-06-21 07:31:33,267] {dag.py:1832} INFO - Sync 1 DAGs
[2022-06-21 07:31:33,308] {logging_mixin.py:104} INFO - [2022-06-21 07:31:33,307] {dag.py:2305} INFO - Setting next_dagrun for example_trigger_target_dag to None
[2022-06-21 07:31:33,340] {scheduler_job.py:190} INFO - Processing /home/airflow/.local/lib/python3.6/site-packages/airflow/example_dags/example_trigger_target_dag.py took 0.163 seconds
[2022-06-21 07:32:04,131] {scheduler_job.py:182} INFO - Started process (PID=124) to work on /home/airflow/.local/lib/python3.6/site-packages/airflow/example_dags/example_trigger_target_dag.py
[2022-06-21 07:32:04,134] {scheduler_job.py:633} INFO - Processing file /home/airflow/.local/lib/python3.6/site-packages/airflow/example_dags/example_trigger_target_dag.py for tasks to queue
[2022-06-21 07:32:04,135] {logging_mixin.py:104} INFO - [2022-06-21 07:32:04,135] {dagbag.py:487} INFO - Filling up the DagBag from /home/airflow/.local/lib/python3.6/site-packages/airflow/example_dags/example_trigger_target_dag.py
[2022-06-21 07:32:04,154] {scheduler_job.py:643} INFO - DAG(s) dict_keys(['example_trigger_target_dag']) retrieved from /home/airflow/.local/lib/python3.6/site-packages/airflow/example_dags/example_trigger_target_dag.py
[2022-06-21 07:32:04,177] {logging_mixin.py:104} INFO - [2022-06-21 07:32:04,177] {dag.py:1832} INFO - Sync 1 DAGs
[2022-06-21 07:32:04,192] {logging_mixin.py:104} INFO - [2022-06-21 07:32:04,192] {dag.py:2305} INFO - Setting next_dagrun for example_trigger_target_dag to None
[2022-06-21 07:32:04,201] {scheduler_job.py:190} INFO - Processing /home/airflow/.local/lib/python3.6/site-packages/airflow/example_dags/example_trigger_target_dag.py took 0.073 seconds
[2022-06-21 07:32:35,333] {scheduler_job.py:182} INFO - Started process (PID=205) to work on /home/airflow/.local/lib/python3.6/site-packages/airflow/example_dags/example_trigger_target_dag.py
[2022-06-21 07:32:35,335] {scheduler_job.py:633} INFO - Processing file /home/airflow/.local/lib/python3.6/site-packages/airflow/example_dags/example_trigger_target_dag.py for tasks to queue
[2022-06-21 07:32:35,337] {logging_mixin.py:104} INFO - [2022-06-21 07:32:35,337] {dagbag.py:487} INFO - Filling up the DagBag from /home/airflow/.local/lib/python3.6/site-packages/airflow/example_dags/example_trigger_target_dag.py
[2022-06-21 07:32:35,360] {scheduler_job.py:643} INFO - DAG(s) dict_keys(['example_trigger_target_dag']) retrieved from /home/airflow/.local/lib/python3.6/site-packages/airflow/example_dags/example_trigger_target_dag.py
[2022-06-21 07:32:35,386] {logging_mixin.py:104} INFO - [2022-06-21 07:32:35,386] {dag.py:1832} INFO - Sync 1 DAGs
[2022-06-21 07:32:35,410] {logging_mixin.py:104} INFO - [2022-06-21 07:32:35,410] {dag.py:2305} INFO - Setting next_dagrun for example_trigger_target_dag to None
[2022-06-21 07:32:35,427] {scheduler_job.py:190} INFO - Processing /home/airflow/.local/lib/python3.6/site-packages/airflow/example_dags/example_trigger_target_dag.py took 0.099 seconds
[2022-06-21 07:33:05,477] {scheduler_job.py:182} INFO - Started process (PID=274) to work on /home/airflow/.local/lib/python3.6/site-packages/airflow/example_dags/example_trigger_target_dag.py
[2022-06-21 07:33:05,479] {scheduler_job.py:633} INFO - Processing file /home/airflow/.local/lib/python3.6/site-packages/airflow/example_dags/example_trigger_target_dag.py for tasks to queue
[2022-06-21 07:33:05,480] {logging_mixin.py:104} INFO - [2022-06-21 07:33:05,480] {dagbag.py:487} INFO - Filling up the DagBag from /home/airflow/.local/lib/python3.6/site-packages/airflow/example_dags/example_trigger_target_dag.py
[2022-06-21 07:33:05,498] {scheduler_job.py:643} INFO - DAG(s) dict_keys(['example_trigger_target_dag']) retrieved from /home/airflow/.local/lib/python3.6/site-packages/airflow/example_dags/example_trigger_target_dag.py
[2022-06-21 07:33:05,525] {logging_mixin.py:104} INFO - [2022-06-21 07:33:05,524] {dag.py:1832} INFO - Sync 1 DAGs
[2022-06-21 07:33:05,540] {logging_mixin.py:104} INFO - [2022-06-21 07:33:05,540] {dag.py:2305} INFO - Setting next_dagrun for example_trigger_target_dag to None
[2022-06-21 07:33:05,549] {scheduler_job.py:190} INFO - Processing /home/airflow/.local/lib/python3.6/site-packages/airflow/example_dags/example_trigger_target_dag.py took 0.074 seconds
[2022-06-21 07:33:35,771] {scheduler_job.py:182} INFO - Started process (PID=351) to work on /home/airflow/.local/lib/python3.6/site-packages/airflow/example_dags/example_trigger_target_dag.py
[2022-06-21 07:33:35,774] {scheduler_job.py:633} INFO - Processing file /home/airflow/.local/lib/python3.6/site-packages/airflow/example_dags/example_trigger_target_dag.py for tasks to queue
[2022-06-21 07:33:35,775] {logging_mixin.py:104} INFO - [2022-06-21 07:33:35,775] {dagbag.py:487} INFO - Filling up the DagBag from /home/airflow/.local/lib/python3.6/site-packages/airflow/example_dags/example_trigger_target_dag.py
[2022-06-21 07:33:35,798] {scheduler_job.py:643} INFO - DAG(s) dict_keys(['example_trigger_target_dag']) retrieved from /home/airflow/.local/lib/python3.6/site-packages/airflow/example_dags/example_trigger_target_dag.py
[2022-06-21 07:33:35,834] {logging_mixin.py:104} INFO - [2022-06-21 07:33:35,834] {dag.py:1832} INFO - Sync 1 DAGs
[2022-06-21 07:33:35,855] {logging_mixin.py:104} INFO - [2022-06-21 07:33:35,854] {dag.py:2305} INFO - Setting next_dagrun for example_trigger_target_dag to None
[2022-06-21 07:33:35,865] {scheduler_job.py:190} INFO - Processing /home/airflow/.local/lib/python3.6/site-packages/airflow/example_dags/example_trigger_target_dag.py took 0.100 seconds
