[2022-06-21 06:58:19,286] {scheduler_job.py:182} INFO - Started process (PID=218) to work on /home/airflow/.local/lib/python3.6/site-packages/airflow/example_dags/example_python_operator.py
[2022-06-21 06:58:19,289] {scheduler_job.py:633} INFO - Processing file /home/airflow/.local/lib/python3.6/site-packages/airflow/example_dags/example_python_operator.py for tasks to queue
[2022-06-21 06:58:19,290] {logging_mixin.py:104} INFO - [2022-06-21 06:58:19,290] {dagbag.py:487} INFO - Filling up the DagBag from /home/airflow/.local/lib/python3.6/site-packages/airflow/example_dags/example_python_operator.py
[2022-06-21 06:58:19,322] {scheduler_job.py:643} INFO - DAG(s) dict_keys(['example_python_operator']) retrieved from /home/airflow/.local/lib/python3.6/site-packages/airflow/example_dags/example_python_operator.py
[2022-06-21 06:58:22,653] {logging_mixin.py:104} INFO - [2022-06-21 06:58:22,651] {dag.py:1832} INFO - Sync 1 DAGs
[2022-06-21 06:58:22,674] {logging_mixin.py:104} INFO - [2022-06-21 06:58:22,672] {dag.py:1851} INFO - Creating ORM DAG for example_python_operator
[2022-06-21 06:58:22,684] {logging_mixin.py:104} INFO - [2022-06-21 06:58:22,684] {dag.py:2305} INFO - Setting next_dagrun for example_python_operator to None
[2022-06-21 06:58:22,702] {scheduler_job.py:190} INFO - Processing /home/airflow/.local/lib/python3.6/site-packages/airflow/example_dags/example_python_operator.py took 3.421 seconds
[2022-06-21 06:58:53,644] {scheduler_job.py:182} INFO - Started process (PID=284) to work on /home/airflow/.local/lib/python3.6/site-packages/airflow/example_dags/example_python_operator.py
[2022-06-21 06:58:53,646] {scheduler_job.py:633} INFO - Processing file /home/airflow/.local/lib/python3.6/site-packages/airflow/example_dags/example_python_operator.py for tasks to queue
[2022-06-21 06:58:53,650] {logging_mixin.py:104} INFO - [2022-06-21 06:58:53,649] {dagbag.py:487} INFO - Filling up the DagBag from /home/airflow/.local/lib/python3.6/site-packages/airflow/example_dags/example_python_operator.py
[2022-06-21 06:58:53,679] {scheduler_job.py:643} INFO - DAG(s) dict_keys(['example_python_operator']) retrieved from /home/airflow/.local/lib/python3.6/site-packages/airflow/example_dags/example_python_operator.py
[2022-06-21 06:58:53,716] {logging_mixin.py:104} INFO - [2022-06-21 06:58:53,716] {dag.py:1832} INFO - Sync 1 DAGs
[2022-06-21 06:58:53,731] {logging_mixin.py:104} INFO - [2022-06-21 06:58:53,731] {dag.py:2305} INFO - Setting next_dagrun for example_python_operator to None
[2022-06-21 06:58:53,753] {scheduler_job.py:190} INFO - Processing /home/airflow/.local/lib/python3.6/site-packages/airflow/example_dags/example_python_operator.py took 0.115 seconds
[2022-06-21 06:59:24,165] {scheduler_job.py:182} INFO - Started process (PID=347) to work on /home/airflow/.local/lib/python3.6/site-packages/airflow/example_dags/example_python_operator.py
[2022-06-21 06:59:24,170] {scheduler_job.py:633} INFO - Processing file /home/airflow/.local/lib/python3.6/site-packages/airflow/example_dags/example_python_operator.py for tasks to queue
[2022-06-21 06:59:24,174] {logging_mixin.py:104} INFO - [2022-06-21 06:59:24,173] {dagbag.py:487} INFO - Filling up the DagBag from /home/airflow/.local/lib/python3.6/site-packages/airflow/example_dags/example_python_operator.py
[2022-06-21 06:59:24,204] {scheduler_job.py:643} INFO - DAG(s) dict_keys(['example_python_operator']) retrieved from /home/airflow/.local/lib/python3.6/site-packages/airflow/example_dags/example_python_operator.py
[2022-06-21 06:59:24,244] {logging_mixin.py:104} INFO - [2022-06-21 06:59:24,244] {dag.py:1832} INFO - Sync 1 DAGs
[2022-06-21 06:59:24,267] {logging_mixin.py:104} INFO - [2022-06-21 06:59:24,267] {dag.py:2305} INFO - Setting next_dagrun for example_python_operator to None
[2022-06-21 06:59:24,291] {scheduler_job.py:190} INFO - Processing /home/airflow/.local/lib/python3.6/site-packages/airflow/example_dags/example_python_operator.py took 0.137 seconds
[2022-06-21 06:59:57,744] {scheduler_job.py:182} INFO - Started process (PID=375) to work on /home/airflow/.local/lib/python3.6/site-packages/airflow/example_dags/example_python_operator.py
[2022-06-21 06:59:57,747] {scheduler_job.py:633} INFO - Processing file /home/airflow/.local/lib/python3.6/site-packages/airflow/example_dags/example_python_operator.py for tasks to queue
[2022-06-21 06:59:57,749] {logging_mixin.py:104} INFO - [2022-06-21 06:59:57,748] {dagbag.py:487} INFO - Filling up the DagBag from /home/airflow/.local/lib/python3.6/site-packages/airflow/example_dags/example_python_operator.py
[2022-06-21 06:59:57,765] {scheduler_job.py:643} INFO - DAG(s) dict_keys(['example_python_operator']) retrieved from /home/airflow/.local/lib/python3.6/site-packages/airflow/example_dags/example_python_operator.py
[2022-06-21 06:59:57,790] {logging_mixin.py:104} INFO - [2022-06-21 06:59:57,790] {dag.py:1832} INFO - Sync 1 DAGs
[2022-06-21 06:59:57,807] {logging_mixin.py:104} INFO - [2022-06-21 06:59:57,806] {dag.py:2305} INFO - Setting next_dagrun for example_python_operator to None
[2022-06-21 06:59:57,819] {scheduler_job.py:190} INFO - Processing /home/airflow/.local/lib/python3.6/site-packages/airflow/example_dags/example_python_operator.py took 0.078 seconds
[2022-06-21 07:00:28,885] {scheduler_job.py:182} INFO - Started process (PID=437) to work on /home/airflow/.local/lib/python3.6/site-packages/airflow/example_dags/example_python_operator.py
[2022-06-21 07:00:28,887] {scheduler_job.py:633} INFO - Processing file /home/airflow/.local/lib/python3.6/site-packages/airflow/example_dags/example_python_operator.py for tasks to queue
[2022-06-21 07:00:28,889] {logging_mixin.py:104} INFO - [2022-06-21 07:00:28,889] {dagbag.py:487} INFO - Filling up the DagBag from /home/airflow/.local/lib/python3.6/site-packages/airflow/example_dags/example_python_operator.py
[2022-06-21 07:00:28,905] {scheduler_job.py:643} INFO - DAG(s) dict_keys(['example_python_operator']) retrieved from /home/airflow/.local/lib/python3.6/site-packages/airflow/example_dags/example_python_operator.py
[2022-06-21 07:00:28,935] {logging_mixin.py:104} INFO - [2022-06-21 07:00:28,935] {dag.py:1832} INFO - Sync 1 DAGs
[2022-06-21 07:00:28,961] {logging_mixin.py:104} INFO - [2022-06-21 07:00:28,961] {dag.py:2305} INFO - Setting next_dagrun for example_python_operator to None
[2022-06-21 07:00:28,985] {scheduler_job.py:190} INFO - Processing /home/airflow/.local/lib/python3.6/site-packages/airflow/example_dags/example_python_operator.py took 0.104 seconds
[2022-06-21 07:00:59,198] {scheduler_job.py:182} INFO - Started process (PID=498) to work on /home/airflow/.local/lib/python3.6/site-packages/airflow/example_dags/example_python_operator.py
[2022-06-21 07:00:59,201] {scheduler_job.py:633} INFO - Processing file /home/airflow/.local/lib/python3.6/site-packages/airflow/example_dags/example_python_operator.py for tasks to queue
[2022-06-21 07:00:59,202] {logging_mixin.py:104} INFO - [2022-06-21 07:00:59,202] {dagbag.py:487} INFO - Filling up the DagBag from /home/airflow/.local/lib/python3.6/site-packages/airflow/example_dags/example_python_operator.py
[2022-06-21 07:00:59,219] {scheduler_job.py:643} INFO - DAG(s) dict_keys(['example_python_operator']) retrieved from /home/airflow/.local/lib/python3.6/site-packages/airflow/example_dags/example_python_operator.py
[2022-06-21 07:00:59,247] {logging_mixin.py:104} INFO - [2022-06-21 07:00:59,246] {dag.py:1832} INFO - Sync 1 DAGs
[2022-06-21 07:00:59,265] {logging_mixin.py:104} INFO - [2022-06-21 07:00:59,265] {dag.py:2305} INFO - Setting next_dagrun for example_python_operator to None
[2022-06-21 07:00:59,281] {scheduler_job.py:190} INFO - Processing /home/airflow/.local/lib/python3.6/site-packages/airflow/example_dags/example_python_operator.py took 0.086 seconds
[2022-06-21 07:01:30,076] {scheduler_job.py:182} INFO - Started process (PID=554) to work on /home/airflow/.local/lib/python3.6/site-packages/airflow/example_dags/example_python_operator.py
[2022-06-21 07:01:30,078] {scheduler_job.py:633} INFO - Processing file /home/airflow/.local/lib/python3.6/site-packages/airflow/example_dags/example_python_operator.py for tasks to queue
[2022-06-21 07:01:30,080] {logging_mixin.py:104} INFO - [2022-06-21 07:01:30,080] {dagbag.py:487} INFO - Filling up the DagBag from /home/airflow/.local/lib/python3.6/site-packages/airflow/example_dags/example_python_operator.py
[2022-06-21 07:01:30,103] {scheduler_job.py:643} INFO - DAG(s) dict_keys(['example_python_operator']) retrieved from /home/airflow/.local/lib/python3.6/site-packages/airflow/example_dags/example_python_operator.py
[2022-06-21 07:01:30,143] {logging_mixin.py:104} INFO - [2022-06-21 07:01:30,142] {dag.py:1832} INFO - Sync 1 DAGs
[2022-06-21 07:01:30,174] {logging_mixin.py:104} INFO - [2022-06-21 07:01:30,174] {dag.py:2305} INFO - Setting next_dagrun for example_python_operator to None
[2022-06-21 07:01:30,205] {scheduler_job.py:190} INFO - Processing /home/airflow/.local/lib/python3.6/site-packages/airflow/example_dags/example_python_operator.py took 0.134 seconds
[2022-06-21 07:05:03,978] {scheduler_job.py:182} INFO - Started process (PID=86) to work on /home/airflow/.local/lib/python3.6/site-packages/airflow/example_dags/example_python_operator.py
[2022-06-21 07:05:03,981] {scheduler_job.py:633} INFO - Processing file /home/airflow/.local/lib/python3.6/site-packages/airflow/example_dags/example_python_operator.py for tasks to queue
[2022-06-21 07:05:03,984] {logging_mixin.py:104} INFO - [2022-06-21 07:05:03,984] {dagbag.py:487} INFO - Filling up the DagBag from /home/airflow/.local/lib/python3.6/site-packages/airflow/example_dags/example_python_operator.py
[2022-06-21 07:05:04,023] {scheduler_job.py:643} INFO - DAG(s) dict_keys(['example_python_operator']) retrieved from /home/airflow/.local/lib/python3.6/site-packages/airflow/example_dags/example_python_operator.py
[2022-06-21 07:05:04,078] {logging_mixin.py:104} INFO - [2022-06-21 07:05:04,077] {dag.py:1832} INFO - Sync 1 DAGs
[2022-06-21 07:05:04,129] {logging_mixin.py:104} INFO - [2022-06-21 07:05:04,128] {dag.py:2305} INFO - Setting next_dagrun for example_python_operator to None
[2022-06-21 07:05:04,191] {scheduler_job.py:190} INFO - Processing /home/airflow/.local/lib/python3.6/site-packages/airflow/example_dags/example_python_operator.py took 0.217 seconds
[2022-06-21 07:05:40,511] {scheduler_job.py:182} INFO - Started process (PID=149) to work on /home/airflow/.local/lib/python3.6/site-packages/airflow/example_dags/example_python_operator.py
[2022-06-21 07:05:40,515] {scheduler_job.py:633} INFO - Processing file /home/airflow/.local/lib/python3.6/site-packages/airflow/example_dags/example_python_operator.py for tasks to queue
[2022-06-21 07:05:40,533] {logging_mixin.py:104} INFO - [2022-06-21 07:05:40,533] {dagbag.py:487} INFO - Filling up the DagBag from /home/airflow/.local/lib/python3.6/site-packages/airflow/example_dags/example_python_operator.py
[2022-06-21 07:05:40,593] {scheduler_job.py:643} INFO - DAG(s) dict_keys(['example_python_operator']) retrieved from /home/airflow/.local/lib/python3.6/site-packages/airflow/example_dags/example_python_operator.py
[2022-06-21 07:05:40,647] {logging_mixin.py:104} INFO - [2022-06-21 07:05:40,646] {dag.py:1832} INFO - Sync 1 DAGs
[2022-06-21 07:05:40,687] {logging_mixin.py:104} INFO - [2022-06-21 07:05:40,687] {dag.py:2305} INFO - Setting next_dagrun for example_python_operator to None
[2022-06-21 07:05:40,710] {scheduler_job.py:190} INFO - Processing /home/airflow/.local/lib/python3.6/site-packages/airflow/example_dags/example_python_operator.py took 0.207 seconds
[2022-06-21 07:06:15,019] {scheduler_job.py:182} INFO - Started process (PID=213) to work on /home/airflow/.local/lib/python3.6/site-packages/airflow/example_dags/example_python_operator.py
[2022-06-21 07:06:15,023] {scheduler_job.py:633} INFO - Processing file /home/airflow/.local/lib/python3.6/site-packages/airflow/example_dags/example_python_operator.py for tasks to queue
[2022-06-21 07:06:15,025] {logging_mixin.py:104} INFO - [2022-06-21 07:06:15,025] {dagbag.py:487} INFO - Filling up the DagBag from /home/airflow/.local/lib/python3.6/site-packages/airflow/example_dags/example_python_operator.py
[2022-06-21 07:06:15,048] {scheduler_job.py:643} INFO - DAG(s) dict_keys(['example_python_operator']) retrieved from /home/airflow/.local/lib/python3.6/site-packages/airflow/example_dags/example_python_operator.py
[2022-06-21 07:06:15,078] {logging_mixin.py:104} INFO - [2022-06-21 07:06:15,078] {dag.py:1832} INFO - Sync 1 DAGs
[2022-06-21 07:06:15,100] {logging_mixin.py:104} INFO - [2022-06-21 07:06:15,099] {dag.py:2305} INFO - Setting next_dagrun for example_python_operator to None
[2022-06-21 07:06:15,113] {scheduler_job.py:190} INFO - Processing /home/airflow/.local/lib/python3.6/site-packages/airflow/example_dags/example_python_operator.py took 0.099 seconds
[2022-06-21 07:06:46,323] {scheduler_job.py:182} INFO - Started process (PID=275) to work on /home/airflow/.local/lib/python3.6/site-packages/airflow/example_dags/example_python_operator.py
[2022-06-21 07:06:46,326] {scheduler_job.py:633} INFO - Processing file /home/airflow/.local/lib/python3.6/site-packages/airflow/example_dags/example_python_operator.py for tasks to queue
[2022-06-21 07:06:46,328] {logging_mixin.py:104} INFO - [2022-06-21 07:06:46,328] {dagbag.py:487} INFO - Filling up the DagBag from /home/airflow/.local/lib/python3.6/site-packages/airflow/example_dags/example_python_operator.py
[2022-06-21 07:06:46,354] {scheduler_job.py:643} INFO - DAG(s) dict_keys(['example_python_operator']) retrieved from /home/airflow/.local/lib/python3.6/site-packages/airflow/example_dags/example_python_operator.py
[2022-06-21 07:06:46,385] {logging_mixin.py:104} INFO - [2022-06-21 07:06:46,385] {dag.py:1832} INFO - Sync 1 DAGs
[2022-06-21 07:06:46,406] {logging_mixin.py:104} INFO - [2022-06-21 07:06:46,406] {dag.py:2305} INFO - Setting next_dagrun for example_python_operator to None
[2022-06-21 07:06:46,421] {scheduler_job.py:190} INFO - Processing /home/airflow/.local/lib/python3.6/site-packages/airflow/example_dags/example_python_operator.py took 0.102 seconds
[2022-06-21 07:07:24,456] {scheduler_job.py:182} INFO - Started process (PID=321) to work on /home/airflow/.local/lib/python3.6/site-packages/airflow/example_dags/example_python_operator.py
[2022-06-21 07:07:24,460] {scheduler_job.py:633} INFO - Processing file /home/airflow/.local/lib/python3.6/site-packages/airflow/example_dags/example_python_operator.py for tasks to queue
[2022-06-21 07:07:24,462] {logging_mixin.py:104} INFO - [2022-06-21 07:07:24,462] {dagbag.py:487} INFO - Filling up the DagBag from /home/airflow/.local/lib/python3.6/site-packages/airflow/example_dags/example_python_operator.py
[2022-06-21 07:07:24,488] {scheduler_job.py:643} INFO - DAG(s) dict_keys(['example_python_operator']) retrieved from /home/airflow/.local/lib/python3.6/site-packages/airflow/example_dags/example_python_operator.py
[2022-06-21 07:07:24,550] {logging_mixin.py:104} INFO - [2022-06-21 07:07:24,550] {dag.py:1832} INFO - Sync 1 DAGs
[2022-06-21 07:07:24,586] {logging_mixin.py:104} INFO - [2022-06-21 07:07:24,585] {dag.py:2305} INFO - Setting next_dagrun for example_python_operator to None
[2022-06-21 07:07:24,601] {scheduler_job.py:190} INFO - Processing /home/airflow/.local/lib/python3.6/site-packages/airflow/example_dags/example_python_operator.py took 0.152 seconds
[2022-06-21 07:07:55,475] {scheduler_job.py:182} INFO - Started process (PID=383) to work on /home/airflow/.local/lib/python3.6/site-packages/airflow/example_dags/example_python_operator.py
[2022-06-21 07:07:55,478] {scheduler_job.py:633} INFO - Processing file /home/airflow/.local/lib/python3.6/site-packages/airflow/example_dags/example_python_operator.py for tasks to queue
[2022-06-21 07:07:55,479] {logging_mixin.py:104} INFO - [2022-06-21 07:07:55,479] {dagbag.py:487} INFO - Filling up the DagBag from /home/airflow/.local/lib/python3.6/site-packages/airflow/example_dags/example_python_operator.py
[2022-06-21 07:07:55,506] {scheduler_job.py:643} INFO - DAG(s) dict_keys(['example_python_operator']) retrieved from /home/airflow/.local/lib/python3.6/site-packages/airflow/example_dags/example_python_operator.py
[2022-06-21 07:07:55,532] {logging_mixin.py:104} INFO - [2022-06-21 07:07:55,532] {dag.py:1832} INFO - Sync 1 DAGs
[2022-06-21 07:07:55,556] {logging_mixin.py:104} INFO - [2022-06-21 07:07:55,555] {dag.py:2305} INFO - Setting next_dagrun for example_python_operator to None
[2022-06-21 07:07:55,583] {scheduler_job.py:190} INFO - Processing /home/airflow/.local/lib/python3.6/site-packages/airflow/example_dags/example_python_operator.py took 0.112 seconds
[2022-06-21 07:08:26,203] {scheduler_job.py:182} INFO - Started process (PID=462) to work on /home/airflow/.local/lib/python3.6/site-packages/airflow/example_dags/example_python_operator.py
[2022-06-21 07:08:26,205] {scheduler_job.py:633} INFO - Processing file /home/airflow/.local/lib/python3.6/site-packages/airflow/example_dags/example_python_operator.py for tasks to queue
[2022-06-21 07:08:26,207] {logging_mixin.py:104} INFO - [2022-06-21 07:08:26,207] {dagbag.py:487} INFO - Filling up the DagBag from /home/airflow/.local/lib/python3.6/site-packages/airflow/example_dags/example_python_operator.py
[2022-06-21 07:08:26,227] {scheduler_job.py:643} INFO - DAG(s) dict_keys(['example_python_operator']) retrieved from /home/airflow/.local/lib/python3.6/site-packages/airflow/example_dags/example_python_operator.py
[2022-06-21 07:08:26,256] {logging_mixin.py:104} INFO - [2022-06-21 07:08:26,256] {dag.py:1832} INFO - Sync 1 DAGs
[2022-06-21 07:08:26,276] {logging_mixin.py:104} INFO - [2022-06-21 07:08:26,276] {dag.py:2305} INFO - Setting next_dagrun for example_python_operator to None
[2022-06-21 07:08:26,295] {scheduler_job.py:190} INFO - Processing /home/airflow/.local/lib/python3.6/site-packages/airflow/example_dags/example_python_operator.py took 0.095 seconds
[2022-06-21 07:08:56,806] {scheduler_job.py:182} INFO - Started process (PID=524) to work on /home/airflow/.local/lib/python3.6/site-packages/airflow/example_dags/example_python_operator.py
[2022-06-21 07:08:56,809] {scheduler_job.py:633} INFO - Processing file /home/airflow/.local/lib/python3.6/site-packages/airflow/example_dags/example_python_operator.py for tasks to queue
[2022-06-21 07:08:56,810] {logging_mixin.py:104} INFO - [2022-06-21 07:08:56,810] {dagbag.py:487} INFO - Filling up the DagBag from /home/airflow/.local/lib/python3.6/site-packages/airflow/example_dags/example_python_operator.py
[2022-06-21 07:08:56,837] {scheduler_job.py:643} INFO - DAG(s) dict_keys(['example_python_operator']) retrieved from /home/airflow/.local/lib/python3.6/site-packages/airflow/example_dags/example_python_operator.py
[2022-06-21 07:08:56,867] {logging_mixin.py:104} INFO - [2022-06-21 07:08:56,867] {dag.py:1832} INFO - Sync 1 DAGs
[2022-06-21 07:08:56,885] {logging_mixin.py:104} INFO - [2022-06-21 07:08:56,884] {dag.py:2305} INFO - Setting next_dagrun for example_python_operator to None
[2022-06-21 07:08:56,898] {scheduler_job.py:190} INFO - Processing /home/airflow/.local/lib/python3.6/site-packages/airflow/example_dags/example_python_operator.py took 0.097 seconds
[2022-06-21 07:11:18,034] {scheduler_job.py:182} INFO - Started process (PID=86) to work on /home/airflow/.local/lib/python3.6/site-packages/airflow/example_dags/example_python_operator.py
[2022-06-21 07:11:18,036] {scheduler_job.py:633} INFO - Processing file /home/airflow/.local/lib/python3.6/site-packages/airflow/example_dags/example_python_operator.py for tasks to queue
[2022-06-21 07:11:18,037] {logging_mixin.py:104} INFO - [2022-06-21 07:11:18,037] {dagbag.py:487} INFO - Filling up the DagBag from /home/airflow/.local/lib/python3.6/site-packages/airflow/example_dags/example_python_operator.py
[2022-06-21 07:11:18,058] {scheduler_job.py:643} INFO - DAG(s) dict_keys(['example_python_operator']) retrieved from /home/airflow/.local/lib/python3.6/site-packages/airflow/example_dags/example_python_operator.py
[2022-06-21 07:11:18,082] {logging_mixin.py:104} INFO - [2022-06-21 07:11:18,082] {dag.py:1832} INFO - Sync 1 DAGs
[2022-06-21 07:11:18,100] {logging_mixin.py:104} INFO - [2022-06-21 07:11:18,099] {dag.py:2305} INFO - Setting next_dagrun for example_python_operator to None
[2022-06-21 07:11:18,109] {scheduler_job.py:190} INFO - Processing /home/airflow/.local/lib/python3.6/site-packages/airflow/example_dags/example_python_operator.py took 0.078 seconds
[2022-06-21 07:11:49,008] {scheduler_job.py:182} INFO - Started process (PID=143) to work on /home/airflow/.local/lib/python3.6/site-packages/airflow/example_dags/example_python_operator.py
[2022-06-21 07:11:49,010] {scheduler_job.py:633} INFO - Processing file /home/airflow/.local/lib/python3.6/site-packages/airflow/example_dags/example_python_operator.py for tasks to queue
[2022-06-21 07:11:49,012] {logging_mixin.py:104} INFO - [2022-06-21 07:11:49,012] {dagbag.py:487} INFO - Filling up the DagBag from /home/airflow/.local/lib/python3.6/site-packages/airflow/example_dags/example_python_operator.py
[2022-06-21 07:11:49,035] {scheduler_job.py:643} INFO - DAG(s) dict_keys(['example_python_operator']) retrieved from /home/airflow/.local/lib/python3.6/site-packages/airflow/example_dags/example_python_operator.py
[2022-06-21 07:11:49,063] {logging_mixin.py:104} INFO - [2022-06-21 07:11:49,062] {dag.py:1832} INFO - Sync 1 DAGs
[2022-06-21 07:11:49,084] {logging_mixin.py:104} INFO - [2022-06-21 07:11:49,084] {dag.py:2305} INFO - Setting next_dagrun for example_python_operator to None
[2022-06-21 07:11:49,095] {scheduler_job.py:190} INFO - Processing /home/airflow/.local/lib/python3.6/site-packages/airflow/example_dags/example_python_operator.py took 0.091 seconds
[2022-06-21 07:12:19,552] {scheduler_job.py:182} INFO - Started process (PID=179) to work on /home/airflow/.local/lib/python3.6/site-packages/airflow/example_dags/example_python_operator.py
[2022-06-21 07:12:19,554] {scheduler_job.py:633} INFO - Processing file /home/airflow/.local/lib/python3.6/site-packages/airflow/example_dags/example_python_operator.py for tasks to queue
[2022-06-21 07:12:19,556] {logging_mixin.py:104} INFO - [2022-06-21 07:12:19,556] {dagbag.py:487} INFO - Filling up the DagBag from /home/airflow/.local/lib/python3.6/site-packages/airflow/example_dags/example_python_operator.py
[2022-06-21 07:12:19,575] {scheduler_job.py:643} INFO - DAG(s) dict_keys(['example_python_operator']) retrieved from /home/airflow/.local/lib/python3.6/site-packages/airflow/example_dags/example_python_operator.py
[2022-06-21 07:12:19,599] {logging_mixin.py:104} INFO - [2022-06-21 07:12:19,599] {dag.py:1832} INFO - Sync 1 DAGs
[2022-06-21 07:12:19,618] {logging_mixin.py:104} INFO - [2022-06-21 07:12:19,618] {dag.py:2305} INFO - Setting next_dagrun for example_python_operator to None
[2022-06-21 07:12:19,633] {scheduler_job.py:190} INFO - Processing /home/airflow/.local/lib/python3.6/site-packages/airflow/example_dags/example_python_operator.py took 0.085 seconds
[2022-06-21 07:12:59,563] {scheduler_job.py:182} INFO - Started process (PID=236) to work on /home/airflow/.local/lib/python3.6/site-packages/airflow/example_dags/example_python_operator.py
[2022-06-21 07:12:59,565] {scheduler_job.py:633} INFO - Processing file /home/airflow/.local/lib/python3.6/site-packages/airflow/example_dags/example_python_operator.py for tasks to queue
[2022-06-21 07:12:59,567] {logging_mixin.py:104} INFO - [2022-06-21 07:12:59,567] {dagbag.py:487} INFO - Filling up the DagBag from /home/airflow/.local/lib/python3.6/site-packages/airflow/example_dags/example_python_operator.py
[2022-06-21 07:12:59,591] {scheduler_job.py:643} INFO - DAG(s) dict_keys(['example_python_operator']) retrieved from /home/airflow/.local/lib/python3.6/site-packages/airflow/example_dags/example_python_operator.py
[2022-06-21 07:12:59,616] {logging_mixin.py:104} INFO - [2022-06-21 07:12:59,616] {dag.py:1832} INFO - Sync 1 DAGs
[2022-06-21 07:12:59,634] {logging_mixin.py:104} INFO - [2022-06-21 07:12:59,634] {dag.py:2305} INFO - Setting next_dagrun for example_python_operator to None
[2022-06-21 07:12:59,649] {scheduler_job.py:190} INFO - Processing /home/airflow/.local/lib/python3.6/site-packages/airflow/example_dags/example_python_operator.py took 0.090 seconds
[2022-06-21 07:14:43,401] {scheduler_job.py:182} INFO - Started process (PID=288) to work on /home/airflow/.local/lib/python3.6/site-packages/airflow/example_dags/example_python_operator.py
[2022-06-21 07:14:43,404] {scheduler_job.py:633} INFO - Processing file /home/airflow/.local/lib/python3.6/site-packages/airflow/example_dags/example_python_operator.py for tasks to queue
[2022-06-21 07:14:43,406] {logging_mixin.py:104} INFO - [2022-06-21 07:14:43,406] {dagbag.py:487} INFO - Filling up the DagBag from /home/airflow/.local/lib/python3.6/site-packages/airflow/example_dags/example_python_operator.py
[2022-06-21 07:14:43,423] {scheduler_job.py:643} INFO - DAG(s) dict_keys(['example_python_operator']) retrieved from /home/airflow/.local/lib/python3.6/site-packages/airflow/example_dags/example_python_operator.py
[2022-06-21 07:14:43,456] {logging_mixin.py:104} INFO - [2022-06-21 07:14:43,456] {dag.py:1832} INFO - Sync 1 DAGs
[2022-06-21 07:14:43,470] {logging_mixin.py:104} INFO - [2022-06-21 07:14:43,470] {dag.py:2305} INFO - Setting next_dagrun for example_python_operator to None
[2022-06-21 07:14:43,483] {scheduler_job.py:190} INFO - Processing /home/airflow/.local/lib/python3.6/site-packages/airflow/example_dags/example_python_operator.py took 0.087 seconds
[2022-06-21 07:15:35,118] {scheduler_job.py:182} INFO - Started process (PID=334) to work on /home/airflow/.local/lib/python3.6/site-packages/airflow/example_dags/example_python_operator.py
[2022-06-21 07:15:35,121] {scheduler_job.py:633} INFO - Processing file /home/airflow/.local/lib/python3.6/site-packages/airflow/example_dags/example_python_operator.py for tasks to queue
[2022-06-21 07:15:35,123] {logging_mixin.py:104} INFO - [2022-06-21 07:15:35,123] {dagbag.py:487} INFO - Filling up the DagBag from /home/airflow/.local/lib/python3.6/site-packages/airflow/example_dags/example_python_operator.py
[2022-06-21 07:15:35,144] {scheduler_job.py:643} INFO - DAG(s) dict_keys(['example_python_operator']) retrieved from /home/airflow/.local/lib/python3.6/site-packages/airflow/example_dags/example_python_operator.py
[2022-06-21 07:15:35,177] {logging_mixin.py:104} INFO - [2022-06-21 07:15:35,176] {dag.py:1832} INFO - Sync 1 DAGs
[2022-06-21 07:15:35,189] {logging_mixin.py:104} INFO - [2022-06-21 07:15:35,189] {dag.py:2305} INFO - Setting next_dagrun for example_python_operator to None
[2022-06-21 07:15:35,203] {scheduler_job.py:190} INFO - Processing /home/airflow/.local/lib/python3.6/site-packages/airflow/example_dags/example_python_operator.py took 0.091 seconds
[2022-06-21 07:16:11,163] {scheduler_job.py:182} INFO - Started process (PID=398) to work on /home/airflow/.local/lib/python3.6/site-packages/airflow/example_dags/example_python_operator.py
[2022-06-21 07:16:11,166] {scheduler_job.py:633} INFO - Processing file /home/airflow/.local/lib/python3.6/site-packages/airflow/example_dags/example_python_operator.py for tasks to queue
[2022-06-21 07:16:11,168] {logging_mixin.py:104} INFO - [2022-06-21 07:16:11,168] {dagbag.py:487} INFO - Filling up the DagBag from /home/airflow/.local/lib/python3.6/site-packages/airflow/example_dags/example_python_operator.py
[2022-06-21 07:16:11,192] {scheduler_job.py:643} INFO - DAG(s) dict_keys(['example_python_operator']) retrieved from /home/airflow/.local/lib/python3.6/site-packages/airflow/example_dags/example_python_operator.py
[2022-06-21 07:16:11,243] {logging_mixin.py:104} INFO - [2022-06-21 07:16:11,243] {dag.py:1832} INFO - Sync 1 DAGs
[2022-06-21 07:16:11,264] {logging_mixin.py:104} INFO - [2022-06-21 07:16:11,264] {dag.py:2305} INFO - Setting next_dagrun for example_python_operator to None
[2022-06-21 07:16:11,279] {scheduler_job.py:190} INFO - Processing /home/airflow/.local/lib/python3.6/site-packages/airflow/example_dags/example_python_operator.py took 0.120 seconds
[2022-06-21 07:16:50,465] {scheduler_job.py:182} INFO - Started process (PID=460) to work on /home/airflow/.local/lib/python3.6/site-packages/airflow/example_dags/example_python_operator.py
[2022-06-21 07:16:50,468] {scheduler_job.py:633} INFO - Processing file /home/airflow/.local/lib/python3.6/site-packages/airflow/example_dags/example_python_operator.py for tasks to queue
[2022-06-21 07:16:50,471] {logging_mixin.py:104} INFO - [2022-06-21 07:16:50,471] {dagbag.py:487} INFO - Filling up the DagBag from /home/airflow/.local/lib/python3.6/site-packages/airflow/example_dags/example_python_operator.py
[2022-06-21 07:16:50,494] {scheduler_job.py:643} INFO - DAG(s) dict_keys(['example_python_operator']) retrieved from /home/airflow/.local/lib/python3.6/site-packages/airflow/example_dags/example_python_operator.py
[2022-06-21 07:16:50,524] {logging_mixin.py:104} INFO - [2022-06-21 07:16:50,524] {dag.py:1832} INFO - Sync 1 DAGs
[2022-06-21 07:16:50,543] {logging_mixin.py:104} INFO - [2022-06-21 07:16:50,543] {dag.py:2305} INFO - Setting next_dagrun for example_python_operator to None
[2022-06-21 07:16:50,560] {scheduler_job.py:190} INFO - Processing /home/airflow/.local/lib/python3.6/site-packages/airflow/example_dags/example_python_operator.py took 0.100 seconds
[2022-06-21 07:17:21,573] {scheduler_job.py:182} INFO - Started process (PID=512) to work on /home/airflow/.local/lib/python3.6/site-packages/airflow/example_dags/example_python_operator.py
[2022-06-21 07:17:21,575] {scheduler_job.py:633} INFO - Processing file /home/airflow/.local/lib/python3.6/site-packages/airflow/example_dags/example_python_operator.py for tasks to queue
[2022-06-21 07:17:21,577] {logging_mixin.py:104} INFO - [2022-06-21 07:17:21,577] {dagbag.py:487} INFO - Filling up the DagBag from /home/airflow/.local/lib/python3.6/site-packages/airflow/example_dags/example_python_operator.py
[2022-06-21 07:17:21,603] {scheduler_job.py:643} INFO - DAG(s) dict_keys(['example_python_operator']) retrieved from /home/airflow/.local/lib/python3.6/site-packages/airflow/example_dags/example_python_operator.py
[2022-06-21 07:17:21,639] {logging_mixin.py:104} INFO - [2022-06-21 07:17:21,639] {dag.py:1832} INFO - Sync 1 DAGs
[2022-06-21 07:17:21,659] {logging_mixin.py:104} INFO - [2022-06-21 07:17:21,659] {dag.py:2305} INFO - Setting next_dagrun for example_python_operator to None
[2022-06-21 07:17:21,673] {scheduler_job.py:190} INFO - Processing /home/airflow/.local/lib/python3.6/site-packages/airflow/example_dags/example_python_operator.py took 0.105 seconds
[2022-06-21 07:20:42,796] {scheduler_job.py:182} INFO - Started process (PID=85) to work on /home/airflow/.local/lib/python3.6/site-packages/airflow/example_dags/example_python_operator.py
[2022-06-21 07:20:42,799] {scheduler_job.py:633} INFO - Processing file /home/airflow/.local/lib/python3.6/site-packages/airflow/example_dags/example_python_operator.py for tasks to queue
[2022-06-21 07:20:42,801] {logging_mixin.py:104} INFO - [2022-06-21 07:20:42,801] {dagbag.py:487} INFO - Filling up the DagBag from /home/airflow/.local/lib/python3.6/site-packages/airflow/example_dags/example_python_operator.py
[2022-06-21 07:20:42,864] {scheduler_job.py:643} INFO - DAG(s) dict_keys(['example_python_operator']) retrieved from /home/airflow/.local/lib/python3.6/site-packages/airflow/example_dags/example_python_operator.py
[2022-06-21 07:20:42,942] {logging_mixin.py:104} INFO - [2022-06-21 07:20:42,942] {dag.py:1832} INFO - Sync 1 DAGs
[2022-06-21 07:20:42,983] {logging_mixin.py:104} INFO - [2022-06-21 07:20:42,983] {dag.py:2305} INFO - Setting next_dagrun for example_python_operator to None
[2022-06-21 07:20:42,993] {scheduler_job.py:190} INFO - Processing /home/airflow/.local/lib/python3.6/site-packages/airflow/example_dags/example_python_operator.py took 0.203 seconds
[2022-06-21 07:21:17,920] {scheduler_job.py:182} INFO - Started process (PID=133) to work on /home/airflow/.local/lib/python3.6/site-packages/airflow/example_dags/example_python_operator.py
[2022-06-21 07:21:17,923] {scheduler_job.py:633} INFO - Processing file /home/airflow/.local/lib/python3.6/site-packages/airflow/example_dags/example_python_operator.py for tasks to queue
[2022-06-21 07:21:17,929] {logging_mixin.py:104} INFO - [2022-06-21 07:21:17,929] {dagbag.py:487} INFO - Filling up the DagBag from /home/airflow/.local/lib/python3.6/site-packages/airflow/example_dags/example_python_operator.py
[2022-06-21 07:21:18,018] {scheduler_job.py:643} INFO - DAG(s) dict_keys(['example_python_operator']) retrieved from /home/airflow/.local/lib/python3.6/site-packages/airflow/example_dags/example_python_operator.py
[2022-06-21 07:21:18,067] {logging_mixin.py:104} INFO - [2022-06-21 07:21:18,067] {dag.py:1832} INFO - Sync 1 DAGs
[2022-06-21 07:21:18,096] {logging_mixin.py:104} INFO - [2022-06-21 07:21:18,096] {dag.py:2305} INFO - Setting next_dagrun for example_python_operator to None
[2022-06-21 07:21:18,134] {scheduler_job.py:190} INFO - Processing /home/airflow/.local/lib/python3.6/site-packages/airflow/example_dags/example_python_operator.py took 0.222 seconds
[2022-06-21 07:21:50,342] {scheduler_job.py:182} INFO - Started process (PID=195) to work on /home/airflow/.local/lib/python3.6/site-packages/airflow/example_dags/example_python_operator.py
[2022-06-21 07:21:50,345] {scheduler_job.py:633} INFO - Processing file /home/airflow/.local/lib/python3.6/site-packages/airflow/example_dags/example_python_operator.py for tasks to queue
[2022-06-21 07:21:50,348] {logging_mixin.py:104} INFO - [2022-06-21 07:21:50,347] {dagbag.py:487} INFO - Filling up the DagBag from /home/airflow/.local/lib/python3.6/site-packages/airflow/example_dags/example_python_operator.py
[2022-06-21 07:21:50,385] {scheduler_job.py:643} INFO - DAG(s) dict_keys(['example_python_operator']) retrieved from /home/airflow/.local/lib/python3.6/site-packages/airflow/example_dags/example_python_operator.py
[2022-06-21 07:21:50,416] {logging_mixin.py:104} INFO - [2022-06-21 07:21:50,416] {dag.py:1832} INFO - Sync 1 DAGs
[2022-06-21 07:21:50,437] {logging_mixin.py:104} INFO - [2022-06-21 07:21:50,437] {dag.py:2305} INFO - Setting next_dagrun for example_python_operator to None
[2022-06-21 07:21:50,449] {scheduler_job.py:190} INFO - Processing /home/airflow/.local/lib/python3.6/site-packages/airflow/example_dags/example_python_operator.py took 0.114 seconds
[2022-06-21 07:22:26,581] {scheduler_job.py:182} INFO - Started process (PID=256) to work on /home/airflow/.local/lib/python3.6/site-packages/airflow/example_dags/example_python_operator.py
[2022-06-21 07:22:26,584] {scheduler_job.py:633} INFO - Processing file /home/airflow/.local/lib/python3.6/site-packages/airflow/example_dags/example_python_operator.py for tasks to queue
[2022-06-21 07:22:26,585] {logging_mixin.py:104} INFO - [2022-06-21 07:22:26,585] {dagbag.py:487} INFO - Filling up the DagBag from /home/airflow/.local/lib/python3.6/site-packages/airflow/example_dags/example_python_operator.py
[2022-06-21 07:22:26,611] {scheduler_job.py:643} INFO - DAG(s) dict_keys(['example_python_operator']) retrieved from /home/airflow/.local/lib/python3.6/site-packages/airflow/example_dags/example_python_operator.py
[2022-06-21 07:22:26,646] {logging_mixin.py:104} INFO - [2022-06-21 07:22:26,646] {dag.py:1832} INFO - Sync 1 DAGs
[2022-06-21 07:22:26,676] {logging_mixin.py:104} INFO - [2022-06-21 07:22:26,676] {dag.py:2305} INFO - Setting next_dagrun for example_python_operator to None
[2022-06-21 07:22:26,689] {scheduler_job.py:190} INFO - Processing /home/airflow/.local/lib/python3.6/site-packages/airflow/example_dags/example_python_operator.py took 0.112 seconds
[2022-06-21 07:23:08,042] {scheduler_job.py:182} INFO - Started process (PID=303) to work on /home/airflow/.local/lib/python3.6/site-packages/airflow/example_dags/example_python_operator.py
[2022-06-21 07:23:08,044] {scheduler_job.py:633} INFO - Processing file /home/airflow/.local/lib/python3.6/site-packages/airflow/example_dags/example_python_operator.py for tasks to queue
[2022-06-21 07:23:08,046] {logging_mixin.py:104} INFO - [2022-06-21 07:23:08,046] {dagbag.py:487} INFO - Filling up the DagBag from /home/airflow/.local/lib/python3.6/site-packages/airflow/example_dags/example_python_operator.py
[2022-06-21 07:23:08,072] {scheduler_job.py:643} INFO - DAG(s) dict_keys(['example_python_operator']) retrieved from /home/airflow/.local/lib/python3.6/site-packages/airflow/example_dags/example_python_operator.py
[2022-06-21 07:23:08,106] {logging_mixin.py:104} INFO - [2022-06-21 07:23:08,105] {dag.py:1832} INFO - Sync 1 DAGs
[2022-06-21 07:23:08,149] {logging_mixin.py:104} INFO - [2022-06-21 07:23:08,149] {dag.py:2305} INFO - Setting next_dagrun for example_python_operator to None
[2022-06-21 07:23:08,168] {scheduler_job.py:190} INFO - Processing /home/airflow/.local/lib/python3.6/site-packages/airflow/example_dags/example_python_operator.py took 0.131 seconds
[2022-06-21 07:23:38,376] {scheduler_job.py:182} INFO - Started process (PID=364) to work on /home/airflow/.local/lib/python3.6/site-packages/airflow/example_dags/example_python_operator.py
[2022-06-21 07:23:38,379] {scheduler_job.py:633} INFO - Processing file /home/airflow/.local/lib/python3.6/site-packages/airflow/example_dags/example_python_operator.py for tasks to queue
[2022-06-21 07:23:38,381] {logging_mixin.py:104} INFO - [2022-06-21 07:23:38,381] {dagbag.py:487} INFO - Filling up the DagBag from /home/airflow/.local/lib/python3.6/site-packages/airflow/example_dags/example_python_operator.py
[2022-06-21 07:23:38,430] {scheduler_job.py:643} INFO - DAG(s) dict_keys(['example_python_operator']) retrieved from /home/airflow/.local/lib/python3.6/site-packages/airflow/example_dags/example_python_operator.py
[2022-06-21 07:23:38,508] {logging_mixin.py:104} INFO - [2022-06-21 07:23:38,508] {dag.py:1832} INFO - Sync 1 DAGs
[2022-06-21 07:23:38,569] {logging_mixin.py:104} INFO - [2022-06-21 07:23:38,569] {dag.py:2305} INFO - Setting next_dagrun for example_python_operator to None
[2022-06-21 07:23:38,588] {scheduler_job.py:190} INFO - Processing /home/airflow/.local/lib/python3.6/site-packages/airflow/example_dags/example_python_operator.py took 0.216 seconds
[2022-06-21 07:24:10,120] {scheduler_job.py:182} INFO - Started process (PID=427) to work on /home/airflow/.local/lib/python3.6/site-packages/airflow/example_dags/example_python_operator.py
[2022-06-21 07:24:10,122] {scheduler_job.py:633} INFO - Processing file /home/airflow/.local/lib/python3.6/site-packages/airflow/example_dags/example_python_operator.py for tasks to queue
[2022-06-21 07:24:10,123] {logging_mixin.py:104} INFO - [2022-06-21 07:24:10,123] {dagbag.py:487} INFO - Filling up the DagBag from /home/airflow/.local/lib/python3.6/site-packages/airflow/example_dags/example_python_operator.py
[2022-06-21 07:24:10,147] {scheduler_job.py:643} INFO - DAG(s) dict_keys(['example_python_operator']) retrieved from /home/airflow/.local/lib/python3.6/site-packages/airflow/example_dags/example_python_operator.py
[2022-06-21 07:24:10,217] {logging_mixin.py:104} INFO - [2022-06-21 07:24:10,217] {dag.py:1832} INFO - Sync 1 DAGs
[2022-06-21 07:24:10,245] {logging_mixin.py:104} INFO - [2022-06-21 07:24:10,245] {dag.py:2305} INFO - Setting next_dagrun for example_python_operator to None
[2022-06-21 07:24:10,257] {scheduler_job.py:190} INFO - Processing /home/airflow/.local/lib/python3.6/site-packages/airflow/example_dags/example_python_operator.py took 0.141 seconds
[2022-06-21 07:24:52,370] {scheduler_job.py:182} INFO - Started process (PID=88) to work on /home/airflow/.local/lib/python3.6/site-packages/airflow/example_dags/example_python_operator.py
[2022-06-21 07:24:52,372] {scheduler_job.py:633} INFO - Processing file /home/airflow/.local/lib/python3.6/site-packages/airflow/example_dags/example_python_operator.py for tasks to queue
[2022-06-21 07:24:52,375] {logging_mixin.py:104} INFO - [2022-06-21 07:24:52,374] {dagbag.py:487} INFO - Filling up the DagBag from /home/airflow/.local/lib/python3.6/site-packages/airflow/example_dags/example_python_operator.py
[2022-06-21 07:24:52,406] {scheduler_job.py:643} INFO - DAG(s) dict_keys(['example_python_operator']) retrieved from /home/airflow/.local/lib/python3.6/site-packages/airflow/example_dags/example_python_operator.py
[2022-06-21 07:24:52,443] {logging_mixin.py:104} INFO - [2022-06-21 07:24:52,443] {dag.py:1832} INFO - Sync 1 DAGs
[2022-06-21 07:24:52,468] {logging_mixin.py:104} INFO - [2022-06-21 07:24:52,468] {dag.py:2305} INFO - Setting next_dagrun for example_python_operator to None
[2022-06-21 07:24:52,485] {scheduler_job.py:190} INFO - Processing /home/airflow/.local/lib/python3.6/site-packages/airflow/example_dags/example_python_operator.py took 0.122 seconds
[2022-06-21 07:25:24,761] {scheduler_job.py:182} INFO - Started process (PID=152) to work on /home/airflow/.local/lib/python3.6/site-packages/airflow/example_dags/example_python_operator.py
[2022-06-21 07:25:24,763] {scheduler_job.py:633} INFO - Processing file /home/airflow/.local/lib/python3.6/site-packages/airflow/example_dags/example_python_operator.py for tasks to queue
[2022-06-21 07:25:24,766] {logging_mixin.py:104} INFO - [2022-06-21 07:25:24,766] {dagbag.py:487} INFO - Filling up the DagBag from /home/airflow/.local/lib/python3.6/site-packages/airflow/example_dags/example_python_operator.py
[2022-06-21 07:25:24,793] {scheduler_job.py:643} INFO - DAG(s) dict_keys(['example_python_operator']) retrieved from /home/airflow/.local/lib/python3.6/site-packages/airflow/example_dags/example_python_operator.py
[2022-06-21 07:25:24,830] {logging_mixin.py:104} INFO - [2022-06-21 07:25:24,830] {dag.py:1832} INFO - Sync 1 DAGs
[2022-06-21 07:25:24,859] {logging_mixin.py:104} INFO - [2022-06-21 07:25:24,859] {dag.py:2305} INFO - Setting next_dagrun for example_python_operator to None
[2022-06-21 07:25:24,879] {scheduler_job.py:190} INFO - Processing /home/airflow/.local/lib/python3.6/site-packages/airflow/example_dags/example_python_operator.py took 0.132 seconds
[2022-06-21 07:25:55,726] {scheduler_job.py:182} INFO - Started process (PID=208) to work on /home/airflow/.local/lib/python3.6/site-packages/airflow/example_dags/example_python_operator.py
[2022-06-21 07:25:55,729] {scheduler_job.py:633} INFO - Processing file /home/airflow/.local/lib/python3.6/site-packages/airflow/example_dags/example_python_operator.py for tasks to queue
[2022-06-21 07:25:55,731] {logging_mixin.py:104} INFO - [2022-06-21 07:25:55,731] {dagbag.py:487} INFO - Filling up the DagBag from /home/airflow/.local/lib/python3.6/site-packages/airflow/example_dags/example_python_operator.py
[2022-06-21 07:25:55,762] {scheduler_job.py:643} INFO - DAG(s) dict_keys(['example_python_operator']) retrieved from /home/airflow/.local/lib/python3.6/site-packages/airflow/example_dags/example_python_operator.py
[2022-06-21 07:25:55,792] {logging_mixin.py:104} INFO - [2022-06-21 07:25:55,792] {dag.py:1832} INFO - Sync 1 DAGs
[2022-06-21 07:25:55,813] {logging_mixin.py:104} INFO - [2022-06-21 07:25:55,813] {dag.py:2305} INFO - Setting next_dagrun for example_python_operator to None
[2022-06-21 07:25:55,841] {scheduler_job.py:190} INFO - Processing /home/airflow/.local/lib/python3.6/site-packages/airflow/example_dags/example_python_operator.py took 0.122 seconds
[2022-06-21 07:27:01,418] {scheduler_job.py:182} INFO - Started process (PID=255) to work on /home/airflow/.local/lib/python3.6/site-packages/airflow/example_dags/example_python_operator.py
[2022-06-21 07:27:01,420] {scheduler_job.py:633} INFO - Processing file /home/airflow/.local/lib/python3.6/site-packages/airflow/example_dags/example_python_operator.py for tasks to queue
[2022-06-21 07:27:01,422] {logging_mixin.py:104} INFO - [2022-06-21 07:27:01,422] {dagbag.py:487} INFO - Filling up the DagBag from /home/airflow/.local/lib/python3.6/site-packages/airflow/example_dags/example_python_operator.py
[2022-06-21 07:27:01,448] {scheduler_job.py:643} INFO - DAG(s) dict_keys(['example_python_operator']) retrieved from /home/airflow/.local/lib/python3.6/site-packages/airflow/example_dags/example_python_operator.py
[2022-06-21 07:27:01,477] {logging_mixin.py:104} INFO - [2022-06-21 07:27:01,477] {dag.py:1832} INFO - Sync 1 DAGs
[2022-06-21 07:27:01,498] {logging_mixin.py:104} INFO - [2022-06-21 07:27:01,498] {dag.py:2305} INFO - Setting next_dagrun for example_python_operator to None
[2022-06-21 07:27:01,514] {scheduler_job.py:190} INFO - Processing /home/airflow/.local/lib/python3.6/site-packages/airflow/example_dags/example_python_operator.py took 0.100 seconds
[2022-06-21 07:27:31,704] {scheduler_job.py:182} INFO - Started process (PID=306) to work on /home/airflow/.local/lib/python3.6/site-packages/airflow/example_dags/example_python_operator.py
[2022-06-21 07:27:31,706] {scheduler_job.py:633} INFO - Processing file /home/airflow/.local/lib/python3.6/site-packages/airflow/example_dags/example_python_operator.py for tasks to queue
[2022-06-21 07:27:31,708] {logging_mixin.py:104} INFO - [2022-06-21 07:27:31,708] {dagbag.py:487} INFO - Filling up the DagBag from /home/airflow/.local/lib/python3.6/site-packages/airflow/example_dags/example_python_operator.py
[2022-06-21 07:27:31,729] {scheduler_job.py:643} INFO - DAG(s) dict_keys(['example_python_operator']) retrieved from /home/airflow/.local/lib/python3.6/site-packages/airflow/example_dags/example_python_operator.py
[2022-06-21 07:27:31,754] {logging_mixin.py:104} INFO - [2022-06-21 07:27:31,754] {dag.py:1832} INFO - Sync 1 DAGs
[2022-06-21 07:27:31,773] {logging_mixin.py:104} INFO - [2022-06-21 07:27:31,773] {dag.py:2305} INFO - Setting next_dagrun for example_python_operator to None
[2022-06-21 07:27:31,785] {scheduler_job.py:190} INFO - Processing /home/airflow/.local/lib/python3.6/site-packages/airflow/example_dags/example_python_operator.py took 0.085 seconds
[2022-06-21 07:28:07,875] {scheduler_job.py:182} INFO - Started process (PID=362) to work on /home/airflow/.local/lib/python3.6/site-packages/airflow/example_dags/example_python_operator.py
[2022-06-21 07:28:07,878] {scheduler_job.py:633} INFO - Processing file /home/airflow/.local/lib/python3.6/site-packages/airflow/example_dags/example_python_operator.py for tasks to queue
[2022-06-21 07:28:07,880] {logging_mixin.py:104} INFO - [2022-06-21 07:28:07,879] {dagbag.py:487} INFO - Filling up the DagBag from /home/airflow/.local/lib/python3.6/site-packages/airflow/example_dags/example_python_operator.py
[2022-06-21 07:28:07,902] {scheduler_job.py:643} INFO - DAG(s) dict_keys(['example_python_operator']) retrieved from /home/airflow/.local/lib/python3.6/site-packages/airflow/example_dags/example_python_operator.py
[2022-06-21 07:28:07,931] {logging_mixin.py:104} INFO - [2022-06-21 07:28:07,931] {dag.py:1832} INFO - Sync 1 DAGs
[2022-06-21 07:28:07,968] {logging_mixin.py:104} INFO - [2022-06-21 07:28:07,968] {dag.py:2305} INFO - Setting next_dagrun for example_python_operator to None
[2022-06-21 07:28:07,986] {scheduler_job.py:190} INFO - Processing /home/airflow/.local/lib/python3.6/site-packages/airflow/example_dags/example_python_operator.py took 0.115 seconds
[2022-06-21 07:28:38,596] {scheduler_job.py:182} INFO - Started process (PID=414) to work on /home/airflow/.local/lib/python3.6/site-packages/airflow/example_dags/example_python_operator.py
[2022-06-21 07:28:38,600] {scheduler_job.py:633} INFO - Processing file /home/airflow/.local/lib/python3.6/site-packages/airflow/example_dags/example_python_operator.py for tasks to queue
[2022-06-21 07:28:38,601] {logging_mixin.py:104} INFO - [2022-06-21 07:28:38,601] {dagbag.py:487} INFO - Filling up the DagBag from /home/airflow/.local/lib/python3.6/site-packages/airflow/example_dags/example_python_operator.py
[2022-06-21 07:28:38,632] {scheduler_job.py:643} INFO - DAG(s) dict_keys(['example_python_operator']) retrieved from /home/airflow/.local/lib/python3.6/site-packages/airflow/example_dags/example_python_operator.py
[2022-06-21 07:28:38,670] {logging_mixin.py:104} INFO - [2022-06-21 07:28:38,670] {dag.py:1832} INFO - Sync 1 DAGs
[2022-06-21 07:28:38,706] {logging_mixin.py:104} INFO - [2022-06-21 07:28:38,706] {dag.py:2305} INFO - Setting next_dagrun for example_python_operator to None
[2022-06-21 07:28:38,721] {scheduler_job.py:190} INFO - Processing /home/airflow/.local/lib/python3.6/site-packages/airflow/example_dags/example_python_operator.py took 0.131 seconds
[2022-06-21 07:29:30,382] {scheduler_job.py:182} INFO - Started process (PID=79) to work on /home/airflow/.local/lib/python3.6/site-packages/airflow/example_dags/example_python_operator.py
[2022-06-21 07:29:30,385] {scheduler_job.py:633} INFO - Processing file /home/airflow/.local/lib/python3.6/site-packages/airflow/example_dags/example_python_operator.py for tasks to queue
[2022-06-21 07:29:30,386] {logging_mixin.py:104} INFO - [2022-06-21 07:29:30,386] {dagbag.py:487} INFO - Filling up the DagBag from /home/airflow/.local/lib/python3.6/site-packages/airflow/example_dags/example_python_operator.py
[2022-06-21 07:29:30,401] {scheduler_job.py:643} INFO - DAG(s) dict_keys(['example_python_operator']) retrieved from /home/airflow/.local/lib/python3.6/site-packages/airflow/example_dags/example_python_operator.py
[2022-06-21 07:29:30,436] {logging_mixin.py:104} INFO - [2022-06-21 07:29:30,436] {dag.py:1832} INFO - Sync 1 DAGs
[2022-06-21 07:29:30,456] {logging_mixin.py:104} INFO - [2022-06-21 07:29:30,456] {dag.py:2305} INFO - Setting next_dagrun for example_python_operator to None
[2022-06-21 07:29:30,470] {scheduler_job.py:190} INFO - Processing /home/airflow/.local/lib/python3.6/site-packages/airflow/example_dags/example_python_operator.py took 0.092 seconds
[2022-06-21 07:30:00,774] {scheduler_job.py:182} INFO - Started process (PID=145) to work on /home/airflow/.local/lib/python3.6/site-packages/airflow/example_dags/example_python_operator.py
[2022-06-21 07:30:00,776] {scheduler_job.py:633} INFO - Processing file /home/airflow/.local/lib/python3.6/site-packages/airflow/example_dags/example_python_operator.py for tasks to queue
[2022-06-21 07:30:00,777] {logging_mixin.py:104} INFO - [2022-06-21 07:30:00,777] {dagbag.py:487} INFO - Filling up the DagBag from /home/airflow/.local/lib/python3.6/site-packages/airflow/example_dags/example_python_operator.py
[2022-06-21 07:30:00,797] {scheduler_job.py:643} INFO - DAG(s) dict_keys(['example_python_operator']) retrieved from /home/airflow/.local/lib/python3.6/site-packages/airflow/example_dags/example_python_operator.py
[2022-06-21 07:30:00,822] {logging_mixin.py:104} INFO - [2022-06-21 07:30:00,822] {dag.py:1832} INFO - Sync 1 DAGs
[2022-06-21 07:30:00,837] {logging_mixin.py:104} INFO - [2022-06-21 07:30:00,837] {dag.py:2305} INFO - Setting next_dagrun for example_python_operator to None
[2022-06-21 07:30:00,846] {scheduler_job.py:190} INFO - Processing /home/airflow/.local/lib/python3.6/site-packages/airflow/example_dags/example_python_operator.py took 0.075 seconds
[2022-06-21 07:30:31,131] {scheduler_job.py:182} INFO - Started process (PID=217) to work on /home/airflow/.local/lib/python3.6/site-packages/airflow/example_dags/example_python_operator.py
[2022-06-21 07:30:31,138] {scheduler_job.py:633} INFO - Processing file /home/airflow/.local/lib/python3.6/site-packages/airflow/example_dags/example_python_operator.py for tasks to queue
[2022-06-21 07:30:31,140] {logging_mixin.py:104} INFO - [2022-06-21 07:30:31,139] {dagbag.py:487} INFO - Filling up the DagBag from /home/airflow/.local/lib/python3.6/site-packages/airflow/example_dags/example_python_operator.py
[2022-06-21 07:30:31,152] {scheduler_job.py:643} INFO - DAG(s) dict_keys(['example_python_operator']) retrieved from /home/airflow/.local/lib/python3.6/site-packages/airflow/example_dags/example_python_operator.py
[2022-06-21 07:30:31,176] {logging_mixin.py:104} INFO - [2022-06-21 07:30:31,176] {dag.py:1832} INFO - Sync 1 DAGs
[2022-06-21 07:30:31,191] {logging_mixin.py:104} INFO - [2022-06-21 07:30:31,191] {dag.py:2305} INFO - Setting next_dagrun for example_python_operator to None
[2022-06-21 07:30:31,200] {scheduler_job.py:190} INFO - Processing /home/airflow/.local/lib/python3.6/site-packages/airflow/example_dags/example_python_operator.py took 0.072 seconds
[2022-06-21 07:31:36,619] {scheduler_job.py:182} INFO - Started process (PID=86) to work on /home/airflow/.local/lib/python3.6/site-packages/airflow/example_dags/example_python_operator.py
[2022-06-21 07:31:36,621] {scheduler_job.py:633} INFO - Processing file /home/airflow/.local/lib/python3.6/site-packages/airflow/example_dags/example_python_operator.py for tasks to queue
[2022-06-21 07:31:36,623] {logging_mixin.py:104} INFO - [2022-06-21 07:31:36,622] {dagbag.py:487} INFO - Filling up the DagBag from /home/airflow/.local/lib/python3.6/site-packages/airflow/example_dags/example_python_operator.py
[2022-06-21 07:31:36,643] {scheduler_job.py:643} INFO - DAG(s) dict_keys(['example_python_operator']) retrieved from /home/airflow/.local/lib/python3.6/site-packages/airflow/example_dags/example_python_operator.py
[2022-06-21 07:31:36,667] {logging_mixin.py:104} INFO - [2022-06-21 07:31:36,667] {dag.py:1832} INFO - Sync 1 DAGs
[2022-06-21 07:31:36,683] {logging_mixin.py:104} INFO - [2022-06-21 07:31:36,682] {dag.py:2305} INFO - Setting next_dagrun for example_python_operator to None
[2022-06-21 07:31:36,693] {scheduler_job.py:190} INFO - Processing /home/airflow/.local/lib/python3.6/site-packages/airflow/example_dags/example_python_operator.py took 0.077 seconds
[2022-06-21 07:32:07,650] {scheduler_job.py:182} INFO - Started process (PID=149) to work on /home/airflow/.local/lib/python3.6/site-packages/airflow/example_dags/example_python_operator.py
[2022-06-21 07:32:07,652] {scheduler_job.py:633} INFO - Processing file /home/airflow/.local/lib/python3.6/site-packages/airflow/example_dags/example_python_operator.py for tasks to queue
[2022-06-21 07:32:07,653] {logging_mixin.py:104} INFO - [2022-06-21 07:32:07,653] {dagbag.py:487} INFO - Filling up the DagBag from /home/airflow/.local/lib/python3.6/site-packages/airflow/example_dags/example_python_operator.py
[2022-06-21 07:32:07,669] {scheduler_job.py:643} INFO - DAG(s) dict_keys(['example_python_operator']) retrieved from /home/airflow/.local/lib/python3.6/site-packages/airflow/example_dags/example_python_operator.py
[2022-06-21 07:32:07,689] {logging_mixin.py:104} INFO - [2022-06-21 07:32:07,689] {dag.py:1832} INFO - Sync 1 DAGs
[2022-06-21 07:32:07,705] {logging_mixin.py:104} INFO - [2022-06-21 07:32:07,705] {dag.py:2305} INFO - Setting next_dagrun for example_python_operator to None
[2022-06-21 07:32:07,714] {scheduler_job.py:190} INFO - Processing /home/airflow/.local/lib/python3.6/site-packages/airflow/example_dags/example_python_operator.py took 0.067 seconds
[2022-06-21 07:32:38,394] {scheduler_job.py:182} INFO - Started process (PID=236) to work on /home/airflow/.local/lib/python3.6/site-packages/airflow/example_dags/example_python_operator.py
[2022-06-21 07:32:38,400] {scheduler_job.py:633} INFO - Processing file /home/airflow/.local/lib/python3.6/site-packages/airflow/example_dags/example_python_operator.py for tasks to queue
[2022-06-21 07:32:38,403] {logging_mixin.py:104} INFO - [2022-06-21 07:32:38,402] {dagbag.py:487} INFO - Filling up the DagBag from /home/airflow/.local/lib/python3.6/site-packages/airflow/example_dags/example_python_operator.py
[2022-06-21 07:32:38,434] {scheduler_job.py:643} INFO - DAG(s) dict_keys(['example_python_operator']) retrieved from /home/airflow/.local/lib/python3.6/site-packages/airflow/example_dags/example_python_operator.py
[2022-06-21 07:32:38,470] {logging_mixin.py:104} INFO - [2022-06-21 07:32:38,470] {dag.py:1832} INFO - Sync 1 DAGs
[2022-06-21 07:32:38,526] {logging_mixin.py:104} INFO - [2022-06-21 07:32:38,526] {dag.py:2305} INFO - Setting next_dagrun for example_python_operator to None
[2022-06-21 07:32:38,555] {scheduler_job.py:190} INFO - Processing /home/airflow/.local/lib/python3.6/site-packages/airflow/example_dags/example_python_operator.py took 0.169 seconds
[2022-06-21 07:33:09,160] {scheduler_job.py:182} INFO - Started process (PID=298) to work on /home/airflow/.local/lib/python3.6/site-packages/airflow/example_dags/example_python_operator.py
[2022-06-21 07:33:09,162] {scheduler_job.py:633} INFO - Processing file /home/airflow/.local/lib/python3.6/site-packages/airflow/example_dags/example_python_operator.py for tasks to queue
[2022-06-21 07:33:09,163] {logging_mixin.py:104} INFO - [2022-06-21 07:33:09,163] {dagbag.py:487} INFO - Filling up the DagBag from /home/airflow/.local/lib/python3.6/site-packages/airflow/example_dags/example_python_operator.py
[2022-06-21 07:33:09,181] {scheduler_job.py:643} INFO - DAG(s) dict_keys(['example_python_operator']) retrieved from /home/airflow/.local/lib/python3.6/site-packages/airflow/example_dags/example_python_operator.py
[2022-06-21 07:33:09,206] {logging_mixin.py:104} INFO - [2022-06-21 07:33:09,206] {dag.py:1832} INFO - Sync 1 DAGs
[2022-06-21 07:33:09,223] {logging_mixin.py:104} INFO - [2022-06-21 07:33:09,223] {dag.py:2305} INFO - Setting next_dagrun for example_python_operator to None
[2022-06-21 07:33:09,233] {scheduler_job.py:190} INFO - Processing /home/airflow/.local/lib/python3.6/site-packages/airflow/example_dags/example_python_operator.py took 0.077 seconds
[2022-06-21 07:33:39,415] {scheduler_job.py:182} INFO - Started process (PID=374) to work on /home/airflow/.local/lib/python3.6/site-packages/airflow/example_dags/example_python_operator.py
[2022-06-21 07:33:39,417] {scheduler_job.py:633} INFO - Processing file /home/airflow/.local/lib/python3.6/site-packages/airflow/example_dags/example_python_operator.py for tasks to queue
[2022-06-21 07:33:39,418] {logging_mixin.py:104} INFO - [2022-06-21 07:33:39,418] {dagbag.py:487} INFO - Filling up the DagBag from /home/airflow/.local/lib/python3.6/site-packages/airflow/example_dags/example_python_operator.py
[2022-06-21 07:33:39,435] {scheduler_job.py:643} INFO - DAG(s) dict_keys(['example_python_operator']) retrieved from /home/airflow/.local/lib/python3.6/site-packages/airflow/example_dags/example_python_operator.py
[2022-06-21 07:33:39,456] {logging_mixin.py:104} INFO - [2022-06-21 07:33:39,456] {dag.py:1832} INFO - Sync 1 DAGs
[2022-06-21 07:33:39,471] {logging_mixin.py:104} INFO - [2022-06-21 07:33:39,471] {dag.py:2305} INFO - Setting next_dagrun for example_python_operator to None
[2022-06-21 07:33:39,480] {scheduler_job.py:190} INFO - Processing /home/airflow/.local/lib/python3.6/site-packages/airflow/example_dags/example_python_operator.py took 0.068 seconds
