[2022-06-21 06:55:45,611] {scheduler_job.py:182} INFO - Started process (PID=60) to work on /home/airflow/.local/lib/python3.6/site-packages/airflow/example_dags/example_latest_only.py
[2022-06-21 06:55:45,615] {scheduler_job.py:633} INFO - Processing file /home/airflow/.local/lib/python3.6/site-packages/airflow/example_dags/example_latest_only.py for tasks to queue
[2022-06-21 06:55:45,622] {logging_mixin.py:104} INFO - [2022-06-21 06:55:45,622] {dagbag.py:487} INFO - Filling up the DagBag from /home/airflow/.local/lib/python3.6/site-packages/airflow/example_dags/example_latest_only.py
[2022-06-21 06:55:45,665] {scheduler_job.py:643} INFO - DAG(s) dict_keys(['latest_only']) retrieved from /home/airflow/.local/lib/python3.6/site-packages/airflow/example_dags/example_latest_only.py
[2022-06-21 06:56:01,746] {logging_mixin.py:104} INFO - [2022-06-21 06:56:01,745] {dag.py:1832} INFO - Sync 1 DAGs
[2022-06-21 06:56:01,766] {logging_mixin.py:104} INFO - [2022-06-21 06:56:01,765] {dag.py:1851} INFO - Creating ORM DAG for latest_only
[2022-06-21 06:56:01,783] {logging_mixin.py:104} INFO - [2022-06-21 06:56:01,783] {dag.py:2305} INFO - Setting next_dagrun for latest_only to 2022-06-19 00:00:00+00:00
[2022-06-21 06:56:01,813] {scheduler_job.py:190} INFO - Processing /home/airflow/.local/lib/python3.6/site-packages/airflow/example_dags/example_latest_only.py took 16.209 seconds
[2022-06-21 06:57:56,271] {scheduler_job.py:182} INFO - Started process (PID=164) to work on /home/airflow/.local/lib/python3.6/site-packages/airflow/example_dags/example_latest_only.py
[2022-06-21 06:57:56,278] {scheduler_job.py:633} INFO - Processing file /home/airflow/.local/lib/python3.6/site-packages/airflow/example_dags/example_latest_only.py for tasks to queue
[2022-06-21 06:57:56,292] {logging_mixin.py:104} INFO - [2022-06-21 06:57:56,289] {dagbag.py:487} INFO - Filling up the DagBag from /home/airflow/.local/lib/python3.6/site-packages/airflow/example_dags/example_latest_only.py
[2022-06-21 06:57:56,529] {scheduler_job.py:643} INFO - DAG(s) dict_keys(['latest_only']) retrieved from /home/airflow/.local/lib/python3.6/site-packages/airflow/example_dags/example_latest_only.py
[2022-06-21 06:57:56,651] {logging_mixin.py:104} INFO - [2022-06-21 06:57:56,646] {dag.py:1832} INFO - Sync 1 DAGs
[2022-06-21 06:57:56,734] {logging_mixin.py:104} INFO - [2022-06-21 06:57:56,729] {dag.py:2305} INFO - Setting next_dagrun for latest_only to 2022-06-19 00:00:00+00:00
[2022-06-21 06:58:02,636] {scheduler_job.py:190} INFO - Processing /home/airflow/.local/lib/python3.6/site-packages/airflow/example_dags/example_latest_only.py took 6.379 seconds
[2022-06-21 06:58:46,079] {scheduler_job.py:182} INFO - Started process (PID=250) to work on /home/airflow/.local/lib/python3.6/site-packages/airflow/example_dags/example_latest_only.py
[2022-06-21 06:58:46,082] {scheduler_job.py:633} INFO - Processing file /home/airflow/.local/lib/python3.6/site-packages/airflow/example_dags/example_latest_only.py for tasks to queue
[2022-06-21 06:58:46,083] {logging_mixin.py:104} INFO - [2022-06-21 06:58:46,083] {dagbag.py:487} INFO - Filling up the DagBag from /home/airflow/.local/lib/python3.6/site-packages/airflow/example_dags/example_latest_only.py
[2022-06-21 06:58:46,148] {scheduler_job.py:643} INFO - DAG(s) dict_keys(['latest_only']) retrieved from /home/airflow/.local/lib/python3.6/site-packages/airflow/example_dags/example_latest_only.py
[2022-06-21 06:58:46,192] {logging_mixin.py:104} INFO - [2022-06-21 06:58:46,191] {dag.py:1832} INFO - Sync 1 DAGs
[2022-06-21 06:58:46,210] {logging_mixin.py:104} INFO - [2022-06-21 06:58:46,210] {dag.py:2305} INFO - Setting next_dagrun for latest_only to 2022-06-19 00:00:00+00:00
[2022-06-21 06:58:46,242] {scheduler_job.py:190} INFO - Processing /home/airflow/.local/lib/python3.6/site-packages/airflow/example_dags/example_latest_only.py took 0.169 seconds
[2022-06-21 06:59:16,431] {scheduler_job.py:182} INFO - Started process (PID=302) to work on /home/airflow/.local/lib/python3.6/site-packages/airflow/example_dags/example_latest_only.py
[2022-06-21 06:59:16,433] {scheduler_job.py:633} INFO - Processing file /home/airflow/.local/lib/python3.6/site-packages/airflow/example_dags/example_latest_only.py for tasks to queue
[2022-06-21 06:59:16,435] {logging_mixin.py:104} INFO - [2022-06-21 06:59:16,435] {dagbag.py:487} INFO - Filling up the DagBag from /home/airflow/.local/lib/python3.6/site-packages/airflow/example_dags/example_latest_only.py
[2022-06-21 06:59:16,453] {scheduler_job.py:643} INFO - DAG(s) dict_keys(['latest_only']) retrieved from /home/airflow/.local/lib/python3.6/site-packages/airflow/example_dags/example_latest_only.py
[2022-06-21 06:59:16,485] {logging_mixin.py:104} INFO - [2022-06-21 06:59:16,485] {dag.py:1832} INFO - Sync 1 DAGs
[2022-06-21 06:59:16,500] {logging_mixin.py:104} INFO - [2022-06-21 06:59:16,500] {dag.py:2305} INFO - Setting next_dagrun for latest_only to 2022-06-19 00:00:00+00:00
[2022-06-21 06:59:16,513] {scheduler_job.py:190} INFO - Processing /home/airflow/.local/lib/python3.6/site-packages/airflow/example_dags/example_latest_only.py took 0.085 seconds
[2022-06-21 06:59:54,431] {scheduler_job.py:182} INFO - Started process (PID=349) to work on /home/airflow/.local/lib/python3.6/site-packages/airflow/example_dags/example_latest_only.py
[2022-06-21 06:59:54,436] {scheduler_job.py:633} INFO - Processing file /home/airflow/.local/lib/python3.6/site-packages/airflow/example_dags/example_latest_only.py for tasks to queue
[2022-06-21 06:59:54,444] {logging_mixin.py:104} INFO - [2022-06-21 06:59:54,444] {dagbag.py:487} INFO - Filling up the DagBag from /home/airflow/.local/lib/python3.6/site-packages/airflow/example_dags/example_latest_only.py
[2022-06-21 06:59:54,609] {scheduler_job.py:643} INFO - DAG(s) dict_keys(['latest_only']) retrieved from /home/airflow/.local/lib/python3.6/site-packages/airflow/example_dags/example_latest_only.py
[2022-06-21 06:59:54,711] {logging_mixin.py:104} INFO - [2022-06-21 06:59:54,710] {dag.py:1832} INFO - Sync 1 DAGs
[2022-06-21 06:59:54,745] {logging_mixin.py:104} INFO - [2022-06-21 06:59:54,744] {dag.py:2305} INFO - Setting next_dagrun for latest_only to 2022-06-19 00:00:00+00:00
[2022-06-21 06:59:54,785] {scheduler_job.py:190} INFO - Processing /home/airflow/.local/lib/python3.6/site-packages/airflow/example_dags/example_latest_only.py took 0.359 seconds
[2022-06-21 07:00:24,943] {scheduler_job.py:182} INFO - Started process (PID=411) to work on /home/airflow/.local/lib/python3.6/site-packages/airflow/example_dags/example_latest_only.py
[2022-06-21 07:00:24,945] {scheduler_job.py:633} INFO - Processing file /home/airflow/.local/lib/python3.6/site-packages/airflow/example_dags/example_latest_only.py for tasks to queue
[2022-06-21 07:00:24,946] {logging_mixin.py:104} INFO - [2022-06-21 07:00:24,946] {dagbag.py:487} INFO - Filling up the DagBag from /home/airflow/.local/lib/python3.6/site-packages/airflow/example_dags/example_latest_only.py
[2022-06-21 07:00:24,963] {scheduler_job.py:643} INFO - DAG(s) dict_keys(['latest_only']) retrieved from /home/airflow/.local/lib/python3.6/site-packages/airflow/example_dags/example_latest_only.py
[2022-06-21 07:00:25,006] {logging_mixin.py:104} INFO - [2022-06-21 07:00:25,006] {dag.py:1832} INFO - Sync 1 DAGs
[2022-06-21 07:00:25,022] {logging_mixin.py:104} INFO - [2022-06-21 07:00:25,022] {dag.py:2305} INFO - Setting next_dagrun for latest_only to 2022-06-19 00:00:00+00:00
[2022-06-21 07:00:25,035] {scheduler_job.py:190} INFO - Processing /home/airflow/.local/lib/python3.6/site-packages/airflow/example_dags/example_latest_only.py took 0.095 seconds
[2022-06-21 07:00:55,705] {scheduler_job.py:182} INFO - Started process (PID=467) to work on /home/airflow/.local/lib/python3.6/site-packages/airflow/example_dags/example_latest_only.py
[2022-06-21 07:00:55,711] {scheduler_job.py:633} INFO - Processing file /home/airflow/.local/lib/python3.6/site-packages/airflow/example_dags/example_latest_only.py for tasks to queue
[2022-06-21 07:00:55,717] {logging_mixin.py:104} INFO - [2022-06-21 07:00:55,716] {dagbag.py:487} INFO - Filling up the DagBag from /home/airflow/.local/lib/python3.6/site-packages/airflow/example_dags/example_latest_only.py
[2022-06-21 07:00:55,767] {scheduler_job.py:643} INFO - DAG(s) dict_keys(['latest_only']) retrieved from /home/airflow/.local/lib/python3.6/site-packages/airflow/example_dags/example_latest_only.py
[2022-06-21 07:00:55,820] {logging_mixin.py:104} INFO - [2022-06-21 07:00:55,820] {dag.py:1832} INFO - Sync 1 DAGs
[2022-06-21 07:00:55,842] {logging_mixin.py:104} INFO - [2022-06-21 07:00:55,841] {dag.py:2305} INFO - Setting next_dagrun for latest_only to 2022-06-19 00:00:00+00:00
[2022-06-21 07:00:55,857] {scheduler_job.py:190} INFO - Processing /home/airflow/.local/lib/python3.6/site-packages/airflow/example_dags/example_latest_only.py took 0.172 seconds
[2022-06-21 07:01:25,957] {scheduler_job.py:182} INFO - Started process (PID=518) to work on /home/airflow/.local/lib/python3.6/site-packages/airflow/example_dags/example_latest_only.py
[2022-06-21 07:01:25,960] {scheduler_job.py:633} INFO - Processing file /home/airflow/.local/lib/python3.6/site-packages/airflow/example_dags/example_latest_only.py for tasks to queue
[2022-06-21 07:01:25,962] {logging_mixin.py:104} INFO - [2022-06-21 07:01:25,962] {dagbag.py:487} INFO - Filling up the DagBag from /home/airflow/.local/lib/python3.6/site-packages/airflow/example_dags/example_latest_only.py
[2022-06-21 07:01:26,003] {scheduler_job.py:643} INFO - DAG(s) dict_keys(['latest_only']) retrieved from /home/airflow/.local/lib/python3.6/site-packages/airflow/example_dags/example_latest_only.py
[2022-06-21 07:01:26,043] {logging_mixin.py:104} INFO - [2022-06-21 07:01:26,043] {dag.py:1832} INFO - Sync 1 DAGs
[2022-06-21 07:01:26,060] {logging_mixin.py:104} INFO - [2022-06-21 07:01:26,060] {dag.py:2305} INFO - Setting next_dagrun for latest_only to 2022-06-19 00:00:00+00:00
[2022-06-21 07:01:26,072] {scheduler_job.py:190} INFO - Processing /home/airflow/.local/lib/python3.6/site-packages/airflow/example_dags/example_latest_only.py took 0.118 seconds
[2022-06-21 07:01:58,630] {scheduler_job.py:182} INFO - Started process (PID=572) to work on /home/airflow/.local/lib/python3.6/site-packages/airflow/example_dags/example_latest_only.py
[2022-06-21 07:01:58,649] {scheduler_job.py:633} INFO - Processing file /home/airflow/.local/lib/python3.6/site-packages/airflow/example_dags/example_latest_only.py for tasks to queue
[2022-06-21 07:01:58,657] {logging_mixin.py:104} INFO - [2022-06-21 07:01:58,657] {dagbag.py:487} INFO - Filling up the DagBag from /home/airflow/.local/lib/python3.6/site-packages/airflow/example_dags/example_latest_only.py
[2022-06-21 07:01:58,782] {scheduler_job.py:643} INFO - DAG(s) dict_keys(['latest_only']) retrieved from /home/airflow/.local/lib/python3.6/site-packages/airflow/example_dags/example_latest_only.py
[2022-06-21 07:01:58,831] {logging_mixin.py:104} INFO - [2022-06-21 07:01:58,831] {dag.py:1832} INFO - Sync 1 DAGs
[2022-06-21 07:01:58,857] {logging_mixin.py:104} INFO - [2022-06-21 07:01:58,856] {dag.py:2305} INFO - Setting next_dagrun for latest_only to 2022-06-19 00:00:00+00:00
[2022-06-21 07:01:58,906] {scheduler_job.py:190} INFO - Processing /home/airflow/.local/lib/python3.6/site-packages/airflow/example_dags/example_latest_only.py took 0.307 seconds
[2022-06-21 07:04:52,644] {scheduler_job.py:182} INFO - Started process (PID=55) to work on /home/airflow/.local/lib/python3.6/site-packages/airflow/example_dags/example_latest_only.py
[2022-06-21 07:04:52,654] {scheduler_job.py:633} INFO - Processing file /home/airflow/.local/lib/python3.6/site-packages/airflow/example_dags/example_latest_only.py for tasks to queue
[2022-06-21 07:04:52,655] {logging_mixin.py:104} INFO - [2022-06-21 07:04:52,655] {dagbag.py:487} INFO - Filling up the DagBag from /home/airflow/.local/lib/python3.6/site-packages/airflow/example_dags/example_latest_only.py
[2022-06-21 07:04:52,695] {scheduler_job.py:643} INFO - DAG(s) dict_keys(['latest_only']) retrieved from /home/airflow/.local/lib/python3.6/site-packages/airflow/example_dags/example_latest_only.py
[2022-06-21 07:04:52,740] {logging_mixin.py:104} INFO - [2022-06-21 07:04:52,740] {dag.py:1832} INFO - Sync 1 DAGs
[2022-06-21 07:04:52,788] {logging_mixin.py:104} INFO - [2022-06-21 07:04:52,788] {dag.py:2305} INFO - Setting next_dagrun for latest_only to 2022-06-19 00:00:00+00:00
[2022-06-21 07:04:52,808] {scheduler_job.py:190} INFO - Processing /home/airflow/.local/lib/python3.6/site-packages/airflow/example_dags/example_latest_only.py took 0.168 seconds
[2022-06-21 07:05:34,049] {scheduler_job.py:182} INFO - Started process (PID=103) to work on /home/airflow/.local/lib/python3.6/site-packages/airflow/example_dags/example_latest_only.py
[2022-06-21 07:05:34,164] {scheduler_job.py:633} INFO - Processing file /home/airflow/.local/lib/python3.6/site-packages/airflow/example_dags/example_latest_only.py for tasks to queue
[2022-06-21 07:05:34,211] {logging_mixin.py:104} INFO - [2022-06-21 07:05:34,202] {dagbag.py:487} INFO - Filling up the DagBag from /home/airflow/.local/lib/python3.6/site-packages/airflow/example_dags/example_latest_only.py
[2022-06-21 07:05:34,478] {scheduler_job.py:643} INFO - DAG(s) dict_keys(['latest_only']) retrieved from /home/airflow/.local/lib/python3.6/site-packages/airflow/example_dags/example_latest_only.py
[2022-06-21 07:05:34,621] {logging_mixin.py:104} INFO - [2022-06-21 07:05:34,621] {dag.py:1832} INFO - Sync 1 DAGs
[2022-06-21 07:05:34,867] {logging_mixin.py:104} INFO - [2022-06-21 07:05:34,860] {dag.py:2305} INFO - Setting next_dagrun for latest_only to 2022-06-19 00:00:00+00:00
[2022-06-21 07:05:34,925] {scheduler_job.py:190} INFO - Processing /home/airflow/.local/lib/python3.6/site-packages/airflow/example_dags/example_latest_only.py took 1.265 seconds
[2022-06-21 07:06:05,042] {scheduler_job.py:182} INFO - Started process (PID=172) to work on /home/airflow/.local/lib/python3.6/site-packages/airflow/example_dags/example_latest_only.py
[2022-06-21 07:06:05,045] {scheduler_job.py:633} INFO - Processing file /home/airflow/.local/lib/python3.6/site-packages/airflow/example_dags/example_latest_only.py for tasks to queue
[2022-06-21 07:06:05,048] {logging_mixin.py:104} INFO - [2022-06-21 07:06:05,047] {dagbag.py:487} INFO - Filling up the DagBag from /home/airflow/.local/lib/python3.6/site-packages/airflow/example_dags/example_latest_only.py
[2022-06-21 07:06:05,108] {scheduler_job.py:643} INFO - DAG(s) dict_keys(['latest_only']) retrieved from /home/airflow/.local/lib/python3.6/site-packages/airflow/example_dags/example_latest_only.py
[2022-06-21 07:06:05,164] {logging_mixin.py:104} INFO - [2022-06-21 07:06:05,164] {dag.py:1832} INFO - Sync 1 DAGs
[2022-06-21 07:06:05,217] {logging_mixin.py:104} INFO - [2022-06-21 07:06:05,216] {dag.py:2305} INFO - Setting next_dagrun for latest_only to 2022-06-19 00:00:00+00:00
[2022-06-21 07:06:05,243] {scheduler_job.py:190} INFO - Processing /home/airflow/.local/lib/python3.6/site-packages/airflow/example_dags/example_latest_only.py took 0.204 seconds
[2022-06-21 07:06:35,432] {scheduler_job.py:182} INFO - Started process (PID=233) to work on /home/airflow/.local/lib/python3.6/site-packages/airflow/example_dags/example_latest_only.py
[2022-06-21 07:06:35,435] {scheduler_job.py:633} INFO - Processing file /home/airflow/.local/lib/python3.6/site-packages/airflow/example_dags/example_latest_only.py for tasks to queue
[2022-06-21 07:06:35,437] {logging_mixin.py:104} INFO - [2022-06-21 07:06:35,437] {dagbag.py:487} INFO - Filling up the DagBag from /home/airflow/.local/lib/python3.6/site-packages/airflow/example_dags/example_latest_only.py
[2022-06-21 07:06:35,459] {scheduler_job.py:643} INFO - DAG(s) dict_keys(['latest_only']) retrieved from /home/airflow/.local/lib/python3.6/site-packages/airflow/example_dags/example_latest_only.py
[2022-06-21 07:06:35,505] {logging_mixin.py:104} INFO - [2022-06-21 07:06:35,504] {dag.py:1832} INFO - Sync 1 DAGs
[2022-06-21 07:06:35,531] {logging_mixin.py:104} INFO - [2022-06-21 07:06:35,531] {dag.py:2305} INFO - Setting next_dagrun for latest_only to 2022-06-19 00:00:00+00:00
[2022-06-21 07:06:35,553] {scheduler_job.py:190} INFO - Processing /home/airflow/.local/lib/python3.6/site-packages/airflow/example_dags/example_latest_only.py took 0.128 seconds
[2022-06-21 07:07:21,657] {scheduler_job.py:182} INFO - Started process (PID=295) to work on /home/airflow/.local/lib/python3.6/site-packages/airflow/example_dags/example_latest_only.py
[2022-06-21 07:07:21,663] {scheduler_job.py:633} INFO - Processing file /home/airflow/.local/lib/python3.6/site-packages/airflow/example_dags/example_latest_only.py for tasks to queue
[2022-06-21 07:07:21,667] {logging_mixin.py:104} INFO - [2022-06-21 07:07:21,667] {dagbag.py:487} INFO - Filling up the DagBag from /home/airflow/.local/lib/python3.6/site-packages/airflow/example_dags/example_latest_only.py
[2022-06-21 07:07:21,709] {scheduler_job.py:643} INFO - DAG(s) dict_keys(['latest_only']) retrieved from /home/airflow/.local/lib/python3.6/site-packages/airflow/example_dags/example_latest_only.py
[2022-06-21 07:07:21,751] {logging_mixin.py:104} INFO - [2022-06-21 07:07:21,750] {dag.py:1832} INFO - Sync 1 DAGs
[2022-06-21 07:07:21,777] {logging_mixin.py:104} INFO - [2022-06-21 07:07:21,777] {dag.py:2305} INFO - Setting next_dagrun for latest_only to 2022-06-19 00:00:00+00:00
[2022-06-21 07:07:21,795] {scheduler_job.py:190} INFO - Processing /home/airflow/.local/lib/python3.6/site-packages/airflow/example_dags/example_latest_only.py took 0.150 seconds
[2022-06-21 07:07:52,064] {scheduler_job.py:182} INFO - Started process (PID=357) to work on /home/airflow/.local/lib/python3.6/site-packages/airflow/example_dags/example_latest_only.py
[2022-06-21 07:07:52,068] {scheduler_job.py:633} INFO - Processing file /home/airflow/.local/lib/python3.6/site-packages/airflow/example_dags/example_latest_only.py for tasks to queue
[2022-06-21 07:07:52,070] {logging_mixin.py:104} INFO - [2022-06-21 07:07:52,070] {dagbag.py:487} INFO - Filling up the DagBag from /home/airflow/.local/lib/python3.6/site-packages/airflow/example_dags/example_latest_only.py
[2022-06-21 07:07:52,093] {scheduler_job.py:643} INFO - DAG(s) dict_keys(['latest_only']) retrieved from /home/airflow/.local/lib/python3.6/site-packages/airflow/example_dags/example_latest_only.py
[2022-06-21 07:07:52,122] {logging_mixin.py:104} INFO - [2022-06-21 07:07:52,122] {dag.py:1832} INFO - Sync 1 DAGs
[2022-06-21 07:07:52,148] {logging_mixin.py:104} INFO - [2022-06-21 07:07:52,148] {dag.py:2305} INFO - Setting next_dagrun for latest_only to 2022-06-19 00:00:00+00:00
[2022-06-21 07:07:52,170] {scheduler_job.py:190} INFO - Processing /home/airflow/.local/lib/python3.6/site-packages/airflow/example_dags/example_latest_only.py took 0.113 seconds
[2022-06-21 07:08:23,052] {scheduler_job.py:182} INFO - Started process (PID=431) to work on /home/airflow/.local/lib/python3.6/site-packages/airflow/example_dags/example_latest_only.py
[2022-06-21 07:08:23,054] {scheduler_job.py:633} INFO - Processing file /home/airflow/.local/lib/python3.6/site-packages/airflow/example_dags/example_latest_only.py for tasks to queue
[2022-06-21 07:08:23,056] {logging_mixin.py:104} INFO - [2022-06-21 07:08:23,055] {dagbag.py:487} INFO - Filling up the DagBag from /home/airflow/.local/lib/python3.6/site-packages/airflow/example_dags/example_latest_only.py
[2022-06-21 07:08:23,078] {scheduler_job.py:643} INFO - DAG(s) dict_keys(['latest_only']) retrieved from /home/airflow/.local/lib/python3.6/site-packages/airflow/example_dags/example_latest_only.py
[2022-06-21 07:08:23,103] {logging_mixin.py:104} INFO - [2022-06-21 07:08:23,103] {dag.py:1832} INFO - Sync 1 DAGs
[2022-06-21 07:08:23,124] {logging_mixin.py:104} INFO - [2022-06-21 07:08:23,124] {dag.py:2305} INFO - Setting next_dagrun for latest_only to 2022-06-19 00:00:00+00:00
[2022-06-21 07:08:23,139] {scheduler_job.py:190} INFO - Processing /home/airflow/.local/lib/python3.6/site-packages/airflow/example_dags/example_latest_only.py took 0.091 seconds
[2022-06-21 07:08:53,764] {scheduler_job.py:182} INFO - Started process (PID=498) to work on /home/airflow/.local/lib/python3.6/site-packages/airflow/example_dags/example_latest_only.py
[2022-06-21 07:08:53,766] {scheduler_job.py:633} INFO - Processing file /home/airflow/.local/lib/python3.6/site-packages/airflow/example_dags/example_latest_only.py for tasks to queue
[2022-06-21 07:08:53,768] {logging_mixin.py:104} INFO - [2022-06-21 07:08:53,768] {dagbag.py:487} INFO - Filling up the DagBag from /home/airflow/.local/lib/python3.6/site-packages/airflow/example_dags/example_latest_only.py
[2022-06-21 07:08:53,786] {scheduler_job.py:643} INFO - DAG(s) dict_keys(['latest_only']) retrieved from /home/airflow/.local/lib/python3.6/site-packages/airflow/example_dags/example_latest_only.py
[2022-06-21 07:08:53,808] {logging_mixin.py:104} INFO - [2022-06-21 07:08:53,808] {dag.py:1832} INFO - Sync 1 DAGs
[2022-06-21 07:08:53,824] {logging_mixin.py:104} INFO - [2022-06-21 07:08:53,824] {dag.py:2305} INFO - Setting next_dagrun for latest_only to 2022-06-19 00:00:00+00:00
[2022-06-21 07:08:53,835] {scheduler_job.py:190} INFO - Processing /home/airflow/.local/lib/python3.6/site-packages/airflow/example_dags/example_latest_only.py took 0.074 seconds
[2022-06-21 07:11:08,246] {scheduler_job.py:182} INFO - Started process (PID=54) to work on /home/airflow/.local/lib/python3.6/site-packages/airflow/example_dags/example_latest_only.py
[2022-06-21 07:11:08,250] {scheduler_job.py:633} INFO - Processing file /home/airflow/.local/lib/python3.6/site-packages/airflow/example_dags/example_latest_only.py for tasks to queue
[2022-06-21 07:11:08,254] {logging_mixin.py:104} INFO - [2022-06-21 07:11:08,254] {dagbag.py:487} INFO - Filling up the DagBag from /home/airflow/.local/lib/python3.6/site-packages/airflow/example_dags/example_latest_only.py
[2022-06-21 07:11:08,329] {scheduler_job.py:643} INFO - DAG(s) dict_keys(['latest_only']) retrieved from /home/airflow/.local/lib/python3.6/site-packages/airflow/example_dags/example_latest_only.py
[2022-06-21 07:11:08,421] {logging_mixin.py:104} INFO - [2022-06-21 07:11:08,417] {dag.py:1832} INFO - Sync 1 DAGs
[2022-06-21 07:11:08,486] {logging_mixin.py:104} INFO - [2022-06-21 07:11:08,486] {dag.py:2305} INFO - Setting next_dagrun for latest_only to 2022-06-19 00:00:00+00:00
[2022-06-21 07:11:08,508] {scheduler_job.py:190} INFO - Processing /home/airflow/.local/lib/python3.6/site-packages/airflow/example_dags/example_latest_only.py took 0.266 seconds
[2022-06-21 07:11:40,700] {scheduler_job.py:182} INFO - Started process (PID=106) to work on /home/airflow/.local/lib/python3.6/site-packages/airflow/example_dags/example_latest_only.py
[2022-06-21 07:11:40,750] {scheduler_job.py:633} INFO - Processing file /home/airflow/.local/lib/python3.6/site-packages/airflow/example_dags/example_latest_only.py for tasks to queue
[2022-06-21 07:11:40,792] {logging_mixin.py:104} INFO - [2022-06-21 07:11:40,781] {dagbag.py:487} INFO - Filling up the DagBag from /home/airflow/.local/lib/python3.6/site-packages/airflow/example_dags/example_latest_only.py
[2022-06-21 07:11:42,088] {scheduler_job.py:643} INFO - DAG(s) dict_keys(['latest_only']) retrieved from /home/airflow/.local/lib/python3.6/site-packages/airflow/example_dags/example_latest_only.py
[2022-06-21 07:11:44,835] {logging_mixin.py:104} INFO - [2022-06-21 07:11:44,835] {dag.py:1832} INFO - Sync 1 DAGs
[2022-06-21 07:11:44,965] {logging_mixin.py:104} INFO - [2022-06-21 07:11:44,964] {dag.py:2305} INFO - Setting next_dagrun for latest_only to 2022-06-19 00:00:00+00:00
[2022-06-21 07:11:45,021] {scheduler_job.py:190} INFO - Processing /home/airflow/.local/lib/python3.6/site-packages/airflow/example_dags/example_latest_only.py took 4.452 seconds
[2022-06-21 07:12:17,175] {scheduler_job.py:182} INFO - Started process (PID=153) to work on /home/airflow/.local/lib/python3.6/site-packages/airflow/example_dags/example_latest_only.py
[2022-06-21 07:12:17,179] {scheduler_job.py:633} INFO - Processing file /home/airflow/.local/lib/python3.6/site-packages/airflow/example_dags/example_latest_only.py for tasks to queue
[2022-06-21 07:12:17,182] {logging_mixin.py:104} INFO - [2022-06-21 07:12:17,181] {dagbag.py:487} INFO - Filling up the DagBag from /home/airflow/.local/lib/python3.6/site-packages/airflow/example_dags/example_latest_only.py
[2022-06-21 07:12:17,250] {scheduler_job.py:643} INFO - DAG(s) dict_keys(['latest_only']) retrieved from /home/airflow/.local/lib/python3.6/site-packages/airflow/example_dags/example_latest_only.py
[2022-06-21 07:12:17,317] {logging_mixin.py:104} INFO - [2022-06-21 07:12:17,317] {dag.py:1832} INFO - Sync 1 DAGs
[2022-06-21 07:12:17,335] {logging_mixin.py:104} INFO - [2022-06-21 07:12:17,335] {dag.py:2305} INFO - Setting next_dagrun for latest_only to 2022-06-19 00:00:00+00:00
[2022-06-21 07:12:17,349] {scheduler_job.py:190} INFO - Processing /home/airflow/.local/lib/python3.6/site-packages/airflow/example_dags/example_latest_only.py took 0.181 seconds
[2022-06-21 07:12:49,046] {scheduler_job.py:182} INFO - Started process (PID=199) to work on /home/airflow/.local/lib/python3.6/site-packages/airflow/example_dags/example_latest_only.py
[2022-06-21 07:12:49,051] {scheduler_job.py:633} INFO - Processing file /home/airflow/.local/lib/python3.6/site-packages/airflow/example_dags/example_latest_only.py for tasks to queue
[2022-06-21 07:12:49,055] {logging_mixin.py:104} INFO - [2022-06-21 07:12:49,054] {dagbag.py:487} INFO - Filling up the DagBag from /home/airflow/.local/lib/python3.6/site-packages/airflow/example_dags/example_latest_only.py
[2022-06-21 07:12:57,175] {scheduler_job.py:643} INFO - DAG(s) dict_keys(['latest_only']) retrieved from /home/airflow/.local/lib/python3.6/site-packages/airflow/example_dags/example_latest_only.py
[2022-06-21 07:12:57,263] {logging_mixin.py:104} INFO - [2022-06-21 07:12:57,262] {dag.py:1832} INFO - Sync 1 DAGs
[2022-06-21 07:12:57,295] {logging_mixin.py:104} INFO - [2022-06-21 07:12:57,295] {dag.py:2305} INFO - Setting next_dagrun for latest_only to 2022-06-19 00:00:00+00:00
[2022-06-21 07:12:57,314] {scheduler_job.py:190} INFO - Processing /home/airflow/.local/lib/python3.6/site-packages/airflow/example_dags/example_latest_only.py took 8.272 seconds
[2022-06-21 07:13:34,964] {scheduler_job.py:182} INFO - Started process (PID=247) to work on /home/airflow/.local/lib/python3.6/site-packages/airflow/example_dags/example_latest_only.py
[2022-06-21 07:13:34,968] {scheduler_job.py:633} INFO - Processing file /home/airflow/.local/lib/python3.6/site-packages/airflow/example_dags/example_latest_only.py for tasks to queue
[2022-06-21 07:13:34,971] {logging_mixin.py:104} INFO - [2022-06-21 07:13:34,970] {dagbag.py:487} INFO - Filling up the DagBag from /home/airflow/.local/lib/python3.6/site-packages/airflow/example_dags/example_latest_only.py
[2022-06-21 07:13:35,052] {scheduler_job.py:643} INFO - DAG(s) dict_keys(['latest_only']) retrieved from /home/airflow/.local/lib/python3.6/site-packages/airflow/example_dags/example_latest_only.py
[2022-06-21 07:14:11,612] {logging_mixin.py:104} INFO - [2022-06-21 07:14:11,606] {dag.py:1832} INFO - Sync 1 DAGs
[2022-06-21 07:14:41,246] {scheduler_job.py:182} INFO - Started process (PID=250) to work on /home/airflow/.local/lib/python3.6/site-packages/airflow/example_dags/example_latest_only.py
[2022-06-21 07:14:41,248] {scheduler_job.py:633} INFO - Processing file /home/airflow/.local/lib/python3.6/site-packages/airflow/example_dags/example_latest_only.py for tasks to queue
[2022-06-21 07:14:41,250] {logging_mixin.py:104} INFO - [2022-06-21 07:14:41,250] {dagbag.py:487} INFO - Filling up the DagBag from /home/airflow/.local/lib/python3.6/site-packages/airflow/example_dags/example_latest_only.py
[2022-06-21 07:14:41,270] {scheduler_job.py:643} INFO - DAG(s) dict_keys(['latest_only']) retrieved from /home/airflow/.local/lib/python3.6/site-packages/airflow/example_dags/example_latest_only.py
[2022-06-21 07:14:41,295] {logging_mixin.py:104} INFO - [2022-06-21 07:14:41,295] {dag.py:1832} INFO - Sync 1 DAGs
[2022-06-21 07:14:41,308] {logging_mixin.py:104} INFO - [2022-06-21 07:14:41,308] {dag.py:2305} INFO - Setting next_dagrun for latest_only to 2022-06-19 00:00:00+00:00
[2022-06-21 07:14:41,336] {scheduler_job.py:190} INFO - Processing /home/airflow/.local/lib/python3.6/site-packages/airflow/example_dags/example_latest_only.py took 0.094 seconds
[2022-06-21 07:15:29,701] {scheduler_job.py:182} INFO - Started process (PID=298) to work on /home/airflow/.local/lib/python3.6/site-packages/airflow/example_dags/example_latest_only.py
[2022-06-21 07:15:29,741] {scheduler_job.py:633} INFO - Processing file /home/airflow/.local/lib/python3.6/site-packages/airflow/example_dags/example_latest_only.py for tasks to queue
[2022-06-21 07:15:29,811] {logging_mixin.py:104} INFO - [2022-06-21 07:15:29,795] {dagbag.py:487} INFO - Filling up the DagBag from /home/airflow/.local/lib/python3.6/site-packages/airflow/example_dags/example_latest_only.py
[2022-06-21 07:15:30,115] {scheduler_job.py:643} INFO - DAG(s) dict_keys(['latest_only']) retrieved from /home/airflow/.local/lib/python3.6/site-packages/airflow/example_dags/example_latest_only.py
[2022-06-21 07:15:33,035] {logging_mixin.py:104} INFO - [2022-06-21 07:15:33,033] {dag.py:1832} INFO - Sync 1 DAGs
[2022-06-21 07:15:33,067] {logging_mixin.py:104} INFO - [2022-06-21 07:15:33,067] {dag.py:2305} INFO - Setting next_dagrun for latest_only to 2022-06-19 00:00:00+00:00
[2022-06-21 07:15:33,084] {scheduler_job.py:190} INFO - Processing /home/airflow/.local/lib/python3.6/site-packages/airflow/example_dags/example_latest_only.py took 3.394 seconds
[2022-06-21 07:16:07,478] {scheduler_job.py:182} INFO - Started process (PID=355) to work on /home/airflow/.local/lib/python3.6/site-packages/airflow/example_dags/example_latest_only.py
[2022-06-21 07:16:07,501] {scheduler_job.py:633} INFO - Processing file /home/airflow/.local/lib/python3.6/site-packages/airflow/example_dags/example_latest_only.py for tasks to queue
[2022-06-21 07:16:07,507] {logging_mixin.py:104} INFO - [2022-06-21 07:16:07,506] {dagbag.py:487} INFO - Filling up the DagBag from /home/airflow/.local/lib/python3.6/site-packages/airflow/example_dags/example_latest_only.py
[2022-06-21 07:16:07,809] {scheduler_job.py:643} INFO - DAG(s) dict_keys(['latest_only']) retrieved from /home/airflow/.local/lib/python3.6/site-packages/airflow/example_dags/example_latest_only.py
[2022-06-21 07:16:09,102] {logging_mixin.py:104} INFO - [2022-06-21 07:16:09,102] {dag.py:1832} INFO - Sync 1 DAGs
[2022-06-21 07:16:09,135] {logging_mixin.py:104} INFO - [2022-06-21 07:16:09,128] {dag.py:2305} INFO - Setting next_dagrun for latest_only to 2022-06-19 00:00:00+00:00
[2022-06-21 07:16:09,176] {scheduler_job.py:190} INFO - Processing /home/airflow/.local/lib/python3.6/site-packages/airflow/example_dags/example_latest_only.py took 1.704 seconds
[2022-06-21 07:16:44,501] {scheduler_job.py:182} INFO - Started process (PID=418) to work on /home/airflow/.local/lib/python3.6/site-packages/airflow/example_dags/example_latest_only.py
[2022-06-21 07:16:44,733] {scheduler_job.py:633} INFO - Processing file /home/airflow/.local/lib/python3.6/site-packages/airflow/example_dags/example_latest_only.py for tasks to queue
[2022-06-21 07:16:47,963] {logging_mixin.py:104} INFO - [2022-06-21 07:16:47,963] {dagbag.py:487} INFO - Filling up the DagBag from /home/airflow/.local/lib/python3.6/site-packages/airflow/example_dags/example_latest_only.py
[2022-06-21 07:16:48,054] {scheduler_job.py:643} INFO - DAG(s) dict_keys(['latest_only']) retrieved from /home/airflow/.local/lib/python3.6/site-packages/airflow/example_dags/example_latest_only.py
[2022-06-21 07:16:48,126] {logging_mixin.py:104} INFO - [2022-06-21 07:16:48,126] {dag.py:1832} INFO - Sync 1 DAGs
[2022-06-21 07:16:48,146] {logging_mixin.py:104} INFO - [2022-06-21 07:16:48,146] {dag.py:2305} INFO - Setting next_dagrun for latest_only to 2022-06-19 00:00:00+00:00
[2022-06-21 07:16:48,181] {scheduler_job.py:190} INFO - Processing /home/airflow/.local/lib/python3.6/site-packages/airflow/example_dags/example_latest_only.py took 3.732 seconds
[2022-06-21 07:17:18,657] {scheduler_job.py:182} INFO - Started process (PID=486) to work on /home/airflow/.local/lib/python3.6/site-packages/airflow/example_dags/example_latest_only.py
[2022-06-21 07:17:18,660] {scheduler_job.py:633} INFO - Processing file /home/airflow/.local/lib/python3.6/site-packages/airflow/example_dags/example_latest_only.py for tasks to queue
[2022-06-21 07:17:18,661] {logging_mixin.py:104} INFO - [2022-06-21 07:17:18,661] {dagbag.py:487} INFO - Filling up the DagBag from /home/airflow/.local/lib/python3.6/site-packages/airflow/example_dags/example_latest_only.py
[2022-06-21 07:17:18,679] {scheduler_job.py:643} INFO - DAG(s) dict_keys(['latest_only']) retrieved from /home/airflow/.local/lib/python3.6/site-packages/airflow/example_dags/example_latest_only.py
[2022-06-21 07:17:18,703] {logging_mixin.py:104} INFO - [2022-06-21 07:17:18,703] {dag.py:1832} INFO - Sync 1 DAGs
[2022-06-21 07:17:18,716] {logging_mixin.py:104} INFO - [2022-06-21 07:17:18,716] {dag.py:2305} INFO - Setting next_dagrun for latest_only to 2022-06-19 00:00:00+00:00
[2022-06-21 07:17:18,727] {scheduler_job.py:190} INFO - Processing /home/airflow/.local/lib/python3.6/site-packages/airflow/example_dags/example_latest_only.py took 0.075 seconds
[2022-06-21 07:20:37,967] {scheduler_job.py:182} INFO - Started process (PID=59) to work on /home/airflow/.local/lib/python3.6/site-packages/airflow/example_dags/example_latest_only.py
[2022-06-21 07:20:37,970] {scheduler_job.py:633} INFO - Processing file /home/airflow/.local/lib/python3.6/site-packages/airflow/example_dags/example_latest_only.py for tasks to queue
[2022-06-21 07:20:37,972] {logging_mixin.py:104} INFO - [2022-06-21 07:20:37,972] {dagbag.py:487} INFO - Filling up the DagBag from /home/airflow/.local/lib/python3.6/site-packages/airflow/example_dags/example_latest_only.py
[2022-06-21 07:20:38,012] {scheduler_job.py:643} INFO - DAG(s) dict_keys(['latest_only']) retrieved from /home/airflow/.local/lib/python3.6/site-packages/airflow/example_dags/example_latest_only.py
[2022-06-21 07:20:38,073] {logging_mixin.py:104} INFO - [2022-06-21 07:20:38,063] {dag.py:1832} INFO - Sync 1 DAGs
[2022-06-21 07:20:38,148] {logging_mixin.py:104} INFO - [2022-06-21 07:20:38,148] {dag.py:2305} INFO - Setting next_dagrun for latest_only to 2022-06-19 00:00:00+00:00
[2022-06-21 07:20:38,177] {scheduler_job.py:190} INFO - Processing /home/airflow/.local/lib/python3.6/site-packages/airflow/example_dags/example_latest_only.py took 0.220 seconds
[2022-06-21 07:21:08,332] {scheduler_job.py:182} INFO - Started process (PID=90) to work on /home/airflow/.local/lib/python3.6/site-packages/airflow/example_dags/example_latest_only.py
[2022-06-21 07:21:08,335] {scheduler_job.py:633} INFO - Processing file /home/airflow/.local/lib/python3.6/site-packages/airflow/example_dags/example_latest_only.py for tasks to queue
[2022-06-21 07:21:08,338] {logging_mixin.py:104} INFO - [2022-06-21 07:21:08,338] {dagbag.py:487} INFO - Filling up the DagBag from /home/airflow/.local/lib/python3.6/site-packages/airflow/example_dags/example_latest_only.py
[2022-06-21 07:21:08,447] {scheduler_job.py:643} INFO - DAG(s) dict_keys(['latest_only']) retrieved from /home/airflow/.local/lib/python3.6/site-packages/airflow/example_dags/example_latest_only.py
[2022-06-21 07:21:08,525] {logging_mixin.py:104} INFO - [2022-06-21 07:21:08,525] {dag.py:1832} INFO - Sync 1 DAGs
[2022-06-21 07:21:08,570] {logging_mixin.py:104} INFO - [2022-06-21 07:21:08,570] {dag.py:2305} INFO - Setting next_dagrun for latest_only to 2022-06-19 00:00:00+00:00
[2022-06-21 07:21:08,588] {scheduler_job.py:190} INFO - Processing /home/airflow/.local/lib/python3.6/site-packages/airflow/example_dags/example_latest_only.py took 0.260 seconds
[2022-06-21 07:21:41,385] {scheduler_job.py:182} INFO - Started process (PID=153) to work on /home/airflow/.local/lib/python3.6/site-packages/airflow/example_dags/example_latest_only.py
[2022-06-21 07:21:41,399] {scheduler_job.py:633} INFO - Processing file /home/airflow/.local/lib/python3.6/site-packages/airflow/example_dags/example_latest_only.py for tasks to queue
[2022-06-21 07:21:41,404] {logging_mixin.py:104} INFO - [2022-06-21 07:21:41,403] {dagbag.py:487} INFO - Filling up the DagBag from /home/airflow/.local/lib/python3.6/site-packages/airflow/example_dags/example_latest_only.py
[2022-06-21 07:21:42,053] {scheduler_job.py:643} INFO - DAG(s) dict_keys(['latest_only']) retrieved from /home/airflow/.local/lib/python3.6/site-packages/airflow/example_dags/example_latest_only.py
[2022-06-21 07:21:44,850] {logging_mixin.py:104} INFO - [2022-06-21 07:21:44,850] {dag.py:1832} INFO - Sync 1 DAGs
[2022-06-21 07:21:44,943] {logging_mixin.py:104} INFO - [2022-06-21 07:21:44,943] {dag.py:2305} INFO - Setting next_dagrun for latest_only to 2022-06-19 00:00:00+00:00
[2022-06-21 07:21:44,994] {scheduler_job.py:190} INFO - Processing /home/airflow/.local/lib/python3.6/site-packages/airflow/example_dags/example_latest_only.py took 3.739 seconds
[2022-06-21 07:22:21,889] {scheduler_job.py:182} INFO - Started process (PID=225) to work on /home/airflow/.local/lib/python3.6/site-packages/airflow/example_dags/example_latest_only.py
[2022-06-21 07:22:21,922] {scheduler_job.py:633} INFO - Processing file /home/airflow/.local/lib/python3.6/site-packages/airflow/example_dags/example_latest_only.py for tasks to queue
[2022-06-21 07:22:21,932] {logging_mixin.py:104} INFO - [2022-06-21 07:22:21,932] {dagbag.py:487} INFO - Filling up the DagBag from /home/airflow/.local/lib/python3.6/site-packages/airflow/example_dags/example_latest_only.py
[2022-06-21 07:22:22,140] {scheduler_job.py:643} INFO - DAG(s) dict_keys(['latest_only']) retrieved from /home/airflow/.local/lib/python3.6/site-packages/airflow/example_dags/example_latest_only.py
[2022-06-21 07:22:23,601] {logging_mixin.py:104} INFO - [2022-06-21 07:22:23,601] {dag.py:1832} INFO - Sync 1 DAGs
[2022-06-21 07:22:23,698] {logging_mixin.py:104} INFO - [2022-06-21 07:22:23,698] {dag.py:2305} INFO - Setting next_dagrun for latest_only to 2022-06-19 00:00:00+00:00
[2022-06-21 07:22:23,754] {scheduler_job.py:190} INFO - Processing /home/airflow/.local/lib/python3.6/site-packages/airflow/example_dags/example_latest_only.py took 3.229 seconds
[2022-06-21 07:22:56,237] {scheduler_job.py:182} INFO - Started process (PID=277) to work on /home/airflow/.local/lib/python3.6/site-packages/airflow/example_dags/example_latest_only.py
[2022-06-21 07:22:56,257] {scheduler_job.py:633} INFO - Processing file /home/airflow/.local/lib/python3.6/site-packages/airflow/example_dags/example_latest_only.py for tasks to queue
[2022-06-21 07:22:56,268] {logging_mixin.py:104} INFO - [2022-06-21 07:22:56,264] {dagbag.py:487} INFO - Filling up the DagBag from /home/airflow/.local/lib/python3.6/site-packages/airflow/example_dags/example_latest_only.py
[2022-06-21 07:22:56,433] {scheduler_job.py:643} INFO - DAG(s) dict_keys(['latest_only']) retrieved from /home/airflow/.local/lib/python3.6/site-packages/airflow/example_dags/example_latest_only.py
[2022-06-21 07:23:05,139] {logging_mixin.py:104} INFO - [2022-06-21 07:23:05,139] {dag.py:1832} INFO - Sync 1 DAGs
[2022-06-21 07:23:05,170] {logging_mixin.py:104} INFO - [2022-06-21 07:23:05,170] {dag.py:2305} INFO - Setting next_dagrun for latest_only to 2022-06-19 00:00:00+00:00
[2022-06-21 07:23:05,196] {scheduler_job.py:190} INFO - Processing /home/airflow/.local/lib/python3.6/site-packages/airflow/example_dags/example_latest_only.py took 8.986 seconds
[2022-06-21 07:23:36,079] {scheduler_job.py:182} INFO - Started process (PID=338) to work on /home/airflow/.local/lib/python3.6/site-packages/airflow/example_dags/example_latest_only.py
[2022-06-21 07:23:36,082] {scheduler_job.py:633} INFO - Processing file /home/airflow/.local/lib/python3.6/site-packages/airflow/example_dags/example_latest_only.py for tasks to queue
[2022-06-21 07:23:36,085] {logging_mixin.py:104} INFO - [2022-06-21 07:23:36,085] {dagbag.py:487} INFO - Filling up the DagBag from /home/airflow/.local/lib/python3.6/site-packages/airflow/example_dags/example_latest_only.py
[2022-06-21 07:23:36,115] {scheduler_job.py:643} INFO - DAG(s) dict_keys(['latest_only']) retrieved from /home/airflow/.local/lib/python3.6/site-packages/airflow/example_dags/example_latest_only.py
[2022-06-21 07:23:36,145] {logging_mixin.py:104} INFO - [2022-06-21 07:23:36,145] {dag.py:1832} INFO - Sync 1 DAGs
[2022-06-21 07:23:36,177] {logging_mixin.py:104} INFO - [2022-06-21 07:23:36,177] {dag.py:2305} INFO - Setting next_dagrun for latest_only to 2022-06-19 00:00:00+00:00
[2022-06-21 07:23:36,192] {scheduler_job.py:190} INFO - Processing /home/airflow/.local/lib/python3.6/site-packages/airflow/example_dags/example_latest_only.py took 0.117 seconds
[2022-06-21 07:24:06,293] {scheduler_job.py:182} INFO - Started process (PID=401) to work on /home/airflow/.local/lib/python3.6/site-packages/airflow/example_dags/example_latest_only.py
[2022-06-21 07:24:06,296] {scheduler_job.py:633} INFO - Processing file /home/airflow/.local/lib/python3.6/site-packages/airflow/example_dags/example_latest_only.py for tasks to queue
[2022-06-21 07:24:06,297] {logging_mixin.py:104} INFO - [2022-06-21 07:24:06,297] {dagbag.py:487} INFO - Filling up the DagBag from /home/airflow/.local/lib/python3.6/site-packages/airflow/example_dags/example_latest_only.py
[2022-06-21 07:24:06,315] {scheduler_job.py:643} INFO - DAG(s) dict_keys(['latest_only']) retrieved from /home/airflow/.local/lib/python3.6/site-packages/airflow/example_dags/example_latest_only.py
[2022-06-21 07:24:06,354] {logging_mixin.py:104} INFO - [2022-06-21 07:24:06,354] {dag.py:1832} INFO - Sync 1 DAGs
[2022-06-21 07:24:06,371] {logging_mixin.py:104} INFO - [2022-06-21 07:24:06,371] {dag.py:2305} INFO - Setting next_dagrun for latest_only to 2022-06-19 00:00:00+00:00
[2022-06-21 07:24:06,388] {scheduler_job.py:190} INFO - Processing /home/airflow/.local/lib/python3.6/site-packages/airflow/example_dags/example_latest_only.py took 0.098 seconds
[2022-06-21 07:24:45,825] {scheduler_job.py:182} INFO - Started process (PID=62) to work on /home/airflow/.local/lib/python3.6/site-packages/airflow/example_dags/example_latest_only.py
[2022-06-21 07:24:45,828] {scheduler_job.py:633} INFO - Processing file /home/airflow/.local/lib/python3.6/site-packages/airflow/example_dags/example_latest_only.py for tasks to queue
[2022-06-21 07:24:45,830] {logging_mixin.py:104} INFO - [2022-06-21 07:24:45,830] {dagbag.py:487} INFO - Filling up the DagBag from /home/airflow/.local/lib/python3.6/site-packages/airflow/example_dags/example_latest_only.py
[2022-06-21 07:24:45,893] {scheduler_job.py:643} INFO - DAG(s) dict_keys(['latest_only']) retrieved from /home/airflow/.local/lib/python3.6/site-packages/airflow/example_dags/example_latest_only.py
[2022-06-21 07:24:45,970] {logging_mixin.py:104} INFO - [2022-06-21 07:24:45,970] {dag.py:1832} INFO - Sync 1 DAGs
[2022-06-21 07:24:46,030] {logging_mixin.py:104} INFO - [2022-06-21 07:24:46,029] {dag.py:2305} INFO - Setting next_dagrun for latest_only to 2022-06-19 00:00:00+00:00
[2022-06-21 07:24:46,065] {scheduler_job.py:190} INFO - Processing /home/airflow/.local/lib/python3.6/site-packages/airflow/example_dags/example_latest_only.py took 0.248 seconds
[2022-06-21 07:25:18,414] {scheduler_job.py:182} INFO - Started process (PID=103) to work on /home/airflow/.local/lib/python3.6/site-packages/airflow/example_dags/example_latest_only.py
[2022-06-21 07:25:18,427] {scheduler_job.py:633} INFO - Processing file /home/airflow/.local/lib/python3.6/site-packages/airflow/example_dags/example_latest_only.py for tasks to queue
[2022-06-21 07:25:18,434] {logging_mixin.py:104} INFO - [2022-06-21 07:25:18,432] {dagbag.py:487} INFO - Filling up the DagBag from /home/airflow/.local/lib/python3.6/site-packages/airflow/example_dags/example_latest_only.py
[2022-06-21 07:25:18,643] {scheduler_job.py:643} INFO - DAG(s) dict_keys(['latest_only']) retrieved from /home/airflow/.local/lib/python3.6/site-packages/airflow/example_dags/example_latest_only.py
[2022-06-21 07:25:18,734] {logging_mixin.py:104} INFO - [2022-06-21 07:25:18,734] {dag.py:1832} INFO - Sync 1 DAGs
[2022-06-21 07:25:18,811] {logging_mixin.py:104} INFO - [2022-06-21 07:25:18,811] {dag.py:2305} INFO - Setting next_dagrun for latest_only to 2022-06-19 00:00:00+00:00
[2022-06-21 07:25:18,840] {scheduler_job.py:190} INFO - Processing /home/airflow/.local/lib/python3.6/site-packages/airflow/example_dags/example_latest_only.py took 0.453 seconds
[2022-06-21 07:25:48,992] {scheduler_job.py:182} INFO - Started process (PID=172) to work on /home/airflow/.local/lib/python3.6/site-packages/airflow/example_dags/example_latest_only.py
[2022-06-21 07:25:48,995] {scheduler_job.py:633} INFO - Processing file /home/airflow/.local/lib/python3.6/site-packages/airflow/example_dags/example_latest_only.py for tasks to queue
[2022-06-21 07:25:48,996] {logging_mixin.py:104} INFO - [2022-06-21 07:25:48,996] {dagbag.py:487} INFO - Filling up the DagBag from /home/airflow/.local/lib/python3.6/site-packages/airflow/example_dags/example_latest_only.py
[2022-06-21 07:25:49,014] {scheduler_job.py:643} INFO - DAG(s) dict_keys(['latest_only']) retrieved from /home/airflow/.local/lib/python3.6/site-packages/airflow/example_dags/example_latest_only.py
[2022-06-21 07:25:49,044] {logging_mixin.py:104} INFO - [2022-06-21 07:25:49,044] {dag.py:1832} INFO - Sync 1 DAGs
[2022-06-21 07:25:49,061] {logging_mixin.py:104} INFO - [2022-06-21 07:25:49,061] {dag.py:2305} INFO - Setting next_dagrun for latest_only to 2022-06-19 00:00:00+00:00
[2022-06-21 07:25:49,073] {scheduler_job.py:190} INFO - Processing /home/airflow/.local/lib/python3.6/site-packages/airflow/example_dags/example_latest_only.py took 0.085 seconds
[2022-06-21 07:26:40,905] {scheduler_job.py:182} INFO - Started process (PID=219) to work on /home/airflow/.local/lib/python3.6/site-packages/airflow/example_dags/example_latest_only.py
[2022-06-21 07:26:40,919] {scheduler_job.py:633} INFO - Processing file /home/airflow/.local/lib/python3.6/site-packages/airflow/example_dags/example_latest_only.py for tasks to queue
[2022-06-21 07:26:40,982] {logging_mixin.py:104} INFO - [2022-06-21 07:26:40,975] {dagbag.py:487} INFO - Filling up the DagBag from /home/airflow/.local/lib/python3.6/site-packages/airflow/example_dags/example_latest_only.py
[2022-06-21 07:26:41,377] {scheduler_job.py:643} INFO - DAG(s) dict_keys(['latest_only']) retrieved from /home/airflow/.local/lib/python3.6/site-packages/airflow/example_dags/example_latest_only.py
[2022-06-21 07:26:58,215] {logging_mixin.py:104} INFO - [2022-06-21 07:26:58,215] {dag.py:1832} INFO - Sync 1 DAGs
[2022-06-21 07:26:58,261] {logging_mixin.py:104} INFO - [2022-06-21 07:26:58,261] {dag.py:2305} INFO - Setting next_dagrun for latest_only to 2022-06-19 00:00:00+00:00
[2022-06-21 07:26:58,284] {scheduler_job.py:190} INFO - Processing /home/airflow/.local/lib/python3.6/site-packages/airflow/example_dags/example_latest_only.py took 17.422 seconds
[2022-06-21 07:27:28,682] {scheduler_job.py:182} INFO - Started process (PID=281) to work on /home/airflow/.local/lib/python3.6/site-packages/airflow/example_dags/example_latest_only.py
[2022-06-21 07:27:28,684] {scheduler_job.py:633} INFO - Processing file /home/airflow/.local/lib/python3.6/site-packages/airflow/example_dags/example_latest_only.py for tasks to queue
[2022-06-21 07:27:28,686] {logging_mixin.py:104} INFO - [2022-06-21 07:27:28,685] {dagbag.py:487} INFO - Filling up the DagBag from /home/airflow/.local/lib/python3.6/site-packages/airflow/example_dags/example_latest_only.py
[2022-06-21 07:27:28,705] {scheduler_job.py:643} INFO - DAG(s) dict_keys(['latest_only']) retrieved from /home/airflow/.local/lib/python3.6/site-packages/airflow/example_dags/example_latest_only.py
[2022-06-21 07:27:28,729] {logging_mixin.py:104} INFO - [2022-06-21 07:27:28,729] {dag.py:1832} INFO - Sync 1 DAGs
[2022-06-21 07:27:28,747] {logging_mixin.py:104} INFO - [2022-06-21 07:27:28,747] {dag.py:2305} INFO - Setting next_dagrun for latest_only to 2022-06-19 00:00:00+00:00
[2022-06-21 07:27:28,760] {scheduler_job.py:190} INFO - Processing /home/airflow/.local/lib/python3.6/site-packages/airflow/example_dags/example_latest_only.py took 0.082 seconds
[2022-06-21 07:28:03,856] {scheduler_job.py:182} INFO - Started process (PID=328) to work on /home/airflow/.local/lib/python3.6/site-packages/airflow/example_dags/example_latest_only.py
[2022-06-21 07:28:03,864] {scheduler_job.py:633} INFO - Processing file /home/airflow/.local/lib/python3.6/site-packages/airflow/example_dags/example_latest_only.py for tasks to queue
[2022-06-21 07:28:03,891] {logging_mixin.py:104} INFO - [2022-06-21 07:28:03,876] {dagbag.py:487} INFO - Filling up the DagBag from /home/airflow/.local/lib/python3.6/site-packages/airflow/example_dags/example_latest_only.py
[2022-06-21 07:28:04,288] {scheduler_job.py:643} INFO - DAG(s) dict_keys(['latest_only']) retrieved from /home/airflow/.local/lib/python3.6/site-packages/airflow/example_dags/example_latest_only.py
[2022-06-21 07:28:04,380] {logging_mixin.py:104} INFO - [2022-06-21 07:28:04,380] {dag.py:1832} INFO - Sync 1 DAGs
[2022-06-21 07:28:04,422] {logging_mixin.py:104} INFO - [2022-06-21 07:28:04,421] {dag.py:2305} INFO - Setting next_dagrun for latest_only to 2022-06-19 00:00:00+00:00
[2022-06-21 07:28:04,470] {scheduler_job.py:190} INFO - Processing /home/airflow/.local/lib/python3.6/site-packages/airflow/example_dags/example_latest_only.py took 0.622 seconds
[2022-06-21 07:28:34,984] {scheduler_job.py:182} INFO - Started process (PID=388) to work on /home/airflow/.local/lib/python3.6/site-packages/airflow/example_dags/example_latest_only.py
[2022-06-21 07:28:34,986] {scheduler_job.py:633} INFO - Processing file /home/airflow/.local/lib/python3.6/site-packages/airflow/example_dags/example_latest_only.py for tasks to queue
[2022-06-21 07:28:34,987] {logging_mixin.py:104} INFO - [2022-06-21 07:28:34,987] {dagbag.py:487} INFO - Filling up the DagBag from /home/airflow/.local/lib/python3.6/site-packages/airflow/example_dags/example_latest_only.py
[2022-06-21 07:28:35,011] {scheduler_job.py:643} INFO - DAG(s) dict_keys(['latest_only']) retrieved from /home/airflow/.local/lib/python3.6/site-packages/airflow/example_dags/example_latest_only.py
[2022-06-21 07:28:35,035] {logging_mixin.py:104} INFO - [2022-06-21 07:28:35,035] {dag.py:1832} INFO - Sync 1 DAGs
[2022-06-21 07:28:35,052] {logging_mixin.py:104} INFO - [2022-06-21 07:28:35,052] {dag.py:2305} INFO - Setting next_dagrun for latest_only to 2022-06-19 00:00:00+00:00
[2022-06-21 07:28:35,065] {scheduler_job.py:190} INFO - Processing /home/airflow/.local/lib/python3.6/site-packages/airflow/example_dags/example_latest_only.py took 0.085 seconds
[2022-06-21 07:29:27,648] {scheduler_job.py:182} INFO - Started process (PID=44) to work on /home/airflow/.local/lib/python3.6/site-packages/airflow/example_dags/example_latest_only.py
[2022-06-21 07:29:27,649] {scheduler_job.py:633} INFO - Processing file /home/airflow/.local/lib/python3.6/site-packages/airflow/example_dags/example_latest_only.py for tasks to queue
[2022-06-21 07:29:27,650] {logging_mixin.py:104} INFO - [2022-06-21 07:29:27,650] {dagbag.py:487} INFO - Filling up the DagBag from /home/airflow/.local/lib/python3.6/site-packages/airflow/example_dags/example_latest_only.py
[2022-06-21 07:29:27,666] {scheduler_job.py:643} INFO - DAG(s) dict_keys(['latest_only']) retrieved from /home/airflow/.local/lib/python3.6/site-packages/airflow/example_dags/example_latest_only.py
[2022-06-21 07:29:27,696] {logging_mixin.py:104} INFO - [2022-06-21 07:29:27,695] {dag.py:1832} INFO - Sync 1 DAGs
[2022-06-21 07:29:27,718] {logging_mixin.py:104} INFO - [2022-06-21 07:29:27,718] {dag.py:2305} INFO - Setting next_dagrun for latest_only to 2022-06-19 00:00:00+00:00
[2022-06-21 07:29:27,730] {scheduler_job.py:190} INFO - Processing /home/airflow/.local/lib/python3.6/site-packages/airflow/example_dags/example_latest_only.py took 0.085 seconds
[2022-06-21 07:29:57,847] {scheduler_job.py:182} INFO - Started process (PID=119) to work on /home/airflow/.local/lib/python3.6/site-packages/airflow/example_dags/example_latest_only.py
[2022-06-21 07:29:57,849] {scheduler_job.py:633} INFO - Processing file /home/airflow/.local/lib/python3.6/site-packages/airflow/example_dags/example_latest_only.py for tasks to queue
[2022-06-21 07:29:57,850] {logging_mixin.py:104} INFO - [2022-06-21 07:29:57,850] {dagbag.py:487} INFO - Filling up the DagBag from /home/airflow/.local/lib/python3.6/site-packages/airflow/example_dags/example_latest_only.py
[2022-06-21 07:29:57,864] {scheduler_job.py:643} INFO - DAG(s) dict_keys(['latest_only']) retrieved from /home/airflow/.local/lib/python3.6/site-packages/airflow/example_dags/example_latest_only.py
[2022-06-21 07:29:57,887] {logging_mixin.py:104} INFO - [2022-06-21 07:29:57,887] {dag.py:1832} INFO - Sync 1 DAGs
[2022-06-21 07:29:57,911] {logging_mixin.py:104} INFO - [2022-06-21 07:29:57,911] {dag.py:2305} INFO - Setting next_dagrun for latest_only to 2022-06-19 00:00:00+00:00
[2022-06-21 07:29:57,923] {scheduler_job.py:190} INFO - Processing /home/airflow/.local/lib/python3.6/site-packages/airflow/example_dags/example_latest_only.py took 0.080 seconds
[2022-06-21 07:30:28,156] {scheduler_job.py:182} INFO - Started process (PID=181) to work on /home/airflow/.local/lib/python3.6/site-packages/airflow/example_dags/example_latest_only.py
[2022-06-21 07:30:28,158] {scheduler_job.py:633} INFO - Processing file /home/airflow/.local/lib/python3.6/site-packages/airflow/example_dags/example_latest_only.py for tasks to queue
[2022-06-21 07:30:28,160] {logging_mixin.py:104} INFO - [2022-06-21 07:30:28,160] {dagbag.py:487} INFO - Filling up the DagBag from /home/airflow/.local/lib/python3.6/site-packages/airflow/example_dags/example_latest_only.py
[2022-06-21 07:30:28,171] {scheduler_job.py:643} INFO - DAG(s) dict_keys(['latest_only']) retrieved from /home/airflow/.local/lib/python3.6/site-packages/airflow/example_dags/example_latest_only.py
[2022-06-21 07:30:28,191] {logging_mixin.py:104} INFO - [2022-06-21 07:30:28,191] {dag.py:1832} INFO - Sync 1 DAGs
[2022-06-21 07:30:28,210] {logging_mixin.py:104} INFO - [2022-06-21 07:30:28,210] {dag.py:2305} INFO - Setting next_dagrun for latest_only to 2022-06-19 00:00:00+00:00
[2022-06-21 07:30:28,220] {scheduler_job.py:190} INFO - Processing /home/airflow/.local/lib/python3.6/site-packages/airflow/example_dags/example_latest_only.py took 0.068 seconds
[2022-06-21 07:31:32,914] {scheduler_job.py:182} INFO - Started process (PID=60) to work on /home/airflow/.local/lib/python3.6/site-packages/airflow/example_dags/example_latest_only.py
[2022-06-21 07:31:32,917] {scheduler_job.py:633} INFO - Processing file /home/airflow/.local/lib/python3.6/site-packages/airflow/example_dags/example_latest_only.py for tasks to queue
[2022-06-21 07:31:32,926] {logging_mixin.py:104} INFO - [2022-06-21 07:31:32,926] {dagbag.py:487} INFO - Filling up the DagBag from /home/airflow/.local/lib/python3.6/site-packages/airflow/example_dags/example_latest_only.py
[2022-06-21 07:31:32,997] {scheduler_job.py:643} INFO - DAG(s) dict_keys(['latest_only']) retrieved from /home/airflow/.local/lib/python3.6/site-packages/airflow/example_dags/example_latest_only.py
[2022-06-21 07:31:33,055] {logging_mixin.py:104} INFO - [2022-06-21 07:31:33,055] {dag.py:1832} INFO - Sync 1 DAGs
[2022-06-21 07:31:33,098] {logging_mixin.py:104} INFO - [2022-06-21 07:31:33,098] {dag.py:2305} INFO - Setting next_dagrun for latest_only to 2022-06-19 00:00:00+00:00
[2022-06-21 07:31:33,129] {scheduler_job.py:190} INFO - Processing /home/airflow/.local/lib/python3.6/site-packages/airflow/example_dags/example_latest_only.py took 0.223 seconds
[2022-06-21 07:32:04,128] {scheduler_job.py:182} INFO - Started process (PID=123) to work on /home/airflow/.local/lib/python3.6/site-packages/airflow/example_dags/example_latest_only.py
[2022-06-21 07:32:04,131] {scheduler_job.py:633} INFO - Processing file /home/airflow/.local/lib/python3.6/site-packages/airflow/example_dags/example_latest_only.py for tasks to queue
[2022-06-21 07:32:04,132] {logging_mixin.py:104} INFO - [2022-06-21 07:32:04,132] {dagbag.py:487} INFO - Filling up the DagBag from /home/airflow/.local/lib/python3.6/site-packages/airflow/example_dags/example_latest_only.py
[2022-06-21 07:32:04,145] {scheduler_job.py:643} INFO - DAG(s) dict_keys(['latest_only']) retrieved from /home/airflow/.local/lib/python3.6/site-packages/airflow/example_dags/example_latest_only.py
[2022-06-21 07:32:04,175] {logging_mixin.py:104} INFO - [2022-06-21 07:32:04,175] {dag.py:1832} INFO - Sync 1 DAGs
[2022-06-21 07:32:04,191] {logging_mixin.py:104} INFO - [2022-06-21 07:32:04,191] {dag.py:2305} INFO - Setting next_dagrun for latest_only to 2022-06-19 00:00:00+00:00
[2022-06-21 07:32:04,201] {scheduler_job.py:190} INFO - Processing /home/airflow/.local/lib/python3.6/site-packages/airflow/example_dags/example_latest_only.py took 0.076 seconds
[2022-06-21 07:32:35,194] {scheduler_job.py:182} INFO - Started process (PID=203) to work on /home/airflow/.local/lib/python3.6/site-packages/airflow/example_dags/example_latest_only.py
[2022-06-21 07:32:35,199] {scheduler_job.py:633} INFO - Processing file /home/airflow/.local/lib/python3.6/site-packages/airflow/example_dags/example_latest_only.py for tasks to queue
[2022-06-21 07:32:35,201] {logging_mixin.py:104} INFO - [2022-06-21 07:32:35,201] {dagbag.py:487} INFO - Filling up the DagBag from /home/airflow/.local/lib/python3.6/site-packages/airflow/example_dags/example_latest_only.py
[2022-06-21 07:32:35,219] {scheduler_job.py:643} INFO - DAG(s) dict_keys(['latest_only']) retrieved from /home/airflow/.local/lib/python3.6/site-packages/airflow/example_dags/example_latest_only.py
[2022-06-21 07:32:35,255] {logging_mixin.py:104} INFO - [2022-06-21 07:32:35,255] {dag.py:1832} INFO - Sync 1 DAGs
[2022-06-21 07:32:35,274] {logging_mixin.py:104} INFO - [2022-06-21 07:32:35,274] {dag.py:2305} INFO - Setting next_dagrun for latest_only to 2022-06-19 00:00:00+00:00
[2022-06-21 07:32:35,305] {scheduler_job.py:190} INFO - Processing /home/airflow/.local/lib/python3.6/site-packages/airflow/example_dags/example_latest_only.py took 0.115 seconds
[2022-06-21 07:33:05,477] {scheduler_job.py:182} INFO - Started process (PID=273) to work on /home/airflow/.local/lib/python3.6/site-packages/airflow/example_dags/example_latest_only.py
[2022-06-21 07:33:05,479] {scheduler_job.py:633} INFO - Processing file /home/airflow/.local/lib/python3.6/site-packages/airflow/example_dags/example_latest_only.py for tasks to queue
[2022-06-21 07:33:05,480] {logging_mixin.py:104} INFO - [2022-06-21 07:33:05,480] {dagbag.py:487} INFO - Filling up the DagBag from /home/airflow/.local/lib/python3.6/site-packages/airflow/example_dags/example_latest_only.py
[2022-06-21 07:33:05,491] {scheduler_job.py:643} INFO - DAG(s) dict_keys(['latest_only']) retrieved from /home/airflow/.local/lib/python3.6/site-packages/airflow/example_dags/example_latest_only.py
[2022-06-21 07:33:05,527] {logging_mixin.py:104} INFO - [2022-06-21 07:33:05,527] {dag.py:1832} INFO - Sync 1 DAGs
[2022-06-21 07:33:05,542] {logging_mixin.py:104} INFO - [2022-06-21 07:33:05,542] {dag.py:2305} INFO - Setting next_dagrun for latest_only to 2022-06-19 00:00:00+00:00
[2022-06-21 07:33:05,553] {scheduler_job.py:190} INFO - Processing /home/airflow/.local/lib/python3.6/site-packages/airflow/example_dags/example_latest_only.py took 0.080 seconds
[2022-06-21 07:33:35,769] {scheduler_job.py:182} INFO - Started process (PID=350) to work on /home/airflow/.local/lib/python3.6/site-packages/airflow/example_dags/example_latest_only.py
[2022-06-21 07:33:35,773] {scheduler_job.py:633} INFO - Processing file /home/airflow/.local/lib/python3.6/site-packages/airflow/example_dags/example_latest_only.py for tasks to queue
[2022-06-21 07:33:35,775] {logging_mixin.py:104} INFO - [2022-06-21 07:33:35,775] {dagbag.py:487} INFO - Filling up the DagBag from /home/airflow/.local/lib/python3.6/site-packages/airflow/example_dags/example_latest_only.py
[2022-06-21 07:33:35,793] {scheduler_job.py:643} INFO - DAG(s) dict_keys(['latest_only']) retrieved from /home/airflow/.local/lib/python3.6/site-packages/airflow/example_dags/example_latest_only.py
[2022-06-21 07:33:35,833] {logging_mixin.py:104} INFO - [2022-06-21 07:33:35,833] {dag.py:1832} INFO - Sync 1 DAGs
[2022-06-21 07:33:35,854] {logging_mixin.py:104} INFO - [2022-06-21 07:33:35,853] {dag.py:2305} INFO - Setting next_dagrun for latest_only to 2022-06-19 00:00:00+00:00
[2022-06-21 07:33:35,865] {scheduler_job.py:190} INFO - Processing /home/airflow/.local/lib/python3.6/site-packages/airflow/example_dags/example_latest_only.py took 0.103 seconds
