[2022-06-21 06:56:33,608] {scheduler_job.py:182} INFO - Started process (PID=143) to work on /home/airflow/.local/lib/python3.6/site-packages/airflow/example_dags/example_xcomargs.py
[2022-06-21 06:56:33,610] {scheduler_job.py:633} INFO - Processing file /home/airflow/.local/lib/python3.6/site-packages/airflow/example_dags/example_xcomargs.py for tasks to queue
[2022-06-21 06:56:33,612] {logging_mixin.py:104} INFO - [2022-06-21 06:56:33,612] {dagbag.py:487} INFO - Filling up the DagBag from /home/airflow/.local/lib/python3.6/site-packages/airflow/example_dags/example_xcomargs.py
[2022-06-21 06:56:33,647] {scheduler_job.py:643} INFO - DAG(s) dict_keys(['example_xcom_args', 'example_xcom_args_with_operators']) retrieved from /home/airflow/.local/lib/python3.6/site-packages/airflow/example_dags/example_xcomargs.py
[2022-06-21 06:56:36,387] {logging_mixin.py:104} INFO - [2022-06-21 06:56:36,386] {dag.py:1832} INFO - Sync 2 DAGs
[2022-06-21 06:56:36,414] {logging_mixin.py:104} INFO - [2022-06-21 06:56:36,412] {dag.py:1851} INFO - Creating ORM DAG for example_xcom_args
[2022-06-21 06:56:36,417] {logging_mixin.py:104} INFO - [2022-06-21 06:56:36,417] {dag.py:1851} INFO - Creating ORM DAG for example_xcom_args_with_operators
[2022-06-21 06:56:36,440] {logging_mixin.py:104} INFO - [2022-06-21 06:56:36,440] {dag.py:2305} INFO - Setting next_dagrun for example_xcom_args to None
[2022-06-21 06:56:36,444] {logging_mixin.py:104} INFO - [2022-06-21 06:56:36,444] {dag.py:2305} INFO - Setting next_dagrun for example_xcom_args_with_operators to None
[2022-06-21 06:56:36,467] {scheduler_job.py:190} INFO - Processing /home/airflow/.local/lib/python3.6/site-packages/airflow/example_dags/example_xcomargs.py took 2.864 seconds
[2022-06-21 06:58:07,950] {scheduler_job.py:182} INFO - Started process (PID=192) to work on /home/airflow/.local/lib/python3.6/site-packages/airflow/example_dags/example_xcomargs.py
[2022-06-21 06:58:07,953] {scheduler_job.py:633} INFO - Processing file /home/airflow/.local/lib/python3.6/site-packages/airflow/example_dags/example_xcomargs.py for tasks to queue
[2022-06-21 06:58:07,956] {logging_mixin.py:104} INFO - [2022-06-21 06:58:07,955] {dagbag.py:487} INFO - Filling up the DagBag from /home/airflow/.local/lib/python3.6/site-packages/airflow/example_dags/example_xcomargs.py
[2022-06-21 06:58:08,003] {scheduler_job.py:643} INFO - DAG(s) dict_keys(['example_xcom_args', 'example_xcom_args_with_operators']) retrieved from /home/airflow/.local/lib/python3.6/site-packages/airflow/example_dags/example_xcomargs.py
[2022-06-21 06:58:08,617] {logging_mixin.py:104} INFO - [2022-06-21 06:58:08,617] {dag.py:1832} INFO - Sync 2 DAGs
[2022-06-21 06:58:08,650] {logging_mixin.py:104} INFO - [2022-06-21 06:58:08,650] {dag.py:2305} INFO - Setting next_dagrun for example_xcom_args to None
[2022-06-21 06:58:08,653] {logging_mixin.py:104} INFO - [2022-06-21 06:58:08,653] {dag.py:2305} INFO - Setting next_dagrun for example_xcom_args_with_operators to None
[2022-06-21 06:58:08,689] {scheduler_job.py:190} INFO - Processing /home/airflow/.local/lib/python3.6/site-packages/airflow/example_dags/example_xcomargs.py took 0.820 seconds
[2022-06-21 06:58:47,569] {scheduler_job.py:182} INFO - Started process (PID=269) to work on /home/airflow/.local/lib/python3.6/site-packages/airflow/example_dags/example_xcomargs.py
[2022-06-21 06:58:47,573] {scheduler_job.py:633} INFO - Processing file /home/airflow/.local/lib/python3.6/site-packages/airflow/example_dags/example_xcomargs.py for tasks to queue
[2022-06-21 06:58:47,575] {logging_mixin.py:104} INFO - [2022-06-21 06:58:47,575] {dagbag.py:487} INFO - Filling up the DagBag from /home/airflow/.local/lib/python3.6/site-packages/airflow/example_dags/example_xcomargs.py
[2022-06-21 06:58:47,614] {scheduler_job.py:643} INFO - DAG(s) dict_keys(['example_xcom_args', 'example_xcom_args_with_operators']) retrieved from /home/airflow/.local/lib/python3.6/site-packages/airflow/example_dags/example_xcomargs.py
[2022-06-21 06:58:48,049] {logging_mixin.py:104} INFO - [2022-06-21 06:58:48,049] {dag.py:1832} INFO - Sync 2 DAGs
[2022-06-21 06:58:48,063] {logging_mixin.py:104} INFO - [2022-06-21 06:58:48,063] {dag.py:2305} INFO - Setting next_dagrun for example_xcom_args to None
[2022-06-21 06:58:48,065] {logging_mixin.py:104} INFO - [2022-06-21 06:58:48,065] {dag.py:2305} INFO - Setting next_dagrun for example_xcom_args_with_operators to None
[2022-06-21 06:58:48,090] {scheduler_job.py:190} INFO - Processing /home/airflow/.local/lib/python3.6/site-packages/airflow/example_dags/example_xcomargs.py took 0.527 seconds
[2022-06-21 06:59:18,530] {scheduler_job.py:182} INFO - Started process (PID=324) to work on /home/airflow/.local/lib/python3.6/site-packages/airflow/example_dags/example_xcomargs.py
[2022-06-21 06:59:18,533] {scheduler_job.py:633} INFO - Processing file /home/airflow/.local/lib/python3.6/site-packages/airflow/example_dags/example_xcomargs.py for tasks to queue
[2022-06-21 06:59:18,535] {logging_mixin.py:104} INFO - [2022-06-21 06:59:18,535] {dagbag.py:487} INFO - Filling up the DagBag from /home/airflow/.local/lib/python3.6/site-packages/airflow/example_dags/example_xcomargs.py
[2022-06-21 06:59:18,565] {scheduler_job.py:643} INFO - DAG(s) dict_keys(['example_xcom_args', 'example_xcom_args_with_operators']) retrieved from /home/airflow/.local/lib/python3.6/site-packages/airflow/example_dags/example_xcomargs.py
[2022-06-21 06:59:18,911] {logging_mixin.py:104} INFO - [2022-06-21 06:59:18,911] {dag.py:1832} INFO - Sync 2 DAGs
[2022-06-21 06:59:18,921] {logging_mixin.py:104} INFO - [2022-06-21 06:59:18,921] {dag.py:2305} INFO - Setting next_dagrun for example_xcom_args to None
[2022-06-21 06:59:18,922] {logging_mixin.py:104} INFO - [2022-06-21 06:59:18,922] {dag.py:2305} INFO - Setting next_dagrun for example_xcom_args_with_operators to None
[2022-06-21 06:59:18,931] {scheduler_job.py:190} INFO - Processing /home/airflow/.local/lib/python3.6/site-packages/airflow/example_dags/example_xcomargs.py took 0.408 seconds
[2022-06-21 06:59:56,306] {scheduler_job.py:182} INFO - Started process (PID=365) to work on /home/airflow/.local/lib/python3.6/site-packages/airflow/example_dags/example_xcomargs.py
[2022-06-21 06:59:56,315] {scheduler_job.py:633} INFO - Processing file /home/airflow/.local/lib/python3.6/site-packages/airflow/example_dags/example_xcomargs.py for tasks to queue
[2022-06-21 06:59:56,320] {logging_mixin.py:104} INFO - [2022-06-21 06:59:56,320] {dagbag.py:487} INFO - Filling up the DagBag from /home/airflow/.local/lib/python3.6/site-packages/airflow/example_dags/example_xcomargs.py
[2022-06-21 06:59:56,377] {scheduler_job.py:643} INFO - DAG(s) dict_keys(['example_xcom_args', 'example_xcom_args_with_operators']) retrieved from /home/airflow/.local/lib/python3.6/site-packages/airflow/example_dags/example_xcomargs.py
[2022-06-21 06:59:57,072] {logging_mixin.py:104} INFO - [2022-06-21 06:59:57,071] {dag.py:1832} INFO - Sync 2 DAGs
[2022-06-21 06:59:57,092] {logging_mixin.py:104} INFO - [2022-06-21 06:59:57,092] {dag.py:2305} INFO - Setting next_dagrun for example_xcom_args to None
[2022-06-21 06:59:57,096] {logging_mixin.py:104} INFO - [2022-06-21 06:59:57,095] {dag.py:2305} INFO - Setting next_dagrun for example_xcom_args_with_operators to None
[2022-06-21 06:59:57,132] {scheduler_job.py:190} INFO - Processing /home/airflow/.local/lib/python3.6/site-packages/airflow/example_dags/example_xcomargs.py took 0.826 seconds
[2022-06-21 07:00:27,857] {scheduler_job.py:182} INFO - Started process (PID=429) to work on /home/airflow/.local/lib/python3.6/site-packages/airflow/example_dags/example_xcomargs.py
[2022-06-21 07:00:27,860] {scheduler_job.py:633} INFO - Processing file /home/airflow/.local/lib/python3.6/site-packages/airflow/example_dags/example_xcomargs.py for tasks to queue
[2022-06-21 07:00:27,862] {logging_mixin.py:104} INFO - [2022-06-21 07:00:27,862] {dagbag.py:487} INFO - Filling up the DagBag from /home/airflow/.local/lib/python3.6/site-packages/airflow/example_dags/example_xcomargs.py
[2022-06-21 07:00:27,889] {scheduler_job.py:643} INFO - DAG(s) dict_keys(['example_xcom_args', 'example_xcom_args_with_operators']) retrieved from /home/airflow/.local/lib/python3.6/site-packages/airflow/example_dags/example_xcomargs.py
[2022-06-21 07:00:28,229] {logging_mixin.py:104} INFO - [2022-06-21 07:00:28,229] {dag.py:1832} INFO - Sync 2 DAGs
[2022-06-21 07:00:28,249] {logging_mixin.py:104} INFO - [2022-06-21 07:00:28,249] {dag.py:2305} INFO - Setting next_dagrun for example_xcom_args to None
[2022-06-21 07:00:28,251] {logging_mixin.py:104} INFO - [2022-06-21 07:00:28,251] {dag.py:2305} INFO - Setting next_dagrun for example_xcom_args_with_operators to None
[2022-06-21 07:00:28,273] {scheduler_job.py:190} INFO - Processing /home/airflow/.local/lib/python3.6/site-packages/airflow/example_dags/example_xcomargs.py took 0.420 seconds
[2022-06-21 07:00:58,348] {scheduler_job.py:182} INFO - Started process (PID=490) to work on /home/airflow/.local/lib/python3.6/site-packages/airflow/example_dags/example_xcomargs.py
[2022-06-21 07:00:58,350] {scheduler_job.py:633} INFO - Processing file /home/airflow/.local/lib/python3.6/site-packages/airflow/example_dags/example_xcomargs.py for tasks to queue
[2022-06-21 07:00:58,352] {logging_mixin.py:104} INFO - [2022-06-21 07:00:58,352] {dagbag.py:487} INFO - Filling up the DagBag from /home/airflow/.local/lib/python3.6/site-packages/airflow/example_dags/example_xcomargs.py
[2022-06-21 07:00:58,377] {scheduler_job.py:643} INFO - DAG(s) dict_keys(['example_xcom_args', 'example_xcom_args_with_operators']) retrieved from /home/airflow/.local/lib/python3.6/site-packages/airflow/example_dags/example_xcomargs.py
[2022-06-21 07:00:58,820] {logging_mixin.py:104} INFO - [2022-06-21 07:00:58,820] {dag.py:1832} INFO - Sync 2 DAGs
[2022-06-21 07:00:58,833] {logging_mixin.py:104} INFO - [2022-06-21 07:00:58,833] {dag.py:2305} INFO - Setting next_dagrun for example_xcom_args to None
[2022-06-21 07:00:58,835] {logging_mixin.py:104} INFO - [2022-06-21 07:00:58,835] {dag.py:2305} INFO - Setting next_dagrun for example_xcom_args_with_operators to None
[2022-06-21 07:00:58,852] {scheduler_job.py:190} INFO - Processing /home/airflow/.local/lib/python3.6/site-packages/airflow/example_dags/example_xcomargs.py took 0.509 seconds
[2022-06-21 07:01:29,275] {scheduler_job.py:182} INFO - Started process (PID=546) to work on /home/airflow/.local/lib/python3.6/site-packages/airflow/example_dags/example_xcomargs.py
[2022-06-21 07:01:29,278] {scheduler_job.py:633} INFO - Processing file /home/airflow/.local/lib/python3.6/site-packages/airflow/example_dags/example_xcomargs.py for tasks to queue
[2022-06-21 07:01:29,280] {logging_mixin.py:104} INFO - [2022-06-21 07:01:29,280] {dagbag.py:487} INFO - Filling up the DagBag from /home/airflow/.local/lib/python3.6/site-packages/airflow/example_dags/example_xcomargs.py
[2022-06-21 07:01:29,311] {scheduler_job.py:643} INFO - DAG(s) dict_keys(['example_xcom_args', 'example_xcom_args_with_operators']) retrieved from /home/airflow/.local/lib/python3.6/site-packages/airflow/example_dags/example_xcomargs.py
[2022-06-21 07:01:29,357] {logging_mixin.py:104} INFO - [2022-06-21 07:01:29,357] {dag.py:1832} INFO - Sync 2 DAGs
[2022-06-21 07:01:29,496] {logging_mixin.py:104} INFO - [2022-06-21 07:01:29,495] {dag.py:2305} INFO - Setting next_dagrun for example_xcom_args to None
[2022-06-21 07:01:29,498] {logging_mixin.py:104} INFO - [2022-06-21 07:01:29,498] {dag.py:2305} INFO - Setting next_dagrun for example_xcom_args_with_operators to None
[2022-06-21 07:01:29,512] {scheduler_job.py:190} INFO - Processing /home/airflow/.local/lib/python3.6/site-packages/airflow/example_dags/example_xcomargs.py took 0.241 seconds
[2022-06-21 07:04:55,496] {scheduler_job.py:182} INFO - Started process (PID=76) to work on /home/airflow/.local/lib/python3.6/site-packages/airflow/example_dags/example_xcomargs.py
[2022-06-21 07:04:55,499] {scheduler_job.py:633} INFO - Processing file /home/airflow/.local/lib/python3.6/site-packages/airflow/example_dags/example_xcomargs.py for tasks to queue
[2022-06-21 07:04:55,502] {logging_mixin.py:104} INFO - [2022-06-21 07:04:55,502] {dagbag.py:487} INFO - Filling up the DagBag from /home/airflow/.local/lib/python3.6/site-packages/airflow/example_dags/example_xcomargs.py
[2022-06-21 07:04:55,610] {scheduler_job.py:643} INFO - DAG(s) dict_keys(['example_xcom_args', 'example_xcom_args_with_operators']) retrieved from /home/airflow/.local/lib/python3.6/site-packages/airflow/example_dags/example_xcomargs.py
[2022-06-21 07:05:01,864] {logging_mixin.py:104} INFO - [2022-06-21 07:05:01,863] {dag.py:1832} INFO - Sync 2 DAGs
[2022-06-21 07:05:02,029] {logging_mixin.py:104} INFO - [2022-06-21 07:05:02,016] {dag.py:2305} INFO - Setting next_dagrun for example_xcom_args to None
[2022-06-21 07:05:02,046] {logging_mixin.py:104} INFO - [2022-06-21 07:05:02,045] {dag.py:2305} INFO - Setting next_dagrun for example_xcom_args_with_operators to None
[2022-06-21 07:05:02,128] {scheduler_job.py:190} INFO - Processing /home/airflow/.local/lib/python3.6/site-packages/airflow/example_dags/example_xcomargs.py took 6.636 seconds
[2022-06-21 07:05:38,678] {scheduler_job.py:182} INFO - Started process (PID=134) to work on /home/airflow/.local/lib/python3.6/site-packages/airflow/example_dags/example_xcomargs.py
[2022-06-21 07:05:38,680] {scheduler_job.py:633} INFO - Processing file /home/airflow/.local/lib/python3.6/site-packages/airflow/example_dags/example_xcomargs.py for tasks to queue
[2022-06-21 07:05:38,682] {logging_mixin.py:104} INFO - [2022-06-21 07:05:38,682] {dagbag.py:487} INFO - Filling up the DagBag from /home/airflow/.local/lib/python3.6/site-packages/airflow/example_dags/example_xcomargs.py
[2022-06-21 07:05:38,721] {scheduler_job.py:643} INFO - DAG(s) dict_keys(['example_xcom_args', 'example_xcom_args_with_operators']) retrieved from /home/airflow/.local/lib/python3.6/site-packages/airflow/example_dags/example_xcomargs.py
[2022-06-21 07:05:39,114] {logging_mixin.py:104} INFO - [2022-06-21 07:05:39,114] {dag.py:1832} INFO - Sync 2 DAGs
[2022-06-21 07:05:39,132] {logging_mixin.py:104} INFO - [2022-06-21 07:05:39,132] {dag.py:2305} INFO - Setting next_dagrun for example_xcom_args to None
[2022-06-21 07:05:39,134] {logging_mixin.py:104} INFO - [2022-06-21 07:05:39,134] {dag.py:2305} INFO - Setting next_dagrun for example_xcom_args_with_operators to None
[2022-06-21 07:05:39,150] {scheduler_job.py:190} INFO - Processing /home/airflow/.local/lib/python3.6/site-packages/airflow/example_dags/example_xcomargs.py took 0.478 seconds
[2022-06-21 07:06:13,674] {scheduler_job.py:182} INFO - Started process (PID=203) to work on /home/airflow/.local/lib/python3.6/site-packages/airflow/example_dags/example_xcomargs.py
[2022-06-21 07:06:13,678] {scheduler_job.py:633} INFO - Processing file /home/airflow/.local/lib/python3.6/site-packages/airflow/example_dags/example_xcomargs.py for tasks to queue
[2022-06-21 07:06:13,680] {logging_mixin.py:104} INFO - [2022-06-21 07:06:13,680] {dagbag.py:487} INFO - Filling up the DagBag from /home/airflow/.local/lib/python3.6/site-packages/airflow/example_dags/example_xcomargs.py
[2022-06-21 07:06:13,724] {scheduler_job.py:643} INFO - DAG(s) dict_keys(['example_xcom_args', 'example_xcom_args_with_operators']) retrieved from /home/airflow/.local/lib/python3.6/site-packages/airflow/example_dags/example_xcomargs.py
[2022-06-21 07:06:14,227] {logging_mixin.py:104} INFO - [2022-06-21 07:06:14,227] {dag.py:1832} INFO - Sync 2 DAGs
[2022-06-21 07:06:14,245] {logging_mixin.py:104} INFO - [2022-06-21 07:06:14,245] {dag.py:2305} INFO - Setting next_dagrun for example_xcom_args to None
[2022-06-21 07:06:14,247] {logging_mixin.py:104} INFO - [2022-06-21 07:06:14,247] {dag.py:2305} INFO - Setting next_dagrun for example_xcom_args_with_operators to None
[2022-06-21 07:06:14,262] {scheduler_job.py:190} INFO - Processing /home/airflow/.local/lib/python3.6/site-packages/airflow/example_dags/example_xcomargs.py took 0.596 seconds
[2022-06-21 07:06:45,193] {scheduler_job.py:182} INFO - Started process (PID=267) to work on /home/airflow/.local/lib/python3.6/site-packages/airflow/example_dags/example_xcomargs.py
[2022-06-21 07:06:45,196] {scheduler_job.py:633} INFO - Processing file /home/airflow/.local/lib/python3.6/site-packages/airflow/example_dags/example_xcomargs.py for tasks to queue
[2022-06-21 07:06:45,197] {logging_mixin.py:104} INFO - [2022-06-21 07:06:45,197] {dagbag.py:487} INFO - Filling up the DagBag from /home/airflow/.local/lib/python3.6/site-packages/airflow/example_dags/example_xcomargs.py
[2022-06-21 07:06:45,234] {scheduler_job.py:643} INFO - DAG(s) dict_keys(['example_xcom_args', 'example_xcom_args_with_operators']) retrieved from /home/airflow/.local/lib/python3.6/site-packages/airflow/example_dags/example_xcomargs.py
[2022-06-21 07:06:45,644] {logging_mixin.py:104} INFO - [2022-06-21 07:06:45,644] {dag.py:1832} INFO - Sync 2 DAGs
[2022-06-21 07:06:45,665] {logging_mixin.py:104} INFO - [2022-06-21 07:06:45,665] {dag.py:2305} INFO - Setting next_dagrun for example_xcom_args to None
[2022-06-21 07:06:45,668] {logging_mixin.py:104} INFO - [2022-06-21 07:06:45,667] {dag.py:2305} INFO - Setting next_dagrun for example_xcom_args_with_operators to None
[2022-06-21 07:06:45,684] {scheduler_job.py:190} INFO - Processing /home/airflow/.local/lib/python3.6/site-packages/airflow/example_dags/example_xcomargs.py took 0.495 seconds
[2022-06-21 07:07:23,143] {scheduler_job.py:182} INFO - Started process (PID=311) to work on /home/airflow/.local/lib/python3.6/site-packages/airflow/example_dags/example_xcomargs.py
[2022-06-21 07:07:23,145] {scheduler_job.py:633} INFO - Processing file /home/airflow/.local/lib/python3.6/site-packages/airflow/example_dags/example_xcomargs.py for tasks to queue
[2022-06-21 07:07:23,147] {logging_mixin.py:104} INFO - [2022-06-21 07:07:23,147] {dagbag.py:487} INFO - Filling up the DagBag from /home/airflow/.local/lib/python3.6/site-packages/airflow/example_dags/example_xcomargs.py
[2022-06-21 07:07:23,176] {scheduler_job.py:643} INFO - DAG(s) dict_keys(['example_xcom_args', 'example_xcom_args_with_operators']) retrieved from /home/airflow/.local/lib/python3.6/site-packages/airflow/example_dags/example_xcomargs.py
[2022-06-21 07:07:23,518] {logging_mixin.py:104} INFO - [2022-06-21 07:07:23,517] {dag.py:1832} INFO - Sync 2 DAGs
[2022-06-21 07:07:23,541] {logging_mixin.py:104} INFO - [2022-06-21 07:07:23,541] {dag.py:2305} INFO - Setting next_dagrun for example_xcom_args to None
[2022-06-21 07:07:23,543] {logging_mixin.py:104} INFO - [2022-06-21 07:07:23,543] {dag.py:2305} INFO - Setting next_dagrun for example_xcom_args_with_operators to None
[2022-06-21 07:07:23,561] {scheduler_job.py:190} INFO - Processing /home/airflow/.local/lib/python3.6/site-packages/airflow/example_dags/example_xcomargs.py took 0.422 seconds
[2022-06-21 07:07:53,703] {scheduler_job.py:182} INFO - Started process (PID=375) to work on /home/airflow/.local/lib/python3.6/site-packages/airflow/example_dags/example_xcomargs.py
[2022-06-21 07:07:53,704] {scheduler_job.py:633} INFO - Processing file /home/airflow/.local/lib/python3.6/site-packages/airflow/example_dags/example_xcomargs.py for tasks to queue
[2022-06-21 07:07:53,706] {logging_mixin.py:104} INFO - [2022-06-21 07:07:53,706] {dagbag.py:487} INFO - Filling up the DagBag from /home/airflow/.local/lib/python3.6/site-packages/airflow/example_dags/example_xcomargs.py
[2022-06-21 07:07:53,734] {scheduler_job.py:643} INFO - DAG(s) dict_keys(['example_xcom_args', 'example_xcom_args_with_operators']) retrieved from /home/airflow/.local/lib/python3.6/site-packages/airflow/example_dags/example_xcomargs.py
[2022-06-21 07:07:54,062] {logging_mixin.py:104} INFO - [2022-06-21 07:07:54,062] {dag.py:1832} INFO - Sync 2 DAGs
[2022-06-21 07:07:54,076] {logging_mixin.py:104} INFO - [2022-06-21 07:07:54,076] {dag.py:2305} INFO - Setting next_dagrun for example_xcom_args to None
[2022-06-21 07:07:54,078] {logging_mixin.py:104} INFO - [2022-06-21 07:07:54,078] {dag.py:2305} INFO - Setting next_dagrun for example_xcom_args_with_operators to None
[2022-06-21 07:07:54,092] {scheduler_job.py:190} INFO - Processing /home/airflow/.local/lib/python3.6/site-packages/airflow/example_dags/example_xcomargs.py took 0.393 seconds
[2022-06-21 07:08:24,470] {scheduler_job.py:182} INFO - Started process (PID=454) to work on /home/airflow/.local/lib/python3.6/site-packages/airflow/example_dags/example_xcomargs.py
[2022-06-21 07:08:24,472] {scheduler_job.py:633} INFO - Processing file /home/airflow/.local/lib/python3.6/site-packages/airflow/example_dags/example_xcomargs.py for tasks to queue
[2022-06-21 07:08:24,474] {logging_mixin.py:104} INFO - [2022-06-21 07:08:24,474] {dagbag.py:487} INFO - Filling up the DagBag from /home/airflow/.local/lib/python3.6/site-packages/airflow/example_dags/example_xcomargs.py
[2022-06-21 07:08:24,499] {scheduler_job.py:643} INFO - DAG(s) dict_keys(['example_xcom_args', 'example_xcom_args_with_operators']) retrieved from /home/airflow/.local/lib/python3.6/site-packages/airflow/example_dags/example_xcomargs.py
[2022-06-21 07:08:24,800] {logging_mixin.py:104} INFO - [2022-06-21 07:08:24,800] {dag.py:1832} INFO - Sync 2 DAGs
[2022-06-21 07:08:24,814] {logging_mixin.py:104} INFO - [2022-06-21 07:08:24,813] {dag.py:2305} INFO - Setting next_dagrun for example_xcom_args to None
[2022-06-21 07:08:24,815] {logging_mixin.py:104} INFO - [2022-06-21 07:08:24,815] {dag.py:2305} INFO - Setting next_dagrun for example_xcom_args_with_operators to None
[2022-06-21 07:08:24,827] {scheduler_job.py:190} INFO - Processing /home/airflow/.local/lib/python3.6/site-packages/airflow/example_dags/example_xcomargs.py took 0.360 seconds
[2022-06-21 07:08:55,003] {scheduler_job.py:182} INFO - Started process (PID=516) to work on /home/airflow/.local/lib/python3.6/site-packages/airflow/example_dags/example_xcomargs.py
[2022-06-21 07:08:55,006] {scheduler_job.py:633} INFO - Processing file /home/airflow/.local/lib/python3.6/site-packages/airflow/example_dags/example_xcomargs.py for tasks to queue
[2022-06-21 07:08:55,008] {logging_mixin.py:104} INFO - [2022-06-21 07:08:55,008] {dagbag.py:487} INFO - Filling up the DagBag from /home/airflow/.local/lib/python3.6/site-packages/airflow/example_dags/example_xcomargs.py
[2022-06-21 07:08:55,039] {scheduler_job.py:643} INFO - DAG(s) dict_keys(['example_xcom_args', 'example_xcom_args_with_operators']) retrieved from /home/airflow/.local/lib/python3.6/site-packages/airflow/example_dags/example_xcomargs.py
[2022-06-21 07:08:55,361] {logging_mixin.py:104} INFO - [2022-06-21 07:08:55,361] {dag.py:1832} INFO - Sync 2 DAGs
[2022-06-21 07:08:55,379] {logging_mixin.py:104} INFO - [2022-06-21 07:08:55,378] {dag.py:2305} INFO - Setting next_dagrun for example_xcom_args to None
[2022-06-21 07:08:55,381] {logging_mixin.py:104} INFO - [2022-06-21 07:08:55,381] {dag.py:2305} INFO - Setting next_dagrun for example_xcom_args_with_operators to None
[2022-06-21 07:08:55,394] {scheduler_job.py:190} INFO - Processing /home/airflow/.local/lib/python3.6/site-packages/airflow/example_dags/example_xcomargs.py took 0.395 seconds
[2022-06-21 07:11:10,984] {scheduler_job.py:182} INFO - Started process (PID=71) to work on /home/airflow/.local/lib/python3.6/site-packages/airflow/example_dags/example_xcomargs.py
[2022-06-21 07:11:10,996] {scheduler_job.py:633} INFO - Processing file /home/airflow/.local/lib/python3.6/site-packages/airflow/example_dags/example_xcomargs.py for tasks to queue
[2022-06-21 07:11:11,001] {logging_mixin.py:104} INFO - [2022-06-21 07:11:11,000] {dagbag.py:487} INFO - Filling up the DagBag from /home/airflow/.local/lib/python3.6/site-packages/airflow/example_dags/example_xcomargs.py
[2022-06-21 07:11:11,097] {scheduler_job.py:643} INFO - DAG(s) dict_keys(['example_xcom_args', 'example_xcom_args_with_operators']) retrieved from /home/airflow/.local/lib/python3.6/site-packages/airflow/example_dags/example_xcomargs.py
[2022-06-21 07:11:17,388] {logging_mixin.py:104} INFO - [2022-06-21 07:11:17,388] {dag.py:1832} INFO - Sync 2 DAGs
[2022-06-21 07:11:17,409] {logging_mixin.py:104} INFO - [2022-06-21 07:11:17,408] {dag.py:2305} INFO - Setting next_dagrun for example_xcom_args to None
[2022-06-21 07:11:17,411] {logging_mixin.py:104} INFO - [2022-06-21 07:11:17,411] {dag.py:2305} INFO - Setting next_dagrun for example_xcom_args_with_operators to None
[2022-06-21 07:11:17,430] {scheduler_job.py:190} INFO - Processing /home/airflow/.local/lib/python3.6/site-packages/airflow/example_dags/example_xcomargs.py took 6.493 seconds
[2022-06-21 07:11:48,087] {scheduler_job.py:182} INFO - Started process (PID=134) to work on /home/airflow/.local/lib/python3.6/site-packages/airflow/example_dags/example_xcomargs.py
[2022-06-21 07:11:48,089] {scheduler_job.py:633} INFO - Processing file /home/airflow/.local/lib/python3.6/site-packages/airflow/example_dags/example_xcomargs.py for tasks to queue
[2022-06-21 07:11:48,090] {logging_mixin.py:104} INFO - [2022-06-21 07:11:48,090] {dagbag.py:487} INFO - Filling up the DagBag from /home/airflow/.local/lib/python3.6/site-packages/airflow/example_dags/example_xcomargs.py
[2022-06-21 07:11:48,118] {scheduler_job.py:643} INFO - DAG(s) dict_keys(['example_xcom_args', 'example_xcom_args_with_operators']) retrieved from /home/airflow/.local/lib/python3.6/site-packages/airflow/example_dags/example_xcomargs.py
[2022-06-21 07:11:48,442] {logging_mixin.py:104} INFO - [2022-06-21 07:11:48,442] {dag.py:1832} INFO - Sync 2 DAGs
[2022-06-21 07:11:48,460] {logging_mixin.py:104} INFO - [2022-06-21 07:11:48,460] {dag.py:2305} INFO - Setting next_dagrun for example_xcom_args to None
[2022-06-21 07:11:48,461] {logging_mixin.py:104} INFO - [2022-06-21 07:11:48,461] {dag.py:2305} INFO - Setting next_dagrun for example_xcom_args_with_operators to None
[2022-06-21 07:11:48,480] {scheduler_job.py:190} INFO - Processing /home/airflow/.local/lib/python3.6/site-packages/airflow/example_dags/example_xcomargs.py took 0.397 seconds
[2022-06-21 07:12:18,743] {scheduler_job.py:182} INFO - Started process (PID=171) to work on /home/airflow/.local/lib/python3.6/site-packages/airflow/example_dags/example_xcomargs.py
[2022-06-21 07:12:18,744] {scheduler_job.py:633} INFO - Processing file /home/airflow/.local/lib/python3.6/site-packages/airflow/example_dags/example_xcomargs.py for tasks to queue
[2022-06-21 07:12:18,746] {logging_mixin.py:104} INFO - [2022-06-21 07:12:18,746] {dagbag.py:487} INFO - Filling up the DagBag from /home/airflow/.local/lib/python3.6/site-packages/airflow/example_dags/example_xcomargs.py
[2022-06-21 07:12:18,775] {scheduler_job.py:643} INFO - DAG(s) dict_keys(['example_xcom_args', 'example_xcom_args_with_operators']) retrieved from /home/airflow/.local/lib/python3.6/site-packages/airflow/example_dags/example_xcomargs.py
[2022-06-21 07:12:19,070] {logging_mixin.py:104} INFO - [2022-06-21 07:12:19,070] {dag.py:1832} INFO - Sync 2 DAGs
[2022-06-21 07:12:19,082] {logging_mixin.py:104} INFO - [2022-06-21 07:12:19,082] {dag.py:2305} INFO - Setting next_dagrun for example_xcom_args to None
[2022-06-21 07:12:19,084] {logging_mixin.py:104} INFO - [2022-06-21 07:12:19,084] {dag.py:2305} INFO - Setting next_dagrun for example_xcom_args_with_operators to None
[2022-06-21 07:12:19,094] {scheduler_job.py:190} INFO - Processing /home/airflow/.local/lib/python3.6/site-packages/airflow/example_dags/example_xcomargs.py took 0.355 seconds
[2022-06-21 07:12:58,492] {scheduler_job.py:182} INFO - Started process (PID=215) to work on /home/airflow/.local/lib/python3.6/site-packages/airflow/example_dags/example_xcomargs.py
[2022-06-21 07:12:58,494] {scheduler_job.py:633} INFO - Processing file /home/airflow/.local/lib/python3.6/site-packages/airflow/example_dags/example_xcomargs.py for tasks to queue
[2022-06-21 07:12:58,495] {logging_mixin.py:104} INFO - [2022-06-21 07:12:58,495] {dagbag.py:487} INFO - Filling up the DagBag from /home/airflow/.local/lib/python3.6/site-packages/airflow/example_dags/example_xcomargs.py
[2022-06-21 07:12:58,522] {scheduler_job.py:643} INFO - DAG(s) dict_keys(['example_xcom_args', 'example_xcom_args_with_operators']) retrieved from /home/airflow/.local/lib/python3.6/site-packages/airflow/example_dags/example_xcomargs.py
[2022-06-21 07:12:58,819] {logging_mixin.py:104} INFO - [2022-06-21 07:12:58,819] {dag.py:1832} INFO - Sync 2 DAGs
[2022-06-21 07:12:58,831] {logging_mixin.py:104} INFO - [2022-06-21 07:12:58,831] {dag.py:2305} INFO - Setting next_dagrun for example_xcom_args to None
[2022-06-21 07:12:58,834] {logging_mixin.py:104} INFO - [2022-06-21 07:12:58,834] {dag.py:2305} INFO - Setting next_dagrun for example_xcom_args_with_operators to None
[2022-06-21 07:12:58,846] {scheduler_job.py:190} INFO - Processing /home/airflow/.local/lib/python3.6/site-packages/airflow/example_dags/example_xcomargs.py took 0.358 seconds
[2022-06-21 07:14:42,482] {scheduler_job.py:182} INFO - Started process (PID=275) to work on /home/airflow/.local/lib/python3.6/site-packages/airflow/example_dags/example_xcomargs.py
[2022-06-21 07:14:42,485] {scheduler_job.py:633} INFO - Processing file /home/airflow/.local/lib/python3.6/site-packages/airflow/example_dags/example_xcomargs.py for tasks to queue
[2022-06-21 07:14:42,487] {logging_mixin.py:104} INFO - [2022-06-21 07:14:42,487] {dagbag.py:487} INFO - Filling up the DagBag from /home/airflow/.local/lib/python3.6/site-packages/airflow/example_dags/example_xcomargs.py
[2022-06-21 07:14:42,519] {scheduler_job.py:643} INFO - DAG(s) dict_keys(['example_xcom_args', 'example_xcom_args_with_operators']) retrieved from /home/airflow/.local/lib/python3.6/site-packages/airflow/example_dags/example_xcomargs.py
[2022-06-21 07:14:42,750] {logging_mixin.py:104} INFO - [2022-06-21 07:14:42,749] {dag.py:1832} INFO - Sync 2 DAGs
[2022-06-21 07:14:42,768] {logging_mixin.py:104} INFO - [2022-06-21 07:14:42,767] {dag.py:2305} INFO - Setting next_dagrun for example_xcom_args to None
[2022-06-21 07:14:42,770] {logging_mixin.py:104} INFO - [2022-06-21 07:14:42,770] {dag.py:2305} INFO - Setting next_dagrun for example_xcom_args_with_operators to None
[2022-06-21 07:14:42,788] {scheduler_job.py:190} INFO - Processing /home/airflow/.local/lib/python3.6/site-packages/airflow/example_dags/example_xcomargs.py took 0.310 seconds
[2022-06-21 07:15:34,242] {scheduler_job.py:182} INFO - Started process (PID=323) to work on /home/airflow/.local/lib/python3.6/site-packages/airflow/example_dags/example_xcomargs.py
[2022-06-21 07:15:34,245] {scheduler_job.py:633} INFO - Processing file /home/airflow/.local/lib/python3.6/site-packages/airflow/example_dags/example_xcomargs.py for tasks to queue
[2022-06-21 07:15:34,247] {logging_mixin.py:104} INFO - [2022-06-21 07:15:34,247] {dagbag.py:487} INFO - Filling up the DagBag from /home/airflow/.local/lib/python3.6/site-packages/airflow/example_dags/example_xcomargs.py
[2022-06-21 07:15:34,279] {scheduler_job.py:643} INFO - DAG(s) dict_keys(['example_xcom_args', 'example_xcom_args_with_operators']) retrieved from /home/airflow/.local/lib/python3.6/site-packages/airflow/example_dags/example_xcomargs.py
[2022-06-21 07:15:34,512] {logging_mixin.py:104} INFO - [2022-06-21 07:15:34,512] {dag.py:1832} INFO - Sync 2 DAGs
[2022-06-21 07:15:34,523] {logging_mixin.py:104} INFO - [2022-06-21 07:15:34,523] {dag.py:2305} INFO - Setting next_dagrun for example_xcom_args to None
[2022-06-21 07:15:34,525] {logging_mixin.py:104} INFO - [2022-06-21 07:15:34,525] {dag.py:2305} INFO - Setting next_dagrun for example_xcom_args_with_operators to None
[2022-06-21 07:15:34,538] {scheduler_job.py:190} INFO - Processing /home/airflow/.local/lib/python3.6/site-packages/airflow/example_dags/example_xcomargs.py took 0.300 seconds
[2022-06-21 07:16:10,410] {scheduler_job.py:182} INFO - Started process (PID=386) to work on /home/airflow/.local/lib/python3.6/site-packages/airflow/example_dags/example_xcomargs.py
[2022-06-21 07:16:10,412] {scheduler_job.py:633} INFO - Processing file /home/airflow/.local/lib/python3.6/site-packages/airflow/example_dags/example_xcomargs.py for tasks to queue
[2022-06-21 07:16:10,414] {logging_mixin.py:104} INFO - [2022-06-21 07:16:10,414] {dagbag.py:487} INFO - Filling up the DagBag from /home/airflow/.local/lib/python3.6/site-packages/airflow/example_dags/example_xcomargs.py
[2022-06-21 07:16:10,445] {scheduler_job.py:643} INFO - DAG(s) dict_keys(['example_xcom_args', 'example_xcom_args_with_operators']) retrieved from /home/airflow/.local/lib/python3.6/site-packages/airflow/example_dags/example_xcomargs.py
[2022-06-21 07:16:10,482] {logging_mixin.py:104} INFO - [2022-06-21 07:16:10,482] {dag.py:1832} INFO - Sync 2 DAGs
[2022-06-21 07:16:10,498] {logging_mixin.py:104} INFO - [2022-06-21 07:16:10,498] {dag.py:2305} INFO - Setting next_dagrun for example_xcom_args to None
[2022-06-21 07:16:10,500] {logging_mixin.py:104} INFO - [2022-06-21 07:16:10,500] {dag.py:2305} INFO - Setting next_dagrun for example_xcom_args_with_operators to None
[2022-06-21 07:16:10,512] {scheduler_job.py:190} INFO - Processing /home/airflow/.local/lib/python3.6/site-packages/airflow/example_dags/example_xcomargs.py took 0.106 seconds
[2022-06-21 07:16:49,551] {scheduler_job.py:182} INFO - Started process (PID=444) to work on /home/airflow/.local/lib/python3.6/site-packages/airflow/example_dags/example_xcomargs.py
[2022-06-21 07:16:49,555] {scheduler_job.py:633} INFO - Processing file /home/airflow/.local/lib/python3.6/site-packages/airflow/example_dags/example_xcomargs.py for tasks to queue
[2022-06-21 07:16:49,558] {logging_mixin.py:104} INFO - [2022-06-21 07:16:49,557] {dagbag.py:487} INFO - Filling up the DagBag from /home/airflow/.local/lib/python3.6/site-packages/airflow/example_dags/example_xcomargs.py
[2022-06-21 07:16:49,593] {scheduler_job.py:643} INFO - DAG(s) dict_keys(['example_xcom_args', 'example_xcom_args_with_operators']) retrieved from /home/airflow/.local/lib/python3.6/site-packages/airflow/example_dags/example_xcomargs.py
[2022-06-21 07:16:49,638] {logging_mixin.py:104} INFO - [2022-06-21 07:16:49,637] {dag.py:1832} INFO - Sync 2 DAGs
[2022-06-21 07:16:49,658] {logging_mixin.py:104} INFO - [2022-06-21 07:16:49,658] {dag.py:2305} INFO - Setting next_dagrun for example_xcom_args to None
[2022-06-21 07:16:49,662] {logging_mixin.py:104} INFO - [2022-06-21 07:16:49,661] {dag.py:2305} INFO - Setting next_dagrun for example_xcom_args_with_operators to None
[2022-06-21 07:16:49,679] {scheduler_job.py:190} INFO - Processing /home/airflow/.local/lib/python3.6/site-packages/airflow/example_dags/example_xcomargs.py took 0.132 seconds
[2022-06-21 07:17:20,697] {scheduler_job.py:182} INFO - Started process (PID=502) to work on /home/airflow/.local/lib/python3.6/site-packages/airflow/example_dags/example_xcomargs.py
[2022-06-21 07:17:20,699] {scheduler_job.py:633} INFO - Processing file /home/airflow/.local/lib/python3.6/site-packages/airflow/example_dags/example_xcomargs.py for tasks to queue
[2022-06-21 07:17:20,700] {logging_mixin.py:104} INFO - [2022-06-21 07:17:20,700] {dagbag.py:487} INFO - Filling up the DagBag from /home/airflow/.local/lib/python3.6/site-packages/airflow/example_dags/example_xcomargs.py
[2022-06-21 07:17:20,725] {scheduler_job.py:643} INFO - DAG(s) dict_keys(['example_xcom_args', 'example_xcom_args_with_operators']) retrieved from /home/airflow/.local/lib/python3.6/site-packages/airflow/example_dags/example_xcomargs.py
[2022-06-21 07:17:20,957] {logging_mixin.py:104} INFO - [2022-06-21 07:17:20,957] {dag.py:1832} INFO - Sync 2 DAGs
[2022-06-21 07:17:20,968] {logging_mixin.py:104} INFO - [2022-06-21 07:17:20,968] {dag.py:2305} INFO - Setting next_dagrun for example_xcom_args to None
[2022-06-21 07:17:20,970] {logging_mixin.py:104} INFO - [2022-06-21 07:17:20,970] {dag.py:2305} INFO - Setting next_dagrun for example_xcom_args_with_operators to None
[2022-06-21 07:17:20,984] {scheduler_job.py:190} INFO - Processing /home/airflow/.local/lib/python3.6/site-packages/airflow/example_dags/example_xcomargs.py took 0.292 seconds
[2022-06-21 07:20:40,346] {scheduler_job.py:182} INFO - Started process (PID=75) to work on /home/airflow/.local/lib/python3.6/site-packages/airflow/example_dags/example_xcomargs.py
[2022-06-21 07:20:40,367] {scheduler_job.py:633} INFO - Processing file /home/airflow/.local/lib/python3.6/site-packages/airflow/example_dags/example_xcomargs.py for tasks to queue
[2022-06-21 07:20:40,370] {logging_mixin.py:104} INFO - [2022-06-21 07:20:40,370] {dagbag.py:487} INFO - Filling up the DagBag from /home/airflow/.local/lib/python3.6/site-packages/airflow/example_dags/example_xcomargs.py
[2022-06-21 07:20:40,406] {scheduler_job.py:643} INFO - DAG(s) dict_keys(['example_xcom_args', 'example_xcom_args_with_operators']) retrieved from /home/airflow/.local/lib/python3.6/site-packages/airflow/example_dags/example_xcomargs.py
[2022-06-21 07:20:40,878] {logging_mixin.py:104} INFO - [2022-06-21 07:20:40,878] {dag.py:1832} INFO - Sync 2 DAGs
[2022-06-21 07:20:40,893] {logging_mixin.py:104} INFO - [2022-06-21 07:20:40,893] {dag.py:2305} INFO - Setting next_dagrun for example_xcom_args to None
[2022-06-21 07:20:40,896] {logging_mixin.py:104} INFO - [2022-06-21 07:20:40,895] {dag.py:2305} INFO - Setting next_dagrun for example_xcom_args_with_operators to None
[2022-06-21 07:20:40,911] {scheduler_job.py:190} INFO - Processing /home/airflow/.local/lib/python3.6/site-packages/airflow/example_dags/example_xcomargs.py took 0.570 seconds
[2022-06-21 07:21:11,850] {scheduler_job.py:182} INFO - Started process (PID=118) to work on /home/airflow/.local/lib/python3.6/site-packages/airflow/example_dags/example_xcomargs.py
[2022-06-21 07:21:11,852] {scheduler_job.py:633} INFO - Processing file /home/airflow/.local/lib/python3.6/site-packages/airflow/example_dags/example_xcomargs.py for tasks to queue
[2022-06-21 07:21:11,855] {logging_mixin.py:104} INFO - [2022-06-21 07:21:11,855] {dagbag.py:487} INFO - Filling up the DagBag from /home/airflow/.local/lib/python3.6/site-packages/airflow/example_dags/example_xcomargs.py
[2022-06-21 07:21:11,901] {scheduler_job.py:643} INFO - DAG(s) dict_keys(['example_xcom_args', 'example_xcom_args_with_operators']) retrieved from /home/airflow/.local/lib/python3.6/site-packages/airflow/example_dags/example_xcomargs.py
[2022-06-21 07:21:12,295] {logging_mixin.py:104} INFO - [2022-06-21 07:21:12,295] {dag.py:1832} INFO - Sync 2 DAGs
[2022-06-21 07:21:12,307] {logging_mixin.py:104} INFO - [2022-06-21 07:21:12,307] {dag.py:2305} INFO - Setting next_dagrun for example_xcom_args to None
[2022-06-21 07:21:12,309] {logging_mixin.py:104} INFO - [2022-06-21 07:21:12,309] {dag.py:2305} INFO - Setting next_dagrun for example_xcom_args_with_operators to None
[2022-06-21 07:21:12,323] {scheduler_job.py:190} INFO - Processing /home/airflow/.local/lib/python3.6/site-packages/airflow/example_dags/example_xcomargs.py took 0.483 seconds
[2022-06-21 07:21:48,763] {scheduler_job.py:182} INFO - Started process (PID=180) to work on /home/airflow/.local/lib/python3.6/site-packages/airflow/example_dags/example_xcomargs.py
[2022-06-21 07:21:48,766] {scheduler_job.py:633} INFO - Processing file /home/airflow/.local/lib/python3.6/site-packages/airflow/example_dags/example_xcomargs.py for tasks to queue
[2022-06-21 07:21:48,768] {logging_mixin.py:104} INFO - [2022-06-21 07:21:48,768] {dagbag.py:487} INFO - Filling up the DagBag from /home/airflow/.local/lib/python3.6/site-packages/airflow/example_dags/example_xcomargs.py
[2022-06-21 07:21:48,813] {scheduler_job.py:643} INFO - DAG(s) dict_keys(['example_xcom_args', 'example_xcom_args_with_operators']) retrieved from /home/airflow/.local/lib/python3.6/site-packages/airflow/example_dags/example_xcomargs.py
[2022-06-21 07:21:49,199] {logging_mixin.py:104} INFO - [2022-06-21 07:21:49,199] {dag.py:1832} INFO - Sync 2 DAGs
[2022-06-21 07:21:49,217] {logging_mixin.py:104} INFO - [2022-06-21 07:21:49,217] {dag.py:2305} INFO - Setting next_dagrun for example_xcom_args to None
[2022-06-21 07:21:49,219] {logging_mixin.py:104} INFO - [2022-06-21 07:21:49,219] {dag.py:2305} INFO - Setting next_dagrun for example_xcom_args_with_operators to None
[2022-06-21 07:21:49,237] {scheduler_job.py:190} INFO - Processing /home/airflow/.local/lib/python3.6/site-packages/airflow/example_dags/example_xcomargs.py took 0.481 seconds
[2022-06-21 07:22:25,333] {scheduler_job.py:182} INFO - Started process (PID=246) to work on /home/airflow/.local/lib/python3.6/site-packages/airflow/example_dags/example_xcomargs.py
[2022-06-21 07:22:25,342] {scheduler_job.py:633} INFO - Processing file /home/airflow/.local/lib/python3.6/site-packages/airflow/example_dags/example_xcomargs.py for tasks to queue
[2022-06-21 07:22:25,350] {logging_mixin.py:104} INFO - [2022-06-21 07:22:25,348] {dagbag.py:487} INFO - Filling up the DagBag from /home/airflow/.local/lib/python3.6/site-packages/airflow/example_dags/example_xcomargs.py
[2022-06-21 07:22:25,393] {scheduler_job.py:643} INFO - DAG(s) dict_keys(['example_xcom_args', 'example_xcom_args_with_operators']) retrieved from /home/airflow/.local/lib/python3.6/site-packages/airflow/example_dags/example_xcomargs.py
[2022-06-21 07:22:25,792] {logging_mixin.py:104} INFO - [2022-06-21 07:22:25,792] {dag.py:1832} INFO - Sync 2 DAGs
[2022-06-21 07:22:25,815] {logging_mixin.py:104} INFO - [2022-06-21 07:22:25,815] {dag.py:2305} INFO - Setting next_dagrun for example_xcom_args to None
[2022-06-21 07:22:25,817] {logging_mixin.py:104} INFO - [2022-06-21 07:22:25,817] {dag.py:2305} INFO - Setting next_dagrun for example_xcom_args_with_operators to None
[2022-06-21 07:22:25,835] {scheduler_job.py:190} INFO - Processing /home/airflow/.local/lib/python3.6/site-packages/airflow/example_dags/example_xcomargs.py took 0.509 seconds
[2022-06-21 07:23:06,879] {scheduler_job.py:182} INFO - Started process (PID=293) to work on /home/airflow/.local/lib/python3.6/site-packages/airflow/example_dags/example_xcomargs.py
[2022-06-21 07:23:06,882] {scheduler_job.py:633} INFO - Processing file /home/airflow/.local/lib/python3.6/site-packages/airflow/example_dags/example_xcomargs.py for tasks to queue
[2022-06-21 07:23:06,885] {logging_mixin.py:104} INFO - [2022-06-21 07:23:06,885] {dagbag.py:487} INFO - Filling up the DagBag from /home/airflow/.local/lib/python3.6/site-packages/airflow/example_dags/example_xcomargs.py
[2022-06-21 07:23:06,919] {scheduler_job.py:643} INFO - DAG(s) dict_keys(['example_xcom_args', 'example_xcom_args_with_operators']) retrieved from /home/airflow/.local/lib/python3.6/site-packages/airflow/example_dags/example_xcomargs.py
[2022-06-21 07:23:07,299] {logging_mixin.py:104} INFO - [2022-06-21 07:23:07,298] {dag.py:1832} INFO - Sync 2 DAGs
[2022-06-21 07:23:07,318] {logging_mixin.py:104} INFO - [2022-06-21 07:23:07,317] {dag.py:2305} INFO - Setting next_dagrun for example_xcom_args to None
[2022-06-21 07:23:07,320] {logging_mixin.py:104} INFO - [2022-06-21 07:23:07,320] {dag.py:2305} INFO - Setting next_dagrun for example_xcom_args_with_operators to None
[2022-06-21 07:23:07,339] {scheduler_job.py:190} INFO - Processing /home/airflow/.local/lib/python3.6/site-packages/airflow/example_dags/example_xcomargs.py took 0.464 seconds
[2022-06-21 07:23:37,432] {scheduler_job.py:182} INFO - Started process (PID=356) to work on /home/airflow/.local/lib/python3.6/site-packages/airflow/example_dags/example_xcomargs.py
[2022-06-21 07:23:37,434] {scheduler_job.py:633} INFO - Processing file /home/airflow/.local/lib/python3.6/site-packages/airflow/example_dags/example_xcomargs.py for tasks to queue
[2022-06-21 07:23:37,435] {logging_mixin.py:104} INFO - [2022-06-21 07:23:37,435] {dagbag.py:487} INFO - Filling up the DagBag from /home/airflow/.local/lib/python3.6/site-packages/airflow/example_dags/example_xcomargs.py
[2022-06-21 07:23:37,475] {scheduler_job.py:643} INFO - DAG(s) dict_keys(['example_xcom_args', 'example_xcom_args_with_operators']) retrieved from /home/airflow/.local/lib/python3.6/site-packages/airflow/example_dags/example_xcomargs.py
[2022-06-21 07:23:37,816] {logging_mixin.py:104} INFO - [2022-06-21 07:23:37,816] {dag.py:1832} INFO - Sync 2 DAGs
[2022-06-21 07:23:37,829] {logging_mixin.py:104} INFO - [2022-06-21 07:23:37,829] {dag.py:2305} INFO - Setting next_dagrun for example_xcom_args to None
[2022-06-21 07:23:37,831] {logging_mixin.py:104} INFO - [2022-06-21 07:23:37,831] {dag.py:2305} INFO - Setting next_dagrun for example_xcom_args_with_operators to None
[2022-06-21 07:23:37,843] {scheduler_job.py:190} INFO - Processing /home/airflow/.local/lib/python3.6/site-packages/airflow/example_dags/example_xcomargs.py took 0.415 seconds
[2022-06-21 07:24:08,816] {scheduler_job.py:182} INFO - Started process (PID=417) to work on /home/airflow/.local/lib/python3.6/site-packages/airflow/example_dags/example_xcomargs.py
[2022-06-21 07:24:08,819] {scheduler_job.py:633} INFO - Processing file /home/airflow/.local/lib/python3.6/site-packages/airflow/example_dags/example_xcomargs.py for tasks to queue
[2022-06-21 07:24:08,821] {logging_mixin.py:104} INFO - [2022-06-21 07:24:08,821] {dagbag.py:487} INFO - Filling up the DagBag from /home/airflow/.local/lib/python3.6/site-packages/airflow/example_dags/example_xcomargs.py
[2022-06-21 07:24:08,867] {scheduler_job.py:643} INFO - DAG(s) dict_keys(['example_xcom_args', 'example_xcom_args_with_operators']) retrieved from /home/airflow/.local/lib/python3.6/site-packages/airflow/example_dags/example_xcomargs.py
[2022-06-21 07:24:09,340] {logging_mixin.py:104} INFO - [2022-06-21 07:24:09,340] {dag.py:1832} INFO - Sync 2 DAGs
[2022-06-21 07:24:09,369] {logging_mixin.py:104} INFO - [2022-06-21 07:24:09,368] {dag.py:2305} INFO - Setting next_dagrun for example_xcom_args to None
[2022-06-21 07:24:09,373] {logging_mixin.py:104} INFO - [2022-06-21 07:24:09,373] {dag.py:2305} INFO - Setting next_dagrun for example_xcom_args_with_operators to None
[2022-06-21 07:24:09,417] {scheduler_job.py:190} INFO - Processing /home/airflow/.local/lib/python3.6/site-packages/airflow/example_dags/example_xcomargs.py took 0.608 seconds
[2022-06-21 07:24:48,951] {scheduler_job.py:182} INFO - Started process (PID=78) to work on /home/airflow/.local/lib/python3.6/site-packages/airflow/example_dags/example_xcomargs.py
[2022-06-21 07:24:48,964] {scheduler_job.py:633} INFO - Processing file /home/airflow/.local/lib/python3.6/site-packages/airflow/example_dags/example_xcomargs.py for tasks to queue
[2022-06-21 07:24:48,972] {logging_mixin.py:104} INFO - [2022-06-21 07:24:48,971] {dagbag.py:487} INFO - Filling up the DagBag from /home/airflow/.local/lib/python3.6/site-packages/airflow/example_dags/example_xcomargs.py
[2022-06-21 07:24:49,256] {scheduler_job.py:643} INFO - DAG(s) dict_keys(['example_xcom_args', 'example_xcom_args_with_operators']) retrieved from /home/airflow/.local/lib/python3.6/site-packages/airflow/example_dags/example_xcomargs.py
[2022-06-21 07:24:51,598] {logging_mixin.py:104} INFO - [2022-06-21 07:24:51,598] {dag.py:1832} INFO - Sync 2 DAGs
[2022-06-21 07:24:51,616] {logging_mixin.py:104} INFO - [2022-06-21 07:24:51,615] {dag.py:2305} INFO - Setting next_dagrun for example_xcom_args to None
[2022-06-21 07:24:51,618] {logging_mixin.py:104} INFO - [2022-06-21 07:24:51,618] {dag.py:2305} INFO - Setting next_dagrun for example_xcom_args_with_operators to None
[2022-06-21 07:24:51,774] {scheduler_job.py:190} INFO - Processing /home/airflow/.local/lib/python3.6/site-packages/airflow/example_dags/example_xcomargs.py took 2.893 seconds
[2022-06-21 07:25:22,139] {scheduler_job.py:182} INFO - Started process (PID=132) to work on /home/airflow/.local/lib/python3.6/site-packages/airflow/example_dags/example_xcomargs.py
[2022-06-21 07:25:22,149] {scheduler_job.py:633} INFO - Processing file /home/airflow/.local/lib/python3.6/site-packages/airflow/example_dags/example_xcomargs.py for tasks to queue
[2022-06-21 07:25:22,152] {logging_mixin.py:104} INFO - [2022-06-21 07:25:22,152] {dagbag.py:487} INFO - Filling up the DagBag from /home/airflow/.local/lib/python3.6/site-packages/airflow/example_dags/example_xcomargs.py
[2022-06-21 07:25:22,223] {scheduler_job.py:643} INFO - DAG(s) dict_keys(['example_xcom_args', 'example_xcom_args_with_operators']) retrieved from /home/airflow/.local/lib/python3.6/site-packages/airflow/example_dags/example_xcomargs.py
[2022-06-21 07:25:23,009] {logging_mixin.py:104} INFO - [2022-06-21 07:25:23,008] {dag.py:1832} INFO - Sync 2 DAGs
[2022-06-21 07:25:23,039] {logging_mixin.py:104} INFO - [2022-06-21 07:25:23,039] {dag.py:2305} INFO - Setting next_dagrun for example_xcom_args to None
[2022-06-21 07:25:23,041] {logging_mixin.py:104} INFO - [2022-06-21 07:25:23,041] {dag.py:2305} INFO - Setting next_dagrun for example_xcom_args_with_operators to None
[2022-06-21 07:25:23,071] {scheduler_job.py:190} INFO - Processing /home/airflow/.local/lib/python3.6/site-packages/airflow/example_dags/example_xcomargs.py took 0.945 seconds
[2022-06-21 07:25:53,592] {scheduler_job.py:182} INFO - Started process (PID=189) to work on /home/airflow/.local/lib/python3.6/site-packages/airflow/example_dags/example_xcomargs.py
[2022-06-21 07:25:53,594] {scheduler_job.py:633} INFO - Processing file /home/airflow/.local/lib/python3.6/site-packages/airflow/example_dags/example_xcomargs.py for tasks to queue
[2022-06-21 07:25:53,596] {logging_mixin.py:104} INFO - [2022-06-21 07:25:53,596] {dagbag.py:487} INFO - Filling up the DagBag from /home/airflow/.local/lib/python3.6/site-packages/airflow/example_dags/example_xcomargs.py
[2022-06-21 07:25:53,633] {scheduler_job.py:643} INFO - DAG(s) dict_keys(['example_xcom_args', 'example_xcom_args_with_operators']) retrieved from /home/airflow/.local/lib/python3.6/site-packages/airflow/example_dags/example_xcomargs.py
[2022-06-21 07:25:53,987] {logging_mixin.py:104} INFO - [2022-06-21 07:25:53,987] {dag.py:1832} INFO - Sync 2 DAGs
[2022-06-21 07:25:54,001] {logging_mixin.py:104} INFO - [2022-06-21 07:25:54,001] {dag.py:2305} INFO - Setting next_dagrun for example_xcom_args to None
[2022-06-21 07:25:54,003] {logging_mixin.py:104} INFO - [2022-06-21 07:25:54,003] {dag.py:2305} INFO - Setting next_dagrun for example_xcom_args_with_operators to None
[2022-06-21 07:25:54,015] {scheduler_job.py:190} INFO - Processing /home/airflow/.local/lib/python3.6/site-packages/airflow/example_dags/example_xcomargs.py took 0.427 seconds
[2022-06-21 07:27:00,084] {scheduler_job.py:182} INFO - Started process (PID=245) to work on /home/airflow/.local/lib/python3.6/site-packages/airflow/example_dags/example_xcomargs.py
[2022-06-21 07:27:00,086] {scheduler_job.py:633} INFO - Processing file /home/airflow/.local/lib/python3.6/site-packages/airflow/example_dags/example_xcomargs.py for tasks to queue
[2022-06-21 07:27:00,088] {logging_mixin.py:104} INFO - [2022-06-21 07:27:00,087] {dagbag.py:487} INFO - Filling up the DagBag from /home/airflow/.local/lib/python3.6/site-packages/airflow/example_dags/example_xcomargs.py
[2022-06-21 07:27:00,121] {scheduler_job.py:643} INFO - DAG(s) dict_keys(['example_xcom_args', 'example_xcom_args_with_operators']) retrieved from /home/airflow/.local/lib/python3.6/site-packages/airflow/example_dags/example_xcomargs.py
[2022-06-21 07:27:00,514] {logging_mixin.py:104} INFO - [2022-06-21 07:27:00,514] {dag.py:1832} INFO - Sync 2 DAGs
[2022-06-21 07:27:00,530] {logging_mixin.py:104} INFO - [2022-06-21 07:27:00,529] {dag.py:2305} INFO - Setting next_dagrun for example_xcom_args to None
[2022-06-21 07:27:00,532] {logging_mixin.py:104} INFO - [2022-06-21 07:27:00,532] {dag.py:2305} INFO - Setting next_dagrun for example_xcom_args_with_operators to None
[2022-06-21 07:27:00,543] {scheduler_job.py:190} INFO - Processing /home/airflow/.local/lib/python3.6/site-packages/airflow/example_dags/example_xcomargs.py took 0.464 seconds
[2022-06-21 07:27:30,800] {scheduler_job.py:182} INFO - Started process (PID=297) to work on /home/airflow/.local/lib/python3.6/site-packages/airflow/example_dags/example_xcomargs.py
[2022-06-21 07:27:30,802] {scheduler_job.py:633} INFO - Processing file /home/airflow/.local/lib/python3.6/site-packages/airflow/example_dags/example_xcomargs.py for tasks to queue
[2022-06-21 07:27:30,804] {logging_mixin.py:104} INFO - [2022-06-21 07:27:30,804] {dagbag.py:487} INFO - Filling up the DagBag from /home/airflow/.local/lib/python3.6/site-packages/airflow/example_dags/example_xcomargs.py
[2022-06-21 07:27:30,829] {scheduler_job.py:643} INFO - DAG(s) dict_keys(['example_xcom_args', 'example_xcom_args_with_operators']) retrieved from /home/airflow/.local/lib/python3.6/site-packages/airflow/example_dags/example_xcomargs.py
[2022-06-21 07:27:31,108] {logging_mixin.py:104} INFO - [2022-06-21 07:27:31,108] {dag.py:1832} INFO - Sync 2 DAGs
[2022-06-21 07:27:31,119] {logging_mixin.py:104} INFO - [2022-06-21 07:27:31,119] {dag.py:2305} INFO - Setting next_dagrun for example_xcom_args to None
[2022-06-21 07:27:31,120] {logging_mixin.py:104} INFO - [2022-06-21 07:27:31,120] {dag.py:2305} INFO - Setting next_dagrun for example_xcom_args_with_operators to None
[2022-06-21 07:27:31,130] {scheduler_job.py:190} INFO - Processing /home/airflow/.local/lib/python3.6/site-packages/airflow/example_dags/example_xcomargs.py took 0.333 seconds
[2022-06-21 07:28:06,115] {scheduler_job.py:182} INFO - Started process (PID=344) to work on /home/airflow/.local/lib/python3.6/site-packages/airflow/example_dags/example_xcomargs.py
[2022-06-21 07:28:06,119] {scheduler_job.py:633} INFO - Processing file /home/airflow/.local/lib/python3.6/site-packages/airflow/example_dags/example_xcomargs.py for tasks to queue
[2022-06-21 07:28:06,122] {logging_mixin.py:104} INFO - [2022-06-21 07:28:06,122] {dagbag.py:487} INFO - Filling up the DagBag from /home/airflow/.local/lib/python3.6/site-packages/airflow/example_dags/example_xcomargs.py
[2022-06-21 07:28:06,211] {scheduler_job.py:643} INFO - DAG(s) dict_keys(['example_xcom_args', 'example_xcom_args_with_operators']) retrieved from /home/airflow/.local/lib/python3.6/site-packages/airflow/example_dags/example_xcomargs.py
[2022-06-21 07:28:06,950] {logging_mixin.py:104} INFO - [2022-06-21 07:28:06,950] {dag.py:1832} INFO - Sync 2 DAGs
[2022-06-21 07:28:06,999] {logging_mixin.py:104} INFO - [2022-06-21 07:28:06,999] {dag.py:2305} INFO - Setting next_dagrun for example_xcom_args to None
[2022-06-21 07:28:07,013] {logging_mixin.py:104} INFO - [2022-06-21 07:28:07,013] {dag.py:2305} INFO - Setting next_dagrun for example_xcom_args_with_operators to None
[2022-06-21 07:28:07,032] {scheduler_job.py:190} INFO - Processing /home/airflow/.local/lib/python3.6/site-packages/airflow/example_dags/example_xcomargs.py took 0.923 seconds
[2022-06-21 07:28:37,333] {scheduler_job.py:182} INFO - Started process (PID=404) to work on /home/airflow/.local/lib/python3.6/site-packages/airflow/example_dags/example_xcomargs.py
[2022-06-21 07:28:37,335] {scheduler_job.py:633} INFO - Processing file /home/airflow/.local/lib/python3.6/site-packages/airflow/example_dags/example_xcomargs.py for tasks to queue
[2022-06-21 07:28:37,337] {logging_mixin.py:104} INFO - [2022-06-21 07:28:37,337] {dagbag.py:487} INFO - Filling up the DagBag from /home/airflow/.local/lib/python3.6/site-packages/airflow/example_dags/example_xcomargs.py
[2022-06-21 07:28:37,364] {scheduler_job.py:643} INFO - DAG(s) dict_keys(['example_xcom_args', 'example_xcom_args_with_operators']) retrieved from /home/airflow/.local/lib/python3.6/site-packages/airflow/example_dags/example_xcomargs.py
[2022-06-21 07:28:37,748] {logging_mixin.py:104} INFO - [2022-06-21 07:28:37,747] {dag.py:1832} INFO - Sync 2 DAGs
[2022-06-21 07:28:37,764] {logging_mixin.py:104} INFO - [2022-06-21 07:28:37,764] {dag.py:2305} INFO - Setting next_dagrun for example_xcom_args to None
[2022-06-21 07:28:37,767] {logging_mixin.py:104} INFO - [2022-06-21 07:28:37,767] {dag.py:2305} INFO - Setting next_dagrun for example_xcom_args_with_operators to None
[2022-06-21 07:28:37,788] {scheduler_job.py:190} INFO - Processing /home/airflow/.local/lib/python3.6/site-packages/airflow/example_dags/example_xcomargs.py took 0.458 seconds
[2022-06-21 07:29:28,844] {scheduler_job.py:182} INFO - Started process (PID=65) to work on /home/airflow/.local/lib/python3.6/site-packages/airflow/example_dags/example_xcomargs.py
[2022-06-21 07:29:28,858] {scheduler_job.py:633} INFO - Processing file /home/airflow/.local/lib/python3.6/site-packages/airflow/example_dags/example_xcomargs.py for tasks to queue
[2022-06-21 07:29:28,861] {logging_mixin.py:104} INFO - [2022-06-21 07:29:28,861] {dagbag.py:487} INFO - Filling up the DagBag from /home/airflow/.local/lib/python3.6/site-packages/airflow/example_dags/example_xcomargs.py
[2022-06-21 07:29:28,892] {scheduler_job.py:643} INFO - DAG(s) dict_keys(['example_xcom_args', 'example_xcom_args_with_operators']) retrieved from /home/airflow/.local/lib/python3.6/site-packages/airflow/example_dags/example_xcomargs.py
[2022-06-21 07:29:29,389] {logging_mixin.py:104} INFO - [2022-06-21 07:29:29,389] {dag.py:1832} INFO - Sync 2 DAGs
[2022-06-21 07:29:29,412] {logging_mixin.py:104} INFO - [2022-06-21 07:29:29,411] {dag.py:2305} INFO - Setting next_dagrun for example_xcom_args to None
[2022-06-21 07:29:29,414] {logging_mixin.py:104} INFO - [2022-06-21 07:29:29,414] {dag.py:2305} INFO - Setting next_dagrun for example_xcom_args_with_operators to None
[2022-06-21 07:29:29,437] {scheduler_job.py:190} INFO - Processing /home/airflow/.local/lib/python3.6/site-packages/airflow/example_dags/example_xcomargs.py took 0.598 seconds
[2022-06-21 07:29:59,799] {scheduler_job.py:182} INFO - Started process (PID=135) to work on /home/airflow/.local/lib/python3.6/site-packages/airflow/example_dags/example_xcomargs.py
[2022-06-21 07:29:59,801] {scheduler_job.py:633} INFO - Processing file /home/airflow/.local/lib/python3.6/site-packages/airflow/example_dags/example_xcomargs.py for tasks to queue
[2022-06-21 07:29:59,802] {logging_mixin.py:104} INFO - [2022-06-21 07:29:59,802] {dagbag.py:487} INFO - Filling up the DagBag from /home/airflow/.local/lib/python3.6/site-packages/airflow/example_dags/example_xcomargs.py
[2022-06-21 07:29:59,823] {scheduler_job.py:643} INFO - DAG(s) dict_keys(['example_xcom_args', 'example_xcom_args_with_operators']) retrieved from /home/airflow/.local/lib/python3.6/site-packages/airflow/example_dags/example_xcomargs.py
[2022-06-21 07:30:00,118] {logging_mixin.py:104} INFO - [2022-06-21 07:30:00,118] {dag.py:1832} INFO - Sync 2 DAGs
[2022-06-21 07:30:00,134] {logging_mixin.py:104} INFO - [2022-06-21 07:30:00,134] {dag.py:2305} INFO - Setting next_dagrun for example_xcom_args to None
[2022-06-21 07:30:00,136] {logging_mixin.py:104} INFO - [2022-06-21 07:30:00,136] {dag.py:2305} INFO - Setting next_dagrun for example_xcom_args_with_operators to None
[2022-06-21 07:30:00,152] {scheduler_job.py:190} INFO - Processing /home/airflow/.local/lib/python3.6/site-packages/airflow/example_dags/example_xcomargs.py took 0.356 seconds
[2022-06-21 07:30:30,422] {scheduler_job.py:182} INFO - Started process (PID=207) to work on /home/airflow/.local/lib/python3.6/site-packages/airflow/example_dags/example_xcomargs.py
[2022-06-21 07:30:30,424] {scheduler_job.py:633} INFO - Processing file /home/airflow/.local/lib/python3.6/site-packages/airflow/example_dags/example_xcomargs.py for tasks to queue
[2022-06-21 07:30:30,425] {logging_mixin.py:104} INFO - [2022-06-21 07:30:30,425] {dagbag.py:487} INFO - Filling up the DagBag from /home/airflow/.local/lib/python3.6/site-packages/airflow/example_dags/example_xcomargs.py
[2022-06-21 07:30:30,452] {scheduler_job.py:643} INFO - DAG(s) dict_keys(['example_xcom_args', 'example_xcom_args_with_operators']) retrieved from /home/airflow/.local/lib/python3.6/site-packages/airflow/example_dags/example_xcomargs.py
[2022-06-21 07:30:30,724] {logging_mixin.py:104} INFO - [2022-06-21 07:30:30,723] {dag.py:1832} INFO - Sync 2 DAGs
[2022-06-21 07:30:30,734] {logging_mixin.py:104} INFO - [2022-06-21 07:30:30,734] {dag.py:2305} INFO - Setting next_dagrun for example_xcom_args to None
[2022-06-21 07:30:30,735] {logging_mixin.py:104} INFO - [2022-06-21 07:30:30,735] {dag.py:2305} INFO - Setting next_dagrun for example_xcom_args_with_operators to None
[2022-06-21 07:30:30,743] {scheduler_job.py:190} INFO - Processing /home/airflow/.local/lib/python3.6/site-packages/airflow/example_dags/example_xcomargs.py took 0.326 seconds
[2022-06-21 07:31:35,278] {scheduler_job.py:182} INFO - Started process (PID=76) to work on /home/airflow/.local/lib/python3.6/site-packages/airflow/example_dags/example_xcomargs.py
[2022-06-21 07:31:35,281] {scheduler_job.py:633} INFO - Processing file /home/airflow/.local/lib/python3.6/site-packages/airflow/example_dags/example_xcomargs.py for tasks to queue
[2022-06-21 07:31:35,285] {logging_mixin.py:104} INFO - [2022-06-21 07:31:35,284] {dagbag.py:487} INFO - Filling up the DagBag from /home/airflow/.local/lib/python3.6/site-packages/airflow/example_dags/example_xcomargs.py
[2022-06-21 07:31:35,398] {scheduler_job.py:643} INFO - DAG(s) dict_keys(['example_xcom_args', 'example_xcom_args_with_operators']) retrieved from /home/airflow/.local/lib/python3.6/site-packages/airflow/example_dags/example_xcomargs.py
[2022-06-21 07:31:35,776] {logging_mixin.py:104} INFO - [2022-06-21 07:31:35,776] {dag.py:1832} INFO - Sync 2 DAGs
[2022-06-21 07:31:35,795] {logging_mixin.py:104} INFO - [2022-06-21 07:31:35,795] {dag.py:2305} INFO - Setting next_dagrun for example_xcom_args to None
[2022-06-21 07:31:35,797] {logging_mixin.py:104} INFO - [2022-06-21 07:31:35,797] {dag.py:2305} INFO - Setting next_dagrun for example_xcom_args_with_operators to None
[2022-06-21 07:31:35,812] {scheduler_job.py:190} INFO - Processing /home/airflow/.local/lib/python3.6/site-packages/airflow/example_dags/example_xcomargs.py took 0.538 seconds
[2022-06-21 07:32:05,885] {scheduler_job.py:182} INFO - Started process (PID=141) to work on /home/airflow/.local/lib/python3.6/site-packages/airflow/example_dags/example_xcomargs.py
[2022-06-21 07:32:05,888] {scheduler_job.py:633} INFO - Processing file /home/airflow/.local/lib/python3.6/site-packages/airflow/example_dags/example_xcomargs.py for tasks to queue
[2022-06-21 07:32:05,889] {logging_mixin.py:104} INFO - [2022-06-21 07:32:05,889] {dagbag.py:487} INFO - Filling up the DagBag from /home/airflow/.local/lib/python3.6/site-packages/airflow/example_dags/example_xcomargs.py
[2022-06-21 07:32:05,914] {scheduler_job.py:643} INFO - DAG(s) dict_keys(['example_xcom_args', 'example_xcom_args_with_operators']) retrieved from /home/airflow/.local/lib/python3.6/site-packages/airflow/example_dags/example_xcomargs.py
[2022-06-21 07:32:06,158] {logging_mixin.py:104} INFO - [2022-06-21 07:32:06,158] {dag.py:1832} INFO - Sync 2 DAGs
[2022-06-21 07:32:06,168] {logging_mixin.py:104} INFO - [2022-06-21 07:32:06,168] {dag.py:2305} INFO - Setting next_dagrun for example_xcom_args to None
[2022-06-21 07:32:06,170] {logging_mixin.py:104} INFO - [2022-06-21 07:32:06,170] {dag.py:2305} INFO - Setting next_dagrun for example_xcom_args_with_operators to None
[2022-06-21 07:32:06,178] {scheduler_job.py:190} INFO - Processing /home/airflow/.local/lib/python3.6/site-packages/airflow/example_dags/example_xcomargs.py took 0.298 seconds
[2022-06-21 07:32:36,812] {scheduler_job.py:182} INFO - Started process (PID=219) to work on /home/airflow/.local/lib/python3.6/site-packages/airflow/example_dags/example_xcomargs.py
[2022-06-21 07:32:36,815] {scheduler_job.py:633} INFO - Processing file /home/airflow/.local/lib/python3.6/site-packages/airflow/example_dags/example_xcomargs.py for tasks to queue
[2022-06-21 07:32:36,817] {logging_mixin.py:104} INFO - [2022-06-21 07:32:36,817] {dagbag.py:487} INFO - Filling up the DagBag from /home/airflow/.local/lib/python3.6/site-packages/airflow/example_dags/example_xcomargs.py
[2022-06-21 07:32:36,859] {scheduler_job.py:643} INFO - DAG(s) dict_keys(['example_xcom_args', 'example_xcom_args_with_operators']) retrieved from /home/airflow/.local/lib/python3.6/site-packages/airflow/example_dags/example_xcomargs.py
[2022-06-21 07:32:37,348] {logging_mixin.py:104} INFO - [2022-06-21 07:32:37,348] {dag.py:1832} INFO - Sync 2 DAGs
[2022-06-21 07:32:37,375] {logging_mixin.py:104} INFO - [2022-06-21 07:32:37,375] {dag.py:2305} INFO - Setting next_dagrun for example_xcom_args to None
[2022-06-21 07:32:37,380] {logging_mixin.py:104} INFO - [2022-06-21 07:32:37,379] {dag.py:2305} INFO - Setting next_dagrun for example_xcom_args_with_operators to None
[2022-06-21 07:32:37,413] {scheduler_job.py:190} INFO - Processing /home/airflow/.local/lib/python3.6/site-packages/airflow/example_dags/example_xcomargs.py took 0.605 seconds
[2022-06-21 07:33:07,548] {scheduler_job.py:182} INFO - Started process (PID=290) to work on /home/airflow/.local/lib/python3.6/site-packages/airflow/example_dags/example_xcomargs.py
[2022-06-21 07:33:07,550] {scheduler_job.py:633} INFO - Processing file /home/airflow/.local/lib/python3.6/site-packages/airflow/example_dags/example_xcomargs.py for tasks to queue
[2022-06-21 07:33:07,551] {logging_mixin.py:104} INFO - [2022-06-21 07:33:07,551] {dagbag.py:487} INFO - Filling up the DagBag from /home/airflow/.local/lib/python3.6/site-packages/airflow/example_dags/example_xcomargs.py
[2022-06-21 07:33:07,574] {scheduler_job.py:643} INFO - DAG(s) dict_keys(['example_xcom_args', 'example_xcom_args_with_operators']) retrieved from /home/airflow/.local/lib/python3.6/site-packages/airflow/example_dags/example_xcomargs.py
[2022-06-21 07:33:07,834] {logging_mixin.py:104} INFO - [2022-06-21 07:33:07,834] {dag.py:1832} INFO - Sync 2 DAGs
[2022-06-21 07:33:07,843] {logging_mixin.py:104} INFO - [2022-06-21 07:33:07,843] {dag.py:2305} INFO - Setting next_dagrun for example_xcom_args to None
[2022-06-21 07:33:07,845] {logging_mixin.py:104} INFO - [2022-06-21 07:33:07,844] {dag.py:2305} INFO - Setting next_dagrun for example_xcom_args_with_operators to None
[2022-06-21 07:33:07,853] {scheduler_job.py:190} INFO - Processing /home/airflow/.local/lib/python3.6/site-packages/airflow/example_dags/example_xcomargs.py took 0.308 seconds
[2022-06-21 07:33:37,922] {scheduler_job.py:182} INFO - Started process (PID=367) to work on /home/airflow/.local/lib/python3.6/site-packages/airflow/example_dags/example_xcomargs.py
[2022-06-21 07:33:37,925] {scheduler_job.py:633} INFO - Processing file /home/airflow/.local/lib/python3.6/site-packages/airflow/example_dags/example_xcomargs.py for tasks to queue
[2022-06-21 07:33:37,926] {logging_mixin.py:104} INFO - [2022-06-21 07:33:37,925] {dagbag.py:487} INFO - Filling up the DagBag from /home/airflow/.local/lib/python3.6/site-packages/airflow/example_dags/example_xcomargs.py
[2022-06-21 07:33:37,950] {scheduler_job.py:643} INFO - DAG(s) dict_keys(['example_xcom_args', 'example_xcom_args_with_operators']) retrieved from /home/airflow/.local/lib/python3.6/site-packages/airflow/example_dags/example_xcomargs.py
[2022-06-21 07:33:38,274] {logging_mixin.py:104} INFO - [2022-06-21 07:33:38,274] {dag.py:1832} INFO - Sync 2 DAGs
[2022-06-21 07:33:38,288] {logging_mixin.py:104} INFO - [2022-06-21 07:33:38,287] {dag.py:2305} INFO - Setting next_dagrun for example_xcom_args to None
[2022-06-21 07:33:38,289] {logging_mixin.py:104} INFO - [2022-06-21 07:33:38,289] {dag.py:2305} INFO - Setting next_dagrun for example_xcom_args_with_operators to None
[2022-06-21 07:33:38,304] {scheduler_job.py:190} INFO - Processing /home/airflow/.local/lib/python3.6/site-packages/airflow/example_dags/example_xcomargs.py took 0.385 seconds
