[2022-06-21 06:56:14,630] {scheduler_job.py:182} INFO - Started process (PID=106) to work on /home/airflow/.local/lib/python3.6/site-packages/airflow/example_dags/example_kubernetes_executor_config.py
[2022-06-21 06:56:14,633] {scheduler_job.py:633} INFO - Processing file /home/airflow/.local/lib/python3.6/site-packages/airflow/example_dags/example_kubernetes_executor_config.py for tasks to queue
[2022-06-21 06:56:14,635] {logging_mixin.py:104} INFO - [2022-06-21 06:56:14,635] {dagbag.py:487} INFO - Filling up the DagBag from /home/airflow/.local/lib/python3.6/site-packages/airflow/example_dags/example_kubernetes_executor_config.py
[2022-06-21 06:56:14,675] {scheduler_job.py:643} INFO - DAG(s) dict_keys(['example_kubernetes_executor_config']) retrieved from /home/airflow/.local/lib/python3.6/site-packages/airflow/example_dags/example_kubernetes_executor_config.py
[2022-06-21 06:56:19,111] {logging_mixin.py:104} INFO - [2022-06-21 06:56:19,110] {dag.py:1832} INFO - Sync 1 DAGs
[2022-06-21 06:56:19,133] {logging_mixin.py:104} INFO - [2022-06-21 06:56:19,131] {dag.py:1851} INFO - Creating ORM DAG for example_kubernetes_executor_config
[2022-06-21 06:56:19,143] {logging_mixin.py:104} INFO - [2022-06-21 06:56:19,143] {dag.py:2305} INFO - Setting next_dagrun for example_kubernetes_executor_config to None
[2022-06-21 06:56:19,165] {scheduler_job.py:190} INFO - Processing /home/airflow/.local/lib/python3.6/site-packages/airflow/example_dags/example_kubernetes_executor_config.py took 4.540 seconds
[2022-06-21 06:58:06,676] {scheduler_job.py:182} INFO - Started process (PID=184) to work on /home/airflow/.local/lib/python3.6/site-packages/airflow/example_dags/example_kubernetes_executor_config.py
[2022-06-21 06:58:06,683] {scheduler_job.py:633} INFO - Processing file /home/airflow/.local/lib/python3.6/site-packages/airflow/example_dags/example_kubernetes_executor_config.py for tasks to queue
[2022-06-21 06:58:06,687] {logging_mixin.py:104} INFO - [2022-06-21 06:58:06,686] {dagbag.py:487} INFO - Filling up the DagBag from /home/airflow/.local/lib/python3.6/site-packages/airflow/example_dags/example_kubernetes_executor_config.py
[2022-06-21 06:58:06,739] {scheduler_job.py:643} INFO - DAG(s) dict_keys(['example_kubernetes_executor_config']) retrieved from /home/airflow/.local/lib/python3.6/site-packages/airflow/example_dags/example_kubernetes_executor_config.py
[2022-06-21 06:58:06,790] {logging_mixin.py:104} INFO - [2022-06-21 06:58:06,790] {dag.py:1832} INFO - Sync 1 DAGs
[2022-06-21 06:58:06,812] {logging_mixin.py:104} INFO - [2022-06-21 06:58:06,812] {dag.py:2305} INFO - Setting next_dagrun for example_kubernetes_executor_config to None
[2022-06-21 06:58:06,835] {scheduler_job.py:190} INFO - Processing /home/airflow/.local/lib/python3.6/site-packages/airflow/example_dags/example_kubernetes_executor_config.py took 0.165 seconds
[2022-06-21 06:58:47,019] {scheduler_job.py:182} INFO - Started process (PID=261) to work on /home/airflow/.local/lib/python3.6/site-packages/airflow/example_dags/example_kubernetes_executor_config.py
[2022-06-21 06:58:47,022] {scheduler_job.py:633} INFO - Processing file /home/airflow/.local/lib/python3.6/site-packages/airflow/example_dags/example_kubernetes_executor_config.py for tasks to queue
[2022-06-21 06:58:47,024] {logging_mixin.py:104} INFO - [2022-06-21 06:58:47,024] {dagbag.py:487} INFO - Filling up the DagBag from /home/airflow/.local/lib/python3.6/site-packages/airflow/example_dags/example_kubernetes_executor_config.py
[2022-06-21 06:58:47,046] {scheduler_job.py:643} INFO - DAG(s) dict_keys(['example_kubernetes_executor_config']) retrieved from /home/airflow/.local/lib/python3.6/site-packages/airflow/example_dags/example_kubernetes_executor_config.py
[2022-06-21 06:58:47,086] {logging_mixin.py:104} INFO - [2022-06-21 06:58:47,085] {dag.py:1832} INFO - Sync 1 DAGs
[2022-06-21 06:58:47,107] {logging_mixin.py:104} INFO - [2022-06-21 06:58:47,107] {dag.py:2305} INFO - Setting next_dagrun for example_kubernetes_executor_config to None
[2022-06-21 06:58:47,126] {scheduler_job.py:190} INFO - Processing /home/airflow/.local/lib/python3.6/site-packages/airflow/example_dags/example_kubernetes_executor_config.py took 0.111 seconds
[2022-06-21 06:59:17,424] {scheduler_job.py:182} INFO - Started process (PID=314) to work on /home/airflow/.local/lib/python3.6/site-packages/airflow/example_dags/example_kubernetes_executor_config.py
[2022-06-21 06:59:17,426] {scheduler_job.py:633} INFO - Processing file /home/airflow/.local/lib/python3.6/site-packages/airflow/example_dags/example_kubernetes_executor_config.py for tasks to queue
[2022-06-21 06:59:17,428] {logging_mixin.py:104} INFO - [2022-06-21 06:59:17,428] {dagbag.py:487} INFO - Filling up the DagBag from /home/airflow/.local/lib/python3.6/site-packages/airflow/example_dags/example_kubernetes_executor_config.py
[2022-06-21 06:59:17,462] {scheduler_job.py:643} INFO - DAG(s) dict_keys(['example_kubernetes_executor_config']) retrieved from /home/airflow/.local/lib/python3.6/site-packages/airflow/example_dags/example_kubernetes_executor_config.py
[2022-06-21 06:59:17,501] {logging_mixin.py:104} INFO - [2022-06-21 06:59:17,501] {dag.py:1832} INFO - Sync 1 DAGs
[2022-06-21 06:59:17,522] {logging_mixin.py:104} INFO - [2022-06-21 06:59:17,522] {dag.py:2305} INFO - Setting next_dagrun for example_kubernetes_executor_config to None
[2022-06-21 06:59:17,536] {scheduler_job.py:190} INFO - Processing /home/airflow/.local/lib/python3.6/site-packages/airflow/example_dags/example_kubernetes_executor_config.py took 0.119 seconds
[2022-06-21 06:59:55,480] {scheduler_job.py:182} INFO - Started process (PID=358) to work on /home/airflow/.local/lib/python3.6/site-packages/airflow/example_dags/example_kubernetes_executor_config.py
[2022-06-21 06:59:55,486] {scheduler_job.py:633} INFO - Processing file /home/airflow/.local/lib/python3.6/site-packages/airflow/example_dags/example_kubernetes_executor_config.py for tasks to queue
[2022-06-21 06:59:55,490] {logging_mixin.py:104} INFO - [2022-06-21 06:59:55,489] {dagbag.py:487} INFO - Filling up the DagBag from /home/airflow/.local/lib/python3.6/site-packages/airflow/example_dags/example_kubernetes_executor_config.py
[2022-06-21 06:59:55,555] {scheduler_job.py:643} INFO - DAG(s) dict_keys(['example_kubernetes_executor_config']) retrieved from /home/airflow/.local/lib/python3.6/site-packages/airflow/example_dags/example_kubernetes_executor_config.py
[2022-06-21 06:59:55,605] {logging_mixin.py:104} INFO - [2022-06-21 06:59:55,605] {dag.py:1832} INFO - Sync 1 DAGs
[2022-06-21 06:59:55,638] {logging_mixin.py:104} INFO - [2022-06-21 06:59:55,638] {dag.py:2305} INFO - Setting next_dagrun for example_kubernetes_executor_config to None
[2022-06-21 06:59:55,663] {scheduler_job.py:190} INFO - Processing /home/airflow/.local/lib/python3.6/site-packages/airflow/example_dags/example_kubernetes_executor_config.py took 0.190 seconds
[2022-06-21 07:00:25,790] {scheduler_job.py:182} INFO - Started process (PID=420) to work on /home/airflow/.local/lib/python3.6/site-packages/airflow/example_dags/example_kubernetes_executor_config.py
[2022-06-21 07:00:25,792] {scheduler_job.py:633} INFO - Processing file /home/airflow/.local/lib/python3.6/site-packages/airflow/example_dags/example_kubernetes_executor_config.py for tasks to queue
[2022-06-21 07:00:25,794] {logging_mixin.py:104} INFO - [2022-06-21 07:00:25,793] {dagbag.py:487} INFO - Filling up the DagBag from /home/airflow/.local/lib/python3.6/site-packages/airflow/example_dags/example_kubernetes_executor_config.py
[2022-06-21 07:00:25,814] {scheduler_job.py:643} INFO - DAG(s) dict_keys(['example_kubernetes_executor_config']) retrieved from /home/airflow/.local/lib/python3.6/site-packages/airflow/example_dags/example_kubernetes_executor_config.py
[2022-06-21 07:00:25,861] {logging_mixin.py:104} INFO - [2022-06-21 07:00:25,861] {dag.py:1832} INFO - Sync 1 DAGs
[2022-06-21 07:00:25,894] {logging_mixin.py:104} INFO - [2022-06-21 07:00:25,893] {dag.py:2305} INFO - Setting next_dagrun for example_kubernetes_executor_config to None
[2022-06-21 07:00:25,923] {scheduler_job.py:190} INFO - Processing /home/airflow/.local/lib/python3.6/site-packages/airflow/example_dags/example_kubernetes_executor_config.py took 0.139 seconds
[2022-06-21 07:00:56,647] {scheduler_job.py:182} INFO - Started process (PID=476) to work on /home/airflow/.local/lib/python3.6/site-packages/airflow/example_dags/example_kubernetes_executor_config.py
[2022-06-21 07:00:56,649] {scheduler_job.py:633} INFO - Processing file /home/airflow/.local/lib/python3.6/site-packages/airflow/example_dags/example_kubernetes_executor_config.py for tasks to queue
[2022-06-21 07:00:56,651] {logging_mixin.py:104} INFO - [2022-06-21 07:00:56,651] {dagbag.py:487} INFO - Filling up the DagBag from /home/airflow/.local/lib/python3.6/site-packages/airflow/example_dags/example_kubernetes_executor_config.py
[2022-06-21 07:00:56,671] {scheduler_job.py:643} INFO - DAG(s) dict_keys(['example_kubernetes_executor_config']) retrieved from /home/airflow/.local/lib/python3.6/site-packages/airflow/example_dags/example_kubernetes_executor_config.py
[2022-06-21 07:00:56,708] {logging_mixin.py:104} INFO - [2022-06-21 07:00:56,708] {dag.py:1832} INFO - Sync 1 DAGs
[2022-06-21 07:00:56,722] {logging_mixin.py:104} INFO - [2022-06-21 07:00:56,722] {dag.py:2305} INFO - Setting next_dagrun for example_kubernetes_executor_config to None
[2022-06-21 07:00:56,895] {scheduler_job.py:190} INFO - Processing /home/airflow/.local/lib/python3.6/site-packages/airflow/example_dags/example_kubernetes_executor_config.py took 0.252 seconds
[2022-06-21 07:01:27,420] {scheduler_job.py:182} INFO - Started process (PID=528) to work on /home/airflow/.local/lib/python3.6/site-packages/airflow/example_dags/example_kubernetes_executor_config.py
[2022-06-21 07:01:27,424] {scheduler_job.py:633} INFO - Processing file /home/airflow/.local/lib/python3.6/site-packages/airflow/example_dags/example_kubernetes_executor_config.py for tasks to queue
[2022-06-21 07:01:27,426] {logging_mixin.py:104} INFO - [2022-06-21 07:01:27,426] {dagbag.py:487} INFO - Filling up the DagBag from /home/airflow/.local/lib/python3.6/site-packages/airflow/example_dags/example_kubernetes_executor_config.py
[2022-06-21 07:01:27,451] {scheduler_job.py:643} INFO - DAG(s) dict_keys(['example_kubernetes_executor_config']) retrieved from /home/airflow/.local/lib/python3.6/site-packages/airflow/example_dags/example_kubernetes_executor_config.py
[2022-06-21 07:01:27,507] {logging_mixin.py:104} INFO - [2022-06-21 07:01:27,507] {dag.py:1832} INFO - Sync 1 DAGs
[2022-06-21 07:01:27,545] {logging_mixin.py:104} INFO - [2022-06-21 07:01:27,544] {dag.py:2305} INFO - Setting next_dagrun for example_kubernetes_executor_config to None
[2022-06-21 07:01:27,717] {scheduler_job.py:190} INFO - Processing /home/airflow/.local/lib/python3.6/site-packages/airflow/example_dags/example_kubernetes_executor_config.py took 0.303 seconds
[2022-06-21 07:04:54,252] {scheduler_job.py:182} INFO - Started process (PID=64) to work on /home/airflow/.local/lib/python3.6/site-packages/airflow/example_dags/example_kubernetes_executor_config.py
[2022-06-21 07:04:54,255] {scheduler_job.py:633} INFO - Processing file /home/airflow/.local/lib/python3.6/site-packages/airflow/example_dags/example_kubernetes_executor_config.py for tasks to queue
[2022-06-21 07:04:54,258] {logging_mixin.py:104} INFO - [2022-06-21 07:04:54,257] {dagbag.py:487} INFO - Filling up the DagBag from /home/airflow/.local/lib/python3.6/site-packages/airflow/example_dags/example_kubernetes_executor_config.py
[2022-06-21 07:04:54,294] {scheduler_job.py:643} INFO - DAG(s) dict_keys(['example_kubernetes_executor_config']) retrieved from /home/airflow/.local/lib/python3.6/site-packages/airflow/example_dags/example_kubernetes_executor_config.py
[2022-06-21 07:04:54,341] {logging_mixin.py:104} INFO - [2022-06-21 07:04:54,340] {dag.py:1832} INFO - Sync 1 DAGs
[2022-06-21 07:04:54,381] {logging_mixin.py:104} INFO - [2022-06-21 07:04:54,381] {dag.py:2305} INFO - Setting next_dagrun for example_kubernetes_executor_config to None
[2022-06-21 07:04:54,393] {scheduler_job.py:190} INFO - Processing /home/airflow/.local/lib/python3.6/site-packages/airflow/example_dags/example_kubernetes_executor_config.py took 0.146 seconds
[2022-06-21 07:05:37,402] {scheduler_job.py:182} INFO - Started process (PID=127) to work on /home/airflow/.local/lib/python3.6/site-packages/airflow/example_dags/example_kubernetes_executor_config.py
[2022-06-21 07:05:37,407] {scheduler_job.py:633} INFO - Processing file /home/airflow/.local/lib/python3.6/site-packages/airflow/example_dags/example_kubernetes_executor_config.py for tasks to queue
[2022-06-21 07:05:37,412] {logging_mixin.py:104} INFO - [2022-06-21 07:05:37,412] {dagbag.py:487} INFO - Filling up the DagBag from /home/airflow/.local/lib/python3.6/site-packages/airflow/example_dags/example_kubernetes_executor_config.py
[2022-06-21 07:05:37,487] {scheduler_job.py:643} INFO - DAG(s) dict_keys(['example_kubernetes_executor_config']) retrieved from /home/airflow/.local/lib/python3.6/site-packages/airflow/example_dags/example_kubernetes_executor_config.py
[2022-06-21 07:05:37,543] {logging_mixin.py:104} INFO - [2022-06-21 07:05:37,543] {dag.py:1832} INFO - Sync 1 DAGs
[2022-06-21 07:05:37,576] {logging_mixin.py:104} INFO - [2022-06-21 07:05:37,576] {dag.py:2305} INFO - Setting next_dagrun for example_kubernetes_executor_config to None
[2022-06-21 07:05:37,596] {scheduler_job.py:190} INFO - Processing /home/airflow/.local/lib/python3.6/site-packages/airflow/example_dags/example_kubernetes_executor_config.py took 0.204 seconds
[2022-06-21 07:06:07,723] {scheduler_job.py:182} INFO - Started process (PID=180) to work on /home/airflow/.local/lib/python3.6/site-packages/airflow/example_dags/example_kubernetes_executor_config.py
[2022-06-21 07:06:07,725] {scheduler_job.py:633} INFO - Processing file /home/airflow/.local/lib/python3.6/site-packages/airflow/example_dags/example_kubernetes_executor_config.py for tasks to queue
[2022-06-21 07:06:07,727] {logging_mixin.py:104} INFO - [2022-06-21 07:06:07,727] {dagbag.py:487} INFO - Filling up the DagBag from /home/airflow/.local/lib/python3.6/site-packages/airflow/example_dags/example_kubernetes_executor_config.py
[2022-06-21 07:06:07,774] {scheduler_job.py:643} INFO - DAG(s) dict_keys(['example_kubernetes_executor_config']) retrieved from /home/airflow/.local/lib/python3.6/site-packages/airflow/example_dags/example_kubernetes_executor_config.py
[2022-06-21 07:06:07,829] {logging_mixin.py:104} INFO - [2022-06-21 07:06:07,829] {dag.py:1832} INFO - Sync 1 DAGs
[2022-06-21 07:06:07,858] {logging_mixin.py:104} INFO - [2022-06-21 07:06:07,858] {dag.py:2305} INFO - Setting next_dagrun for example_kubernetes_executor_config to None
[2022-06-21 07:06:07,874] {scheduler_job.py:190} INFO - Processing /home/airflow/.local/lib/python3.6/site-packages/airflow/example_dags/example_kubernetes_executor_config.py took 0.156 seconds
[2022-06-21 07:06:37,997] {scheduler_job.py:182} INFO - Started process (PID=241) to work on /home/airflow/.local/lib/python3.6/site-packages/airflow/example_dags/example_kubernetes_executor_config.py
[2022-06-21 07:06:38,000] {scheduler_job.py:633} INFO - Processing file /home/airflow/.local/lib/python3.6/site-packages/airflow/example_dags/example_kubernetes_executor_config.py for tasks to queue
[2022-06-21 07:06:38,002] {logging_mixin.py:104} INFO - [2022-06-21 07:06:38,002] {dagbag.py:487} INFO - Filling up the DagBag from /home/airflow/.local/lib/python3.6/site-packages/airflow/example_dags/example_kubernetes_executor_config.py
[2022-06-21 07:06:38,037] {scheduler_job.py:643} INFO - DAG(s) dict_keys(['example_kubernetes_executor_config']) retrieved from /home/airflow/.local/lib/python3.6/site-packages/airflow/example_dags/example_kubernetes_executor_config.py
[2022-06-21 07:06:38,092] {logging_mixin.py:104} INFO - [2022-06-21 07:06:38,092] {dag.py:1832} INFO - Sync 1 DAGs
[2022-06-21 07:06:38,117] {logging_mixin.py:104} INFO - [2022-06-21 07:06:38,117] {dag.py:2305} INFO - Setting next_dagrun for example_kubernetes_executor_config to None
[2022-06-21 07:06:38,130] {scheduler_job.py:190} INFO - Processing /home/airflow/.local/lib/python3.6/site-packages/airflow/example_dags/example_kubernetes_executor_config.py took 0.137 seconds
[2022-06-21 07:07:22,515] {scheduler_job.py:182} INFO - Started process (PID=304) to work on /home/airflow/.local/lib/python3.6/site-packages/airflow/example_dags/example_kubernetes_executor_config.py
[2022-06-21 07:07:22,519] {scheduler_job.py:633} INFO - Processing file /home/airflow/.local/lib/python3.6/site-packages/airflow/example_dags/example_kubernetes_executor_config.py for tasks to queue
[2022-06-21 07:07:22,521] {logging_mixin.py:104} INFO - [2022-06-21 07:07:22,520] {dagbag.py:487} INFO - Filling up the DagBag from /home/airflow/.local/lib/python3.6/site-packages/airflow/example_dags/example_kubernetes_executor_config.py
[2022-06-21 07:07:22,550] {scheduler_job.py:643} INFO - DAG(s) dict_keys(['example_kubernetes_executor_config']) retrieved from /home/airflow/.local/lib/python3.6/site-packages/airflow/example_dags/example_kubernetes_executor_config.py
[2022-06-21 07:07:22,592] {logging_mixin.py:104} INFO - [2022-06-21 07:07:22,592] {dag.py:1832} INFO - Sync 1 DAGs
[2022-06-21 07:07:22,618] {logging_mixin.py:104} INFO - [2022-06-21 07:07:22,618] {dag.py:2305} INFO - Setting next_dagrun for example_kubernetes_executor_config to None
[2022-06-21 07:07:22,639] {scheduler_job.py:190} INFO - Processing /home/airflow/.local/lib/python3.6/site-packages/airflow/example_dags/example_kubernetes_executor_config.py took 0.127 seconds
[2022-06-21 07:07:53,013] {scheduler_job.py:182} INFO - Started process (PID=366) to work on /home/airflow/.local/lib/python3.6/site-packages/airflow/example_dags/example_kubernetes_executor_config.py
[2022-06-21 07:07:53,016] {scheduler_job.py:633} INFO - Processing file /home/airflow/.local/lib/python3.6/site-packages/airflow/example_dags/example_kubernetes_executor_config.py for tasks to queue
[2022-06-21 07:07:53,020] {logging_mixin.py:104} INFO - [2022-06-21 07:07:53,020] {dagbag.py:487} INFO - Filling up the DagBag from /home/airflow/.local/lib/python3.6/site-packages/airflow/example_dags/example_kubernetes_executor_config.py
[2022-06-21 07:07:53,049] {scheduler_job.py:643} INFO - DAG(s) dict_keys(['example_kubernetes_executor_config']) retrieved from /home/airflow/.local/lib/python3.6/site-packages/airflow/example_dags/example_kubernetes_executor_config.py
[2022-06-21 07:07:53,074] {logging_mixin.py:104} INFO - [2022-06-21 07:07:53,074] {dag.py:1832} INFO - Sync 1 DAGs
[2022-06-21 07:07:53,091] {logging_mixin.py:104} INFO - [2022-06-21 07:07:53,091] {dag.py:2305} INFO - Setting next_dagrun for example_kubernetes_executor_config to None
[2022-06-21 07:07:53,102] {scheduler_job.py:190} INFO - Processing /home/airflow/.local/lib/python3.6/site-packages/airflow/example_dags/example_kubernetes_executor_config.py took 0.092 seconds
[2022-06-21 07:08:23,805] {scheduler_job.py:182} INFO - Started process (PID=445) to work on /home/airflow/.local/lib/python3.6/site-packages/airflow/example_dags/example_kubernetes_executor_config.py
[2022-06-21 07:08:23,807] {scheduler_job.py:633} INFO - Processing file /home/airflow/.local/lib/python3.6/site-packages/airflow/example_dags/example_kubernetes_executor_config.py for tasks to queue
[2022-06-21 07:08:23,809] {logging_mixin.py:104} INFO - [2022-06-21 07:08:23,808] {dagbag.py:487} INFO - Filling up the DagBag from /home/airflow/.local/lib/python3.6/site-packages/airflow/example_dags/example_kubernetes_executor_config.py
[2022-06-21 07:08:23,830] {scheduler_job.py:643} INFO - DAG(s) dict_keys(['example_kubernetes_executor_config']) retrieved from /home/airflow/.local/lib/python3.6/site-packages/airflow/example_dags/example_kubernetes_executor_config.py
[2022-06-21 07:08:23,860] {logging_mixin.py:104} INFO - [2022-06-21 07:08:23,859] {dag.py:1832} INFO - Sync 1 DAGs
[2022-06-21 07:08:23,887] {logging_mixin.py:104} INFO - [2022-06-21 07:08:23,887] {dag.py:2305} INFO - Setting next_dagrun for example_kubernetes_executor_config to None
[2022-06-21 07:08:23,901] {scheduler_job.py:190} INFO - Processing /home/airflow/.local/lib/python3.6/site-packages/airflow/example_dags/example_kubernetes_executor_config.py took 0.100 seconds
[2022-06-21 07:08:54,359] {scheduler_job.py:182} INFO - Started process (PID=507) to work on /home/airflow/.local/lib/python3.6/site-packages/airflow/example_dags/example_kubernetes_executor_config.py
[2022-06-21 07:08:54,361] {scheduler_job.py:633} INFO - Processing file /home/airflow/.local/lib/python3.6/site-packages/airflow/example_dags/example_kubernetes_executor_config.py for tasks to queue
[2022-06-21 07:08:54,362] {logging_mixin.py:104} INFO - [2022-06-21 07:08:54,362] {dagbag.py:487} INFO - Filling up the DagBag from /home/airflow/.local/lib/python3.6/site-packages/airflow/example_dags/example_kubernetes_executor_config.py
[2022-06-21 07:08:54,382] {scheduler_job.py:643} INFO - DAG(s) dict_keys(['example_kubernetes_executor_config']) retrieved from /home/airflow/.local/lib/python3.6/site-packages/airflow/example_dags/example_kubernetes_executor_config.py
[2022-06-21 07:08:54,411] {logging_mixin.py:104} INFO - [2022-06-21 07:08:54,411] {dag.py:1832} INFO - Sync 1 DAGs
[2022-06-21 07:08:54,428] {logging_mixin.py:104} INFO - [2022-06-21 07:08:54,428] {dag.py:2305} INFO - Setting next_dagrun for example_kubernetes_executor_config to None
[2022-06-21 07:08:54,444] {scheduler_job.py:190} INFO - Processing /home/airflow/.local/lib/python3.6/site-packages/airflow/example_dags/example_kubernetes_executor_config.py took 0.089 seconds
[2022-06-21 07:11:09,762] {scheduler_job.py:182} INFO - Started process (PID=64) to work on /home/airflow/.local/lib/python3.6/site-packages/airflow/example_dags/example_kubernetes_executor_config.py
[2022-06-21 07:11:09,765] {scheduler_job.py:633} INFO - Processing file /home/airflow/.local/lib/python3.6/site-packages/airflow/example_dags/example_kubernetes_executor_config.py for tasks to queue
[2022-06-21 07:11:09,771] {logging_mixin.py:104} INFO - [2022-06-21 07:11:09,770] {dagbag.py:487} INFO - Filling up the DagBag from /home/airflow/.local/lib/python3.6/site-packages/airflow/example_dags/example_kubernetes_executor_config.py
[2022-06-21 07:11:09,844] {scheduler_job.py:643} INFO - DAG(s) dict_keys(['example_kubernetes_executor_config']) retrieved from /home/airflow/.local/lib/python3.6/site-packages/airflow/example_dags/example_kubernetes_executor_config.py
[2022-06-21 07:11:09,881] {logging_mixin.py:104} INFO - [2022-06-21 07:11:09,881] {dag.py:1832} INFO - Sync 1 DAGs
[2022-06-21 07:11:09,950] {logging_mixin.py:104} INFO - [2022-06-21 07:11:09,949] {dag.py:2305} INFO - Setting next_dagrun for example_kubernetes_executor_config to None
[2022-06-21 07:11:09,977] {scheduler_job.py:190} INFO - Processing /home/airflow/.local/lib/python3.6/site-packages/airflow/example_dags/example_kubernetes_executor_config.py took 0.220 seconds
[2022-06-21 07:11:45,988] {scheduler_job.py:182} INFO - Started process (PID=115) to work on /home/airflow/.local/lib/python3.6/site-packages/airflow/example_dags/example_kubernetes_executor_config.py
[2022-06-21 07:11:45,990] {scheduler_job.py:633} INFO - Processing file /home/airflow/.local/lib/python3.6/site-packages/airflow/example_dags/example_kubernetes_executor_config.py for tasks to queue
[2022-06-21 07:11:45,992] {logging_mixin.py:104} INFO - [2022-06-21 07:11:45,991] {dagbag.py:487} INFO - Filling up the DagBag from /home/airflow/.local/lib/python3.6/site-packages/airflow/example_dags/example_kubernetes_executor_config.py
[2022-06-21 07:11:46,015] {scheduler_job.py:643} INFO - DAG(s) dict_keys(['example_kubernetes_executor_config']) retrieved from /home/airflow/.local/lib/python3.6/site-packages/airflow/example_dags/example_kubernetes_executor_config.py
[2022-06-21 07:11:46,051] {logging_mixin.py:104} INFO - [2022-06-21 07:11:46,051] {dag.py:1832} INFO - Sync 1 DAGs
[2022-06-21 07:11:46,074] {logging_mixin.py:104} INFO - [2022-06-21 07:11:46,074] {dag.py:2305} INFO - Setting next_dagrun for example_kubernetes_executor_config to None
[2022-06-21 07:11:46,090] {scheduler_job.py:190} INFO - Processing /home/airflow/.local/lib/python3.6/site-packages/airflow/example_dags/example_kubernetes_executor_config.py took 0.106 seconds
[2022-06-21 07:12:17,998] {scheduler_job.py:182} INFO - Started process (PID=162) to work on /home/airflow/.local/lib/python3.6/site-packages/airflow/example_dags/example_kubernetes_executor_config.py
[2022-06-21 07:12:18,000] {scheduler_job.py:633} INFO - Processing file /home/airflow/.local/lib/python3.6/site-packages/airflow/example_dags/example_kubernetes_executor_config.py for tasks to queue
[2022-06-21 07:12:18,001] {logging_mixin.py:104} INFO - [2022-06-21 07:12:18,001] {dagbag.py:487} INFO - Filling up the DagBag from /home/airflow/.local/lib/python3.6/site-packages/airflow/example_dags/example_kubernetes_executor_config.py
[2022-06-21 07:12:18,033] {scheduler_job.py:643} INFO - DAG(s) dict_keys(['example_kubernetes_executor_config']) retrieved from /home/airflow/.local/lib/python3.6/site-packages/airflow/example_dags/example_kubernetes_executor_config.py
[2022-06-21 07:12:18,062] {logging_mixin.py:104} INFO - [2022-06-21 07:12:18,062] {dag.py:1832} INFO - Sync 1 DAGs
[2022-06-21 07:12:18,084] {logging_mixin.py:104} INFO - [2022-06-21 07:12:18,084] {dag.py:2305} INFO - Setting next_dagrun for example_kubernetes_executor_config to None
[2022-06-21 07:12:18,097] {scheduler_job.py:190} INFO - Processing /home/airflow/.local/lib/python3.6/site-packages/airflow/example_dags/example_kubernetes_executor_config.py took 0.103 seconds
[2022-06-21 07:12:57,951] {scheduler_job.py:182} INFO - Started process (PID=208) to work on /home/airflow/.local/lib/python3.6/site-packages/airflow/example_dags/example_kubernetes_executor_config.py
[2022-06-21 07:12:57,955] {scheduler_job.py:633} INFO - Processing file /home/airflow/.local/lib/python3.6/site-packages/airflow/example_dags/example_kubernetes_executor_config.py for tasks to queue
[2022-06-21 07:12:57,957] {logging_mixin.py:104} INFO - [2022-06-21 07:12:57,956] {dagbag.py:487} INFO - Filling up the DagBag from /home/airflow/.local/lib/python3.6/site-packages/airflow/example_dags/example_kubernetes_executor_config.py
[2022-06-21 07:12:57,980] {scheduler_job.py:643} INFO - DAG(s) dict_keys(['example_kubernetes_executor_config']) retrieved from /home/airflow/.local/lib/python3.6/site-packages/airflow/example_dags/example_kubernetes_executor_config.py
[2022-06-21 07:12:58,006] {logging_mixin.py:104} INFO - [2022-06-21 07:12:58,006] {dag.py:1832} INFO - Sync 1 DAGs
[2022-06-21 07:12:58,024] {logging_mixin.py:104} INFO - [2022-06-21 07:12:58,024] {dag.py:2305} INFO - Setting next_dagrun for example_kubernetes_executor_config to None
[2022-06-21 07:12:58,041] {scheduler_job.py:190} INFO - Processing /home/airflow/.local/lib/python3.6/site-packages/airflow/example_dags/example_kubernetes_executor_config.py took 0.094 seconds
[2022-06-21 07:14:41,760] {scheduler_job.py:182} INFO - Started process (PID=259) to work on /home/airflow/.local/lib/python3.6/site-packages/airflow/example_dags/example_kubernetes_executor_config.py
[2022-06-21 07:14:41,763] {scheduler_job.py:633} INFO - Processing file /home/airflow/.local/lib/python3.6/site-packages/airflow/example_dags/example_kubernetes_executor_config.py for tasks to queue
[2022-06-21 07:14:41,765] {logging_mixin.py:104} INFO - [2022-06-21 07:14:41,764] {dagbag.py:487} INFO - Filling up the DagBag from /home/airflow/.local/lib/python3.6/site-packages/airflow/example_dags/example_kubernetes_executor_config.py
[2022-06-21 07:14:41,786] {scheduler_job.py:643} INFO - DAG(s) dict_keys(['example_kubernetes_executor_config']) retrieved from /home/airflow/.local/lib/python3.6/site-packages/airflow/example_dags/example_kubernetes_executor_config.py
[2022-06-21 07:14:41,815] {logging_mixin.py:104} INFO - [2022-06-21 07:14:41,815] {dag.py:1832} INFO - Sync 1 DAGs
[2022-06-21 07:14:41,828] {logging_mixin.py:104} INFO - [2022-06-21 07:14:41,828] {dag.py:2305} INFO - Setting next_dagrun for example_kubernetes_executor_config to None
[2022-06-21 07:14:41,840] {scheduler_job.py:190} INFO - Processing /home/airflow/.local/lib/python3.6/site-packages/airflow/example_dags/example_kubernetes_executor_config.py took 0.084 seconds
[2022-06-21 07:15:33,749] {scheduler_job.py:182} INFO - Started process (PID=316) to work on /home/airflow/.local/lib/python3.6/site-packages/airflow/example_dags/example_kubernetes_executor_config.py
[2022-06-21 07:15:33,751] {scheduler_job.py:633} INFO - Processing file /home/airflow/.local/lib/python3.6/site-packages/airflow/example_dags/example_kubernetes_executor_config.py for tasks to queue
[2022-06-21 07:15:33,753] {logging_mixin.py:104} INFO - [2022-06-21 07:15:33,753] {dagbag.py:487} INFO - Filling up the DagBag from /home/airflow/.local/lib/python3.6/site-packages/airflow/example_dags/example_kubernetes_executor_config.py
[2022-06-21 07:15:33,774] {scheduler_job.py:643} INFO - DAG(s) dict_keys(['example_kubernetes_executor_config']) retrieved from /home/airflow/.local/lib/python3.6/site-packages/airflow/example_dags/example_kubernetes_executor_config.py
[2022-06-21 07:15:33,804] {logging_mixin.py:104} INFO - [2022-06-21 07:15:33,804] {dag.py:1832} INFO - Sync 1 DAGs
[2022-06-21 07:15:33,817] {logging_mixin.py:104} INFO - [2022-06-21 07:15:33,817] {dag.py:2305} INFO - Setting next_dagrun for example_kubernetes_executor_config to None
[2022-06-21 07:15:33,831] {scheduler_job.py:190} INFO - Processing /home/airflow/.local/lib/python3.6/site-packages/airflow/example_dags/example_kubernetes_executor_config.py took 0.086 seconds
[2022-06-21 07:16:09,872] {scheduler_job.py:182} INFO - Started process (PID=364) to work on /home/airflow/.local/lib/python3.6/site-packages/airflow/example_dags/example_kubernetes_executor_config.py
[2022-06-21 07:16:09,875] {scheduler_job.py:633} INFO - Processing file /home/airflow/.local/lib/python3.6/site-packages/airflow/example_dags/example_kubernetes_executor_config.py for tasks to queue
[2022-06-21 07:16:09,877] {logging_mixin.py:104} INFO - [2022-06-21 07:16:09,877] {dagbag.py:487} INFO - Filling up the DagBag from /home/airflow/.local/lib/python3.6/site-packages/airflow/example_dags/example_kubernetes_executor_config.py
[2022-06-21 07:16:09,903] {scheduler_job.py:643} INFO - DAG(s) dict_keys(['example_kubernetes_executor_config']) retrieved from /home/airflow/.local/lib/python3.6/site-packages/airflow/example_dags/example_kubernetes_executor_config.py
[2022-06-21 07:16:09,943] {logging_mixin.py:104} INFO - [2022-06-21 07:16:09,943] {dag.py:1832} INFO - Sync 1 DAGs
[2022-06-21 07:16:09,962] {logging_mixin.py:104} INFO - [2022-06-21 07:16:09,962] {dag.py:2305} INFO - Setting next_dagrun for example_kubernetes_executor_config to None
[2022-06-21 07:16:09,978] {scheduler_job.py:190} INFO - Processing /home/airflow/.local/lib/python3.6/site-packages/airflow/example_dags/example_kubernetes_executor_config.py took 0.111 seconds
[2022-06-21 07:16:48,906] {scheduler_job.py:182} INFO - Started process (PID=437) to work on /home/airflow/.local/lib/python3.6/site-packages/airflow/example_dags/example_kubernetes_executor_config.py
[2022-06-21 07:16:48,912] {scheduler_job.py:633} INFO - Processing file /home/airflow/.local/lib/python3.6/site-packages/airflow/example_dags/example_kubernetes_executor_config.py for tasks to queue
[2022-06-21 07:16:48,915] {logging_mixin.py:104} INFO - [2022-06-21 07:16:48,915] {dagbag.py:487} INFO - Filling up the DagBag from /home/airflow/.local/lib/python3.6/site-packages/airflow/example_dags/example_kubernetes_executor_config.py
[2022-06-21 07:16:48,938] {scheduler_job.py:643} INFO - DAG(s) dict_keys(['example_kubernetes_executor_config']) retrieved from /home/airflow/.local/lib/python3.6/site-packages/airflow/example_dags/example_kubernetes_executor_config.py
[2022-06-21 07:16:48,988] {logging_mixin.py:104} INFO - [2022-06-21 07:16:48,987] {dag.py:1832} INFO - Sync 1 DAGs
[2022-06-21 07:16:49,010] {logging_mixin.py:104} INFO - [2022-06-21 07:16:49,009] {dag.py:2305} INFO - Setting next_dagrun for example_kubernetes_executor_config to None
[2022-06-21 07:16:49,025] {scheduler_job.py:190} INFO - Processing /home/airflow/.local/lib/python3.6/site-packages/airflow/example_dags/example_kubernetes_executor_config.py took 0.125 seconds
[2022-06-21 07:17:19,216] {scheduler_job.py:182} INFO - Started process (PID=495) to work on /home/airflow/.local/lib/python3.6/site-packages/airflow/example_dags/example_kubernetes_executor_config.py
[2022-06-21 07:17:19,218] {scheduler_job.py:633} INFO - Processing file /home/airflow/.local/lib/python3.6/site-packages/airflow/example_dags/example_kubernetes_executor_config.py for tasks to queue
[2022-06-21 07:17:19,220] {logging_mixin.py:104} INFO - [2022-06-21 07:17:19,220] {dagbag.py:487} INFO - Filling up the DagBag from /home/airflow/.local/lib/python3.6/site-packages/airflow/example_dags/example_kubernetes_executor_config.py
[2022-06-21 07:17:19,241] {scheduler_job.py:643} INFO - DAG(s) dict_keys(['example_kubernetes_executor_config']) retrieved from /home/airflow/.local/lib/python3.6/site-packages/airflow/example_dags/example_kubernetes_executor_config.py
[2022-06-21 07:17:19,270] {logging_mixin.py:104} INFO - [2022-06-21 07:17:19,270] {dag.py:1832} INFO - Sync 1 DAGs
[2022-06-21 07:17:19,282] {logging_mixin.py:104} INFO - [2022-06-21 07:17:19,282] {dag.py:2305} INFO - Setting next_dagrun for example_kubernetes_executor_config to None
[2022-06-21 07:17:19,294] {scheduler_job.py:190} INFO - Processing /home/airflow/.local/lib/python3.6/site-packages/airflow/example_dags/example_kubernetes_executor_config.py took 0.083 seconds
[2022-06-21 07:20:39,463] {scheduler_job.py:182} INFO - Started process (PID=68) to work on /home/airflow/.local/lib/python3.6/site-packages/airflow/example_dags/example_kubernetes_executor_config.py
[2022-06-21 07:20:39,466] {scheduler_job.py:633} INFO - Processing file /home/airflow/.local/lib/python3.6/site-packages/airflow/example_dags/example_kubernetes_executor_config.py for tasks to queue
[2022-06-21 07:20:39,469] {logging_mixin.py:104} INFO - [2022-06-21 07:20:39,469] {dagbag.py:487} INFO - Filling up the DagBag from /home/airflow/.local/lib/python3.6/site-packages/airflow/example_dags/example_kubernetes_executor_config.py
[2022-06-21 07:20:39,495] {scheduler_job.py:643} INFO - DAG(s) dict_keys(['example_kubernetes_executor_config']) retrieved from /home/airflow/.local/lib/python3.6/site-packages/airflow/example_dags/example_kubernetes_executor_config.py
[2022-06-21 07:20:39,538] {logging_mixin.py:104} INFO - [2022-06-21 07:20:39,538] {dag.py:1832} INFO - Sync 1 DAGs
[2022-06-21 07:20:39,560] {logging_mixin.py:104} INFO - [2022-06-21 07:20:39,560] {dag.py:2305} INFO - Setting next_dagrun for example_kubernetes_executor_config to None
[2022-06-21 07:20:39,595] {scheduler_job.py:190} INFO - Processing /home/airflow/.local/lib/python3.6/site-packages/airflow/example_dags/example_kubernetes_executor_config.py took 0.137 seconds
[2022-06-21 07:21:10,699] {scheduler_job.py:182} INFO - Started process (PID=111) to work on /home/airflow/.local/lib/python3.6/site-packages/airflow/example_dags/example_kubernetes_executor_config.py
[2022-06-21 07:21:10,701] {scheduler_job.py:633} INFO - Processing file /home/airflow/.local/lib/python3.6/site-packages/airflow/example_dags/example_kubernetes_executor_config.py for tasks to queue
[2022-06-21 07:21:10,703] {logging_mixin.py:104} INFO - [2022-06-21 07:21:10,703] {dagbag.py:487} INFO - Filling up the DagBag from /home/airflow/.local/lib/python3.6/site-packages/airflow/example_dags/example_kubernetes_executor_config.py
[2022-06-21 07:21:10,727] {scheduler_job.py:643} INFO - DAG(s) dict_keys(['example_kubernetes_executor_config']) retrieved from /home/airflow/.local/lib/python3.6/site-packages/airflow/example_dags/example_kubernetes_executor_config.py
[2022-06-21 07:21:10,776] {logging_mixin.py:104} INFO - [2022-06-21 07:21:10,776] {dag.py:1832} INFO - Sync 1 DAGs
[2022-06-21 07:21:10,805] {logging_mixin.py:104} INFO - [2022-06-21 07:21:10,804] {dag.py:2305} INFO - Setting next_dagrun for example_kubernetes_executor_config to None
[2022-06-21 07:21:10,821] {scheduler_job.py:190} INFO - Processing /home/airflow/.local/lib/python3.6/site-packages/airflow/example_dags/example_kubernetes_executor_config.py took 0.126 seconds
[2022-06-21 07:21:47,891] {scheduler_job.py:182} INFO - Started process (PID=173) to work on /home/airflow/.local/lib/python3.6/site-packages/airflow/example_dags/example_kubernetes_executor_config.py
[2022-06-21 07:21:47,893] {scheduler_job.py:633} INFO - Processing file /home/airflow/.local/lib/python3.6/site-packages/airflow/example_dags/example_kubernetes_executor_config.py for tasks to queue
[2022-06-21 07:21:47,895] {logging_mixin.py:104} INFO - [2022-06-21 07:21:47,894] {dagbag.py:487} INFO - Filling up the DagBag from /home/airflow/.local/lib/python3.6/site-packages/airflow/example_dags/example_kubernetes_executor_config.py
[2022-06-21 07:21:47,922] {scheduler_job.py:643} INFO - DAG(s) dict_keys(['example_kubernetes_executor_config']) retrieved from /home/airflow/.local/lib/python3.6/site-packages/airflow/example_dags/example_kubernetes_executor_config.py
[2022-06-21 07:21:47,953] {logging_mixin.py:104} INFO - [2022-06-21 07:21:47,953] {dag.py:1832} INFO - Sync 1 DAGs
[2022-06-21 07:21:47,973] {logging_mixin.py:104} INFO - [2022-06-21 07:21:47,973] {dag.py:2305} INFO - Setting next_dagrun for example_kubernetes_executor_config to None
[2022-06-21 07:21:47,987] {scheduler_job.py:190} INFO - Processing /home/airflow/.local/lib/python3.6/site-packages/airflow/example_dags/example_kubernetes_executor_config.py took 0.100 seconds
[2022-06-21 07:22:24,627] {scheduler_job.py:182} INFO - Started process (PID=234) to work on /home/airflow/.local/lib/python3.6/site-packages/airflow/example_dags/example_kubernetes_executor_config.py
[2022-06-21 07:22:24,629] {scheduler_job.py:633} INFO - Processing file /home/airflow/.local/lib/python3.6/site-packages/airflow/example_dags/example_kubernetes_executor_config.py for tasks to queue
[2022-06-21 07:22:24,634] {logging_mixin.py:104} INFO - [2022-06-21 07:22:24,634] {dagbag.py:487} INFO - Filling up the DagBag from /home/airflow/.local/lib/python3.6/site-packages/airflow/example_dags/example_kubernetes_executor_config.py
[2022-06-21 07:22:24,656] {scheduler_job.py:643} INFO - DAG(s) dict_keys(['example_kubernetes_executor_config']) retrieved from /home/airflow/.local/lib/python3.6/site-packages/airflow/example_dags/example_kubernetes_executor_config.py
[2022-06-21 07:22:24,697] {logging_mixin.py:104} INFO - [2022-06-21 07:22:24,697] {dag.py:1832} INFO - Sync 1 DAGs
[2022-06-21 07:22:24,717] {logging_mixin.py:104} INFO - [2022-06-21 07:22:24,717] {dag.py:2305} INFO - Setting next_dagrun for example_kubernetes_executor_config to None
[2022-06-21 07:22:24,737] {scheduler_job.py:190} INFO - Processing /home/airflow/.local/lib/python3.6/site-packages/airflow/example_dags/example_kubernetes_executor_config.py took 0.114 seconds
[2022-06-21 07:23:05,926] {scheduler_job.py:182} INFO - Started process (PID=286) to work on /home/airflow/.local/lib/python3.6/site-packages/airflow/example_dags/example_kubernetes_executor_config.py
[2022-06-21 07:23:05,929] {scheduler_job.py:633} INFO - Processing file /home/airflow/.local/lib/python3.6/site-packages/airflow/example_dags/example_kubernetes_executor_config.py for tasks to queue
[2022-06-21 07:23:05,932] {logging_mixin.py:104} INFO - [2022-06-21 07:23:05,931] {dagbag.py:487} INFO - Filling up the DagBag from /home/airflow/.local/lib/python3.6/site-packages/airflow/example_dags/example_kubernetes_executor_config.py
[2022-06-21 07:23:05,973] {scheduler_job.py:643} INFO - DAG(s) dict_keys(['example_kubernetes_executor_config']) retrieved from /home/airflow/.local/lib/python3.6/site-packages/airflow/example_dags/example_kubernetes_executor_config.py
[2022-06-21 07:23:06,029] {logging_mixin.py:104} INFO - [2022-06-21 07:23:06,029] {dag.py:1832} INFO - Sync 1 DAGs
[2022-06-21 07:23:06,059] {logging_mixin.py:104} INFO - [2022-06-21 07:23:06,059] {dag.py:2305} INFO - Setting next_dagrun for example_kubernetes_executor_config to None
[2022-06-21 07:23:06,075] {scheduler_job.py:190} INFO - Processing /home/airflow/.local/lib/python3.6/site-packages/airflow/example_dags/example_kubernetes_executor_config.py took 0.153 seconds
[2022-06-21 07:23:36,606] {scheduler_job.py:182} INFO - Started process (PID=347) to work on /home/airflow/.local/lib/python3.6/site-packages/airflow/example_dags/example_kubernetes_executor_config.py
[2022-06-21 07:23:36,608] {scheduler_job.py:633} INFO - Processing file /home/airflow/.local/lib/python3.6/site-packages/airflow/example_dags/example_kubernetes_executor_config.py for tasks to queue
[2022-06-21 07:23:36,610] {logging_mixin.py:104} INFO - [2022-06-21 07:23:36,610] {dagbag.py:487} INFO - Filling up the DagBag from /home/airflow/.local/lib/python3.6/site-packages/airflow/example_dags/example_kubernetes_executor_config.py
[2022-06-21 07:23:36,635] {scheduler_job.py:643} INFO - DAG(s) dict_keys(['example_kubernetes_executor_config']) retrieved from /home/airflow/.local/lib/python3.6/site-packages/airflow/example_dags/example_kubernetes_executor_config.py
[2022-06-21 07:23:36,674] {logging_mixin.py:104} INFO - [2022-06-21 07:23:36,674] {dag.py:1832} INFO - Sync 1 DAGs
[2022-06-21 07:23:36,700] {logging_mixin.py:104} INFO - [2022-06-21 07:23:36,700] {dag.py:2305} INFO - Setting next_dagrun for example_kubernetes_executor_config to None
[2022-06-21 07:23:36,713] {scheduler_job.py:190} INFO - Processing /home/airflow/.local/lib/python3.6/site-packages/airflow/example_dags/example_kubernetes_executor_config.py took 0.112 seconds
[2022-06-21 07:24:06,812] {scheduler_job.py:182} INFO - Started process (PID=409) to work on /home/airflow/.local/lib/python3.6/site-packages/airflow/example_dags/example_kubernetes_executor_config.py
[2022-06-21 07:24:06,815] {scheduler_job.py:633} INFO - Processing file /home/airflow/.local/lib/python3.6/site-packages/airflow/example_dags/example_kubernetes_executor_config.py for tasks to queue
[2022-06-21 07:24:06,817] {logging_mixin.py:104} INFO - [2022-06-21 07:24:06,817] {dagbag.py:487} INFO - Filling up the DagBag from /home/airflow/.local/lib/python3.6/site-packages/airflow/example_dags/example_kubernetes_executor_config.py
[2022-06-21 07:24:06,853] {scheduler_job.py:643} INFO - DAG(s) dict_keys(['example_kubernetes_executor_config']) retrieved from /home/airflow/.local/lib/python3.6/site-packages/airflow/example_dags/example_kubernetes_executor_config.py
[2022-06-21 07:24:06,888] {logging_mixin.py:104} INFO - [2022-06-21 07:24:06,888] {dag.py:1832} INFO - Sync 1 DAGs
[2022-06-21 07:24:06,910] {logging_mixin.py:104} INFO - [2022-06-21 07:24:06,910] {dag.py:2305} INFO - Setting next_dagrun for example_kubernetes_executor_config to None
[2022-06-21 07:24:06,925] {scheduler_job.py:190} INFO - Processing /home/airflow/.local/lib/python3.6/site-packages/airflow/example_dags/example_kubernetes_executor_config.py took 0.118 seconds
[2022-06-21 07:24:47,332] {scheduler_job.py:182} INFO - Started process (PID=71) to work on /home/airflow/.local/lib/python3.6/site-packages/airflow/example_dags/example_kubernetes_executor_config.py
[2022-06-21 07:24:47,338] {scheduler_job.py:633} INFO - Processing file /home/airflow/.local/lib/python3.6/site-packages/airflow/example_dags/example_kubernetes_executor_config.py for tasks to queue
[2022-06-21 07:24:47,343] {logging_mixin.py:104} INFO - [2022-06-21 07:24:47,342] {dagbag.py:487} INFO - Filling up the DagBag from /home/airflow/.local/lib/python3.6/site-packages/airflow/example_dags/example_kubernetes_executor_config.py
[2022-06-21 07:24:47,385] {scheduler_job.py:643} INFO - DAG(s) dict_keys(['example_kubernetes_executor_config']) retrieved from /home/airflow/.local/lib/python3.6/site-packages/airflow/example_dags/example_kubernetes_executor_config.py
[2022-06-21 07:24:47,423] {logging_mixin.py:104} INFO - [2022-06-21 07:24:47,423] {dag.py:1832} INFO - Sync 1 DAGs
[2022-06-21 07:24:47,492] {logging_mixin.py:104} INFO - [2022-06-21 07:24:47,491] {dag.py:2305} INFO - Setting next_dagrun for example_kubernetes_executor_config to None
[2022-06-21 07:24:47,516] {scheduler_job.py:190} INFO - Processing /home/airflow/.local/lib/python3.6/site-packages/airflow/example_dags/example_kubernetes_executor_config.py took 0.201 seconds
[2022-06-21 07:25:20,323] {scheduler_job.py:182} INFO - Started process (PID=124) to work on /home/airflow/.local/lib/python3.6/site-packages/airflow/example_dags/example_kubernetes_executor_config.py
[2022-06-21 07:25:20,327] {scheduler_job.py:633} INFO - Processing file /home/airflow/.local/lib/python3.6/site-packages/airflow/example_dags/example_kubernetes_executor_config.py for tasks to queue
[2022-06-21 07:25:20,330] {logging_mixin.py:104} INFO - [2022-06-21 07:25:20,329] {dagbag.py:487} INFO - Filling up the DagBag from /home/airflow/.local/lib/python3.6/site-packages/airflow/example_dags/example_kubernetes_executor_config.py
[2022-06-21 07:25:20,363] {scheduler_job.py:643} INFO - DAG(s) dict_keys(['example_kubernetes_executor_config']) retrieved from /home/airflow/.local/lib/python3.6/site-packages/airflow/example_dags/example_kubernetes_executor_config.py
[2022-06-21 07:25:20,405] {logging_mixin.py:104} INFO - [2022-06-21 07:25:20,404] {dag.py:1832} INFO - Sync 1 DAGs
[2022-06-21 07:25:20,437] {logging_mixin.py:104} INFO - [2022-06-21 07:25:20,436] {dag.py:2305} INFO - Setting next_dagrun for example_kubernetes_executor_config to None
[2022-06-21 07:25:20,470] {scheduler_job.py:190} INFO - Processing /home/airflow/.local/lib/python3.6/site-packages/airflow/example_dags/example_kubernetes_executor_config.py took 0.162 seconds
[2022-06-21 07:25:50,669] {scheduler_job.py:182} INFO - Started process (PID=180) to work on /home/airflow/.local/lib/python3.6/site-packages/airflow/example_dags/example_kubernetes_executor_config.py
[2022-06-21 07:25:50,672] {scheduler_job.py:633} INFO - Processing file /home/airflow/.local/lib/python3.6/site-packages/airflow/example_dags/example_kubernetes_executor_config.py for tasks to queue
[2022-06-21 07:25:50,674] {logging_mixin.py:104} INFO - [2022-06-21 07:25:50,674] {dagbag.py:487} INFO - Filling up the DagBag from /home/airflow/.local/lib/python3.6/site-packages/airflow/example_dags/example_kubernetes_executor_config.py
[2022-06-21 07:25:50,701] {scheduler_job.py:643} INFO - DAG(s) dict_keys(['example_kubernetes_executor_config']) retrieved from /home/airflow/.local/lib/python3.6/site-packages/airflow/example_dags/example_kubernetes_executor_config.py
[2022-06-21 07:25:50,736] {logging_mixin.py:104} INFO - [2022-06-21 07:25:50,736] {dag.py:1832} INFO - Sync 1 DAGs
[2022-06-21 07:25:50,759] {logging_mixin.py:104} INFO - [2022-06-21 07:25:50,758] {dag.py:2305} INFO - Setting next_dagrun for example_kubernetes_executor_config to None
[2022-06-21 07:25:50,773] {scheduler_job.py:190} INFO - Processing /home/airflow/.local/lib/python3.6/site-packages/airflow/example_dags/example_kubernetes_executor_config.py took 0.110 seconds
[2022-06-21 07:26:59,190] {scheduler_job.py:182} INFO - Started process (PID=237) to work on /home/airflow/.local/lib/python3.6/site-packages/airflow/example_dags/example_kubernetes_executor_config.py
[2022-06-21 07:26:59,192] {scheduler_job.py:633} INFO - Processing file /home/airflow/.local/lib/python3.6/site-packages/airflow/example_dags/example_kubernetes_executor_config.py for tasks to queue
[2022-06-21 07:26:59,194] {logging_mixin.py:104} INFO - [2022-06-21 07:26:59,194] {dagbag.py:487} INFO - Filling up the DagBag from /home/airflow/.local/lib/python3.6/site-packages/airflow/example_dags/example_kubernetes_executor_config.py
[2022-06-21 07:26:59,215] {scheduler_job.py:643} INFO - DAG(s) dict_keys(['example_kubernetes_executor_config']) retrieved from /home/airflow/.local/lib/python3.6/site-packages/airflow/example_dags/example_kubernetes_executor_config.py
[2022-06-21 07:26:59,251] {logging_mixin.py:104} INFO - [2022-06-21 07:26:59,251] {dag.py:1832} INFO - Sync 1 DAGs
[2022-06-21 07:26:59,294] {logging_mixin.py:104} INFO - [2022-06-21 07:26:59,294] {dag.py:2305} INFO - Setting next_dagrun for example_kubernetes_executor_config to None
[2022-06-21 07:26:59,346] {scheduler_job.py:190} INFO - Processing /home/airflow/.local/lib/python3.6/site-packages/airflow/example_dags/example_kubernetes_executor_config.py took 0.159 seconds
[2022-06-21 07:27:30,277] {scheduler_job.py:182} INFO - Started process (PID=290) to work on /home/airflow/.local/lib/python3.6/site-packages/airflow/example_dags/example_kubernetes_executor_config.py
[2022-06-21 07:27:30,279] {scheduler_job.py:633} INFO - Processing file /home/airflow/.local/lib/python3.6/site-packages/airflow/example_dags/example_kubernetes_executor_config.py for tasks to queue
[2022-06-21 07:27:30,281] {logging_mixin.py:104} INFO - [2022-06-21 07:27:30,281] {dagbag.py:487} INFO - Filling up the DagBag from /home/airflow/.local/lib/python3.6/site-packages/airflow/example_dags/example_kubernetes_executor_config.py
[2022-06-21 07:27:30,302] {scheduler_job.py:643} INFO - DAG(s) dict_keys(['example_kubernetes_executor_config']) retrieved from /home/airflow/.local/lib/python3.6/site-packages/airflow/example_dags/example_kubernetes_executor_config.py
[2022-06-21 07:27:30,327] {logging_mixin.py:104} INFO - [2022-06-21 07:27:30,327] {dag.py:1832} INFO - Sync 1 DAGs
[2022-06-21 07:27:30,344] {logging_mixin.py:104} INFO - [2022-06-21 07:27:30,344] {dag.py:2305} INFO - Setting next_dagrun for example_kubernetes_executor_config to None
[2022-06-21 07:27:30,355] {scheduler_job.py:190} INFO - Processing /home/airflow/.local/lib/python3.6/site-packages/airflow/example_dags/example_kubernetes_executor_config.py took 0.082 seconds
[2022-06-21 07:28:05,448] {scheduler_job.py:182} INFO - Started process (PID=337) to work on /home/airflow/.local/lib/python3.6/site-packages/airflow/example_dags/example_kubernetes_executor_config.py
[2022-06-21 07:28:05,454] {scheduler_job.py:633} INFO - Processing file /home/airflow/.local/lib/python3.6/site-packages/airflow/example_dags/example_kubernetes_executor_config.py for tasks to queue
[2022-06-21 07:28:05,459] {logging_mixin.py:104} INFO - [2022-06-21 07:28:05,458] {dagbag.py:487} INFO - Filling up the DagBag from /home/airflow/.local/lib/python3.6/site-packages/airflow/example_dags/example_kubernetes_executor_config.py
[2022-06-21 07:28:05,492] {scheduler_job.py:643} INFO - DAG(s) dict_keys(['example_kubernetes_executor_config']) retrieved from /home/airflow/.local/lib/python3.6/site-packages/airflow/example_dags/example_kubernetes_executor_config.py
[2022-06-21 07:28:05,533] {logging_mixin.py:104} INFO - [2022-06-21 07:28:05,533] {dag.py:1832} INFO - Sync 1 DAGs
[2022-06-21 07:28:05,563] {logging_mixin.py:104} INFO - [2022-06-21 07:28:05,563] {dag.py:2305} INFO - Setting next_dagrun for example_kubernetes_executor_config to None
[2022-06-21 07:28:05,575] {scheduler_job.py:190} INFO - Processing /home/airflow/.local/lib/python3.6/site-packages/airflow/example_dags/example_kubernetes_executor_config.py took 0.137 seconds
[2022-06-21 07:28:35,936] {scheduler_job.py:182} INFO - Started process (PID=397) to work on /home/airflow/.local/lib/python3.6/site-packages/airflow/example_dags/example_kubernetes_executor_config.py
[2022-06-21 07:28:35,938] {scheduler_job.py:633} INFO - Processing file /home/airflow/.local/lib/python3.6/site-packages/airflow/example_dags/example_kubernetes_executor_config.py for tasks to queue
[2022-06-21 07:28:35,939] {logging_mixin.py:104} INFO - [2022-06-21 07:28:35,939] {dagbag.py:487} INFO - Filling up the DagBag from /home/airflow/.local/lib/python3.6/site-packages/airflow/example_dags/example_kubernetes_executor_config.py
[2022-06-21 07:28:35,962] {scheduler_job.py:643} INFO - DAG(s) dict_keys(['example_kubernetes_executor_config']) retrieved from /home/airflow/.local/lib/python3.6/site-packages/airflow/example_dags/example_kubernetes_executor_config.py
[2022-06-21 07:28:35,992] {logging_mixin.py:104} INFO - [2022-06-21 07:28:35,992] {dag.py:1832} INFO - Sync 1 DAGs
[2022-06-21 07:28:36,011] {logging_mixin.py:104} INFO - [2022-06-21 07:28:36,011] {dag.py:2305} INFO - Setting next_dagrun for example_kubernetes_executor_config to None
[2022-06-21 07:28:36,027] {scheduler_job.py:190} INFO - Processing /home/airflow/.local/lib/python3.6/site-packages/airflow/example_dags/example_kubernetes_executor_config.py took 0.096 seconds
[2022-06-21 07:29:28,292] {scheduler_job.py:182} INFO - Started process (PID=53) to work on /home/airflow/.local/lib/python3.6/site-packages/airflow/example_dags/example_kubernetes_executor_config.py
[2022-06-21 07:29:28,295] {scheduler_job.py:633} INFO - Processing file /home/airflow/.local/lib/python3.6/site-packages/airflow/example_dags/example_kubernetes_executor_config.py for tasks to queue
[2022-06-21 07:29:28,297] {logging_mixin.py:104} INFO - [2022-06-21 07:29:28,297] {dagbag.py:487} INFO - Filling up the DagBag from /home/airflow/.local/lib/python3.6/site-packages/airflow/example_dags/example_kubernetes_executor_config.py
[2022-06-21 07:29:28,316] {scheduler_job.py:643} INFO - DAG(s) dict_keys(['example_kubernetes_executor_config']) retrieved from /home/airflow/.local/lib/python3.6/site-packages/airflow/example_dags/example_kubernetes_executor_config.py
[2022-06-21 07:29:28,344] {logging_mixin.py:104} INFO - [2022-06-21 07:29:28,344] {dag.py:1832} INFO - Sync 1 DAGs
[2022-06-21 07:29:28,360] {logging_mixin.py:104} INFO - [2022-06-21 07:29:28,359] {dag.py:2305} INFO - Setting next_dagrun for example_kubernetes_executor_config to None
[2022-06-21 07:29:28,386] {scheduler_job.py:190} INFO - Processing /home/airflow/.local/lib/python3.6/site-packages/airflow/example_dags/example_kubernetes_executor_config.py took 0.100 seconds
[2022-06-21 07:29:58,513] {scheduler_job.py:182} INFO - Started process (PID=128) to work on /home/airflow/.local/lib/python3.6/site-packages/airflow/example_dags/example_kubernetes_executor_config.py
[2022-06-21 07:29:58,515] {scheduler_job.py:633} INFO - Processing file /home/airflow/.local/lib/python3.6/site-packages/airflow/example_dags/example_kubernetes_executor_config.py for tasks to queue
[2022-06-21 07:29:58,516] {logging_mixin.py:104} INFO - [2022-06-21 07:29:58,516] {dagbag.py:487} INFO - Filling up the DagBag from /home/airflow/.local/lib/python3.6/site-packages/airflow/example_dags/example_kubernetes_executor_config.py
[2022-06-21 07:29:58,531] {scheduler_job.py:643} INFO - DAG(s) dict_keys(['example_kubernetes_executor_config']) retrieved from /home/airflow/.local/lib/python3.6/site-packages/airflow/example_dags/example_kubernetes_executor_config.py
[2022-06-21 07:29:58,557] {logging_mixin.py:104} INFO - [2022-06-21 07:29:58,557] {dag.py:1832} INFO - Sync 1 DAGs
[2022-06-21 07:29:58,571] {logging_mixin.py:104} INFO - [2022-06-21 07:29:58,571] {dag.py:2305} INFO - Setting next_dagrun for example_kubernetes_executor_config to None
[2022-06-21 07:29:58,580] {scheduler_job.py:190} INFO - Processing /home/airflow/.local/lib/python3.6/site-packages/airflow/example_dags/example_kubernetes_executor_config.py took 0.070 seconds
[2022-06-21 07:30:28,806] {scheduler_job.py:182} INFO - Started process (PID=190) to work on /home/airflow/.local/lib/python3.6/site-packages/airflow/example_dags/example_kubernetes_executor_config.py
[2022-06-21 07:30:28,808] {scheduler_job.py:633} INFO - Processing file /home/airflow/.local/lib/python3.6/site-packages/airflow/example_dags/example_kubernetes_executor_config.py for tasks to queue
[2022-06-21 07:30:28,809] {logging_mixin.py:104} INFO - [2022-06-21 07:30:28,809] {dagbag.py:487} INFO - Filling up the DagBag from /home/airflow/.local/lib/python3.6/site-packages/airflow/example_dags/example_kubernetes_executor_config.py
[2022-06-21 07:30:28,824] {scheduler_job.py:643} INFO - DAG(s) dict_keys(['example_kubernetes_executor_config']) retrieved from /home/airflow/.local/lib/python3.6/site-packages/airflow/example_dags/example_kubernetes_executor_config.py
[2022-06-21 07:30:28,853] {logging_mixin.py:104} INFO - [2022-06-21 07:30:28,853] {dag.py:1832} INFO - Sync 1 DAGs
[2022-06-21 07:30:28,871] {logging_mixin.py:104} INFO - [2022-06-21 07:30:28,871] {dag.py:2305} INFO - Setting next_dagrun for example_kubernetes_executor_config to None
[2022-06-21 07:30:28,879] {scheduler_job.py:190} INFO - Processing /home/airflow/.local/lib/python3.6/site-packages/airflow/example_dags/example_kubernetes_executor_config.py took 0.077 seconds
[2022-06-21 07:31:34,528] {scheduler_job.py:182} INFO - Started process (PID=69) to work on /home/airflow/.local/lib/python3.6/site-packages/airflow/example_dags/example_kubernetes_executor_config.py
[2022-06-21 07:31:34,532] {scheduler_job.py:633} INFO - Processing file /home/airflow/.local/lib/python3.6/site-packages/airflow/example_dags/example_kubernetes_executor_config.py for tasks to queue
[2022-06-21 07:31:34,535] {logging_mixin.py:104} INFO - [2022-06-21 07:31:34,535] {dagbag.py:487} INFO - Filling up the DagBag from /home/airflow/.local/lib/python3.6/site-packages/airflow/example_dags/example_kubernetes_executor_config.py
[2022-06-21 07:31:34,577] {scheduler_job.py:643} INFO - DAG(s) dict_keys(['example_kubernetes_executor_config']) retrieved from /home/airflow/.local/lib/python3.6/site-packages/airflow/example_dags/example_kubernetes_executor_config.py
[2022-06-21 07:31:34,613] {logging_mixin.py:104} INFO - [2022-06-21 07:31:34,613] {dag.py:1832} INFO - Sync 1 DAGs
[2022-06-21 07:31:34,635] {logging_mixin.py:104} INFO - [2022-06-21 07:31:34,635] {dag.py:2305} INFO - Setting next_dagrun for example_kubernetes_executor_config to None
[2022-06-21 07:31:34,653] {scheduler_job.py:190} INFO - Processing /home/airflow/.local/lib/python3.6/site-packages/airflow/example_dags/example_kubernetes_executor_config.py took 0.133 seconds
[2022-06-21 07:32:04,948] {scheduler_job.py:182} INFO - Started process (PID=132) to work on /home/airflow/.local/lib/python3.6/site-packages/airflow/example_dags/example_kubernetes_executor_config.py
[2022-06-21 07:32:04,950] {scheduler_job.py:633} INFO - Processing file /home/airflow/.local/lib/python3.6/site-packages/airflow/example_dags/example_kubernetes_executor_config.py for tasks to queue
[2022-06-21 07:32:04,953] {logging_mixin.py:104} INFO - [2022-06-21 07:32:04,953] {dagbag.py:487} INFO - Filling up the DagBag from /home/airflow/.local/lib/python3.6/site-packages/airflow/example_dags/example_kubernetes_executor_config.py
[2022-06-21 07:32:04,985] {scheduler_job.py:643} INFO - DAG(s) dict_keys(['example_kubernetes_executor_config']) retrieved from /home/airflow/.local/lib/python3.6/site-packages/airflow/example_dags/example_kubernetes_executor_config.py
[2022-06-21 07:32:05,018] {logging_mixin.py:104} INFO - [2022-06-21 07:32:05,018] {dag.py:1832} INFO - Sync 1 DAGs
[2022-06-21 07:32:05,038] {logging_mixin.py:104} INFO - [2022-06-21 07:32:05,038] {dag.py:2305} INFO - Setting next_dagrun for example_kubernetes_executor_config to None
[2022-06-21 07:32:05,054] {scheduler_job.py:190} INFO - Processing /home/airflow/.local/lib/python3.6/site-packages/airflow/example_dags/example_kubernetes_executor_config.py took 0.113 seconds
[2022-06-21 07:32:35,924] {scheduler_job.py:182} INFO - Started process (PID=212) to work on /home/airflow/.local/lib/python3.6/site-packages/airflow/example_dags/example_kubernetes_executor_config.py
[2022-06-21 07:32:35,926] {scheduler_job.py:633} INFO - Processing file /home/airflow/.local/lib/python3.6/site-packages/airflow/example_dags/example_kubernetes_executor_config.py for tasks to queue
[2022-06-21 07:32:35,928] {logging_mixin.py:104} INFO - [2022-06-21 07:32:35,928] {dagbag.py:487} INFO - Filling up the DagBag from /home/airflow/.local/lib/python3.6/site-packages/airflow/example_dags/example_kubernetes_executor_config.py
[2022-06-21 07:32:35,953] {scheduler_job.py:643} INFO - DAG(s) dict_keys(['example_kubernetes_executor_config']) retrieved from /home/airflow/.local/lib/python3.6/site-packages/airflow/example_dags/example_kubernetes_executor_config.py
[2022-06-21 07:32:35,981] {logging_mixin.py:104} INFO - [2022-06-21 07:32:35,980] {dag.py:1832} INFO - Sync 1 DAGs
[2022-06-21 07:32:36,000] {logging_mixin.py:104} INFO - [2022-06-21 07:32:36,000] {dag.py:2305} INFO - Setting next_dagrun for example_kubernetes_executor_config to None
[2022-06-21 07:32:36,013] {scheduler_job.py:190} INFO - Processing /home/airflow/.local/lib/python3.6/site-packages/airflow/example_dags/example_kubernetes_executor_config.py took 0.093 seconds
[2022-06-21 07:33:07,042] {scheduler_job.py:182} INFO - Started process (PID=282) to work on /home/airflow/.local/lib/python3.6/site-packages/airflow/example_dags/example_kubernetes_executor_config.py
[2022-06-21 07:33:07,044] {scheduler_job.py:633} INFO - Processing file /home/airflow/.local/lib/python3.6/site-packages/airflow/example_dags/example_kubernetes_executor_config.py for tasks to queue
[2022-06-21 07:33:07,046] {logging_mixin.py:104} INFO - [2022-06-21 07:33:07,045] {dagbag.py:487} INFO - Filling up the DagBag from /home/airflow/.local/lib/python3.6/site-packages/airflow/example_dags/example_kubernetes_executor_config.py
[2022-06-21 07:33:07,064] {scheduler_job.py:643} INFO - DAG(s) dict_keys(['example_kubernetes_executor_config']) retrieved from /home/airflow/.local/lib/python3.6/site-packages/airflow/example_dags/example_kubernetes_executor_config.py
[2022-06-21 07:33:07,088] {logging_mixin.py:104} INFO - [2022-06-21 07:33:07,088] {dag.py:1832} INFO - Sync 1 DAGs
[2022-06-21 07:33:07,104] {logging_mixin.py:104} INFO - [2022-06-21 07:33:07,104] {dag.py:2305} INFO - Setting next_dagrun for example_kubernetes_executor_config to None
[2022-06-21 07:33:07,113] {scheduler_job.py:190} INFO - Processing /home/airflow/.local/lib/python3.6/site-packages/airflow/example_dags/example_kubernetes_executor_config.py took 0.074 seconds
[2022-06-21 07:33:37,302] {scheduler_job.py:182} INFO - Started process (PID=359) to work on /home/airflow/.local/lib/python3.6/site-packages/airflow/example_dags/example_kubernetes_executor_config.py
[2022-06-21 07:33:37,304] {scheduler_job.py:633} INFO - Processing file /home/airflow/.local/lib/python3.6/site-packages/airflow/example_dags/example_kubernetes_executor_config.py for tasks to queue
[2022-06-21 07:33:37,305] {logging_mixin.py:104} INFO - [2022-06-21 07:33:37,305] {dagbag.py:487} INFO - Filling up the DagBag from /home/airflow/.local/lib/python3.6/site-packages/airflow/example_dags/example_kubernetes_executor_config.py
[2022-06-21 07:33:37,322] {scheduler_job.py:643} INFO - DAG(s) dict_keys(['example_kubernetes_executor_config']) retrieved from /home/airflow/.local/lib/python3.6/site-packages/airflow/example_dags/example_kubernetes_executor_config.py
[2022-06-21 07:33:37,344] {logging_mixin.py:104} INFO - [2022-06-21 07:33:37,344] {dag.py:1832} INFO - Sync 1 DAGs
[2022-06-21 07:33:37,359] {logging_mixin.py:104} INFO - [2022-06-21 07:33:37,359] {dag.py:2305} INFO - Setting next_dagrun for example_kubernetes_executor_config to None
[2022-06-21 07:33:37,368] {scheduler_job.py:190} INFO - Processing /home/airflow/.local/lib/python3.6/site-packages/airflow/example_dags/example_kubernetes_executor_config.py took 0.070 seconds
