[2022-06-21 06:58:22,907] {scheduler_job.py:182} INFO - Started process (PID=232) to work on /home/airflow/.local/lib/python3.6/site-packages/airflow/example_dags/example_branch_operator.py
[2022-06-21 06:58:22,910] {scheduler_job.py:633} INFO - Processing file /home/airflow/.local/lib/python3.6/site-packages/airflow/example_dags/example_branch_operator.py for tasks to queue
[2022-06-21 06:58:22,915] {logging_mixin.py:104} INFO - [2022-06-21 06:58:22,915] {dagbag.py:487} INFO - Filling up the DagBag from /home/airflow/.local/lib/python3.6/site-packages/airflow/example_dags/example_branch_operator.py
[2022-06-21 06:58:22,937] {scheduler_job.py:643} INFO - DAG(s) dict_keys(['example_branch_operator']) retrieved from /home/airflow/.local/lib/python3.6/site-packages/airflow/example_dags/example_branch_operator.py
[2022-06-21 06:58:45,830] {logging_mixin.py:104} INFO - [2022-06-21 06:58:45,827] {dag.py:1832} INFO - Sync 1 DAGs
[2022-06-21 06:58:45,851] {logging_mixin.py:104} INFO - [2022-06-21 06:58:45,849] {dag.py:1851} INFO - Creating ORM DAG for example_branch_operator
[2022-06-21 06:58:45,873] {logging_mixin.py:104} INFO - [2022-06-21 06:58:45,873] {dag.py:2305} INFO - Setting next_dagrun for example_branch_operator to 2022-06-19 00:00:00+00:00
[2022-06-21 06:58:45,922] {scheduler_job.py:190} INFO - Processing /home/airflow/.local/lib/python3.6/site-packages/airflow/example_dags/example_branch_operator.py took 23.057 seconds
[2022-06-21 06:59:16,762] {scheduler_job.py:182} INFO - Started process (PID=305) to work on /home/airflow/.local/lib/python3.6/site-packages/airflow/example_dags/example_branch_operator.py
[2022-06-21 06:59:16,765] {scheduler_job.py:633} INFO - Processing file /home/airflow/.local/lib/python3.6/site-packages/airflow/example_dags/example_branch_operator.py for tasks to queue
[2022-06-21 06:59:16,770] {logging_mixin.py:104} INFO - [2022-06-21 06:59:16,769] {dagbag.py:487} INFO - Filling up the DagBag from /home/airflow/.local/lib/python3.6/site-packages/airflow/example_dags/example_branch_operator.py
[2022-06-21 06:59:16,795] {scheduler_job.py:643} INFO - DAG(s) dict_keys(['example_branch_operator']) retrieved from /home/airflow/.local/lib/python3.6/site-packages/airflow/example_dags/example_branch_operator.py
[2022-06-21 06:59:16,847] {logging_mixin.py:104} INFO - [2022-06-21 06:59:16,847] {dag.py:1832} INFO - Sync 1 DAGs
[2022-06-21 06:59:16,877] {logging_mixin.py:104} INFO - [2022-06-21 06:59:16,877] {dag.py:2305} INFO - Setting next_dagrun for example_branch_operator to 2022-06-19 00:00:00+00:00
[2022-06-21 06:59:16,894] {scheduler_job.py:190} INFO - Processing /home/airflow/.local/lib/python3.6/site-packages/airflow/example_dags/example_branch_operator.py took 0.137 seconds
[2022-06-21 06:59:58,062] {scheduler_job.py:182} INFO - Started process (PID=377) to work on /home/airflow/.local/lib/python3.6/site-packages/airflow/example_dags/example_branch_operator.py
[2022-06-21 06:59:58,066] {scheduler_job.py:633} INFO - Processing file /home/airflow/.local/lib/python3.6/site-packages/airflow/example_dags/example_branch_operator.py for tasks to queue
[2022-06-21 06:59:58,068] {logging_mixin.py:104} INFO - [2022-06-21 06:59:58,067] {dagbag.py:487} INFO - Filling up the DagBag from /home/airflow/.local/lib/python3.6/site-packages/airflow/example_dags/example_branch_operator.py
[2022-06-21 06:59:58,097] {scheduler_job.py:643} INFO - DAG(s) dict_keys(['example_branch_operator']) retrieved from /home/airflow/.local/lib/python3.6/site-packages/airflow/example_dags/example_branch_operator.py
[2022-06-21 06:59:58,140] {logging_mixin.py:104} INFO - [2022-06-21 06:59:58,140] {dag.py:1832} INFO - Sync 1 DAGs
[2022-06-21 06:59:58,167] {logging_mixin.py:104} INFO - [2022-06-21 06:59:58,167] {dag.py:2305} INFO - Setting next_dagrun for example_branch_operator to 2022-06-19 00:00:00+00:00
[2022-06-21 06:59:58,184] {scheduler_job.py:190} INFO - Processing /home/airflow/.local/lib/python3.6/site-packages/airflow/example_dags/example_branch_operator.py took 0.126 seconds
[2022-06-21 07:00:29,169] {scheduler_job.py:182} INFO - Started process (PID=440) to work on /home/airflow/.local/lib/python3.6/site-packages/airflow/example_dags/example_branch_operator.py
[2022-06-21 07:00:29,172] {scheduler_job.py:633} INFO - Processing file /home/airflow/.local/lib/python3.6/site-packages/airflow/example_dags/example_branch_operator.py for tasks to queue
[2022-06-21 07:00:29,174] {logging_mixin.py:104} INFO - [2022-06-21 07:00:29,174] {dagbag.py:487} INFO - Filling up the DagBag from /home/airflow/.local/lib/python3.6/site-packages/airflow/example_dags/example_branch_operator.py
[2022-06-21 07:00:29,197] {scheduler_job.py:643} INFO - DAG(s) dict_keys(['example_branch_operator']) retrieved from /home/airflow/.local/lib/python3.6/site-packages/airflow/example_dags/example_branch_operator.py
[2022-06-21 07:00:29,228] {logging_mixin.py:104} INFO - [2022-06-21 07:00:29,228] {dag.py:1832} INFO - Sync 1 DAGs
[2022-06-21 07:00:29,251] {logging_mixin.py:104} INFO - [2022-06-21 07:00:29,251] {dag.py:2305} INFO - Setting next_dagrun for example_branch_operator to 2022-06-19 00:00:00+00:00
[2022-06-21 07:00:29,367] {scheduler_job.py:190} INFO - Processing /home/airflow/.local/lib/python3.6/site-packages/airflow/example_dags/example_branch_operator.py took 0.202 seconds
[2022-06-21 07:00:59,414] {scheduler_job.py:182} INFO - Started process (PID=501) to work on /home/airflow/.local/lib/python3.6/site-packages/airflow/example_dags/example_branch_operator.py
[2022-06-21 07:00:59,416] {scheduler_job.py:633} INFO - Processing file /home/airflow/.local/lib/python3.6/site-packages/airflow/example_dags/example_branch_operator.py for tasks to queue
[2022-06-21 07:00:59,417] {logging_mixin.py:104} INFO - [2022-06-21 07:00:59,417] {dagbag.py:487} INFO - Filling up the DagBag from /home/airflow/.local/lib/python3.6/site-packages/airflow/example_dags/example_branch_operator.py
[2022-06-21 07:00:59,436] {scheduler_job.py:643} INFO - DAG(s) dict_keys(['example_branch_operator']) retrieved from /home/airflow/.local/lib/python3.6/site-packages/airflow/example_dags/example_branch_operator.py
[2022-06-21 07:00:59,464] {logging_mixin.py:104} INFO - [2022-06-21 07:00:59,464] {dag.py:1832} INFO - Sync 1 DAGs
[2022-06-21 07:00:59,484] {logging_mixin.py:104} INFO - [2022-06-21 07:00:59,484] {dag.py:2305} INFO - Setting next_dagrun for example_branch_operator to 2022-06-19 00:00:00+00:00
[2022-06-21 07:00:59,599] {scheduler_job.py:190} INFO - Processing /home/airflow/.local/lib/python3.6/site-packages/airflow/example_dags/example_branch_operator.py took 0.190 seconds
[2022-06-21 07:01:30,480] {scheduler_job.py:182} INFO - Started process (PID=557) to work on /home/airflow/.local/lib/python3.6/site-packages/airflow/example_dags/example_branch_operator.py
[2022-06-21 07:01:30,486] {scheduler_job.py:633} INFO - Processing file /home/airflow/.local/lib/python3.6/site-packages/airflow/example_dags/example_branch_operator.py for tasks to queue
[2022-06-21 07:01:30,491] {logging_mixin.py:104} INFO - [2022-06-21 07:01:30,491] {dagbag.py:487} INFO - Filling up the DagBag from /home/airflow/.local/lib/python3.6/site-packages/airflow/example_dags/example_branch_operator.py
[2022-06-21 07:01:30,535] {scheduler_job.py:643} INFO - DAG(s) dict_keys(['example_branch_operator']) retrieved from /home/airflow/.local/lib/python3.6/site-packages/airflow/example_dags/example_branch_operator.py
[2022-06-21 07:01:30,587] {logging_mixin.py:104} INFO - [2022-06-21 07:01:30,586] {dag.py:1832} INFO - Sync 1 DAGs
[2022-06-21 07:01:30,608] {logging_mixin.py:104} INFO - [2022-06-21 07:01:30,608] {dag.py:2305} INFO - Setting next_dagrun for example_branch_operator to 2022-06-19 00:00:00+00:00
[2022-06-21 07:01:30,783] {scheduler_job.py:190} INFO - Processing /home/airflow/.local/lib/python3.6/site-packages/airflow/example_dags/example_branch_operator.py took 0.312 seconds
[2022-06-21 07:05:04,461] {scheduler_job.py:182} INFO - Started process (PID=89) to work on /home/airflow/.local/lib/python3.6/site-packages/airflow/example_dags/example_branch_operator.py
[2022-06-21 07:05:04,463] {scheduler_job.py:633} INFO - Processing file /home/airflow/.local/lib/python3.6/site-packages/airflow/example_dags/example_branch_operator.py for tasks to queue
[2022-06-21 07:05:04,464] {logging_mixin.py:104} INFO - [2022-06-21 07:05:04,464] {dagbag.py:487} INFO - Filling up the DagBag from /home/airflow/.local/lib/python3.6/site-packages/airflow/example_dags/example_branch_operator.py
[2022-06-21 07:05:04,502] {scheduler_job.py:643} INFO - DAG(s) dict_keys(['example_branch_operator']) retrieved from /home/airflow/.local/lib/python3.6/site-packages/airflow/example_dags/example_branch_operator.py
[2022-06-21 07:05:04,541] {logging_mixin.py:104} INFO - [2022-06-21 07:05:04,541] {dag.py:1832} INFO - Sync 1 DAGs
[2022-06-21 07:05:04,565] {logging_mixin.py:104} INFO - [2022-06-21 07:05:04,565] {dag.py:2305} INFO - Setting next_dagrun for example_branch_operator to 2022-06-19 00:00:00+00:00
[2022-06-21 07:05:04,576] {scheduler_job.py:190} INFO - Processing /home/airflow/.local/lib/python3.6/site-packages/airflow/example_dags/example_branch_operator.py took 0.122 seconds
[2022-06-21 07:05:40,983] {scheduler_job.py:182} INFO - Started process (PID=152) to work on /home/airflow/.local/lib/python3.6/site-packages/airflow/example_dags/example_branch_operator.py
[2022-06-21 07:05:40,986] {scheduler_job.py:633} INFO - Processing file /home/airflow/.local/lib/python3.6/site-packages/airflow/example_dags/example_branch_operator.py for tasks to queue
[2022-06-21 07:05:40,994] {logging_mixin.py:104} INFO - [2022-06-21 07:05:40,994] {dagbag.py:487} INFO - Filling up the DagBag from /home/airflow/.local/lib/python3.6/site-packages/airflow/example_dags/example_branch_operator.py
[2022-06-21 07:05:41,025] {scheduler_job.py:643} INFO - DAG(s) dict_keys(['example_branch_operator']) retrieved from /home/airflow/.local/lib/python3.6/site-packages/airflow/example_dags/example_branch_operator.py
[2022-06-21 07:05:41,064] {logging_mixin.py:104} INFO - [2022-06-21 07:05:41,064] {dag.py:1832} INFO - Sync 1 DAGs
[2022-06-21 07:05:41,096] {logging_mixin.py:104} INFO - [2022-06-21 07:05:41,095] {dag.py:2305} INFO - Setting next_dagrun for example_branch_operator to 2022-06-19 00:00:00+00:00
[2022-06-21 07:05:41,115] {scheduler_job.py:190} INFO - Processing /home/airflow/.local/lib/python3.6/site-packages/airflow/example_dags/example_branch_operator.py took 0.136 seconds
[2022-06-21 07:06:15,248] {scheduler_job.py:182} INFO - Started process (PID=216) to work on /home/airflow/.local/lib/python3.6/site-packages/airflow/example_dags/example_branch_operator.py
[2022-06-21 07:06:15,250] {scheduler_job.py:633} INFO - Processing file /home/airflow/.local/lib/python3.6/site-packages/airflow/example_dags/example_branch_operator.py for tasks to queue
[2022-06-21 07:06:15,252] {logging_mixin.py:104} INFO - [2022-06-21 07:06:15,251] {dagbag.py:487} INFO - Filling up the DagBag from /home/airflow/.local/lib/python3.6/site-packages/airflow/example_dags/example_branch_operator.py
[2022-06-21 07:06:15,286] {scheduler_job.py:643} INFO - DAG(s) dict_keys(['example_branch_operator']) retrieved from /home/airflow/.local/lib/python3.6/site-packages/airflow/example_dags/example_branch_operator.py
[2022-06-21 07:06:15,325] {logging_mixin.py:104} INFO - [2022-06-21 07:06:15,325] {dag.py:1832} INFO - Sync 1 DAGs
[2022-06-21 07:06:15,345] {logging_mixin.py:104} INFO - [2022-06-21 07:06:15,345] {dag.py:2305} INFO - Setting next_dagrun for example_branch_operator to 2022-06-19 00:00:00+00:00
[2022-06-21 07:06:15,356] {scheduler_job.py:190} INFO - Processing /home/airflow/.local/lib/python3.6/site-packages/airflow/example_dags/example_branch_operator.py took 0.112 seconds
[2022-06-21 07:06:46,678] {scheduler_job.py:182} INFO - Started process (PID=278) to work on /home/airflow/.local/lib/python3.6/site-packages/airflow/example_dags/example_branch_operator.py
[2022-06-21 07:06:46,680] {scheduler_job.py:633} INFO - Processing file /home/airflow/.local/lib/python3.6/site-packages/airflow/example_dags/example_branch_operator.py for tasks to queue
[2022-06-21 07:06:46,682] {logging_mixin.py:104} INFO - [2022-06-21 07:06:46,682] {dagbag.py:487} INFO - Filling up the DagBag from /home/airflow/.local/lib/python3.6/site-packages/airflow/example_dags/example_branch_operator.py
[2022-06-21 07:06:46,709] {scheduler_job.py:643} INFO - DAG(s) dict_keys(['example_branch_operator']) retrieved from /home/airflow/.local/lib/python3.6/site-packages/airflow/example_dags/example_branch_operator.py
[2022-06-21 07:06:46,742] {logging_mixin.py:104} INFO - [2022-06-21 07:06:46,742] {dag.py:1832} INFO - Sync 1 DAGs
[2022-06-21 07:06:46,769] {logging_mixin.py:104} INFO - [2022-06-21 07:06:46,769] {dag.py:2305} INFO - Setting next_dagrun for example_branch_operator to 2022-06-19 00:00:00+00:00
[2022-06-21 07:06:46,785] {scheduler_job.py:190} INFO - Processing /home/airflow/.local/lib/python3.6/site-packages/airflow/example_dags/example_branch_operator.py took 0.111 seconds
[2022-06-21 07:07:24,755] {scheduler_job.py:182} INFO - Started process (PID=324) to work on /home/airflow/.local/lib/python3.6/site-packages/airflow/example_dags/example_branch_operator.py
[2022-06-21 07:07:24,758] {scheduler_job.py:633} INFO - Processing file /home/airflow/.local/lib/python3.6/site-packages/airflow/example_dags/example_branch_operator.py for tasks to queue
[2022-06-21 07:07:24,759] {logging_mixin.py:104} INFO - [2022-06-21 07:07:24,759] {dagbag.py:487} INFO - Filling up the DagBag from /home/airflow/.local/lib/python3.6/site-packages/airflow/example_dags/example_branch_operator.py
[2022-06-21 07:07:24,782] {scheduler_job.py:643} INFO - DAG(s) dict_keys(['example_branch_operator']) retrieved from /home/airflow/.local/lib/python3.6/site-packages/airflow/example_dags/example_branch_operator.py
[2022-06-21 07:07:24,813] {logging_mixin.py:104} INFO - [2022-06-21 07:07:24,813] {dag.py:1832} INFO - Sync 1 DAGs
[2022-06-21 07:07:24,836] {logging_mixin.py:104} INFO - [2022-06-21 07:07:24,836] {dag.py:2305} INFO - Setting next_dagrun for example_branch_operator to 2022-06-19 00:00:00+00:00
[2022-06-21 07:07:24,851] {scheduler_job.py:190} INFO - Processing /home/airflow/.local/lib/python3.6/site-packages/airflow/example_dags/example_branch_operator.py took 0.100 seconds
[2022-06-21 07:07:55,924] {scheduler_job.py:182} INFO - Started process (PID=386) to work on /home/airflow/.local/lib/python3.6/site-packages/airflow/example_dags/example_branch_operator.py
[2022-06-21 07:07:55,926] {scheduler_job.py:633} INFO - Processing file /home/airflow/.local/lib/python3.6/site-packages/airflow/example_dags/example_branch_operator.py for tasks to queue
[2022-06-21 07:07:55,928] {logging_mixin.py:104} INFO - [2022-06-21 07:07:55,928] {dagbag.py:487} INFO - Filling up the DagBag from /home/airflow/.local/lib/python3.6/site-packages/airflow/example_dags/example_branch_operator.py
[2022-06-21 07:07:55,950] {scheduler_job.py:643} INFO - DAG(s) dict_keys(['example_branch_operator']) retrieved from /home/airflow/.local/lib/python3.6/site-packages/airflow/example_dags/example_branch_operator.py
[2022-06-21 07:07:55,973] {logging_mixin.py:104} INFO - [2022-06-21 07:07:55,973] {dag.py:1832} INFO - Sync 1 DAGs
[2022-06-21 07:07:55,997] {logging_mixin.py:104} INFO - [2022-06-21 07:07:55,997] {dag.py:2305} INFO - Setting next_dagrun for example_branch_operator to 2022-06-19 00:00:00+00:00
[2022-06-21 07:07:56,010] {scheduler_job.py:190} INFO - Processing /home/airflow/.local/lib/python3.6/site-packages/airflow/example_dags/example_branch_operator.py took 0.090 seconds
[2022-06-21 07:08:26,602] {scheduler_job.py:182} INFO - Started process (PID=465) to work on /home/airflow/.local/lib/python3.6/site-packages/airflow/example_dags/example_branch_operator.py
[2022-06-21 07:08:26,604] {scheduler_job.py:633} INFO - Processing file /home/airflow/.local/lib/python3.6/site-packages/airflow/example_dags/example_branch_operator.py for tasks to queue
[2022-06-21 07:08:26,606] {logging_mixin.py:104} INFO - [2022-06-21 07:08:26,605] {dagbag.py:487} INFO - Filling up the DagBag from /home/airflow/.local/lib/python3.6/site-packages/airflow/example_dags/example_branch_operator.py
[2022-06-21 07:08:26,627] {scheduler_job.py:643} INFO - DAG(s) dict_keys(['example_branch_operator']) retrieved from /home/airflow/.local/lib/python3.6/site-packages/airflow/example_dags/example_branch_operator.py
[2022-06-21 07:08:26,652] {logging_mixin.py:104} INFO - [2022-06-21 07:08:26,652] {dag.py:1832} INFO - Sync 1 DAGs
[2022-06-21 07:08:26,673] {logging_mixin.py:104} INFO - [2022-06-21 07:08:26,673] {dag.py:2305} INFO - Setting next_dagrun for example_branch_operator to 2022-06-19 00:00:00+00:00
[2022-06-21 07:08:26,685] {scheduler_job.py:190} INFO - Processing /home/airflow/.local/lib/python3.6/site-packages/airflow/example_dags/example_branch_operator.py took 0.087 seconds
[2022-06-21 07:08:57,183] {scheduler_job.py:182} INFO - Started process (PID=527) to work on /home/airflow/.local/lib/python3.6/site-packages/airflow/example_dags/example_branch_operator.py
[2022-06-21 07:08:57,186] {scheduler_job.py:633} INFO - Processing file /home/airflow/.local/lib/python3.6/site-packages/airflow/example_dags/example_branch_operator.py for tasks to queue
[2022-06-21 07:08:57,189] {logging_mixin.py:104} INFO - [2022-06-21 07:08:57,189] {dagbag.py:487} INFO - Filling up the DagBag from /home/airflow/.local/lib/python3.6/site-packages/airflow/example_dags/example_branch_operator.py
[2022-06-21 07:08:57,226] {scheduler_job.py:643} INFO - DAG(s) dict_keys(['example_branch_operator']) retrieved from /home/airflow/.local/lib/python3.6/site-packages/airflow/example_dags/example_branch_operator.py
[2022-06-21 07:08:57,261] {logging_mixin.py:104} INFO - [2022-06-21 07:08:57,261] {dag.py:1832} INFO - Sync 1 DAGs
[2022-06-21 07:08:57,285] {logging_mixin.py:104} INFO - [2022-06-21 07:08:57,285] {dag.py:2305} INFO - Setting next_dagrun for example_branch_operator to 2022-06-19 00:00:00+00:00
[2022-06-21 07:08:57,302] {scheduler_job.py:190} INFO - Processing /home/airflow/.local/lib/python3.6/site-packages/airflow/example_dags/example_branch_operator.py took 0.128 seconds
[2022-06-21 07:11:18,873] {scheduler_job.py:182} INFO - Started process (PID=89) to work on /home/airflow/.local/lib/python3.6/site-packages/airflow/example_dags/example_branch_operator.py
[2022-06-21 07:11:18,894] {scheduler_job.py:633} INFO - Processing file /home/airflow/.local/lib/python3.6/site-packages/airflow/example_dags/example_branch_operator.py for tasks to queue
[2022-06-21 07:11:18,895] {logging_mixin.py:104} INFO - [2022-06-21 07:11:18,895] {dagbag.py:487} INFO - Filling up the DagBag from /home/airflow/.local/lib/python3.6/site-packages/airflow/example_dags/example_branch_operator.py
[2022-06-21 07:11:18,924] {scheduler_job.py:643} INFO - DAG(s) dict_keys(['example_branch_operator']) retrieved from /home/airflow/.local/lib/python3.6/site-packages/airflow/example_dags/example_branch_operator.py
[2022-06-21 07:11:18,954] {logging_mixin.py:104} INFO - [2022-06-21 07:11:18,954] {dag.py:1832} INFO - Sync 1 DAGs
[2022-06-21 07:11:18,976] {logging_mixin.py:104} INFO - [2022-06-21 07:11:18,976] {dag.py:2305} INFO - Setting next_dagrun for example_branch_operator to 2022-06-19 00:00:00+00:00
[2022-06-21 07:11:18,988] {scheduler_job.py:190} INFO - Processing /home/airflow/.local/lib/python3.6/site-packages/airflow/example_dags/example_branch_operator.py took 0.120 seconds
[2022-06-21 07:11:49,284] {scheduler_job.py:182} INFO - Started process (PID=146) to work on /home/airflow/.local/lib/python3.6/site-packages/airflow/example_dags/example_branch_operator.py
[2022-06-21 07:11:49,287] {scheduler_job.py:633} INFO - Processing file /home/airflow/.local/lib/python3.6/site-packages/airflow/example_dags/example_branch_operator.py for tasks to queue
[2022-06-21 07:11:49,289] {logging_mixin.py:104} INFO - [2022-06-21 07:11:49,288] {dagbag.py:487} INFO - Filling up the DagBag from /home/airflow/.local/lib/python3.6/site-packages/airflow/example_dags/example_branch_operator.py
[2022-06-21 07:11:49,312] {scheduler_job.py:643} INFO - DAG(s) dict_keys(['example_branch_operator']) retrieved from /home/airflow/.local/lib/python3.6/site-packages/airflow/example_dags/example_branch_operator.py
[2022-06-21 07:11:49,339] {logging_mixin.py:104} INFO - [2022-06-21 07:11:49,338] {dag.py:1832} INFO - Sync 1 DAGs
[2022-06-21 07:11:49,361] {logging_mixin.py:104} INFO - [2022-06-21 07:11:49,361] {dag.py:2305} INFO - Setting next_dagrun for example_branch_operator to 2022-06-19 00:00:00+00:00
[2022-06-21 07:11:49,376] {scheduler_job.py:190} INFO - Processing /home/airflow/.local/lib/python3.6/site-packages/airflow/example_dags/example_branch_operator.py took 0.097 seconds
[2022-06-21 07:12:19,778] {scheduler_job.py:182} INFO - Started process (PID=182) to work on /home/airflow/.local/lib/python3.6/site-packages/airflow/example_dags/example_branch_operator.py
[2022-06-21 07:12:19,780] {scheduler_job.py:633} INFO - Processing file /home/airflow/.local/lib/python3.6/site-packages/airflow/example_dags/example_branch_operator.py for tasks to queue
[2022-06-21 07:12:19,781] {logging_mixin.py:104} INFO - [2022-06-21 07:12:19,781] {dagbag.py:487} INFO - Filling up the DagBag from /home/airflow/.local/lib/python3.6/site-packages/airflow/example_dags/example_branch_operator.py
[2022-06-21 07:12:19,804] {scheduler_job.py:643} INFO - DAG(s) dict_keys(['example_branch_operator']) retrieved from /home/airflow/.local/lib/python3.6/site-packages/airflow/example_dags/example_branch_operator.py
[2022-06-21 07:12:19,835] {logging_mixin.py:104} INFO - [2022-06-21 07:12:19,834] {dag.py:1832} INFO - Sync 1 DAGs
[2022-06-21 07:12:19,855] {logging_mixin.py:104} INFO - [2022-06-21 07:12:19,855] {dag.py:2305} INFO - Setting next_dagrun for example_branch_operator to 2022-06-19 00:00:00+00:00
[2022-06-21 07:12:19,867] {scheduler_job.py:190} INFO - Processing /home/airflow/.local/lib/python3.6/site-packages/airflow/example_dags/example_branch_operator.py took 0.093 seconds
[2022-06-21 07:12:59,824] {scheduler_job.py:182} INFO - Started process (PID=239) to work on /home/airflow/.local/lib/python3.6/site-packages/airflow/example_dags/example_branch_operator.py
[2022-06-21 07:12:59,826] {scheduler_job.py:633} INFO - Processing file /home/airflow/.local/lib/python3.6/site-packages/airflow/example_dags/example_branch_operator.py for tasks to queue
[2022-06-21 07:12:59,828] {logging_mixin.py:104} INFO - [2022-06-21 07:12:59,828] {dagbag.py:487} INFO - Filling up the DagBag from /home/airflow/.local/lib/python3.6/site-packages/airflow/example_dags/example_branch_operator.py
[2022-06-21 07:12:59,857] {scheduler_job.py:643} INFO - DAG(s) dict_keys(['example_branch_operator']) retrieved from /home/airflow/.local/lib/python3.6/site-packages/airflow/example_dags/example_branch_operator.py
[2022-06-21 07:12:59,886] {logging_mixin.py:104} INFO - [2022-06-21 07:12:59,886] {dag.py:1832} INFO - Sync 1 DAGs
[2022-06-21 07:12:59,911] {logging_mixin.py:104} INFO - [2022-06-21 07:12:59,910] {dag.py:2305} INFO - Setting next_dagrun for example_branch_operator to 2022-06-19 00:00:00+00:00
[2022-06-21 07:12:59,944] {scheduler_job.py:190} INFO - Processing /home/airflow/.local/lib/python3.6/site-packages/airflow/example_dags/example_branch_operator.py took 0.124 seconds
[2022-06-21 07:14:43,619] {scheduler_job.py:182} INFO - Started process (PID=291) to work on /home/airflow/.local/lib/python3.6/site-packages/airflow/example_dags/example_branch_operator.py
[2022-06-21 07:14:43,621] {scheduler_job.py:633} INFO - Processing file /home/airflow/.local/lib/python3.6/site-packages/airflow/example_dags/example_branch_operator.py for tasks to queue
[2022-06-21 07:14:43,623] {logging_mixin.py:104} INFO - [2022-06-21 07:14:43,623] {dagbag.py:487} INFO - Filling up the DagBag from /home/airflow/.local/lib/python3.6/site-packages/airflow/example_dags/example_branch_operator.py
[2022-06-21 07:14:43,641] {scheduler_job.py:643} INFO - DAG(s) dict_keys(['example_branch_operator']) retrieved from /home/airflow/.local/lib/python3.6/site-packages/airflow/example_dags/example_branch_operator.py
[2022-06-21 07:14:43,672] {logging_mixin.py:104} INFO - [2022-06-21 07:14:43,672] {dag.py:1832} INFO - Sync 1 DAGs
[2022-06-21 07:14:43,689] {logging_mixin.py:104} INFO - [2022-06-21 07:14:43,689] {dag.py:2305} INFO - Setting next_dagrun for example_branch_operator to 2022-06-19 00:00:00+00:00
[2022-06-21 07:14:43,701] {scheduler_job.py:190} INFO - Processing /home/airflow/.local/lib/python3.6/site-packages/airflow/example_dags/example_branch_operator.py took 0.086 seconds
[2022-06-21 07:15:35,368] {scheduler_job.py:182} INFO - Started process (PID=337) to work on /home/airflow/.local/lib/python3.6/site-packages/airflow/example_dags/example_branch_operator.py
[2022-06-21 07:15:35,370] {scheduler_job.py:633} INFO - Processing file /home/airflow/.local/lib/python3.6/site-packages/airflow/example_dags/example_branch_operator.py for tasks to queue
[2022-06-21 07:15:35,371] {logging_mixin.py:104} INFO - [2022-06-21 07:15:35,371] {dagbag.py:487} INFO - Filling up the DagBag from /home/airflow/.local/lib/python3.6/site-packages/airflow/example_dags/example_branch_operator.py
[2022-06-21 07:15:35,389] {scheduler_job.py:643} INFO - DAG(s) dict_keys(['example_branch_operator']) retrieved from /home/airflow/.local/lib/python3.6/site-packages/airflow/example_dags/example_branch_operator.py
[2022-06-21 07:15:35,416] {logging_mixin.py:104} INFO - [2022-06-21 07:15:35,416] {dag.py:1832} INFO - Sync 1 DAGs
[2022-06-21 07:15:35,431] {logging_mixin.py:104} INFO - [2022-06-21 07:15:35,430] {dag.py:2305} INFO - Setting next_dagrun for example_branch_operator to 2022-06-19 00:00:00+00:00
[2022-06-21 07:15:35,442] {scheduler_job.py:190} INFO - Processing /home/airflow/.local/lib/python3.6/site-packages/airflow/example_dags/example_branch_operator.py took 0.078 seconds
[2022-06-21 07:16:11,421] {scheduler_job.py:182} INFO - Started process (PID=401) to work on /home/airflow/.local/lib/python3.6/site-packages/airflow/example_dags/example_branch_operator.py
[2022-06-21 07:16:11,423] {scheduler_job.py:633} INFO - Processing file /home/airflow/.local/lib/python3.6/site-packages/airflow/example_dags/example_branch_operator.py for tasks to queue
[2022-06-21 07:16:11,424] {logging_mixin.py:104} INFO - [2022-06-21 07:16:11,424] {dagbag.py:487} INFO - Filling up the DagBag from /home/airflow/.local/lib/python3.6/site-packages/airflow/example_dags/example_branch_operator.py
[2022-06-21 07:16:11,445] {scheduler_job.py:643} INFO - DAG(s) dict_keys(['example_branch_operator']) retrieved from /home/airflow/.local/lib/python3.6/site-packages/airflow/example_dags/example_branch_operator.py
[2022-06-21 07:16:11,474] {logging_mixin.py:104} INFO - [2022-06-21 07:16:11,474] {dag.py:1832} INFO - Sync 1 DAGs
[2022-06-21 07:16:11,491] {logging_mixin.py:104} INFO - [2022-06-21 07:16:11,491] {dag.py:2305} INFO - Setting next_dagrun for example_branch_operator to 2022-06-19 00:00:00+00:00
[2022-06-21 07:16:11,505] {scheduler_job.py:190} INFO - Processing /home/airflow/.local/lib/python3.6/site-packages/airflow/example_dags/example_branch_operator.py took 0.088 seconds
[2022-06-21 07:16:50,725] {scheduler_job.py:182} INFO - Started process (PID=463) to work on /home/airflow/.local/lib/python3.6/site-packages/airflow/example_dags/example_branch_operator.py
[2022-06-21 07:16:50,728] {scheduler_job.py:633} INFO - Processing file /home/airflow/.local/lib/python3.6/site-packages/airflow/example_dags/example_branch_operator.py for tasks to queue
[2022-06-21 07:16:50,731] {logging_mixin.py:104} INFO - [2022-06-21 07:16:50,731] {dagbag.py:487} INFO - Filling up the DagBag from /home/airflow/.local/lib/python3.6/site-packages/airflow/example_dags/example_branch_operator.py
[2022-06-21 07:16:50,755] {scheduler_job.py:643} INFO - DAG(s) dict_keys(['example_branch_operator']) retrieved from /home/airflow/.local/lib/python3.6/site-packages/airflow/example_dags/example_branch_operator.py
[2022-06-21 07:16:50,789] {logging_mixin.py:104} INFO - [2022-06-21 07:16:50,789] {dag.py:1832} INFO - Sync 1 DAGs
[2022-06-21 07:16:50,811] {logging_mixin.py:104} INFO - [2022-06-21 07:16:50,811] {dag.py:2305} INFO - Setting next_dagrun for example_branch_operator to 2022-06-19 00:00:00+00:00
[2022-06-21 07:16:50,827] {scheduler_job.py:190} INFO - Processing /home/airflow/.local/lib/python3.6/site-packages/airflow/example_dags/example_branch_operator.py took 0.107 seconds
[2022-06-21 07:17:21,821] {scheduler_job.py:182} INFO - Started process (PID=515) to work on /home/airflow/.local/lib/python3.6/site-packages/airflow/example_dags/example_branch_operator.py
[2022-06-21 07:17:21,823] {scheduler_job.py:633} INFO - Processing file /home/airflow/.local/lib/python3.6/site-packages/airflow/example_dags/example_branch_operator.py for tasks to queue
[2022-06-21 07:17:21,824] {logging_mixin.py:104} INFO - [2022-06-21 07:17:21,824] {dagbag.py:487} INFO - Filling up the DagBag from /home/airflow/.local/lib/python3.6/site-packages/airflow/example_dags/example_branch_operator.py
[2022-06-21 07:17:21,843] {scheduler_job.py:643} INFO - DAG(s) dict_keys(['example_branch_operator']) retrieved from /home/airflow/.local/lib/python3.6/site-packages/airflow/example_dags/example_branch_operator.py
[2022-06-21 07:17:21,869] {logging_mixin.py:104} INFO - [2022-06-21 07:17:21,869] {dag.py:1832} INFO - Sync 1 DAGs
[2022-06-21 07:17:21,888] {logging_mixin.py:104} INFO - [2022-06-21 07:17:21,888] {dag.py:2305} INFO - Setting next_dagrun for example_branch_operator to 2022-06-19 00:00:00+00:00
[2022-06-21 07:17:21,907] {scheduler_job.py:190} INFO - Processing /home/airflow/.local/lib/python3.6/site-packages/airflow/example_dags/example_branch_operator.py took 0.090 seconds
[2022-06-21 07:20:43,146] {scheduler_job.py:182} INFO - Started process (PID=88) to work on /home/airflow/.local/lib/python3.6/site-packages/airflow/example_dags/example_branch_operator.py
[2022-06-21 07:20:43,148] {scheduler_job.py:633} INFO - Processing file /home/airflow/.local/lib/python3.6/site-packages/airflow/example_dags/example_branch_operator.py for tasks to queue
[2022-06-21 07:20:43,150] {logging_mixin.py:104} INFO - [2022-06-21 07:20:43,150] {dagbag.py:487} INFO - Filling up the DagBag from /home/airflow/.local/lib/python3.6/site-packages/airflow/example_dags/example_branch_operator.py
[2022-06-21 07:20:43,175] {scheduler_job.py:643} INFO - DAG(s) dict_keys(['example_branch_operator']) retrieved from /home/airflow/.local/lib/python3.6/site-packages/airflow/example_dags/example_branch_operator.py
[2022-06-21 07:20:43,198] {logging_mixin.py:104} INFO - [2022-06-21 07:20:43,198] {dag.py:1832} INFO - Sync 1 DAGs
[2022-06-21 07:20:43,224] {logging_mixin.py:104} INFO - [2022-06-21 07:20:43,224] {dag.py:2305} INFO - Setting next_dagrun for example_branch_operator to 2022-06-19 00:00:00+00:00
[2022-06-21 07:20:43,248] {scheduler_job.py:190} INFO - Processing /home/airflow/.local/lib/python3.6/site-packages/airflow/example_dags/example_branch_operator.py took 0.106 seconds
[2022-06-21 07:21:18,350] {scheduler_job.py:182} INFO - Started process (PID=136) to work on /home/airflow/.local/lib/python3.6/site-packages/airflow/example_dags/example_branch_operator.py
[2022-06-21 07:21:18,352] {scheduler_job.py:633} INFO - Processing file /home/airflow/.local/lib/python3.6/site-packages/airflow/example_dags/example_branch_operator.py for tasks to queue
[2022-06-21 07:21:18,354] {logging_mixin.py:104} INFO - [2022-06-21 07:21:18,354] {dagbag.py:487} INFO - Filling up the DagBag from /home/airflow/.local/lib/python3.6/site-packages/airflow/example_dags/example_branch_operator.py
[2022-06-21 07:21:18,401] {scheduler_job.py:643} INFO - DAG(s) dict_keys(['example_branch_operator']) retrieved from /home/airflow/.local/lib/python3.6/site-packages/airflow/example_dags/example_branch_operator.py
[2022-06-21 07:21:18,465] {logging_mixin.py:104} INFO - [2022-06-21 07:21:18,464] {dag.py:1832} INFO - Sync 1 DAGs
[2022-06-21 07:21:18,489] {logging_mixin.py:104} INFO - [2022-06-21 07:21:18,489] {dag.py:2305} INFO - Setting next_dagrun for example_branch_operator to 2022-06-19 00:00:00+00:00
[2022-06-21 07:21:18,542] {scheduler_job.py:190} INFO - Processing /home/airflow/.local/lib/python3.6/site-packages/airflow/example_dags/example_branch_operator.py took 0.196 seconds
[2022-06-21 07:21:50,519] {scheduler_job.py:182} INFO - Started process (PID=197) to work on /home/airflow/.local/lib/python3.6/site-packages/airflow/example_dags/example_branch_operator.py
[2022-06-21 07:21:50,522] {scheduler_job.py:633} INFO - Processing file /home/airflow/.local/lib/python3.6/site-packages/airflow/example_dags/example_branch_operator.py for tasks to queue
[2022-06-21 07:21:50,524] {logging_mixin.py:104} INFO - [2022-06-21 07:21:50,523] {dagbag.py:487} INFO - Filling up the DagBag from /home/airflow/.local/lib/python3.6/site-packages/airflow/example_dags/example_branch_operator.py
[2022-06-21 07:21:50,547] {scheduler_job.py:643} INFO - DAG(s) dict_keys(['example_branch_operator']) retrieved from /home/airflow/.local/lib/python3.6/site-packages/airflow/example_dags/example_branch_operator.py
[2022-06-21 07:21:50,582] {logging_mixin.py:104} INFO - [2022-06-21 07:21:50,582] {dag.py:1832} INFO - Sync 1 DAGs
[2022-06-21 07:21:50,601] {logging_mixin.py:104} INFO - [2022-06-21 07:21:50,601] {dag.py:2305} INFO - Setting next_dagrun for example_branch_operator to 2022-06-19 00:00:00+00:00
[2022-06-21 07:21:50,613] {scheduler_job.py:190} INFO - Processing /home/airflow/.local/lib/python3.6/site-packages/airflow/example_dags/example_branch_operator.py took 0.102 seconds
[2022-06-21 07:22:26,846] {scheduler_job.py:182} INFO - Started process (PID=258) to work on /home/airflow/.local/lib/python3.6/site-packages/airflow/example_dags/example_branch_operator.py
[2022-06-21 07:22:26,849] {scheduler_job.py:633} INFO - Processing file /home/airflow/.local/lib/python3.6/site-packages/airflow/example_dags/example_branch_operator.py for tasks to queue
[2022-06-21 07:22:26,852] {logging_mixin.py:104} INFO - [2022-06-21 07:22:26,852] {dagbag.py:487} INFO - Filling up the DagBag from /home/airflow/.local/lib/python3.6/site-packages/airflow/example_dags/example_branch_operator.py
[2022-06-21 07:22:26,893] {scheduler_job.py:643} INFO - DAG(s) dict_keys(['example_branch_operator']) retrieved from /home/airflow/.local/lib/python3.6/site-packages/airflow/example_dags/example_branch_operator.py
[2022-06-21 07:22:26,944] {logging_mixin.py:104} INFO - [2022-06-21 07:22:26,943] {dag.py:1832} INFO - Sync 1 DAGs
[2022-06-21 07:22:26,977] {logging_mixin.py:104} INFO - [2022-06-21 07:22:26,977] {dag.py:2305} INFO - Setting next_dagrun for example_branch_operator to 2022-06-19 00:00:00+00:00
[2022-06-21 07:22:26,995] {scheduler_job.py:190} INFO - Processing /home/airflow/.local/lib/python3.6/site-packages/airflow/example_dags/example_branch_operator.py took 0.155 seconds
[2022-06-21 07:23:08,375] {scheduler_job.py:182} INFO - Started process (PID=306) to work on /home/airflow/.local/lib/python3.6/site-packages/airflow/example_dags/example_branch_operator.py
[2022-06-21 07:23:08,378] {scheduler_job.py:633} INFO - Processing file /home/airflow/.local/lib/python3.6/site-packages/airflow/example_dags/example_branch_operator.py for tasks to queue
[2022-06-21 07:23:08,382] {logging_mixin.py:104} INFO - [2022-06-21 07:23:08,381] {dagbag.py:487} INFO - Filling up the DagBag from /home/airflow/.local/lib/python3.6/site-packages/airflow/example_dags/example_branch_operator.py
[2022-06-21 07:23:08,432] {scheduler_job.py:643} INFO - DAG(s) dict_keys(['example_branch_operator']) retrieved from /home/airflow/.local/lib/python3.6/site-packages/airflow/example_dags/example_branch_operator.py
[2022-06-21 07:23:08,491] {logging_mixin.py:104} INFO - [2022-06-21 07:23:08,491] {dag.py:1832} INFO - Sync 1 DAGs
[2022-06-21 07:23:08,528] {logging_mixin.py:104} INFO - [2022-06-21 07:23:08,527] {dag.py:2305} INFO - Setting next_dagrun for example_branch_operator to 2022-06-19 00:00:00+00:00
[2022-06-21 07:23:08,557] {scheduler_job.py:190} INFO - Processing /home/airflow/.local/lib/python3.6/site-packages/airflow/example_dags/example_branch_operator.py took 0.188 seconds
[2022-06-21 07:23:39,110] {scheduler_job.py:182} INFO - Started process (PID=367) to work on /home/airflow/.local/lib/python3.6/site-packages/airflow/example_dags/example_branch_operator.py
[2022-06-21 07:23:39,112] {scheduler_job.py:633} INFO - Processing file /home/airflow/.local/lib/python3.6/site-packages/airflow/example_dags/example_branch_operator.py for tasks to queue
[2022-06-21 07:23:39,114] {logging_mixin.py:104} INFO - [2022-06-21 07:23:39,114] {dagbag.py:487} INFO - Filling up the DagBag from /home/airflow/.local/lib/python3.6/site-packages/airflow/example_dags/example_branch_operator.py
[2022-06-21 07:23:39,148] {scheduler_job.py:643} INFO - DAG(s) dict_keys(['example_branch_operator']) retrieved from /home/airflow/.local/lib/python3.6/site-packages/airflow/example_dags/example_branch_operator.py
[2022-06-21 07:23:39,187] {logging_mixin.py:104} INFO - [2022-06-21 07:23:39,187] {dag.py:1832} INFO - Sync 1 DAGs
[2022-06-21 07:23:39,219] {logging_mixin.py:104} INFO - [2022-06-21 07:23:39,219] {dag.py:2305} INFO - Setting next_dagrun for example_branch_operator to 2022-06-19 00:00:00+00:00
[2022-06-21 07:23:39,236] {scheduler_job.py:190} INFO - Processing /home/airflow/.local/lib/python3.6/site-packages/airflow/example_dags/example_branch_operator.py took 0.132 seconds
[2022-06-21 07:24:10,442] {scheduler_job.py:182} INFO - Started process (PID=430) to work on /home/airflow/.local/lib/python3.6/site-packages/airflow/example_dags/example_branch_operator.py
[2022-06-21 07:24:10,446] {scheduler_job.py:633} INFO - Processing file /home/airflow/.local/lib/python3.6/site-packages/airflow/example_dags/example_branch_operator.py for tasks to queue
[2022-06-21 07:24:10,448] {logging_mixin.py:104} INFO - [2022-06-21 07:24:10,447] {dagbag.py:487} INFO - Filling up the DagBag from /home/airflow/.local/lib/python3.6/site-packages/airflow/example_dags/example_branch_operator.py
[2022-06-21 07:24:10,488] {scheduler_job.py:643} INFO - DAG(s) dict_keys(['example_branch_operator']) retrieved from /home/airflow/.local/lib/python3.6/site-packages/airflow/example_dags/example_branch_operator.py
[2022-06-21 07:24:10,529] {logging_mixin.py:104} INFO - [2022-06-21 07:24:10,529] {dag.py:1832} INFO - Sync 1 DAGs
[2022-06-21 07:24:10,565] {logging_mixin.py:104} INFO - [2022-06-21 07:24:10,565] {dag.py:2305} INFO - Setting next_dagrun for example_branch_operator to 2022-06-19 00:00:00+00:00
[2022-06-21 07:24:10,581] {scheduler_job.py:190} INFO - Processing /home/airflow/.local/lib/python3.6/site-packages/airflow/example_dags/example_branch_operator.py took 0.143 seconds
[2022-06-21 07:24:52,955] {scheduler_job.py:182} INFO - Started process (PID=91) to work on /home/airflow/.local/lib/python3.6/site-packages/airflow/example_dags/example_branch_operator.py
[2022-06-21 07:24:52,958] {scheduler_job.py:633} INFO - Processing file /home/airflow/.local/lib/python3.6/site-packages/airflow/example_dags/example_branch_operator.py for tasks to queue
[2022-06-21 07:24:52,964] {logging_mixin.py:104} INFO - [2022-06-21 07:24:52,964] {dagbag.py:487} INFO - Filling up the DagBag from /home/airflow/.local/lib/python3.6/site-packages/airflow/example_dags/example_branch_operator.py
[2022-06-21 07:24:53,003] {scheduler_job.py:643} INFO - DAG(s) dict_keys(['example_branch_operator']) retrieved from /home/airflow/.local/lib/python3.6/site-packages/airflow/example_dags/example_branch_operator.py
[2022-06-21 07:24:53,081] {logging_mixin.py:104} INFO - [2022-06-21 07:24:53,081] {dag.py:1832} INFO - Sync 1 DAGs
[2022-06-21 07:24:53,114] {logging_mixin.py:104} INFO - [2022-06-21 07:24:53,114] {dag.py:2305} INFO - Setting next_dagrun for example_branch_operator to 2022-06-19 00:00:00+00:00
[2022-06-21 07:24:53,172] {scheduler_job.py:190} INFO - Processing /home/airflow/.local/lib/python3.6/site-packages/airflow/example_dags/example_branch_operator.py took 0.222 seconds
[2022-06-21 07:25:24,922] {scheduler_job.py:182} INFO - Started process (PID=155) to work on /home/airflow/.local/lib/python3.6/site-packages/airflow/example_dags/example_branch_operator.py
[2022-06-21 07:25:24,924] {scheduler_job.py:633} INFO - Processing file /home/airflow/.local/lib/python3.6/site-packages/airflow/example_dags/example_branch_operator.py for tasks to queue
[2022-06-21 07:25:24,927] {logging_mixin.py:104} INFO - [2022-06-21 07:25:24,926] {dagbag.py:487} INFO - Filling up the DagBag from /home/airflow/.local/lib/python3.6/site-packages/airflow/example_dags/example_branch_operator.py
[2022-06-21 07:25:24,954] {scheduler_job.py:643} INFO - DAG(s) dict_keys(['example_branch_operator']) retrieved from /home/airflow/.local/lib/python3.6/site-packages/airflow/example_dags/example_branch_operator.py
[2022-06-21 07:25:24,978] {logging_mixin.py:104} INFO - [2022-06-21 07:25:24,978] {dag.py:1832} INFO - Sync 1 DAGs
[2022-06-21 07:25:25,002] {logging_mixin.py:104} INFO - [2022-06-21 07:25:25,002] {dag.py:2305} INFO - Setting next_dagrun for example_branch_operator to 2022-06-19 00:00:00+00:00
[2022-06-21 07:25:25,013] {scheduler_job.py:190} INFO - Processing /home/airflow/.local/lib/python3.6/site-packages/airflow/example_dags/example_branch_operator.py took 0.095 seconds
[2022-06-21 07:25:55,964] {scheduler_job.py:182} INFO - Started process (PID=210) to work on /home/airflow/.local/lib/python3.6/site-packages/airflow/example_dags/example_branch_operator.py
[2022-06-21 07:25:55,969] {scheduler_job.py:633} INFO - Processing file /home/airflow/.local/lib/python3.6/site-packages/airflow/example_dags/example_branch_operator.py for tasks to queue
[2022-06-21 07:25:55,971] {logging_mixin.py:104} INFO - [2022-06-21 07:25:55,971] {dagbag.py:487} INFO - Filling up the DagBag from /home/airflow/.local/lib/python3.6/site-packages/airflow/example_dags/example_branch_operator.py
[2022-06-21 07:25:56,020] {scheduler_job.py:643} INFO - DAG(s) dict_keys(['example_branch_operator']) retrieved from /home/airflow/.local/lib/python3.6/site-packages/airflow/example_dags/example_branch_operator.py
[2022-06-21 07:25:56,081] {logging_mixin.py:104} INFO - [2022-06-21 07:25:56,081] {dag.py:1832} INFO - Sync 1 DAGs
[2022-06-21 07:25:56,132] {logging_mixin.py:104} INFO - [2022-06-21 07:25:56,132] {dag.py:2305} INFO - Setting next_dagrun for example_branch_operator to 2022-06-19 00:00:00+00:00
[2022-06-21 07:25:56,158] {scheduler_job.py:190} INFO - Processing /home/airflow/.local/lib/python3.6/site-packages/airflow/example_dags/example_branch_operator.py took 0.199 seconds
[2022-06-21 07:27:01,872] {scheduler_job.py:182} INFO - Started process (PID=263) to work on /home/airflow/.local/lib/python3.6/site-packages/airflow/example_dags/example_branch_operator.py
[2022-06-21 07:27:01,874] {scheduler_job.py:633} INFO - Processing file /home/airflow/.local/lib/python3.6/site-packages/airflow/example_dags/example_branch_operator.py for tasks to queue
[2022-06-21 07:27:01,876] {logging_mixin.py:104} INFO - [2022-06-21 07:27:01,876] {dagbag.py:487} INFO - Filling up the DagBag from /home/airflow/.local/lib/python3.6/site-packages/airflow/example_dags/example_branch_operator.py
[2022-06-21 07:27:01,902] {scheduler_job.py:643} INFO - DAG(s) dict_keys(['example_branch_operator']) retrieved from /home/airflow/.local/lib/python3.6/site-packages/airflow/example_dags/example_branch_operator.py
[2022-06-21 07:27:01,941] {logging_mixin.py:104} INFO - [2022-06-21 07:27:01,941] {dag.py:1832} INFO - Sync 1 DAGs
[2022-06-21 07:27:01,970] {logging_mixin.py:104} INFO - [2022-06-21 07:27:01,970] {dag.py:2305} INFO - Setting next_dagrun for example_branch_operator to 2022-06-19 00:00:00+00:00
[2022-06-21 07:27:01,988] {scheduler_job.py:190} INFO - Processing /home/airflow/.local/lib/python3.6/site-packages/airflow/example_dags/example_branch_operator.py took 0.122 seconds
[2022-06-21 07:27:32,369] {scheduler_job.py:182} INFO - Started process (PID=310) to work on /home/airflow/.local/lib/python3.6/site-packages/airflow/example_dags/example_branch_operator.py
[2022-06-21 07:27:32,371] {scheduler_job.py:633} INFO - Processing file /home/airflow/.local/lib/python3.6/site-packages/airflow/example_dags/example_branch_operator.py for tasks to queue
[2022-06-21 07:27:32,374] {logging_mixin.py:104} INFO - [2022-06-21 07:27:32,373] {dagbag.py:487} INFO - Filling up the DagBag from /home/airflow/.local/lib/python3.6/site-packages/airflow/example_dags/example_branch_operator.py
[2022-06-21 07:27:32,413] {scheduler_job.py:643} INFO - DAG(s) dict_keys(['example_branch_operator']) retrieved from /home/airflow/.local/lib/python3.6/site-packages/airflow/example_dags/example_branch_operator.py
[2022-06-21 07:27:32,464] {logging_mixin.py:104} INFO - [2022-06-21 07:27:32,463] {dag.py:1832} INFO - Sync 1 DAGs
[2022-06-21 07:27:32,501] {logging_mixin.py:104} INFO - [2022-06-21 07:27:32,500] {dag.py:2305} INFO - Setting next_dagrun for example_branch_operator to 2022-06-19 00:00:00+00:00
[2022-06-21 07:27:32,524] {scheduler_job.py:190} INFO - Processing /home/airflow/.local/lib/python3.6/site-packages/airflow/example_dags/example_branch_operator.py took 0.160 seconds
[2022-06-21 07:28:08,298] {scheduler_job.py:182} INFO - Started process (PID=366) to work on /home/airflow/.local/lib/python3.6/site-packages/airflow/example_dags/example_branch_operator.py
[2022-06-21 07:28:08,300] {scheduler_job.py:633} INFO - Processing file /home/airflow/.local/lib/python3.6/site-packages/airflow/example_dags/example_branch_operator.py for tasks to queue
[2022-06-21 07:28:08,302] {logging_mixin.py:104} INFO - [2022-06-21 07:28:08,302] {dagbag.py:487} INFO - Filling up the DagBag from /home/airflow/.local/lib/python3.6/site-packages/airflow/example_dags/example_branch_operator.py
[2022-06-21 07:28:08,332] {scheduler_job.py:643} INFO - DAG(s) dict_keys(['example_branch_operator']) retrieved from /home/airflow/.local/lib/python3.6/site-packages/airflow/example_dags/example_branch_operator.py
[2022-06-21 07:28:08,360] {logging_mixin.py:104} INFO - [2022-06-21 07:28:08,360] {dag.py:1832} INFO - Sync 1 DAGs
[2022-06-21 07:28:08,389] {logging_mixin.py:104} INFO - [2022-06-21 07:28:08,389] {dag.py:2305} INFO - Setting next_dagrun for example_branch_operator to 2022-06-19 00:00:00+00:00
[2022-06-21 07:28:08,412] {scheduler_job.py:190} INFO - Processing /home/airflow/.local/lib/python3.6/site-packages/airflow/example_dags/example_branch_operator.py took 0.118 seconds
[2022-06-21 07:28:38,927] {scheduler_job.py:182} INFO - Started process (PID=416) to work on /home/airflow/.local/lib/python3.6/site-packages/airflow/example_dags/example_branch_operator.py
[2022-06-21 07:28:38,930] {scheduler_job.py:633} INFO - Processing file /home/airflow/.local/lib/python3.6/site-packages/airflow/example_dags/example_branch_operator.py for tasks to queue
[2022-06-21 07:28:38,932] {logging_mixin.py:104} INFO - [2022-06-21 07:28:38,932] {dagbag.py:487} INFO - Filling up the DagBag from /home/airflow/.local/lib/python3.6/site-packages/airflow/example_dags/example_branch_operator.py
[2022-06-21 07:28:38,963] {scheduler_job.py:643} INFO - DAG(s) dict_keys(['example_branch_operator']) retrieved from /home/airflow/.local/lib/python3.6/site-packages/airflow/example_dags/example_branch_operator.py
[2022-06-21 07:28:38,997] {logging_mixin.py:104} INFO - [2022-06-21 07:28:38,997] {dag.py:1832} INFO - Sync 1 DAGs
[2022-06-21 07:28:39,031] {logging_mixin.py:104} INFO - [2022-06-21 07:28:39,031] {dag.py:2305} INFO - Setting next_dagrun for example_branch_operator to 2022-06-19 00:00:00+00:00
[2022-06-21 07:28:39,048] {scheduler_job.py:190} INFO - Processing /home/airflow/.local/lib/python3.6/site-packages/airflow/example_dags/example_branch_operator.py took 0.126 seconds
[2022-06-21 07:29:30,610] {scheduler_job.py:182} INFO - Started process (PID=82) to work on /home/airflow/.local/lib/python3.6/site-packages/airflow/example_dags/example_branch_operator.py
[2022-06-21 07:29:30,612] {scheduler_job.py:633} INFO - Processing file /home/airflow/.local/lib/python3.6/site-packages/airflow/example_dags/example_branch_operator.py for tasks to queue
[2022-06-21 07:29:30,614] {logging_mixin.py:104} INFO - [2022-06-21 07:29:30,614] {dagbag.py:487} INFO - Filling up the DagBag from /home/airflow/.local/lib/python3.6/site-packages/airflow/example_dags/example_branch_operator.py
[2022-06-21 07:29:30,630] {scheduler_job.py:643} INFO - DAG(s) dict_keys(['example_branch_operator']) retrieved from /home/airflow/.local/lib/python3.6/site-packages/airflow/example_dags/example_branch_operator.py
[2022-06-21 07:29:30,653] {logging_mixin.py:104} INFO - [2022-06-21 07:29:30,653] {dag.py:1832} INFO - Sync 1 DAGs
[2022-06-21 07:29:30,671] {logging_mixin.py:104} INFO - [2022-06-21 07:29:30,671] {dag.py:2305} INFO - Setting next_dagrun for example_branch_operator to 2022-06-19 00:00:00+00:00
[2022-06-21 07:29:30,680] {scheduler_job.py:190} INFO - Processing /home/airflow/.local/lib/python3.6/site-packages/airflow/example_dags/example_branch_operator.py took 0.073 seconds
[2022-06-21 07:30:00,953] {scheduler_job.py:182} INFO - Started process (PID=148) to work on /home/airflow/.local/lib/python3.6/site-packages/airflow/example_dags/example_branch_operator.py
[2022-06-21 07:30:00,955] {scheduler_job.py:633} INFO - Processing file /home/airflow/.local/lib/python3.6/site-packages/airflow/example_dags/example_branch_operator.py for tasks to queue
[2022-06-21 07:30:00,956] {logging_mixin.py:104} INFO - [2022-06-21 07:30:00,956] {dagbag.py:487} INFO - Filling up the DagBag from /home/airflow/.local/lib/python3.6/site-packages/airflow/example_dags/example_branch_operator.py
[2022-06-21 07:30:00,971] {scheduler_job.py:643} INFO - DAG(s) dict_keys(['example_branch_operator']) retrieved from /home/airflow/.local/lib/python3.6/site-packages/airflow/example_dags/example_branch_operator.py
[2022-06-21 07:30:00,996] {logging_mixin.py:104} INFO - [2022-06-21 07:30:00,995] {dag.py:1832} INFO - Sync 1 DAGs
[2022-06-21 07:30:01,014] {logging_mixin.py:104} INFO - [2022-06-21 07:30:01,014] {dag.py:2305} INFO - Setting next_dagrun for example_branch_operator to 2022-06-19 00:00:00+00:00
[2022-06-21 07:30:01,023] {scheduler_job.py:190} INFO - Processing /home/airflow/.local/lib/python3.6/site-packages/airflow/example_dags/example_branch_operator.py took 0.073 seconds
[2022-06-21 07:30:31,368] {scheduler_job.py:182} INFO - Started process (PID=225) to work on /home/airflow/.local/lib/python3.6/site-packages/airflow/example_dags/example_branch_operator.py
[2022-06-21 07:30:31,370] {scheduler_job.py:633} INFO - Processing file /home/airflow/.local/lib/python3.6/site-packages/airflow/example_dags/example_branch_operator.py for tasks to queue
[2022-06-21 07:30:31,371] {logging_mixin.py:104} INFO - [2022-06-21 07:30:31,371] {dagbag.py:487} INFO - Filling up the DagBag from /home/airflow/.local/lib/python3.6/site-packages/airflow/example_dags/example_branch_operator.py
[2022-06-21 07:30:31,387] {scheduler_job.py:643} INFO - DAG(s) dict_keys(['example_branch_operator']) retrieved from /home/airflow/.local/lib/python3.6/site-packages/airflow/example_dags/example_branch_operator.py
[2022-06-21 07:30:31,413] {logging_mixin.py:104} INFO - [2022-06-21 07:30:31,413] {dag.py:1832} INFO - Sync 1 DAGs
[2022-06-21 07:30:31,430] {logging_mixin.py:104} INFO - [2022-06-21 07:30:31,430] {dag.py:2305} INFO - Setting next_dagrun for example_branch_operator to 2022-06-19 00:00:00+00:00
[2022-06-21 07:30:31,442] {scheduler_job.py:190} INFO - Processing /home/airflow/.local/lib/python3.6/site-packages/airflow/example_dags/example_branch_operator.py took 0.078 seconds
[2022-06-21 07:31:36,889] {scheduler_job.py:182} INFO - Started process (PID=89) to work on /home/airflow/.local/lib/python3.6/site-packages/airflow/example_dags/example_branch_operator.py
[2022-06-21 07:31:36,891] {scheduler_job.py:633} INFO - Processing file /home/airflow/.local/lib/python3.6/site-packages/airflow/example_dags/example_branch_operator.py for tasks to queue
[2022-06-21 07:31:36,892] {logging_mixin.py:104} INFO - [2022-06-21 07:31:36,892] {dagbag.py:487} INFO - Filling up the DagBag from /home/airflow/.local/lib/python3.6/site-packages/airflow/example_dags/example_branch_operator.py
[2022-06-21 07:31:36,911] {scheduler_job.py:643} INFO - DAG(s) dict_keys(['example_branch_operator']) retrieved from /home/airflow/.local/lib/python3.6/site-packages/airflow/example_dags/example_branch_operator.py
[2022-06-21 07:31:36,934] {logging_mixin.py:104} INFO - [2022-06-21 07:31:36,934] {dag.py:1832} INFO - Sync 1 DAGs
[2022-06-21 07:31:36,955] {logging_mixin.py:104} INFO - [2022-06-21 07:31:36,955] {dag.py:2305} INFO - Setting next_dagrun for example_branch_operator to 2022-06-19 00:00:00+00:00
[2022-06-21 07:31:36,966] {scheduler_job.py:190} INFO - Processing /home/airflow/.local/lib/python3.6/site-packages/airflow/example_dags/example_branch_operator.py took 0.081 seconds
[2022-06-21 07:32:07,989] {scheduler_job.py:182} INFO - Started process (PID=152) to work on /home/airflow/.local/lib/python3.6/site-packages/airflow/example_dags/example_branch_operator.py
[2022-06-21 07:32:07,991] {scheduler_job.py:633} INFO - Processing file /home/airflow/.local/lib/python3.6/site-packages/airflow/example_dags/example_branch_operator.py for tasks to queue
[2022-06-21 07:32:07,992] {logging_mixin.py:104} INFO - [2022-06-21 07:32:07,992] {dagbag.py:487} INFO - Filling up the DagBag from /home/airflow/.local/lib/python3.6/site-packages/airflow/example_dags/example_branch_operator.py
[2022-06-21 07:32:08,012] {scheduler_job.py:643} INFO - DAG(s) dict_keys(['example_branch_operator']) retrieved from /home/airflow/.local/lib/python3.6/site-packages/airflow/example_dags/example_branch_operator.py
[2022-06-21 07:32:08,034] {logging_mixin.py:104} INFO - [2022-06-21 07:32:08,034] {dag.py:1832} INFO - Sync 1 DAGs
[2022-06-21 07:32:08,054] {logging_mixin.py:104} INFO - [2022-06-21 07:32:08,054] {dag.py:2305} INFO - Setting next_dagrun for example_branch_operator to 2022-06-19 00:00:00+00:00
[2022-06-21 07:32:08,065] {scheduler_job.py:190} INFO - Processing /home/airflow/.local/lib/python3.6/site-packages/airflow/example_dags/example_branch_operator.py took 0.079 seconds
[2022-06-21 07:32:39,165] {scheduler_job.py:182} INFO - Started process (PID=240) to work on /home/airflow/.local/lib/python3.6/site-packages/airflow/example_dags/example_branch_operator.py
[2022-06-21 07:32:39,170] {scheduler_job.py:633} INFO - Processing file /home/airflow/.local/lib/python3.6/site-packages/airflow/example_dags/example_branch_operator.py for tasks to queue
[2022-06-21 07:32:39,174] {logging_mixin.py:104} INFO - [2022-06-21 07:32:39,174] {dagbag.py:487} INFO - Filling up the DagBag from /home/airflow/.local/lib/python3.6/site-packages/airflow/example_dags/example_branch_operator.py
[2022-06-21 07:32:39,217] {scheduler_job.py:643} INFO - DAG(s) dict_keys(['example_branch_operator']) retrieved from /home/airflow/.local/lib/python3.6/site-packages/airflow/example_dags/example_branch_operator.py
[2022-06-21 07:32:39,252] {logging_mixin.py:104} INFO - [2022-06-21 07:32:39,252] {dag.py:1832} INFO - Sync 1 DAGs
[2022-06-21 07:32:39,282] {logging_mixin.py:104} INFO - [2022-06-21 07:32:39,282] {dag.py:2305} INFO - Setting next_dagrun for example_branch_operator to 2022-06-19 00:00:00+00:00
[2022-06-21 07:32:39,299] {scheduler_job.py:190} INFO - Processing /home/airflow/.local/lib/python3.6/site-packages/airflow/example_dags/example_branch_operator.py took 0.142 seconds
[2022-06-21 07:33:09,447] {scheduler_job.py:182} INFO - Started process (PID=301) to work on /home/airflow/.local/lib/python3.6/site-packages/airflow/example_dags/example_branch_operator.py
[2022-06-21 07:33:09,450] {scheduler_job.py:633} INFO - Processing file /home/airflow/.local/lib/python3.6/site-packages/airflow/example_dags/example_branch_operator.py for tasks to queue
[2022-06-21 07:33:09,451] {logging_mixin.py:104} INFO - [2022-06-21 07:33:09,451] {dagbag.py:487} INFO - Filling up the DagBag from /home/airflow/.local/lib/python3.6/site-packages/airflow/example_dags/example_branch_operator.py
[2022-06-21 07:33:09,472] {scheduler_job.py:643} INFO - DAG(s) dict_keys(['example_branch_operator']) retrieved from /home/airflow/.local/lib/python3.6/site-packages/airflow/example_dags/example_branch_operator.py
[2022-06-21 07:33:09,498] {logging_mixin.py:104} INFO - [2022-06-21 07:33:09,498] {dag.py:1832} INFO - Sync 1 DAGs
[2022-06-21 07:33:09,517] {logging_mixin.py:104} INFO - [2022-06-21 07:33:09,516] {dag.py:2305} INFO - Setting next_dagrun for example_branch_operator to 2022-06-19 00:00:00+00:00
[2022-06-21 07:33:09,526] {scheduler_job.py:190} INFO - Processing /home/airflow/.local/lib/python3.6/site-packages/airflow/example_dags/example_branch_operator.py took 0.082 seconds
[2022-06-21 07:33:39,596] {scheduler_job.py:182} INFO - Started process (PID=377) to work on /home/airflow/.local/lib/python3.6/site-packages/airflow/example_dags/example_branch_operator.py
[2022-06-21 07:33:39,598] {scheduler_job.py:633} INFO - Processing file /home/airflow/.local/lib/python3.6/site-packages/airflow/example_dags/example_branch_operator.py for tasks to queue
[2022-06-21 07:33:39,600] {logging_mixin.py:104} INFO - [2022-06-21 07:33:39,599] {dagbag.py:487} INFO - Filling up the DagBag from /home/airflow/.local/lib/python3.6/site-packages/airflow/example_dags/example_branch_operator.py
[2022-06-21 07:33:39,619] {scheduler_job.py:643} INFO - DAG(s) dict_keys(['example_branch_operator']) retrieved from /home/airflow/.local/lib/python3.6/site-packages/airflow/example_dags/example_branch_operator.py
[2022-06-21 07:33:39,643] {logging_mixin.py:104} INFO - [2022-06-21 07:33:39,643] {dag.py:1832} INFO - Sync 1 DAGs
[2022-06-21 07:33:39,664] {logging_mixin.py:104} INFO - [2022-06-21 07:33:39,664] {dag.py:2305} INFO - Setting next_dagrun for example_branch_operator to 2022-06-19 00:00:00+00:00
[2022-06-21 07:33:39,676] {scheduler_job.py:190} INFO - Processing /home/airflow/.local/lib/python3.6/site-packages/airflow/example_dags/example_branch_operator.py took 0.083 seconds
