[2022-06-21 06:56:14,609] {scheduler_job.py:182} INFO - Started process (PID=105) to work on /home/airflow/.local/lib/python3.6/site-packages/airflow/example_dags/example_nested_branch_dag.py
[2022-06-21 06:56:14,612] {scheduler_job.py:633} INFO - Processing file /home/airflow/.local/lib/python3.6/site-packages/airflow/example_dags/example_nested_branch_dag.py for tasks to queue
[2022-06-21 06:56:14,616] {logging_mixin.py:104} INFO - [2022-06-21 06:56:14,616] {dagbag.py:487} INFO - Filling up the DagBag from /home/airflow/.local/lib/python3.6/site-packages/airflow/example_dags/example_nested_branch_dag.py
[2022-06-21 06:56:14,658] {scheduler_job.py:643} INFO - DAG(s) dict_keys(['example_nested_branch_dag']) retrieved from /home/airflow/.local/lib/python3.6/site-packages/airflow/example_dags/example_nested_branch_dag.py
[2022-06-21 06:56:19,117] {logging_mixin.py:104} INFO - [2022-06-21 06:56:19,114] {dag.py:1832} INFO - Sync 1 DAGs
[2022-06-21 06:56:19,131] {logging_mixin.py:104} INFO - [2022-06-21 06:56:19,130] {dag.py:1851} INFO - Creating ORM DAG for example_nested_branch_dag
[2022-06-21 06:56:19,147] {logging_mixin.py:104} INFO - [2022-06-21 06:56:19,147] {dag.py:2305} INFO - Setting next_dagrun for example_nested_branch_dag to 2022-06-19 00:00:00+00:00
[2022-06-21 06:56:19,161] {scheduler_job.py:190} INFO - Processing /home/airflow/.local/lib/python3.6/site-packages/airflow/example_dags/example_nested_branch_dag.py took 4.558 seconds
[2022-06-21 06:58:06,447] {scheduler_job.py:182} INFO - Started process (PID=183) to work on /home/airflow/.local/lib/python3.6/site-packages/airflow/example_dags/example_nested_branch_dag.py
[2022-06-21 06:58:06,450] {scheduler_job.py:633} INFO - Processing file /home/airflow/.local/lib/python3.6/site-packages/airflow/example_dags/example_nested_branch_dag.py for tasks to queue
[2022-06-21 06:58:06,453] {logging_mixin.py:104} INFO - [2022-06-21 06:58:06,452] {dagbag.py:487} INFO - Filling up the DagBag from /home/airflow/.local/lib/python3.6/site-packages/airflow/example_dags/example_nested_branch_dag.py
[2022-06-21 06:58:06,479] {scheduler_job.py:643} INFO - DAG(s) dict_keys(['example_nested_branch_dag']) retrieved from /home/airflow/.local/lib/python3.6/site-packages/airflow/example_dags/example_nested_branch_dag.py
[2022-06-21 06:58:06,534] {logging_mixin.py:104} INFO - [2022-06-21 06:58:06,534] {dag.py:1832} INFO - Sync 1 DAGs
[2022-06-21 06:58:06,583] {logging_mixin.py:104} INFO - [2022-06-21 06:58:06,583] {dag.py:2305} INFO - Setting next_dagrun for example_nested_branch_dag to 2022-06-19 00:00:00+00:00
[2022-06-21 06:58:06,607] {scheduler_job.py:190} INFO - Processing /home/airflow/.local/lib/python3.6/site-packages/airflow/example_dags/example_nested_branch_dag.py took 0.169 seconds
[2022-06-21 06:58:47,009] {scheduler_job.py:182} INFO - Started process (PID=260) to work on /home/airflow/.local/lib/python3.6/site-packages/airflow/example_dags/example_nested_branch_dag.py
[2022-06-21 06:58:47,011] {scheduler_job.py:633} INFO - Processing file /home/airflow/.local/lib/python3.6/site-packages/airflow/example_dags/example_nested_branch_dag.py for tasks to queue
[2022-06-21 06:58:47,014] {logging_mixin.py:104} INFO - [2022-06-21 06:58:47,013] {dagbag.py:487} INFO - Filling up the DagBag from /home/airflow/.local/lib/python3.6/site-packages/airflow/example_dags/example_nested_branch_dag.py
[2022-06-21 06:58:47,037] {scheduler_job.py:643} INFO - DAG(s) dict_keys(['example_nested_branch_dag']) retrieved from /home/airflow/.local/lib/python3.6/site-packages/airflow/example_dags/example_nested_branch_dag.py
[2022-06-21 06:58:47,066] {logging_mixin.py:104} INFO - [2022-06-21 06:58:47,066] {dag.py:1832} INFO - Sync 1 DAGs
[2022-06-21 06:58:47,091] {logging_mixin.py:104} INFO - [2022-06-21 06:58:47,090] {dag.py:2305} INFO - Setting next_dagrun for example_nested_branch_dag to 2022-06-19 00:00:00+00:00
[2022-06-21 06:58:47,109] {scheduler_job.py:190} INFO - Processing /home/airflow/.local/lib/python3.6/site-packages/airflow/example_dags/example_nested_branch_dag.py took 0.111 seconds
[2022-06-21 06:59:17,302] {scheduler_job.py:182} INFO - Started process (PID=313) to work on /home/airflow/.local/lib/python3.6/site-packages/airflow/example_dags/example_nested_branch_dag.py
[2022-06-21 06:59:17,304] {scheduler_job.py:633} INFO - Processing file /home/airflow/.local/lib/python3.6/site-packages/airflow/example_dags/example_nested_branch_dag.py for tasks to queue
[2022-06-21 06:59:17,306] {logging_mixin.py:104} INFO - [2022-06-21 06:59:17,306] {dagbag.py:487} INFO - Filling up the DagBag from /home/airflow/.local/lib/python3.6/site-packages/airflow/example_dags/example_nested_branch_dag.py
[2022-06-21 06:59:17,333] {scheduler_job.py:643} INFO - DAG(s) dict_keys(['example_nested_branch_dag']) retrieved from /home/airflow/.local/lib/python3.6/site-packages/airflow/example_dags/example_nested_branch_dag.py
[2022-06-21 06:59:17,368] {logging_mixin.py:104} INFO - [2022-06-21 06:59:17,367] {dag.py:1832} INFO - Sync 1 DAGs
[2022-06-21 06:59:17,411] {logging_mixin.py:104} INFO - [2022-06-21 06:59:17,411] {dag.py:2305} INFO - Setting next_dagrun for example_nested_branch_dag to 2022-06-19 00:00:00+00:00
[2022-06-21 06:59:17,440] {scheduler_job.py:190} INFO - Processing /home/airflow/.local/lib/python3.6/site-packages/airflow/example_dags/example_nested_branch_dag.py took 0.142 seconds
[2022-06-21 06:59:55,335] {scheduler_job.py:182} INFO - Started process (PID=357) to work on /home/airflow/.local/lib/python3.6/site-packages/airflow/example_dags/example_nested_branch_dag.py
[2022-06-21 06:59:55,344] {scheduler_job.py:633} INFO - Processing file /home/airflow/.local/lib/python3.6/site-packages/airflow/example_dags/example_nested_branch_dag.py for tasks to queue
[2022-06-21 06:59:55,347] {logging_mixin.py:104} INFO - [2022-06-21 06:59:55,346] {dagbag.py:487} INFO - Filling up the DagBag from /home/airflow/.local/lib/python3.6/site-packages/airflow/example_dags/example_nested_branch_dag.py
[2022-06-21 06:59:55,377] {scheduler_job.py:643} INFO - DAG(s) dict_keys(['example_nested_branch_dag']) retrieved from /home/airflow/.local/lib/python3.6/site-packages/airflow/example_dags/example_nested_branch_dag.py
[2022-06-21 06:59:55,436] {logging_mixin.py:104} INFO - [2022-06-21 06:59:55,435] {dag.py:1832} INFO - Sync 1 DAGs
[2022-06-21 06:59:55,479] {logging_mixin.py:104} INFO - [2022-06-21 06:59:55,479] {dag.py:2305} INFO - Setting next_dagrun for example_nested_branch_dag to 2022-06-19 00:00:00+00:00
[2022-06-21 06:59:55,513] {scheduler_job.py:190} INFO - Processing /home/airflow/.local/lib/python3.6/site-packages/airflow/example_dags/example_nested_branch_dag.py took 0.186 seconds
[2022-06-21 07:00:25,651] {scheduler_job.py:182} INFO - Started process (PID=419) to work on /home/airflow/.local/lib/python3.6/site-packages/airflow/example_dags/example_nested_branch_dag.py
[2022-06-21 07:00:25,655] {scheduler_job.py:633} INFO - Processing file /home/airflow/.local/lib/python3.6/site-packages/airflow/example_dags/example_nested_branch_dag.py for tasks to queue
[2022-06-21 07:00:25,660] {logging_mixin.py:104} INFO - [2022-06-21 07:00:25,659] {dagbag.py:487} INFO - Filling up the DagBag from /home/airflow/.local/lib/python3.6/site-packages/airflow/example_dags/example_nested_branch_dag.py
[2022-06-21 07:00:25,682] {scheduler_job.py:643} INFO - DAG(s) dict_keys(['example_nested_branch_dag']) retrieved from /home/airflow/.local/lib/python3.6/site-packages/airflow/example_dags/example_nested_branch_dag.py
[2022-06-21 07:00:25,714] {logging_mixin.py:104} INFO - [2022-06-21 07:00:25,714] {dag.py:1832} INFO - Sync 1 DAGs
[2022-06-21 07:00:25,736] {logging_mixin.py:104} INFO - [2022-06-21 07:00:25,736] {dag.py:2305} INFO - Setting next_dagrun for example_nested_branch_dag to 2022-06-19 00:00:00+00:00
[2022-06-21 07:00:25,754] {scheduler_job.py:190} INFO - Processing /home/airflow/.local/lib/python3.6/site-packages/airflow/example_dags/example_nested_branch_dag.py took 0.109 seconds
[2022-06-21 07:00:56,601] {scheduler_job.py:182} INFO - Started process (PID=475) to work on /home/airflow/.local/lib/python3.6/site-packages/airflow/example_dags/example_nested_branch_dag.py
[2022-06-21 07:00:56,603] {scheduler_job.py:633} INFO - Processing file /home/airflow/.local/lib/python3.6/site-packages/airflow/example_dags/example_nested_branch_dag.py for tasks to queue
[2022-06-21 07:00:56,605] {logging_mixin.py:104} INFO - [2022-06-21 07:00:56,605] {dagbag.py:487} INFO - Filling up the DagBag from /home/airflow/.local/lib/python3.6/site-packages/airflow/example_dags/example_nested_branch_dag.py
[2022-06-21 07:00:56,630] {scheduler_job.py:643} INFO - DAG(s) dict_keys(['example_nested_branch_dag']) retrieved from /home/airflow/.local/lib/python3.6/site-packages/airflow/example_dags/example_nested_branch_dag.py
[2022-06-21 07:00:56,661] {logging_mixin.py:104} INFO - [2022-06-21 07:00:56,661] {dag.py:1832} INFO - Sync 1 DAGs
[2022-06-21 07:00:56,680] {logging_mixin.py:104} INFO - [2022-06-21 07:00:56,680] {dag.py:2305} INFO - Setting next_dagrun for example_nested_branch_dag to 2022-06-19 00:00:00+00:00
[2022-06-21 07:00:56,692] {scheduler_job.py:190} INFO - Processing /home/airflow/.local/lib/python3.6/site-packages/airflow/example_dags/example_nested_branch_dag.py took 0.096 seconds
[2022-06-21 07:01:27,247] {scheduler_job.py:182} INFO - Started process (PID=526) to work on /home/airflow/.local/lib/python3.6/site-packages/airflow/example_dags/example_nested_branch_dag.py
[2022-06-21 07:01:27,249] {scheduler_job.py:633} INFO - Processing file /home/airflow/.local/lib/python3.6/site-packages/airflow/example_dags/example_nested_branch_dag.py for tasks to queue
[2022-06-21 07:01:27,251] {logging_mixin.py:104} INFO - [2022-06-21 07:01:27,251] {dagbag.py:487} INFO - Filling up the DagBag from /home/airflow/.local/lib/python3.6/site-packages/airflow/example_dags/example_nested_branch_dag.py
[2022-06-21 07:01:27,276] {scheduler_job.py:643} INFO - DAG(s) dict_keys(['example_nested_branch_dag']) retrieved from /home/airflow/.local/lib/python3.6/site-packages/airflow/example_dags/example_nested_branch_dag.py
[2022-06-21 07:01:27,308] {logging_mixin.py:104} INFO - [2022-06-21 07:01:27,308] {dag.py:1832} INFO - Sync 1 DAGs
[2022-06-21 07:01:27,328] {logging_mixin.py:104} INFO - [2022-06-21 07:01:27,328] {dag.py:2305} INFO - Setting next_dagrun for example_nested_branch_dag to 2022-06-19 00:00:00+00:00
[2022-06-21 07:01:27,459] {scheduler_job.py:190} INFO - Processing /home/airflow/.local/lib/python3.6/site-packages/airflow/example_dags/example_nested_branch_dag.py took 0.218 seconds
[2022-06-21 07:04:54,102] {scheduler_job.py:182} INFO - Started process (PID=63) to work on /home/airflow/.local/lib/python3.6/site-packages/airflow/example_dags/example_nested_branch_dag.py
[2022-06-21 07:04:54,106] {scheduler_job.py:633} INFO - Processing file /home/airflow/.local/lib/python3.6/site-packages/airflow/example_dags/example_nested_branch_dag.py for tasks to queue
[2022-06-21 07:04:54,108] {logging_mixin.py:104} INFO - [2022-06-21 07:04:54,108] {dagbag.py:487} INFO - Filling up the DagBag from /home/airflow/.local/lib/python3.6/site-packages/airflow/example_dags/example_nested_branch_dag.py
[2022-06-21 07:04:54,141] {scheduler_job.py:643} INFO - DAG(s) dict_keys(['example_nested_branch_dag']) retrieved from /home/airflow/.local/lib/python3.6/site-packages/airflow/example_dags/example_nested_branch_dag.py
[2022-06-21 07:04:54,183] {logging_mixin.py:104} INFO - [2022-06-21 07:04:54,183] {dag.py:1832} INFO - Sync 1 DAGs
[2022-06-21 07:04:54,220] {logging_mixin.py:104} INFO - [2022-06-21 07:04:54,220] {dag.py:2305} INFO - Setting next_dagrun for example_nested_branch_dag to 2022-06-19 00:00:00+00:00
[2022-06-21 07:04:54,234] {scheduler_job.py:190} INFO - Processing /home/airflow/.local/lib/python3.6/site-packages/airflow/example_dags/example_nested_branch_dag.py took 0.137 seconds
[2022-06-21 07:05:37,005] {scheduler_job.py:182} INFO - Started process (PID=125) to work on /home/airflow/.local/lib/python3.6/site-packages/airflow/example_dags/example_nested_branch_dag.py
[2022-06-21 07:05:37,021] {scheduler_job.py:633} INFO - Processing file /home/airflow/.local/lib/python3.6/site-packages/airflow/example_dags/example_nested_branch_dag.py for tasks to queue
[2022-06-21 07:05:37,044] {logging_mixin.py:104} INFO - [2022-06-21 07:05:37,044] {dagbag.py:487} INFO - Filling up the DagBag from /home/airflow/.local/lib/python3.6/site-packages/airflow/example_dags/example_nested_branch_dag.py
[2022-06-21 07:05:37,134] {scheduler_job.py:643} INFO - DAG(s) dict_keys(['example_nested_branch_dag']) retrieved from /home/airflow/.local/lib/python3.6/site-packages/airflow/example_dags/example_nested_branch_dag.py
[2022-06-21 07:05:37,247] {logging_mixin.py:104} INFO - [2022-06-21 07:05:37,246] {dag.py:1832} INFO - Sync 1 DAGs
[2022-06-21 07:05:37,321] {logging_mixin.py:104} INFO - [2022-06-21 07:05:37,320] {dag.py:2305} INFO - Setting next_dagrun for example_nested_branch_dag to 2022-06-19 00:00:00+00:00
[2022-06-21 07:05:37,350] {scheduler_job.py:190} INFO - Processing /home/airflow/.local/lib/python3.6/site-packages/airflow/example_dags/example_nested_branch_dag.py took 0.373 seconds
[2022-06-21 07:06:07,603] {scheduler_job.py:182} INFO - Started process (PID=179) to work on /home/airflow/.local/lib/python3.6/site-packages/airflow/example_dags/example_nested_branch_dag.py
[2022-06-21 07:06:07,605] {scheduler_job.py:633} INFO - Processing file /home/airflow/.local/lib/python3.6/site-packages/airflow/example_dags/example_nested_branch_dag.py for tasks to queue
[2022-06-21 07:06:07,607] {logging_mixin.py:104} INFO - [2022-06-21 07:06:07,607] {dagbag.py:487} INFO - Filling up the DagBag from /home/airflow/.local/lib/python3.6/site-packages/airflow/example_dags/example_nested_branch_dag.py
[2022-06-21 07:06:07,633] {scheduler_job.py:643} INFO - DAG(s) dict_keys(['example_nested_branch_dag']) retrieved from /home/airflow/.local/lib/python3.6/site-packages/airflow/example_dags/example_nested_branch_dag.py
[2022-06-21 07:06:07,661] {logging_mixin.py:104} INFO - [2022-06-21 07:06:07,660] {dag.py:1832} INFO - Sync 1 DAGs
[2022-06-21 07:06:07,683] {logging_mixin.py:104} INFO - [2022-06-21 07:06:07,683] {dag.py:2305} INFO - Setting next_dagrun for example_nested_branch_dag to 2022-06-19 00:00:00+00:00
[2022-06-21 07:06:07,697] {scheduler_job.py:190} INFO - Processing /home/airflow/.local/lib/python3.6/site-packages/airflow/example_dags/example_nested_branch_dag.py took 0.098 seconds
[2022-06-21 07:06:37,866] {scheduler_job.py:182} INFO - Started process (PID=240) to work on /home/airflow/.local/lib/python3.6/site-packages/airflow/example_dags/example_nested_branch_dag.py
[2022-06-21 07:06:37,870] {scheduler_job.py:633} INFO - Processing file /home/airflow/.local/lib/python3.6/site-packages/airflow/example_dags/example_nested_branch_dag.py for tasks to queue
[2022-06-21 07:06:37,873] {logging_mixin.py:104} INFO - [2022-06-21 07:06:37,872] {dagbag.py:487} INFO - Filling up the DagBag from /home/airflow/.local/lib/python3.6/site-packages/airflow/example_dags/example_nested_branch_dag.py
[2022-06-21 07:06:37,920] {scheduler_job.py:643} INFO - DAG(s) dict_keys(['example_nested_branch_dag']) retrieved from /home/airflow/.local/lib/python3.6/site-packages/airflow/example_dags/example_nested_branch_dag.py
[2022-06-21 07:06:37,972] {logging_mixin.py:104} INFO - [2022-06-21 07:06:37,971] {dag.py:1832} INFO - Sync 1 DAGs
[2022-06-21 07:06:38,011] {logging_mixin.py:104} INFO - [2022-06-21 07:06:38,011] {dag.py:2305} INFO - Setting next_dagrun for example_nested_branch_dag to 2022-06-19 00:00:00+00:00
[2022-06-21 07:06:38,030] {scheduler_job.py:190} INFO - Processing /home/airflow/.local/lib/python3.6/site-packages/airflow/example_dags/example_nested_branch_dag.py took 0.176 seconds
[2022-06-21 07:07:22,412] {scheduler_job.py:182} INFO - Started process (PID=303) to work on /home/airflow/.local/lib/python3.6/site-packages/airflow/example_dags/example_nested_branch_dag.py
[2022-06-21 07:07:22,415] {scheduler_job.py:633} INFO - Processing file /home/airflow/.local/lib/python3.6/site-packages/airflow/example_dags/example_nested_branch_dag.py for tasks to queue
[2022-06-21 07:07:22,417] {logging_mixin.py:104} INFO - [2022-06-21 07:07:22,417] {dagbag.py:487} INFO - Filling up the DagBag from /home/airflow/.local/lib/python3.6/site-packages/airflow/example_dags/example_nested_branch_dag.py
[2022-06-21 07:07:22,454] {scheduler_job.py:643} INFO - DAG(s) dict_keys(['example_nested_branch_dag']) retrieved from /home/airflow/.local/lib/python3.6/site-packages/airflow/example_dags/example_nested_branch_dag.py
[2022-06-21 07:07:22,477] {logging_mixin.py:104} INFO - [2022-06-21 07:07:22,476] {dag.py:1832} INFO - Sync 1 DAGs
[2022-06-21 07:07:22,503] {logging_mixin.py:104} INFO - [2022-06-21 07:07:22,503] {dag.py:2305} INFO - Setting next_dagrun for example_nested_branch_dag to 2022-06-19 00:00:00+00:00
[2022-06-21 07:07:22,519] {scheduler_job.py:190} INFO - Processing /home/airflow/.local/lib/python3.6/site-packages/airflow/example_dags/example_nested_branch_dag.py took 0.111 seconds
[2022-06-21 07:07:52,927] {scheduler_job.py:182} INFO - Started process (PID=365) to work on /home/airflow/.local/lib/python3.6/site-packages/airflow/example_dags/example_nested_branch_dag.py
[2022-06-21 07:07:52,929] {scheduler_job.py:633} INFO - Processing file /home/airflow/.local/lib/python3.6/site-packages/airflow/example_dags/example_nested_branch_dag.py for tasks to queue
[2022-06-21 07:07:52,930] {logging_mixin.py:104} INFO - [2022-06-21 07:07:52,930] {dagbag.py:487} INFO - Filling up the DagBag from /home/airflow/.local/lib/python3.6/site-packages/airflow/example_dags/example_nested_branch_dag.py
[2022-06-21 07:07:52,956] {scheduler_job.py:643} INFO - DAG(s) dict_keys(['example_nested_branch_dag']) retrieved from /home/airflow/.local/lib/python3.6/site-packages/airflow/example_dags/example_nested_branch_dag.py
[2022-06-21 07:07:52,979] {logging_mixin.py:104} INFO - [2022-06-21 07:07:52,979] {dag.py:1832} INFO - Sync 1 DAGs
[2022-06-21 07:07:52,999] {logging_mixin.py:104} INFO - [2022-06-21 07:07:52,999] {dag.py:2305} INFO - Setting next_dagrun for example_nested_branch_dag to 2022-06-19 00:00:00+00:00
[2022-06-21 07:07:53,012] {scheduler_job.py:190} INFO - Processing /home/airflow/.local/lib/python3.6/site-packages/airflow/example_dags/example_nested_branch_dag.py took 0.089 seconds
[2022-06-21 07:08:23,759] {scheduler_job.py:182} INFO - Started process (PID=444) to work on /home/airflow/.local/lib/python3.6/site-packages/airflow/example_dags/example_nested_branch_dag.py
[2022-06-21 07:08:23,764] {scheduler_job.py:633} INFO - Processing file /home/airflow/.local/lib/python3.6/site-packages/airflow/example_dags/example_nested_branch_dag.py for tasks to queue
[2022-06-21 07:08:23,765] {logging_mixin.py:104} INFO - [2022-06-21 07:08:23,765] {dagbag.py:487} INFO - Filling up the DagBag from /home/airflow/.local/lib/python3.6/site-packages/airflow/example_dags/example_nested_branch_dag.py
[2022-06-21 07:08:23,804] {scheduler_job.py:643} INFO - DAG(s) dict_keys(['example_nested_branch_dag']) retrieved from /home/airflow/.local/lib/python3.6/site-packages/airflow/example_dags/example_nested_branch_dag.py
[2022-06-21 07:08:23,831] {logging_mixin.py:104} INFO - [2022-06-21 07:08:23,831] {dag.py:1832} INFO - Sync 1 DAGs
[2022-06-21 07:08:23,851] {logging_mixin.py:104} INFO - [2022-06-21 07:08:23,851] {dag.py:2305} INFO - Setting next_dagrun for example_nested_branch_dag to 2022-06-19 00:00:00+00:00
[2022-06-21 07:08:23,863] {scheduler_job.py:190} INFO - Processing /home/airflow/.local/lib/python3.6/site-packages/airflow/example_dags/example_nested_branch_dag.py took 0.108 seconds
[2022-06-21 07:08:54,294] {scheduler_job.py:182} INFO - Started process (PID=506) to work on /home/airflow/.local/lib/python3.6/site-packages/airflow/example_dags/example_nested_branch_dag.py
[2022-06-21 07:08:54,296] {scheduler_job.py:633} INFO - Processing file /home/airflow/.local/lib/python3.6/site-packages/airflow/example_dags/example_nested_branch_dag.py for tasks to queue
[2022-06-21 07:08:54,298] {logging_mixin.py:104} INFO - [2022-06-21 07:08:54,298] {dagbag.py:487} INFO - Filling up the DagBag from /home/airflow/.local/lib/python3.6/site-packages/airflow/example_dags/example_nested_branch_dag.py
[2022-06-21 07:08:54,318] {scheduler_job.py:643} INFO - DAG(s) dict_keys(['example_nested_branch_dag']) retrieved from /home/airflow/.local/lib/python3.6/site-packages/airflow/example_dags/example_nested_branch_dag.py
[2022-06-21 07:08:54,342] {logging_mixin.py:104} INFO - [2022-06-21 07:08:54,342] {dag.py:1832} INFO - Sync 1 DAGs
[2022-06-21 07:08:54,366] {logging_mixin.py:104} INFO - [2022-06-21 07:08:54,366] {dag.py:2305} INFO - Setting next_dagrun for example_nested_branch_dag to 2022-06-19 00:00:00+00:00
[2022-06-21 07:08:54,378] {scheduler_job.py:190} INFO - Processing /home/airflow/.local/lib/python3.6/site-packages/airflow/example_dags/example_nested_branch_dag.py took 0.087 seconds
[2022-06-21 07:11:09,666] {scheduler_job.py:182} INFO - Started process (PID=63) to work on /home/airflow/.local/lib/python3.6/site-packages/airflow/example_dags/example_nested_branch_dag.py
[2022-06-21 07:11:09,668] {scheduler_job.py:633} INFO - Processing file /home/airflow/.local/lib/python3.6/site-packages/airflow/example_dags/example_nested_branch_dag.py for tasks to queue
[2022-06-21 07:11:09,670] {logging_mixin.py:104} INFO - [2022-06-21 07:11:09,670] {dagbag.py:487} INFO - Filling up the DagBag from /home/airflow/.local/lib/python3.6/site-packages/airflow/example_dags/example_nested_branch_dag.py
[2022-06-21 07:11:09,696] {scheduler_job.py:643} INFO - DAG(s) dict_keys(['example_nested_branch_dag']) retrieved from /home/airflow/.local/lib/python3.6/site-packages/airflow/example_dags/example_nested_branch_dag.py
[2022-06-21 07:11:09,735] {logging_mixin.py:104} INFO - [2022-06-21 07:11:09,735] {dag.py:1832} INFO - Sync 1 DAGs
[2022-06-21 07:11:09,796] {logging_mixin.py:104} INFO - [2022-06-21 07:11:09,795] {dag.py:2305} INFO - Setting next_dagrun for example_nested_branch_dag to 2022-06-19 00:00:00+00:00
[2022-06-21 07:11:09,830] {scheduler_job.py:190} INFO - Processing /home/airflow/.local/lib/python3.6/site-packages/airflow/example_dags/example_nested_branch_dag.py took 0.168 seconds
[2022-06-21 07:11:45,890] {scheduler_job.py:182} INFO - Started process (PID=114) to work on /home/airflow/.local/lib/python3.6/site-packages/airflow/example_dags/example_nested_branch_dag.py
[2022-06-21 07:11:45,892] {scheduler_job.py:633} INFO - Processing file /home/airflow/.local/lib/python3.6/site-packages/airflow/example_dags/example_nested_branch_dag.py for tasks to queue
[2022-06-21 07:11:45,893] {logging_mixin.py:104} INFO - [2022-06-21 07:11:45,893] {dagbag.py:487} INFO - Filling up the DagBag from /home/airflow/.local/lib/python3.6/site-packages/airflow/example_dags/example_nested_branch_dag.py
[2022-06-21 07:11:45,914] {scheduler_job.py:643} INFO - DAG(s) dict_keys(['example_nested_branch_dag']) retrieved from /home/airflow/.local/lib/python3.6/site-packages/airflow/example_dags/example_nested_branch_dag.py
[2022-06-21 07:11:45,938] {logging_mixin.py:104} INFO - [2022-06-21 07:11:45,938] {dag.py:1832} INFO - Sync 1 DAGs
[2022-06-21 07:11:45,956] {logging_mixin.py:104} INFO - [2022-06-21 07:11:45,956] {dag.py:2305} INFO - Setting next_dagrun for example_nested_branch_dag to 2022-06-19 00:00:00+00:00
[2022-06-21 07:11:45,967] {scheduler_job.py:190} INFO - Processing /home/airflow/.local/lib/python3.6/site-packages/airflow/example_dags/example_nested_branch_dag.py took 0.080 seconds
[2022-06-21 07:12:17,992] {scheduler_job.py:182} INFO - Started process (PID=161) to work on /home/airflow/.local/lib/python3.6/site-packages/airflow/example_dags/example_nested_branch_dag.py
[2022-06-21 07:12:17,995] {scheduler_job.py:633} INFO - Processing file /home/airflow/.local/lib/python3.6/site-packages/airflow/example_dags/example_nested_branch_dag.py for tasks to queue
[2022-06-21 07:12:17,998] {logging_mixin.py:104} INFO - [2022-06-21 07:12:17,998] {dagbag.py:487} INFO - Filling up the DagBag from /home/airflow/.local/lib/python3.6/site-packages/airflow/example_dags/example_nested_branch_dag.py
[2022-06-21 07:12:18,023] {scheduler_job.py:643} INFO - DAG(s) dict_keys(['example_nested_branch_dag']) retrieved from /home/airflow/.local/lib/python3.6/site-packages/airflow/example_dags/example_nested_branch_dag.py
[2022-06-21 07:12:18,055] {logging_mixin.py:104} INFO - [2022-06-21 07:12:18,054] {dag.py:1832} INFO - Sync 1 DAGs
[2022-06-21 07:12:18,081] {logging_mixin.py:104} INFO - [2022-06-21 07:12:18,081] {dag.py:2305} INFO - Setting next_dagrun for example_nested_branch_dag to 2022-06-19 00:00:00+00:00
[2022-06-21 07:12:18,097] {scheduler_job.py:190} INFO - Processing /home/airflow/.local/lib/python3.6/site-packages/airflow/example_dags/example_nested_branch_dag.py took 0.111 seconds
[2022-06-21 07:12:57,941] {scheduler_job.py:182} INFO - Started process (PID=207) to work on /home/airflow/.local/lib/python3.6/site-packages/airflow/example_dags/example_nested_branch_dag.py
[2022-06-21 07:12:57,943] {scheduler_job.py:633} INFO - Processing file /home/airflow/.local/lib/python3.6/site-packages/airflow/example_dags/example_nested_branch_dag.py for tasks to queue
[2022-06-21 07:12:57,945] {logging_mixin.py:104} INFO - [2022-06-21 07:12:57,945] {dagbag.py:487} INFO - Filling up the DagBag from /home/airflow/.local/lib/python3.6/site-packages/airflow/example_dags/example_nested_branch_dag.py
[2022-06-21 07:12:57,968] {scheduler_job.py:643} INFO - DAG(s) dict_keys(['example_nested_branch_dag']) retrieved from /home/airflow/.local/lib/python3.6/site-packages/airflow/example_dags/example_nested_branch_dag.py
[2022-06-21 07:12:57,993] {logging_mixin.py:104} INFO - [2022-06-21 07:12:57,993] {dag.py:1832} INFO - Sync 1 DAGs
[2022-06-21 07:12:58,015] {logging_mixin.py:104} INFO - [2022-06-21 07:12:58,014] {dag.py:2305} INFO - Setting next_dagrun for example_nested_branch_dag to 2022-06-19 00:00:00+00:00
[2022-06-21 07:12:58,024] {scheduler_job.py:190} INFO - Processing /home/airflow/.local/lib/python3.6/site-packages/airflow/example_dags/example_nested_branch_dag.py took 0.087 seconds
[2022-06-21 07:14:41,681] {scheduler_job.py:182} INFO - Started process (PID=258) to work on /home/airflow/.local/lib/python3.6/site-packages/airflow/example_dags/example_nested_branch_dag.py
[2022-06-21 07:14:41,685] {scheduler_job.py:633} INFO - Processing file /home/airflow/.local/lib/python3.6/site-packages/airflow/example_dags/example_nested_branch_dag.py for tasks to queue
[2022-06-21 07:14:41,686] {logging_mixin.py:104} INFO - [2022-06-21 07:14:41,686] {dagbag.py:487} INFO - Filling up the DagBag from /home/airflow/.local/lib/python3.6/site-packages/airflow/example_dags/example_nested_branch_dag.py
[2022-06-21 07:14:41,704] {scheduler_job.py:643} INFO - DAG(s) dict_keys(['example_nested_branch_dag']) retrieved from /home/airflow/.local/lib/python3.6/site-packages/airflow/example_dags/example_nested_branch_dag.py
[2022-06-21 07:14:41,731] {logging_mixin.py:104} INFO - [2022-06-21 07:14:41,730] {dag.py:1832} INFO - Sync 1 DAGs
[2022-06-21 07:14:41,749] {logging_mixin.py:104} INFO - [2022-06-21 07:14:41,749] {dag.py:2305} INFO - Setting next_dagrun for example_nested_branch_dag to 2022-06-19 00:00:00+00:00
[2022-06-21 07:14:41,763] {scheduler_job.py:190} INFO - Processing /home/airflow/.local/lib/python3.6/site-packages/airflow/example_dags/example_nested_branch_dag.py took 0.086 seconds
[2022-06-21 07:15:33,675] {scheduler_job.py:182} INFO - Started process (PID=315) to work on /home/airflow/.local/lib/python3.6/site-packages/airflow/example_dags/example_nested_branch_dag.py
[2022-06-21 07:15:33,677] {scheduler_job.py:633} INFO - Processing file /home/airflow/.local/lib/python3.6/site-packages/airflow/example_dags/example_nested_branch_dag.py for tasks to queue
[2022-06-21 07:15:33,679] {logging_mixin.py:104} INFO - [2022-06-21 07:15:33,678] {dagbag.py:487} INFO - Filling up the DagBag from /home/airflow/.local/lib/python3.6/site-packages/airflow/example_dags/example_nested_branch_dag.py
[2022-06-21 07:15:33,697] {scheduler_job.py:643} INFO - DAG(s) dict_keys(['example_nested_branch_dag']) retrieved from /home/airflow/.local/lib/python3.6/site-packages/airflow/example_dags/example_nested_branch_dag.py
[2022-06-21 07:15:33,730] {logging_mixin.py:104} INFO - [2022-06-21 07:15:33,730] {dag.py:1832} INFO - Sync 1 DAGs
[2022-06-21 07:15:33,749] {logging_mixin.py:104} INFO - [2022-06-21 07:15:33,749] {dag.py:2305} INFO - Setting next_dagrun for example_nested_branch_dag to 2022-06-19 00:00:00+00:00
[2022-06-21 07:15:33,762] {scheduler_job.py:190} INFO - Processing /home/airflow/.local/lib/python3.6/site-packages/airflow/example_dags/example_nested_branch_dag.py took 0.091 seconds
[2022-06-21 07:16:09,786] {scheduler_job.py:182} INFO - Started process (PID=363) to work on /home/airflow/.local/lib/python3.6/site-packages/airflow/example_dags/example_nested_branch_dag.py
[2022-06-21 07:16:09,789] {scheduler_job.py:633} INFO - Processing file /home/airflow/.local/lib/python3.6/site-packages/airflow/example_dags/example_nested_branch_dag.py for tasks to queue
[2022-06-21 07:16:09,792] {logging_mixin.py:104} INFO - [2022-06-21 07:16:09,792] {dagbag.py:487} INFO - Filling up the DagBag from /home/airflow/.local/lib/python3.6/site-packages/airflow/example_dags/example_nested_branch_dag.py
[2022-06-21 07:16:09,821] {scheduler_job.py:643} INFO - DAG(s) dict_keys(['example_nested_branch_dag']) retrieved from /home/airflow/.local/lib/python3.6/site-packages/airflow/example_dags/example_nested_branch_dag.py
[2022-06-21 07:16:09,859] {logging_mixin.py:104} INFO - [2022-06-21 07:16:09,859] {dag.py:1832} INFO - Sync 1 DAGs
[2022-06-21 07:16:09,882] {logging_mixin.py:104} INFO - [2022-06-21 07:16:09,882] {dag.py:2305} INFO - Setting next_dagrun for example_nested_branch_dag to 2022-06-19 00:00:00+00:00
[2022-06-21 07:16:09,898] {scheduler_job.py:190} INFO - Processing /home/airflow/.local/lib/python3.6/site-packages/airflow/example_dags/example_nested_branch_dag.py took 0.116 seconds
[2022-06-21 07:16:48,894] {scheduler_job.py:182} INFO - Started process (PID=436) to work on /home/airflow/.local/lib/python3.6/site-packages/airflow/example_dags/example_nested_branch_dag.py
[2022-06-21 07:16:48,897] {scheduler_job.py:633} INFO - Processing file /home/airflow/.local/lib/python3.6/site-packages/airflow/example_dags/example_nested_branch_dag.py for tasks to queue
[2022-06-21 07:16:48,899] {logging_mixin.py:104} INFO - [2022-06-21 07:16:48,898] {dagbag.py:487} INFO - Filling up the DagBag from /home/airflow/.local/lib/python3.6/site-packages/airflow/example_dags/example_nested_branch_dag.py
[2022-06-21 07:16:48,924] {scheduler_job.py:643} INFO - DAG(s) dict_keys(['example_nested_branch_dag']) retrieved from /home/airflow/.local/lib/python3.6/site-packages/airflow/example_dags/example_nested_branch_dag.py
[2022-06-21 07:16:48,962] {logging_mixin.py:104} INFO - [2022-06-21 07:16:48,962] {dag.py:1832} INFO - Sync 1 DAGs
[2022-06-21 07:16:48,985] {logging_mixin.py:104} INFO - [2022-06-21 07:16:48,985] {dag.py:2305} INFO - Setting next_dagrun for example_nested_branch_dag to 2022-06-19 00:00:00+00:00
[2022-06-21 07:16:49,022] {scheduler_job.py:190} INFO - Processing /home/airflow/.local/lib/python3.6/site-packages/airflow/example_dags/example_nested_branch_dag.py took 0.133 seconds
[2022-06-21 07:17:19,132] {scheduler_job.py:182} INFO - Started process (PID=494) to work on /home/airflow/.local/lib/python3.6/site-packages/airflow/example_dags/example_nested_branch_dag.py
[2022-06-21 07:17:19,134] {scheduler_job.py:633} INFO - Processing file /home/airflow/.local/lib/python3.6/site-packages/airflow/example_dags/example_nested_branch_dag.py for tasks to queue
[2022-06-21 07:17:19,136] {logging_mixin.py:104} INFO - [2022-06-21 07:17:19,135] {dagbag.py:487} INFO - Filling up the DagBag from /home/airflow/.local/lib/python3.6/site-packages/airflow/example_dags/example_nested_branch_dag.py
[2022-06-21 07:17:19,155] {scheduler_job.py:643} INFO - DAG(s) dict_keys(['example_nested_branch_dag']) retrieved from /home/airflow/.local/lib/python3.6/site-packages/airflow/example_dags/example_nested_branch_dag.py
[2022-06-21 07:17:19,181] {logging_mixin.py:104} INFO - [2022-06-21 07:17:19,181] {dag.py:1832} INFO - Sync 1 DAGs
[2022-06-21 07:17:19,200] {logging_mixin.py:104} INFO - [2022-06-21 07:17:19,200] {dag.py:2305} INFO - Setting next_dagrun for example_nested_branch_dag to 2022-06-19 00:00:00+00:00
[2022-06-21 07:17:19,214] {scheduler_job.py:190} INFO - Processing /home/airflow/.local/lib/python3.6/site-packages/airflow/example_dags/example_nested_branch_dag.py took 0.086 seconds
[2022-06-21 07:20:39,466] {scheduler_job.py:182} INFO - Started process (PID=67) to work on /home/airflow/.local/lib/python3.6/site-packages/airflow/example_dags/example_nested_branch_dag.py
[2022-06-21 07:20:39,468] {scheduler_job.py:633} INFO - Processing file /home/airflow/.local/lib/python3.6/site-packages/airflow/example_dags/example_nested_branch_dag.py for tasks to queue
[2022-06-21 07:20:39,471] {logging_mixin.py:104} INFO - [2022-06-21 07:20:39,471] {dagbag.py:487} INFO - Filling up the DagBag from /home/airflow/.local/lib/python3.6/site-packages/airflow/example_dags/example_nested_branch_dag.py
[2022-06-21 07:20:39,497] {scheduler_job.py:643} INFO - DAG(s) dict_keys(['example_nested_branch_dag']) retrieved from /home/airflow/.local/lib/python3.6/site-packages/airflow/example_dags/example_nested_branch_dag.py
[2022-06-21 07:20:39,532] {logging_mixin.py:104} INFO - [2022-06-21 07:20:39,531] {dag.py:1832} INFO - Sync 1 DAGs
[2022-06-21 07:20:39,560] {logging_mixin.py:104} INFO - [2022-06-21 07:20:39,560] {dag.py:2305} INFO - Setting next_dagrun for example_nested_branch_dag to 2022-06-19 00:00:00+00:00
[2022-06-21 07:20:39,625] {scheduler_job.py:190} INFO - Processing /home/airflow/.local/lib/python3.6/site-packages/airflow/example_dags/example_nested_branch_dag.py took 0.164 seconds
[2022-06-21 07:21:10,574] {scheduler_job.py:182} INFO - Started process (PID=110) to work on /home/airflow/.local/lib/python3.6/site-packages/airflow/example_dags/example_nested_branch_dag.py
[2022-06-21 07:21:10,576] {scheduler_job.py:633} INFO - Processing file /home/airflow/.local/lib/python3.6/site-packages/airflow/example_dags/example_nested_branch_dag.py for tasks to queue
[2022-06-21 07:21:10,578] {logging_mixin.py:104} INFO - [2022-06-21 07:21:10,577] {dagbag.py:487} INFO - Filling up the DagBag from /home/airflow/.local/lib/python3.6/site-packages/airflow/example_dags/example_nested_branch_dag.py
[2022-06-21 07:21:10,599] {scheduler_job.py:643} INFO - DAG(s) dict_keys(['example_nested_branch_dag']) retrieved from /home/airflow/.local/lib/python3.6/site-packages/airflow/example_dags/example_nested_branch_dag.py
[2022-06-21 07:21:10,621] {logging_mixin.py:104} INFO - [2022-06-21 07:21:10,621] {dag.py:1832} INFO - Sync 1 DAGs
[2022-06-21 07:21:10,646] {logging_mixin.py:104} INFO - [2022-06-21 07:21:10,646] {dag.py:2305} INFO - Setting next_dagrun for example_nested_branch_dag to 2022-06-19 00:00:00+00:00
[2022-06-21 07:21:10,673] {scheduler_job.py:190} INFO - Processing /home/airflow/.local/lib/python3.6/site-packages/airflow/example_dags/example_nested_branch_dag.py took 0.103 seconds
[2022-06-21 07:21:47,761] {scheduler_job.py:182} INFO - Started process (PID=172) to work on /home/airflow/.local/lib/python3.6/site-packages/airflow/example_dags/example_nested_branch_dag.py
[2022-06-21 07:21:47,763] {scheduler_job.py:633} INFO - Processing file /home/airflow/.local/lib/python3.6/site-packages/airflow/example_dags/example_nested_branch_dag.py for tasks to queue
[2022-06-21 07:21:47,764] {logging_mixin.py:104} INFO - [2022-06-21 07:21:47,764] {dagbag.py:487} INFO - Filling up the DagBag from /home/airflow/.local/lib/python3.6/site-packages/airflow/example_dags/example_nested_branch_dag.py
[2022-06-21 07:21:47,789] {scheduler_job.py:643} INFO - DAG(s) dict_keys(['example_nested_branch_dag']) retrieved from /home/airflow/.local/lib/python3.6/site-packages/airflow/example_dags/example_nested_branch_dag.py
[2022-06-21 07:21:47,820] {logging_mixin.py:104} INFO - [2022-06-21 07:21:47,820] {dag.py:1832} INFO - Sync 1 DAGs
[2022-06-21 07:21:47,850] {logging_mixin.py:104} INFO - [2022-06-21 07:21:47,850] {dag.py:2305} INFO - Setting next_dagrun for example_nested_branch_dag to 2022-06-19 00:00:00+00:00
[2022-06-21 07:21:47,864] {scheduler_job.py:190} INFO - Processing /home/airflow/.local/lib/python3.6/site-packages/airflow/example_dags/example_nested_branch_dag.py took 0.107 seconds
[2022-06-21 07:22:24,555] {scheduler_job.py:182} INFO - Started process (PID=233) to work on /home/airflow/.local/lib/python3.6/site-packages/airflow/example_dags/example_nested_branch_dag.py
[2022-06-21 07:22:24,557] {scheduler_job.py:633} INFO - Processing file /home/airflow/.local/lib/python3.6/site-packages/airflow/example_dags/example_nested_branch_dag.py for tasks to queue
[2022-06-21 07:22:24,559] {logging_mixin.py:104} INFO - [2022-06-21 07:22:24,559] {dagbag.py:487} INFO - Filling up the DagBag from /home/airflow/.local/lib/python3.6/site-packages/airflow/example_dags/example_nested_branch_dag.py
[2022-06-21 07:22:24,585] {scheduler_job.py:643} INFO - DAG(s) dict_keys(['example_nested_branch_dag']) retrieved from /home/airflow/.local/lib/python3.6/site-packages/airflow/example_dags/example_nested_branch_dag.py
[2022-06-21 07:22:24,626] {logging_mixin.py:104} INFO - [2022-06-21 07:22:24,626] {dag.py:1832} INFO - Sync 1 DAGs
[2022-06-21 07:22:24,648] {logging_mixin.py:104} INFO - [2022-06-21 07:22:24,648] {dag.py:2305} INFO - Setting next_dagrun for example_nested_branch_dag to 2022-06-19 00:00:00+00:00
[2022-06-21 07:22:24,669] {scheduler_job.py:190} INFO - Processing /home/airflow/.local/lib/python3.6/site-packages/airflow/example_dags/example_nested_branch_dag.py took 0.118 seconds
[2022-06-21 07:23:05,818] {scheduler_job.py:182} INFO - Started process (PID=285) to work on /home/airflow/.local/lib/python3.6/site-packages/airflow/example_dags/example_nested_branch_dag.py
[2022-06-21 07:23:05,820] {scheduler_job.py:633} INFO - Processing file /home/airflow/.local/lib/python3.6/site-packages/airflow/example_dags/example_nested_branch_dag.py for tasks to queue
[2022-06-21 07:23:05,822] {logging_mixin.py:104} INFO - [2022-06-21 07:23:05,822] {dagbag.py:487} INFO - Filling up the DagBag from /home/airflow/.local/lib/python3.6/site-packages/airflow/example_dags/example_nested_branch_dag.py
[2022-06-21 07:23:05,841] {scheduler_job.py:643} INFO - DAG(s) dict_keys(['example_nested_branch_dag']) retrieved from /home/airflow/.local/lib/python3.6/site-packages/airflow/example_dags/example_nested_branch_dag.py
[2022-06-21 07:23:05,864] {logging_mixin.py:104} INFO - [2022-06-21 07:23:05,864] {dag.py:1832} INFO - Sync 1 DAGs
[2022-06-21 07:23:05,885] {logging_mixin.py:104} INFO - [2022-06-21 07:23:05,885] {dag.py:2305} INFO - Setting next_dagrun for example_nested_branch_dag to 2022-06-19 00:00:00+00:00
[2022-06-21 07:23:05,896] {scheduler_job.py:190} INFO - Processing /home/airflow/.local/lib/python3.6/site-packages/airflow/example_dags/example_nested_branch_dag.py took 0.082 seconds
[2022-06-21 07:23:36,480] {scheduler_job.py:182} INFO - Started process (PID=345) to work on /home/airflow/.local/lib/python3.6/site-packages/airflow/example_dags/example_nested_branch_dag.py
[2022-06-21 07:23:36,482] {scheduler_job.py:633} INFO - Processing file /home/airflow/.local/lib/python3.6/site-packages/airflow/example_dags/example_nested_branch_dag.py for tasks to queue
[2022-06-21 07:23:36,484] {logging_mixin.py:104} INFO - [2022-06-21 07:23:36,484] {dagbag.py:487} INFO - Filling up the DagBag from /home/airflow/.local/lib/python3.6/site-packages/airflow/example_dags/example_nested_branch_dag.py
[2022-06-21 07:23:36,507] {scheduler_job.py:643} INFO - DAG(s) dict_keys(['example_nested_branch_dag']) retrieved from /home/airflow/.local/lib/python3.6/site-packages/airflow/example_dags/example_nested_branch_dag.py
[2022-06-21 07:23:36,537] {logging_mixin.py:104} INFO - [2022-06-21 07:23:36,536] {dag.py:1832} INFO - Sync 1 DAGs
[2022-06-21 07:23:36,563] {logging_mixin.py:104} INFO - [2022-06-21 07:23:36,563] {dag.py:2305} INFO - Setting next_dagrun for example_nested_branch_dag to 2022-06-19 00:00:00+00:00
[2022-06-21 07:23:36,578] {scheduler_job.py:190} INFO - Processing /home/airflow/.local/lib/python3.6/site-packages/airflow/example_dags/example_nested_branch_dag.py took 0.103 seconds
[2022-06-21 07:24:06,685] {scheduler_job.py:182} INFO - Started process (PID=408) to work on /home/airflow/.local/lib/python3.6/site-packages/airflow/example_dags/example_nested_branch_dag.py
[2022-06-21 07:24:06,687] {scheduler_job.py:633} INFO - Processing file /home/airflow/.local/lib/python3.6/site-packages/airflow/example_dags/example_nested_branch_dag.py for tasks to queue
[2022-06-21 07:24:06,688] {logging_mixin.py:104} INFO - [2022-06-21 07:24:06,688] {dagbag.py:487} INFO - Filling up the DagBag from /home/airflow/.local/lib/python3.6/site-packages/airflow/example_dags/example_nested_branch_dag.py
[2022-06-21 07:24:06,715] {scheduler_job.py:643} INFO - DAG(s) dict_keys(['example_nested_branch_dag']) retrieved from /home/airflow/.local/lib/python3.6/site-packages/airflow/example_dags/example_nested_branch_dag.py
[2022-06-21 07:24:06,749] {logging_mixin.py:104} INFO - [2022-06-21 07:24:06,749] {dag.py:1832} INFO - Sync 1 DAGs
[2022-06-21 07:24:06,799] {logging_mixin.py:104} INFO - [2022-06-21 07:24:06,799] {dag.py:2305} INFO - Setting next_dagrun for example_nested_branch_dag to 2022-06-19 00:00:00+00:00
[2022-06-21 07:24:06,821] {scheduler_job.py:190} INFO - Processing /home/airflow/.local/lib/python3.6/site-packages/airflow/example_dags/example_nested_branch_dag.py took 0.140 seconds
[2022-06-21 07:24:47,311] {scheduler_job.py:182} INFO - Started process (PID=70) to work on /home/airflow/.local/lib/python3.6/site-packages/airflow/example_dags/example_nested_branch_dag.py
[2022-06-21 07:24:47,316] {scheduler_job.py:633} INFO - Processing file /home/airflow/.local/lib/python3.6/site-packages/airflow/example_dags/example_nested_branch_dag.py for tasks to queue
[2022-06-21 07:24:47,318] {logging_mixin.py:104} INFO - [2022-06-21 07:24:47,318] {dagbag.py:487} INFO - Filling up the DagBag from /home/airflow/.local/lib/python3.6/site-packages/airflow/example_dags/example_nested_branch_dag.py
[2022-06-21 07:24:47,354] {scheduler_job.py:643} INFO - DAG(s) dict_keys(['example_nested_branch_dag']) retrieved from /home/airflow/.local/lib/python3.6/site-packages/airflow/example_dags/example_nested_branch_dag.py
[2022-06-21 07:24:47,485] {logging_mixin.py:104} INFO - [2022-06-21 07:24:47,485] {dag.py:1832} INFO - Sync 1 DAGs
[2022-06-21 07:24:47,520] {logging_mixin.py:104} INFO - [2022-06-21 07:24:47,520] {dag.py:2305} INFO - Setting next_dagrun for example_nested_branch_dag to 2022-06-19 00:00:00+00:00
[2022-06-21 07:24:47,541] {scheduler_job.py:190} INFO - Processing /home/airflow/.local/lib/python3.6/site-packages/airflow/example_dags/example_nested_branch_dag.py took 0.238 seconds
[2022-06-21 07:25:20,078] {scheduler_job.py:182} INFO - Started process (PID=123) to work on /home/airflow/.local/lib/python3.6/site-packages/airflow/example_dags/example_nested_branch_dag.py
[2022-06-21 07:25:20,082] {scheduler_job.py:633} INFO - Processing file /home/airflow/.local/lib/python3.6/site-packages/airflow/example_dags/example_nested_branch_dag.py for tasks to queue
[2022-06-21 07:25:20,085] {logging_mixin.py:104} INFO - [2022-06-21 07:25:20,085] {dagbag.py:487} INFO - Filling up the DagBag from /home/airflow/.local/lib/python3.6/site-packages/airflow/example_dags/example_nested_branch_dag.py
[2022-06-21 07:25:20,121] {scheduler_job.py:643} INFO - DAG(s) dict_keys(['example_nested_branch_dag']) retrieved from /home/airflow/.local/lib/python3.6/site-packages/airflow/example_dags/example_nested_branch_dag.py
[2022-06-21 07:25:20,150] {logging_mixin.py:104} INFO - [2022-06-21 07:25:20,150] {dag.py:1832} INFO - Sync 1 DAGs
[2022-06-21 07:25:20,201] {logging_mixin.py:104} INFO - [2022-06-21 07:25:20,201] {dag.py:2305} INFO - Setting next_dagrun for example_nested_branch_dag to 2022-06-19 00:00:00+00:00
[2022-06-21 07:25:20,237] {scheduler_job.py:190} INFO - Processing /home/airflow/.local/lib/python3.6/site-packages/airflow/example_dags/example_nested_branch_dag.py took 0.165 seconds
[2022-06-21 07:25:50,502] {scheduler_job.py:182} INFO - Started process (PID=179) to work on /home/airflow/.local/lib/python3.6/site-packages/airflow/example_dags/example_nested_branch_dag.py
[2022-06-21 07:25:50,506] {scheduler_job.py:633} INFO - Processing file /home/airflow/.local/lib/python3.6/site-packages/airflow/example_dags/example_nested_branch_dag.py for tasks to queue
[2022-06-21 07:25:50,509] {logging_mixin.py:104} INFO - [2022-06-21 07:25:50,508] {dagbag.py:487} INFO - Filling up the DagBag from /home/airflow/.local/lib/python3.6/site-packages/airflow/example_dags/example_nested_branch_dag.py
[2022-06-21 07:25:50,545] {scheduler_job.py:643} INFO - DAG(s) dict_keys(['example_nested_branch_dag']) retrieved from /home/airflow/.local/lib/python3.6/site-packages/airflow/example_dags/example_nested_branch_dag.py
[2022-06-21 07:25:50,577] {logging_mixin.py:104} INFO - [2022-06-21 07:25:50,577] {dag.py:1832} INFO - Sync 1 DAGs
[2022-06-21 07:25:50,611] {logging_mixin.py:104} INFO - [2022-06-21 07:25:50,611] {dag.py:2305} INFO - Setting next_dagrun for example_nested_branch_dag to 2022-06-19 00:00:00+00:00
[2022-06-21 07:25:50,625] {scheduler_job.py:190} INFO - Processing /home/airflow/.local/lib/python3.6/site-packages/airflow/example_dags/example_nested_branch_dag.py took 0.128 seconds
[2022-06-21 07:26:59,085] {scheduler_job.py:182} INFO - Started process (PID=236) to work on /home/airflow/.local/lib/python3.6/site-packages/airflow/example_dags/example_nested_branch_dag.py
[2022-06-21 07:26:59,088] {scheduler_job.py:633} INFO - Processing file /home/airflow/.local/lib/python3.6/site-packages/airflow/example_dags/example_nested_branch_dag.py for tasks to queue
[2022-06-21 07:26:59,090] {logging_mixin.py:104} INFO - [2022-06-21 07:26:59,089] {dagbag.py:487} INFO - Filling up the DagBag from /home/airflow/.local/lib/python3.6/site-packages/airflow/example_dags/example_nested_branch_dag.py
[2022-06-21 07:26:59,132] {scheduler_job.py:643} INFO - DAG(s) dict_keys(['example_nested_branch_dag']) retrieved from /home/airflow/.local/lib/python3.6/site-packages/airflow/example_dags/example_nested_branch_dag.py
[2022-06-21 07:26:59,163] {logging_mixin.py:104} INFO - [2022-06-21 07:26:59,162] {dag.py:1832} INFO - Sync 1 DAGs
[2022-06-21 07:26:59,202] {logging_mixin.py:104} INFO - [2022-06-21 07:26:59,202] {dag.py:2305} INFO - Setting next_dagrun for example_nested_branch_dag to 2022-06-19 00:00:00+00:00
[2022-06-21 07:26:59,219] {scheduler_job.py:190} INFO - Processing /home/airflow/.local/lib/python3.6/site-packages/airflow/example_dags/example_nested_branch_dag.py took 0.138 seconds
[2022-06-21 07:27:30,174] {scheduler_job.py:182} INFO - Started process (PID=289) to work on /home/airflow/.local/lib/python3.6/site-packages/airflow/example_dags/example_nested_branch_dag.py
[2022-06-21 07:27:30,176] {scheduler_job.py:633} INFO - Processing file /home/airflow/.local/lib/python3.6/site-packages/airflow/example_dags/example_nested_branch_dag.py for tasks to queue
[2022-06-21 07:27:30,177] {logging_mixin.py:104} INFO - [2022-06-21 07:27:30,177] {dagbag.py:487} INFO - Filling up the DagBag from /home/airflow/.local/lib/python3.6/site-packages/airflow/example_dags/example_nested_branch_dag.py
[2022-06-21 07:27:30,202] {scheduler_job.py:643} INFO - DAG(s) dict_keys(['example_nested_branch_dag']) retrieved from /home/airflow/.local/lib/python3.6/site-packages/airflow/example_dags/example_nested_branch_dag.py
[2022-06-21 07:27:30,227] {logging_mixin.py:104} INFO - [2022-06-21 07:27:30,227] {dag.py:1832} INFO - Sync 1 DAGs
[2022-06-21 07:27:30,246] {logging_mixin.py:104} INFO - [2022-06-21 07:27:30,246] {dag.py:2305} INFO - Setting next_dagrun for example_nested_branch_dag to 2022-06-19 00:00:00+00:00
[2022-06-21 07:27:30,261] {scheduler_job.py:190} INFO - Processing /home/airflow/.local/lib/python3.6/site-packages/airflow/example_dags/example_nested_branch_dag.py took 0.091 seconds
[2022-06-21 07:28:05,349] {scheduler_job.py:182} INFO - Started process (PID=336) to work on /home/airflow/.local/lib/python3.6/site-packages/airflow/example_dags/example_nested_branch_dag.py
[2022-06-21 07:28:05,352] {scheduler_job.py:633} INFO - Processing file /home/airflow/.local/lib/python3.6/site-packages/airflow/example_dags/example_nested_branch_dag.py for tasks to queue
[2022-06-21 07:28:05,354] {logging_mixin.py:104} INFO - [2022-06-21 07:28:05,354] {dagbag.py:487} INFO - Filling up the DagBag from /home/airflow/.local/lib/python3.6/site-packages/airflow/example_dags/example_nested_branch_dag.py
[2022-06-21 07:28:05,384] {scheduler_job.py:643} INFO - DAG(s) dict_keys(['example_nested_branch_dag']) retrieved from /home/airflow/.local/lib/python3.6/site-packages/airflow/example_dags/example_nested_branch_dag.py
[2022-06-21 07:28:05,414] {logging_mixin.py:104} INFO - [2022-06-21 07:28:05,413] {dag.py:1832} INFO - Sync 1 DAGs
[2022-06-21 07:28:05,444] {logging_mixin.py:104} INFO - [2022-06-21 07:28:05,444] {dag.py:2305} INFO - Setting next_dagrun for example_nested_branch_dag to 2022-06-19 00:00:00+00:00
[2022-06-21 07:28:05,464] {scheduler_job.py:190} INFO - Processing /home/airflow/.local/lib/python3.6/site-packages/airflow/example_dags/example_nested_branch_dag.py took 0.121 seconds
[2022-06-21 07:28:35,835] {scheduler_job.py:182} INFO - Started process (PID=396) to work on /home/airflow/.local/lib/python3.6/site-packages/airflow/example_dags/example_nested_branch_dag.py
[2022-06-21 07:28:35,837] {scheduler_job.py:633} INFO - Processing file /home/airflow/.local/lib/python3.6/site-packages/airflow/example_dags/example_nested_branch_dag.py for tasks to queue
[2022-06-21 07:28:35,839] {logging_mixin.py:104} INFO - [2022-06-21 07:28:35,838] {dagbag.py:487} INFO - Filling up the DagBag from /home/airflow/.local/lib/python3.6/site-packages/airflow/example_dags/example_nested_branch_dag.py
[2022-06-21 07:28:35,860] {scheduler_job.py:643} INFO - DAG(s) dict_keys(['example_nested_branch_dag']) retrieved from /home/airflow/.local/lib/python3.6/site-packages/airflow/example_dags/example_nested_branch_dag.py
[2022-06-21 07:28:35,883] {logging_mixin.py:104} INFO - [2022-06-21 07:28:35,883] {dag.py:1832} INFO - Sync 1 DAGs
[2022-06-21 07:28:35,903] {logging_mixin.py:104} INFO - [2022-06-21 07:28:35,903] {dag.py:2305} INFO - Setting next_dagrun for example_nested_branch_dag to 2022-06-19 00:00:00+00:00
[2022-06-21 07:28:35,914] {scheduler_job.py:190} INFO - Processing /home/airflow/.local/lib/python3.6/site-packages/airflow/example_dags/example_nested_branch_dag.py took 0.083 seconds
[2022-06-21 07:29:28,198] {scheduler_job.py:182} INFO - Started process (PID=52) to work on /home/airflow/.local/lib/python3.6/site-packages/airflow/example_dags/example_nested_branch_dag.py
[2022-06-21 07:29:28,200] {scheduler_job.py:633} INFO - Processing file /home/airflow/.local/lib/python3.6/site-packages/airflow/example_dags/example_nested_branch_dag.py for tasks to queue
[2022-06-21 07:29:28,202] {logging_mixin.py:104} INFO - [2022-06-21 07:29:28,202] {dagbag.py:487} INFO - Filling up the DagBag from /home/airflow/.local/lib/python3.6/site-packages/airflow/example_dags/example_nested_branch_dag.py
[2022-06-21 07:29:28,222] {scheduler_job.py:643} INFO - DAG(s) dict_keys(['example_nested_branch_dag']) retrieved from /home/airflow/.local/lib/python3.6/site-packages/airflow/example_dags/example_nested_branch_dag.py
[2022-06-21 07:29:28,250] {logging_mixin.py:104} INFO - [2022-06-21 07:29:28,250] {dag.py:1832} INFO - Sync 1 DAGs
[2022-06-21 07:29:28,268] {logging_mixin.py:104} INFO - [2022-06-21 07:29:28,268] {dag.py:2305} INFO - Setting next_dagrun for example_nested_branch_dag to 2022-06-19 00:00:00+00:00
[2022-06-21 07:29:28,278] {scheduler_job.py:190} INFO - Processing /home/airflow/.local/lib/python3.6/site-packages/airflow/example_dags/example_nested_branch_dag.py took 0.084 seconds
[2022-06-21 07:29:58,452] {scheduler_job.py:182} INFO - Started process (PID=127) to work on /home/airflow/.local/lib/python3.6/site-packages/airflow/example_dags/example_nested_branch_dag.py
[2022-06-21 07:29:58,454] {scheduler_job.py:633} INFO - Processing file /home/airflow/.local/lib/python3.6/site-packages/airflow/example_dags/example_nested_branch_dag.py for tasks to queue
[2022-06-21 07:29:58,455] {logging_mixin.py:104} INFO - [2022-06-21 07:29:58,455] {dagbag.py:487} INFO - Filling up the DagBag from /home/airflow/.local/lib/python3.6/site-packages/airflow/example_dags/example_nested_branch_dag.py
[2022-06-21 07:29:58,470] {scheduler_job.py:643} INFO - DAG(s) dict_keys(['example_nested_branch_dag']) retrieved from /home/airflow/.local/lib/python3.6/site-packages/airflow/example_dags/example_nested_branch_dag.py
[2022-06-21 07:29:58,493] {logging_mixin.py:104} INFO - [2022-06-21 07:29:58,493] {dag.py:1832} INFO - Sync 1 DAGs
[2022-06-21 07:29:58,512] {logging_mixin.py:104} INFO - [2022-06-21 07:29:58,512] {dag.py:2305} INFO - Setting next_dagrun for example_nested_branch_dag to 2022-06-19 00:00:00+00:00
[2022-06-21 07:29:58,521] {scheduler_job.py:190} INFO - Processing /home/airflow/.local/lib/python3.6/site-packages/airflow/example_dags/example_nested_branch_dag.py took 0.073 seconds
[2022-06-21 07:30:28,702] {scheduler_job.py:182} INFO - Started process (PID=189) to work on /home/airflow/.local/lib/python3.6/site-packages/airflow/example_dags/example_nested_branch_dag.py
[2022-06-21 07:30:28,705] {scheduler_job.py:633} INFO - Processing file /home/airflow/.local/lib/python3.6/site-packages/airflow/example_dags/example_nested_branch_dag.py for tasks to queue
[2022-06-21 07:30:28,707] {logging_mixin.py:104} INFO - [2022-06-21 07:30:28,706] {dagbag.py:487} INFO - Filling up the DagBag from /home/airflow/.local/lib/python3.6/site-packages/airflow/example_dags/example_nested_branch_dag.py
[2022-06-21 07:30:28,724] {scheduler_job.py:643} INFO - DAG(s) dict_keys(['example_nested_branch_dag']) retrieved from /home/airflow/.local/lib/python3.6/site-packages/airflow/example_dags/example_nested_branch_dag.py
[2022-06-21 07:30:28,753] {logging_mixin.py:104} INFO - [2022-06-21 07:30:28,753] {dag.py:1832} INFO - Sync 1 DAGs
[2022-06-21 07:30:28,774] {logging_mixin.py:104} INFO - [2022-06-21 07:30:28,774] {dag.py:2305} INFO - Setting next_dagrun for example_nested_branch_dag to 2022-06-19 00:00:00+00:00
[2022-06-21 07:30:28,786] {scheduler_job.py:190} INFO - Processing /home/airflow/.local/lib/python3.6/site-packages/airflow/example_dags/example_nested_branch_dag.py took 0.087 seconds
[2022-06-21 07:31:34,415] {scheduler_job.py:182} INFO - Started process (PID=68) to work on /home/airflow/.local/lib/python3.6/site-packages/airflow/example_dags/example_nested_branch_dag.py
[2022-06-21 07:31:34,418] {scheduler_job.py:633} INFO - Processing file /home/airflow/.local/lib/python3.6/site-packages/airflow/example_dags/example_nested_branch_dag.py for tasks to queue
[2022-06-21 07:31:34,423] {logging_mixin.py:104} INFO - [2022-06-21 07:31:34,420] {dagbag.py:487} INFO - Filling up the DagBag from /home/airflow/.local/lib/python3.6/site-packages/airflow/example_dags/example_nested_branch_dag.py
[2022-06-21 07:31:34,459] {scheduler_job.py:643} INFO - DAG(s) dict_keys(['example_nested_branch_dag']) retrieved from /home/airflow/.local/lib/python3.6/site-packages/airflow/example_dags/example_nested_branch_dag.py
[2022-06-21 07:31:34,504] {logging_mixin.py:104} INFO - [2022-06-21 07:31:34,504] {dag.py:1832} INFO - Sync 1 DAGs
[2022-06-21 07:31:34,536] {logging_mixin.py:104} INFO - [2022-06-21 07:31:34,536] {dag.py:2305} INFO - Setting next_dagrun for example_nested_branch_dag to 2022-06-19 00:00:00+00:00
[2022-06-21 07:31:34,550] {scheduler_job.py:190} INFO - Processing /home/airflow/.local/lib/python3.6/site-packages/airflow/example_dags/example_nested_branch_dag.py took 0.147 seconds
[2022-06-21 07:32:04,814] {scheduler_job.py:182} INFO - Started process (PID=131) to work on /home/airflow/.local/lib/python3.6/site-packages/airflow/example_dags/example_nested_branch_dag.py
[2022-06-21 07:32:04,817] {scheduler_job.py:633} INFO - Processing file /home/airflow/.local/lib/python3.6/site-packages/airflow/example_dags/example_nested_branch_dag.py for tasks to queue
[2022-06-21 07:32:04,818] {logging_mixin.py:104} INFO - [2022-06-21 07:32:04,818] {dagbag.py:487} INFO - Filling up the DagBag from /home/airflow/.local/lib/python3.6/site-packages/airflow/example_dags/example_nested_branch_dag.py
[2022-06-21 07:32:04,846] {scheduler_job.py:643} INFO - DAG(s) dict_keys(['example_nested_branch_dag']) retrieved from /home/airflow/.local/lib/python3.6/site-packages/airflow/example_dags/example_nested_branch_dag.py
[2022-06-21 07:32:04,879] {logging_mixin.py:104} INFO - [2022-06-21 07:32:04,878] {dag.py:1832} INFO - Sync 1 DAGs
[2022-06-21 07:32:04,907] {logging_mixin.py:104} INFO - [2022-06-21 07:32:04,907] {dag.py:2305} INFO - Setting next_dagrun for example_nested_branch_dag to 2022-06-19 00:00:00+00:00
[2022-06-21 07:32:04,930] {scheduler_job.py:190} INFO - Processing /home/airflow/.local/lib/python3.6/site-packages/airflow/example_dags/example_nested_branch_dag.py took 0.122 seconds
[2022-06-21 07:32:35,920] {scheduler_job.py:182} INFO - Started process (PID=211) to work on /home/airflow/.local/lib/python3.6/site-packages/airflow/example_dags/example_nested_branch_dag.py
[2022-06-21 07:32:35,923] {scheduler_job.py:633} INFO - Processing file /home/airflow/.local/lib/python3.6/site-packages/airflow/example_dags/example_nested_branch_dag.py for tasks to queue
[2022-06-21 07:32:35,925] {logging_mixin.py:104} INFO - [2022-06-21 07:32:35,925] {dagbag.py:487} INFO - Filling up the DagBag from /home/airflow/.local/lib/python3.6/site-packages/airflow/example_dags/example_nested_branch_dag.py
[2022-06-21 07:32:35,950] {scheduler_job.py:643} INFO - DAG(s) dict_keys(['example_nested_branch_dag']) retrieved from /home/airflow/.local/lib/python3.6/site-packages/airflow/example_dags/example_nested_branch_dag.py
[2022-06-21 07:32:35,978] {logging_mixin.py:104} INFO - [2022-06-21 07:32:35,978] {dag.py:1832} INFO - Sync 1 DAGs
[2022-06-21 07:32:36,002] {logging_mixin.py:104} INFO - [2022-06-21 07:32:36,002] {dag.py:2305} INFO - Setting next_dagrun for example_nested_branch_dag to 2022-06-19 00:00:00+00:00
[2022-06-21 07:32:36,014] {scheduler_job.py:190} INFO - Processing /home/airflow/.local/lib/python3.6/site-packages/airflow/example_dags/example_nested_branch_dag.py took 0.099 seconds
[2022-06-21 07:33:07,005] {scheduler_job.py:182} INFO - Started process (PID=281) to work on /home/airflow/.local/lib/python3.6/site-packages/airflow/example_dags/example_nested_branch_dag.py
[2022-06-21 07:33:07,007] {scheduler_job.py:633} INFO - Processing file /home/airflow/.local/lib/python3.6/site-packages/airflow/example_dags/example_nested_branch_dag.py for tasks to queue
[2022-06-21 07:33:07,008] {logging_mixin.py:104} INFO - [2022-06-21 07:33:07,008] {dagbag.py:487} INFO - Filling up the DagBag from /home/airflow/.local/lib/python3.6/site-packages/airflow/example_dags/example_nested_branch_dag.py
[2022-06-21 07:33:07,026] {scheduler_job.py:643} INFO - DAG(s) dict_keys(['example_nested_branch_dag']) retrieved from /home/airflow/.local/lib/python3.6/site-packages/airflow/example_dags/example_nested_branch_dag.py
[2022-06-21 07:33:07,048] {logging_mixin.py:104} INFO - [2022-06-21 07:33:07,048] {dag.py:1832} INFO - Sync 1 DAGs
[2022-06-21 07:33:07,065] {logging_mixin.py:104} INFO - [2022-06-21 07:33:07,065] {dag.py:2305} INFO - Setting next_dagrun for example_nested_branch_dag to 2022-06-19 00:00:00+00:00
[2022-06-21 07:33:07,074] {scheduler_job.py:190} INFO - Processing /home/airflow/.local/lib/python3.6/site-packages/airflow/example_dags/example_nested_branch_dag.py took 0.072 seconds
[2022-06-21 07:33:37,260] {scheduler_job.py:182} INFO - Started process (PID=358) to work on /home/airflow/.local/lib/python3.6/site-packages/airflow/example_dags/example_nested_branch_dag.py
[2022-06-21 07:33:37,263] {scheduler_job.py:633} INFO - Processing file /home/airflow/.local/lib/python3.6/site-packages/airflow/example_dags/example_nested_branch_dag.py for tasks to queue
[2022-06-21 07:33:37,264] {logging_mixin.py:104} INFO - [2022-06-21 07:33:37,264] {dagbag.py:487} INFO - Filling up the DagBag from /home/airflow/.local/lib/python3.6/site-packages/airflow/example_dags/example_nested_branch_dag.py
[2022-06-21 07:33:37,282] {scheduler_job.py:643} INFO - DAG(s) dict_keys(['example_nested_branch_dag']) retrieved from /home/airflow/.local/lib/python3.6/site-packages/airflow/example_dags/example_nested_branch_dag.py
[2022-06-21 07:33:37,306] {logging_mixin.py:104} INFO - [2022-06-21 07:33:37,306] {dag.py:1832} INFO - Sync 1 DAGs
[2022-06-21 07:33:37,324] {logging_mixin.py:104} INFO - [2022-06-21 07:33:37,323] {dag.py:2305} INFO - Setting next_dagrun for example_nested_branch_dag to 2022-06-19 00:00:00+00:00
[2022-06-21 07:33:37,333] {scheduler_job.py:190} INFO - Processing /home/airflow/.local/lib/python3.6/site-packages/airflow/example_dags/example_nested_branch_dag.py took 0.076 seconds
