[2022-06-21 06:56:30,409] {scheduler_job.py:182} INFO - Started process (PID=134) to work on /home/airflow/.local/lib/python3.6/site-packages/airflow/example_dags/example_latest_only_with_trigger.py
[2022-06-21 06:56:30,411] {scheduler_job.py:633} INFO - Processing file /home/airflow/.local/lib/python3.6/site-packages/airflow/example_dags/example_latest_only_with_trigger.py for tasks to queue
[2022-06-21 06:56:30,415] {logging_mixin.py:104} INFO - [2022-06-21 06:56:30,414] {dagbag.py:487} INFO - Filling up the DagBag from /home/airflow/.local/lib/python3.6/site-packages/airflow/example_dags/example_latest_only_with_trigger.py
[2022-06-21 06:56:30,485] {scheduler_job.py:643} INFO - DAG(s) dict_keys(['latest_only_with_trigger']) retrieved from /home/airflow/.local/lib/python3.6/site-packages/airflow/example_dags/example_latest_only_with_trigger.py
[2022-06-21 06:56:33,520] {logging_mixin.py:104} INFO - [2022-06-21 06:56:33,519] {dag.py:1832} INFO - Sync 1 DAGs
[2022-06-21 06:56:33,531] {logging_mixin.py:104} INFO - [2022-06-21 06:56:33,530] {dag.py:1851} INFO - Creating ORM DAG for latest_only_with_trigger
[2022-06-21 06:56:33,536] {logging_mixin.py:104} INFO - [2022-06-21 06:56:33,536] {dag.py:2305} INFO - Setting next_dagrun for latest_only_with_trigger to 2022-06-19 00:00:00+00:00
[2022-06-21 06:56:33,546] {scheduler_job.py:190} INFO - Processing /home/airflow/.local/lib/python3.6/site-packages/airflow/example_dags/example_latest_only_with_trigger.py took 3.145 seconds
[2022-06-21 06:58:07,469] {scheduler_job.py:182} INFO - Started process (PID=189) to work on /home/airflow/.local/lib/python3.6/site-packages/airflow/example_dags/example_latest_only_with_trigger.py
[2022-06-21 06:58:07,472] {scheduler_job.py:633} INFO - Processing file /home/airflow/.local/lib/python3.6/site-packages/airflow/example_dags/example_latest_only_with_trigger.py for tasks to queue
[2022-06-21 06:58:07,477] {logging_mixin.py:104} INFO - [2022-06-21 06:58:07,477] {dagbag.py:487} INFO - Filling up the DagBag from /home/airflow/.local/lib/python3.6/site-packages/airflow/example_dags/example_latest_only_with_trigger.py
[2022-06-21 06:58:07,524] {scheduler_job.py:643} INFO - DAG(s) dict_keys(['latest_only_with_trigger']) retrieved from /home/airflow/.local/lib/python3.6/site-packages/airflow/example_dags/example_latest_only_with_trigger.py
[2022-06-21 06:58:07,593] {logging_mixin.py:104} INFO - [2022-06-21 06:58:07,593] {dag.py:1832} INFO - Sync 1 DAGs
[2022-06-21 06:58:07,615] {logging_mixin.py:104} INFO - [2022-06-21 06:58:07,615] {dag.py:2305} INFO - Setting next_dagrun for latest_only_with_trigger to 2022-06-19 00:00:00+00:00
[2022-06-21 06:58:07,638] {scheduler_job.py:190} INFO - Processing /home/airflow/.local/lib/python3.6/site-packages/airflow/example_dags/example_latest_only_with_trigger.py took 0.179 seconds
[2022-06-21 06:58:47,419] {scheduler_job.py:182} INFO - Started process (PID=267) to work on /home/airflow/.local/lib/python3.6/site-packages/airflow/example_dags/example_latest_only_with_trigger.py
[2022-06-21 06:58:47,425] {scheduler_job.py:633} INFO - Processing file /home/airflow/.local/lib/python3.6/site-packages/airflow/example_dags/example_latest_only_with_trigger.py for tasks to queue
[2022-06-21 06:58:47,429] {logging_mixin.py:104} INFO - [2022-06-21 06:58:47,429] {dagbag.py:487} INFO - Filling up the DagBag from /home/airflow/.local/lib/python3.6/site-packages/airflow/example_dags/example_latest_only_with_trigger.py
[2022-06-21 06:58:47,459] {scheduler_job.py:643} INFO - DAG(s) dict_keys(['latest_only_with_trigger']) retrieved from /home/airflow/.local/lib/python3.6/site-packages/airflow/example_dags/example_latest_only_with_trigger.py
[2022-06-21 06:58:47,514] {logging_mixin.py:104} INFO - [2022-06-21 06:58:47,514] {dag.py:1832} INFO - Sync 1 DAGs
[2022-06-21 06:58:47,544] {logging_mixin.py:104} INFO - [2022-06-21 06:58:47,544] {dag.py:2305} INFO - Setting next_dagrun for latest_only_with_trigger to 2022-06-19 00:00:00+00:00
[2022-06-21 06:58:47,575] {scheduler_job.py:190} INFO - Processing /home/airflow/.local/lib/python3.6/site-packages/airflow/example_dags/example_latest_only_with_trigger.py took 0.166 seconds
[2022-06-21 06:59:17,737] {scheduler_job.py:182} INFO - Started process (PID=319) to work on /home/airflow/.local/lib/python3.6/site-packages/airflow/example_dags/example_latest_only_with_trigger.py
[2022-06-21 06:59:17,740] {scheduler_job.py:633} INFO - Processing file /home/airflow/.local/lib/python3.6/site-packages/airflow/example_dags/example_latest_only_with_trigger.py for tasks to queue
[2022-06-21 06:59:17,742] {logging_mixin.py:104} INFO - [2022-06-21 06:59:17,742] {dagbag.py:487} INFO - Filling up the DagBag from /home/airflow/.local/lib/python3.6/site-packages/airflow/example_dags/example_latest_only_with_trigger.py
[2022-06-21 06:59:17,762] {scheduler_job.py:643} INFO - DAG(s) dict_keys(['latest_only_with_trigger']) retrieved from /home/airflow/.local/lib/python3.6/site-packages/airflow/example_dags/example_latest_only_with_trigger.py
[2022-06-21 06:59:17,799] {logging_mixin.py:104} INFO - [2022-06-21 06:59:17,799] {dag.py:1832} INFO - Sync 1 DAGs
[2022-06-21 06:59:17,818] {logging_mixin.py:104} INFO - [2022-06-21 06:59:17,817] {dag.py:2305} INFO - Setting next_dagrun for latest_only_with_trigger to 2022-06-19 00:00:00+00:00
[2022-06-21 06:59:17,836] {scheduler_job.py:190} INFO - Processing /home/airflow/.local/lib/python3.6/site-packages/airflow/example_dags/example_latest_only_with_trigger.py took 0.104 seconds
[2022-06-21 06:59:56,071] {scheduler_job.py:182} INFO - Started process (PID=363) to work on /home/airflow/.local/lib/python3.6/site-packages/airflow/example_dags/example_latest_only_with_trigger.py
[2022-06-21 06:59:56,078] {scheduler_job.py:633} INFO - Processing file /home/airflow/.local/lib/python3.6/site-packages/airflow/example_dags/example_latest_only_with_trigger.py for tasks to queue
[2022-06-21 06:59:56,083] {logging_mixin.py:104} INFO - [2022-06-21 06:59:56,082] {dagbag.py:487} INFO - Filling up the DagBag from /home/airflow/.local/lib/python3.6/site-packages/airflow/example_dags/example_latest_only_with_trigger.py
[2022-06-21 06:59:56,114] {scheduler_job.py:643} INFO - DAG(s) dict_keys(['latest_only_with_trigger']) retrieved from /home/airflow/.local/lib/python3.6/site-packages/airflow/example_dags/example_latest_only_with_trigger.py
[2022-06-21 06:59:56,169] {logging_mixin.py:104} INFO - [2022-06-21 06:59:56,169] {dag.py:1832} INFO - Sync 1 DAGs
[2022-06-21 06:59:56,210] {logging_mixin.py:104} INFO - [2022-06-21 06:59:56,209] {dag.py:2305} INFO - Setting next_dagrun for latest_only_with_trigger to 2022-06-19 00:00:00+00:00
[2022-06-21 06:59:56,253] {scheduler_job.py:190} INFO - Processing /home/airflow/.local/lib/python3.6/site-packages/airflow/example_dags/example_latest_only_with_trigger.py took 0.189 seconds
[2022-06-21 07:00:26,550] {scheduler_job.py:182} INFO - Started process (PID=425) to work on /home/airflow/.local/lib/python3.6/site-packages/airflow/example_dags/example_latest_only_with_trigger.py
[2022-06-21 07:00:26,555] {scheduler_job.py:633} INFO - Processing file /home/airflow/.local/lib/python3.6/site-packages/airflow/example_dags/example_latest_only_with_trigger.py for tasks to queue
[2022-06-21 07:00:26,557] {logging_mixin.py:104} INFO - [2022-06-21 07:00:26,557] {dagbag.py:487} INFO - Filling up the DagBag from /home/airflow/.local/lib/python3.6/site-packages/airflow/example_dags/example_latest_only_with_trigger.py
[2022-06-21 07:00:26,583] {scheduler_job.py:643} INFO - DAG(s) dict_keys(['latest_only_with_trigger']) retrieved from /home/airflow/.local/lib/python3.6/site-packages/airflow/example_dags/example_latest_only_with_trigger.py
[2022-06-21 07:00:26,630] {logging_mixin.py:104} INFO - [2022-06-21 07:00:26,630] {dag.py:1832} INFO - Sync 1 DAGs
[2022-06-21 07:00:26,664] {logging_mixin.py:104} INFO - [2022-06-21 07:00:26,664] {dag.py:2305} INFO - Setting next_dagrun for latest_only_with_trigger to 2022-06-19 00:00:00+00:00
[2022-06-21 07:00:26,679] {scheduler_job.py:190} INFO - Processing /home/airflow/.local/lib/python3.6/site-packages/airflow/example_dags/example_latest_only_with_trigger.py took 0.134 seconds
[2022-06-21 07:00:57,096] {scheduler_job.py:182} INFO - Started process (PID=486) to work on /home/airflow/.local/lib/python3.6/site-packages/airflow/example_dags/example_latest_only_with_trigger.py
[2022-06-21 07:00:57,099] {scheduler_job.py:633} INFO - Processing file /home/airflow/.local/lib/python3.6/site-packages/airflow/example_dags/example_latest_only_with_trigger.py for tasks to queue
[2022-06-21 07:00:57,100] {logging_mixin.py:104} INFO - [2022-06-21 07:00:57,100] {dagbag.py:487} INFO - Filling up the DagBag from /home/airflow/.local/lib/python3.6/site-packages/airflow/example_dags/example_latest_only_with_trigger.py
[2022-06-21 07:00:57,121] {scheduler_job.py:643} INFO - DAG(s) dict_keys(['latest_only_with_trigger']) retrieved from /home/airflow/.local/lib/python3.6/site-packages/airflow/example_dags/example_latest_only_with_trigger.py
[2022-06-21 07:00:57,162] {logging_mixin.py:104} INFO - [2022-06-21 07:00:57,161] {dag.py:1832} INFO - Sync 1 DAGs
[2022-06-21 07:00:57,184] {logging_mixin.py:104} INFO - [2022-06-21 07:00:57,183] {dag.py:2305} INFO - Setting next_dagrun for latest_only_with_trigger to 2022-06-19 00:00:00+00:00
[2022-06-21 07:00:57,202] {scheduler_job.py:190} INFO - Processing /home/airflow/.local/lib/python3.6/site-packages/airflow/example_dags/example_latest_only_with_trigger.py took 0.111 seconds
[2022-06-21 07:01:27,998] {scheduler_job.py:182} INFO - Started process (PID=539) to work on /home/airflow/.local/lib/python3.6/site-packages/airflow/example_dags/example_latest_only_with_trigger.py
[2022-06-21 07:01:28,000] {scheduler_job.py:633} INFO - Processing file /home/airflow/.local/lib/python3.6/site-packages/airflow/example_dags/example_latest_only_with_trigger.py for tasks to queue
[2022-06-21 07:01:28,002] {logging_mixin.py:104} INFO - [2022-06-21 07:01:28,002] {dagbag.py:487} INFO - Filling up the DagBag from /home/airflow/.local/lib/python3.6/site-packages/airflow/example_dags/example_latest_only_with_trigger.py
[2022-06-21 07:01:28,027] {scheduler_job.py:643} INFO - DAG(s) dict_keys(['latest_only_with_trigger']) retrieved from /home/airflow/.local/lib/python3.6/site-packages/airflow/example_dags/example_latest_only_with_trigger.py
[2022-06-21 07:01:28,073] {logging_mixin.py:104} INFO - [2022-06-21 07:01:28,073] {dag.py:1832} INFO - Sync 1 DAGs
[2022-06-21 07:01:28,103] {logging_mixin.py:104} INFO - [2022-06-21 07:01:28,103] {dag.py:2305} INFO - Setting next_dagrun for latest_only_with_trigger to 2022-06-19 00:00:00+00:00
[2022-06-21 07:01:28,133] {scheduler_job.py:190} INFO - Processing /home/airflow/.local/lib/python3.6/site-packages/airflow/example_dags/example_latest_only_with_trigger.py took 0.140 seconds
[2022-06-21 07:04:55,013] {scheduler_job.py:182} INFO - Started process (PID=69) to work on /home/airflow/.local/lib/python3.6/site-packages/airflow/example_dags/example_latest_only_with_trigger.py
[2022-06-21 07:04:55,018] {scheduler_job.py:633} INFO - Processing file /home/airflow/.local/lib/python3.6/site-packages/airflow/example_dags/example_latest_only_with_trigger.py for tasks to queue
[2022-06-21 07:04:55,020] {logging_mixin.py:104} INFO - [2022-06-21 07:04:55,019] {dagbag.py:487} INFO - Filling up the DagBag from /home/airflow/.local/lib/python3.6/site-packages/airflow/example_dags/example_latest_only_with_trigger.py
[2022-06-21 07:04:55,064] {scheduler_job.py:643} INFO - DAG(s) dict_keys(['latest_only_with_trigger']) retrieved from /home/airflow/.local/lib/python3.6/site-packages/airflow/example_dags/example_latest_only_with_trigger.py
[2022-06-21 07:04:55,139] {logging_mixin.py:104} INFO - [2022-06-21 07:04:55,139] {dag.py:1832} INFO - Sync 1 DAGs
[2022-06-21 07:04:55,180] {logging_mixin.py:104} INFO - [2022-06-21 07:04:55,180] {dag.py:2305} INFO - Setting next_dagrun for latest_only_with_trigger to 2022-06-19 00:00:00+00:00
[2022-06-21 07:04:55,199] {scheduler_job.py:190} INFO - Processing /home/airflow/.local/lib/python3.6/site-packages/airflow/example_dags/example_latest_only_with_trigger.py took 0.192 seconds
[2022-06-21 07:05:38,513] {scheduler_job.py:182} INFO - Started process (PID=132) to work on /home/airflow/.local/lib/python3.6/site-packages/airflow/example_dags/example_latest_only_with_trigger.py
[2022-06-21 07:05:38,517] {scheduler_job.py:633} INFO - Processing file /home/airflow/.local/lib/python3.6/site-packages/airflow/example_dags/example_latest_only_with_trigger.py for tasks to queue
[2022-06-21 07:05:38,520] {logging_mixin.py:104} INFO - [2022-06-21 07:05:38,520] {dagbag.py:487} INFO - Filling up the DagBag from /home/airflow/.local/lib/python3.6/site-packages/airflow/example_dags/example_latest_only_with_trigger.py
[2022-06-21 07:05:38,541] {scheduler_job.py:643} INFO - DAG(s) dict_keys(['latest_only_with_trigger']) retrieved from /home/airflow/.local/lib/python3.6/site-packages/airflow/example_dags/example_latest_only_with_trigger.py
[2022-06-21 07:05:38,585] {logging_mixin.py:104} INFO - [2022-06-21 07:05:38,585] {dag.py:1832} INFO - Sync 1 DAGs
[2022-06-21 07:05:38,610] {logging_mixin.py:104} INFO - [2022-06-21 07:05:38,610] {dag.py:2305} INFO - Setting next_dagrun for latest_only_with_trigger to 2022-06-19 00:00:00+00:00
[2022-06-21 07:05:38,623] {scheduler_job.py:190} INFO - Processing /home/airflow/.local/lib/python3.6/site-packages/airflow/example_dags/example_latest_only_with_trigger.py took 0.115 seconds
[2022-06-21 07:06:13,565] {scheduler_job.py:182} INFO - Started process (PID=201) to work on /home/airflow/.local/lib/python3.6/site-packages/airflow/example_dags/example_latest_only_with_trigger.py
[2022-06-21 07:06:13,568] {scheduler_job.py:633} INFO - Processing file /home/airflow/.local/lib/python3.6/site-packages/airflow/example_dags/example_latest_only_with_trigger.py for tasks to queue
[2022-06-21 07:06:13,569] {logging_mixin.py:104} INFO - [2022-06-21 07:06:13,569] {dagbag.py:487} INFO - Filling up the DagBag from /home/airflow/.local/lib/python3.6/site-packages/airflow/example_dags/example_latest_only_with_trigger.py
[2022-06-21 07:06:13,572] {scheduler_job.py:643} INFO - DAG(s) dict_keys(['latest_only_with_trigger']) retrieved from /home/airflow/.local/lib/python3.6/site-packages/airflow/example_dags/example_latest_only_with_trigger.py
[2022-06-21 07:06:13,610] {logging_mixin.py:104} INFO - [2022-06-21 07:06:13,610] {dag.py:1832} INFO - Sync 1 DAGs
[2022-06-21 07:06:13,629] {logging_mixin.py:104} INFO - [2022-06-21 07:06:13,629] {dag.py:2305} INFO - Setting next_dagrun for latest_only_with_trigger to 2022-06-19 00:00:00+00:00
[2022-06-21 07:06:13,644] {scheduler_job.py:190} INFO - Processing /home/airflow/.local/lib/python3.6/site-packages/airflow/example_dags/example_latest_only_with_trigger.py took 0.118 seconds
[2022-06-21 07:06:44,862] {scheduler_job.py:182} INFO - Started process (PID=263) to work on /home/airflow/.local/lib/python3.6/site-packages/airflow/example_dags/example_latest_only_with_trigger.py
[2022-06-21 07:06:44,865] {scheduler_job.py:633} INFO - Processing file /home/airflow/.local/lib/python3.6/site-packages/airflow/example_dags/example_latest_only_with_trigger.py for tasks to queue
[2022-06-21 07:06:44,867] {logging_mixin.py:104} INFO - [2022-06-21 07:06:44,867] {dagbag.py:487} INFO - Filling up the DagBag from /home/airflow/.local/lib/python3.6/site-packages/airflow/example_dags/example_latest_only_with_trigger.py
[2022-06-21 07:06:44,903] {scheduler_job.py:643} INFO - DAG(s) dict_keys(['latest_only_with_trigger']) retrieved from /home/airflow/.local/lib/python3.6/site-packages/airflow/example_dags/example_latest_only_with_trigger.py
[2022-06-21 07:06:44,945] {logging_mixin.py:104} INFO - [2022-06-21 07:06:44,945] {dag.py:1832} INFO - Sync 1 DAGs
[2022-06-21 07:06:44,969] {logging_mixin.py:104} INFO - [2022-06-21 07:06:44,969] {dag.py:2305} INFO - Setting next_dagrun for latest_only_with_trigger to 2022-06-19 00:00:00+00:00
[2022-06-21 07:06:44,982] {scheduler_job.py:190} INFO - Processing /home/airflow/.local/lib/python3.6/site-packages/airflow/example_dags/example_latest_only_with_trigger.py took 0.124 seconds
[2022-06-21 07:07:22,995] {scheduler_job.py:182} INFO - Started process (PID=309) to work on /home/airflow/.local/lib/python3.6/site-packages/airflow/example_dags/example_latest_only_with_trigger.py
[2022-06-21 07:07:22,998] {scheduler_job.py:633} INFO - Processing file /home/airflow/.local/lib/python3.6/site-packages/airflow/example_dags/example_latest_only_with_trigger.py for tasks to queue
[2022-06-21 07:07:22,999] {logging_mixin.py:104} INFO - [2022-06-21 07:07:22,999] {dagbag.py:487} INFO - Filling up the DagBag from /home/airflow/.local/lib/python3.6/site-packages/airflow/example_dags/example_latest_only_with_trigger.py
[2022-06-21 07:07:23,019] {scheduler_job.py:643} INFO - DAG(s) dict_keys(['latest_only_with_trigger']) retrieved from /home/airflow/.local/lib/python3.6/site-packages/airflow/example_dags/example_latest_only_with_trigger.py
[2022-06-21 07:07:23,044] {logging_mixin.py:104} INFO - [2022-06-21 07:07:23,044] {dag.py:1832} INFO - Sync 1 DAGs
[2022-06-21 07:07:23,065] {logging_mixin.py:104} INFO - [2022-06-21 07:07:23,065] {dag.py:2305} INFO - Setting next_dagrun for latest_only_with_trigger to 2022-06-19 00:00:00+00:00
[2022-06-21 07:07:23,078] {scheduler_job.py:190} INFO - Processing /home/airflow/.local/lib/python3.6/site-packages/airflow/example_dags/example_latest_only_with_trigger.py took 0.087 seconds
[2022-06-21 07:07:53,227] {scheduler_job.py:182} INFO - Started process (PID=370) to work on /home/airflow/.local/lib/python3.6/site-packages/airflow/example_dags/example_latest_only_with_trigger.py
[2022-06-21 07:07:53,229] {scheduler_job.py:633} INFO - Processing file /home/airflow/.local/lib/python3.6/site-packages/airflow/example_dags/example_latest_only_with_trigger.py for tasks to queue
[2022-06-21 07:07:53,231] {logging_mixin.py:104} INFO - [2022-06-21 07:07:53,231] {dagbag.py:487} INFO - Filling up the DagBag from /home/airflow/.local/lib/python3.6/site-packages/airflow/example_dags/example_latest_only_with_trigger.py
[2022-06-21 07:07:53,249] {scheduler_job.py:643} INFO - DAG(s) dict_keys(['latest_only_with_trigger']) retrieved from /home/airflow/.local/lib/python3.6/site-packages/airflow/example_dags/example_latest_only_with_trigger.py
[2022-06-21 07:07:53,276] {logging_mixin.py:104} INFO - [2022-06-21 07:07:53,276] {dag.py:1832} INFO - Sync 1 DAGs
[2022-06-21 07:07:53,293] {logging_mixin.py:104} INFO - [2022-06-21 07:07:53,293] {dag.py:2305} INFO - Setting next_dagrun for latest_only_with_trigger to 2022-06-19 00:00:00+00:00
[2022-06-21 07:07:53,303] {scheduler_job.py:190} INFO - Processing /home/airflow/.local/lib/python3.6/site-packages/airflow/example_dags/example_latest_only_with_trigger.py took 0.079 seconds
[2022-06-21 07:08:24,179] {scheduler_job.py:182} INFO - Started process (PID=450) to work on /home/airflow/.local/lib/python3.6/site-packages/airflow/example_dags/example_latest_only_with_trigger.py
[2022-06-21 07:08:24,180] {scheduler_job.py:633} INFO - Processing file /home/airflow/.local/lib/python3.6/site-packages/airflow/example_dags/example_latest_only_with_trigger.py for tasks to queue
[2022-06-21 07:08:24,182] {logging_mixin.py:104} INFO - [2022-06-21 07:08:24,182] {dagbag.py:487} INFO - Filling up the DagBag from /home/airflow/.local/lib/python3.6/site-packages/airflow/example_dags/example_latest_only_with_trigger.py
[2022-06-21 07:08:24,199] {scheduler_job.py:643} INFO - DAG(s) dict_keys(['latest_only_with_trigger']) retrieved from /home/airflow/.local/lib/python3.6/site-packages/airflow/example_dags/example_latest_only_with_trigger.py
[2022-06-21 07:08:24,223] {logging_mixin.py:104} INFO - [2022-06-21 07:08:24,223] {dag.py:1832} INFO - Sync 1 DAGs
[2022-06-21 07:08:24,240] {logging_mixin.py:104} INFO - [2022-06-21 07:08:24,240] {dag.py:2305} INFO - Setting next_dagrun for latest_only_with_trigger to 2022-06-19 00:00:00+00:00
[2022-06-21 07:08:24,251] {scheduler_job.py:190} INFO - Processing /home/airflow/.local/lib/python3.6/site-packages/airflow/example_dags/example_latest_only_with_trigger.py took 0.075 seconds
[2022-06-21 07:08:54,628] {scheduler_job.py:182} INFO - Started process (PID=512) to work on /home/airflow/.local/lib/python3.6/site-packages/airflow/example_dags/example_latest_only_with_trigger.py
[2022-06-21 07:08:54,630] {scheduler_job.py:633} INFO - Processing file /home/airflow/.local/lib/python3.6/site-packages/airflow/example_dags/example_latest_only_with_trigger.py for tasks to queue
[2022-06-21 07:08:54,632] {logging_mixin.py:104} INFO - [2022-06-21 07:08:54,632] {dagbag.py:487} INFO - Filling up the DagBag from /home/airflow/.local/lib/python3.6/site-packages/airflow/example_dags/example_latest_only_with_trigger.py
[2022-06-21 07:08:54,652] {scheduler_job.py:643} INFO - DAG(s) dict_keys(['latest_only_with_trigger']) retrieved from /home/airflow/.local/lib/python3.6/site-packages/airflow/example_dags/example_latest_only_with_trigger.py
[2022-06-21 07:08:54,677] {logging_mixin.py:104} INFO - [2022-06-21 07:08:54,677] {dag.py:1832} INFO - Sync 1 DAGs
[2022-06-21 07:08:54,697] {logging_mixin.py:104} INFO - [2022-06-21 07:08:54,697] {dag.py:2305} INFO - Setting next_dagrun for latest_only_with_trigger to 2022-06-19 00:00:00+00:00
[2022-06-21 07:08:54,710] {scheduler_job.py:190} INFO - Processing /home/airflow/.local/lib/python3.6/site-packages/airflow/example_dags/example_latest_only_with_trigger.py took 0.087 seconds
[2022-06-21 07:11:10,533] {scheduler_job.py:182} INFO - Started process (PID=69) to work on /home/airflow/.local/lib/python3.6/site-packages/airflow/example_dags/example_latest_only_with_trigger.py
[2022-06-21 07:11:10,536] {scheduler_job.py:633} INFO - Processing file /home/airflow/.local/lib/python3.6/site-packages/airflow/example_dags/example_latest_only_with_trigger.py for tasks to queue
[2022-06-21 07:11:10,538] {logging_mixin.py:104} INFO - [2022-06-21 07:11:10,538] {dagbag.py:487} INFO - Filling up the DagBag from /home/airflow/.local/lib/python3.6/site-packages/airflow/example_dags/example_latest_only_with_trigger.py
[2022-06-21 07:11:10,563] {scheduler_job.py:643} INFO - DAG(s) dict_keys(['latest_only_with_trigger']) retrieved from /home/airflow/.local/lib/python3.6/site-packages/airflow/example_dags/example_latest_only_with_trigger.py
[2022-06-21 07:11:10,613] {logging_mixin.py:104} INFO - [2022-06-21 07:11:10,613] {dag.py:1832} INFO - Sync 1 DAGs
[2022-06-21 07:11:10,634] {logging_mixin.py:104} INFO - [2022-06-21 07:11:10,633] {dag.py:2305} INFO - Setting next_dagrun for latest_only_with_trigger to 2022-06-19 00:00:00+00:00
[2022-06-21 07:11:10,661] {scheduler_job.py:190} INFO - Processing /home/airflow/.local/lib/python3.6/site-packages/airflow/example_dags/example_latest_only_with_trigger.py took 0.140 seconds
[2022-06-21 07:11:46,868] {scheduler_job.py:182} INFO - Started process (PID=120) to work on /home/airflow/.local/lib/python3.6/site-packages/airflow/example_dags/example_latest_only_with_trigger.py
[2022-06-21 07:11:46,870] {scheduler_job.py:633} INFO - Processing file /home/airflow/.local/lib/python3.6/site-packages/airflow/example_dags/example_latest_only_with_trigger.py for tasks to queue
[2022-06-21 07:11:46,871] {logging_mixin.py:104} INFO - [2022-06-21 07:11:46,871] {dagbag.py:487} INFO - Filling up the DagBag from /home/airflow/.local/lib/python3.6/site-packages/airflow/example_dags/example_latest_only_with_trigger.py
[2022-06-21 07:11:46,888] {scheduler_job.py:643} INFO - DAG(s) dict_keys(['latest_only_with_trigger']) retrieved from /home/airflow/.local/lib/python3.6/site-packages/airflow/example_dags/example_latest_only_with_trigger.py
[2022-06-21 07:11:46,921] {logging_mixin.py:104} INFO - [2022-06-21 07:11:46,921] {dag.py:1832} INFO - Sync 1 DAGs
[2022-06-21 07:11:46,941] {logging_mixin.py:104} INFO - [2022-06-21 07:11:46,941] {dag.py:2305} INFO - Setting next_dagrun for latest_only_with_trigger to 2022-06-19 00:00:00+00:00
[2022-06-21 07:11:46,955] {scheduler_job.py:190} INFO - Processing /home/airflow/.local/lib/python3.6/site-packages/airflow/example_dags/example_latest_only_with_trigger.py took 0.092 seconds
[2022-06-21 07:12:18,435] {scheduler_job.py:182} INFO - Started process (PID=167) to work on /home/airflow/.local/lib/python3.6/site-packages/airflow/example_dags/example_latest_only_with_trigger.py
[2022-06-21 07:12:18,436] {scheduler_job.py:633} INFO - Processing file /home/airflow/.local/lib/python3.6/site-packages/airflow/example_dags/example_latest_only_with_trigger.py for tasks to queue
[2022-06-21 07:12:18,438] {logging_mixin.py:104} INFO - [2022-06-21 07:12:18,438] {dagbag.py:487} INFO - Filling up the DagBag from /home/airflow/.local/lib/python3.6/site-packages/airflow/example_dags/example_latest_only_with_trigger.py
[2022-06-21 07:12:18,454] {scheduler_job.py:643} INFO - DAG(s) dict_keys(['latest_only_with_trigger']) retrieved from /home/airflow/.local/lib/python3.6/site-packages/airflow/example_dags/example_latest_only_with_trigger.py
[2022-06-21 07:12:18,486] {logging_mixin.py:104} INFO - [2022-06-21 07:12:18,486] {dag.py:1832} INFO - Sync 1 DAGs
[2022-06-21 07:12:18,506] {logging_mixin.py:104} INFO - [2022-06-21 07:12:18,506] {dag.py:2305} INFO - Setting next_dagrun for latest_only_with_trigger to 2022-06-19 00:00:00+00:00
[2022-06-21 07:12:18,518] {scheduler_job.py:190} INFO - Processing /home/airflow/.local/lib/python3.6/site-packages/airflow/example_dags/example_latest_only_with_trigger.py took 0.088 seconds
[2022-06-21 07:12:58,285] {scheduler_job.py:182} INFO - Started process (PID=213) to work on /home/airflow/.local/lib/python3.6/site-packages/airflow/example_dags/example_latest_only_with_trigger.py
[2022-06-21 07:12:58,287] {scheduler_job.py:633} INFO - Processing file /home/airflow/.local/lib/python3.6/site-packages/airflow/example_dags/example_latest_only_with_trigger.py for tasks to queue
[2022-06-21 07:12:58,289] {logging_mixin.py:104} INFO - [2022-06-21 07:12:58,289] {dagbag.py:487} INFO - Filling up the DagBag from /home/airflow/.local/lib/python3.6/site-packages/airflow/example_dags/example_latest_only_with_trigger.py
[2022-06-21 07:12:58,308] {scheduler_job.py:643} INFO - DAG(s) dict_keys(['latest_only_with_trigger']) retrieved from /home/airflow/.local/lib/python3.6/site-packages/airflow/example_dags/example_latest_only_with_trigger.py
[2022-06-21 07:12:58,332] {logging_mixin.py:104} INFO - [2022-06-21 07:12:58,332] {dag.py:1832} INFO - Sync 1 DAGs
[2022-06-21 07:12:58,349] {logging_mixin.py:104} INFO - [2022-06-21 07:12:58,349] {dag.py:2305} INFO - Setting next_dagrun for latest_only_with_trigger to 2022-06-19 00:00:00+00:00
[2022-06-21 07:12:58,360] {scheduler_job.py:190} INFO - Processing /home/airflow/.local/lib/python3.6/site-packages/airflow/example_dags/example_latest_only_with_trigger.py took 0.080 seconds
[2022-06-21 07:14:42,271] {scheduler_job.py:182} INFO - Started process (PID=273) to work on /home/airflow/.local/lib/python3.6/site-packages/airflow/example_dags/example_latest_only_with_trigger.py
[2022-06-21 07:14:42,274] {scheduler_job.py:633} INFO - Processing file /home/airflow/.local/lib/python3.6/site-packages/airflow/example_dags/example_latest_only_with_trigger.py for tasks to queue
[2022-06-21 07:14:42,276] {logging_mixin.py:104} INFO - [2022-06-21 07:14:42,276] {dagbag.py:487} INFO - Filling up the DagBag from /home/airflow/.local/lib/python3.6/site-packages/airflow/example_dags/example_latest_only_with_trigger.py
[2022-06-21 07:14:42,294] {scheduler_job.py:643} INFO - DAG(s) dict_keys(['latest_only_with_trigger']) retrieved from /home/airflow/.local/lib/python3.6/site-packages/airflow/example_dags/example_latest_only_with_trigger.py
[2022-06-21 07:14:42,330] {logging_mixin.py:104} INFO - [2022-06-21 07:14:42,330] {dag.py:1832} INFO - Sync 1 DAGs
[2022-06-21 07:14:42,347] {logging_mixin.py:104} INFO - [2022-06-21 07:14:42,347] {dag.py:2305} INFO - Setting next_dagrun for latest_only_with_trigger to 2022-06-19 00:00:00+00:00
[2022-06-21 07:14:42,360] {scheduler_job.py:190} INFO - Processing /home/airflow/.local/lib/python3.6/site-packages/airflow/example_dags/example_latest_only_with_trigger.py took 0.097 seconds
[2022-06-21 07:15:34,060] {scheduler_job.py:182} INFO - Started process (PID=321) to work on /home/airflow/.local/lib/python3.6/site-packages/airflow/example_dags/example_latest_only_with_trigger.py
[2022-06-21 07:15:34,062] {scheduler_job.py:633} INFO - Processing file /home/airflow/.local/lib/python3.6/site-packages/airflow/example_dags/example_latest_only_with_trigger.py for tasks to queue
[2022-06-21 07:15:34,065] {logging_mixin.py:104} INFO - [2022-06-21 07:15:34,065] {dagbag.py:487} INFO - Filling up the DagBag from /home/airflow/.local/lib/python3.6/site-packages/airflow/example_dags/example_latest_only_with_trigger.py
[2022-06-21 07:15:34,079] {scheduler_job.py:643} INFO - DAG(s) dict_keys(['latest_only_with_trigger']) retrieved from /home/airflow/.local/lib/python3.6/site-packages/airflow/example_dags/example_latest_only_with_trigger.py
[2022-06-21 07:15:34,106] {logging_mixin.py:104} INFO - [2022-06-21 07:15:34,106] {dag.py:1832} INFO - Sync 1 DAGs
[2022-06-21 07:15:34,118] {logging_mixin.py:104} INFO - [2022-06-21 07:15:34,118] {dag.py:2305} INFO - Setting next_dagrun for latest_only_with_trigger to 2022-06-19 00:00:00+00:00
[2022-06-21 07:15:34,128] {scheduler_job.py:190} INFO - Processing /home/airflow/.local/lib/python3.6/site-packages/airflow/example_dags/example_latest_only_with_trigger.py took 0.072 seconds
[2022-06-21 07:16:10,284] {scheduler_job.py:182} INFO - Started process (PID=383) to work on /home/airflow/.local/lib/python3.6/site-packages/airflow/example_dags/example_latest_only_with_trigger.py
[2022-06-21 07:16:10,286] {scheduler_job.py:633} INFO - Processing file /home/airflow/.local/lib/python3.6/site-packages/airflow/example_dags/example_latest_only_with_trigger.py for tasks to queue
[2022-06-21 07:16:10,288] {logging_mixin.py:104} INFO - [2022-06-21 07:16:10,288] {dagbag.py:487} INFO - Filling up the DagBag from /home/airflow/.local/lib/python3.6/site-packages/airflow/example_dags/example_latest_only_with_trigger.py
[2022-06-21 07:16:10,309] {scheduler_job.py:643} INFO - DAG(s) dict_keys(['latest_only_with_trigger']) retrieved from /home/airflow/.local/lib/python3.6/site-packages/airflow/example_dags/example_latest_only_with_trigger.py
[2022-06-21 07:16:10,346] {logging_mixin.py:104} INFO - [2022-06-21 07:16:10,346] {dag.py:1832} INFO - Sync 1 DAGs
[2022-06-21 07:16:10,363] {logging_mixin.py:104} INFO - [2022-06-21 07:16:10,363] {dag.py:2305} INFO - Setting next_dagrun for latest_only_with_trigger to 2022-06-19 00:00:00+00:00
[2022-06-21 07:16:10,377] {scheduler_job.py:190} INFO - Processing /home/airflow/.local/lib/python3.6/site-packages/airflow/example_dags/example_latest_only_with_trigger.py took 0.097 seconds
[2022-06-21 07:16:49,406] {scheduler_job.py:182} INFO - Started process (PID=442) to work on /home/airflow/.local/lib/python3.6/site-packages/airflow/example_dags/example_latest_only_with_trigger.py
[2022-06-21 07:16:49,409] {scheduler_job.py:633} INFO - Processing file /home/airflow/.local/lib/python3.6/site-packages/airflow/example_dags/example_latest_only_with_trigger.py for tasks to queue
[2022-06-21 07:16:49,412] {logging_mixin.py:104} INFO - [2022-06-21 07:16:49,412] {dagbag.py:487} INFO - Filling up the DagBag from /home/airflow/.local/lib/python3.6/site-packages/airflow/example_dags/example_latest_only_with_trigger.py
[2022-06-21 07:16:49,436] {scheduler_job.py:643} INFO - DAG(s) dict_keys(['latest_only_with_trigger']) retrieved from /home/airflow/.local/lib/python3.6/site-packages/airflow/example_dags/example_latest_only_with_trigger.py
[2022-06-21 07:16:49,474] {logging_mixin.py:104} INFO - [2022-06-21 07:16:49,474] {dag.py:1832} INFO - Sync 1 DAGs
[2022-06-21 07:16:49,495] {logging_mixin.py:104} INFO - [2022-06-21 07:16:49,495] {dag.py:2305} INFO - Setting next_dagrun for latest_only_with_trigger to 2022-06-19 00:00:00+00:00
[2022-06-21 07:16:49,512] {scheduler_job.py:190} INFO - Processing /home/airflow/.local/lib/python3.6/site-packages/airflow/example_dags/example_latest_only_with_trigger.py took 0.110 seconds
[2022-06-21 07:17:20,522] {scheduler_job.py:182} INFO - Started process (PID=500) to work on /home/airflow/.local/lib/python3.6/site-packages/airflow/example_dags/example_latest_only_with_trigger.py
[2022-06-21 07:17:20,524] {scheduler_job.py:633} INFO - Processing file /home/airflow/.local/lib/python3.6/site-packages/airflow/example_dags/example_latest_only_with_trigger.py for tasks to queue
[2022-06-21 07:17:20,526] {logging_mixin.py:104} INFO - [2022-06-21 07:17:20,526] {dagbag.py:487} INFO - Filling up the DagBag from /home/airflow/.local/lib/python3.6/site-packages/airflow/example_dags/example_latest_only_with_trigger.py
[2022-06-21 07:17:20,544] {scheduler_job.py:643} INFO - DAG(s) dict_keys(['latest_only_with_trigger']) retrieved from /home/airflow/.local/lib/python3.6/site-packages/airflow/example_dags/example_latest_only_with_trigger.py
[2022-06-21 07:17:20,570] {logging_mixin.py:104} INFO - [2022-06-21 07:17:20,570] {dag.py:1832} INFO - Sync 1 DAGs
[2022-06-21 07:17:20,585] {logging_mixin.py:104} INFO - [2022-06-21 07:17:20,585] {dag.py:2305} INFO - Setting next_dagrun for latest_only_with_trigger to 2022-06-19 00:00:00+00:00
[2022-06-21 07:17:20,597] {scheduler_job.py:190} INFO - Processing /home/airflow/.local/lib/python3.6/site-packages/airflow/example_dags/example_latest_only_with_trigger.py took 0.080 seconds
[2022-06-21 07:20:40,060] {scheduler_job.py:182} INFO - Started process (PID=73) to work on /home/airflow/.local/lib/python3.6/site-packages/airflow/example_dags/example_latest_only_with_trigger.py
[2022-06-21 07:20:40,064] {scheduler_job.py:633} INFO - Processing file /home/airflow/.local/lib/python3.6/site-packages/airflow/example_dags/example_latest_only_with_trigger.py for tasks to queue
[2022-06-21 07:20:40,067] {logging_mixin.py:104} INFO - [2022-06-21 07:20:40,067] {dagbag.py:487} INFO - Filling up the DagBag from /home/airflow/.local/lib/python3.6/site-packages/airflow/example_dags/example_latest_only_with_trigger.py
[2022-06-21 07:20:40,092] {scheduler_job.py:643} INFO - DAG(s) dict_keys(['latest_only_with_trigger']) retrieved from /home/airflow/.local/lib/python3.6/site-packages/airflow/example_dags/example_latest_only_with_trigger.py
[2022-06-21 07:20:40,126] {logging_mixin.py:104} INFO - [2022-06-21 07:20:40,126] {dag.py:1832} INFO - Sync 1 DAGs
[2022-06-21 07:20:40,147] {logging_mixin.py:104} INFO - [2022-06-21 07:20:40,147] {dag.py:2305} INFO - Setting next_dagrun for latest_only_with_trigger to 2022-06-19 00:00:00+00:00
[2022-06-21 07:20:40,161] {scheduler_job.py:190} INFO - Processing /home/airflow/.local/lib/python3.6/site-packages/airflow/example_dags/example_latest_only_with_trigger.py took 0.115 seconds
[2022-06-21 07:21:11,403] {scheduler_job.py:182} INFO - Started process (PID=116) to work on /home/airflow/.local/lib/python3.6/site-packages/airflow/example_dags/example_latest_only_with_trigger.py
[2022-06-21 07:21:11,409] {scheduler_job.py:633} INFO - Processing file /home/airflow/.local/lib/python3.6/site-packages/airflow/example_dags/example_latest_only_with_trigger.py for tasks to queue
[2022-06-21 07:21:11,412] {logging_mixin.py:104} INFO - [2022-06-21 07:21:11,411] {dagbag.py:487} INFO - Filling up the DagBag from /home/airflow/.local/lib/python3.6/site-packages/airflow/example_dags/example_latest_only_with_trigger.py
[2022-06-21 07:21:11,439] {scheduler_job.py:643} INFO - DAG(s) dict_keys(['latest_only_with_trigger']) retrieved from /home/airflow/.local/lib/python3.6/site-packages/airflow/example_dags/example_latest_only_with_trigger.py
[2022-06-21 07:21:11,496] {logging_mixin.py:104} INFO - [2022-06-21 07:21:11,495] {dag.py:1832} INFO - Sync 1 DAGs
[2022-06-21 07:21:11,546] {logging_mixin.py:104} INFO - [2022-06-21 07:21:11,545] {dag.py:2305} INFO - Setting next_dagrun for latest_only_with_trigger to 2022-06-19 00:00:00+00:00
[2022-06-21 07:21:11,572] {scheduler_job.py:190} INFO - Processing /home/airflow/.local/lib/python3.6/site-packages/airflow/example_dags/example_latest_only_with_trigger.py took 0.175 seconds
[2022-06-21 07:21:48,436] {scheduler_job.py:182} INFO - Started process (PID=178) to work on /home/airflow/.local/lib/python3.6/site-packages/airflow/example_dags/example_latest_only_with_trigger.py
[2022-06-21 07:21:48,439] {scheduler_job.py:633} INFO - Processing file /home/airflow/.local/lib/python3.6/site-packages/airflow/example_dags/example_latest_only_with_trigger.py for tasks to queue
[2022-06-21 07:21:48,442] {logging_mixin.py:104} INFO - [2022-06-21 07:21:48,442] {dagbag.py:487} INFO - Filling up the DagBag from /home/airflow/.local/lib/python3.6/site-packages/airflow/example_dags/example_latest_only_with_trigger.py
[2022-06-21 07:21:48,480] {scheduler_job.py:643} INFO - DAG(s) dict_keys(['latest_only_with_trigger']) retrieved from /home/airflow/.local/lib/python3.6/site-packages/airflow/example_dags/example_latest_only_with_trigger.py
[2022-06-21 07:21:48,529] {logging_mixin.py:104} INFO - [2022-06-21 07:21:48,529] {dag.py:1832} INFO - Sync 1 DAGs
[2022-06-21 07:21:48,553] {logging_mixin.py:104} INFO - [2022-06-21 07:21:48,553] {dag.py:2305} INFO - Setting next_dagrun for latest_only_with_trigger to 2022-06-19 00:00:00+00:00
[2022-06-21 07:21:48,568] {scheduler_job.py:190} INFO - Processing /home/airflow/.local/lib/python3.6/site-packages/airflow/example_dags/example_latest_only_with_trigger.py took 0.141 seconds
[2022-06-21 07:22:25,002] {scheduler_job.py:182} INFO - Started process (PID=239) to work on /home/airflow/.local/lib/python3.6/site-packages/airflow/example_dags/example_latest_only_with_trigger.py
[2022-06-21 07:22:25,004] {scheduler_job.py:633} INFO - Processing file /home/airflow/.local/lib/python3.6/site-packages/airflow/example_dags/example_latest_only_with_trigger.py for tasks to queue
[2022-06-21 07:22:25,006] {logging_mixin.py:104} INFO - [2022-06-21 07:22:25,006] {dagbag.py:487} INFO - Filling up the DagBag from /home/airflow/.local/lib/python3.6/site-packages/airflow/example_dags/example_latest_only_with_trigger.py
[2022-06-21 07:22:25,050] {scheduler_job.py:643} INFO - DAG(s) dict_keys(['latest_only_with_trigger']) retrieved from /home/airflow/.local/lib/python3.6/site-packages/airflow/example_dags/example_latest_only_with_trigger.py
[2022-06-21 07:22:25,078] {logging_mixin.py:104} INFO - [2022-06-21 07:22:25,078] {dag.py:1832} INFO - Sync 1 DAGs
[2022-06-21 07:22:25,108] {logging_mixin.py:104} INFO - [2022-06-21 07:22:25,108] {dag.py:2305} INFO - Setting next_dagrun for latest_only_with_trigger to 2022-06-19 00:00:00+00:00
[2022-06-21 07:22:25,120] {scheduler_job.py:190} INFO - Processing /home/airflow/.local/lib/python3.6/site-packages/airflow/example_dags/example_latest_only_with_trigger.py took 0.122 seconds
[2022-06-21 07:23:06,648] {scheduler_job.py:182} INFO - Started process (PID=291) to work on /home/airflow/.local/lib/python3.6/site-packages/airflow/example_dags/example_latest_only_with_trigger.py
[2022-06-21 07:23:06,652] {scheduler_job.py:633} INFO - Processing file /home/airflow/.local/lib/python3.6/site-packages/airflow/example_dags/example_latest_only_with_trigger.py for tasks to queue
[2022-06-21 07:23:06,656] {logging_mixin.py:104} INFO - [2022-06-21 07:23:06,656] {dagbag.py:487} INFO - Filling up the DagBag from /home/airflow/.local/lib/python3.6/site-packages/airflow/example_dags/example_latest_only_with_trigger.py
[2022-06-21 07:23:06,678] {scheduler_job.py:643} INFO - DAG(s) dict_keys(['latest_only_with_trigger']) retrieved from /home/airflow/.local/lib/python3.6/site-packages/airflow/example_dags/example_latest_only_with_trigger.py
[2022-06-21 07:23:06,708] {logging_mixin.py:104} INFO - [2022-06-21 07:23:06,708] {dag.py:1832} INFO - Sync 1 DAGs
[2022-06-21 07:23:06,740] {logging_mixin.py:104} INFO - [2022-06-21 07:23:06,740] {dag.py:2305} INFO - Setting next_dagrun for latest_only_with_trigger to 2022-06-19 00:00:00+00:00
[2022-06-21 07:23:06,764] {scheduler_job.py:190} INFO - Processing /home/airflow/.local/lib/python3.6/site-packages/airflow/example_dags/example_latest_only_with_trigger.py took 0.127 seconds
[2022-06-21 07:23:37,160] {scheduler_job.py:182} INFO - Started process (PID=352) to work on /home/airflow/.local/lib/python3.6/site-packages/airflow/example_dags/example_latest_only_with_trigger.py
[2022-06-21 07:23:37,162] {scheduler_job.py:633} INFO - Processing file /home/airflow/.local/lib/python3.6/site-packages/airflow/example_dags/example_latest_only_with_trigger.py for tasks to queue
[2022-06-21 07:23:37,164] {logging_mixin.py:104} INFO - [2022-06-21 07:23:37,164] {dagbag.py:487} INFO - Filling up the DagBag from /home/airflow/.local/lib/python3.6/site-packages/airflow/example_dags/example_latest_only_with_trigger.py
[2022-06-21 07:23:37,184] {scheduler_job.py:643} INFO - DAG(s) dict_keys(['latest_only_with_trigger']) retrieved from /home/airflow/.local/lib/python3.6/site-packages/airflow/example_dags/example_latest_only_with_trigger.py
[2022-06-21 07:23:37,213] {logging_mixin.py:104} INFO - [2022-06-21 07:23:37,213] {dag.py:1832} INFO - Sync 1 DAGs
[2022-06-21 07:23:37,231] {logging_mixin.py:104} INFO - [2022-06-21 07:23:37,231] {dag.py:2305} INFO - Setting next_dagrun for latest_only_with_trigger to 2022-06-19 00:00:00+00:00
[2022-06-21 07:23:37,242] {scheduler_job.py:190} INFO - Processing /home/airflow/.local/lib/python3.6/site-packages/airflow/example_dags/example_latest_only_with_trigger.py took 0.086 seconds
[2022-06-21 07:24:08,570] {scheduler_job.py:182} INFO - Started process (PID=415) to work on /home/airflow/.local/lib/python3.6/site-packages/airflow/example_dags/example_latest_only_with_trigger.py
[2022-06-21 07:24:08,572] {scheduler_job.py:633} INFO - Processing file /home/airflow/.local/lib/python3.6/site-packages/airflow/example_dags/example_latest_only_with_trigger.py for tasks to queue
[2022-06-21 07:24:08,574] {logging_mixin.py:104} INFO - [2022-06-21 07:24:08,573] {dagbag.py:487} INFO - Filling up the DagBag from /home/airflow/.local/lib/python3.6/site-packages/airflow/example_dags/example_latest_only_with_trigger.py
[2022-06-21 07:24:08,593] {scheduler_job.py:643} INFO - DAG(s) dict_keys(['latest_only_with_trigger']) retrieved from /home/airflow/.local/lib/python3.6/site-packages/airflow/example_dags/example_latest_only_with_trigger.py
[2022-06-21 07:24:08,624] {logging_mixin.py:104} INFO - [2022-06-21 07:24:08,623] {dag.py:1832} INFO - Sync 1 DAGs
[2022-06-21 07:24:08,642] {logging_mixin.py:104} INFO - [2022-06-21 07:24:08,642] {dag.py:2305} INFO - Setting next_dagrun for latest_only_with_trigger to 2022-06-19 00:00:00+00:00
[2022-06-21 07:24:08,658] {scheduler_job.py:190} INFO - Processing /home/airflow/.local/lib/python3.6/site-packages/airflow/example_dags/example_latest_only_with_trigger.py took 0.094 seconds
[2022-06-21 07:24:48,333] {scheduler_job.py:182} INFO - Started process (PID=76) to work on /home/airflow/.local/lib/python3.6/site-packages/airflow/example_dags/example_latest_only_with_trigger.py
[2022-06-21 07:24:48,344] {scheduler_job.py:633} INFO - Processing file /home/airflow/.local/lib/python3.6/site-packages/airflow/example_dags/example_latest_only_with_trigger.py for tasks to queue
[2022-06-21 07:24:48,349] {logging_mixin.py:104} INFO - [2022-06-21 07:24:48,348] {dagbag.py:487} INFO - Filling up the DagBag from /home/airflow/.local/lib/python3.6/site-packages/airflow/example_dags/example_latest_only_with_trigger.py
[2022-06-21 07:24:48,399] {scheduler_job.py:643} INFO - DAG(s) dict_keys(['latest_only_with_trigger']) retrieved from /home/airflow/.local/lib/python3.6/site-packages/airflow/example_dags/example_latest_only_with_trigger.py
[2022-06-21 07:24:48,502] {logging_mixin.py:104} INFO - [2022-06-21 07:24:48,500] {dag.py:1832} INFO - Sync 1 DAGs
[2022-06-21 07:24:48,644] {logging_mixin.py:104} INFO - [2022-06-21 07:24:48,644] {dag.py:2305} INFO - Setting next_dagrun for latest_only_with_trigger to 2022-06-19 00:00:00+00:00
[2022-06-21 07:24:48,811] {scheduler_job.py:190} INFO - Processing /home/airflow/.local/lib/python3.6/site-packages/airflow/example_dags/example_latest_only_with_trigger.py took 0.483 seconds
[2022-06-21 07:25:21,637] {scheduler_job.py:182} INFO - Started process (PID=130) to work on /home/airflow/.local/lib/python3.6/site-packages/airflow/example_dags/example_latest_only_with_trigger.py
[2022-06-21 07:25:21,642] {scheduler_job.py:633} INFO - Processing file /home/airflow/.local/lib/python3.6/site-packages/airflow/example_dags/example_latest_only_with_trigger.py for tasks to queue
[2022-06-21 07:25:21,647] {logging_mixin.py:104} INFO - [2022-06-21 07:25:21,646] {dagbag.py:487} INFO - Filling up the DagBag from /home/airflow/.local/lib/python3.6/site-packages/airflow/example_dags/example_latest_only_with_trigger.py
[2022-06-21 07:25:21,671] {scheduler_job.py:643} INFO - DAG(s) dict_keys(['latest_only_with_trigger']) retrieved from /home/airflow/.local/lib/python3.6/site-packages/airflow/example_dags/example_latest_only_with_trigger.py
[2022-06-21 07:25:21,724] {logging_mixin.py:104} INFO - [2022-06-21 07:25:21,724] {dag.py:1832} INFO - Sync 1 DAGs
[2022-06-21 07:25:21,760] {logging_mixin.py:104} INFO - [2022-06-21 07:25:21,759] {dag.py:2305} INFO - Setting next_dagrun for latest_only_with_trigger to 2022-06-19 00:00:00+00:00
[2022-06-21 07:25:21,792] {scheduler_job.py:190} INFO - Processing /home/airflow/.local/lib/python3.6/site-packages/airflow/example_dags/example_latest_only_with_trigger.py took 0.167 seconds
[2022-06-21 07:25:52,013] {scheduler_job.py:182} INFO - Started process (PID=185) to work on /home/airflow/.local/lib/python3.6/site-packages/airflow/example_dags/example_latest_only_with_trigger.py
[2022-06-21 07:25:52,016] {scheduler_job.py:633} INFO - Processing file /home/airflow/.local/lib/python3.6/site-packages/airflow/example_dags/example_latest_only_with_trigger.py for tasks to queue
[2022-06-21 07:25:52,017] {logging_mixin.py:104} INFO - [2022-06-21 07:25:52,017] {dagbag.py:487} INFO - Filling up the DagBag from /home/airflow/.local/lib/python3.6/site-packages/airflow/example_dags/example_latest_only_with_trigger.py
[2022-06-21 07:25:52,033] {scheduler_job.py:643} INFO - DAG(s) dict_keys(['latest_only_with_trigger']) retrieved from /home/airflow/.local/lib/python3.6/site-packages/airflow/example_dags/example_latest_only_with_trigger.py
[2022-06-21 07:25:52,062] {logging_mixin.py:104} INFO - [2022-06-21 07:25:52,062] {dag.py:1832} INFO - Sync 1 DAGs
[2022-06-21 07:25:52,080] {logging_mixin.py:104} INFO - [2022-06-21 07:25:52,080] {dag.py:2305} INFO - Setting next_dagrun for latest_only_with_trigger to 2022-06-19 00:00:00+00:00
[2022-06-21 07:25:52,092] {scheduler_job.py:190} INFO - Processing /home/airflow/.local/lib/python3.6/site-packages/airflow/example_dags/example_latest_only_with_trigger.py took 0.084 seconds
[2022-06-21 07:26:59,749] {scheduler_job.py:182} INFO - Started process (PID=242) to work on /home/airflow/.local/lib/python3.6/site-packages/airflow/example_dags/example_latest_only_with_trigger.py
[2022-06-21 07:26:59,752] {scheduler_job.py:633} INFO - Processing file /home/airflow/.local/lib/python3.6/site-packages/airflow/example_dags/example_latest_only_with_trigger.py for tasks to queue
[2022-06-21 07:26:59,753] {logging_mixin.py:104} INFO - [2022-06-21 07:26:59,753] {dagbag.py:487} INFO - Filling up the DagBag from /home/airflow/.local/lib/python3.6/site-packages/airflow/example_dags/example_latest_only_with_trigger.py
[2022-06-21 07:26:59,821] {scheduler_job.py:643} INFO - DAG(s) dict_keys(['latest_only_with_trigger']) retrieved from /home/airflow/.local/lib/python3.6/site-packages/airflow/example_dags/example_latest_only_with_trigger.py
[2022-06-21 07:26:59,845] {logging_mixin.py:104} INFO - [2022-06-21 07:26:59,845] {dag.py:1832} INFO - Sync 1 DAGs
[2022-06-21 07:26:59,865] {logging_mixin.py:104} INFO - [2022-06-21 07:26:59,865] {dag.py:2305} INFO - Setting next_dagrun for latest_only_with_trigger to 2022-06-19 00:00:00+00:00
[2022-06-21 07:26:59,877] {scheduler_job.py:190} INFO - Processing /home/airflow/.local/lib/python3.6/site-packages/airflow/example_dags/example_latest_only_with_trigger.py took 0.132 seconds
[2022-06-21 07:27:30,592] {scheduler_job.py:182} INFO - Started process (PID=295) to work on /home/airflow/.local/lib/python3.6/site-packages/airflow/example_dags/example_latest_only_with_trigger.py
[2022-06-21 07:27:30,594] {scheduler_job.py:633} INFO - Processing file /home/airflow/.local/lib/python3.6/site-packages/airflow/example_dags/example_latest_only_with_trigger.py for tasks to queue
[2022-06-21 07:27:30,596] {logging_mixin.py:104} INFO - [2022-06-21 07:27:30,596] {dagbag.py:487} INFO - Filling up the DagBag from /home/airflow/.local/lib/python3.6/site-packages/airflow/example_dags/example_latest_only_with_trigger.py
[2022-06-21 07:27:30,616] {scheduler_job.py:643} INFO - DAG(s) dict_keys(['latest_only_with_trigger']) retrieved from /home/airflow/.local/lib/python3.6/site-packages/airflow/example_dags/example_latest_only_with_trigger.py
[2022-06-21 07:27:30,644] {logging_mixin.py:104} INFO - [2022-06-21 07:27:30,644] {dag.py:1832} INFO - Sync 1 DAGs
[2022-06-21 07:27:30,664] {logging_mixin.py:104} INFO - [2022-06-21 07:27:30,664] {dag.py:2305} INFO - Setting next_dagrun for latest_only_with_trigger to 2022-06-19 00:00:00+00:00
[2022-06-21 07:27:30,677] {scheduler_job.py:190} INFO - Processing /home/airflow/.local/lib/python3.6/site-packages/airflow/example_dags/example_latest_only_with_trigger.py took 0.089 seconds
[2022-06-21 07:28:05,759] {scheduler_job.py:182} INFO - Started process (PID=341) to work on /home/airflow/.local/lib/python3.6/site-packages/airflow/example_dags/example_latest_only_with_trigger.py
[2022-06-21 07:28:05,762] {scheduler_job.py:633} INFO - Processing file /home/airflow/.local/lib/python3.6/site-packages/airflow/example_dags/example_latest_only_with_trigger.py for tasks to queue
[2022-06-21 07:28:05,765] {logging_mixin.py:104} INFO - [2022-06-21 07:28:05,765] {dagbag.py:487} INFO - Filling up the DagBag from /home/airflow/.local/lib/python3.6/site-packages/airflow/example_dags/example_latest_only_with_trigger.py
[2022-06-21 07:28:05,789] {scheduler_job.py:643} INFO - DAG(s) dict_keys(['latest_only_with_trigger']) retrieved from /home/airflow/.local/lib/python3.6/site-packages/airflow/example_dags/example_latest_only_with_trigger.py
[2022-06-21 07:28:05,840] {logging_mixin.py:104} INFO - [2022-06-21 07:28:05,840] {dag.py:1832} INFO - Sync 1 DAGs
[2022-06-21 07:28:05,870] {logging_mixin.py:104} INFO - [2022-06-21 07:28:05,870] {dag.py:2305} INFO - Setting next_dagrun for latest_only_with_trigger to 2022-06-19 00:00:00+00:00
[2022-06-21 07:28:05,886] {scheduler_job.py:190} INFO - Processing /home/airflow/.local/lib/python3.6/site-packages/airflow/example_dags/example_latest_only_with_trigger.py took 0.134 seconds
[2022-06-21 07:28:36,222] {scheduler_job.py:182} INFO - Started process (PID=401) to work on /home/airflow/.local/lib/python3.6/site-packages/airflow/example_dags/example_latest_only_with_trigger.py
[2022-06-21 07:28:36,225] {scheduler_job.py:633} INFO - Processing file /home/airflow/.local/lib/python3.6/site-packages/airflow/example_dags/example_latest_only_with_trigger.py for tasks to queue
[2022-06-21 07:28:36,227] {logging_mixin.py:104} INFO - [2022-06-21 07:28:36,227] {dagbag.py:487} INFO - Filling up the DagBag from /home/airflow/.local/lib/python3.6/site-packages/airflow/example_dags/example_latest_only_with_trigger.py
[2022-06-21 07:28:36,246] {scheduler_job.py:643} INFO - DAG(s) dict_keys(['latest_only_with_trigger']) retrieved from /home/airflow/.local/lib/python3.6/site-packages/airflow/example_dags/example_latest_only_with_trigger.py
[2022-06-21 07:28:36,275] {logging_mixin.py:104} INFO - [2022-06-21 07:28:36,275] {dag.py:1832} INFO - Sync 1 DAGs
[2022-06-21 07:28:36,294] {logging_mixin.py:104} INFO - [2022-06-21 07:28:36,294] {dag.py:2305} INFO - Setting next_dagrun for latest_only_with_trigger to 2022-06-19 00:00:00+00:00
[2022-06-21 07:28:36,313] {scheduler_job.py:190} INFO - Processing /home/airflow/.local/lib/python3.6/site-packages/airflow/example_dags/example_latest_only_with_trigger.py took 0.096 seconds
[2022-06-21 07:29:28,603] {scheduler_job.py:182} INFO - Started process (PID=58) to work on /home/airflow/.local/lib/python3.6/site-packages/airflow/example_dags/example_latest_only_with_trigger.py
[2022-06-21 07:29:28,605] {scheduler_job.py:633} INFO - Processing file /home/airflow/.local/lib/python3.6/site-packages/airflow/example_dags/example_latest_only_with_trigger.py for tasks to queue
[2022-06-21 07:29:28,607] {logging_mixin.py:104} INFO - [2022-06-21 07:29:28,607] {dagbag.py:487} INFO - Filling up the DagBag from /home/airflow/.local/lib/python3.6/site-packages/airflow/example_dags/example_latest_only_with_trigger.py
[2022-06-21 07:29:28,619] {scheduler_job.py:643} INFO - DAG(s) dict_keys(['latest_only_with_trigger']) retrieved from /home/airflow/.local/lib/python3.6/site-packages/airflow/example_dags/example_latest_only_with_trigger.py
[2022-06-21 07:29:28,643] {logging_mixin.py:104} INFO - [2022-06-21 07:29:28,643] {dag.py:1832} INFO - Sync 1 DAGs
[2022-06-21 07:29:28,661] {logging_mixin.py:104} INFO - [2022-06-21 07:29:28,661] {dag.py:2305} INFO - Setting next_dagrun for latest_only_with_trigger to 2022-06-19 00:00:00+00:00
[2022-06-21 07:29:28,678] {scheduler_job.py:190} INFO - Processing /home/airflow/.local/lib/python3.6/site-packages/airflow/example_dags/example_latest_only_with_trigger.py took 0.078 seconds
[2022-06-21 07:29:58,706] {scheduler_job.py:182} INFO - Started process (PID=132) to work on /home/airflow/.local/lib/python3.6/site-packages/airflow/example_dags/example_latest_only_with_trigger.py
[2022-06-21 07:29:58,707] {scheduler_job.py:633} INFO - Processing file /home/airflow/.local/lib/python3.6/site-packages/airflow/example_dags/example_latest_only_with_trigger.py for tasks to queue
[2022-06-21 07:29:58,708] {logging_mixin.py:104} INFO - [2022-06-21 07:29:58,708] {dagbag.py:487} INFO - Filling up the DagBag from /home/airflow/.local/lib/python3.6/site-packages/airflow/example_dags/example_latest_only_with_trigger.py
[2022-06-21 07:29:58,720] {scheduler_job.py:643} INFO - DAG(s) dict_keys(['latest_only_with_trigger']) retrieved from /home/airflow/.local/lib/python3.6/site-packages/airflow/example_dags/example_latest_only_with_trigger.py
[2022-06-21 07:29:58,740] {logging_mixin.py:104} INFO - [2022-06-21 07:29:58,740] {dag.py:1832} INFO - Sync 1 DAGs
[2022-06-21 07:29:58,757] {logging_mixin.py:104} INFO - [2022-06-21 07:29:58,757] {dag.py:2305} INFO - Setting next_dagrun for latest_only_with_trigger to 2022-06-19 00:00:00+00:00
[2022-06-21 07:29:58,768] {scheduler_job.py:190} INFO - Processing /home/airflow/.local/lib/python3.6/site-packages/airflow/example_dags/example_latest_only_with_trigger.py took 0.066 seconds
[2022-06-21 07:30:28,992] {scheduler_job.py:182} INFO - Started process (PID=194) to work on /home/airflow/.local/lib/python3.6/site-packages/airflow/example_dags/example_latest_only_with_trigger.py
[2022-06-21 07:30:28,994] {scheduler_job.py:633} INFO - Processing file /home/airflow/.local/lib/python3.6/site-packages/airflow/example_dags/example_latest_only_with_trigger.py for tasks to queue
[2022-06-21 07:30:28,995] {logging_mixin.py:104} INFO - [2022-06-21 07:30:28,995] {dagbag.py:487} INFO - Filling up the DagBag from /home/airflow/.local/lib/python3.6/site-packages/airflow/example_dags/example_latest_only_with_trigger.py
[2022-06-21 07:30:29,008] {scheduler_job.py:643} INFO - DAG(s) dict_keys(['latest_only_with_trigger']) retrieved from /home/airflow/.local/lib/python3.6/site-packages/airflow/example_dags/example_latest_only_with_trigger.py
[2022-06-21 07:30:29,032] {logging_mixin.py:104} INFO - [2022-06-21 07:30:29,032] {dag.py:1832} INFO - Sync 1 DAGs
[2022-06-21 07:30:29,048] {logging_mixin.py:104} INFO - [2022-06-21 07:30:29,048] {dag.py:2305} INFO - Setting next_dagrun for latest_only_with_trigger to 2022-06-19 00:00:00+00:00
[2022-06-21 07:30:29,058] {scheduler_job.py:190} INFO - Processing /home/airflow/.local/lib/python3.6/site-packages/airflow/example_dags/example_latest_only_with_trigger.py took 0.070 seconds
[2022-06-21 07:31:35,000] {scheduler_job.py:182} INFO - Started process (PID=74) to work on /home/airflow/.local/lib/python3.6/site-packages/airflow/example_dags/example_latest_only_with_trigger.py
[2022-06-21 07:31:35,003] {scheduler_job.py:633} INFO - Processing file /home/airflow/.local/lib/python3.6/site-packages/airflow/example_dags/example_latest_only_with_trigger.py for tasks to queue
[2022-06-21 07:31:35,005] {logging_mixin.py:104} INFO - [2022-06-21 07:31:35,005] {dagbag.py:487} INFO - Filling up the DagBag from /home/airflow/.local/lib/python3.6/site-packages/airflow/example_dags/example_latest_only_with_trigger.py
[2022-06-21 07:31:35,024] {scheduler_job.py:643} INFO - DAG(s) dict_keys(['latest_only_with_trigger']) retrieved from /home/airflow/.local/lib/python3.6/site-packages/airflow/example_dags/example_latest_only_with_trigger.py
[2022-06-21 07:31:35,060] {logging_mixin.py:104} INFO - [2022-06-21 07:31:35,059] {dag.py:1832} INFO - Sync 1 DAGs
[2022-06-21 07:31:35,082] {logging_mixin.py:104} INFO - [2022-06-21 07:31:35,081] {dag.py:2305} INFO - Setting next_dagrun for latest_only_with_trigger to 2022-06-19 00:00:00+00:00
[2022-06-21 07:31:35,096] {scheduler_job.py:190} INFO - Processing /home/airflow/.local/lib/python3.6/site-packages/airflow/example_dags/example_latest_only_with_trigger.py took 0.100 seconds
[2022-06-21 07:32:05,173] {scheduler_job.py:182} INFO - Started process (PID=136) to work on /home/airflow/.local/lib/python3.6/site-packages/airflow/example_dags/example_latest_only_with_trigger.py
[2022-06-21 07:32:05,175] {scheduler_job.py:633} INFO - Processing file /home/airflow/.local/lib/python3.6/site-packages/airflow/example_dags/example_latest_only_with_trigger.py for tasks to queue
[2022-06-21 07:32:05,178] {logging_mixin.py:104} INFO - [2022-06-21 07:32:05,177] {dagbag.py:487} INFO - Filling up the DagBag from /home/airflow/.local/lib/python3.6/site-packages/airflow/example_dags/example_latest_only_with_trigger.py
[2022-06-21 07:32:05,194] {scheduler_job.py:643} INFO - DAG(s) dict_keys(['latest_only_with_trigger']) retrieved from /home/airflow/.local/lib/python3.6/site-packages/airflow/example_dags/example_latest_only_with_trigger.py
[2022-06-21 07:32:05,226] {logging_mixin.py:104} INFO - [2022-06-21 07:32:05,226] {dag.py:1832} INFO - Sync 1 DAGs
[2022-06-21 07:32:05,261] {logging_mixin.py:104} INFO - [2022-06-21 07:32:05,261] {dag.py:2305} INFO - Setting next_dagrun for latest_only_with_trigger to 2022-06-19 00:00:00+00:00
[2022-06-21 07:32:05,277] {scheduler_job.py:190} INFO - Processing /home/airflow/.local/lib/python3.6/site-packages/airflow/example_dags/example_latest_only_with_trigger.py took 0.107 seconds
[2022-06-21 07:32:36,504] {scheduler_job.py:182} INFO - Started process (PID=217) to work on /home/airflow/.local/lib/python3.6/site-packages/airflow/example_dags/example_latest_only_with_trigger.py
[2022-06-21 07:32:36,509] {scheduler_job.py:633} INFO - Processing file /home/airflow/.local/lib/python3.6/site-packages/airflow/example_dags/example_latest_only_with_trigger.py for tasks to queue
[2022-06-21 07:32:36,513] {logging_mixin.py:104} INFO - [2022-06-21 07:32:36,513] {dagbag.py:487} INFO - Filling up the DagBag from /home/airflow/.local/lib/python3.6/site-packages/airflow/example_dags/example_latest_only_with_trigger.py
[2022-06-21 07:32:36,549] {scheduler_job.py:643} INFO - DAG(s) dict_keys(['latest_only_with_trigger']) retrieved from /home/airflow/.local/lib/python3.6/site-packages/airflow/example_dags/example_latest_only_with_trigger.py
[2022-06-21 07:32:36,600] {logging_mixin.py:104} INFO - [2022-06-21 07:32:36,600] {dag.py:1832} INFO - Sync 1 DAGs
[2022-06-21 07:32:36,624] {logging_mixin.py:104} INFO - [2022-06-21 07:32:36,623] {dag.py:2305} INFO - Setting next_dagrun for latest_only_with_trigger to 2022-06-19 00:00:00+00:00
[2022-06-21 07:32:36,640] {scheduler_job.py:190} INFO - Processing /home/airflow/.local/lib/python3.6/site-packages/airflow/example_dags/example_latest_only_with_trigger.py took 0.142 seconds
[2022-06-21 07:33:07,260] {scheduler_job.py:182} INFO - Started process (PID=287) to work on /home/airflow/.local/lib/python3.6/site-packages/airflow/example_dags/example_latest_only_with_trigger.py
[2022-06-21 07:33:07,262] {scheduler_job.py:633} INFO - Processing file /home/airflow/.local/lib/python3.6/site-packages/airflow/example_dags/example_latest_only_with_trigger.py for tasks to queue
[2022-06-21 07:33:07,263] {logging_mixin.py:104} INFO - [2022-06-21 07:33:07,263] {dagbag.py:487} INFO - Filling up the DagBag from /home/airflow/.local/lib/python3.6/site-packages/airflow/example_dags/example_latest_only_with_trigger.py
[2022-06-21 07:33:07,289] {scheduler_job.py:643} INFO - DAG(s) dict_keys(['latest_only_with_trigger']) retrieved from /home/airflow/.local/lib/python3.6/site-packages/airflow/example_dags/example_latest_only_with_trigger.py
[2022-06-21 07:33:07,312] {logging_mixin.py:104} INFO - [2022-06-21 07:33:07,312] {dag.py:1832} INFO - Sync 1 DAGs
[2022-06-21 07:33:07,327] {logging_mixin.py:104} INFO - [2022-06-21 07:33:07,327] {dag.py:2305} INFO - Setting next_dagrun for latest_only_with_trigger to 2022-06-19 00:00:00+00:00
[2022-06-21 07:33:07,337] {scheduler_job.py:190} INFO - Processing /home/airflow/.local/lib/python3.6/site-packages/airflow/example_dags/example_latest_only_with_trigger.py took 0.081 seconds
[2022-06-21 07:33:37,476] {scheduler_job.py:182} INFO - Started process (PID=363) to work on /home/airflow/.local/lib/python3.6/site-packages/airflow/example_dags/example_latest_only_with_trigger.py
[2022-06-21 07:33:37,478] {scheduler_job.py:633} INFO - Processing file /home/airflow/.local/lib/python3.6/site-packages/airflow/example_dags/example_latest_only_with_trigger.py for tasks to queue
[2022-06-21 07:33:37,479] {logging_mixin.py:104} INFO - [2022-06-21 07:33:37,479] {dagbag.py:487} INFO - Filling up the DagBag from /home/airflow/.local/lib/python3.6/site-packages/airflow/example_dags/example_latest_only_with_trigger.py
[2022-06-21 07:33:37,496] {scheduler_job.py:643} INFO - DAG(s) dict_keys(['latest_only_with_trigger']) retrieved from /home/airflow/.local/lib/python3.6/site-packages/airflow/example_dags/example_latest_only_with_trigger.py
[2022-06-21 07:33:37,518] {logging_mixin.py:104} INFO - [2022-06-21 07:33:37,518] {dag.py:1832} INFO - Sync 1 DAGs
[2022-06-21 07:33:37,534] {logging_mixin.py:104} INFO - [2022-06-21 07:33:37,534] {dag.py:2305} INFO - Setting next_dagrun for latest_only_with_trigger to 2022-06-19 00:00:00+00:00
[2022-06-21 07:33:37,544] {scheduler_job.py:190} INFO - Processing /home/airflow/.local/lib/python3.6/site-packages/airflow/example_dags/example_latest_only_with_trigger.py took 0.071 seconds
