[2022-06-21 06:56:37,844] {scheduler_job.py:182} INFO - Started process (PID=148) to work on /home/airflow/.local/lib/python3.6/site-packages/airflow/example_dags/example_task_group_decorator.py
[2022-06-21 06:56:37,846] {scheduler_job.py:633} INFO - Processing file /home/airflow/.local/lib/python3.6/site-packages/airflow/example_dags/example_task_group_decorator.py for tasks to queue
[2022-06-21 06:56:37,848] {logging_mixin.py:104} INFO - [2022-06-21 06:56:37,848] {dagbag.py:487} INFO - Filling up the DagBag from /home/airflow/.local/lib/python3.6/site-packages/airflow/example_dags/example_task_group_decorator.py
[2022-06-21 06:56:37,901] {scheduler_job.py:643} INFO - DAG(s) dict_keys(['example_task_group_decorator']) retrieved from /home/airflow/.local/lib/python3.6/site-packages/airflow/example_dags/example_task_group_decorator.py
[2022-06-21 06:56:40,977] {logging_mixin.py:104} INFO - [2022-06-21 06:56:40,976] {dag.py:1832} INFO - Sync 1 DAGs
[2022-06-21 06:56:40,995] {logging_mixin.py:104} INFO - [2022-06-21 06:56:40,991] {dag.py:1851} INFO - Creating ORM DAG for example_task_group_decorator
[2022-06-21 06:56:41,005] {logging_mixin.py:104} INFO - [2022-06-21 06:56:41,005] {dag.py:2305} INFO - Setting next_dagrun for example_task_group_decorator to 2022-06-19 00:00:00+00:00
[2022-06-21 06:56:41,033] {scheduler_job.py:190} INFO - Processing /home/airflow/.local/lib/python3.6/site-packages/airflow/example_dags/example_task_group_decorator.py took 3.195 seconds
[2022-06-21 06:58:08,314] {scheduler_job.py:182} INFO - Started process (PID=200) to work on /home/airflow/.local/lib/python3.6/site-packages/airflow/example_dags/example_task_group_decorator.py
[2022-06-21 06:58:08,318] {scheduler_job.py:633} INFO - Processing file /home/airflow/.local/lib/python3.6/site-packages/airflow/example_dags/example_task_group_decorator.py for tasks to queue
[2022-06-21 06:58:08,320] {logging_mixin.py:104} INFO - [2022-06-21 06:58:08,320] {dagbag.py:487} INFO - Filling up the DagBag from /home/airflow/.local/lib/python3.6/site-packages/airflow/example_dags/example_task_group_decorator.py
[2022-06-21 06:58:08,363] {scheduler_job.py:643} INFO - DAG(s) dict_keys(['example_task_group_decorator']) retrieved from /home/airflow/.local/lib/python3.6/site-packages/airflow/example_dags/example_task_group_decorator.py
[2022-06-21 06:58:08,872] {logging_mixin.py:104} INFO - [2022-06-21 06:58:08,871] {dag.py:1832} INFO - Sync 1 DAGs
[2022-06-21 06:58:08,903] {logging_mixin.py:104} INFO - [2022-06-21 06:58:08,903] {dag.py:2305} INFO - Setting next_dagrun for example_task_group_decorator to 2022-06-19 00:00:00+00:00
[2022-06-21 06:58:08,919] {scheduler_job.py:190} INFO - Processing /home/airflow/.local/lib/python3.6/site-packages/airflow/example_dags/example_task_group_decorator.py took 0.611 seconds
[2022-06-21 06:58:47,860] {scheduler_job.py:182} INFO - Started process (PID=272) to work on /home/airflow/.local/lib/python3.6/site-packages/airflow/example_dags/example_task_group_decorator.py
[2022-06-21 06:58:47,862] {scheduler_job.py:633} INFO - Processing file /home/airflow/.local/lib/python3.6/site-packages/airflow/example_dags/example_task_group_decorator.py for tasks to queue
[2022-06-21 06:58:47,864] {logging_mixin.py:104} INFO - [2022-06-21 06:58:47,864] {dagbag.py:487} INFO - Filling up the DagBag from /home/airflow/.local/lib/python3.6/site-packages/airflow/example_dags/example_task_group_decorator.py
[2022-06-21 06:58:47,899] {scheduler_job.py:643} INFO - DAG(s) dict_keys(['example_task_group_decorator']) retrieved from /home/airflow/.local/lib/python3.6/site-packages/airflow/example_dags/example_task_group_decorator.py
[2022-06-21 06:58:47,930] {logging_mixin.py:104} INFO - [2022-06-21 06:58:47,930] {dag.py:1832} INFO - Sync 1 DAGs
[2022-06-21 06:58:48,042] {logging_mixin.py:104} INFO - [2022-06-21 06:58:48,042] {dag.py:2305} INFO - Setting next_dagrun for example_task_group_decorator to 2022-06-19 00:00:00+00:00
[2022-06-21 06:58:48,061] {scheduler_job.py:190} INFO - Processing /home/airflow/.local/lib/python3.6/site-packages/airflow/example_dags/example_task_group_decorator.py took 0.206 seconds
[2022-06-21 06:59:18,103] {scheduler_job.py:182} INFO - Started process (PID=323) to work on /home/airflow/.local/lib/python3.6/site-packages/airflow/example_dags/example_task_group_decorator.py
[2022-06-21 06:59:18,105] {scheduler_job.py:633} INFO - Processing file /home/airflow/.local/lib/python3.6/site-packages/airflow/example_dags/example_task_group_decorator.py for tasks to queue
[2022-06-21 06:59:18,107] {logging_mixin.py:104} INFO - [2022-06-21 06:59:18,107] {dagbag.py:487} INFO - Filling up the DagBag from /home/airflow/.local/lib/python3.6/site-packages/airflow/example_dags/example_task_group_decorator.py
[2022-06-21 06:59:18,136] {scheduler_job.py:643} INFO - DAG(s) dict_keys(['example_task_group_decorator']) retrieved from /home/airflow/.local/lib/python3.6/site-packages/airflow/example_dags/example_task_group_decorator.py
[2022-06-21 06:59:18,472] {logging_mixin.py:104} INFO - [2022-06-21 06:59:18,472] {dag.py:1832} INFO - Sync 1 DAGs
[2022-06-21 06:59:18,484] {logging_mixin.py:104} INFO - [2022-06-21 06:59:18,484] {dag.py:2305} INFO - Setting next_dagrun for example_task_group_decorator to 2022-06-19 00:00:00+00:00
[2022-06-21 06:59:18,496] {scheduler_job.py:190} INFO - Processing /home/airflow/.local/lib/python3.6/site-packages/airflow/example_dags/example_task_group_decorator.py took 0.397 seconds
[2022-06-21 06:59:56,733] {scheduler_job.py:182} INFO - Started process (PID=368) to work on /home/airflow/.local/lib/python3.6/site-packages/airflow/example_dags/example_task_group_decorator.py
[2022-06-21 06:59:56,737] {scheduler_job.py:633} INFO - Processing file /home/airflow/.local/lib/python3.6/site-packages/airflow/example_dags/example_task_group_decorator.py for tasks to queue
[2022-06-21 06:59:56,740] {logging_mixin.py:104} INFO - [2022-06-21 06:59:56,739] {dagbag.py:487} INFO - Filling up the DagBag from /home/airflow/.local/lib/python3.6/site-packages/airflow/example_dags/example_task_group_decorator.py
[2022-06-21 06:59:56,784] {scheduler_job.py:643} INFO - DAG(s) dict_keys(['example_task_group_decorator']) retrieved from /home/airflow/.local/lib/python3.6/site-packages/airflow/example_dags/example_task_group_decorator.py
[2022-06-21 06:59:57,241] {logging_mixin.py:104} INFO - [2022-06-21 06:59:57,241] {dag.py:1832} INFO - Sync 1 DAGs
[2022-06-21 06:59:57,260] {logging_mixin.py:104} INFO - [2022-06-21 06:59:57,260] {dag.py:2305} INFO - Setting next_dagrun for example_task_group_decorator to 2022-06-19 00:00:00+00:00
[2022-06-21 06:59:57,277] {scheduler_job.py:190} INFO - Processing /home/airflow/.local/lib/python3.6/site-packages/airflow/example_dags/example_task_group_decorator.py took 0.550 seconds
[2022-06-21 07:00:27,866] {scheduler_job.py:182} INFO - Started process (PID=430) to work on /home/airflow/.local/lib/python3.6/site-packages/airflow/example_dags/example_task_group_decorator.py
[2022-06-21 07:00:27,869] {scheduler_job.py:633} INFO - Processing file /home/airflow/.local/lib/python3.6/site-packages/airflow/example_dags/example_task_group_decorator.py for tasks to queue
[2022-06-21 07:00:27,871] {logging_mixin.py:104} INFO - [2022-06-21 07:00:27,871] {dagbag.py:487} INFO - Filling up the DagBag from /home/airflow/.local/lib/python3.6/site-packages/airflow/example_dags/example_task_group_decorator.py
[2022-06-21 07:00:27,921] {scheduler_job.py:643} INFO - DAG(s) dict_keys(['example_task_group_decorator']) retrieved from /home/airflow/.local/lib/python3.6/site-packages/airflow/example_dags/example_task_group_decorator.py
[2022-06-21 07:00:28,262] {logging_mixin.py:104} INFO - [2022-06-21 07:00:28,262] {dag.py:1832} INFO - Sync 1 DAGs
[2022-06-21 07:00:28,282] {logging_mixin.py:104} INFO - [2022-06-21 07:00:28,282] {dag.py:2305} INFO - Setting next_dagrun for example_task_group_decorator to 2022-06-19 00:00:00+00:00
[2022-06-21 07:00:28,312] {scheduler_job.py:190} INFO - Processing /home/airflow/.local/lib/python3.6/site-packages/airflow/example_dags/example_task_group_decorator.py took 0.450 seconds
[2022-06-21 07:00:58,435] {scheduler_job.py:182} INFO - Started process (PID=491) to work on /home/airflow/.local/lib/python3.6/site-packages/airflow/example_dags/example_task_group_decorator.py
[2022-06-21 07:00:58,438] {scheduler_job.py:633} INFO - Processing file /home/airflow/.local/lib/python3.6/site-packages/airflow/example_dags/example_task_group_decorator.py for tasks to queue
[2022-06-21 07:00:58,439] {logging_mixin.py:104} INFO - [2022-06-21 07:00:58,439] {dagbag.py:487} INFO - Filling up the DagBag from /home/airflow/.local/lib/python3.6/site-packages/airflow/example_dags/example_task_group_decorator.py
[2022-06-21 07:00:58,470] {scheduler_job.py:643} INFO - DAG(s) dict_keys(['example_task_group_decorator']) retrieved from /home/airflow/.local/lib/python3.6/site-packages/airflow/example_dags/example_task_group_decorator.py
[2022-06-21 07:00:58,637] {logging_mixin.py:104} INFO - [2022-06-21 07:00:58,637] {dag.py:1832} INFO - Sync 1 DAGs
[2022-06-21 07:00:58,653] {logging_mixin.py:104} INFO - [2022-06-21 07:00:58,652] {dag.py:2305} INFO - Setting next_dagrun for example_task_group_decorator to 2022-06-19 00:00:00+00:00
[2022-06-21 07:00:58,674] {scheduler_job.py:190} INFO - Processing /home/airflow/.local/lib/python3.6/site-packages/airflow/example_dags/example_task_group_decorator.py took 0.243 seconds
[2022-06-21 07:01:29,275] {scheduler_job.py:182} INFO - Started process (PID=547) to work on /home/airflow/.local/lib/python3.6/site-packages/airflow/example_dags/example_task_group_decorator.py
[2022-06-21 07:01:29,279] {scheduler_job.py:633} INFO - Processing file /home/airflow/.local/lib/python3.6/site-packages/airflow/example_dags/example_task_group_decorator.py for tasks to queue
[2022-06-21 07:01:29,283] {logging_mixin.py:104} INFO - [2022-06-21 07:01:29,283] {dagbag.py:487} INFO - Filling up the DagBag from /home/airflow/.local/lib/python3.6/site-packages/airflow/example_dags/example_task_group_decorator.py
[2022-06-21 07:01:29,342] {scheduler_job.py:643} INFO - DAG(s) dict_keys(['example_task_group_decorator']) retrieved from /home/airflow/.local/lib/python3.6/site-packages/airflow/example_dags/example_task_group_decorator.py
[2022-06-21 07:01:29,574] {logging_mixin.py:104} INFO - [2022-06-21 07:01:29,573] {dag.py:1832} INFO - Sync 1 DAGs
[2022-06-21 07:01:29,591] {logging_mixin.py:104} INFO - [2022-06-21 07:01:29,591] {dag.py:2305} INFO - Setting next_dagrun for example_task_group_decorator to 2022-06-19 00:00:00+00:00
[2022-06-21 07:01:29,608] {scheduler_job.py:190} INFO - Processing /home/airflow/.local/lib/python3.6/site-packages/airflow/example_dags/example_task_group_decorator.py took 0.339 seconds
[2022-06-21 07:04:57,875] {scheduler_job.py:182} INFO - Started process (PID=79) to work on /home/airflow/.local/lib/python3.6/site-packages/airflow/example_dags/example_task_group_decorator.py
[2022-06-21 07:04:57,878] {scheduler_job.py:633} INFO - Processing file /home/airflow/.local/lib/python3.6/site-packages/airflow/example_dags/example_task_group_decorator.py for tasks to queue
[2022-06-21 07:04:57,880] {logging_mixin.py:104} INFO - [2022-06-21 07:04:57,880] {dagbag.py:487} INFO - Filling up the DagBag from /home/airflow/.local/lib/python3.6/site-packages/airflow/example_dags/example_task_group_decorator.py
[2022-06-21 07:04:58,029] {scheduler_job.py:643} INFO - DAG(s) dict_keys(['example_task_group_decorator']) retrieved from /home/airflow/.local/lib/python3.6/site-packages/airflow/example_dags/example_task_group_decorator.py
[2022-06-21 07:05:01,829] {logging_mixin.py:104} INFO - [2022-06-21 07:05:01,824] {dag.py:1832} INFO - Sync 1 DAGs
[2022-06-21 07:05:01,868] {logging_mixin.py:104} INFO - [2022-06-21 07:05:01,867] {dag.py:2305} INFO - Setting next_dagrun for example_task_group_decorator to 2022-06-19 00:00:00+00:00
[2022-06-21 07:05:02,024] {scheduler_job.py:190} INFO - Processing /home/airflow/.local/lib/python3.6/site-packages/airflow/example_dags/example_task_group_decorator.py took 4.154 seconds
[2022-06-21 07:05:39,154] {scheduler_job.py:182} INFO - Started process (PID=137) to work on /home/airflow/.local/lib/python3.6/site-packages/airflow/example_dags/example_task_group_decorator.py
[2022-06-21 07:05:39,157] {scheduler_job.py:633} INFO - Processing file /home/airflow/.local/lib/python3.6/site-packages/airflow/example_dags/example_task_group_decorator.py for tasks to queue
[2022-06-21 07:05:39,160] {logging_mixin.py:104} INFO - [2022-06-21 07:05:39,159] {dagbag.py:487} INFO - Filling up the DagBag from /home/airflow/.local/lib/python3.6/site-packages/airflow/example_dags/example_task_group_decorator.py
[2022-06-21 07:05:39,215] {scheduler_job.py:643} INFO - DAG(s) dict_keys(['example_task_group_decorator']) retrieved from /home/airflow/.local/lib/python3.6/site-packages/airflow/example_dags/example_task_group_decorator.py
[2022-06-21 07:05:39,941] {logging_mixin.py:104} INFO - [2022-06-21 07:05:39,941] {dag.py:1832} INFO - Sync 1 DAGs
[2022-06-21 07:05:39,996] {logging_mixin.py:104} INFO - [2022-06-21 07:05:39,996] {dag.py:2305} INFO - Setting next_dagrun for example_task_group_decorator to 2022-06-19 00:00:00+00:00
[2022-06-21 07:05:40,038] {scheduler_job.py:190} INFO - Processing /home/airflow/.local/lib/python3.6/site-packages/airflow/example_dags/example_task_group_decorator.py took 0.889 seconds
[2022-06-21 07:06:14,027] {scheduler_job.py:182} INFO - Started process (PID=206) to work on /home/airflow/.local/lib/python3.6/site-packages/airflow/example_dags/example_task_group_decorator.py
[2022-06-21 07:06:14,033] {scheduler_job.py:633} INFO - Processing file /home/airflow/.local/lib/python3.6/site-packages/airflow/example_dags/example_task_group_decorator.py for tasks to queue
[2022-06-21 07:06:14,038] {logging_mixin.py:104} INFO - [2022-06-21 07:06:14,037] {dagbag.py:487} INFO - Filling up the DagBag from /home/airflow/.local/lib/python3.6/site-packages/airflow/example_dags/example_task_group_decorator.py
[2022-06-21 07:06:14,095] {scheduler_job.py:643} INFO - DAG(s) dict_keys(['example_task_group_decorator']) retrieved from /home/airflow/.local/lib/python3.6/site-packages/airflow/example_dags/example_task_group_decorator.py
[2022-06-21 07:06:14,488] {logging_mixin.py:104} INFO - [2022-06-21 07:06:14,488] {dag.py:1832} INFO - Sync 1 DAGs
[2022-06-21 07:06:14,503] {logging_mixin.py:104} INFO - [2022-06-21 07:06:14,503] {dag.py:2305} INFO - Setting next_dagrun for example_task_group_decorator to 2022-06-19 00:00:00+00:00
[2022-06-21 07:06:14,518] {scheduler_job.py:190} INFO - Processing /home/airflow/.local/lib/python3.6/site-packages/airflow/example_dags/example_task_group_decorator.py took 0.502 seconds
[2022-06-21 07:06:45,330] {scheduler_job.py:182} INFO - Started process (PID=268) to work on /home/airflow/.local/lib/python3.6/site-packages/airflow/example_dags/example_task_group_decorator.py
[2022-06-21 07:06:45,333] {scheduler_job.py:633} INFO - Processing file /home/airflow/.local/lib/python3.6/site-packages/airflow/example_dags/example_task_group_decorator.py for tasks to queue
[2022-06-21 07:06:45,335] {logging_mixin.py:104} INFO - [2022-06-21 07:06:45,335] {dagbag.py:487} INFO - Filling up the DagBag from /home/airflow/.local/lib/python3.6/site-packages/airflow/example_dags/example_task_group_decorator.py
[2022-06-21 07:06:45,379] {scheduler_job.py:643} INFO - DAG(s) dict_keys(['example_task_group_decorator']) retrieved from /home/airflow/.local/lib/python3.6/site-packages/airflow/example_dags/example_task_group_decorator.py
[2022-06-21 07:06:45,786] {logging_mixin.py:104} INFO - [2022-06-21 07:06:45,786] {dag.py:1832} INFO - Sync 1 DAGs
[2022-06-21 07:06:45,803] {logging_mixin.py:104} INFO - [2022-06-21 07:06:45,803] {dag.py:2305} INFO - Setting next_dagrun for example_task_group_decorator to 2022-06-19 00:00:00+00:00
[2022-06-21 07:06:45,818] {scheduler_job.py:190} INFO - Processing /home/airflow/.local/lib/python3.6/site-packages/airflow/example_dags/example_task_group_decorator.py took 0.492 seconds
[2022-06-21 07:07:23,439] {scheduler_job.py:182} INFO - Started process (PID=314) to work on /home/airflow/.local/lib/python3.6/site-packages/airflow/example_dags/example_task_group_decorator.py
[2022-06-21 07:07:23,443] {scheduler_job.py:633} INFO - Processing file /home/airflow/.local/lib/python3.6/site-packages/airflow/example_dags/example_task_group_decorator.py for tasks to queue
[2022-06-21 07:07:23,448] {logging_mixin.py:104} INFO - [2022-06-21 07:07:23,448] {dagbag.py:487} INFO - Filling up the DagBag from /home/airflow/.local/lib/python3.6/site-packages/airflow/example_dags/example_task_group_decorator.py
[2022-06-21 07:07:23,487] {scheduler_job.py:643} INFO - DAG(s) dict_keys(['example_task_group_decorator']) retrieved from /home/airflow/.local/lib/python3.6/site-packages/airflow/example_dags/example_task_group_decorator.py
[2022-06-21 07:07:23,835] {logging_mixin.py:104} INFO - [2022-06-21 07:07:23,834] {dag.py:1832} INFO - Sync 1 DAGs
[2022-06-21 07:07:23,849] {logging_mixin.py:104} INFO - [2022-06-21 07:07:23,849] {dag.py:2305} INFO - Setting next_dagrun for example_task_group_decorator to 2022-06-19 00:00:00+00:00
[2022-06-21 07:07:23,870] {scheduler_job.py:190} INFO - Processing /home/airflow/.local/lib/python3.6/site-packages/airflow/example_dags/example_task_group_decorator.py took 0.435 seconds
[2022-06-21 07:07:54,014] {scheduler_job.py:182} INFO - Started process (PID=378) to work on /home/airflow/.local/lib/python3.6/site-packages/airflow/example_dags/example_task_group_decorator.py
[2022-06-21 07:07:54,016] {scheduler_job.py:633} INFO - Processing file /home/airflow/.local/lib/python3.6/site-packages/airflow/example_dags/example_task_group_decorator.py for tasks to queue
[2022-06-21 07:07:54,017] {logging_mixin.py:104} INFO - [2022-06-21 07:07:54,017] {dagbag.py:487} INFO - Filling up the DagBag from /home/airflow/.local/lib/python3.6/site-packages/airflow/example_dags/example_task_group_decorator.py
[2022-06-21 07:07:54,055] {scheduler_job.py:643} INFO - DAG(s) dict_keys(['example_task_group_decorator']) retrieved from /home/airflow/.local/lib/python3.6/site-packages/airflow/example_dags/example_task_group_decorator.py
[2022-06-21 07:07:54,352] {logging_mixin.py:104} INFO - [2022-06-21 07:07:54,352] {dag.py:1832} INFO - Sync 1 DAGs
[2022-06-21 07:07:54,364] {logging_mixin.py:104} INFO - [2022-06-21 07:07:54,364] {dag.py:2305} INFO - Setting next_dagrun for example_task_group_decorator to 2022-06-19 00:00:00+00:00
[2022-06-21 07:07:54,375] {scheduler_job.py:190} INFO - Processing /home/airflow/.local/lib/python3.6/site-packages/airflow/example_dags/example_task_group_decorator.py took 0.365 seconds
[2022-06-21 07:08:24,545] {scheduler_job.py:182} INFO - Started process (PID=455) to work on /home/airflow/.local/lib/python3.6/site-packages/airflow/example_dags/example_task_group_decorator.py
[2022-06-21 07:08:24,547] {scheduler_job.py:633} INFO - Processing file /home/airflow/.local/lib/python3.6/site-packages/airflow/example_dags/example_task_group_decorator.py for tasks to queue
[2022-06-21 07:08:24,549] {logging_mixin.py:104} INFO - [2022-06-21 07:08:24,549] {dagbag.py:487} INFO - Filling up the DagBag from /home/airflow/.local/lib/python3.6/site-packages/airflow/example_dags/example_task_group_decorator.py
[2022-06-21 07:08:24,581] {scheduler_job.py:643} INFO - DAG(s) dict_keys(['example_task_group_decorator']) retrieved from /home/airflow/.local/lib/python3.6/site-packages/airflow/example_dags/example_task_group_decorator.py
[2022-06-21 07:08:24,879] {logging_mixin.py:104} INFO - [2022-06-21 07:08:24,879] {dag.py:1832} INFO - Sync 1 DAGs
[2022-06-21 07:08:24,892] {logging_mixin.py:104} INFO - [2022-06-21 07:08:24,892] {dag.py:2305} INFO - Setting next_dagrun for example_task_group_decorator to 2022-06-19 00:00:00+00:00
[2022-06-21 07:08:24,903] {scheduler_job.py:190} INFO - Processing /home/airflow/.local/lib/python3.6/site-packages/airflow/example_dags/example_task_group_decorator.py took 0.361 seconds
[2022-06-21 07:08:55,087] {scheduler_job.py:182} INFO - Started process (PID=517) to work on /home/airflow/.local/lib/python3.6/site-packages/airflow/example_dags/example_task_group_decorator.py
[2022-06-21 07:08:55,089] {scheduler_job.py:633} INFO - Processing file /home/airflow/.local/lib/python3.6/site-packages/airflow/example_dags/example_task_group_decorator.py for tasks to queue
[2022-06-21 07:08:55,091] {logging_mixin.py:104} INFO - [2022-06-21 07:08:55,091] {dagbag.py:487} INFO - Filling up the DagBag from /home/airflow/.local/lib/python3.6/site-packages/airflow/example_dags/example_task_group_decorator.py
[2022-06-21 07:08:55,123] {scheduler_job.py:643} INFO - DAG(s) dict_keys(['example_task_group_decorator']) retrieved from /home/airflow/.local/lib/python3.6/site-packages/airflow/example_dags/example_task_group_decorator.py
[2022-06-21 07:08:55,458] {logging_mixin.py:104} INFO - [2022-06-21 07:08:55,458] {dag.py:1832} INFO - Sync 1 DAGs
[2022-06-21 07:08:55,472] {logging_mixin.py:104} INFO - [2022-06-21 07:08:55,472] {dag.py:2305} INFO - Setting next_dagrun for example_task_group_decorator to 2022-06-19 00:00:00+00:00
[2022-06-21 07:08:55,487] {scheduler_job.py:190} INFO - Processing /home/airflow/.local/lib/python3.6/site-packages/airflow/example_dags/example_task_group_decorator.py took 0.403 seconds
[2022-06-21 07:11:14,386] {scheduler_job.py:182} INFO - Started process (PID=79) to work on /home/airflow/.local/lib/python3.6/site-packages/airflow/example_dags/example_task_group_decorator.py
[2022-06-21 07:11:14,396] {scheduler_job.py:633} INFO - Processing file /home/airflow/.local/lib/python3.6/site-packages/airflow/example_dags/example_task_group_decorator.py for tasks to queue
[2022-06-21 07:11:14,402] {logging_mixin.py:104} INFO - [2022-06-21 07:11:14,401] {dagbag.py:487} INFO - Filling up the DagBag from /home/airflow/.local/lib/python3.6/site-packages/airflow/example_dags/example_task_group_decorator.py
[2022-06-21 07:11:14,717] {scheduler_job.py:643} INFO - DAG(s) dict_keys(['example_task_group_decorator']) retrieved from /home/airflow/.local/lib/python3.6/site-packages/airflow/example_dags/example_task_group_decorator.py
[2022-06-21 07:11:17,393] {logging_mixin.py:104} INFO - [2022-06-21 07:11:17,393] {dag.py:1832} INFO - Sync 1 DAGs
[2022-06-21 07:11:17,404] {logging_mixin.py:104} INFO - [2022-06-21 07:11:17,404] {dag.py:2305} INFO - Setting next_dagrun for example_task_group_decorator to 2022-06-19 00:00:00+00:00
[2022-06-21 07:11:17,414] {scheduler_job.py:190} INFO - Processing /home/airflow/.local/lib/python3.6/site-packages/airflow/example_dags/example_task_group_decorator.py took 3.088 seconds
[2022-06-21 07:11:48,094] {scheduler_job.py:182} INFO - Started process (PID=135) to work on /home/airflow/.local/lib/python3.6/site-packages/airflow/example_dags/example_task_group_decorator.py
[2022-06-21 07:11:48,096] {scheduler_job.py:633} INFO - Processing file /home/airflow/.local/lib/python3.6/site-packages/airflow/example_dags/example_task_group_decorator.py for tasks to queue
[2022-06-21 07:11:48,098] {logging_mixin.py:104} INFO - [2022-06-21 07:11:48,097] {dagbag.py:487} INFO - Filling up the DagBag from /home/airflow/.local/lib/python3.6/site-packages/airflow/example_dags/example_task_group_decorator.py
[2022-06-21 07:11:48,131] {scheduler_job.py:643} INFO - DAG(s) dict_keys(['example_task_group_decorator']) retrieved from /home/airflow/.local/lib/python3.6/site-packages/airflow/example_dags/example_task_group_decorator.py
[2022-06-21 07:11:48,436] {logging_mixin.py:104} INFO - [2022-06-21 07:11:48,436] {dag.py:1832} INFO - Sync 1 DAGs
[2022-06-21 07:11:48,459] {logging_mixin.py:104} INFO - [2022-06-21 07:11:48,459] {dag.py:2305} INFO - Setting next_dagrun for example_task_group_decorator to 2022-06-19 00:00:00+00:00
[2022-06-21 07:11:48,474] {scheduler_job.py:190} INFO - Processing /home/airflow/.local/lib/python3.6/site-packages/airflow/example_dags/example_task_group_decorator.py took 0.384 seconds
[2022-06-21 07:12:18,752] {scheduler_job.py:182} INFO - Started process (PID=172) to work on /home/airflow/.local/lib/python3.6/site-packages/airflow/example_dags/example_task_group_decorator.py
[2022-06-21 07:12:18,754] {scheduler_job.py:633} INFO - Processing file /home/airflow/.local/lib/python3.6/site-packages/airflow/example_dags/example_task_group_decorator.py for tasks to queue
[2022-06-21 07:12:18,756] {logging_mixin.py:104} INFO - [2022-06-21 07:12:18,756] {dagbag.py:487} INFO - Filling up the DagBag from /home/airflow/.local/lib/python3.6/site-packages/airflow/example_dags/example_task_group_decorator.py
[2022-06-21 07:12:18,788] {scheduler_job.py:643} INFO - DAG(s) dict_keys(['example_task_group_decorator']) retrieved from /home/airflow/.local/lib/python3.6/site-packages/airflow/example_dags/example_task_group_decorator.py
[2022-06-21 07:12:19,067] {logging_mixin.py:104} INFO - [2022-06-21 07:12:19,066] {dag.py:1832} INFO - Sync 1 DAGs
[2022-06-21 07:12:19,079] {logging_mixin.py:104} INFO - [2022-06-21 07:12:19,079] {dag.py:2305} INFO - Setting next_dagrun for example_task_group_decorator to 2022-06-19 00:00:00+00:00
[2022-06-21 07:12:19,090] {scheduler_job.py:190} INFO - Processing /home/airflow/.local/lib/python3.6/site-packages/airflow/example_dags/example_task_group_decorator.py took 0.341 seconds
[2022-06-21 07:12:58,776] {scheduler_job.py:182} INFO - Started process (PID=218) to work on /home/airflow/.local/lib/python3.6/site-packages/airflow/example_dags/example_task_group_decorator.py
[2022-06-21 07:12:58,778] {scheduler_job.py:633} INFO - Processing file /home/airflow/.local/lib/python3.6/site-packages/airflow/example_dags/example_task_group_decorator.py for tasks to queue
[2022-06-21 07:12:58,780] {logging_mixin.py:104} INFO - [2022-06-21 07:12:58,780] {dagbag.py:487} INFO - Filling up the DagBag from /home/airflow/.local/lib/python3.6/site-packages/airflow/example_dags/example_task_group_decorator.py
[2022-06-21 07:12:58,813] {scheduler_job.py:643} INFO - DAG(s) dict_keys(['example_task_group_decorator']) retrieved from /home/airflow/.local/lib/python3.6/site-packages/airflow/example_dags/example_task_group_decorator.py
[2022-06-21 07:12:59,127] {logging_mixin.py:104} INFO - [2022-06-21 07:12:59,127] {dag.py:1832} INFO - Sync 1 DAGs
[2022-06-21 07:12:59,141] {logging_mixin.py:104} INFO - [2022-06-21 07:12:59,141] {dag.py:2305} INFO - Setting next_dagrun for example_task_group_decorator to 2022-06-19 00:00:00+00:00
[2022-06-21 07:12:59,158] {scheduler_job.py:190} INFO - Processing /home/airflow/.local/lib/python3.6/site-packages/airflow/example_dags/example_task_group_decorator.py took 0.386 seconds
[2022-06-21 07:14:42,731] {scheduler_job.py:182} INFO - Started process (PID=280) to work on /home/airflow/.local/lib/python3.6/site-packages/airflow/example_dags/example_task_group_decorator.py
[2022-06-21 07:14:42,733] {scheduler_job.py:633} INFO - Processing file /home/airflow/.local/lib/python3.6/site-packages/airflow/example_dags/example_task_group_decorator.py for tasks to queue
[2022-06-21 07:14:42,735] {logging_mixin.py:104} INFO - [2022-06-21 07:14:42,735] {dagbag.py:487} INFO - Filling up the DagBag from /home/airflow/.local/lib/python3.6/site-packages/airflow/example_dags/example_task_group_decorator.py
[2022-06-21 07:14:42,764] {scheduler_job.py:643} INFO - DAG(s) dict_keys(['example_task_group_decorator']) retrieved from /home/airflow/.local/lib/python3.6/site-packages/airflow/example_dags/example_task_group_decorator.py
[2022-06-21 07:14:43,020] {logging_mixin.py:104} INFO - [2022-06-21 07:14:43,019] {dag.py:1832} INFO - Sync 1 DAGs
[2022-06-21 07:14:43,038] {logging_mixin.py:104} INFO - [2022-06-21 07:14:43,038] {dag.py:2305} INFO - Setting next_dagrun for example_task_group_decorator to 2022-06-19 00:00:00+00:00
[2022-06-21 07:14:43,054] {scheduler_job.py:190} INFO - Processing /home/airflow/.local/lib/python3.6/site-packages/airflow/example_dags/example_task_group_decorator.py took 0.327 seconds
[2022-06-21 07:15:34,467] {scheduler_job.py:182} INFO - Started process (PID=327) to work on /home/airflow/.local/lib/python3.6/site-packages/airflow/example_dags/example_task_group_decorator.py
[2022-06-21 07:15:34,468] {scheduler_job.py:633} INFO - Processing file /home/airflow/.local/lib/python3.6/site-packages/airflow/example_dags/example_task_group_decorator.py for tasks to queue
[2022-06-21 07:15:34,470] {logging_mixin.py:104} INFO - [2022-06-21 07:15:34,470] {dagbag.py:487} INFO - Filling up the DagBag from /home/airflow/.local/lib/python3.6/site-packages/airflow/example_dags/example_task_group_decorator.py
[2022-06-21 07:15:34,500] {scheduler_job.py:643} INFO - DAG(s) dict_keys(['example_task_group_decorator']) retrieved from /home/airflow/.local/lib/python3.6/site-packages/airflow/example_dags/example_task_group_decorator.py
[2022-06-21 07:15:34,729] {logging_mixin.py:104} INFO - [2022-06-21 07:15:34,729] {dag.py:1832} INFO - Sync 1 DAGs
[2022-06-21 07:15:34,743] {logging_mixin.py:104} INFO - [2022-06-21 07:15:34,742] {dag.py:2305} INFO - Setting next_dagrun for example_task_group_decorator to 2022-06-19 00:00:00+00:00
[2022-06-21 07:15:34,759] {scheduler_job.py:190} INFO - Processing /home/airflow/.local/lib/python3.6/site-packages/airflow/example_dags/example_task_group_decorator.py took 0.295 seconds
[2022-06-21 07:16:10,568] {scheduler_job.py:182} INFO - Started process (PID=389) to work on /home/airflow/.local/lib/python3.6/site-packages/airflow/example_dags/example_task_group_decorator.py
[2022-06-21 07:16:10,571] {scheduler_job.py:633} INFO - Processing file /home/airflow/.local/lib/python3.6/site-packages/airflow/example_dags/example_task_group_decorator.py for tasks to queue
[2022-06-21 07:16:10,575] {logging_mixin.py:104} INFO - [2022-06-21 07:16:10,574] {dagbag.py:487} INFO - Filling up the DagBag from /home/airflow/.local/lib/python3.6/site-packages/airflow/example_dags/example_task_group_decorator.py
[2022-06-21 07:16:10,620] {scheduler_job.py:643} INFO - DAG(s) dict_keys(['example_task_group_decorator']) retrieved from /home/airflow/.local/lib/python3.6/site-packages/airflow/example_dags/example_task_group_decorator.py
[2022-06-21 07:16:10,668] {logging_mixin.py:104} INFO - [2022-06-21 07:16:10,668] {dag.py:1832} INFO - Sync 1 DAGs
[2022-06-21 07:16:10,686] {logging_mixin.py:104} INFO - [2022-06-21 07:16:10,686] {dag.py:2305} INFO - Setting next_dagrun for example_task_group_decorator to 2022-06-19 00:00:00+00:00
[2022-06-21 07:16:10,704] {scheduler_job.py:190} INFO - Processing /home/airflow/.local/lib/python3.6/site-packages/airflow/example_dags/example_task_group_decorator.py took 0.141 seconds
[2022-06-21 07:16:49,809] {scheduler_job.py:182} INFO - Started process (PID=448) to work on /home/airflow/.local/lib/python3.6/site-packages/airflow/example_dags/example_task_group_decorator.py
[2022-06-21 07:16:49,812] {scheduler_job.py:633} INFO - Processing file /home/airflow/.local/lib/python3.6/site-packages/airflow/example_dags/example_task_group_decorator.py for tasks to queue
[2022-06-21 07:16:49,814] {logging_mixin.py:104} INFO - [2022-06-21 07:16:49,814] {dagbag.py:487} INFO - Filling up the DagBag from /home/airflow/.local/lib/python3.6/site-packages/airflow/example_dags/example_task_group_decorator.py
[2022-06-21 07:16:49,889] {scheduler_job.py:643} INFO - DAG(s) dict_keys(['example_task_group_decorator']) retrieved from /home/airflow/.local/lib/python3.6/site-packages/airflow/example_dags/example_task_group_decorator.py
[2022-06-21 07:16:49,934] {logging_mixin.py:104} INFO - [2022-06-21 07:16:49,934] {dag.py:1832} INFO - Sync 1 DAGs
[2022-06-21 07:16:49,953] {logging_mixin.py:104} INFO - [2022-06-21 07:16:49,952] {dag.py:2305} INFO - Setting next_dagrun for example_task_group_decorator to 2022-06-19 00:00:00+00:00
[2022-06-21 07:16:49,969] {scheduler_job.py:190} INFO - Processing /home/airflow/.local/lib/python3.6/site-packages/airflow/example_dags/example_task_group_decorator.py took 0.166 seconds
[2022-06-21 07:17:20,935] {scheduler_job.py:182} INFO - Started process (PID=505) to work on /home/airflow/.local/lib/python3.6/site-packages/airflow/example_dags/example_task_group_decorator.py
[2022-06-21 07:17:20,937] {scheduler_job.py:633} INFO - Processing file /home/airflow/.local/lib/python3.6/site-packages/airflow/example_dags/example_task_group_decorator.py for tasks to queue
[2022-06-21 07:17:20,939] {logging_mixin.py:104} INFO - [2022-06-21 07:17:20,939] {dagbag.py:487} INFO - Filling up the DagBag from /home/airflow/.local/lib/python3.6/site-packages/airflow/example_dags/example_task_group_decorator.py
[2022-06-21 07:17:20,974] {scheduler_job.py:643} INFO - DAG(s) dict_keys(['example_task_group_decorator']) retrieved from /home/airflow/.local/lib/python3.6/site-packages/airflow/example_dags/example_task_group_decorator.py
[2022-06-21 07:17:21,220] {logging_mixin.py:104} INFO - [2022-06-21 07:17:21,220] {dag.py:1832} INFO - Sync 1 DAGs
[2022-06-21 07:17:21,234] {logging_mixin.py:104} INFO - [2022-06-21 07:17:21,234] {dag.py:2305} INFO - Setting next_dagrun for example_task_group_decorator to 2022-06-19 00:00:00+00:00
[2022-06-21 07:17:21,250] {scheduler_job.py:190} INFO - Processing /home/airflow/.local/lib/python3.6/site-packages/airflow/example_dags/example_task_group_decorator.py took 0.318 seconds
[2022-06-21 07:20:40,790] {scheduler_job.py:182} INFO - Started process (PID=78) to work on /home/airflow/.local/lib/python3.6/site-packages/airflow/example_dags/example_task_group_decorator.py
[2022-06-21 07:20:40,794] {scheduler_job.py:633} INFO - Processing file /home/airflow/.local/lib/python3.6/site-packages/airflow/example_dags/example_task_group_decorator.py for tasks to queue
[2022-06-21 07:20:40,795] {logging_mixin.py:104} INFO - [2022-06-21 07:20:40,795] {dagbag.py:487} INFO - Filling up the DagBag from /home/airflow/.local/lib/python3.6/site-packages/airflow/example_dags/example_task_group_decorator.py
[2022-06-21 07:20:40,838] {scheduler_job.py:643} INFO - DAG(s) dict_keys(['example_task_group_decorator']) retrieved from /home/airflow/.local/lib/python3.6/site-packages/airflow/example_dags/example_task_group_decorator.py
[2022-06-21 07:20:41,270] {logging_mixin.py:104} INFO - [2022-06-21 07:20:41,269] {dag.py:1832} INFO - Sync 1 DAGs
[2022-06-21 07:20:41,299] {logging_mixin.py:104} INFO - [2022-06-21 07:20:41,298] {dag.py:2305} INFO - Setting next_dagrun for example_task_group_decorator to 2022-06-19 00:00:00+00:00
[2022-06-21 07:20:41,338] {scheduler_job.py:190} INFO - Processing /home/airflow/.local/lib/python3.6/site-packages/airflow/example_dags/example_task_group_decorator.py took 0.552 seconds
[2022-06-21 07:21:12,122] {scheduler_job.py:182} INFO - Started process (PID=121) to work on /home/airflow/.local/lib/python3.6/site-packages/airflow/example_dags/example_task_group_decorator.py
[2022-06-21 07:21:12,124] {scheduler_job.py:633} INFO - Processing file /home/airflow/.local/lib/python3.6/site-packages/airflow/example_dags/example_task_group_decorator.py for tasks to queue
[2022-06-21 07:21:12,126] {logging_mixin.py:104} INFO - [2022-06-21 07:21:12,126] {dagbag.py:487} INFO - Filling up the DagBag from /home/airflow/.local/lib/python3.6/site-packages/airflow/example_dags/example_task_group_decorator.py
[2022-06-21 07:21:12,171] {scheduler_job.py:643} INFO - DAG(s) dict_keys(['example_task_group_decorator']) retrieved from /home/airflow/.local/lib/python3.6/site-packages/airflow/example_dags/example_task_group_decorator.py
[2022-06-21 07:21:12,651] {logging_mixin.py:104} INFO - [2022-06-21 07:21:12,651] {dag.py:1832} INFO - Sync 1 DAGs
[2022-06-21 07:21:12,676] {logging_mixin.py:104} INFO - [2022-06-21 07:21:12,676] {dag.py:2305} INFO - Setting next_dagrun for example_task_group_decorator to 2022-06-19 00:00:00+00:00
[2022-06-21 07:21:12,724] {scheduler_job.py:190} INFO - Processing /home/airflow/.local/lib/python3.6/site-packages/airflow/example_dags/example_task_group_decorator.py took 0.607 seconds
[2022-06-21 07:21:49,284] {scheduler_job.py:182} INFO - Started process (PID=188) to work on /home/airflow/.local/lib/python3.6/site-packages/airflow/example_dags/example_task_group_decorator.py
[2022-06-21 07:21:49,289] {scheduler_job.py:633} INFO - Processing file /home/airflow/.local/lib/python3.6/site-packages/airflow/example_dags/example_task_group_decorator.py for tasks to queue
[2022-06-21 07:21:49,292] {logging_mixin.py:104} INFO - [2022-06-21 07:21:49,291] {dagbag.py:487} INFO - Filling up the DagBag from /home/airflow/.local/lib/python3.6/site-packages/airflow/example_dags/example_task_group_decorator.py
[2022-06-21 07:21:49,362] {scheduler_job.py:643} INFO - DAG(s) dict_keys(['example_task_group_decorator']) retrieved from /home/airflow/.local/lib/python3.6/site-packages/airflow/example_dags/example_task_group_decorator.py
[2022-06-21 07:21:49,745] {logging_mixin.py:104} INFO - [2022-06-21 07:21:49,745] {dag.py:1832} INFO - Sync 1 DAGs
[2022-06-21 07:21:49,763] {logging_mixin.py:104} INFO - [2022-06-21 07:21:49,763] {dag.py:2305} INFO - Setting next_dagrun for example_task_group_decorator to 2022-06-19 00:00:00+00:00
[2022-06-21 07:21:49,786] {scheduler_job.py:190} INFO - Processing /home/airflow/.local/lib/python3.6/site-packages/airflow/example_dags/example_task_group_decorator.py took 0.507 seconds
[2022-06-21 07:22:25,807] {scheduler_job.py:182} INFO - Started process (PID=249) to work on /home/airflow/.local/lib/python3.6/site-packages/airflow/example_dags/example_task_group_decorator.py
[2022-06-21 07:22:25,810] {scheduler_job.py:633} INFO - Processing file /home/airflow/.local/lib/python3.6/site-packages/airflow/example_dags/example_task_group_decorator.py for tasks to queue
[2022-06-21 07:22:25,812] {logging_mixin.py:104} INFO - [2022-06-21 07:22:25,812] {dagbag.py:487} INFO - Filling up the DagBag from /home/airflow/.local/lib/python3.6/site-packages/airflow/example_dags/example_task_group_decorator.py
[2022-06-21 07:22:25,865] {scheduler_job.py:643} INFO - DAG(s) dict_keys(['example_task_group_decorator']) retrieved from /home/airflow/.local/lib/python3.6/site-packages/airflow/example_dags/example_task_group_decorator.py
[2022-06-21 07:22:26,246] {logging_mixin.py:104} INFO - [2022-06-21 07:22:26,246] {dag.py:1832} INFO - Sync 1 DAGs
[2022-06-21 07:22:26,263] {logging_mixin.py:104} INFO - [2022-06-21 07:22:26,263] {dag.py:2305} INFO - Setting next_dagrun for example_task_group_decorator to 2022-06-19 00:00:00+00:00
[2022-06-21 07:22:26,278] {scheduler_job.py:190} INFO - Processing /home/airflow/.local/lib/python3.6/site-packages/airflow/example_dags/example_task_group_decorator.py took 0.477 seconds
[2022-06-21 07:23:07,218] {scheduler_job.py:182} INFO - Started process (PID=296) to work on /home/airflow/.local/lib/python3.6/site-packages/airflow/example_dags/example_task_group_decorator.py
[2022-06-21 07:23:07,220] {scheduler_job.py:633} INFO - Processing file /home/airflow/.local/lib/python3.6/site-packages/airflow/example_dags/example_task_group_decorator.py for tasks to queue
[2022-06-21 07:23:07,222] {logging_mixin.py:104} INFO - [2022-06-21 07:23:07,222] {dagbag.py:487} INFO - Filling up the DagBag from /home/airflow/.local/lib/python3.6/site-packages/airflow/example_dags/example_task_group_decorator.py
[2022-06-21 07:23:07,269] {scheduler_job.py:643} INFO - DAG(s) dict_keys(['example_task_group_decorator']) retrieved from /home/airflow/.local/lib/python3.6/site-packages/airflow/example_dags/example_task_group_decorator.py
[2022-06-21 07:23:07,636] {logging_mixin.py:104} INFO - [2022-06-21 07:23:07,635] {dag.py:1832} INFO - Sync 1 DAGs
[2022-06-21 07:23:07,653] {logging_mixin.py:104} INFO - [2022-06-21 07:23:07,653] {dag.py:2305} INFO - Setting next_dagrun for example_task_group_decorator to 2022-06-19 00:00:00+00:00
[2022-06-21 07:23:07,670] {scheduler_job.py:190} INFO - Processing /home/airflow/.local/lib/python3.6/site-packages/airflow/example_dags/example_task_group_decorator.py took 0.458 seconds
[2022-06-21 07:23:37,874] {scheduler_job.py:182} INFO - Started process (PID=358) to work on /home/airflow/.local/lib/python3.6/site-packages/airflow/example_dags/example_task_group_decorator.py
[2022-06-21 07:23:37,876] {scheduler_job.py:633} INFO - Processing file /home/airflow/.local/lib/python3.6/site-packages/airflow/example_dags/example_task_group_decorator.py for tasks to queue
[2022-06-21 07:23:37,877] {logging_mixin.py:104} INFO - [2022-06-21 07:23:37,877] {dagbag.py:487} INFO - Filling up the DagBag from /home/airflow/.local/lib/python3.6/site-packages/airflow/example_dags/example_task_group_decorator.py
[2022-06-21 07:23:37,911] {scheduler_job.py:643} INFO - DAG(s) dict_keys(['example_task_group_decorator']) retrieved from /home/airflow/.local/lib/python3.6/site-packages/airflow/example_dags/example_task_group_decorator.py
[2022-06-21 07:23:38,233] {logging_mixin.py:104} INFO - [2022-06-21 07:23:38,233] {dag.py:1832} INFO - Sync 1 DAGs
[2022-06-21 07:23:38,246] {logging_mixin.py:104} INFO - [2022-06-21 07:23:38,246] {dag.py:2305} INFO - Setting next_dagrun for example_task_group_decorator to 2022-06-19 00:00:00+00:00
[2022-06-21 07:23:38,261] {scheduler_job.py:190} INFO - Processing /home/airflow/.local/lib/python3.6/site-packages/airflow/example_dags/example_task_group_decorator.py took 0.391 seconds
[2022-06-21 07:24:09,344] {scheduler_job.py:182} INFO - Started process (PID=421) to work on /home/airflow/.local/lib/python3.6/site-packages/airflow/example_dags/example_task_group_decorator.py
[2022-06-21 07:24:09,347] {scheduler_job.py:633} INFO - Processing file /home/airflow/.local/lib/python3.6/site-packages/airflow/example_dags/example_task_group_decorator.py for tasks to queue
[2022-06-21 07:24:09,349] {logging_mixin.py:104} INFO - [2022-06-21 07:24:09,348] {dagbag.py:487} INFO - Filling up the DagBag from /home/airflow/.local/lib/python3.6/site-packages/airflow/example_dags/example_task_group_decorator.py
[2022-06-21 07:24:09,397] {scheduler_job.py:643} INFO - DAG(s) dict_keys(['example_task_group_decorator']) retrieved from /home/airflow/.local/lib/python3.6/site-packages/airflow/example_dags/example_task_group_decorator.py
[2022-06-21 07:24:09,783] {logging_mixin.py:104} INFO - [2022-06-21 07:24:09,782] {dag.py:1832} INFO - Sync 1 DAGs
[2022-06-21 07:24:09,800] {logging_mixin.py:104} INFO - [2022-06-21 07:24:09,800] {dag.py:2305} INFO - Setting next_dagrun for example_task_group_decorator to 2022-06-19 00:00:00+00:00
[2022-06-21 07:24:09,820] {scheduler_job.py:190} INFO - Processing /home/airflow/.local/lib/python3.6/site-packages/airflow/example_dags/example_task_group_decorator.py took 0.480 seconds
[2022-06-21 07:24:49,797] {scheduler_job.py:182} INFO - Started process (PID=81) to work on /home/airflow/.local/lib/python3.6/site-packages/airflow/example_dags/example_task_group_decorator.py
[2022-06-21 07:24:49,800] {scheduler_job.py:633} INFO - Processing file /home/airflow/.local/lib/python3.6/site-packages/airflow/example_dags/example_task_group_decorator.py for tasks to queue
[2022-06-21 07:24:49,801] {logging_mixin.py:104} INFO - [2022-06-21 07:24:49,801] {dagbag.py:487} INFO - Filling up the DagBag from /home/airflow/.local/lib/python3.6/site-packages/airflow/example_dags/example_task_group_decorator.py
[2022-06-21 07:24:49,830] {scheduler_job.py:643} INFO - DAG(s) dict_keys(['example_task_group_decorator']) retrieved from /home/airflow/.local/lib/python3.6/site-packages/airflow/example_dags/example_task_group_decorator.py
[2022-06-21 07:24:51,595] {logging_mixin.py:104} INFO - [2022-06-21 07:24:51,594] {dag.py:1832} INFO - Sync 1 DAGs
[2022-06-21 07:24:51,611] {logging_mixin.py:104} INFO - [2022-06-21 07:24:51,611] {dag.py:2305} INFO - Setting next_dagrun for example_task_group_decorator to 2022-06-19 00:00:00+00:00
[2022-06-21 07:24:51,777] {scheduler_job.py:190} INFO - Processing /home/airflow/.local/lib/python3.6/site-packages/airflow/example_dags/example_task_group_decorator.py took 1.984 seconds
[2022-06-21 07:25:22,703] {scheduler_job.py:182} INFO - Started process (PID=135) to work on /home/airflow/.local/lib/python3.6/site-packages/airflow/example_dags/example_task_group_decorator.py
[2022-06-21 07:25:22,721] {scheduler_job.py:633} INFO - Processing file /home/airflow/.local/lib/python3.6/site-packages/airflow/example_dags/example_task_group_decorator.py for tasks to queue
[2022-06-21 07:25:22,726] {logging_mixin.py:104} INFO - [2022-06-21 07:25:22,724] {dagbag.py:487} INFO - Filling up the DagBag from /home/airflow/.local/lib/python3.6/site-packages/airflow/example_dags/example_task_group_decorator.py
[2022-06-21 07:25:22,804] {scheduler_job.py:643} INFO - DAG(s) dict_keys(['example_task_group_decorator']) retrieved from /home/airflow/.local/lib/python3.6/site-packages/airflow/example_dags/example_task_group_decorator.py
[2022-06-21 07:25:23,614] {logging_mixin.py:104} INFO - [2022-06-21 07:25:23,614] {dag.py:1832} INFO - Sync 1 DAGs
[2022-06-21 07:25:23,644] {logging_mixin.py:104} INFO - [2022-06-21 07:25:23,643] {dag.py:2305} INFO - Setting next_dagrun for example_task_group_decorator to 2022-06-19 00:00:00+00:00
[2022-06-21 07:25:23,665] {scheduler_job.py:190} INFO - Processing /home/airflow/.local/lib/python3.6/site-packages/airflow/example_dags/example_task_group_decorator.py took 0.968 seconds
[2022-06-21 07:25:53,845] {scheduler_job.py:182} INFO - Started process (PID=192) to work on /home/airflow/.local/lib/python3.6/site-packages/airflow/example_dags/example_task_group_decorator.py
[2022-06-21 07:25:53,847] {scheduler_job.py:633} INFO - Processing file /home/airflow/.local/lib/python3.6/site-packages/airflow/example_dags/example_task_group_decorator.py for tasks to queue
[2022-06-21 07:25:53,849] {logging_mixin.py:104} INFO - [2022-06-21 07:25:53,849] {dagbag.py:487} INFO - Filling up the DagBag from /home/airflow/.local/lib/python3.6/site-packages/airflow/example_dags/example_task_group_decorator.py
[2022-06-21 07:25:53,888] {scheduler_job.py:643} INFO - DAG(s) dict_keys(['example_task_group_decorator']) retrieved from /home/airflow/.local/lib/python3.6/site-packages/airflow/example_dags/example_task_group_decorator.py
[2022-06-21 07:25:54,208] {logging_mixin.py:104} INFO - [2022-06-21 07:25:54,208] {dag.py:1832} INFO - Sync 1 DAGs
[2022-06-21 07:25:54,221] {logging_mixin.py:104} INFO - [2022-06-21 07:25:54,221] {dag.py:2305} INFO - Setting next_dagrun for example_task_group_decorator to 2022-06-19 00:00:00+00:00
[2022-06-21 07:25:54,233] {scheduler_job.py:190} INFO - Processing /home/airflow/.local/lib/python3.6/site-packages/airflow/example_dags/example_task_group_decorator.py took 0.392 seconds
[2022-06-21 07:27:00,687] {scheduler_job.py:182} INFO - Started process (PID=248) to work on /home/airflow/.local/lib/python3.6/site-packages/airflow/example_dags/example_task_group_decorator.py
[2022-06-21 07:27:00,689] {scheduler_job.py:633} INFO - Processing file /home/airflow/.local/lib/python3.6/site-packages/airflow/example_dags/example_task_group_decorator.py for tasks to queue
[2022-06-21 07:27:00,691] {logging_mixin.py:104} INFO - [2022-06-21 07:27:00,691] {dagbag.py:487} INFO - Filling up the DagBag from /home/airflow/.local/lib/python3.6/site-packages/airflow/example_dags/example_task_group_decorator.py
[2022-06-21 07:27:00,728] {scheduler_job.py:643} INFO - DAG(s) dict_keys(['example_task_group_decorator']) retrieved from /home/airflow/.local/lib/python3.6/site-packages/airflow/example_dags/example_task_group_decorator.py
[2022-06-21 07:27:01,070] {logging_mixin.py:104} INFO - [2022-06-21 07:27:01,070] {dag.py:1832} INFO - Sync 1 DAGs
[2022-06-21 07:27:01,085] {logging_mixin.py:104} INFO - [2022-06-21 07:27:01,085] {dag.py:2305} INFO - Setting next_dagrun for example_task_group_decorator to 2022-06-19 00:00:00+00:00
[2022-06-21 07:27:01,104] {scheduler_job.py:190} INFO - Processing /home/airflow/.local/lib/python3.6/site-packages/airflow/example_dags/example_task_group_decorator.py took 0.420 seconds
[2022-06-21 07:27:31,254] {scheduler_job.py:182} INFO - Started process (PID=300) to work on /home/airflow/.local/lib/python3.6/site-packages/airflow/example_dags/example_task_group_decorator.py
[2022-06-21 07:27:31,256] {scheduler_job.py:633} INFO - Processing file /home/airflow/.local/lib/python3.6/site-packages/airflow/example_dags/example_task_group_decorator.py for tasks to queue
[2022-06-21 07:27:31,258] {logging_mixin.py:104} INFO - [2022-06-21 07:27:31,258] {dagbag.py:487} INFO - Filling up the DagBag from /home/airflow/.local/lib/python3.6/site-packages/airflow/example_dags/example_task_group_decorator.py
[2022-06-21 07:27:31,289] {scheduler_job.py:643} INFO - DAG(s) dict_keys(['example_task_group_decorator']) retrieved from /home/airflow/.local/lib/python3.6/site-packages/airflow/example_dags/example_task_group_decorator.py
[2022-06-21 07:27:31,571] {logging_mixin.py:104} INFO - [2022-06-21 07:27:31,571] {dag.py:1832} INFO - Sync 1 DAGs
[2022-06-21 07:27:31,585] {logging_mixin.py:104} INFO - [2022-06-21 07:27:31,585] {dag.py:2305} INFO - Setting next_dagrun for example_task_group_decorator to 2022-06-19 00:00:00+00:00
[2022-06-21 07:27:31,597] {scheduler_job.py:190} INFO - Processing /home/airflow/.local/lib/python3.6/site-packages/airflow/example_dags/example_task_group_decorator.py took 0.346 seconds
[2022-06-21 07:28:06,970] {scheduler_job.py:182} INFO - Started process (PID=353) to work on /home/airflow/.local/lib/python3.6/site-packages/airflow/example_dags/example_task_group_decorator.py
[2022-06-21 07:28:06,973] {scheduler_job.py:633} INFO - Processing file /home/airflow/.local/lib/python3.6/site-packages/airflow/example_dags/example_task_group_decorator.py for tasks to queue
[2022-06-21 07:28:06,975] {logging_mixin.py:104} INFO - [2022-06-21 07:28:06,975] {dagbag.py:487} INFO - Filling up the DagBag from /home/airflow/.local/lib/python3.6/site-packages/airflow/example_dags/example_task_group_decorator.py
[2022-06-21 07:28:07,067] {scheduler_job.py:643} INFO - DAG(s) dict_keys(['example_task_group_decorator']) retrieved from /home/airflow/.local/lib/python3.6/site-packages/airflow/example_dags/example_task_group_decorator.py
[2022-06-21 07:28:07,533] {logging_mixin.py:104} INFO - [2022-06-21 07:28:07,532] {dag.py:1832} INFO - Sync 1 DAGs
[2022-06-21 07:28:07,549] {logging_mixin.py:104} INFO - [2022-06-21 07:28:07,548] {dag.py:2305} INFO - Setting next_dagrun for example_task_group_decorator to 2022-06-19 00:00:00+00:00
[2022-06-21 07:28:07,571] {scheduler_job.py:190} INFO - Processing /home/airflow/.local/lib/python3.6/site-packages/airflow/example_dags/example_task_group_decorator.py took 0.607 seconds
[2022-06-21 07:28:37,952] {scheduler_job.py:182} INFO - Started process (PID=408) to work on /home/airflow/.local/lib/python3.6/site-packages/airflow/example_dags/example_task_group_decorator.py
[2022-06-21 07:28:37,954] {scheduler_job.py:633} INFO - Processing file /home/airflow/.local/lib/python3.6/site-packages/airflow/example_dags/example_task_group_decorator.py for tasks to queue
[2022-06-21 07:28:37,956] {logging_mixin.py:104} INFO - [2022-06-21 07:28:37,956] {dagbag.py:487} INFO - Filling up the DagBag from /home/airflow/.local/lib/python3.6/site-packages/airflow/example_dags/example_task_group_decorator.py
[2022-06-21 07:28:37,995] {scheduler_job.py:643} INFO - DAG(s) dict_keys(['example_task_group_decorator']) retrieved from /home/airflow/.local/lib/python3.6/site-packages/airflow/example_dags/example_task_group_decorator.py
[2022-06-21 07:28:38,340] {logging_mixin.py:104} INFO - [2022-06-21 07:28:38,340] {dag.py:1832} INFO - Sync 1 DAGs
[2022-06-21 07:28:38,353] {logging_mixin.py:104} INFO - [2022-06-21 07:28:38,353] {dag.py:2305} INFO - Setting next_dagrun for example_task_group_decorator to 2022-06-19 00:00:00+00:00
[2022-06-21 07:28:38,368] {scheduler_job.py:190} INFO - Processing /home/airflow/.local/lib/python3.6/site-packages/airflow/example_dags/example_task_group_decorator.py took 0.421 seconds
[2022-06-21 07:29:29,468] {scheduler_job.py:182} INFO - Started process (PID=70) to work on /home/airflow/.local/lib/python3.6/site-packages/airflow/example_dags/example_task_group_decorator.py
[2022-06-21 07:29:29,470] {scheduler_job.py:633} INFO - Processing file /home/airflow/.local/lib/python3.6/site-packages/airflow/example_dags/example_task_group_decorator.py for tasks to queue
[2022-06-21 07:29:29,472] {logging_mixin.py:104} INFO - [2022-06-21 07:29:29,472] {dagbag.py:487} INFO - Filling up the DagBag from /home/airflow/.local/lib/python3.6/site-packages/airflow/example_dags/example_task_group_decorator.py
[2022-06-21 07:29:29,501] {scheduler_job.py:643} INFO - DAG(s) dict_keys(['example_task_group_decorator']) retrieved from /home/airflow/.local/lib/python3.6/site-packages/airflow/example_dags/example_task_group_decorator.py
[2022-06-21 07:29:29,815] {logging_mixin.py:104} INFO - [2022-06-21 07:29:29,815] {dag.py:1832} INFO - Sync 1 DAGs
[2022-06-21 07:29:29,836] {logging_mixin.py:104} INFO - [2022-06-21 07:29:29,836] {dag.py:2305} INFO - Setting next_dagrun for example_task_group_decorator to 2022-06-19 00:00:00+00:00
[2022-06-21 07:29:29,849] {scheduler_job.py:190} INFO - Processing /home/airflow/.local/lib/python3.6/site-packages/airflow/example_dags/example_task_group_decorator.py took 0.386 seconds
[2022-06-21 07:30:00,179] {scheduler_job.py:182} INFO - Started process (PID=138) to work on /home/airflow/.local/lib/python3.6/site-packages/airflow/example_dags/example_task_group_decorator.py
[2022-06-21 07:30:00,182] {scheduler_job.py:633} INFO - Processing file /home/airflow/.local/lib/python3.6/site-packages/airflow/example_dags/example_task_group_decorator.py for tasks to queue
[2022-06-21 07:30:00,183] {logging_mixin.py:104} INFO - [2022-06-21 07:30:00,183] {dagbag.py:487} INFO - Filling up the DagBag from /home/airflow/.local/lib/python3.6/site-packages/airflow/example_dags/example_task_group_decorator.py
[2022-06-21 07:30:00,213] {scheduler_job.py:643} INFO - DAG(s) dict_keys(['example_task_group_decorator']) retrieved from /home/airflow/.local/lib/python3.6/site-packages/airflow/example_dags/example_task_group_decorator.py
[2022-06-21 07:30:00,529] {logging_mixin.py:104} INFO - [2022-06-21 07:30:00,529] {dag.py:1832} INFO - Sync 1 DAGs
[2022-06-21 07:30:00,548] {logging_mixin.py:104} INFO - [2022-06-21 07:30:00,548] {dag.py:2305} INFO - Setting next_dagrun for example_task_group_decorator to 2022-06-19 00:00:00+00:00
[2022-06-21 07:30:00,566] {scheduler_job.py:190} INFO - Processing /home/airflow/.local/lib/python3.6/site-packages/airflow/example_dags/example_task_group_decorator.py took 0.392 seconds
[2022-06-21 07:30:30,693] {scheduler_job.py:182} INFO - Started process (PID=211) to work on /home/airflow/.local/lib/python3.6/site-packages/airflow/example_dags/example_task_group_decorator.py
[2022-06-21 07:30:30,695] {scheduler_job.py:633} INFO - Processing file /home/airflow/.local/lib/python3.6/site-packages/airflow/example_dags/example_task_group_decorator.py for tasks to queue
[2022-06-21 07:30:30,696] {logging_mixin.py:104} INFO - [2022-06-21 07:30:30,696] {dagbag.py:487} INFO - Filling up the DagBag from /home/airflow/.local/lib/python3.6/site-packages/airflow/example_dags/example_task_group_decorator.py
[2022-06-21 07:30:30,720] {scheduler_job.py:643} INFO - DAG(s) dict_keys(['example_task_group_decorator']) retrieved from /home/airflow/.local/lib/python3.6/site-packages/airflow/example_dags/example_task_group_decorator.py
[2022-06-21 07:30:30,979] {logging_mixin.py:104} INFO - [2022-06-21 07:30:30,979] {dag.py:1832} INFO - Sync 1 DAGs
[2022-06-21 07:30:30,989] {logging_mixin.py:104} INFO - [2022-06-21 07:30:30,989] {dag.py:2305} INFO - Setting next_dagrun for example_task_group_decorator to 2022-06-19 00:00:00+00:00
[2022-06-21 07:30:30,999] {scheduler_job.py:190} INFO - Processing /home/airflow/.local/lib/python3.6/site-packages/airflow/example_dags/example_task_group_decorator.py took 0.310 seconds
[2022-06-21 07:31:35,635] {scheduler_job.py:182} INFO - Started process (PID=79) to work on /home/airflow/.local/lib/python3.6/site-packages/airflow/example_dags/example_task_group_decorator.py
[2022-06-21 07:31:35,639] {scheduler_job.py:633} INFO - Processing file /home/airflow/.local/lib/python3.6/site-packages/airflow/example_dags/example_task_group_decorator.py for tasks to queue
[2022-06-21 07:31:35,641] {logging_mixin.py:104} INFO - [2022-06-21 07:31:35,641] {dagbag.py:487} INFO - Filling up the DagBag from /home/airflow/.local/lib/python3.6/site-packages/airflow/example_dags/example_task_group_decorator.py
[2022-06-21 07:31:35,683] {scheduler_job.py:643} INFO - DAG(s) dict_keys(['example_task_group_decorator']) retrieved from /home/airflow/.local/lib/python3.6/site-packages/airflow/example_dags/example_task_group_decorator.py
[2022-06-21 07:31:36,076] {logging_mixin.py:104} INFO - [2022-06-21 07:31:36,076] {dag.py:1832} INFO - Sync 1 DAGs
[2022-06-21 07:31:36,100] {logging_mixin.py:104} INFO - [2022-06-21 07:31:36,100] {dag.py:2305} INFO - Setting next_dagrun for example_task_group_decorator to 2022-06-19 00:00:00+00:00
[2022-06-21 07:31:36,132] {scheduler_job.py:190} INFO - Processing /home/airflow/.local/lib/python3.6/site-packages/airflow/example_dags/example_task_group_decorator.py took 0.502 seconds
[2022-06-21 07:32:06,202] {scheduler_job.py:182} INFO - Started process (PID=142) to work on /home/airflow/.local/lib/python3.6/site-packages/airflow/example_dags/example_task_group_decorator.py
[2022-06-21 07:32:06,204] {scheduler_job.py:633} INFO - Processing file /home/airflow/.local/lib/python3.6/site-packages/airflow/example_dags/example_task_group_decorator.py for tasks to queue
[2022-06-21 07:32:06,205] {logging_mixin.py:104} INFO - [2022-06-21 07:32:06,205] {dagbag.py:487} INFO - Filling up the DagBag from /home/airflow/.local/lib/python3.6/site-packages/airflow/example_dags/example_task_group_decorator.py
[2022-06-21 07:32:06,231] {scheduler_job.py:643} INFO - DAG(s) dict_keys(['example_task_group_decorator']) retrieved from /home/airflow/.local/lib/python3.6/site-packages/airflow/example_dags/example_task_group_decorator.py
[2022-06-21 07:32:06,506] {logging_mixin.py:104} INFO - [2022-06-21 07:32:06,506] {dag.py:1832} INFO - Sync 1 DAGs
[2022-06-21 07:32:06,517] {logging_mixin.py:104} INFO - [2022-06-21 07:32:06,517] {dag.py:2305} INFO - Setting next_dagrun for example_task_group_decorator to 2022-06-19 00:00:00+00:00
[2022-06-21 07:32:06,528] {scheduler_job.py:190} INFO - Processing /home/airflow/.local/lib/python3.6/site-packages/airflow/example_dags/example_task_group_decorator.py took 0.329 seconds
[2022-06-21 07:32:37,800] {scheduler_job.py:182} INFO - Started process (PID=232) to work on /home/airflow/.local/lib/python3.6/site-packages/airflow/example_dags/example_task_group_decorator.py
[2022-06-21 07:32:37,805] {scheduler_job.py:633} INFO - Processing file /home/airflow/.local/lib/python3.6/site-packages/airflow/example_dags/example_task_group_decorator.py for tasks to queue
[2022-06-21 07:32:37,807] {logging_mixin.py:104} INFO - [2022-06-21 07:32:37,806] {dagbag.py:487} INFO - Filling up the DagBag from /home/airflow/.local/lib/python3.6/site-packages/airflow/example_dags/example_task_group_decorator.py
[2022-06-21 07:32:37,868] {scheduler_job.py:643} INFO - DAG(s) dict_keys(['example_task_group_decorator']) retrieved from /home/airflow/.local/lib/python3.6/site-packages/airflow/example_dags/example_task_group_decorator.py
[2022-06-21 07:32:38,396] {logging_mixin.py:104} INFO - [2022-06-21 07:32:38,396] {dag.py:1832} INFO - Sync 1 DAGs
[2022-06-21 07:32:38,431] {logging_mixin.py:104} INFO - [2022-06-21 07:32:38,431] {dag.py:2305} INFO - Setting next_dagrun for example_task_group_decorator to 2022-06-19 00:00:00+00:00
[2022-06-21 07:32:38,479] {scheduler_job.py:190} INFO - Processing /home/airflow/.local/lib/python3.6/site-packages/airflow/example_dags/example_task_group_decorator.py took 0.683 seconds
[2022-06-21 07:33:08,988] {scheduler_job.py:182} INFO - Started process (PID=295) to work on /home/airflow/.local/lib/python3.6/site-packages/airflow/example_dags/example_task_group_decorator.py
[2022-06-21 07:33:08,991] {scheduler_job.py:633} INFO - Processing file /home/airflow/.local/lib/python3.6/site-packages/airflow/example_dags/example_task_group_decorator.py for tasks to queue
[2022-06-21 07:33:08,993] {logging_mixin.py:104} INFO - [2022-06-21 07:33:08,992] {dagbag.py:487} INFO - Filling up the DagBag from /home/airflow/.local/lib/python3.6/site-packages/airflow/example_dags/example_task_group_decorator.py
[2022-06-21 07:33:09,021] {scheduler_job.py:643} INFO - DAG(s) dict_keys(['example_task_group_decorator']) retrieved from /home/airflow/.local/lib/python3.6/site-packages/airflow/example_dags/example_task_group_decorator.py
[2022-06-21 07:33:09,296] {logging_mixin.py:104} INFO - [2022-06-21 07:33:09,296] {dag.py:1832} INFO - Sync 1 DAGs
[2022-06-21 07:33:09,310] {logging_mixin.py:104} INFO - [2022-06-21 07:33:09,310] {dag.py:2305} INFO - Setting next_dagrun for example_task_group_decorator to 2022-06-19 00:00:00+00:00
[2022-06-21 07:33:09,322] {scheduler_job.py:190} INFO - Processing /home/airflow/.local/lib/python3.6/site-packages/airflow/example_dags/example_task_group_decorator.py took 0.338 seconds
[2022-06-21 07:33:39,422] {scheduler_job.py:182} INFO - Started process (PID=375) to work on /home/airflow/.local/lib/python3.6/site-packages/airflow/example_dags/example_task_group_decorator.py
[2022-06-21 07:33:39,425] {scheduler_job.py:633} INFO - Processing file /home/airflow/.local/lib/python3.6/site-packages/airflow/example_dags/example_task_group_decorator.py for tasks to queue
[2022-06-21 07:33:39,426] {logging_mixin.py:104} INFO - [2022-06-21 07:33:39,426] {dagbag.py:487} INFO - Filling up the DagBag from /home/airflow/.local/lib/python3.6/site-packages/airflow/example_dags/example_task_group_decorator.py
[2022-06-21 07:33:39,453] {scheduler_job.py:643} INFO - DAG(s) dict_keys(['example_task_group_decorator']) retrieved from /home/airflow/.local/lib/python3.6/site-packages/airflow/example_dags/example_task_group_decorator.py
[2022-06-21 07:33:39,722] {logging_mixin.py:104} INFO - [2022-06-21 07:33:39,722] {dag.py:1832} INFO - Sync 1 DAGs
[2022-06-21 07:33:39,733] {logging_mixin.py:104} INFO - [2022-06-21 07:33:39,733] {dag.py:2305} INFO - Setting next_dagrun for example_task_group_decorator to 2022-06-19 00:00:00+00:00
[2022-06-21 07:33:39,743] {scheduler_job.py:190} INFO - Processing /home/airflow/.local/lib/python3.6/site-packages/airflow/example_dags/example_task_group_decorator.py took 0.324 seconds
