[2022-06-21 06:58:16,417] {scheduler_job.py:182} INFO - Started process (PID=214) to work on /home/airflow/.local/lib/python3.6/site-packages/airflow/example_dags/example_xcom.py
[2022-06-21 06:58:16,420] {scheduler_job.py:633} INFO - Processing file /home/airflow/.local/lib/python3.6/site-packages/airflow/example_dags/example_xcom.py for tasks to queue
[2022-06-21 06:58:16,423] {logging_mixin.py:104} INFO - [2022-06-21 06:58:16,422] {dagbag.py:487} INFO - Filling up the DagBag from /home/airflow/.local/lib/python3.6/site-packages/airflow/example_dags/example_xcom.py
[2022-06-21 06:58:16,451] {scheduler_job.py:643} INFO - DAG(s) dict_keys(['example_xcom']) retrieved from /home/airflow/.local/lib/python3.6/site-packages/airflow/example_dags/example_xcom.py
[2022-06-21 06:58:19,198] {logging_mixin.py:104} INFO - [2022-06-21 06:58:19,197] {dag.py:1832} INFO - Sync 1 DAGs
[2022-06-21 06:58:19,209] {logging_mixin.py:104} INFO - [2022-06-21 06:58:19,208] {dag.py:1851} INFO - Creating ORM DAG for example_xcom
[2022-06-21 06:58:19,214] {logging_mixin.py:104} INFO - [2022-06-21 06:58:19,214] {dag.py:2305} INFO - Setting next_dagrun for example_xcom to 2022-06-19 00:00:00+00:00
[2022-06-21 06:58:19,228] {scheduler_job.py:190} INFO - Processing /home/airflow/.local/lib/python3.6/site-packages/airflow/example_dags/example_xcom.py took 2.819 seconds
[2022-06-21 06:58:49,451] {scheduler_job.py:182} INFO - Started process (PID=282) to work on /home/airflow/.local/lib/python3.6/site-packages/airflow/example_dags/example_xcom.py
[2022-06-21 06:58:49,454] {scheduler_job.py:633} INFO - Processing file /home/airflow/.local/lib/python3.6/site-packages/airflow/example_dags/example_xcom.py for tasks to queue
[2022-06-21 06:58:49,456] {logging_mixin.py:104} INFO - [2022-06-21 06:58:49,456] {dagbag.py:487} INFO - Filling up the DagBag from /home/airflow/.local/lib/python3.6/site-packages/airflow/example_dags/example_xcom.py
[2022-06-21 06:58:49,487] {scheduler_job.py:643} INFO - DAG(s) dict_keys(['example_xcom']) retrieved from /home/airflow/.local/lib/python3.6/site-packages/airflow/example_dags/example_xcom.py
[2022-06-21 06:58:49,534] {logging_mixin.py:104} INFO - [2022-06-21 06:58:49,533] {dag.py:1832} INFO - Sync 1 DAGs
[2022-06-21 06:58:49,563] {logging_mixin.py:104} INFO - [2022-06-21 06:58:49,563] {dag.py:2305} INFO - Setting next_dagrun for example_xcom to 2022-06-19 00:00:00+00:00
[2022-06-21 06:58:49,586] {scheduler_job.py:190} INFO - Processing /home/airflow/.local/lib/python3.6/site-packages/airflow/example_dags/example_xcom.py took 0.140 seconds
[2022-06-21 06:59:19,908] {scheduler_job.py:182} INFO - Started process (PID=329) to work on /home/airflow/.local/lib/python3.6/site-packages/airflow/example_dags/example_xcom.py
[2022-06-21 06:59:19,910] {scheduler_job.py:633} INFO - Processing file /home/airflow/.local/lib/python3.6/site-packages/airflow/example_dags/example_xcom.py for tasks to queue
[2022-06-21 06:59:19,911] {logging_mixin.py:104} INFO - [2022-06-21 06:59:19,911] {dagbag.py:487} INFO - Filling up the DagBag from /home/airflow/.local/lib/python3.6/site-packages/airflow/example_dags/example_xcom.py
[2022-06-21 06:59:19,926] {scheduler_job.py:643} INFO - DAG(s) dict_keys(['example_xcom']) retrieved from /home/airflow/.local/lib/python3.6/site-packages/airflow/example_dags/example_xcom.py
[2022-06-21 06:59:19,959] {logging_mixin.py:104} INFO - [2022-06-21 06:59:19,959] {dag.py:1832} INFO - Sync 1 DAGs
[2022-06-21 06:59:19,975] {logging_mixin.py:104} INFO - [2022-06-21 06:59:19,975] {dag.py:2305} INFO - Setting next_dagrun for example_xcom to 2022-06-19 00:00:00+00:00
[2022-06-21 06:59:19,992] {scheduler_job.py:190} INFO - Processing /home/airflow/.local/lib/python3.6/site-packages/airflow/example_dags/example_xcom.py took 0.088 seconds
[2022-06-21 06:59:57,532] {scheduler_job.py:182} INFO - Started process (PID=373) to work on /home/airflow/.local/lib/python3.6/site-packages/airflow/example_dags/example_xcom.py
[2022-06-21 06:59:57,535] {scheduler_job.py:633} INFO - Processing file /home/airflow/.local/lib/python3.6/site-packages/airflow/example_dags/example_xcom.py for tasks to queue
[2022-06-21 06:59:57,537] {logging_mixin.py:104} INFO - [2022-06-21 06:59:57,537] {dagbag.py:487} INFO - Filling up the DagBag from /home/airflow/.local/lib/python3.6/site-packages/airflow/example_dags/example_xcom.py
[2022-06-21 06:59:57,551] {scheduler_job.py:643} INFO - DAG(s) dict_keys(['example_xcom']) retrieved from /home/airflow/.local/lib/python3.6/site-packages/airflow/example_dags/example_xcom.py
[2022-06-21 06:59:57,580] {logging_mixin.py:104} INFO - [2022-06-21 06:59:57,580] {dag.py:1832} INFO - Sync 1 DAGs
[2022-06-21 06:59:57,599] {logging_mixin.py:104} INFO - [2022-06-21 06:59:57,599] {dag.py:2305} INFO - Setting next_dagrun for example_xcom to 2022-06-19 00:00:00+00:00
[2022-06-21 06:59:57,612] {scheduler_job.py:190} INFO - Processing /home/airflow/.local/lib/python3.6/site-packages/airflow/example_dags/example_xcom.py took 0.084 seconds
[2022-06-21 07:00:28,670] {scheduler_job.py:182} INFO - Started process (PID=435) to work on /home/airflow/.local/lib/python3.6/site-packages/airflow/example_dags/example_xcom.py
[2022-06-21 07:00:28,673] {scheduler_job.py:633} INFO - Processing file /home/airflow/.local/lib/python3.6/site-packages/airflow/example_dags/example_xcom.py for tasks to queue
[2022-06-21 07:00:28,674] {logging_mixin.py:104} INFO - [2022-06-21 07:00:28,674] {dagbag.py:487} INFO - Filling up the DagBag from /home/airflow/.local/lib/python3.6/site-packages/airflow/example_dags/example_xcom.py
[2022-06-21 07:00:28,691] {scheduler_job.py:643} INFO - DAG(s) dict_keys(['example_xcom']) retrieved from /home/airflow/.local/lib/python3.6/site-packages/airflow/example_dags/example_xcom.py
[2022-06-21 07:00:28,719] {logging_mixin.py:104} INFO - [2022-06-21 07:00:28,719] {dag.py:1832} INFO - Sync 1 DAGs
[2022-06-21 07:00:28,735] {logging_mixin.py:104} INFO - [2022-06-21 07:00:28,735] {dag.py:2305} INFO - Setting next_dagrun for example_xcom to 2022-06-19 00:00:00+00:00
[2022-06-21 07:00:28,748] {scheduler_job.py:190} INFO - Processing /home/airflow/.local/lib/python3.6/site-packages/airflow/example_dags/example_xcom.py took 0.082 seconds
[2022-06-21 07:00:59,000] {scheduler_job.py:182} INFO - Started process (PID=495) to work on /home/airflow/.local/lib/python3.6/site-packages/airflow/example_dags/example_xcom.py
[2022-06-21 07:00:59,002] {scheduler_job.py:633} INFO - Processing file /home/airflow/.local/lib/python3.6/site-packages/airflow/example_dags/example_xcom.py for tasks to queue
[2022-06-21 07:00:59,004] {logging_mixin.py:104} INFO - [2022-06-21 07:00:59,004] {dagbag.py:487} INFO - Filling up the DagBag from /home/airflow/.local/lib/python3.6/site-packages/airflow/example_dags/example_xcom.py
[2022-06-21 07:00:59,022] {scheduler_job.py:643} INFO - DAG(s) dict_keys(['example_xcom']) retrieved from /home/airflow/.local/lib/python3.6/site-packages/airflow/example_dags/example_xcom.py
[2022-06-21 07:00:59,058] {logging_mixin.py:104} INFO - [2022-06-21 07:00:59,058] {dag.py:1832} INFO - Sync 1 DAGs
[2022-06-21 07:00:59,076] {logging_mixin.py:104} INFO - [2022-06-21 07:00:59,076] {dag.py:2305} INFO - Setting next_dagrun for example_xcom to 2022-06-19 00:00:00+00:00
[2022-06-21 07:00:59,091] {scheduler_job.py:190} INFO - Processing /home/airflow/.local/lib/python3.6/site-packages/airflow/example_dags/example_xcom.py took 0.096 seconds
[2022-06-21 07:01:29,830] {scheduler_job.py:182} INFO - Started process (PID=551) to work on /home/airflow/.local/lib/python3.6/site-packages/airflow/example_dags/example_xcom.py
[2022-06-21 07:01:29,833] {scheduler_job.py:633} INFO - Processing file /home/airflow/.local/lib/python3.6/site-packages/airflow/example_dags/example_xcom.py for tasks to queue
[2022-06-21 07:01:29,836] {logging_mixin.py:104} INFO - [2022-06-21 07:01:29,835] {dagbag.py:487} INFO - Filling up the DagBag from /home/airflow/.local/lib/python3.6/site-packages/airflow/example_dags/example_xcom.py
[2022-06-21 07:01:29,854] {scheduler_job.py:643} INFO - DAG(s) dict_keys(['example_xcom']) retrieved from /home/airflow/.local/lib/python3.6/site-packages/airflow/example_dags/example_xcom.py
[2022-06-21 07:01:29,882] {logging_mixin.py:104} INFO - [2022-06-21 07:01:29,881] {dag.py:1832} INFO - Sync 1 DAGs
[2022-06-21 07:01:29,914] {logging_mixin.py:104} INFO - [2022-06-21 07:01:29,914] {dag.py:2305} INFO - Setting next_dagrun for example_xcom to 2022-06-19 00:00:00+00:00
[2022-06-21 07:01:29,930] {scheduler_job.py:190} INFO - Processing /home/airflow/.local/lib/python3.6/site-packages/airflow/example_dags/example_xcom.py took 0.105 seconds
[2022-06-21 07:05:02,917] {scheduler_job.py:182} INFO - Started process (PID=84) to work on /home/airflow/.local/lib/python3.6/site-packages/airflow/example_dags/example_xcom.py
[2022-06-21 07:05:02,923] {scheduler_job.py:633} INFO - Processing file /home/airflow/.local/lib/python3.6/site-packages/airflow/example_dags/example_xcom.py for tasks to queue
[2022-06-21 07:05:02,925] {logging_mixin.py:104} INFO - [2022-06-21 07:05:02,924] {dagbag.py:487} INFO - Filling up the DagBag from /home/airflow/.local/lib/python3.6/site-packages/airflow/example_dags/example_xcom.py
[2022-06-21 07:05:02,937] {scheduler_job.py:643} INFO - DAG(s) dict_keys(['example_xcom']) retrieved from /home/airflow/.local/lib/python3.6/site-packages/airflow/example_dags/example_xcom.py
[2022-06-21 07:05:02,959] {logging_mixin.py:104} INFO - [2022-06-21 07:05:02,959] {dag.py:1832} INFO - Sync 1 DAGs
[2022-06-21 07:05:02,973] {logging_mixin.py:104} INFO - [2022-06-21 07:05:02,973] {dag.py:2305} INFO - Setting next_dagrun for example_xcom to 2022-06-19 00:00:00+00:00
[2022-06-21 07:05:02,981] {scheduler_job.py:190} INFO - Processing /home/airflow/.local/lib/python3.6/site-packages/airflow/example_dags/example_xcom.py took 0.067 seconds
[2022-06-21 07:05:40,134] {scheduler_job.py:182} INFO - Started process (PID=147) to work on /home/airflow/.local/lib/python3.6/site-packages/airflow/example_dags/example_xcom.py
[2022-06-21 07:05:40,139] {scheduler_job.py:633} INFO - Processing file /home/airflow/.local/lib/python3.6/site-packages/airflow/example_dags/example_xcom.py for tasks to queue
[2022-06-21 07:05:40,143] {logging_mixin.py:104} INFO - [2022-06-21 07:05:40,143] {dagbag.py:487} INFO - Filling up the DagBag from /home/airflow/.local/lib/python3.6/site-packages/airflow/example_dags/example_xcom.py
[2022-06-21 07:05:40,176] {scheduler_job.py:643} INFO - DAG(s) dict_keys(['example_xcom']) retrieved from /home/airflow/.local/lib/python3.6/site-packages/airflow/example_dags/example_xcom.py
[2022-06-21 07:05:40,240] {logging_mixin.py:104} INFO - [2022-06-21 07:05:40,239] {dag.py:1832} INFO - Sync 1 DAGs
[2022-06-21 07:05:40,266] {logging_mixin.py:104} INFO - [2022-06-21 07:05:40,265] {dag.py:2305} INFO - Setting next_dagrun for example_xcom to 2022-06-19 00:00:00+00:00
[2022-06-21 07:05:40,281] {scheduler_job.py:190} INFO - Processing /home/airflow/.local/lib/python3.6/site-packages/airflow/example_dags/example_xcom.py took 0.151 seconds
[2022-06-21 07:06:14,740] {scheduler_job.py:182} INFO - Started process (PID=211) to work on /home/airflow/.local/lib/python3.6/site-packages/airflow/example_dags/example_xcom.py
[2022-06-21 07:06:14,742] {scheduler_job.py:633} INFO - Processing file /home/airflow/.local/lib/python3.6/site-packages/airflow/example_dags/example_xcom.py for tasks to queue
[2022-06-21 07:06:14,744] {logging_mixin.py:104} INFO - [2022-06-21 07:06:14,744] {dagbag.py:487} INFO - Filling up the DagBag from /home/airflow/.local/lib/python3.6/site-packages/airflow/example_dags/example_xcom.py
[2022-06-21 07:06:14,764] {scheduler_job.py:643} INFO - DAG(s) dict_keys(['example_xcom']) retrieved from /home/airflow/.local/lib/python3.6/site-packages/airflow/example_dags/example_xcom.py
[2022-06-21 07:06:14,797] {logging_mixin.py:104} INFO - [2022-06-21 07:06:14,797] {dag.py:1832} INFO - Sync 1 DAGs
[2022-06-21 07:06:14,819] {logging_mixin.py:104} INFO - [2022-06-21 07:06:14,819] {dag.py:2305} INFO - Setting next_dagrun for example_xcom to 2022-06-19 00:00:00+00:00
[2022-06-21 07:06:14,850] {scheduler_job.py:190} INFO - Processing /home/airflow/.local/lib/python3.6/site-packages/airflow/example_dags/example_xcom.py took 0.114 seconds
[2022-06-21 07:06:46,063] {scheduler_job.py:182} INFO - Started process (PID=273) to work on /home/airflow/.local/lib/python3.6/site-packages/airflow/example_dags/example_xcom.py
[2022-06-21 07:06:46,066] {scheduler_job.py:633} INFO - Processing file /home/airflow/.local/lib/python3.6/site-packages/airflow/example_dags/example_xcom.py for tasks to queue
[2022-06-21 07:06:46,068] {logging_mixin.py:104} INFO - [2022-06-21 07:06:46,068] {dagbag.py:487} INFO - Filling up the DagBag from /home/airflow/.local/lib/python3.6/site-packages/airflow/example_dags/example_xcom.py
[2022-06-21 07:06:46,093] {scheduler_job.py:643} INFO - DAG(s) dict_keys(['example_xcom']) retrieved from /home/airflow/.local/lib/python3.6/site-packages/airflow/example_dags/example_xcom.py
[2022-06-21 07:06:46,124] {logging_mixin.py:104} INFO - [2022-06-21 07:06:46,124] {dag.py:1832} INFO - Sync 1 DAGs
[2022-06-21 07:06:46,150] {logging_mixin.py:104} INFO - [2022-06-21 07:06:46,149] {dag.py:2305} INFO - Setting next_dagrun for example_xcom to 2022-06-19 00:00:00+00:00
[2022-06-21 07:06:46,165] {scheduler_job.py:190} INFO - Processing /home/airflow/.local/lib/python3.6/site-packages/airflow/example_dags/example_xcom.py took 0.107 seconds
[2022-06-21 07:07:24,055] {scheduler_job.py:182} INFO - Started process (PID=319) to work on /home/airflow/.local/lib/python3.6/site-packages/airflow/example_dags/example_xcom.py
[2022-06-21 07:07:24,060] {scheduler_job.py:633} INFO - Processing file /home/airflow/.local/lib/python3.6/site-packages/airflow/example_dags/example_xcom.py for tasks to queue
[2022-06-21 07:07:24,062] {logging_mixin.py:104} INFO - [2022-06-21 07:07:24,062] {dagbag.py:487} INFO - Filling up the DagBag from /home/airflow/.local/lib/python3.6/site-packages/airflow/example_dags/example_xcom.py
[2022-06-21 07:07:24,092] {scheduler_job.py:643} INFO - DAG(s) dict_keys(['example_xcom']) retrieved from /home/airflow/.local/lib/python3.6/site-packages/airflow/example_dags/example_xcom.py
[2022-06-21 07:07:24,132] {logging_mixin.py:104} INFO - [2022-06-21 07:07:24,132] {dag.py:1832} INFO - Sync 1 DAGs
[2022-06-21 07:07:24,167] {logging_mixin.py:104} INFO - [2022-06-21 07:07:24,167] {dag.py:2305} INFO - Setting next_dagrun for example_xcom to 2022-06-19 00:00:00+00:00
[2022-06-21 07:07:24,195] {scheduler_job.py:190} INFO - Processing /home/airflow/.local/lib/python3.6/site-packages/airflow/example_dags/example_xcom.py took 0.145 seconds
[2022-06-21 07:07:54,229] {scheduler_job.py:182} INFO - Started process (PID=380) to work on /home/airflow/.local/lib/python3.6/site-packages/airflow/example_dags/example_xcom.py
[2022-06-21 07:07:54,231] {scheduler_job.py:633} INFO - Processing file /home/airflow/.local/lib/python3.6/site-packages/airflow/example_dags/example_xcom.py for tasks to queue
[2022-06-21 07:07:54,232] {logging_mixin.py:104} INFO - [2022-06-21 07:07:54,232] {dagbag.py:487} INFO - Filling up the DagBag from /home/airflow/.local/lib/python3.6/site-packages/airflow/example_dags/example_xcom.py
[2022-06-21 07:07:54,251] {scheduler_job.py:643} INFO - DAG(s) dict_keys(['example_xcom']) retrieved from /home/airflow/.local/lib/python3.6/site-packages/airflow/example_dags/example_xcom.py
[2022-06-21 07:07:54,278] {logging_mixin.py:104} INFO - [2022-06-21 07:07:54,278] {dag.py:1832} INFO - Sync 1 DAGs
[2022-06-21 07:07:54,297] {logging_mixin.py:104} INFO - [2022-06-21 07:07:54,297] {dag.py:2305} INFO - Setting next_dagrun for example_xcom to 2022-06-19 00:00:00+00:00
[2022-06-21 07:07:54,308] {scheduler_job.py:190} INFO - Processing /home/airflow/.local/lib/python3.6/site-packages/airflow/example_dags/example_xcom.py took 0.083 seconds
[2022-06-21 07:08:25,051] {scheduler_job.py:182} INFO - Started process (PID=459) to work on /home/airflow/.local/lib/python3.6/site-packages/airflow/example_dags/example_xcom.py
[2022-06-21 07:08:25,055] {scheduler_job.py:633} INFO - Processing file /home/airflow/.local/lib/python3.6/site-packages/airflow/example_dags/example_xcom.py for tasks to queue
[2022-06-21 07:08:25,056] {logging_mixin.py:104} INFO - [2022-06-21 07:08:25,056] {dagbag.py:487} INFO - Filling up the DagBag from /home/airflow/.local/lib/python3.6/site-packages/airflow/example_dags/example_xcom.py
[2022-06-21 07:08:25,081] {scheduler_job.py:643} INFO - DAG(s) dict_keys(['example_xcom']) retrieved from /home/airflow/.local/lib/python3.6/site-packages/airflow/example_dags/example_xcom.py
[2022-06-21 07:08:25,106] {logging_mixin.py:104} INFO - [2022-06-21 07:08:25,106] {dag.py:1832} INFO - Sync 1 DAGs
[2022-06-21 07:08:25,122] {logging_mixin.py:104} INFO - [2022-06-21 07:08:25,122] {dag.py:2305} INFO - Setting next_dagrun for example_xcom to 2022-06-19 00:00:00+00:00
[2022-06-21 07:08:25,139] {scheduler_job.py:190} INFO - Processing /home/airflow/.local/lib/python3.6/site-packages/airflow/example_dags/example_xcom.py took 0.092 seconds
[2022-06-21 07:08:55,652] {scheduler_job.py:182} INFO - Started process (PID=521) to work on /home/airflow/.local/lib/python3.6/site-packages/airflow/example_dags/example_xcom.py
[2022-06-21 07:08:55,654] {scheduler_job.py:633} INFO - Processing file /home/airflow/.local/lib/python3.6/site-packages/airflow/example_dags/example_xcom.py for tasks to queue
[2022-06-21 07:08:55,656] {logging_mixin.py:104} INFO - [2022-06-21 07:08:55,656] {dagbag.py:487} INFO - Filling up the DagBag from /home/airflow/.local/lib/python3.6/site-packages/airflow/example_dags/example_xcom.py
[2022-06-21 07:08:55,680] {scheduler_job.py:643} INFO - DAG(s) dict_keys(['example_xcom']) retrieved from /home/airflow/.local/lib/python3.6/site-packages/airflow/example_dags/example_xcom.py
[2022-06-21 07:08:55,709] {logging_mixin.py:104} INFO - [2022-06-21 07:08:55,709] {dag.py:1832} INFO - Sync 1 DAGs
[2022-06-21 07:08:55,726] {logging_mixin.py:104} INFO - [2022-06-21 07:08:55,726] {dag.py:2305} INFO - Setting next_dagrun for example_xcom to 2022-06-19 00:00:00+00:00
[2022-06-21 07:08:55,740] {scheduler_job.py:190} INFO - Processing /home/airflow/.local/lib/python3.6/site-packages/airflow/example_dags/example_xcom.py took 0.091 seconds
[2022-06-21 07:11:17,779] {scheduler_job.py:182} INFO - Started process (PID=84) to work on /home/airflow/.local/lib/python3.6/site-packages/airflow/example_dags/example_xcom.py
[2022-06-21 07:11:17,781] {scheduler_job.py:633} INFO - Processing file /home/airflow/.local/lib/python3.6/site-packages/airflow/example_dags/example_xcom.py for tasks to queue
[2022-06-21 07:11:17,784] {logging_mixin.py:104} INFO - [2022-06-21 07:11:17,783] {dagbag.py:487} INFO - Filling up the DagBag from /home/airflow/.local/lib/python3.6/site-packages/airflow/example_dags/example_xcom.py
[2022-06-21 07:11:17,812] {scheduler_job.py:643} INFO - DAG(s) dict_keys(['example_xcom']) retrieved from /home/airflow/.local/lib/python3.6/site-packages/airflow/example_dags/example_xcom.py
[2022-06-21 07:11:17,864] {logging_mixin.py:104} INFO - [2022-06-21 07:11:17,864] {dag.py:1832} INFO - Sync 1 DAGs
[2022-06-21 07:11:17,895] {logging_mixin.py:104} INFO - [2022-06-21 07:11:17,895] {dag.py:2305} INFO - Setting next_dagrun for example_xcom to 2022-06-19 00:00:00+00:00
[2022-06-21 07:11:17,916] {scheduler_job.py:190} INFO - Processing /home/airflow/.local/lib/python3.6/site-packages/airflow/example_dags/example_xcom.py took 0.145 seconds
[2022-06-21 07:11:48,786] {scheduler_job.py:182} INFO - Started process (PID=141) to work on /home/airflow/.local/lib/python3.6/site-packages/airflow/example_dags/example_xcom.py
[2022-06-21 07:11:48,787] {scheduler_job.py:633} INFO - Processing file /home/airflow/.local/lib/python3.6/site-packages/airflow/example_dags/example_xcom.py for tasks to queue
[2022-06-21 07:11:48,789] {logging_mixin.py:104} INFO - [2022-06-21 07:11:48,789] {dagbag.py:487} INFO - Filling up the DagBag from /home/airflow/.local/lib/python3.6/site-packages/airflow/example_dags/example_xcom.py
[2022-06-21 07:11:48,804] {scheduler_job.py:643} INFO - DAG(s) dict_keys(['example_xcom']) retrieved from /home/airflow/.local/lib/python3.6/site-packages/airflow/example_dags/example_xcom.py
[2022-06-21 07:11:48,831] {logging_mixin.py:104} INFO - [2022-06-21 07:11:48,831] {dag.py:1832} INFO - Sync 1 DAGs
[2022-06-21 07:11:48,857] {logging_mixin.py:104} INFO - [2022-06-21 07:11:48,856] {dag.py:2305} INFO - Setting next_dagrun for example_xcom to 2022-06-19 00:00:00+00:00
[2022-06-21 07:11:48,868] {scheduler_job.py:190} INFO - Processing /home/airflow/.local/lib/python3.6/site-packages/airflow/example_dags/example_xcom.py took 0.086 seconds
[2022-06-21 07:12:19,353] {scheduler_job.py:182} INFO - Started process (PID=177) to work on /home/airflow/.local/lib/python3.6/site-packages/airflow/example_dags/example_xcom.py
[2022-06-21 07:12:19,355] {scheduler_job.py:633} INFO - Processing file /home/airflow/.local/lib/python3.6/site-packages/airflow/example_dags/example_xcom.py for tasks to queue
[2022-06-21 07:12:19,356] {logging_mixin.py:104} INFO - [2022-06-21 07:12:19,356] {dagbag.py:487} INFO - Filling up the DagBag from /home/airflow/.local/lib/python3.6/site-packages/airflow/example_dags/example_xcom.py
[2022-06-21 07:12:19,374] {scheduler_job.py:643} INFO - DAG(s) dict_keys(['example_xcom']) retrieved from /home/airflow/.local/lib/python3.6/site-packages/airflow/example_dags/example_xcom.py
[2022-06-21 07:12:19,396] {logging_mixin.py:104} INFO - [2022-06-21 07:12:19,396] {dag.py:1832} INFO - Sync 1 DAGs
[2022-06-21 07:12:19,413] {logging_mixin.py:104} INFO - [2022-06-21 07:12:19,412] {dag.py:2305} INFO - Setting next_dagrun for example_xcom to 2022-06-19 00:00:00+00:00
[2022-06-21 07:12:19,424] {scheduler_job.py:190} INFO - Processing /home/airflow/.local/lib/python3.6/site-packages/airflow/example_dags/example_xcom.py took 0.075 seconds
[2022-06-21 07:12:59,334] {scheduler_job.py:182} INFO - Started process (PID=232) to work on /home/airflow/.local/lib/python3.6/site-packages/airflow/example_dags/example_xcom.py
[2022-06-21 07:12:59,336] {scheduler_job.py:633} INFO - Processing file /home/airflow/.local/lib/python3.6/site-packages/airflow/example_dags/example_xcom.py for tasks to queue
[2022-06-21 07:12:59,338] {logging_mixin.py:104} INFO - [2022-06-21 07:12:59,338] {dagbag.py:487} INFO - Filling up the DagBag from /home/airflow/.local/lib/python3.6/site-packages/airflow/example_dags/example_xcom.py
[2022-06-21 07:12:59,362] {scheduler_job.py:643} INFO - DAG(s) dict_keys(['example_xcom']) retrieved from /home/airflow/.local/lib/python3.6/site-packages/airflow/example_dags/example_xcom.py
[2022-06-21 07:12:59,390] {logging_mixin.py:104} INFO - [2022-06-21 07:12:59,390] {dag.py:1832} INFO - Sync 1 DAGs
[2022-06-21 07:12:59,412] {logging_mixin.py:104} INFO - [2022-06-21 07:12:59,412] {dag.py:2305} INFO - Setting next_dagrun for example_xcom to 2022-06-19 00:00:00+00:00
[2022-06-21 07:12:59,423] {scheduler_job.py:190} INFO - Processing /home/airflow/.local/lib/python3.6/site-packages/airflow/example_dags/example_xcom.py took 0.093 seconds
[2022-06-21 07:14:43,202] {scheduler_job.py:182} INFO - Started process (PID=285) to work on /home/airflow/.local/lib/python3.6/site-packages/airflow/example_dags/example_xcom.py
[2022-06-21 07:14:43,205] {scheduler_job.py:633} INFO - Processing file /home/airflow/.local/lib/python3.6/site-packages/airflow/example_dags/example_xcom.py for tasks to queue
[2022-06-21 07:14:43,207] {logging_mixin.py:104} INFO - [2022-06-21 07:14:43,207] {dagbag.py:487} INFO - Filling up the DagBag from /home/airflow/.local/lib/python3.6/site-packages/airflow/example_dags/example_xcom.py
[2022-06-21 07:14:43,222] {scheduler_job.py:643} INFO - DAG(s) dict_keys(['example_xcom']) retrieved from /home/airflow/.local/lib/python3.6/site-packages/airflow/example_dags/example_xcom.py
[2022-06-21 07:14:43,248] {logging_mixin.py:104} INFO - [2022-06-21 07:14:43,248] {dag.py:1832} INFO - Sync 1 DAGs
[2022-06-21 07:14:43,261] {logging_mixin.py:104} INFO - [2022-06-21 07:14:43,260] {dag.py:2305} INFO - Setting next_dagrun for example_xcom to 2022-06-19 00:00:00+00:00
[2022-06-21 07:14:43,272] {scheduler_job.py:190} INFO - Processing /home/airflow/.local/lib/python3.6/site-packages/airflow/example_dags/example_xcom.py took 0.076 seconds
[2022-06-21 07:15:34,896] {scheduler_job.py:182} INFO - Started process (PID=332) to work on /home/airflow/.local/lib/python3.6/site-packages/airflow/example_dags/example_xcom.py
[2022-06-21 07:15:34,898] {scheduler_job.py:633} INFO - Processing file /home/airflow/.local/lib/python3.6/site-packages/airflow/example_dags/example_xcom.py for tasks to queue
[2022-06-21 07:15:34,900] {logging_mixin.py:104} INFO - [2022-06-21 07:15:34,900] {dagbag.py:487} INFO - Filling up the DagBag from /home/airflow/.local/lib/python3.6/site-packages/airflow/example_dags/example_xcom.py
[2022-06-21 07:15:34,915] {scheduler_job.py:643} INFO - DAG(s) dict_keys(['example_xcom']) retrieved from /home/airflow/.local/lib/python3.6/site-packages/airflow/example_dags/example_xcom.py
[2022-06-21 07:15:34,943] {logging_mixin.py:104} INFO - [2022-06-21 07:15:34,942] {dag.py:1832} INFO - Sync 1 DAGs
[2022-06-21 07:15:34,956] {logging_mixin.py:104} INFO - [2022-06-21 07:15:34,956] {dag.py:2305} INFO - Setting next_dagrun for example_xcom to 2022-06-19 00:00:00+00:00
[2022-06-21 07:15:34,967] {scheduler_job.py:190} INFO - Processing /home/airflow/.local/lib/python3.6/site-packages/airflow/example_dags/example_xcom.py took 0.077 seconds
[2022-06-21 07:16:10,915] {scheduler_job.py:182} INFO - Started process (PID=396) to work on /home/airflow/.local/lib/python3.6/site-packages/airflow/example_dags/example_xcom.py
[2022-06-21 07:16:10,917] {scheduler_job.py:633} INFO - Processing file /home/airflow/.local/lib/python3.6/site-packages/airflow/example_dags/example_xcom.py for tasks to queue
[2022-06-21 07:16:10,920] {logging_mixin.py:104} INFO - [2022-06-21 07:16:10,920] {dagbag.py:487} INFO - Filling up the DagBag from /home/airflow/.local/lib/python3.6/site-packages/airflow/example_dags/example_xcom.py
[2022-06-21 07:16:10,940] {scheduler_job.py:643} INFO - DAG(s) dict_keys(['example_xcom']) retrieved from /home/airflow/.local/lib/python3.6/site-packages/airflow/example_dags/example_xcom.py
[2022-06-21 07:16:10,972] {logging_mixin.py:104} INFO - [2022-06-21 07:16:10,972] {dag.py:1832} INFO - Sync 1 DAGs
[2022-06-21 07:16:10,988] {logging_mixin.py:104} INFO - [2022-06-21 07:16:10,988] {dag.py:2305} INFO - Setting next_dagrun for example_xcom to 2022-06-19 00:00:00+00:00
[2022-06-21 07:16:11,004] {scheduler_job.py:190} INFO - Processing /home/airflow/.local/lib/python3.6/site-packages/airflow/example_dags/example_xcom.py took 0.094 seconds
[2022-06-21 07:16:50,205] {scheduler_job.py:182} INFO - Started process (PID=453) to work on /home/airflow/.local/lib/python3.6/site-packages/airflow/example_dags/example_xcom.py
[2022-06-21 07:16:50,208] {scheduler_job.py:633} INFO - Processing file /home/airflow/.local/lib/python3.6/site-packages/airflow/example_dags/example_xcom.py for tasks to queue
[2022-06-21 07:16:50,210] {logging_mixin.py:104} INFO - [2022-06-21 07:16:50,209] {dagbag.py:487} INFO - Filling up the DagBag from /home/airflow/.local/lib/python3.6/site-packages/airflow/example_dags/example_xcom.py
[2022-06-21 07:16:50,231] {scheduler_job.py:643} INFO - DAG(s) dict_keys(['example_xcom']) retrieved from /home/airflow/.local/lib/python3.6/site-packages/airflow/example_dags/example_xcom.py
[2022-06-21 07:16:50,262] {logging_mixin.py:104} INFO - [2022-06-21 07:16:50,262] {dag.py:1832} INFO - Sync 1 DAGs
[2022-06-21 07:16:50,277] {logging_mixin.py:104} INFO - [2022-06-21 07:16:50,276] {dag.py:2305} INFO - Setting next_dagrun for example_xcom to 2022-06-19 00:00:00+00:00
[2022-06-21 07:16:50,290] {scheduler_job.py:190} INFO - Processing /home/airflow/.local/lib/python3.6/site-packages/airflow/example_dags/example_xcom.py took 0.090 seconds
[2022-06-21 07:17:21,340] {scheduler_job.py:182} INFO - Started process (PID=510) to work on /home/airflow/.local/lib/python3.6/site-packages/airflow/example_dags/example_xcom.py
[2022-06-21 07:17:21,342] {scheduler_job.py:633} INFO - Processing file /home/airflow/.local/lib/python3.6/site-packages/airflow/example_dags/example_xcom.py for tasks to queue
[2022-06-21 07:17:21,344] {logging_mixin.py:104} INFO - [2022-06-21 07:17:21,343] {dagbag.py:487} INFO - Filling up the DagBag from /home/airflow/.local/lib/python3.6/site-packages/airflow/example_dags/example_xcom.py
[2022-06-21 07:17:21,359] {scheduler_job.py:643} INFO - DAG(s) dict_keys(['example_xcom']) retrieved from /home/airflow/.local/lib/python3.6/site-packages/airflow/example_dags/example_xcom.py
[2022-06-21 07:17:21,388] {logging_mixin.py:104} INFO - [2022-06-21 07:17:21,388] {dag.py:1832} INFO - Sync 1 DAGs
[2022-06-21 07:17:21,403] {logging_mixin.py:104} INFO - [2022-06-21 07:17:21,403] {dag.py:2305} INFO - Setting next_dagrun for example_xcom to 2022-06-19 00:00:00+00:00
[2022-06-21 07:17:21,419] {scheduler_job.py:190} INFO - Processing /home/airflow/.local/lib/python3.6/site-packages/airflow/example_dags/example_xcom.py took 0.082 seconds
[2022-06-21 07:20:41,648] {scheduler_job.py:182} INFO - Started process (PID=83) to work on /home/airflow/.local/lib/python3.6/site-packages/airflow/example_dags/example_xcom.py
[2022-06-21 07:20:41,652] {scheduler_job.py:633} INFO - Processing file /home/airflow/.local/lib/python3.6/site-packages/airflow/example_dags/example_xcom.py for tasks to queue
[2022-06-21 07:20:41,655] {logging_mixin.py:104} INFO - [2022-06-21 07:20:41,655] {dagbag.py:487} INFO - Filling up the DagBag from /home/airflow/.local/lib/python3.6/site-packages/airflow/example_dags/example_xcom.py
[2022-06-21 07:20:41,695] {scheduler_job.py:643} INFO - DAG(s) dict_keys(['example_xcom']) retrieved from /home/airflow/.local/lib/python3.6/site-packages/airflow/example_dags/example_xcom.py
[2022-06-21 07:20:41,786] {logging_mixin.py:104} INFO - [2022-06-21 07:20:41,785] {dag.py:1832} INFO - Sync 1 DAGs
[2022-06-21 07:20:41,837] {logging_mixin.py:104} INFO - [2022-06-21 07:20:41,837] {dag.py:2305} INFO - Setting next_dagrun for example_xcom to 2022-06-19 00:00:00+00:00
[2022-06-21 07:20:41,921] {scheduler_job.py:190} INFO - Processing /home/airflow/.local/lib/python3.6/site-packages/airflow/example_dags/example_xcom.py took 0.285 seconds
[2022-06-21 07:21:12,793] {scheduler_job.py:182} INFO - Started process (PID=130) to work on /home/airflow/.local/lib/python3.6/site-packages/airflow/example_dags/example_xcom.py
[2022-06-21 07:21:12,798] {scheduler_job.py:633} INFO - Processing file /home/airflow/.local/lib/python3.6/site-packages/airflow/example_dags/example_xcom.py for tasks to queue
[2022-06-21 07:21:12,800] {logging_mixin.py:104} INFO - [2022-06-21 07:21:12,800] {dagbag.py:487} INFO - Filling up the DagBag from /home/airflow/.local/lib/python3.6/site-packages/airflow/example_dags/example_xcom.py
[2022-06-21 07:21:12,823] {scheduler_job.py:643} INFO - DAG(s) dict_keys(['example_xcom']) retrieved from /home/airflow/.local/lib/python3.6/site-packages/airflow/example_dags/example_xcom.py
[2022-06-21 07:21:12,863] {logging_mixin.py:104} INFO - [2022-06-21 07:21:12,862] {dag.py:1832} INFO - Sync 1 DAGs
[2022-06-21 07:21:12,886] {logging_mixin.py:104} INFO - [2022-06-21 07:21:12,886] {dag.py:2305} INFO - Setting next_dagrun for example_xcom to 2022-06-19 00:00:00+00:00
[2022-06-21 07:21:12,898] {scheduler_job.py:190} INFO - Processing /home/airflow/.local/lib/python3.6/site-packages/airflow/example_dags/example_xcom.py took 0.112 seconds
[2022-06-21 07:21:49,866] {scheduler_job.py:182} INFO - Started process (PID=193) to work on /home/airflow/.local/lib/python3.6/site-packages/airflow/example_dags/example_xcom.py
[2022-06-21 07:21:49,869] {scheduler_job.py:633} INFO - Processing file /home/airflow/.local/lib/python3.6/site-packages/airflow/example_dags/example_xcom.py for tasks to queue
[2022-06-21 07:21:49,872] {logging_mixin.py:104} INFO - [2022-06-21 07:21:49,871] {dagbag.py:487} INFO - Filling up the DagBag from /home/airflow/.local/lib/python3.6/site-packages/airflow/example_dags/example_xcom.py
[2022-06-21 07:21:49,908] {scheduler_job.py:643} INFO - DAG(s) dict_keys(['example_xcom']) retrieved from /home/airflow/.local/lib/python3.6/site-packages/airflow/example_dags/example_xcom.py
[2022-06-21 07:21:49,975] {logging_mixin.py:104} INFO - [2022-06-21 07:21:49,973] {dag.py:1832} INFO - Sync 1 DAGs
[2022-06-21 07:21:50,038] {logging_mixin.py:104} INFO - [2022-06-21 07:21:50,038] {dag.py:2305} INFO - Setting next_dagrun for example_xcom to 2022-06-19 00:00:00+00:00
[2022-06-21 07:21:50,060] {scheduler_job.py:190} INFO - Processing /home/airflow/.local/lib/python3.6/site-packages/airflow/example_dags/example_xcom.py took 0.198 seconds
[2022-06-21 07:22:26,346] {scheduler_job.py:182} INFO - Started process (PID=254) to work on /home/airflow/.local/lib/python3.6/site-packages/airflow/example_dags/example_xcom.py
[2022-06-21 07:22:26,348] {scheduler_job.py:633} INFO - Processing file /home/airflow/.local/lib/python3.6/site-packages/airflow/example_dags/example_xcom.py for tasks to queue
[2022-06-21 07:22:26,350] {logging_mixin.py:104} INFO - [2022-06-21 07:22:26,350] {dagbag.py:487} INFO - Filling up the DagBag from /home/airflow/.local/lib/python3.6/site-packages/airflow/example_dags/example_xcom.py
[2022-06-21 07:22:26,370] {scheduler_job.py:643} INFO - DAG(s) dict_keys(['example_xcom']) retrieved from /home/airflow/.local/lib/python3.6/site-packages/airflow/example_dags/example_xcom.py
[2022-06-21 07:22:26,395] {logging_mixin.py:104} INFO - [2022-06-21 07:22:26,395] {dag.py:1832} INFO - Sync 1 DAGs
[2022-06-21 07:22:26,414] {logging_mixin.py:104} INFO - [2022-06-21 07:22:26,414] {dag.py:2305} INFO - Setting next_dagrun for example_xcom to 2022-06-19 00:00:00+00:00
[2022-06-21 07:22:26,427] {scheduler_job.py:190} INFO - Processing /home/airflow/.local/lib/python3.6/site-packages/airflow/example_dags/example_xcom.py took 0.086 seconds
[2022-06-21 07:23:07,789] {scheduler_job.py:182} INFO - Started process (PID=301) to work on /home/airflow/.local/lib/python3.6/site-packages/airflow/example_dags/example_xcom.py
[2022-06-21 07:23:07,792] {scheduler_job.py:633} INFO - Processing file /home/airflow/.local/lib/python3.6/site-packages/airflow/example_dags/example_xcom.py for tasks to queue
[2022-06-21 07:23:07,794] {logging_mixin.py:104} INFO - [2022-06-21 07:23:07,794] {dagbag.py:487} INFO - Filling up the DagBag from /home/airflow/.local/lib/python3.6/site-packages/airflow/example_dags/example_xcom.py
[2022-06-21 07:23:07,815] {scheduler_job.py:643} INFO - DAG(s) dict_keys(['example_xcom']) retrieved from /home/airflow/.local/lib/python3.6/site-packages/airflow/example_dags/example_xcom.py
[2022-06-21 07:23:07,841] {logging_mixin.py:104} INFO - [2022-06-21 07:23:07,841] {dag.py:1832} INFO - Sync 1 DAGs
[2022-06-21 07:23:07,860] {logging_mixin.py:104} INFO - [2022-06-21 07:23:07,860] {dag.py:2305} INFO - Setting next_dagrun for example_xcom to 2022-06-19 00:00:00+00:00
[2022-06-21 07:23:07,872] {scheduler_job.py:190} INFO - Processing /home/airflow/.local/lib/python3.6/site-packages/airflow/example_dags/example_xcom.py took 0.091 seconds
[2022-06-21 07:23:38,110] {scheduler_job.py:182} INFO - Started process (PID=361) to work on /home/airflow/.local/lib/python3.6/site-packages/airflow/example_dags/example_xcom.py
[2022-06-21 07:23:38,113] {scheduler_job.py:633} INFO - Processing file /home/airflow/.local/lib/python3.6/site-packages/airflow/example_dags/example_xcom.py for tasks to queue
[2022-06-21 07:23:38,115] {logging_mixin.py:104} INFO - [2022-06-21 07:23:38,115] {dagbag.py:487} INFO - Filling up the DagBag from /home/airflow/.local/lib/python3.6/site-packages/airflow/example_dags/example_xcom.py
[2022-06-21 07:23:38,137] {scheduler_job.py:643} INFO - DAG(s) dict_keys(['example_xcom']) retrieved from /home/airflow/.local/lib/python3.6/site-packages/airflow/example_dags/example_xcom.py
[2022-06-21 07:23:38,164] {logging_mixin.py:104} INFO - [2022-06-21 07:23:38,164] {dag.py:1832} INFO - Sync 1 DAGs
[2022-06-21 07:23:38,182] {logging_mixin.py:104} INFO - [2022-06-21 07:23:38,182] {dag.py:2305} INFO - Setting next_dagrun for example_xcom to 2022-06-19 00:00:00+00:00
[2022-06-21 07:23:38,203] {scheduler_job.py:190} INFO - Processing /home/airflow/.local/lib/python3.6/site-packages/airflow/example_dags/example_xcom.py took 0.098 seconds
[2022-06-21 07:24:09,861] {scheduler_job.py:182} INFO - Started process (PID=425) to work on /home/airflow/.local/lib/python3.6/site-packages/airflow/example_dags/example_xcom.py
[2022-06-21 07:24:09,864] {scheduler_job.py:633} INFO - Processing file /home/airflow/.local/lib/python3.6/site-packages/airflow/example_dags/example_xcom.py for tasks to queue
[2022-06-21 07:24:09,867] {logging_mixin.py:104} INFO - [2022-06-21 07:24:09,866] {dagbag.py:487} INFO - Filling up the DagBag from /home/airflow/.local/lib/python3.6/site-packages/airflow/example_dags/example_xcom.py
[2022-06-21 07:24:09,887] {scheduler_job.py:643} INFO - DAG(s) dict_keys(['example_xcom']) retrieved from /home/airflow/.local/lib/python3.6/site-packages/airflow/example_dags/example_xcom.py
[2022-06-21 07:24:09,911] {logging_mixin.py:104} INFO - [2022-06-21 07:24:09,911] {dag.py:1832} INFO - Sync 1 DAGs
[2022-06-21 07:24:09,931] {logging_mixin.py:104} INFO - [2022-06-21 07:24:09,931] {dag.py:2305} INFO - Setting next_dagrun for example_xcom to 2022-06-19 00:00:00+00:00
[2022-06-21 07:24:09,947] {scheduler_job.py:190} INFO - Processing /home/airflow/.local/lib/python3.6/site-packages/airflow/example_dags/example_xcom.py took 0.091 seconds
[2022-06-21 07:24:52,042] {scheduler_job.py:182} INFO - Started process (PID=86) to work on /home/airflow/.local/lib/python3.6/site-packages/airflow/example_dags/example_xcom.py
[2022-06-21 07:24:52,044] {scheduler_job.py:633} INFO - Processing file /home/airflow/.local/lib/python3.6/site-packages/airflow/example_dags/example_xcom.py for tasks to queue
[2022-06-21 07:24:52,045] {logging_mixin.py:104} INFO - [2022-06-21 07:24:52,045] {dagbag.py:487} INFO - Filling up the DagBag from /home/airflow/.local/lib/python3.6/site-packages/airflow/example_dags/example_xcom.py
[2022-06-21 07:24:52,059] {scheduler_job.py:643} INFO - DAG(s) dict_keys(['example_xcom']) retrieved from /home/airflow/.local/lib/python3.6/site-packages/airflow/example_dags/example_xcom.py
[2022-06-21 07:24:52,090] {logging_mixin.py:104} INFO - [2022-06-21 07:24:52,090] {dag.py:1832} INFO - Sync 1 DAGs
[2022-06-21 07:24:52,116] {logging_mixin.py:104} INFO - [2022-06-21 07:24:52,115] {dag.py:2305} INFO - Setting next_dagrun for example_xcom to 2022-06-19 00:00:00+00:00
[2022-06-21 07:24:52,132] {scheduler_job.py:190} INFO - Processing /home/airflow/.local/lib/python3.6/site-packages/airflow/example_dags/example_xcom.py took 0.094 seconds
[2022-06-21 07:25:24,070] {scheduler_job.py:182} INFO - Started process (PID=150) to work on /home/airflow/.local/lib/python3.6/site-packages/airflow/example_dags/example_xcom.py
[2022-06-21 07:25:24,075] {scheduler_job.py:633} INFO - Processing file /home/airflow/.local/lib/python3.6/site-packages/airflow/example_dags/example_xcom.py for tasks to queue
[2022-06-21 07:25:24,080] {logging_mixin.py:104} INFO - [2022-06-21 07:25:24,078] {dagbag.py:487} INFO - Filling up the DagBag from /home/airflow/.local/lib/python3.6/site-packages/airflow/example_dags/example_xcom.py
[2022-06-21 07:25:24,134] {scheduler_job.py:643} INFO - DAG(s) dict_keys(['example_xcom']) retrieved from /home/airflow/.local/lib/python3.6/site-packages/airflow/example_dags/example_xcom.py
[2022-06-21 07:25:24,276] {logging_mixin.py:104} INFO - [2022-06-21 07:25:24,276] {dag.py:1832} INFO - Sync 1 DAGs
[2022-06-21 07:25:24,361] {logging_mixin.py:104} INFO - [2022-06-21 07:25:24,360] {dag.py:2305} INFO - Setting next_dagrun for example_xcom to 2022-06-19 00:00:00+00:00
[2022-06-21 07:25:24,418] {scheduler_job.py:190} INFO - Processing /home/airflow/.local/lib/python3.6/site-packages/airflow/example_dags/example_xcom.py took 0.359 seconds
[2022-06-21 07:25:55,281] {scheduler_job.py:182} INFO - Started process (PID=204) to work on /home/airflow/.local/lib/python3.6/site-packages/airflow/example_dags/example_xcom.py
[2022-06-21 07:25:55,285] {scheduler_job.py:633} INFO - Processing file /home/airflow/.local/lib/python3.6/site-packages/airflow/example_dags/example_xcom.py for tasks to queue
[2022-06-21 07:25:55,290] {logging_mixin.py:104} INFO - [2022-06-21 07:25:55,288] {dagbag.py:487} INFO - Filling up the DagBag from /home/airflow/.local/lib/python3.6/site-packages/airflow/example_dags/example_xcom.py
[2022-06-21 07:25:55,350] {scheduler_job.py:643} INFO - DAG(s) dict_keys(['example_xcom']) retrieved from /home/airflow/.local/lib/python3.6/site-packages/airflow/example_dags/example_xcom.py
[2022-06-21 07:25:55,388] {logging_mixin.py:104} INFO - [2022-06-21 07:25:55,388] {dag.py:1832} INFO - Sync 1 DAGs
[2022-06-21 07:25:55,416] {logging_mixin.py:104} INFO - [2022-06-21 07:25:55,416] {dag.py:2305} INFO - Setting next_dagrun for example_xcom to 2022-06-19 00:00:00+00:00
[2022-06-21 07:25:55,439] {scheduler_job.py:190} INFO - Processing /home/airflow/.local/lib/python3.6/site-packages/airflow/example_dags/example_xcom.py took 0.162 seconds
[2022-06-21 07:27:01,171] {scheduler_job.py:182} INFO - Started process (PID=253) to work on /home/airflow/.local/lib/python3.6/site-packages/airflow/example_dags/example_xcom.py
[2022-06-21 07:27:01,173] {scheduler_job.py:633} INFO - Processing file /home/airflow/.local/lib/python3.6/site-packages/airflow/example_dags/example_xcom.py for tasks to queue
[2022-06-21 07:27:01,176] {logging_mixin.py:104} INFO - [2022-06-21 07:27:01,176] {dagbag.py:487} INFO - Filling up the DagBag from /home/airflow/.local/lib/python3.6/site-packages/airflow/example_dags/example_xcom.py
[2022-06-21 07:27:01,198] {scheduler_job.py:643} INFO - DAG(s) dict_keys(['example_xcom']) retrieved from /home/airflow/.local/lib/python3.6/site-packages/airflow/example_dags/example_xcom.py
[2022-06-21 07:27:01,226] {logging_mixin.py:104} INFO - [2022-06-21 07:27:01,226] {dag.py:1832} INFO - Sync 1 DAGs
[2022-06-21 07:27:01,247] {logging_mixin.py:104} INFO - [2022-06-21 07:27:01,247] {dag.py:2305} INFO - Setting next_dagrun for example_xcom to 2022-06-19 00:00:00+00:00
[2022-06-21 07:27:01,260] {scheduler_job.py:190} INFO - Processing /home/airflow/.local/lib/python3.6/site-packages/airflow/example_dags/example_xcom.py took 0.095 seconds
[2022-06-21 07:27:31,581] {scheduler_job.py:182} INFO - Started process (PID=304) to work on /home/airflow/.local/lib/python3.6/site-packages/airflow/example_dags/example_xcom.py
[2022-06-21 07:27:31,584] {scheduler_job.py:633} INFO - Processing file /home/airflow/.local/lib/python3.6/site-packages/airflow/example_dags/example_xcom.py for tasks to queue
[2022-06-21 07:27:31,585] {logging_mixin.py:104} INFO - [2022-06-21 07:27:31,585] {dagbag.py:487} INFO - Filling up the DagBag from /home/airflow/.local/lib/python3.6/site-packages/airflow/example_dags/example_xcom.py
[2022-06-21 07:27:31,605] {scheduler_job.py:643} INFO - DAG(s) dict_keys(['example_xcom']) retrieved from /home/airflow/.local/lib/python3.6/site-packages/airflow/example_dags/example_xcom.py
[2022-06-21 07:27:31,636] {logging_mixin.py:104} INFO - [2022-06-21 07:27:31,636] {dag.py:1832} INFO - Sync 1 DAGs
[2022-06-21 07:27:31,670] {logging_mixin.py:104} INFO - [2022-06-21 07:27:31,669] {dag.py:2305} INFO - Setting next_dagrun for example_xcom to 2022-06-19 00:00:00+00:00
[2022-06-21 07:27:31,682] {scheduler_job.py:190} INFO - Processing /home/airflow/.local/lib/python3.6/site-packages/airflow/example_dags/example_xcom.py took 0.104 seconds
[2022-06-21 07:28:07,617] {scheduler_job.py:182} INFO - Started process (PID=360) to work on /home/airflow/.local/lib/python3.6/site-packages/airflow/example_dags/example_xcom.py
[2022-06-21 07:28:07,620] {scheduler_job.py:633} INFO - Processing file /home/airflow/.local/lib/python3.6/site-packages/airflow/example_dags/example_xcom.py for tasks to queue
[2022-06-21 07:28:07,622] {logging_mixin.py:104} INFO - [2022-06-21 07:28:07,622] {dagbag.py:487} INFO - Filling up the DagBag from /home/airflow/.local/lib/python3.6/site-packages/airflow/example_dags/example_xcom.py
[2022-06-21 07:28:07,646] {scheduler_job.py:643} INFO - DAG(s) dict_keys(['example_xcom']) retrieved from /home/airflow/.local/lib/python3.6/site-packages/airflow/example_dags/example_xcom.py
[2022-06-21 07:28:07,677] {logging_mixin.py:104} INFO - [2022-06-21 07:28:07,677] {dag.py:1832} INFO - Sync 1 DAGs
[2022-06-21 07:28:07,699] {logging_mixin.py:104} INFO - [2022-06-21 07:28:07,698] {dag.py:2305} INFO - Setting next_dagrun for example_xcom to 2022-06-19 00:00:00+00:00
[2022-06-21 07:28:07,712] {scheduler_job.py:190} INFO - Processing /home/airflow/.local/lib/python3.6/site-packages/airflow/example_dags/example_xcom.py took 0.100 seconds
[2022-06-21 07:28:38,317] {scheduler_job.py:182} INFO - Started process (PID=411) to work on /home/airflow/.local/lib/python3.6/site-packages/airflow/example_dags/example_xcom.py
[2022-06-21 07:28:38,320] {scheduler_job.py:633} INFO - Processing file /home/airflow/.local/lib/python3.6/site-packages/airflow/example_dags/example_xcom.py for tasks to queue
[2022-06-21 07:28:38,322] {logging_mixin.py:104} INFO - [2022-06-21 07:28:38,322] {dagbag.py:487} INFO - Filling up the DagBag from /home/airflow/.local/lib/python3.6/site-packages/airflow/example_dags/example_xcom.py
[2022-06-21 07:28:38,342] {scheduler_job.py:643} INFO - DAG(s) dict_keys(['example_xcom']) retrieved from /home/airflow/.local/lib/python3.6/site-packages/airflow/example_dags/example_xcom.py
[2022-06-21 07:28:38,378] {logging_mixin.py:104} INFO - [2022-06-21 07:28:38,377] {dag.py:1832} INFO - Sync 1 DAGs
[2022-06-21 07:28:38,401] {logging_mixin.py:104} INFO - [2022-06-21 07:28:38,401] {dag.py:2305} INFO - Setting next_dagrun for example_xcom to 2022-06-19 00:00:00+00:00
[2022-06-21 07:28:38,449] {scheduler_job.py:190} INFO - Processing /home/airflow/.local/lib/python3.6/site-packages/airflow/example_dags/example_xcom.py took 0.138 seconds
[2022-06-21 07:29:30,169] {scheduler_job.py:182} INFO - Started process (PID=76) to work on /home/airflow/.local/lib/python3.6/site-packages/airflow/example_dags/example_xcom.py
[2022-06-21 07:29:30,171] {scheduler_job.py:633} INFO - Processing file /home/airflow/.local/lib/python3.6/site-packages/airflow/example_dags/example_xcom.py for tasks to queue
[2022-06-21 07:29:30,172] {logging_mixin.py:104} INFO - [2022-06-21 07:29:30,172] {dagbag.py:487} INFO - Filling up the DagBag from /home/airflow/.local/lib/python3.6/site-packages/airflow/example_dags/example_xcom.py
[2022-06-21 07:29:30,185] {scheduler_job.py:643} INFO - DAG(s) dict_keys(['example_xcom']) retrieved from /home/airflow/.local/lib/python3.6/site-packages/airflow/example_dags/example_xcom.py
[2022-06-21 07:29:30,204] {logging_mixin.py:104} INFO - [2022-06-21 07:29:30,204] {dag.py:1832} INFO - Sync 1 DAGs
[2022-06-21 07:29:30,227] {logging_mixin.py:104} INFO - [2022-06-21 07:29:30,226] {dag.py:2305} INFO - Setting next_dagrun for example_xcom to 2022-06-19 00:00:00+00:00
[2022-06-21 07:29:30,236] {scheduler_job.py:190} INFO - Processing /home/airflow/.local/lib/python3.6/site-packages/airflow/example_dags/example_xcom.py took 0.070 seconds
[2022-06-21 07:30:00,601] {scheduler_job.py:182} INFO - Started process (PID=143) to work on /home/airflow/.local/lib/python3.6/site-packages/airflow/example_dags/example_xcom.py
[2022-06-21 07:30:00,604] {scheduler_job.py:633} INFO - Processing file /home/airflow/.local/lib/python3.6/site-packages/airflow/example_dags/example_xcom.py for tasks to queue
[2022-06-21 07:30:00,605] {logging_mixin.py:104} INFO - [2022-06-21 07:30:00,605] {dagbag.py:487} INFO - Filling up the DagBag from /home/airflow/.local/lib/python3.6/site-packages/airflow/example_dags/example_xcom.py
[2022-06-21 07:30:00,619] {scheduler_job.py:643} INFO - DAG(s) dict_keys(['example_xcom']) retrieved from /home/airflow/.local/lib/python3.6/site-packages/airflow/example_dags/example_xcom.py
[2022-06-21 07:30:00,644] {logging_mixin.py:104} INFO - [2022-06-21 07:30:00,644] {dag.py:1832} INFO - Sync 1 DAGs
[2022-06-21 07:30:00,659] {logging_mixin.py:104} INFO - [2022-06-21 07:30:00,659] {dag.py:2305} INFO - Setting next_dagrun for example_xcom to 2022-06-19 00:00:00+00:00
[2022-06-21 07:30:00,668] {scheduler_job.py:190} INFO - Processing /home/airflow/.local/lib/python3.6/site-packages/airflow/example_dags/example_xcom.py took 0.073 seconds
[2022-06-21 07:30:30,953] {scheduler_job.py:182} INFO - Started process (PID=214) to work on /home/airflow/.local/lib/python3.6/site-packages/airflow/example_dags/example_xcom.py
[2022-06-21 07:30:30,956] {scheduler_job.py:633} INFO - Processing file /home/airflow/.local/lib/python3.6/site-packages/airflow/example_dags/example_xcom.py for tasks to queue
[2022-06-21 07:30:30,957] {logging_mixin.py:104} INFO - [2022-06-21 07:30:30,957] {dagbag.py:487} INFO - Filling up the DagBag from /home/airflow/.local/lib/python3.6/site-packages/airflow/example_dags/example_xcom.py
[2022-06-21 07:30:30,969] {scheduler_job.py:643} INFO - DAG(s) dict_keys(['example_xcom']) retrieved from /home/airflow/.local/lib/python3.6/site-packages/airflow/example_dags/example_xcom.py
[2022-06-21 07:30:30,992] {logging_mixin.py:104} INFO - [2022-06-21 07:30:30,992] {dag.py:1832} INFO - Sync 1 DAGs
[2022-06-21 07:30:31,009] {logging_mixin.py:104} INFO - [2022-06-21 07:30:31,009] {dag.py:2305} INFO - Setting next_dagrun for example_xcom to 2022-06-19 00:00:00+00:00
[2022-06-21 07:30:31,019] {scheduler_job.py:190} INFO - Processing /home/airflow/.local/lib/python3.6/site-packages/airflow/example_dags/example_xcom.py took 0.069 seconds
[2022-06-21 07:31:36,305] {scheduler_job.py:182} INFO - Started process (PID=84) to work on /home/airflow/.local/lib/python3.6/site-packages/airflow/example_dags/example_xcom.py
[2022-06-21 07:31:36,310] {scheduler_job.py:633} INFO - Processing file /home/airflow/.local/lib/python3.6/site-packages/airflow/example_dags/example_xcom.py for tasks to queue
[2022-06-21 07:31:36,313] {logging_mixin.py:104} INFO - [2022-06-21 07:31:36,313] {dagbag.py:487} INFO - Filling up the DagBag from /home/airflow/.local/lib/python3.6/site-packages/airflow/example_dags/example_xcom.py
[2022-06-21 07:31:36,335] {scheduler_job.py:643} INFO - DAG(s) dict_keys(['example_xcom']) retrieved from /home/airflow/.local/lib/python3.6/site-packages/airflow/example_dags/example_xcom.py
[2022-06-21 07:31:36,365] {logging_mixin.py:104} INFO - [2022-06-21 07:31:36,365] {dag.py:1832} INFO - Sync 1 DAGs
[2022-06-21 07:31:36,382] {logging_mixin.py:104} INFO - [2022-06-21 07:31:36,382] {dag.py:2305} INFO - Setting next_dagrun for example_xcom to 2022-06-19 00:00:00+00:00
[2022-06-21 07:31:36,395] {scheduler_job.py:190} INFO - Processing /home/airflow/.local/lib/python3.6/site-packages/airflow/example_dags/example_xcom.py took 0.094 seconds
[2022-06-21 07:32:06,502] {scheduler_job.py:182} INFO - Started process (PID=146) to work on /home/airflow/.local/lib/python3.6/site-packages/airflow/example_dags/example_xcom.py
[2022-06-21 07:32:06,504] {scheduler_job.py:633} INFO - Processing file /home/airflow/.local/lib/python3.6/site-packages/airflow/example_dags/example_xcom.py for tasks to queue
[2022-06-21 07:32:06,505] {logging_mixin.py:104} INFO - [2022-06-21 07:32:06,505] {dagbag.py:487} INFO - Filling up the DagBag from /home/airflow/.local/lib/python3.6/site-packages/airflow/example_dags/example_xcom.py
[2022-06-21 07:32:06,517] {scheduler_job.py:643} INFO - DAG(s) dict_keys(['example_xcom']) retrieved from /home/airflow/.local/lib/python3.6/site-packages/airflow/example_dags/example_xcom.py
[2022-06-21 07:32:06,542] {logging_mixin.py:104} INFO - [2022-06-21 07:32:06,542] {dag.py:1832} INFO - Sync 1 DAGs
[2022-06-21 07:32:06,556] {logging_mixin.py:104} INFO - [2022-06-21 07:32:06,556] {dag.py:2305} INFO - Setting next_dagrun for example_xcom to 2022-06-19 00:00:00+00:00
[2022-06-21 07:32:06,565] {scheduler_job.py:190} INFO - Processing /home/airflow/.local/lib/python3.6/site-packages/airflow/example_dags/example_xcom.py took 0.066 seconds
[2022-06-21 07:32:37,972] {scheduler_job.py:182} INFO - Started process (PID=234) to work on /home/airflow/.local/lib/python3.6/site-packages/airflow/example_dags/example_xcom.py
[2022-06-21 07:32:37,974] {scheduler_job.py:633} INFO - Processing file /home/airflow/.local/lib/python3.6/site-packages/airflow/example_dags/example_xcom.py for tasks to queue
[2022-06-21 07:32:37,976] {logging_mixin.py:104} INFO - [2022-06-21 07:32:37,976] {dagbag.py:487} INFO - Filling up the DagBag from /home/airflow/.local/lib/python3.6/site-packages/airflow/example_dags/example_xcom.py
[2022-06-21 07:32:38,012] {scheduler_job.py:643} INFO - DAG(s) dict_keys(['example_xcom']) retrieved from /home/airflow/.local/lib/python3.6/site-packages/airflow/example_dags/example_xcom.py
[2022-06-21 07:32:38,046] {logging_mixin.py:104} INFO - [2022-06-21 07:32:38,046] {dag.py:1832} INFO - Sync 1 DAGs
[2022-06-21 07:32:38,080] {logging_mixin.py:104} INFO - [2022-06-21 07:32:38,080] {dag.py:2305} INFO - Setting next_dagrun for example_xcom to 2022-06-19 00:00:00+00:00
[2022-06-21 07:32:38,102] {scheduler_job.py:190} INFO - Processing /home/airflow/.local/lib/python3.6/site-packages/airflow/example_dags/example_xcom.py took 0.135 seconds
[2022-06-21 07:33:08,992] {scheduler_job.py:182} INFO - Started process (PID=296) to work on /home/airflow/.local/lib/python3.6/site-packages/airflow/example_dags/example_xcom.py
[2022-06-21 07:33:08,995] {scheduler_job.py:633} INFO - Processing file /home/airflow/.local/lib/python3.6/site-packages/airflow/example_dags/example_xcom.py for tasks to queue
[2022-06-21 07:33:08,996] {logging_mixin.py:104} INFO - [2022-06-21 07:33:08,996] {dagbag.py:487} INFO - Filling up the DagBag from /home/airflow/.local/lib/python3.6/site-packages/airflow/example_dags/example_xcom.py
[2022-06-21 07:33:09,013] {scheduler_job.py:643} INFO - DAG(s) dict_keys(['example_xcom']) retrieved from /home/airflow/.local/lib/python3.6/site-packages/airflow/example_dags/example_xcom.py
[2022-06-21 07:33:09,033] {logging_mixin.py:104} INFO - [2022-06-21 07:33:09,033] {dag.py:1832} INFO - Sync 1 DAGs
[2022-06-21 07:33:09,049] {logging_mixin.py:104} INFO - [2022-06-21 07:33:09,049] {dag.py:2305} INFO - Setting next_dagrun for example_xcom to 2022-06-19 00:00:00+00:00
[2022-06-21 07:33:09,058] {scheduler_job.py:190} INFO - Processing /home/airflow/.local/lib/python3.6/site-packages/airflow/example_dags/example_xcom.py took 0.070 seconds
[2022-06-21 07:33:39,332] {scheduler_job.py:182} INFO - Started process (PID=372) to work on /home/airflow/.local/lib/python3.6/site-packages/airflow/example_dags/example_xcom.py
[2022-06-21 07:33:39,334] {scheduler_job.py:633} INFO - Processing file /home/airflow/.local/lib/python3.6/site-packages/airflow/example_dags/example_xcom.py for tasks to queue
[2022-06-21 07:33:39,335] {logging_mixin.py:104} INFO - [2022-06-21 07:33:39,335] {dagbag.py:487} INFO - Filling up the DagBag from /home/airflow/.local/lib/python3.6/site-packages/airflow/example_dags/example_xcom.py
[2022-06-21 07:33:39,349] {scheduler_job.py:643} INFO - DAG(s) dict_keys(['example_xcom']) retrieved from /home/airflow/.local/lib/python3.6/site-packages/airflow/example_dags/example_xcom.py
[2022-06-21 07:33:39,368] {logging_mixin.py:104} INFO - [2022-06-21 07:33:39,368] {dag.py:1832} INFO - Sync 1 DAGs
[2022-06-21 07:33:39,383] {logging_mixin.py:104} INFO - [2022-06-21 07:33:39,383] {dag.py:2305} INFO - Setting next_dagrun for example_xcom to 2022-06-19 00:00:00+00:00
[2022-06-21 07:33:39,396] {scheduler_job.py:190} INFO - Processing /home/airflow/.local/lib/python3.6/site-packages/airflow/example_dags/example_xcom.py took 0.067 seconds
