[2022-06-21 06:56:30,428] {scheduler_job.py:182} INFO - Started process (PID=135) to work on /home/airflow/.local/lib/python3.6/site-packages/airflow/example_dags/example_short_circuit_operator.py
[2022-06-21 06:56:30,438] {scheduler_job.py:633} INFO - Processing file /home/airflow/.local/lib/python3.6/site-packages/airflow/example_dags/example_short_circuit_operator.py for tasks to queue
[2022-06-21 06:56:30,443] {logging_mixin.py:104} INFO - [2022-06-21 06:56:30,442] {dagbag.py:487} INFO - Filling up the DagBag from /home/airflow/.local/lib/python3.6/site-packages/airflow/example_dags/example_short_circuit_operator.py
[2022-06-21 06:56:30,523] {scheduler_job.py:643} INFO - DAG(s) dict_keys(['example_short_circuit_operator']) retrieved from /home/airflow/.local/lib/python3.6/site-packages/airflow/example_dags/example_short_circuit_operator.py
[2022-06-21 06:56:33,524] {logging_mixin.py:104} INFO - [2022-06-21 06:56:33,522] {dag.py:1832} INFO - Sync 1 DAGs
[2022-06-21 06:56:33,534] {logging_mixin.py:104} INFO - [2022-06-21 06:56:33,533] {dag.py:1851} INFO - Creating ORM DAG for example_short_circuit_operator
[2022-06-21 06:56:33,539] {logging_mixin.py:104} INFO - [2022-06-21 06:56:33,539] {dag.py:2305} INFO - Setting next_dagrun for example_short_circuit_operator to 2022-06-19 00:00:00+00:00
[2022-06-21 06:56:33,550] {scheduler_job.py:190} INFO - Processing /home/airflow/.local/lib/python3.6/site-packages/airflow/example_dags/example_short_circuit_operator.py took 3.132 seconds
[2022-06-21 06:58:07,685] {scheduler_job.py:182} INFO - Started process (PID=190) to work on /home/airflow/.local/lib/python3.6/site-packages/airflow/example_dags/example_short_circuit_operator.py
[2022-06-21 06:58:07,689] {scheduler_job.py:633} INFO - Processing file /home/airflow/.local/lib/python3.6/site-packages/airflow/example_dags/example_short_circuit_operator.py for tasks to queue
[2022-06-21 06:58:07,693] {logging_mixin.py:104} INFO - [2022-06-21 06:58:07,691] {dagbag.py:487} INFO - Filling up the DagBag from /home/airflow/.local/lib/python3.6/site-packages/airflow/example_dags/example_short_circuit_operator.py
[2022-06-21 06:58:07,727] {scheduler_job.py:643} INFO - DAG(s) dict_keys(['example_short_circuit_operator']) retrieved from /home/airflow/.local/lib/python3.6/site-packages/airflow/example_dags/example_short_circuit_operator.py
[2022-06-21 06:58:07,788] {logging_mixin.py:104} INFO - [2022-06-21 06:58:07,788] {dag.py:1832} INFO - Sync 1 DAGs
[2022-06-21 06:58:07,852] {logging_mixin.py:104} INFO - [2022-06-21 06:58:07,852] {dag.py:2305} INFO - Setting next_dagrun for example_short_circuit_operator to 2022-06-19 00:00:00+00:00
[2022-06-21 06:58:07,875] {scheduler_job.py:190} INFO - Processing /home/airflow/.local/lib/python3.6/site-packages/airflow/example_dags/example_short_circuit_operator.py took 0.196 seconds
[2022-06-21 06:58:47,428] {scheduler_job.py:182} INFO - Started process (PID=268) to work on /home/airflow/.local/lib/python3.6/site-packages/airflow/example_dags/example_short_circuit_operator.py
[2022-06-21 06:58:47,431] {scheduler_job.py:633} INFO - Processing file /home/airflow/.local/lib/python3.6/site-packages/airflow/example_dags/example_short_circuit_operator.py for tasks to queue
[2022-06-21 06:58:47,432] {logging_mixin.py:104} INFO - [2022-06-21 06:58:47,432] {dagbag.py:487} INFO - Filling up the DagBag from /home/airflow/.local/lib/python3.6/site-packages/airflow/example_dags/example_short_circuit_operator.py
[2022-06-21 06:58:47,452] {scheduler_job.py:643} INFO - DAG(s) dict_keys(['example_short_circuit_operator']) retrieved from /home/airflow/.local/lib/python3.6/site-packages/airflow/example_dags/example_short_circuit_operator.py
[2022-06-21 06:58:47,499] {logging_mixin.py:104} INFO - [2022-06-21 06:58:47,499] {dag.py:1832} INFO - Sync 1 DAGs
[2022-06-21 06:58:47,518] {logging_mixin.py:104} INFO - [2022-06-21 06:58:47,518] {dag.py:2305} INFO - Setting next_dagrun for example_short_circuit_operator to 2022-06-19 00:00:00+00:00
[2022-06-21 06:58:47,536] {scheduler_job.py:190} INFO - Processing /home/airflow/.local/lib/python3.6/site-packages/airflow/example_dags/example_short_circuit_operator.py took 0.115 seconds
[2022-06-21 06:59:17,838] {scheduler_job.py:182} INFO - Started process (PID=320) to work on /home/airflow/.local/lib/python3.6/site-packages/airflow/example_dags/example_short_circuit_operator.py
[2022-06-21 06:59:17,841] {scheduler_job.py:633} INFO - Processing file /home/airflow/.local/lib/python3.6/site-packages/airflow/example_dags/example_short_circuit_operator.py for tasks to queue
[2022-06-21 06:59:17,843] {logging_mixin.py:104} INFO - [2022-06-21 06:59:17,843] {dagbag.py:487} INFO - Filling up the DagBag from /home/airflow/.local/lib/python3.6/site-packages/airflow/example_dags/example_short_circuit_operator.py
[2022-06-21 06:59:17,867] {scheduler_job.py:643} INFO - DAG(s) dict_keys(['example_short_circuit_operator']) retrieved from /home/airflow/.local/lib/python3.6/site-packages/airflow/example_dags/example_short_circuit_operator.py
[2022-06-21 06:59:17,912] {logging_mixin.py:104} INFO - [2022-06-21 06:59:17,911] {dag.py:1832} INFO - Sync 1 DAGs
[2022-06-21 06:59:17,934] {logging_mixin.py:104} INFO - [2022-06-21 06:59:17,933] {dag.py:2305} INFO - Setting next_dagrun for example_short_circuit_operator to 2022-06-19 00:00:00+00:00
[2022-06-21 06:59:17,947] {scheduler_job.py:190} INFO - Processing /home/airflow/.local/lib/python3.6/site-packages/airflow/example_dags/example_short_circuit_operator.py took 0.115 seconds
[2022-06-21 06:59:56,179] {scheduler_job.py:182} INFO - Started process (PID=364) to work on /home/airflow/.local/lib/python3.6/site-packages/airflow/example_dags/example_short_circuit_operator.py
[2022-06-21 06:59:56,187] {scheduler_job.py:633} INFO - Processing file /home/airflow/.local/lib/python3.6/site-packages/airflow/example_dags/example_short_circuit_operator.py for tasks to queue
[2022-06-21 06:59:56,191] {logging_mixin.py:104} INFO - [2022-06-21 06:59:56,191] {dagbag.py:487} INFO - Filling up the DagBag from /home/airflow/.local/lib/python3.6/site-packages/airflow/example_dags/example_short_circuit_operator.py
[2022-06-21 06:59:56,219] {scheduler_job.py:643} INFO - DAG(s) dict_keys(['example_short_circuit_operator']) retrieved from /home/airflow/.local/lib/python3.6/site-packages/airflow/example_dags/example_short_circuit_operator.py
[2022-06-21 06:59:56,261] {logging_mixin.py:104} INFO - [2022-06-21 06:59:56,261] {dag.py:1832} INFO - Sync 1 DAGs
[2022-06-21 06:59:56,301] {logging_mixin.py:104} INFO - [2022-06-21 06:59:56,300] {dag.py:2305} INFO - Setting next_dagrun for example_short_circuit_operator to 2022-06-19 00:00:00+00:00
[2022-06-21 06:59:56,330] {scheduler_job.py:190} INFO - Processing /home/airflow/.local/lib/python3.6/site-packages/airflow/example_dags/example_short_circuit_operator.py took 0.160 seconds
[2022-06-21 07:00:26,711] {scheduler_job.py:182} INFO - Started process (PID=426) to work on /home/airflow/.local/lib/python3.6/site-packages/airflow/example_dags/example_short_circuit_operator.py
[2022-06-21 07:00:26,713] {scheduler_job.py:633} INFO - Processing file /home/airflow/.local/lib/python3.6/site-packages/airflow/example_dags/example_short_circuit_operator.py for tasks to queue
[2022-06-21 07:00:26,716] {logging_mixin.py:104} INFO - [2022-06-21 07:00:26,716] {dagbag.py:487} INFO - Filling up the DagBag from /home/airflow/.local/lib/python3.6/site-packages/airflow/example_dags/example_short_circuit_operator.py
[2022-06-21 07:00:26,738] {scheduler_job.py:643} INFO - DAG(s) dict_keys(['example_short_circuit_operator']) retrieved from /home/airflow/.local/lib/python3.6/site-packages/airflow/example_dags/example_short_circuit_operator.py
[2022-06-21 07:00:26,776] {logging_mixin.py:104} INFO - [2022-06-21 07:00:26,776] {dag.py:1832} INFO - Sync 1 DAGs
[2022-06-21 07:00:26,796] {logging_mixin.py:104} INFO - [2022-06-21 07:00:26,796] {dag.py:2305} INFO - Setting next_dagrun for example_short_circuit_operator to 2022-06-19 00:00:00+00:00
[2022-06-21 07:00:26,814] {scheduler_job.py:190} INFO - Processing /home/airflow/.local/lib/python3.6/site-packages/airflow/example_dags/example_short_circuit_operator.py took 0.108 seconds
[2022-06-21 07:00:57,166] {scheduler_job.py:182} INFO - Started process (PID=487) to work on /home/airflow/.local/lib/python3.6/site-packages/airflow/example_dags/example_short_circuit_operator.py
[2022-06-21 07:00:57,169] {scheduler_job.py:633} INFO - Processing file /home/airflow/.local/lib/python3.6/site-packages/airflow/example_dags/example_short_circuit_operator.py for tasks to queue
[2022-06-21 07:00:57,170] {logging_mixin.py:104} INFO - [2022-06-21 07:00:57,170] {dagbag.py:487} INFO - Filling up the DagBag from /home/airflow/.local/lib/python3.6/site-packages/airflow/example_dags/example_short_circuit_operator.py
[2022-06-21 07:00:57,194] {scheduler_job.py:643} INFO - DAG(s) dict_keys(['example_short_circuit_operator']) retrieved from /home/airflow/.local/lib/python3.6/site-packages/airflow/example_dags/example_short_circuit_operator.py
[2022-06-21 07:00:57,231] {logging_mixin.py:104} INFO - [2022-06-21 07:00:57,230] {dag.py:1832} INFO - Sync 1 DAGs
[2022-06-21 07:00:57,252] {logging_mixin.py:104} INFO - [2022-06-21 07:00:57,252] {dag.py:2305} INFO - Setting next_dagrun for example_short_circuit_operator to 2022-06-19 00:00:00+00:00
[2022-06-21 07:00:57,266] {scheduler_job.py:190} INFO - Processing /home/airflow/.local/lib/python3.6/site-packages/airflow/example_dags/example_short_circuit_operator.py took 0.104 seconds
[2022-06-21 07:01:28,013] {scheduler_job.py:182} INFO - Started process (PID=540) to work on /home/airflow/.local/lib/python3.6/site-packages/airflow/example_dags/example_short_circuit_operator.py
[2022-06-21 07:01:28,015] {scheduler_job.py:633} INFO - Processing file /home/airflow/.local/lib/python3.6/site-packages/airflow/example_dags/example_short_circuit_operator.py for tasks to queue
[2022-06-21 07:01:28,017] {logging_mixin.py:104} INFO - [2022-06-21 07:01:28,017] {dagbag.py:487} INFO - Filling up the DagBag from /home/airflow/.local/lib/python3.6/site-packages/airflow/example_dags/example_short_circuit_operator.py
[2022-06-21 07:01:28,041] {scheduler_job.py:643} INFO - DAG(s) dict_keys(['example_short_circuit_operator']) retrieved from /home/airflow/.local/lib/python3.6/site-packages/airflow/example_dags/example_short_circuit_operator.py
[2022-06-21 07:01:28,069] {logging_mixin.py:104} INFO - [2022-06-21 07:01:28,068] {dag.py:1832} INFO - Sync 1 DAGs
[2022-06-21 07:01:28,092] {logging_mixin.py:104} INFO - [2022-06-21 07:01:28,092] {dag.py:2305} INFO - Setting next_dagrun for example_short_circuit_operator to 2022-06-19 00:00:00+00:00
[2022-06-21 07:01:28,109] {scheduler_job.py:190} INFO - Processing /home/airflow/.local/lib/python3.6/site-packages/airflow/example_dags/example_short_circuit_operator.py took 0.100 seconds
[2022-06-21 07:04:55,228] {scheduler_job.py:182} INFO - Started process (PID=70) to work on /home/airflow/.local/lib/python3.6/site-packages/airflow/example_dags/example_short_circuit_operator.py
[2022-06-21 07:04:55,231] {scheduler_job.py:633} INFO - Processing file /home/airflow/.local/lib/python3.6/site-packages/airflow/example_dags/example_short_circuit_operator.py for tasks to queue
[2022-06-21 07:04:55,233] {logging_mixin.py:104} INFO - [2022-06-21 07:04:55,232] {dagbag.py:487} INFO - Filling up the DagBag from /home/airflow/.local/lib/python3.6/site-packages/airflow/example_dags/example_short_circuit_operator.py
[2022-06-21 07:04:55,252] {scheduler_job.py:643} INFO - DAG(s) dict_keys(['example_short_circuit_operator']) retrieved from /home/airflow/.local/lib/python3.6/site-packages/airflow/example_dags/example_short_circuit_operator.py
[2022-06-21 07:04:55,340] {logging_mixin.py:104} INFO - [2022-06-21 07:04:55,339] {dag.py:1832} INFO - Sync 1 DAGs
[2022-06-21 07:04:55,463] {logging_mixin.py:104} INFO - [2022-06-21 07:04:55,463] {dag.py:2305} INFO - Setting next_dagrun for example_short_circuit_operator to 2022-06-19 00:00:00+00:00
[2022-06-21 07:04:55,494] {scheduler_job.py:190} INFO - Processing /home/airflow/.local/lib/python3.6/site-packages/airflow/example_dags/example_short_circuit_operator.py took 0.271 seconds
[2022-06-21 07:05:38,657] {scheduler_job.py:182} INFO - Started process (PID=133) to work on /home/airflow/.local/lib/python3.6/site-packages/airflow/example_dags/example_short_circuit_operator.py
[2022-06-21 07:05:38,660] {scheduler_job.py:633} INFO - Processing file /home/airflow/.local/lib/python3.6/site-packages/airflow/example_dags/example_short_circuit_operator.py for tasks to queue
[2022-06-21 07:05:38,662] {logging_mixin.py:104} INFO - [2022-06-21 07:05:38,662] {dagbag.py:487} INFO - Filling up the DagBag from /home/airflow/.local/lib/python3.6/site-packages/airflow/example_dags/example_short_circuit_operator.py
[2022-06-21 07:05:38,693] {scheduler_job.py:643} INFO - DAG(s) dict_keys(['example_short_circuit_operator']) retrieved from /home/airflow/.local/lib/python3.6/site-packages/airflow/example_dags/example_short_circuit_operator.py
[2022-06-21 07:05:38,723] {logging_mixin.py:104} INFO - [2022-06-21 07:05:38,723] {dag.py:1832} INFO - Sync 1 DAGs
[2022-06-21 07:05:38,746] {logging_mixin.py:104} INFO - [2022-06-21 07:05:38,746] {dag.py:2305} INFO - Setting next_dagrun for example_short_circuit_operator to 2022-06-19 00:00:00+00:00
[2022-06-21 07:05:38,774] {scheduler_job.py:190} INFO - Processing /home/airflow/.local/lib/python3.6/site-packages/airflow/example_dags/example_short_circuit_operator.py took 0.122 seconds
[2022-06-21 07:06:13,605] {scheduler_job.py:182} INFO - Started process (PID=202) to work on /home/airflow/.local/lib/python3.6/site-packages/airflow/example_dags/example_short_circuit_operator.py
[2022-06-21 07:06:13,612] {scheduler_job.py:633} INFO - Processing file /home/airflow/.local/lib/python3.6/site-packages/airflow/example_dags/example_short_circuit_operator.py for tasks to queue
[2022-06-21 07:06:13,614] {logging_mixin.py:104} INFO - [2022-06-21 07:06:13,614] {dagbag.py:487} INFO - Filling up the DagBag from /home/airflow/.local/lib/python3.6/site-packages/airflow/example_dags/example_short_circuit_operator.py
[2022-06-21 07:06:13,641] {scheduler_job.py:643} INFO - DAG(s) dict_keys(['example_short_circuit_operator']) retrieved from /home/airflow/.local/lib/python3.6/site-packages/airflow/example_dags/example_short_circuit_operator.py
[2022-06-21 07:06:13,675] {logging_mixin.py:104} INFO - [2022-06-21 07:06:13,675] {dag.py:1832} INFO - Sync 1 DAGs
[2022-06-21 07:06:13,698] {logging_mixin.py:104} INFO - [2022-06-21 07:06:13,698] {dag.py:2305} INFO - Setting next_dagrun for example_short_circuit_operator to 2022-06-19 00:00:00+00:00
[2022-06-21 07:06:13,714] {scheduler_job.py:190} INFO - Processing /home/airflow/.local/lib/python3.6/site-packages/airflow/example_dags/example_short_circuit_operator.py took 0.115 seconds
[2022-06-21 07:06:45,017] {scheduler_job.py:182} INFO - Started process (PID=264) to work on /home/airflow/.local/lib/python3.6/site-packages/airflow/example_dags/example_short_circuit_operator.py
[2022-06-21 07:06:45,020] {scheduler_job.py:633} INFO - Processing file /home/airflow/.local/lib/python3.6/site-packages/airflow/example_dags/example_short_circuit_operator.py for tasks to queue
[2022-06-21 07:06:45,023] {logging_mixin.py:104} INFO - [2022-06-21 07:06:45,023] {dagbag.py:487} INFO - Filling up the DagBag from /home/airflow/.local/lib/python3.6/site-packages/airflow/example_dags/example_short_circuit_operator.py
[2022-06-21 07:06:45,059] {scheduler_job.py:643} INFO - DAG(s) dict_keys(['example_short_circuit_operator']) retrieved from /home/airflow/.local/lib/python3.6/site-packages/airflow/example_dags/example_short_circuit_operator.py
[2022-06-21 07:06:45,108] {logging_mixin.py:104} INFO - [2022-06-21 07:06:45,108] {dag.py:1832} INFO - Sync 1 DAGs
[2022-06-21 07:06:45,135] {logging_mixin.py:104} INFO - [2022-06-21 07:06:45,135] {dag.py:2305} INFO - Setting next_dagrun for example_short_circuit_operator to 2022-06-19 00:00:00+00:00
[2022-06-21 07:06:45,157] {scheduler_job.py:190} INFO - Processing /home/airflow/.local/lib/python3.6/site-packages/airflow/example_dags/example_short_circuit_operator.py took 0.151 seconds
[2022-06-21 07:07:23,101] {scheduler_job.py:182} INFO - Started process (PID=310) to work on /home/airflow/.local/lib/python3.6/site-packages/airflow/example_dags/example_short_circuit_operator.py
[2022-06-21 07:07:23,104] {scheduler_job.py:633} INFO - Processing file /home/airflow/.local/lib/python3.6/site-packages/airflow/example_dags/example_short_circuit_operator.py for tasks to queue
[2022-06-21 07:07:23,105] {logging_mixin.py:104} INFO - [2022-06-21 07:07:23,105] {dagbag.py:487} INFO - Filling up the DagBag from /home/airflow/.local/lib/python3.6/site-packages/airflow/example_dags/example_short_circuit_operator.py
[2022-06-21 07:07:23,128] {scheduler_job.py:643} INFO - DAG(s) dict_keys(['example_short_circuit_operator']) retrieved from /home/airflow/.local/lib/python3.6/site-packages/airflow/example_dags/example_short_circuit_operator.py
[2022-06-21 07:07:23,153] {logging_mixin.py:104} INFO - [2022-06-21 07:07:23,153] {dag.py:1832} INFO - Sync 1 DAGs
[2022-06-21 07:07:23,172] {logging_mixin.py:104} INFO - [2022-06-21 07:07:23,172] {dag.py:2305} INFO - Setting next_dagrun for example_short_circuit_operator to 2022-06-19 00:00:00+00:00
[2022-06-21 07:07:23,186] {scheduler_job.py:190} INFO - Processing /home/airflow/.local/lib/python3.6/site-packages/airflow/example_dags/example_short_circuit_operator.py took 0.089 seconds
[2022-06-21 07:07:53,329] {scheduler_job.py:182} INFO - Started process (PID=372) to work on /home/airflow/.local/lib/python3.6/site-packages/airflow/example_dags/example_short_circuit_operator.py
[2022-06-21 07:07:53,331] {scheduler_job.py:633} INFO - Processing file /home/airflow/.local/lib/python3.6/site-packages/airflow/example_dags/example_short_circuit_operator.py for tasks to queue
[2022-06-21 07:07:53,332] {logging_mixin.py:104} INFO - [2022-06-21 07:07:53,332] {dagbag.py:487} INFO - Filling up the DagBag from /home/airflow/.local/lib/python3.6/site-packages/airflow/example_dags/example_short_circuit_operator.py
[2022-06-21 07:07:53,354] {scheduler_job.py:643} INFO - DAG(s) dict_keys(['example_short_circuit_operator']) retrieved from /home/airflow/.local/lib/python3.6/site-packages/airflow/example_dags/example_short_circuit_operator.py
[2022-06-21 07:07:53,381] {logging_mixin.py:104} INFO - [2022-06-21 07:07:53,381] {dag.py:1832} INFO - Sync 1 DAGs
[2022-06-21 07:07:53,402] {logging_mixin.py:104} INFO - [2022-06-21 07:07:53,402] {dag.py:2305} INFO - Setting next_dagrun for example_short_circuit_operator to 2022-06-19 00:00:00+00:00
[2022-06-21 07:07:53,415] {scheduler_job.py:190} INFO - Processing /home/airflow/.local/lib/python3.6/site-packages/airflow/example_dags/example_short_circuit_operator.py took 0.090 seconds
[2022-06-21 07:08:24,273] {scheduler_job.py:182} INFO - Started process (PID=451) to work on /home/airflow/.local/lib/python3.6/site-packages/airflow/example_dags/example_short_circuit_operator.py
[2022-06-21 07:08:24,274] {scheduler_job.py:633} INFO - Processing file /home/airflow/.local/lib/python3.6/site-packages/airflow/example_dags/example_short_circuit_operator.py for tasks to queue
[2022-06-21 07:08:24,276] {logging_mixin.py:104} INFO - [2022-06-21 07:08:24,276] {dagbag.py:487} INFO - Filling up the DagBag from /home/airflow/.local/lib/python3.6/site-packages/airflow/example_dags/example_short_circuit_operator.py
[2022-06-21 07:08:24,295] {scheduler_job.py:643} INFO - DAG(s) dict_keys(['example_short_circuit_operator']) retrieved from /home/airflow/.local/lib/python3.6/site-packages/airflow/example_dags/example_short_circuit_operator.py
[2022-06-21 07:08:24,322] {logging_mixin.py:104} INFO - [2022-06-21 07:08:24,321] {dag.py:1832} INFO - Sync 1 DAGs
[2022-06-21 07:08:24,339] {logging_mixin.py:104} INFO - [2022-06-21 07:08:24,338] {dag.py:2305} INFO - Setting next_dagrun for example_short_circuit_operator to 2022-06-19 00:00:00+00:00
[2022-06-21 07:08:24,349] {scheduler_job.py:190} INFO - Processing /home/airflow/.local/lib/python3.6/site-packages/airflow/example_dags/example_short_circuit_operator.py took 0.080 seconds
[2022-06-21 07:08:54,732] {scheduler_job.py:182} INFO - Started process (PID=513) to work on /home/airflow/.local/lib/python3.6/site-packages/airflow/example_dags/example_short_circuit_operator.py
[2022-06-21 07:08:54,734] {scheduler_job.py:633} INFO - Processing file /home/airflow/.local/lib/python3.6/site-packages/airflow/example_dags/example_short_circuit_operator.py for tasks to queue
[2022-06-21 07:08:54,735] {logging_mixin.py:104} INFO - [2022-06-21 07:08:54,735] {dagbag.py:487} INFO - Filling up the DagBag from /home/airflow/.local/lib/python3.6/site-packages/airflow/example_dags/example_short_circuit_operator.py
[2022-06-21 07:08:54,759] {scheduler_job.py:643} INFO - DAG(s) dict_keys(['example_short_circuit_operator']) retrieved from /home/airflow/.local/lib/python3.6/site-packages/airflow/example_dags/example_short_circuit_operator.py
[2022-06-21 07:08:54,784] {logging_mixin.py:104} INFO - [2022-06-21 07:08:54,784] {dag.py:1832} INFO - Sync 1 DAGs
[2022-06-21 07:08:54,807] {logging_mixin.py:104} INFO - [2022-06-21 07:08:54,807] {dag.py:2305} INFO - Setting next_dagrun for example_short_circuit_operator to 2022-06-19 00:00:00+00:00
[2022-06-21 07:08:54,821] {scheduler_job.py:190} INFO - Processing /home/airflow/.local/lib/python3.6/site-packages/airflow/example_dags/example_short_circuit_operator.py took 0.093 seconds
[2022-06-21 07:11:10,712] {scheduler_job.py:182} INFO - Started process (PID=70) to work on /home/airflow/.local/lib/python3.6/site-packages/airflow/example_dags/example_short_circuit_operator.py
[2022-06-21 07:11:10,719] {scheduler_job.py:633} INFO - Processing file /home/airflow/.local/lib/python3.6/site-packages/airflow/example_dags/example_short_circuit_operator.py for tasks to queue
[2022-06-21 07:11:10,722] {logging_mixin.py:104} INFO - [2022-06-21 07:11:10,722] {dagbag.py:487} INFO - Filling up the DagBag from /home/airflow/.local/lib/python3.6/site-packages/airflow/example_dags/example_short_circuit_operator.py
[2022-06-21 07:11:10,779] {scheduler_job.py:643} INFO - DAG(s) dict_keys(['example_short_circuit_operator']) retrieved from /home/airflow/.local/lib/python3.6/site-packages/airflow/example_dags/example_short_circuit_operator.py
[2022-06-21 07:11:10,846] {logging_mixin.py:104} INFO - [2022-06-21 07:11:10,846] {dag.py:1832} INFO - Sync 1 DAGs
[2022-06-21 07:11:10,871] {logging_mixin.py:104} INFO - [2022-06-21 07:11:10,871] {dag.py:2305} INFO - Setting next_dagrun for example_short_circuit_operator to 2022-06-19 00:00:00+00:00
[2022-06-21 07:11:10,897] {scheduler_job.py:190} INFO - Processing /home/airflow/.local/lib/python3.6/site-packages/airflow/example_dags/example_short_circuit_operator.py took 0.190 seconds
[2022-06-21 07:11:46,869] {scheduler_job.py:182} INFO - Started process (PID=121) to work on /home/airflow/.local/lib/python3.6/site-packages/airflow/example_dags/example_short_circuit_operator.py
[2022-06-21 07:11:46,871] {scheduler_job.py:633} INFO - Processing file /home/airflow/.local/lib/python3.6/site-packages/airflow/example_dags/example_short_circuit_operator.py for tasks to queue
[2022-06-21 07:11:46,873] {logging_mixin.py:104} INFO - [2022-06-21 07:11:46,873] {dagbag.py:487} INFO - Filling up the DagBag from /home/airflow/.local/lib/python3.6/site-packages/airflow/example_dags/example_short_circuit_operator.py
[2022-06-21 07:11:46,906] {scheduler_job.py:643} INFO - DAG(s) dict_keys(['example_short_circuit_operator']) retrieved from /home/airflow/.local/lib/python3.6/site-packages/airflow/example_dags/example_short_circuit_operator.py
[2022-06-21 07:11:46,929] {logging_mixin.py:104} INFO - [2022-06-21 07:11:46,929] {dag.py:1832} INFO - Sync 1 DAGs
[2022-06-21 07:11:46,955] {logging_mixin.py:104} INFO - [2022-06-21 07:11:46,955] {dag.py:2305} INFO - Setting next_dagrun for example_short_circuit_operator to 2022-06-19 00:00:00+00:00
[2022-06-21 07:11:46,967] {scheduler_job.py:190} INFO - Processing /home/airflow/.local/lib/python3.6/site-packages/airflow/example_dags/example_short_circuit_operator.py took 0.102 seconds
[2022-06-21 07:12:18,541] {scheduler_job.py:182} INFO - Started process (PID=168) to work on /home/airflow/.local/lib/python3.6/site-packages/airflow/example_dags/example_short_circuit_operator.py
[2022-06-21 07:12:18,543] {scheduler_job.py:633} INFO - Processing file /home/airflow/.local/lib/python3.6/site-packages/airflow/example_dags/example_short_circuit_operator.py for tasks to queue
[2022-06-21 07:12:18,545] {logging_mixin.py:104} INFO - [2022-06-21 07:12:18,545] {dagbag.py:487} INFO - Filling up the DagBag from /home/airflow/.local/lib/python3.6/site-packages/airflow/example_dags/example_short_circuit_operator.py
[2022-06-21 07:12:18,567] {scheduler_job.py:643} INFO - DAG(s) dict_keys(['example_short_circuit_operator']) retrieved from /home/airflow/.local/lib/python3.6/site-packages/airflow/example_dags/example_short_circuit_operator.py
[2022-06-21 07:12:18,594] {logging_mixin.py:104} INFO - [2022-06-21 07:12:18,594] {dag.py:1832} INFO - Sync 1 DAGs
[2022-06-21 07:12:18,612] {logging_mixin.py:104} INFO - [2022-06-21 07:12:18,612] {dag.py:2305} INFO - Setting next_dagrun for example_short_circuit_operator to 2022-06-19 00:00:00+00:00
[2022-06-21 07:12:18,625] {scheduler_job.py:190} INFO - Processing /home/airflow/.local/lib/python3.6/site-packages/airflow/example_dags/example_short_circuit_operator.py took 0.088 seconds
[2022-06-21 07:12:58,386] {scheduler_job.py:182} INFO - Started process (PID=214) to work on /home/airflow/.local/lib/python3.6/site-packages/airflow/example_dags/example_short_circuit_operator.py
[2022-06-21 07:12:58,388] {scheduler_job.py:633} INFO - Processing file /home/airflow/.local/lib/python3.6/site-packages/airflow/example_dags/example_short_circuit_operator.py for tasks to queue
[2022-06-21 07:12:58,390] {logging_mixin.py:104} INFO - [2022-06-21 07:12:58,390] {dagbag.py:487} INFO - Filling up the DagBag from /home/airflow/.local/lib/python3.6/site-packages/airflow/example_dags/example_short_circuit_operator.py
[2022-06-21 07:12:58,411] {scheduler_job.py:643} INFO - DAG(s) dict_keys(['example_short_circuit_operator']) retrieved from /home/airflow/.local/lib/python3.6/site-packages/airflow/example_dags/example_short_circuit_operator.py
[2022-06-21 07:12:58,439] {logging_mixin.py:104} INFO - [2022-06-21 07:12:58,439] {dag.py:1832} INFO - Sync 1 DAGs
[2022-06-21 07:12:58,458] {logging_mixin.py:104} INFO - [2022-06-21 07:12:58,458] {dag.py:2305} INFO - Setting next_dagrun for example_short_circuit_operator to 2022-06-19 00:00:00+00:00
[2022-06-21 07:12:58,469] {scheduler_job.py:190} INFO - Processing /home/airflow/.local/lib/python3.6/site-packages/airflow/example_dags/example_short_circuit_operator.py took 0.087 seconds
[2022-06-21 07:14:42,389] {scheduler_job.py:182} INFO - Started process (PID=274) to work on /home/airflow/.local/lib/python3.6/site-packages/airflow/example_dags/example_short_circuit_operator.py
[2022-06-21 07:14:42,392] {scheduler_job.py:633} INFO - Processing file /home/airflow/.local/lib/python3.6/site-packages/airflow/example_dags/example_short_circuit_operator.py for tasks to queue
[2022-06-21 07:14:42,393] {logging_mixin.py:104} INFO - [2022-06-21 07:14:42,393] {dagbag.py:487} INFO - Filling up the DagBag from /home/airflow/.local/lib/python3.6/site-packages/airflow/example_dags/example_short_circuit_operator.py
[2022-06-21 07:14:42,418] {scheduler_job.py:643} INFO - DAG(s) dict_keys(['example_short_circuit_operator']) retrieved from /home/airflow/.local/lib/python3.6/site-packages/airflow/example_dags/example_short_circuit_operator.py
[2022-06-21 07:14:42,460] {logging_mixin.py:104} INFO - [2022-06-21 07:14:42,460] {dag.py:1832} INFO - Sync 1 DAGs
[2022-06-21 07:14:42,481] {logging_mixin.py:104} INFO - [2022-06-21 07:14:42,481] {dag.py:2305} INFO - Setting next_dagrun for example_short_circuit_operator to 2022-06-19 00:00:00+00:00
[2022-06-21 07:14:42,497] {scheduler_job.py:190} INFO - Processing /home/airflow/.local/lib/python3.6/site-packages/airflow/example_dags/example_short_circuit_operator.py took 0.112 seconds
[2022-06-21 07:15:34,158] {scheduler_job.py:182} INFO - Started process (PID=322) to work on /home/airflow/.local/lib/python3.6/site-packages/airflow/example_dags/example_short_circuit_operator.py
[2022-06-21 07:15:34,161] {scheduler_job.py:633} INFO - Processing file /home/airflow/.local/lib/python3.6/site-packages/airflow/example_dags/example_short_circuit_operator.py for tasks to queue
[2022-06-21 07:15:34,163] {logging_mixin.py:104} INFO - [2022-06-21 07:15:34,163] {dagbag.py:487} INFO - Filling up the DagBag from /home/airflow/.local/lib/python3.6/site-packages/airflow/example_dags/example_short_circuit_operator.py
[2022-06-21 07:15:34,182] {scheduler_job.py:643} INFO - DAG(s) dict_keys(['example_short_circuit_operator']) retrieved from /home/airflow/.local/lib/python3.6/site-packages/airflow/example_dags/example_short_circuit_operator.py
[2022-06-21 07:15:34,221] {logging_mixin.py:104} INFO - [2022-06-21 07:15:34,221] {dag.py:1832} INFO - Sync 1 DAGs
[2022-06-21 07:15:34,237] {logging_mixin.py:104} INFO - [2022-06-21 07:15:34,237] {dag.py:2305} INFO - Setting next_dagrun for example_short_circuit_operator to 2022-06-19 00:00:00+00:00
[2022-06-21 07:15:34,250] {scheduler_job.py:190} INFO - Processing /home/airflow/.local/lib/python3.6/site-packages/airflow/example_dags/example_short_circuit_operator.py took 0.099 seconds
[2022-06-21 07:16:10,328] {scheduler_job.py:182} INFO - Started process (PID=385) to work on /home/airflow/.local/lib/python3.6/site-packages/airflow/example_dags/example_short_circuit_operator.py
[2022-06-21 07:16:10,330] {scheduler_job.py:633} INFO - Processing file /home/airflow/.local/lib/python3.6/site-packages/airflow/example_dags/example_short_circuit_operator.py for tasks to queue
[2022-06-21 07:16:10,332] {logging_mixin.py:104} INFO - [2022-06-21 07:16:10,332] {dagbag.py:487} INFO - Filling up the DagBag from /home/airflow/.local/lib/python3.6/site-packages/airflow/example_dags/example_short_circuit_operator.py
[2022-06-21 07:16:10,350] {scheduler_job.py:643} INFO - DAG(s) dict_keys(['example_short_circuit_operator']) retrieved from /home/airflow/.local/lib/python3.6/site-packages/airflow/example_dags/example_short_circuit_operator.py
[2022-06-21 07:16:10,379] {logging_mixin.py:104} INFO - [2022-06-21 07:16:10,379] {dag.py:1832} INFO - Sync 1 DAGs
[2022-06-21 07:16:10,395] {logging_mixin.py:104} INFO - [2022-06-21 07:16:10,395] {dag.py:2305} INFO - Setting next_dagrun for example_short_circuit_operator to 2022-06-19 00:00:00+00:00
[2022-06-21 07:16:10,415] {scheduler_job.py:190} INFO - Processing /home/airflow/.local/lib/python3.6/site-packages/airflow/example_dags/example_short_circuit_operator.py took 0.090 seconds
[2022-06-21 07:16:49,505] {scheduler_job.py:182} INFO - Started process (PID=443) to work on /home/airflow/.local/lib/python3.6/site-packages/airflow/example_dags/example_short_circuit_operator.py
[2022-06-21 07:16:49,508] {scheduler_job.py:633} INFO - Processing file /home/airflow/.local/lib/python3.6/site-packages/airflow/example_dags/example_short_circuit_operator.py for tasks to queue
[2022-06-21 07:16:49,510] {logging_mixin.py:104} INFO - [2022-06-21 07:16:49,510] {dagbag.py:487} INFO - Filling up the DagBag from /home/airflow/.local/lib/python3.6/site-packages/airflow/example_dags/example_short_circuit_operator.py
[2022-06-21 07:16:49,535] {scheduler_job.py:643} INFO - DAG(s) dict_keys(['example_short_circuit_operator']) retrieved from /home/airflow/.local/lib/python3.6/site-packages/airflow/example_dags/example_short_circuit_operator.py
[2022-06-21 07:16:49,571] {logging_mixin.py:104} INFO - [2022-06-21 07:16:49,571] {dag.py:1832} INFO - Sync 1 DAGs
[2022-06-21 07:16:49,592] {logging_mixin.py:104} INFO - [2022-06-21 07:16:49,592] {dag.py:2305} INFO - Setting next_dagrun for example_short_circuit_operator to 2022-06-19 00:00:00+00:00
[2022-06-21 07:16:49,605] {scheduler_job.py:190} INFO - Processing /home/airflow/.local/lib/python3.6/site-packages/airflow/example_dags/example_short_circuit_operator.py took 0.106 seconds
[2022-06-21 07:17:20,621] {scheduler_job.py:182} INFO - Started process (PID=501) to work on /home/airflow/.local/lib/python3.6/site-packages/airflow/example_dags/example_short_circuit_operator.py
[2022-06-21 07:17:20,623] {scheduler_job.py:633} INFO - Processing file /home/airflow/.local/lib/python3.6/site-packages/airflow/example_dags/example_short_circuit_operator.py for tasks to queue
[2022-06-21 07:17:20,626] {logging_mixin.py:104} INFO - [2022-06-21 07:17:20,625] {dagbag.py:487} INFO - Filling up the DagBag from /home/airflow/.local/lib/python3.6/site-packages/airflow/example_dags/example_short_circuit_operator.py
[2022-06-21 07:17:20,648] {scheduler_job.py:643} INFO - DAG(s) dict_keys(['example_short_circuit_operator']) retrieved from /home/airflow/.local/lib/python3.6/site-packages/airflow/example_dags/example_short_circuit_operator.py
[2022-06-21 07:17:20,676] {logging_mixin.py:104} INFO - [2022-06-21 07:17:20,676] {dag.py:1832} INFO - Sync 1 DAGs
[2022-06-21 07:17:20,694] {logging_mixin.py:104} INFO - [2022-06-21 07:17:20,694] {dag.py:2305} INFO - Setting next_dagrun for example_short_circuit_operator to 2022-06-19 00:00:00+00:00
[2022-06-21 07:17:20,707] {scheduler_job.py:190} INFO - Processing /home/airflow/.local/lib/python3.6/site-packages/airflow/example_dags/example_short_circuit_operator.py took 0.090 seconds
[2022-06-21 07:20:40,197] {scheduler_job.py:182} INFO - Started process (PID=74) to work on /home/airflow/.local/lib/python3.6/site-packages/airflow/example_dags/example_short_circuit_operator.py
[2022-06-21 07:20:40,200] {scheduler_job.py:633} INFO - Processing file /home/airflow/.local/lib/python3.6/site-packages/airflow/example_dags/example_short_circuit_operator.py for tasks to queue
[2022-06-21 07:20:40,202] {logging_mixin.py:104} INFO - [2022-06-21 07:20:40,202] {dagbag.py:487} INFO - Filling up the DagBag from /home/airflow/.local/lib/python3.6/site-packages/airflow/example_dags/example_short_circuit_operator.py
[2022-06-21 07:20:40,227] {scheduler_job.py:643} INFO - DAG(s) dict_keys(['example_short_circuit_operator']) retrieved from /home/airflow/.local/lib/python3.6/site-packages/airflow/example_dags/example_short_circuit_operator.py
[2022-06-21 07:20:40,268] {logging_mixin.py:104} INFO - [2022-06-21 07:20:40,268] {dag.py:1832} INFO - Sync 1 DAGs
[2022-06-21 07:20:40,289] {logging_mixin.py:104} INFO - [2022-06-21 07:20:40,289] {dag.py:2305} INFO - Setting next_dagrun for example_short_circuit_operator to 2022-06-19 00:00:00+00:00
[2022-06-21 07:20:40,308] {scheduler_job.py:190} INFO - Processing /home/airflow/.local/lib/python3.6/site-packages/airflow/example_dags/example_short_circuit_operator.py took 0.116 seconds
[2022-06-21 07:21:11,616] {scheduler_job.py:182} INFO - Started process (PID=117) to work on /home/airflow/.local/lib/python3.6/site-packages/airflow/example_dags/example_short_circuit_operator.py
[2022-06-21 07:21:11,626] {scheduler_job.py:633} INFO - Processing file /home/airflow/.local/lib/python3.6/site-packages/airflow/example_dags/example_short_circuit_operator.py for tasks to queue
[2022-06-21 07:21:11,631] {logging_mixin.py:104} INFO - [2022-06-21 07:21:11,630] {dagbag.py:487} INFO - Filling up the DagBag from /home/airflow/.local/lib/python3.6/site-packages/airflow/example_dags/example_short_circuit_operator.py
[2022-06-21 07:21:11,662] {scheduler_job.py:643} INFO - DAG(s) dict_keys(['example_short_circuit_operator']) retrieved from /home/airflow/.local/lib/python3.6/site-packages/airflow/example_dags/example_short_circuit_operator.py
[2022-06-21 07:21:11,737] {logging_mixin.py:104} INFO - [2022-06-21 07:21:11,736] {dag.py:1832} INFO - Sync 1 DAGs
[2022-06-21 07:21:11,777] {logging_mixin.py:104} INFO - [2022-06-21 07:21:11,777] {dag.py:2305} INFO - Setting next_dagrun for example_short_circuit_operator to 2022-06-19 00:00:00+00:00
[2022-06-21 07:21:11,799] {scheduler_job.py:190} INFO - Processing /home/airflow/.local/lib/python3.6/site-packages/airflow/example_dags/example_short_circuit_operator.py took 0.189 seconds
[2022-06-21 07:21:48,599] {scheduler_job.py:182} INFO - Started process (PID=179) to work on /home/airflow/.local/lib/python3.6/site-packages/airflow/example_dags/example_short_circuit_operator.py
[2022-06-21 07:21:48,601] {scheduler_job.py:633} INFO - Processing file /home/airflow/.local/lib/python3.6/site-packages/airflow/example_dags/example_short_circuit_operator.py for tasks to queue
[2022-06-21 07:21:48,603] {logging_mixin.py:104} INFO - [2022-06-21 07:21:48,603] {dagbag.py:487} INFO - Filling up the DagBag from /home/airflow/.local/lib/python3.6/site-packages/airflow/example_dags/example_short_circuit_operator.py
[2022-06-21 07:21:48,632] {scheduler_job.py:643} INFO - DAG(s) dict_keys(['example_short_circuit_operator']) retrieved from /home/airflow/.local/lib/python3.6/site-packages/airflow/example_dags/example_short_circuit_operator.py
[2022-06-21 07:21:48,687] {logging_mixin.py:104} INFO - [2022-06-21 07:21:48,686] {dag.py:1832} INFO - Sync 1 DAGs
[2022-06-21 07:21:48,706] {logging_mixin.py:104} INFO - [2022-06-21 07:21:48,706] {dag.py:2305} INFO - Setting next_dagrun for example_short_circuit_operator to 2022-06-19 00:00:00+00:00
[2022-06-21 07:21:48,728] {scheduler_job.py:190} INFO - Processing /home/airflow/.local/lib/python3.6/site-packages/airflow/example_dags/example_short_circuit_operator.py took 0.135 seconds
[2022-06-21 07:22:25,163] {scheduler_job.py:182} INFO - Started process (PID=240) to work on /home/airflow/.local/lib/python3.6/site-packages/airflow/example_dags/example_short_circuit_operator.py
[2022-06-21 07:22:25,168] {scheduler_job.py:633} INFO - Processing file /home/airflow/.local/lib/python3.6/site-packages/airflow/example_dags/example_short_circuit_operator.py for tasks to queue
[2022-06-21 07:22:25,171] {logging_mixin.py:104} INFO - [2022-06-21 07:22:25,171] {dagbag.py:487} INFO - Filling up the DagBag from /home/airflow/.local/lib/python3.6/site-packages/airflow/example_dags/example_short_circuit_operator.py
[2022-06-21 07:22:25,211] {scheduler_job.py:643} INFO - DAG(s) dict_keys(['example_short_circuit_operator']) retrieved from /home/airflow/.local/lib/python3.6/site-packages/airflow/example_dags/example_short_circuit_operator.py
[2022-06-21 07:22:25,249] {logging_mixin.py:104} INFO - [2022-06-21 07:22:25,249] {dag.py:1832} INFO - Sync 1 DAGs
[2022-06-21 07:22:25,273] {logging_mixin.py:104} INFO - [2022-06-21 07:22:25,272] {dag.py:2305} INFO - Setting next_dagrun for example_short_circuit_operator to 2022-06-19 00:00:00+00:00
[2022-06-21 07:22:25,286] {scheduler_job.py:190} INFO - Processing /home/airflow/.local/lib/python3.6/site-packages/airflow/example_dags/example_short_circuit_operator.py took 0.132 seconds
[2022-06-21 07:23:06,799] {scheduler_job.py:182} INFO - Started process (PID=292) to work on /home/airflow/.local/lib/python3.6/site-packages/airflow/example_dags/example_short_circuit_operator.py
[2022-06-21 07:23:06,802] {scheduler_job.py:633} INFO - Processing file /home/airflow/.local/lib/python3.6/site-packages/airflow/example_dags/example_short_circuit_operator.py for tasks to queue
[2022-06-21 07:23:06,804] {logging_mixin.py:104} INFO - [2022-06-21 07:23:06,804] {dagbag.py:487} INFO - Filling up the DagBag from /home/airflow/.local/lib/python3.6/site-packages/airflow/example_dags/example_short_circuit_operator.py
[2022-06-21 07:23:06,836] {scheduler_job.py:643} INFO - DAG(s) dict_keys(['example_short_circuit_operator']) retrieved from /home/airflow/.local/lib/python3.6/site-packages/airflow/example_dags/example_short_circuit_operator.py
[2022-06-21 07:23:06,876] {logging_mixin.py:104} INFO - [2022-06-21 07:23:06,876] {dag.py:1832} INFO - Sync 1 DAGs
[2022-06-21 07:23:06,901] {logging_mixin.py:104} INFO - [2022-06-21 07:23:06,901] {dag.py:2305} INFO - Setting next_dagrun for example_short_circuit_operator to 2022-06-19 00:00:00+00:00
[2022-06-21 07:23:06,915] {scheduler_job.py:190} INFO - Processing /home/airflow/.local/lib/python3.6/site-packages/airflow/example_dags/example_short_circuit_operator.py took 0.121 seconds
[2022-06-21 07:23:37,264] {scheduler_job.py:182} INFO - Started process (PID=353) to work on /home/airflow/.local/lib/python3.6/site-packages/airflow/example_dags/example_short_circuit_operator.py
[2022-06-21 07:23:37,266] {scheduler_job.py:633} INFO - Processing file /home/airflow/.local/lib/python3.6/site-packages/airflow/example_dags/example_short_circuit_operator.py for tasks to queue
[2022-06-21 07:23:37,268] {logging_mixin.py:104} INFO - [2022-06-21 07:23:37,267] {dagbag.py:487} INFO - Filling up the DagBag from /home/airflow/.local/lib/python3.6/site-packages/airflow/example_dags/example_short_circuit_operator.py
[2022-06-21 07:23:37,287] {scheduler_job.py:643} INFO - DAG(s) dict_keys(['example_short_circuit_operator']) retrieved from /home/airflow/.local/lib/python3.6/site-packages/airflow/example_dags/example_short_circuit_operator.py
[2022-06-21 07:23:37,310] {logging_mixin.py:104} INFO - [2022-06-21 07:23:37,310] {dag.py:1832} INFO - Sync 1 DAGs
[2022-06-21 07:23:37,333] {logging_mixin.py:104} INFO - [2022-06-21 07:23:37,333] {dag.py:2305} INFO - Setting next_dagrun for example_short_circuit_operator to 2022-06-19 00:00:00+00:00
[2022-06-21 07:23:37,343] {scheduler_job.py:190} INFO - Processing /home/airflow/.local/lib/python3.6/site-packages/airflow/example_dags/example_short_circuit_operator.py took 0.082 seconds
[2022-06-21 07:24:08,687] {scheduler_job.py:182} INFO - Started process (PID=416) to work on /home/airflow/.local/lib/python3.6/site-packages/airflow/example_dags/example_short_circuit_operator.py
[2022-06-21 07:24:08,690] {scheduler_job.py:633} INFO - Processing file /home/airflow/.local/lib/python3.6/site-packages/airflow/example_dags/example_short_circuit_operator.py for tasks to queue
[2022-06-21 07:24:08,692] {logging_mixin.py:104} INFO - [2022-06-21 07:24:08,691] {dagbag.py:487} INFO - Filling up the DagBag from /home/airflow/.local/lib/python3.6/site-packages/airflow/example_dags/example_short_circuit_operator.py
[2022-06-21 07:24:08,715] {scheduler_job.py:643} INFO - DAG(s) dict_keys(['example_short_circuit_operator']) retrieved from /home/airflow/.local/lib/python3.6/site-packages/airflow/example_dags/example_short_circuit_operator.py
[2022-06-21 07:24:08,743] {logging_mixin.py:104} INFO - [2022-06-21 07:24:08,743] {dag.py:1832} INFO - Sync 1 DAGs
[2022-06-21 07:24:08,765] {logging_mixin.py:104} INFO - [2022-06-21 07:24:08,765] {dag.py:2305} INFO - Setting next_dagrun for example_short_circuit_operator to 2022-06-19 00:00:00+00:00
[2022-06-21 07:24:08,782] {scheduler_job.py:190} INFO - Processing /home/airflow/.local/lib/python3.6/site-packages/airflow/example_dags/example_short_circuit_operator.py took 0.099 seconds
[2022-06-21 07:24:48,924] {scheduler_job.py:182} INFO - Started process (PID=77) to work on /home/airflow/.local/lib/python3.6/site-packages/airflow/example_dags/example_short_circuit_operator.py
[2022-06-21 07:24:48,930] {scheduler_job.py:633} INFO - Processing file /home/airflow/.local/lib/python3.6/site-packages/airflow/example_dags/example_short_circuit_operator.py for tasks to queue
[2022-06-21 07:24:48,935] {logging_mixin.py:104} INFO - [2022-06-21 07:24:48,934] {dagbag.py:487} INFO - Filling up the DagBag from /home/airflow/.local/lib/python3.6/site-packages/airflow/example_dags/example_short_circuit_operator.py
[2022-06-21 07:24:49,255] {scheduler_job.py:643} INFO - DAG(s) dict_keys(['example_short_circuit_operator']) retrieved from /home/airflow/.local/lib/python3.6/site-packages/airflow/example_dags/example_short_circuit_operator.py
[2022-06-21 07:24:49,339] {logging_mixin.py:104} INFO - [2022-06-21 07:24:49,338] {dag.py:1832} INFO - Sync 1 DAGs
[2022-06-21 07:24:49,421] {logging_mixin.py:104} INFO - [2022-06-21 07:24:49,421] {dag.py:2305} INFO - Setting next_dagrun for example_short_circuit_operator to 2022-06-19 00:00:00+00:00
[2022-06-21 07:24:49,581] {scheduler_job.py:190} INFO - Processing /home/airflow/.local/lib/python3.6/site-packages/airflow/example_dags/example_short_circuit_operator.py took 0.708 seconds
[2022-06-21 07:25:21,861] {scheduler_job.py:182} INFO - Started process (PID=131) to work on /home/airflow/.local/lib/python3.6/site-packages/airflow/example_dags/example_short_circuit_operator.py
[2022-06-21 07:25:21,866] {scheduler_job.py:633} INFO - Processing file /home/airflow/.local/lib/python3.6/site-packages/airflow/example_dags/example_short_circuit_operator.py for tasks to queue
[2022-06-21 07:25:21,869] {logging_mixin.py:104} INFO - [2022-06-21 07:25:21,869] {dagbag.py:487} INFO - Filling up the DagBag from /home/airflow/.local/lib/python3.6/site-packages/airflow/example_dags/example_short_circuit_operator.py
[2022-06-21 07:25:21,934] {scheduler_job.py:643} INFO - DAG(s) dict_keys(['example_short_circuit_operator']) retrieved from /home/airflow/.local/lib/python3.6/site-packages/airflow/example_dags/example_short_circuit_operator.py
[2022-06-21 07:25:21,991] {logging_mixin.py:104} INFO - [2022-06-21 07:25:21,991] {dag.py:1832} INFO - Sync 1 DAGs
[2022-06-21 07:25:22,056] {logging_mixin.py:104} INFO - [2022-06-21 07:25:22,056] {dag.py:2305} INFO - Setting next_dagrun for example_short_circuit_operator to 2022-06-19 00:00:00+00:00
[2022-06-21 07:25:22,076] {scheduler_job.py:190} INFO - Processing /home/airflow/.local/lib/python3.6/site-packages/airflow/example_dags/example_short_circuit_operator.py took 0.223 seconds
[2022-06-21 07:25:52,132] {scheduler_job.py:182} INFO - Started process (PID=186) to work on /home/airflow/.local/lib/python3.6/site-packages/airflow/example_dags/example_short_circuit_operator.py
[2022-06-21 07:25:52,134] {scheduler_job.py:633} INFO - Processing file /home/airflow/.local/lib/python3.6/site-packages/airflow/example_dags/example_short_circuit_operator.py for tasks to queue
[2022-06-21 07:25:52,135] {logging_mixin.py:104} INFO - [2022-06-21 07:25:52,135] {dagbag.py:487} INFO - Filling up the DagBag from /home/airflow/.local/lib/python3.6/site-packages/airflow/example_dags/example_short_circuit_operator.py
[2022-06-21 07:25:52,156] {scheduler_job.py:643} INFO - DAG(s) dict_keys(['example_short_circuit_operator']) retrieved from /home/airflow/.local/lib/python3.6/site-packages/airflow/example_dags/example_short_circuit_operator.py
[2022-06-21 07:25:52,180] {logging_mixin.py:104} INFO - [2022-06-21 07:25:52,179] {dag.py:1832} INFO - Sync 1 DAGs
[2022-06-21 07:25:52,196] {logging_mixin.py:104} INFO - [2022-06-21 07:25:52,195] {dag.py:2305} INFO - Setting next_dagrun for example_short_circuit_operator to 2022-06-19 00:00:00+00:00
[2022-06-21 07:25:52,206] {scheduler_job.py:190} INFO - Processing /home/airflow/.local/lib/python3.6/site-packages/airflow/example_dags/example_short_circuit_operator.py took 0.078 seconds
[2022-06-21 07:26:59,906] {scheduler_job.py:182} INFO - Started process (PID=244) to work on /home/airflow/.local/lib/python3.6/site-packages/airflow/example_dags/example_short_circuit_operator.py
[2022-06-21 07:26:59,912] {scheduler_job.py:633} INFO - Processing file /home/airflow/.local/lib/python3.6/site-packages/airflow/example_dags/example_short_circuit_operator.py for tasks to queue
[2022-06-21 07:26:59,916] {logging_mixin.py:104} INFO - [2022-06-21 07:26:59,916] {dagbag.py:487} INFO - Filling up the DagBag from /home/airflow/.local/lib/python3.6/site-packages/airflow/example_dags/example_short_circuit_operator.py
[2022-06-21 07:26:59,945] {scheduler_job.py:643} INFO - DAG(s) dict_keys(['example_short_circuit_operator']) retrieved from /home/airflow/.local/lib/python3.6/site-packages/airflow/example_dags/example_short_circuit_operator.py
[2022-06-21 07:26:59,975] {logging_mixin.py:104} INFO - [2022-06-21 07:26:59,975] {dag.py:1832} INFO - Sync 1 DAGs
[2022-06-21 07:26:59,994] {logging_mixin.py:104} INFO - [2022-06-21 07:26:59,994] {dag.py:2305} INFO - Setting next_dagrun for example_short_circuit_operator to 2022-06-19 00:00:00+00:00
[2022-06-21 07:27:00,016] {scheduler_job.py:190} INFO - Processing /home/airflow/.local/lib/python3.6/site-packages/airflow/example_dags/example_short_circuit_operator.py took 0.115 seconds
[2022-06-21 07:27:30,702] {scheduler_job.py:182} INFO - Started process (PID=296) to work on /home/airflow/.local/lib/python3.6/site-packages/airflow/example_dags/example_short_circuit_operator.py
[2022-06-21 07:27:30,705] {scheduler_job.py:633} INFO - Processing file /home/airflow/.local/lib/python3.6/site-packages/airflow/example_dags/example_short_circuit_operator.py for tasks to queue
[2022-06-21 07:27:30,706] {logging_mixin.py:104} INFO - [2022-06-21 07:27:30,706] {dagbag.py:487} INFO - Filling up the DagBag from /home/airflow/.local/lib/python3.6/site-packages/airflow/example_dags/example_short_circuit_operator.py
[2022-06-21 07:27:30,726] {scheduler_job.py:643} INFO - DAG(s) dict_keys(['example_short_circuit_operator']) retrieved from /home/airflow/.local/lib/python3.6/site-packages/airflow/example_dags/example_short_circuit_operator.py
[2022-06-21 07:27:30,752] {logging_mixin.py:104} INFO - [2022-06-21 07:27:30,752] {dag.py:1832} INFO - Sync 1 DAGs
[2022-06-21 07:27:30,769] {logging_mixin.py:104} INFO - [2022-06-21 07:27:30,769] {dag.py:2305} INFO - Setting next_dagrun for example_short_circuit_operator to 2022-06-19 00:00:00+00:00
[2022-06-21 07:27:30,781] {scheduler_job.py:190} INFO - Processing /home/airflow/.local/lib/python3.6/site-packages/airflow/example_dags/example_short_circuit_operator.py took 0.083 seconds
[2022-06-21 07:28:05,932] {scheduler_job.py:182} INFO - Started process (PID=343) to work on /home/airflow/.local/lib/python3.6/site-packages/airflow/example_dags/example_short_circuit_operator.py
[2022-06-21 07:28:05,938] {scheduler_job.py:633} INFO - Processing file /home/airflow/.local/lib/python3.6/site-packages/airflow/example_dags/example_short_circuit_operator.py for tasks to queue
[2022-06-21 07:28:05,940] {logging_mixin.py:104} INFO - [2022-06-21 07:28:05,940] {dagbag.py:487} INFO - Filling up the DagBag from /home/airflow/.local/lib/python3.6/site-packages/airflow/example_dags/example_short_circuit_operator.py
[2022-06-21 07:28:05,980] {scheduler_job.py:643} INFO - DAG(s) dict_keys(['example_short_circuit_operator']) retrieved from /home/airflow/.local/lib/python3.6/site-packages/airflow/example_dags/example_short_circuit_operator.py
[2022-06-21 07:28:06,025] {logging_mixin.py:104} INFO - [2022-06-21 07:28:06,025] {dag.py:1832} INFO - Sync 1 DAGs
[2022-06-21 07:28:06,052] {logging_mixin.py:104} INFO - [2022-06-21 07:28:06,052] {dag.py:2305} INFO - Setting next_dagrun for example_short_circuit_operator to 2022-06-19 00:00:00+00:00
[2022-06-21 07:28:06,072] {scheduler_job.py:190} INFO - Processing /home/airflow/.local/lib/python3.6/site-packages/airflow/example_dags/example_short_circuit_operator.py took 0.146 seconds
[2022-06-21 07:28:36,220] {scheduler_job.py:182} INFO - Started process (PID=402) to work on /home/airflow/.local/lib/python3.6/site-packages/airflow/example_dags/example_short_circuit_operator.py
[2022-06-21 07:28:36,224] {scheduler_job.py:633} INFO - Processing file /home/airflow/.local/lib/python3.6/site-packages/airflow/example_dags/example_short_circuit_operator.py for tasks to queue
[2022-06-21 07:28:36,226] {logging_mixin.py:104} INFO - [2022-06-21 07:28:36,226] {dagbag.py:487} INFO - Filling up the DagBag from /home/airflow/.local/lib/python3.6/site-packages/airflow/example_dags/example_short_circuit_operator.py
[2022-06-21 07:28:36,247] {scheduler_job.py:643} INFO - DAG(s) dict_keys(['example_short_circuit_operator']) retrieved from /home/airflow/.local/lib/python3.6/site-packages/airflow/example_dags/example_short_circuit_operator.py
[2022-06-21 07:28:36,272] {logging_mixin.py:104} INFO - [2022-06-21 07:28:36,272] {dag.py:1832} INFO - Sync 1 DAGs
[2022-06-21 07:28:36,290] {logging_mixin.py:104} INFO - [2022-06-21 07:28:36,290] {dag.py:2305} INFO - Setting next_dagrun for example_short_circuit_operator to 2022-06-19 00:00:00+00:00
[2022-06-21 07:28:36,301] {scheduler_job.py:190} INFO - Processing /home/airflow/.local/lib/python3.6/site-packages/airflow/example_dags/example_short_circuit_operator.py took 0.085 seconds
[2022-06-21 07:29:28,704] {scheduler_job.py:182} INFO - Started process (PID=59) to work on /home/airflow/.local/lib/python3.6/site-packages/airflow/example_dags/example_short_circuit_operator.py
[2022-06-21 07:29:28,706] {scheduler_job.py:633} INFO - Processing file /home/airflow/.local/lib/python3.6/site-packages/airflow/example_dags/example_short_circuit_operator.py for tasks to queue
[2022-06-21 07:29:28,707] {logging_mixin.py:104} INFO - [2022-06-21 07:29:28,707] {dagbag.py:487} INFO - Filling up the DagBag from /home/airflow/.local/lib/python3.6/site-packages/airflow/example_dags/example_short_circuit_operator.py
[2022-06-21 07:29:28,727] {scheduler_job.py:643} INFO - DAG(s) dict_keys(['example_short_circuit_operator']) retrieved from /home/airflow/.local/lib/python3.6/site-packages/airflow/example_dags/example_short_circuit_operator.py
[2022-06-21 07:29:28,761] {logging_mixin.py:104} INFO - [2022-06-21 07:29:28,761] {dag.py:1832} INFO - Sync 1 DAGs
[2022-06-21 07:29:28,788] {logging_mixin.py:104} INFO - [2022-06-21 07:29:28,787] {dag.py:2305} INFO - Setting next_dagrun for example_short_circuit_operator to 2022-06-19 00:00:00+00:00
[2022-06-21 07:29:28,802] {scheduler_job.py:190} INFO - Processing /home/airflow/.local/lib/python3.6/site-packages/airflow/example_dags/example_short_circuit_operator.py took 0.102 seconds
[2022-06-21 07:29:59,716] {scheduler_job.py:182} INFO - Started process (PID=134) to work on /home/airflow/.local/lib/python3.6/site-packages/airflow/example_dags/example_short_circuit_operator.py
[2022-06-21 07:29:59,718] {scheduler_job.py:633} INFO - Processing file /home/airflow/.local/lib/python3.6/site-packages/airflow/example_dags/example_short_circuit_operator.py for tasks to queue
[2022-06-21 07:29:59,719] {logging_mixin.py:104} INFO - [2022-06-21 07:29:59,719] {dagbag.py:487} INFO - Filling up the DagBag from /home/airflow/.local/lib/python3.6/site-packages/airflow/example_dags/example_short_circuit_operator.py
[2022-06-21 07:29:59,735] {scheduler_job.py:643} INFO - DAG(s) dict_keys(['example_short_circuit_operator']) retrieved from /home/airflow/.local/lib/python3.6/site-packages/airflow/example_dags/example_short_circuit_operator.py
[2022-06-21 07:29:59,758] {logging_mixin.py:104} INFO - [2022-06-21 07:29:59,758] {dag.py:1832} INFO - Sync 1 DAGs
[2022-06-21 07:29:59,771] {logging_mixin.py:104} INFO - [2022-06-21 07:29:59,771] {dag.py:2305} INFO - Setting next_dagrun for example_short_circuit_operator to 2022-06-19 00:00:00+00:00
[2022-06-21 07:29:59,781] {scheduler_job.py:190} INFO - Processing /home/airflow/.local/lib/python3.6/site-packages/airflow/example_dags/example_short_circuit_operator.py took 0.068 seconds
[2022-06-21 07:30:30,045] {scheduler_job.py:182} INFO - Started process (PID=204) to work on /home/airflow/.local/lib/python3.6/site-packages/airflow/example_dags/example_short_circuit_operator.py
[2022-06-21 07:30:30,047] {scheduler_job.py:633} INFO - Processing file /home/airflow/.local/lib/python3.6/site-packages/airflow/example_dags/example_short_circuit_operator.py for tasks to queue
[2022-06-21 07:30:30,048] {logging_mixin.py:104} INFO - [2022-06-21 07:30:30,048] {dagbag.py:487} INFO - Filling up the DagBag from /home/airflow/.local/lib/python3.6/site-packages/airflow/example_dags/example_short_circuit_operator.py
[2022-06-21 07:30:30,059] {scheduler_job.py:643} INFO - DAG(s) dict_keys(['example_short_circuit_operator']) retrieved from /home/airflow/.local/lib/python3.6/site-packages/airflow/example_dags/example_short_circuit_operator.py
[2022-06-21 07:30:30,080] {logging_mixin.py:104} INFO - [2022-06-21 07:30:30,080] {dag.py:1832} INFO - Sync 1 DAGs
[2022-06-21 07:30:30,096] {logging_mixin.py:104} INFO - [2022-06-21 07:30:30,096] {dag.py:2305} INFO - Setting next_dagrun for example_short_circuit_operator to 2022-06-19 00:00:00+00:00
[2022-06-21 07:30:30,118] {scheduler_job.py:190} INFO - Processing /home/airflow/.local/lib/python3.6/site-packages/airflow/example_dags/example_short_circuit_operator.py took 0.076 seconds
[2022-06-21 07:31:35,131] {scheduler_job.py:182} INFO - Started process (PID=75) to work on /home/airflow/.local/lib/python3.6/site-packages/airflow/example_dags/example_short_circuit_operator.py
[2022-06-21 07:31:35,136] {scheduler_job.py:633} INFO - Processing file /home/airflow/.local/lib/python3.6/site-packages/airflow/example_dags/example_short_circuit_operator.py for tasks to queue
[2022-06-21 07:31:35,138] {logging_mixin.py:104} INFO - [2022-06-21 07:31:35,138] {dagbag.py:487} INFO - Filling up the DagBag from /home/airflow/.local/lib/python3.6/site-packages/airflow/example_dags/example_short_circuit_operator.py
[2022-06-21 07:31:35,168] {scheduler_job.py:643} INFO - DAG(s) dict_keys(['example_short_circuit_operator']) retrieved from /home/airflow/.local/lib/python3.6/site-packages/airflow/example_dags/example_short_circuit_operator.py
[2022-06-21 07:31:35,207] {logging_mixin.py:104} INFO - [2022-06-21 07:31:35,207] {dag.py:1832} INFO - Sync 1 DAGs
[2022-06-21 07:31:35,229] {logging_mixin.py:104} INFO - [2022-06-21 07:31:35,229] {dag.py:2305} INFO - Setting next_dagrun for example_short_circuit_operator to 2022-06-19 00:00:00+00:00
[2022-06-21 07:31:35,248] {scheduler_job.py:190} INFO - Processing /home/airflow/.local/lib/python3.6/site-packages/airflow/example_dags/example_short_circuit_operator.py took 0.122 seconds
[2022-06-21 07:32:05,309] {scheduler_job.py:182} INFO - Started process (PID=137) to work on /home/airflow/.local/lib/python3.6/site-packages/airflow/example_dags/example_short_circuit_operator.py
[2022-06-21 07:32:05,311] {scheduler_job.py:633} INFO - Processing file /home/airflow/.local/lib/python3.6/site-packages/airflow/example_dags/example_short_circuit_operator.py for tasks to queue
[2022-06-21 07:32:05,314] {logging_mixin.py:104} INFO - [2022-06-21 07:32:05,313] {dagbag.py:487} INFO - Filling up the DagBag from /home/airflow/.local/lib/python3.6/site-packages/airflow/example_dags/example_short_circuit_operator.py
[2022-06-21 07:32:05,343] {scheduler_job.py:643} INFO - DAG(s) dict_keys(['example_short_circuit_operator']) retrieved from /home/airflow/.local/lib/python3.6/site-packages/airflow/example_dags/example_short_circuit_operator.py
[2022-06-21 07:32:05,373] {logging_mixin.py:104} INFO - [2022-06-21 07:32:05,372] {dag.py:1832} INFO - Sync 1 DAGs
[2022-06-21 07:32:05,398] {logging_mixin.py:104} INFO - [2022-06-21 07:32:05,398] {dag.py:2305} INFO - Setting next_dagrun for example_short_circuit_operator to 2022-06-19 00:00:00+00:00
[2022-06-21 07:32:05,415] {scheduler_job.py:190} INFO - Processing /home/airflow/.local/lib/python3.6/site-packages/airflow/example_dags/example_short_circuit_operator.py took 0.110 seconds
[2022-06-21 07:32:36,674] {scheduler_job.py:182} INFO - Started process (PID=218) to work on /home/airflow/.local/lib/python3.6/site-packages/airflow/example_dags/example_short_circuit_operator.py
[2022-06-21 07:32:36,677] {scheduler_job.py:633} INFO - Processing file /home/airflow/.local/lib/python3.6/site-packages/airflow/example_dags/example_short_circuit_operator.py for tasks to queue
[2022-06-21 07:32:36,679] {logging_mixin.py:104} INFO - [2022-06-21 07:32:36,679] {dagbag.py:487} INFO - Filling up the DagBag from /home/airflow/.local/lib/python3.6/site-packages/airflow/example_dags/example_short_circuit_operator.py
[2022-06-21 07:32:36,706] {scheduler_job.py:643} INFO - DAG(s) dict_keys(['example_short_circuit_operator']) retrieved from /home/airflow/.local/lib/python3.6/site-packages/airflow/example_dags/example_short_circuit_operator.py
[2022-06-21 07:32:36,736] {logging_mixin.py:104} INFO - [2022-06-21 07:32:36,736] {dag.py:1832} INFO - Sync 1 DAGs
[2022-06-21 07:32:36,763] {logging_mixin.py:104} INFO - [2022-06-21 07:32:36,763] {dag.py:2305} INFO - Setting next_dagrun for example_short_circuit_operator to 2022-06-19 00:00:00+00:00
[2022-06-21 07:32:36,778] {scheduler_job.py:190} INFO - Processing /home/airflow/.local/lib/python3.6/site-packages/airflow/example_dags/example_short_circuit_operator.py took 0.109 seconds
[2022-06-21 07:33:07,359] {scheduler_job.py:182} INFO - Started process (PID=288) to work on /home/airflow/.local/lib/python3.6/site-packages/airflow/example_dags/example_short_circuit_operator.py
[2022-06-21 07:33:07,361] {scheduler_job.py:633} INFO - Processing file /home/airflow/.local/lib/python3.6/site-packages/airflow/example_dags/example_short_circuit_operator.py for tasks to queue
[2022-06-21 07:33:07,363] {logging_mixin.py:104} INFO - [2022-06-21 07:33:07,363] {dagbag.py:487} INFO - Filling up the DagBag from /home/airflow/.local/lib/python3.6/site-packages/airflow/example_dags/example_short_circuit_operator.py
[2022-06-21 07:33:07,389] {scheduler_job.py:643} INFO - DAG(s) dict_keys(['example_short_circuit_operator']) retrieved from /home/airflow/.local/lib/python3.6/site-packages/airflow/example_dags/example_short_circuit_operator.py
[2022-06-21 07:33:07,414] {logging_mixin.py:104} INFO - [2022-06-21 07:33:07,413] {dag.py:1832} INFO - Sync 1 DAGs
[2022-06-21 07:33:07,431] {logging_mixin.py:104} INFO - [2022-06-21 07:33:07,431] {dag.py:2305} INFO - Setting next_dagrun for example_short_circuit_operator to 2022-06-19 00:00:00+00:00
[2022-06-21 07:33:07,440] {scheduler_job.py:190} INFO - Processing /home/airflow/.local/lib/python3.6/site-packages/airflow/example_dags/example_short_circuit_operator.py took 0.085 seconds
[2022-06-21 07:33:37,522] {scheduler_job.py:182} INFO - Started process (PID=364) to work on /home/airflow/.local/lib/python3.6/site-packages/airflow/example_dags/example_short_circuit_operator.py
[2022-06-21 07:33:37,524] {scheduler_job.py:633} INFO - Processing file /home/airflow/.local/lib/python3.6/site-packages/airflow/example_dags/example_short_circuit_operator.py for tasks to queue
[2022-06-21 07:33:37,526] {logging_mixin.py:104} INFO - [2022-06-21 07:33:37,525] {dagbag.py:487} INFO - Filling up the DagBag from /home/airflow/.local/lib/python3.6/site-packages/airflow/example_dags/example_short_circuit_operator.py
[2022-06-21 07:33:37,542] {scheduler_job.py:643} INFO - DAG(s) dict_keys(['example_short_circuit_operator']) retrieved from /home/airflow/.local/lib/python3.6/site-packages/airflow/example_dags/example_short_circuit_operator.py
[2022-06-21 07:33:37,563] {logging_mixin.py:104} INFO - [2022-06-21 07:33:37,563] {dag.py:1832} INFO - Sync 1 DAGs
[2022-06-21 07:33:37,578] {logging_mixin.py:104} INFO - [2022-06-21 07:33:37,578] {dag.py:2305} INFO - Setting next_dagrun for example_short_circuit_operator to 2022-06-19 00:00:00+00:00
[2022-06-21 07:33:37,587] {scheduler_job.py:190} INFO - Processing /home/airflow/.local/lib/python3.6/site-packages/airflow/example_dags/example_short_circuit_operator.py took 0.069 seconds
