[2022-06-21 06:56:34,421] {scheduler_job.py:182} INFO - Started process (PID=144) to work on /home/airflow/.local/lib/python3.6/site-packages/airflow/example_dags/example_trigger_controller_dag.py
[2022-06-21 06:56:34,423] {scheduler_job.py:633} INFO - Processing file /home/airflow/.local/lib/python3.6/site-packages/airflow/example_dags/example_trigger_controller_dag.py for tasks to queue
[2022-06-21 06:56:34,427] {logging_mixin.py:104} INFO - [2022-06-21 06:56:34,427] {dagbag.py:487} INFO - Filling up the DagBag from /home/airflow/.local/lib/python3.6/site-packages/airflow/example_dags/example_trigger_controller_dag.py
[2022-06-21 06:56:34,448] {scheduler_job.py:643} INFO - DAG(s) dict_keys(['example_trigger_controller_dag']) retrieved from /home/airflow/.local/lib/python3.6/site-packages/airflow/example_dags/example_trigger_controller_dag.py
[2022-06-21 06:56:37,745] {logging_mixin.py:104} INFO - [2022-06-21 06:56:37,744] {dag.py:1832} INFO - Sync 1 DAGs
[2022-06-21 06:56:37,757] {logging_mixin.py:104} INFO - [2022-06-21 06:56:37,755] {dag.py:1851} INFO - Creating ORM DAG for example_trigger_controller_dag
[2022-06-21 06:56:37,765] {logging_mixin.py:104} INFO - [2022-06-21 06:56:37,765] {dag.py:2305} INFO - Setting next_dagrun for example_trigger_controller_dag to 2022-06-19 00:00:00+00:00
[2022-06-21 06:56:37,782] {scheduler_job.py:190} INFO - Processing /home/airflow/.local/lib/python3.6/site-packages/airflow/example_dags/example_trigger_controller_dag.py took 3.365 seconds
[2022-06-21 06:58:07,914] {scheduler_job.py:182} INFO - Started process (PID=193) to work on /home/airflow/.local/lib/python3.6/site-packages/airflow/example_dags/example_trigger_controller_dag.py
[2022-06-21 06:58:07,918] {scheduler_job.py:633} INFO - Processing file /home/airflow/.local/lib/python3.6/site-packages/airflow/example_dags/example_trigger_controller_dag.py for tasks to queue
[2022-06-21 06:58:07,920] {logging_mixin.py:104} INFO - [2022-06-21 06:58:07,920] {dagbag.py:487} INFO - Filling up the DagBag from /home/airflow/.local/lib/python3.6/site-packages/airflow/example_dags/example_trigger_controller_dag.py
[2022-06-21 06:58:07,949] {scheduler_job.py:643} INFO - DAG(s) dict_keys(['example_trigger_controller_dag']) retrieved from /home/airflow/.local/lib/python3.6/site-packages/airflow/example_dags/example_trigger_controller_dag.py
[2022-06-21 06:58:07,991] {logging_mixin.py:104} INFO - [2022-06-21 06:58:07,991] {dag.py:1832} INFO - Sync 1 DAGs
[2022-06-21 06:58:08,032] {logging_mixin.py:104} INFO - [2022-06-21 06:58:08,032] {dag.py:2305} INFO - Setting next_dagrun for example_trigger_controller_dag to 2022-06-19 00:00:00+00:00
[2022-06-21 06:58:08,058] {scheduler_job.py:190} INFO - Processing /home/airflow/.local/lib/python3.6/site-packages/airflow/example_dags/example_trigger_controller_dag.py took 0.149 seconds
[2022-06-21 06:58:47,607] {scheduler_job.py:182} INFO - Started process (PID=270) to work on /home/airflow/.local/lib/python3.6/site-packages/airflow/example_dags/example_trigger_controller_dag.py
[2022-06-21 06:58:47,609] {scheduler_job.py:633} INFO - Processing file /home/airflow/.local/lib/python3.6/site-packages/airflow/example_dags/example_trigger_controller_dag.py for tasks to queue
[2022-06-21 06:58:47,611] {logging_mixin.py:104} INFO - [2022-06-21 06:58:47,611] {dagbag.py:487} INFO - Filling up the DagBag from /home/airflow/.local/lib/python3.6/site-packages/airflow/example_dags/example_trigger_controller_dag.py
[2022-06-21 06:58:47,635] {scheduler_job.py:643} INFO - DAG(s) dict_keys(['example_trigger_controller_dag']) retrieved from /home/airflow/.local/lib/python3.6/site-packages/airflow/example_dags/example_trigger_controller_dag.py
[2022-06-21 06:58:47,672] {logging_mixin.py:104} INFO - [2022-06-21 06:58:47,672] {dag.py:1832} INFO - Sync 1 DAGs
[2022-06-21 06:58:47,694] {logging_mixin.py:104} INFO - [2022-06-21 06:58:47,693] {dag.py:2305} INFO - Setting next_dagrun for example_trigger_controller_dag to 2022-06-19 00:00:00+00:00
[2022-06-21 06:58:47,715] {scheduler_job.py:190} INFO - Processing /home/airflow/.local/lib/python3.6/site-packages/airflow/example_dags/example_trigger_controller_dag.py took 0.113 seconds
[2022-06-21 06:59:17,877] {scheduler_job.py:182} INFO - Started process (PID=321) to work on /home/airflow/.local/lib/python3.6/site-packages/airflow/example_dags/example_trigger_controller_dag.py
[2022-06-21 06:59:17,880] {scheduler_job.py:633} INFO - Processing file /home/airflow/.local/lib/python3.6/site-packages/airflow/example_dags/example_trigger_controller_dag.py for tasks to queue
[2022-06-21 06:59:17,881] {logging_mixin.py:104} INFO - [2022-06-21 06:59:17,881] {dagbag.py:487} INFO - Filling up the DagBag from /home/airflow/.local/lib/python3.6/site-packages/airflow/example_dags/example_trigger_controller_dag.py
[2022-06-21 06:59:17,906] {scheduler_job.py:643} INFO - DAG(s) dict_keys(['example_trigger_controller_dag']) retrieved from /home/airflow/.local/lib/python3.6/site-packages/airflow/example_dags/example_trigger_controller_dag.py
[2022-06-21 06:59:17,963] {logging_mixin.py:104} INFO - [2022-06-21 06:59:17,963] {dag.py:1832} INFO - Sync 1 DAGs
[2022-06-21 06:59:17,986] {logging_mixin.py:104} INFO - [2022-06-21 06:59:17,986] {dag.py:2305} INFO - Setting next_dagrun for example_trigger_controller_dag to 2022-06-19 00:00:00+00:00
[2022-06-21 06:59:17,998] {scheduler_job.py:190} INFO - Processing /home/airflow/.local/lib/python3.6/site-packages/airflow/example_dags/example_trigger_controller_dag.py took 0.136 seconds
[2022-06-21 06:59:56,393] {scheduler_job.py:182} INFO - Started process (PID=366) to work on /home/airflow/.local/lib/python3.6/site-packages/airflow/example_dags/example_trigger_controller_dag.py
[2022-06-21 06:59:56,403] {scheduler_job.py:633} INFO - Processing file /home/airflow/.local/lib/python3.6/site-packages/airflow/example_dags/example_trigger_controller_dag.py for tasks to queue
[2022-06-21 06:59:56,406] {logging_mixin.py:104} INFO - [2022-06-21 06:59:56,406] {dagbag.py:487} INFO - Filling up the DagBag from /home/airflow/.local/lib/python3.6/site-packages/airflow/example_dags/example_trigger_controller_dag.py
[2022-06-21 06:59:56,438] {scheduler_job.py:643} INFO - DAG(s) dict_keys(['example_trigger_controller_dag']) retrieved from /home/airflow/.local/lib/python3.6/site-packages/airflow/example_dags/example_trigger_controller_dag.py
[2022-06-21 06:59:56,491] {logging_mixin.py:104} INFO - [2022-06-21 06:59:56,491] {dag.py:1832} INFO - Sync 1 DAGs
[2022-06-21 06:59:56,517] {logging_mixin.py:104} INFO - [2022-06-21 06:59:56,517] {dag.py:2305} INFO - Setting next_dagrun for example_trigger_controller_dag to 2022-06-19 00:00:00+00:00
[2022-06-21 06:59:56,540] {scheduler_job.py:190} INFO - Processing /home/airflow/.local/lib/python3.6/site-packages/airflow/example_dags/example_trigger_controller_dag.py took 0.161 seconds
[2022-06-21 07:00:26,721] {scheduler_job.py:182} INFO - Started process (PID=427) to work on /home/airflow/.local/lib/python3.6/site-packages/airflow/example_dags/example_trigger_controller_dag.py
[2022-06-21 07:00:26,724] {scheduler_job.py:633} INFO - Processing file /home/airflow/.local/lib/python3.6/site-packages/airflow/example_dags/example_trigger_controller_dag.py for tasks to queue
[2022-06-21 07:00:26,727] {logging_mixin.py:104} INFO - [2022-06-21 07:00:26,726] {dagbag.py:487} INFO - Filling up the DagBag from /home/airflow/.local/lib/python3.6/site-packages/airflow/example_dags/example_trigger_controller_dag.py
[2022-06-21 07:00:26,757] {scheduler_job.py:643} INFO - DAG(s) dict_keys(['example_trigger_controller_dag']) retrieved from /home/airflow/.local/lib/python3.6/site-packages/airflow/example_dags/example_trigger_controller_dag.py
[2022-06-21 07:00:26,789] {logging_mixin.py:104} INFO - [2022-06-21 07:00:26,789] {dag.py:1832} INFO - Sync 1 DAGs
[2022-06-21 07:00:26,813] {logging_mixin.py:104} INFO - [2022-06-21 07:00:26,813] {dag.py:2305} INFO - Setting next_dagrun for example_trigger_controller_dag to 2022-06-19 00:00:00+00:00
[2022-06-21 07:00:26,828] {scheduler_job.py:190} INFO - Processing /home/airflow/.local/lib/python3.6/site-packages/airflow/example_dags/example_trigger_controller_dag.py took 0.115 seconds
[2022-06-21 07:00:57,233] {scheduler_job.py:182} INFO - Started process (PID=488) to work on /home/airflow/.local/lib/python3.6/site-packages/airflow/example_dags/example_trigger_controller_dag.py
[2022-06-21 07:00:57,235] {scheduler_job.py:633} INFO - Processing file /home/airflow/.local/lib/python3.6/site-packages/airflow/example_dags/example_trigger_controller_dag.py for tasks to queue
[2022-06-21 07:00:57,238] {logging_mixin.py:104} INFO - [2022-06-21 07:00:57,237] {dagbag.py:487} INFO - Filling up the DagBag from /home/airflow/.local/lib/python3.6/site-packages/airflow/example_dags/example_trigger_controller_dag.py
[2022-06-21 07:00:57,254] {scheduler_job.py:643} INFO - DAG(s) dict_keys(['example_trigger_controller_dag']) retrieved from /home/airflow/.local/lib/python3.6/site-packages/airflow/example_dags/example_trigger_controller_dag.py
[2022-06-21 07:00:57,286] {logging_mixin.py:104} INFO - [2022-06-21 07:00:57,286] {dag.py:1832} INFO - Sync 1 DAGs
[2022-06-21 07:00:57,304] {logging_mixin.py:104} INFO - [2022-06-21 07:00:57,304] {dag.py:2305} INFO - Setting next_dagrun for example_trigger_controller_dag to 2022-06-19 00:00:00+00:00
[2022-06-21 07:00:57,318] {scheduler_job.py:190} INFO - Processing /home/airflow/.local/lib/python3.6/site-packages/airflow/example_dags/example_trigger_controller_dag.py took 0.090 seconds
[2022-06-21 07:01:28,153] {scheduler_job.py:182} INFO - Started process (PID=541) to work on /home/airflow/.local/lib/python3.6/site-packages/airflow/example_dags/example_trigger_controller_dag.py
[2022-06-21 07:01:28,156] {scheduler_job.py:633} INFO - Processing file /home/airflow/.local/lib/python3.6/site-packages/airflow/example_dags/example_trigger_controller_dag.py for tasks to queue
[2022-06-21 07:01:28,158] {logging_mixin.py:104} INFO - [2022-06-21 07:01:28,158] {dagbag.py:487} INFO - Filling up the DagBag from /home/airflow/.local/lib/python3.6/site-packages/airflow/example_dags/example_trigger_controller_dag.py
[2022-06-21 07:01:28,176] {scheduler_job.py:643} INFO - DAG(s) dict_keys(['example_trigger_controller_dag']) retrieved from /home/airflow/.local/lib/python3.6/site-packages/airflow/example_dags/example_trigger_controller_dag.py
[2022-06-21 07:01:28,207] {logging_mixin.py:104} INFO - [2022-06-21 07:01:28,207] {dag.py:1832} INFO - Sync 1 DAGs
[2022-06-21 07:01:28,225] {logging_mixin.py:104} INFO - [2022-06-21 07:01:28,225] {dag.py:2305} INFO - Setting next_dagrun for example_trigger_controller_dag to 2022-06-19 00:00:00+00:00
[2022-06-21 07:01:28,237] {scheduler_job.py:190} INFO - Processing /home/airflow/.local/lib/python3.6/site-packages/airflow/example_dags/example_trigger_controller_dag.py took 0.088 seconds
[2022-06-21 07:04:55,537] {scheduler_job.py:182} INFO - Started process (PID=77) to work on /home/airflow/.local/lib/python3.6/site-packages/airflow/example_dags/example_trigger_controller_dag.py
[2022-06-21 07:04:55,541] {scheduler_job.py:633} INFO - Processing file /home/airflow/.local/lib/python3.6/site-packages/airflow/example_dags/example_trigger_controller_dag.py for tasks to queue
[2022-06-21 07:04:55,544] {logging_mixin.py:104} INFO - [2022-06-21 07:04:55,544] {dagbag.py:487} INFO - Filling up the DagBag from /home/airflow/.local/lib/python3.6/site-packages/airflow/example_dags/example_trigger_controller_dag.py
[2022-06-21 07:04:55,614] {scheduler_job.py:643} INFO - DAG(s) dict_keys(['example_trigger_controller_dag']) retrieved from /home/airflow/.local/lib/python3.6/site-packages/airflow/example_dags/example_trigger_controller_dag.py
[2022-06-21 07:04:56,074] {logging_mixin.py:104} INFO - [2022-06-21 07:04:56,073] {dag.py:1832} INFO - Sync 1 DAGs
[2022-06-21 07:04:56,168] {logging_mixin.py:104} INFO - [2022-06-21 07:04:56,168] {dag.py:2305} INFO - Setting next_dagrun for example_trigger_controller_dag to 2022-06-19 00:00:00+00:00
[2022-06-21 07:04:56,274] {scheduler_job.py:190} INFO - Processing /home/airflow/.local/lib/python3.6/site-packages/airflow/example_dags/example_trigger_controller_dag.py took 0.741 seconds
[2022-06-21 07:05:38,812] {scheduler_job.py:182} INFO - Started process (PID=135) to work on /home/airflow/.local/lib/python3.6/site-packages/airflow/example_dags/example_trigger_controller_dag.py
[2022-06-21 07:05:38,817] {scheduler_job.py:633} INFO - Processing file /home/airflow/.local/lib/python3.6/site-packages/airflow/example_dags/example_trigger_controller_dag.py for tasks to queue
[2022-06-21 07:05:38,820] {logging_mixin.py:104} INFO - [2022-06-21 07:05:38,819] {dagbag.py:487} INFO - Filling up the DagBag from /home/airflow/.local/lib/python3.6/site-packages/airflow/example_dags/example_trigger_controller_dag.py
[2022-06-21 07:05:38,844] {scheduler_job.py:643} INFO - DAG(s) dict_keys(['example_trigger_controller_dag']) retrieved from /home/airflow/.local/lib/python3.6/site-packages/airflow/example_dags/example_trigger_controller_dag.py
[2022-06-21 07:05:38,880] {logging_mixin.py:104} INFO - [2022-06-21 07:05:38,880] {dag.py:1832} INFO - Sync 1 DAGs
[2022-06-21 07:05:38,907] {logging_mixin.py:104} INFO - [2022-06-21 07:05:38,907] {dag.py:2305} INFO - Setting next_dagrun for example_trigger_controller_dag to 2022-06-19 00:00:00+00:00
[2022-06-21 07:05:38,930] {scheduler_job.py:190} INFO - Processing /home/airflow/.local/lib/python3.6/site-packages/airflow/example_dags/example_trigger_controller_dag.py took 0.125 seconds
[2022-06-21 07:06:13,746] {scheduler_job.py:182} INFO - Started process (PID=204) to work on /home/airflow/.local/lib/python3.6/site-packages/airflow/example_dags/example_trigger_controller_dag.py
[2022-06-21 07:06:13,748] {scheduler_job.py:633} INFO - Processing file /home/airflow/.local/lib/python3.6/site-packages/airflow/example_dags/example_trigger_controller_dag.py for tasks to queue
[2022-06-21 07:06:13,750] {logging_mixin.py:104} INFO - [2022-06-21 07:06:13,750] {dagbag.py:487} INFO - Filling up the DagBag from /home/airflow/.local/lib/python3.6/site-packages/airflow/example_dags/example_trigger_controller_dag.py
[2022-06-21 07:06:13,778] {scheduler_job.py:643} INFO - DAG(s) dict_keys(['example_trigger_controller_dag']) retrieved from /home/airflow/.local/lib/python3.6/site-packages/airflow/example_dags/example_trigger_controller_dag.py
[2022-06-21 07:06:13,819] {logging_mixin.py:104} INFO - [2022-06-21 07:06:13,819] {dag.py:1832} INFO - Sync 1 DAGs
[2022-06-21 07:06:13,839] {logging_mixin.py:104} INFO - [2022-06-21 07:06:13,839] {dag.py:2305} INFO - Setting next_dagrun for example_trigger_controller_dag to 2022-06-19 00:00:00+00:00
[2022-06-21 07:06:13,851] {scheduler_job.py:190} INFO - Processing /home/airflow/.local/lib/python3.6/site-packages/airflow/example_dags/example_trigger_controller_dag.py took 0.109 seconds
[2022-06-21 07:06:45,024] {scheduler_job.py:182} INFO - Started process (PID=265) to work on /home/airflow/.local/lib/python3.6/site-packages/airflow/example_dags/example_trigger_controller_dag.py
[2022-06-21 07:06:45,026] {scheduler_job.py:633} INFO - Processing file /home/airflow/.local/lib/python3.6/site-packages/airflow/example_dags/example_trigger_controller_dag.py for tasks to queue
[2022-06-21 07:06:45,028] {logging_mixin.py:104} INFO - [2022-06-21 07:06:45,028] {dagbag.py:487} INFO - Filling up the DagBag from /home/airflow/.local/lib/python3.6/site-packages/airflow/example_dags/example_trigger_controller_dag.py
[2022-06-21 07:06:45,048] {scheduler_job.py:643} INFO - DAG(s) dict_keys(['example_trigger_controller_dag']) retrieved from /home/airflow/.local/lib/python3.6/site-packages/airflow/example_dags/example_trigger_controller_dag.py
[2022-06-21 07:06:45,089] {logging_mixin.py:104} INFO - [2022-06-21 07:06:45,089] {dag.py:1832} INFO - Sync 1 DAGs
[2022-06-21 07:06:45,112] {logging_mixin.py:104} INFO - [2022-06-21 07:06:45,112] {dag.py:2305} INFO - Setting next_dagrun for example_trigger_controller_dag to 2022-06-19 00:00:00+00:00
[2022-06-21 07:06:45,127] {scheduler_job.py:190} INFO - Processing /home/airflow/.local/lib/python3.6/site-packages/airflow/example_dags/example_trigger_controller_dag.py took 0.109 seconds
[2022-06-21 07:07:23,211] {scheduler_job.py:182} INFO - Started process (PID=312) to work on /home/airflow/.local/lib/python3.6/site-packages/airflow/example_dags/example_trigger_controller_dag.py
[2022-06-21 07:07:23,214] {scheduler_job.py:633} INFO - Processing file /home/airflow/.local/lib/python3.6/site-packages/airflow/example_dags/example_trigger_controller_dag.py for tasks to queue
[2022-06-21 07:07:23,215] {logging_mixin.py:104} INFO - [2022-06-21 07:07:23,215] {dagbag.py:487} INFO - Filling up the DagBag from /home/airflow/.local/lib/python3.6/site-packages/airflow/example_dags/example_trigger_controller_dag.py
[2022-06-21 07:07:23,230] {scheduler_job.py:643} INFO - DAG(s) dict_keys(['example_trigger_controller_dag']) retrieved from /home/airflow/.local/lib/python3.6/site-packages/airflow/example_dags/example_trigger_controller_dag.py
[2022-06-21 07:07:23,262] {logging_mixin.py:104} INFO - [2022-06-21 07:07:23,262] {dag.py:1832} INFO - Sync 1 DAGs
[2022-06-21 07:07:23,280] {logging_mixin.py:104} INFO - [2022-06-21 07:07:23,280] {dag.py:2305} INFO - Setting next_dagrun for example_trigger_controller_dag to 2022-06-19 00:00:00+00:00
[2022-06-21 07:07:23,294] {scheduler_job.py:190} INFO - Processing /home/airflow/.local/lib/python3.6/site-packages/airflow/example_dags/example_trigger_controller_dag.py took 0.087 seconds
[2022-06-21 07:07:53,439] {scheduler_job.py:182} INFO - Started process (PID=373) to work on /home/airflow/.local/lib/python3.6/site-packages/airflow/example_dags/example_trigger_controller_dag.py
[2022-06-21 07:07:53,442] {scheduler_job.py:633} INFO - Processing file /home/airflow/.local/lib/python3.6/site-packages/airflow/example_dags/example_trigger_controller_dag.py for tasks to queue
[2022-06-21 07:07:53,444] {logging_mixin.py:104} INFO - [2022-06-21 07:07:53,444] {dagbag.py:487} INFO - Filling up the DagBag from /home/airflow/.local/lib/python3.6/site-packages/airflow/example_dags/example_trigger_controller_dag.py
[2022-06-21 07:07:53,466] {scheduler_job.py:643} INFO - DAG(s) dict_keys(['example_trigger_controller_dag']) retrieved from /home/airflow/.local/lib/python3.6/site-packages/airflow/example_dags/example_trigger_controller_dag.py
[2022-06-21 07:07:53,496] {logging_mixin.py:104} INFO - [2022-06-21 07:07:53,495] {dag.py:1832} INFO - Sync 1 DAGs
[2022-06-21 07:07:53,515] {logging_mixin.py:104} INFO - [2022-06-21 07:07:53,515] {dag.py:2305} INFO - Setting next_dagrun for example_trigger_controller_dag to 2022-06-19 00:00:00+00:00
[2022-06-21 07:07:53,528] {scheduler_job.py:190} INFO - Processing /home/airflow/.local/lib/python3.6/site-packages/airflow/example_dags/example_trigger_controller_dag.py took 0.094 seconds
[2022-06-21 07:08:24,370] {scheduler_job.py:182} INFO - Started process (PID=452) to work on /home/airflow/.local/lib/python3.6/site-packages/airflow/example_dags/example_trigger_controller_dag.py
[2022-06-21 07:08:24,372] {scheduler_job.py:633} INFO - Processing file /home/airflow/.local/lib/python3.6/site-packages/airflow/example_dags/example_trigger_controller_dag.py for tasks to queue
[2022-06-21 07:08:24,373] {logging_mixin.py:104} INFO - [2022-06-21 07:08:24,373] {dagbag.py:487} INFO - Filling up the DagBag from /home/airflow/.local/lib/python3.6/site-packages/airflow/example_dags/example_trigger_controller_dag.py
[2022-06-21 07:08:24,392] {scheduler_job.py:643} INFO - DAG(s) dict_keys(['example_trigger_controller_dag']) retrieved from /home/airflow/.local/lib/python3.6/site-packages/airflow/example_dags/example_trigger_controller_dag.py
[2022-06-21 07:08:24,417] {logging_mixin.py:104} INFO - [2022-06-21 07:08:24,417] {dag.py:1832} INFO - Sync 1 DAGs
[2022-06-21 07:08:24,435] {logging_mixin.py:104} INFO - [2022-06-21 07:08:24,435] {dag.py:2305} INFO - Setting next_dagrun for example_trigger_controller_dag to 2022-06-19 00:00:00+00:00
[2022-06-21 07:08:24,447] {scheduler_job.py:190} INFO - Processing /home/airflow/.local/lib/python3.6/site-packages/airflow/example_dags/example_trigger_controller_dag.py took 0.080 seconds
[2022-06-21 07:08:54,851] {scheduler_job.py:182} INFO - Started process (PID=514) to work on /home/airflow/.local/lib/python3.6/site-packages/airflow/example_dags/example_trigger_controller_dag.py
[2022-06-21 07:08:54,854] {scheduler_job.py:633} INFO - Processing file /home/airflow/.local/lib/python3.6/site-packages/airflow/example_dags/example_trigger_controller_dag.py for tasks to queue
[2022-06-21 07:08:54,856] {logging_mixin.py:104} INFO - [2022-06-21 07:08:54,856] {dagbag.py:487} INFO - Filling up the DagBag from /home/airflow/.local/lib/python3.6/site-packages/airflow/example_dags/example_trigger_controller_dag.py
[2022-06-21 07:08:54,888] {scheduler_job.py:643} INFO - DAG(s) dict_keys(['example_trigger_controller_dag']) retrieved from /home/airflow/.local/lib/python3.6/site-packages/airflow/example_dags/example_trigger_controller_dag.py
[2022-06-21 07:08:54,920] {logging_mixin.py:104} INFO - [2022-06-21 07:08:54,920] {dag.py:1832} INFO - Sync 1 DAGs
[2022-06-21 07:08:54,938] {logging_mixin.py:104} INFO - [2022-06-21 07:08:54,938] {dag.py:2305} INFO - Setting next_dagrun for example_trigger_controller_dag to 2022-06-19 00:00:00+00:00
[2022-06-21 07:08:54,952] {scheduler_job.py:190} INFO - Processing /home/airflow/.local/lib/python3.6/site-packages/airflow/example_dags/example_trigger_controller_dag.py took 0.106 seconds
[2022-06-21 07:11:11,470] {scheduler_job.py:182} INFO - Started process (PID=72) to work on /home/airflow/.local/lib/python3.6/site-packages/airflow/example_dags/example_trigger_controller_dag.py
[2022-06-21 07:11:11,472] {scheduler_job.py:633} INFO - Processing file /home/airflow/.local/lib/python3.6/site-packages/airflow/example_dags/example_trigger_controller_dag.py for tasks to queue
[2022-06-21 07:11:11,474] {logging_mixin.py:104} INFO - [2022-06-21 07:11:11,474] {dagbag.py:487} INFO - Filling up the DagBag from /home/airflow/.local/lib/python3.6/site-packages/airflow/example_dags/example_trigger_controller_dag.py
[2022-06-21 07:11:11,580] {scheduler_job.py:643} INFO - DAG(s) dict_keys(['example_trigger_controller_dag']) retrieved from /home/airflow/.local/lib/python3.6/site-packages/airflow/example_dags/example_trigger_controller_dag.py
[2022-06-21 07:11:11,894] {logging_mixin.py:104} INFO - [2022-06-21 07:11:11,894] {dag.py:1832} INFO - Sync 1 DAGs
[2022-06-21 07:11:12,150] {logging_mixin.py:104} INFO - [2022-06-21 07:11:12,150] {dag.py:2305} INFO - Setting next_dagrun for example_trigger_controller_dag to 2022-06-19 00:00:00+00:00
[2022-06-21 07:11:12,494] {scheduler_job.py:190} INFO - Processing /home/airflow/.local/lib/python3.6/site-packages/airflow/example_dags/example_trigger_controller_dag.py took 1.037 seconds
[2022-06-21 07:11:46,986] {scheduler_job.py:182} INFO - Started process (PID=122) to work on /home/airflow/.local/lib/python3.6/site-packages/airflow/example_dags/example_trigger_controller_dag.py
[2022-06-21 07:11:46,988] {scheduler_job.py:633} INFO - Processing file /home/airflow/.local/lib/python3.6/site-packages/airflow/example_dags/example_trigger_controller_dag.py for tasks to queue
[2022-06-21 07:11:46,990] {logging_mixin.py:104} INFO - [2022-06-21 07:11:46,990] {dagbag.py:487} INFO - Filling up the DagBag from /home/airflow/.local/lib/python3.6/site-packages/airflow/example_dags/example_trigger_controller_dag.py
[2022-06-21 07:11:47,008] {scheduler_job.py:643} INFO - DAG(s) dict_keys(['example_trigger_controller_dag']) retrieved from /home/airflow/.local/lib/python3.6/site-packages/airflow/example_dags/example_trigger_controller_dag.py
[2022-06-21 07:11:47,036] {logging_mixin.py:104} INFO - [2022-06-21 07:11:47,036] {dag.py:1832} INFO - Sync 1 DAGs
[2022-06-21 07:11:47,052] {logging_mixin.py:104} INFO - [2022-06-21 07:11:47,052] {dag.py:2305} INFO - Setting next_dagrun for example_trigger_controller_dag to 2022-06-19 00:00:00+00:00
[2022-06-21 07:11:47,063] {scheduler_job.py:190} INFO - Processing /home/airflow/.local/lib/python3.6/site-packages/airflow/example_dags/example_trigger_controller_dag.py took 0.081 seconds
[2022-06-21 07:12:18,641] {scheduler_job.py:182} INFO - Started process (PID=169) to work on /home/airflow/.local/lib/python3.6/site-packages/airflow/example_dags/example_trigger_controller_dag.py
[2022-06-21 07:12:18,643] {scheduler_job.py:633} INFO - Processing file /home/airflow/.local/lib/python3.6/site-packages/airflow/example_dags/example_trigger_controller_dag.py for tasks to queue
[2022-06-21 07:12:18,645] {logging_mixin.py:104} INFO - [2022-06-21 07:12:18,645] {dagbag.py:487} INFO - Filling up the DagBag from /home/airflow/.local/lib/python3.6/site-packages/airflow/example_dags/example_trigger_controller_dag.py
[2022-06-21 07:12:18,660] {scheduler_job.py:643} INFO - DAG(s) dict_keys(['example_trigger_controller_dag']) retrieved from /home/airflow/.local/lib/python3.6/site-packages/airflow/example_dags/example_trigger_controller_dag.py
[2022-06-21 07:12:18,689] {logging_mixin.py:104} INFO - [2022-06-21 07:12:18,689] {dag.py:1832} INFO - Sync 1 DAGs
[2022-06-21 07:12:18,707] {logging_mixin.py:104} INFO - [2022-06-21 07:12:18,707] {dag.py:2305} INFO - Setting next_dagrun for example_trigger_controller_dag to 2022-06-19 00:00:00+00:00
[2022-06-21 07:12:18,718] {scheduler_job.py:190} INFO - Processing /home/airflow/.local/lib/python3.6/site-packages/airflow/example_dags/example_trigger_controller_dag.py took 0.081 seconds
[2022-06-21 07:12:58,570] {scheduler_job.py:182} INFO - Started process (PID=216) to work on /home/airflow/.local/lib/python3.6/site-packages/airflow/example_dags/example_trigger_controller_dag.py
[2022-06-21 07:12:58,572] {scheduler_job.py:633} INFO - Processing file /home/airflow/.local/lib/python3.6/site-packages/airflow/example_dags/example_trigger_controller_dag.py for tasks to queue
[2022-06-21 07:12:58,574] {logging_mixin.py:104} INFO - [2022-06-21 07:12:58,574] {dagbag.py:487} INFO - Filling up the DagBag from /home/airflow/.local/lib/python3.6/site-packages/airflow/example_dags/example_trigger_controller_dag.py
[2022-06-21 07:12:58,587] {scheduler_job.py:643} INFO - DAG(s) dict_keys(['example_trigger_controller_dag']) retrieved from /home/airflow/.local/lib/python3.6/site-packages/airflow/example_dags/example_trigger_controller_dag.py
[2022-06-21 07:12:58,614] {logging_mixin.py:104} INFO - [2022-06-21 07:12:58,614] {dag.py:1832} INFO - Sync 1 DAGs
[2022-06-21 07:12:58,633] {logging_mixin.py:104} INFO - [2022-06-21 07:12:58,633] {dag.py:2305} INFO - Setting next_dagrun for example_trigger_controller_dag to 2022-06-19 00:00:00+00:00
[2022-06-21 07:12:58,646] {scheduler_job.py:190} INFO - Processing /home/airflow/.local/lib/python3.6/site-packages/airflow/example_dags/example_trigger_controller_dag.py took 0.079 seconds
[2022-06-21 07:14:42,529] {scheduler_job.py:182} INFO - Started process (PID=276) to work on /home/airflow/.local/lib/python3.6/site-packages/airflow/example_dags/example_trigger_controller_dag.py
[2022-06-21 07:14:42,532] {scheduler_job.py:633} INFO - Processing file /home/airflow/.local/lib/python3.6/site-packages/airflow/example_dags/example_trigger_controller_dag.py for tasks to queue
[2022-06-21 07:14:42,533] {logging_mixin.py:104} INFO - [2022-06-21 07:14:42,533] {dagbag.py:487} INFO - Filling up the DagBag from /home/airflow/.local/lib/python3.6/site-packages/airflow/example_dags/example_trigger_controller_dag.py
[2022-06-21 07:14:42,547] {scheduler_job.py:643} INFO - DAG(s) dict_keys(['example_trigger_controller_dag']) retrieved from /home/airflow/.local/lib/python3.6/site-packages/airflow/example_dags/example_trigger_controller_dag.py
[2022-06-21 07:14:42,573] {logging_mixin.py:104} INFO - [2022-06-21 07:14:42,573] {dag.py:1832} INFO - Sync 1 DAGs
[2022-06-21 07:14:42,587] {logging_mixin.py:104} INFO - [2022-06-21 07:14:42,587] {dag.py:2305} INFO - Setting next_dagrun for example_trigger_controller_dag to 2022-06-19 00:00:00+00:00
[2022-06-21 07:14:42,600] {scheduler_job.py:190} INFO - Processing /home/airflow/.local/lib/python3.6/site-packages/airflow/example_dags/example_trigger_controller_dag.py took 0.074 seconds
[2022-06-21 07:15:34,276] {scheduler_job.py:182} INFO - Started process (PID=324) to work on /home/airflow/.local/lib/python3.6/site-packages/airflow/example_dags/example_trigger_controller_dag.py
[2022-06-21 07:15:34,278] {scheduler_job.py:633} INFO - Processing file /home/airflow/.local/lib/python3.6/site-packages/airflow/example_dags/example_trigger_controller_dag.py for tasks to queue
[2022-06-21 07:15:34,280] {logging_mixin.py:104} INFO - [2022-06-21 07:15:34,279] {dagbag.py:487} INFO - Filling up the DagBag from /home/airflow/.local/lib/python3.6/site-packages/airflow/example_dags/example_trigger_controller_dag.py
[2022-06-21 07:15:34,296] {scheduler_job.py:643} INFO - DAG(s) dict_keys(['example_trigger_controller_dag']) retrieved from /home/airflow/.local/lib/python3.6/site-packages/airflow/example_dags/example_trigger_controller_dag.py
[2022-06-21 07:15:34,321] {logging_mixin.py:104} INFO - [2022-06-21 07:15:34,320] {dag.py:1832} INFO - Sync 1 DAGs
[2022-06-21 07:15:34,333] {logging_mixin.py:104} INFO - [2022-06-21 07:15:34,333] {dag.py:2305} INFO - Setting next_dagrun for example_trigger_controller_dag to 2022-06-19 00:00:00+00:00
[2022-06-21 07:15:34,347] {scheduler_job.py:190} INFO - Processing /home/airflow/.local/lib/python3.6/site-packages/airflow/example_dags/example_trigger_controller_dag.py took 0.075 seconds
[2022-06-21 07:16:10,448] {scheduler_job.py:182} INFO - Started process (PID=387) to work on /home/airflow/.local/lib/python3.6/site-packages/airflow/example_dags/example_trigger_controller_dag.py
[2022-06-21 07:16:10,451] {scheduler_job.py:633} INFO - Processing file /home/airflow/.local/lib/python3.6/site-packages/airflow/example_dags/example_trigger_controller_dag.py for tasks to queue
[2022-06-21 07:16:10,452] {logging_mixin.py:104} INFO - [2022-06-21 07:16:10,452] {dagbag.py:487} INFO - Filling up the DagBag from /home/airflow/.local/lib/python3.6/site-packages/airflow/example_dags/example_trigger_controller_dag.py
[2022-06-21 07:16:10,468] {scheduler_job.py:643} INFO - DAG(s) dict_keys(['example_trigger_controller_dag']) retrieved from /home/airflow/.local/lib/python3.6/site-packages/airflow/example_dags/example_trigger_controller_dag.py
[2022-06-21 07:16:10,501] {logging_mixin.py:104} INFO - [2022-06-21 07:16:10,500] {dag.py:1832} INFO - Sync 1 DAGs
[2022-06-21 07:16:10,524] {logging_mixin.py:104} INFO - [2022-06-21 07:16:10,523] {dag.py:2305} INFO - Setting next_dagrun for example_trigger_controller_dag to 2022-06-19 00:00:00+00:00
[2022-06-21 07:16:10,535] {scheduler_job.py:190} INFO - Processing /home/airflow/.local/lib/python3.6/site-packages/airflow/example_dags/example_trigger_controller_dag.py took 0.092 seconds
[2022-06-21 07:16:49,648] {scheduler_job.py:182} INFO - Started process (PID=445) to work on /home/airflow/.local/lib/python3.6/site-packages/airflow/example_dags/example_trigger_controller_dag.py
[2022-06-21 07:16:49,650] {scheduler_job.py:633} INFO - Processing file /home/airflow/.local/lib/python3.6/site-packages/airflow/example_dags/example_trigger_controller_dag.py for tasks to queue
[2022-06-21 07:16:49,654] {logging_mixin.py:104} INFO - [2022-06-21 07:16:49,654] {dagbag.py:487} INFO - Filling up the DagBag from /home/airflow/.local/lib/python3.6/site-packages/airflow/example_dags/example_trigger_controller_dag.py
[2022-06-21 07:16:49,680] {scheduler_job.py:643} INFO - DAG(s) dict_keys(['example_trigger_controller_dag']) retrieved from /home/airflow/.local/lib/python3.6/site-packages/airflow/example_dags/example_trigger_controller_dag.py
[2022-06-21 07:16:49,723] {logging_mixin.py:104} INFO - [2022-06-21 07:16:49,723] {dag.py:1832} INFO - Sync 1 DAGs
[2022-06-21 07:16:49,745] {logging_mixin.py:104} INFO - [2022-06-21 07:16:49,745] {dag.py:2305} INFO - Setting next_dagrun for example_trigger_controller_dag to 2022-06-19 00:00:00+00:00
[2022-06-21 07:16:49,769] {scheduler_job.py:190} INFO - Processing /home/airflow/.local/lib/python3.6/site-packages/airflow/example_dags/example_trigger_controller_dag.py took 0.127 seconds
[2022-06-21 07:17:20,733] {scheduler_job.py:182} INFO - Started process (PID=503) to work on /home/airflow/.local/lib/python3.6/site-packages/airflow/example_dags/example_trigger_controller_dag.py
[2022-06-21 07:17:20,735] {scheduler_job.py:633} INFO - Processing file /home/airflow/.local/lib/python3.6/site-packages/airflow/example_dags/example_trigger_controller_dag.py for tasks to queue
[2022-06-21 07:17:20,737] {logging_mixin.py:104} INFO - [2022-06-21 07:17:20,737] {dagbag.py:487} INFO - Filling up the DagBag from /home/airflow/.local/lib/python3.6/site-packages/airflow/example_dags/example_trigger_controller_dag.py
[2022-06-21 07:17:20,752] {scheduler_job.py:643} INFO - DAG(s) dict_keys(['example_trigger_controller_dag']) retrieved from /home/airflow/.local/lib/python3.6/site-packages/airflow/example_dags/example_trigger_controller_dag.py
[2022-06-21 07:17:20,775] {logging_mixin.py:104} INFO - [2022-06-21 07:17:20,775] {dag.py:1832} INFO - Sync 1 DAGs
[2022-06-21 07:17:20,789] {logging_mixin.py:104} INFO - [2022-06-21 07:17:20,789] {dag.py:2305} INFO - Setting next_dagrun for example_trigger_controller_dag to 2022-06-19 00:00:00+00:00
[2022-06-21 07:17:20,803] {scheduler_job.py:190} INFO - Processing /home/airflow/.local/lib/python3.6/site-packages/airflow/example_dags/example_trigger_controller_dag.py took 0.074 seconds
[2022-06-21 07:20:40,487] {scheduler_job.py:182} INFO - Started process (PID=76) to work on /home/airflow/.local/lib/python3.6/site-packages/airflow/example_dags/example_trigger_controller_dag.py
[2022-06-21 07:20:40,504] {scheduler_job.py:633} INFO - Processing file /home/airflow/.local/lib/python3.6/site-packages/airflow/example_dags/example_trigger_controller_dag.py for tasks to queue
[2022-06-21 07:20:40,506] {logging_mixin.py:104} INFO - [2022-06-21 07:20:40,506] {dagbag.py:487} INFO - Filling up the DagBag from /home/airflow/.local/lib/python3.6/site-packages/airflow/example_dags/example_trigger_controller_dag.py
[2022-06-21 07:20:40,526] {scheduler_job.py:643} INFO - DAG(s) dict_keys(['example_trigger_controller_dag']) retrieved from /home/airflow/.local/lib/python3.6/site-packages/airflow/example_dags/example_trigger_controller_dag.py
[2022-06-21 07:20:40,556] {logging_mixin.py:104} INFO - [2022-06-21 07:20:40,555] {dag.py:1832} INFO - Sync 1 DAGs
[2022-06-21 07:20:40,575] {logging_mixin.py:104} INFO - [2022-06-21 07:20:40,575] {dag.py:2305} INFO - Setting next_dagrun for example_trigger_controller_dag to 2022-06-19 00:00:00+00:00
[2022-06-21 07:20:40,594] {scheduler_job.py:190} INFO - Processing /home/airflow/.local/lib/python3.6/site-packages/airflow/example_dags/example_trigger_controller_dag.py took 0.113 seconds
[2022-06-21 07:21:11,843] {scheduler_job.py:182} INFO - Started process (PID=119) to work on /home/airflow/.local/lib/python3.6/site-packages/airflow/example_dags/example_trigger_controller_dag.py
[2022-06-21 07:21:11,845] {scheduler_job.py:633} INFO - Processing file /home/airflow/.local/lib/python3.6/site-packages/airflow/example_dags/example_trigger_controller_dag.py for tasks to queue
[2022-06-21 07:21:11,847] {logging_mixin.py:104} INFO - [2022-06-21 07:21:11,847] {dagbag.py:487} INFO - Filling up the DagBag from /home/airflow/.local/lib/python3.6/site-packages/airflow/example_dags/example_trigger_controller_dag.py
[2022-06-21 07:21:11,871] {scheduler_job.py:643} INFO - DAG(s) dict_keys(['example_trigger_controller_dag']) retrieved from /home/airflow/.local/lib/python3.6/site-packages/airflow/example_dags/example_trigger_controller_dag.py
[2022-06-21 07:21:11,904] {logging_mixin.py:104} INFO - [2022-06-21 07:21:11,903] {dag.py:1832} INFO - Sync 1 DAGs
[2022-06-21 07:21:11,936] {logging_mixin.py:104} INFO - [2022-06-21 07:21:11,936] {dag.py:2305} INFO - Setting next_dagrun for example_trigger_controller_dag to 2022-06-19 00:00:00+00:00
[2022-06-21 07:21:11,951] {scheduler_job.py:190} INFO - Processing /home/airflow/.local/lib/python3.6/site-packages/airflow/example_dags/example_trigger_controller_dag.py took 0.112 seconds
[2022-06-21 07:21:49,038] {scheduler_job.py:182} INFO - Started process (PID=181) to work on /home/airflow/.local/lib/python3.6/site-packages/airflow/example_dags/example_trigger_controller_dag.py
[2022-06-21 07:21:49,041] {scheduler_job.py:633} INFO - Processing file /home/airflow/.local/lib/python3.6/site-packages/airflow/example_dags/example_trigger_controller_dag.py for tasks to queue
[2022-06-21 07:21:49,043] {logging_mixin.py:104} INFO - [2022-06-21 07:21:49,043] {dagbag.py:487} INFO - Filling up the DagBag from /home/airflow/.local/lib/python3.6/site-packages/airflow/example_dags/example_trigger_controller_dag.py
[2022-06-21 07:21:49,061] {scheduler_job.py:643} INFO - DAG(s) dict_keys(['example_trigger_controller_dag']) retrieved from /home/airflow/.local/lib/python3.6/site-packages/airflow/example_dags/example_trigger_controller_dag.py
[2022-06-21 07:21:49,104] {logging_mixin.py:104} INFO - [2022-06-21 07:21:49,104] {dag.py:1832} INFO - Sync 1 DAGs
[2022-06-21 07:21:49,124] {logging_mixin.py:104} INFO - [2022-06-21 07:21:49,124] {dag.py:2305} INFO - Setting next_dagrun for example_trigger_controller_dag to 2022-06-19 00:00:00+00:00
[2022-06-21 07:21:49,139] {scheduler_job.py:190} INFO - Processing /home/airflow/.local/lib/python3.6/site-packages/airflow/example_dags/example_trigger_controller_dag.py took 0.107 seconds
[2022-06-21 07:22:25,564] {scheduler_job.py:182} INFO - Started process (PID=247) to work on /home/airflow/.local/lib/python3.6/site-packages/airflow/example_dags/example_trigger_controller_dag.py
[2022-06-21 07:22:25,566] {scheduler_job.py:633} INFO - Processing file /home/airflow/.local/lib/python3.6/site-packages/airflow/example_dags/example_trigger_controller_dag.py for tasks to queue
[2022-06-21 07:22:25,568] {logging_mixin.py:104} INFO - [2022-06-21 07:22:25,568] {dagbag.py:487} INFO - Filling up the DagBag from /home/airflow/.local/lib/python3.6/site-packages/airflow/example_dags/example_trigger_controller_dag.py
[2022-06-21 07:22:25,585] {scheduler_job.py:643} INFO - DAG(s) dict_keys(['example_trigger_controller_dag']) retrieved from /home/airflow/.local/lib/python3.6/site-packages/airflow/example_dags/example_trigger_controller_dag.py
[2022-06-21 07:22:25,622] {logging_mixin.py:104} INFO - [2022-06-21 07:22:25,622] {dag.py:1832} INFO - Sync 1 DAGs
[2022-06-21 07:22:25,643] {logging_mixin.py:104} INFO - [2022-06-21 07:22:25,643] {dag.py:2305} INFO - Setting next_dagrun for example_trigger_controller_dag to 2022-06-19 00:00:00+00:00
[2022-06-21 07:22:25,657] {scheduler_job.py:190} INFO - Processing /home/airflow/.local/lib/python3.6/site-packages/airflow/example_dags/example_trigger_controller_dag.py took 0.097 seconds
[2022-06-21 07:23:06,964] {scheduler_job.py:182} INFO - Started process (PID=294) to work on /home/airflow/.local/lib/python3.6/site-packages/airflow/example_dags/example_trigger_controller_dag.py
[2022-06-21 07:23:06,966] {scheduler_job.py:633} INFO - Processing file /home/airflow/.local/lib/python3.6/site-packages/airflow/example_dags/example_trigger_controller_dag.py for tasks to queue
[2022-06-21 07:23:06,969] {logging_mixin.py:104} INFO - [2022-06-21 07:23:06,968] {dagbag.py:487} INFO - Filling up the DagBag from /home/airflow/.local/lib/python3.6/site-packages/airflow/example_dags/example_trigger_controller_dag.py
[2022-06-21 07:23:07,000] {scheduler_job.py:643} INFO - DAG(s) dict_keys(['example_trigger_controller_dag']) retrieved from /home/airflow/.local/lib/python3.6/site-packages/airflow/example_dags/example_trigger_controller_dag.py
[2022-06-21 07:23:07,030] {logging_mixin.py:104} INFO - [2022-06-21 07:23:07,030] {dag.py:1832} INFO - Sync 1 DAGs
[2022-06-21 07:23:07,052] {logging_mixin.py:104} INFO - [2022-06-21 07:23:07,052] {dag.py:2305} INFO - Setting next_dagrun for example_trigger_controller_dag to 2022-06-19 00:00:00+00:00
[2022-06-21 07:23:07,064] {scheduler_job.py:190} INFO - Processing /home/airflow/.local/lib/python3.6/site-packages/airflow/example_dags/example_trigger_controller_dag.py took 0.107 seconds
[2022-06-21 07:23:37,330] {scheduler_job.py:182} INFO - Started process (PID=354) to work on /home/airflow/.local/lib/python3.6/site-packages/airflow/example_dags/example_trigger_controller_dag.py
[2022-06-21 07:23:37,331] {scheduler_job.py:633} INFO - Processing file /home/airflow/.local/lib/python3.6/site-packages/airflow/example_dags/example_trigger_controller_dag.py for tasks to queue
[2022-06-21 07:23:37,333] {logging_mixin.py:104} INFO - [2022-06-21 07:23:37,333] {dagbag.py:487} INFO - Filling up the DagBag from /home/airflow/.local/lib/python3.6/site-packages/airflow/example_dags/example_trigger_controller_dag.py
[2022-06-21 07:23:37,353] {scheduler_job.py:643} INFO - DAG(s) dict_keys(['example_trigger_controller_dag']) retrieved from /home/airflow/.local/lib/python3.6/site-packages/airflow/example_dags/example_trigger_controller_dag.py
[2022-06-21 07:23:37,378] {logging_mixin.py:104} INFO - [2022-06-21 07:23:37,378] {dag.py:1832} INFO - Sync 1 DAGs
[2022-06-21 07:23:37,395] {logging_mixin.py:104} INFO - [2022-06-21 07:23:37,395] {dag.py:2305} INFO - Setting next_dagrun for example_trigger_controller_dag to 2022-06-19 00:00:00+00:00
[2022-06-21 07:23:37,408] {scheduler_job.py:190} INFO - Processing /home/airflow/.local/lib/python3.6/site-packages/airflow/example_dags/example_trigger_controller_dag.py took 0.082 seconds
[2022-06-21 07:24:08,822] {scheduler_job.py:182} INFO - Started process (PID=418) to work on /home/airflow/.local/lib/python3.6/site-packages/airflow/example_dags/example_trigger_controller_dag.py
[2022-06-21 07:24:08,825] {scheduler_job.py:633} INFO - Processing file /home/airflow/.local/lib/python3.6/site-packages/airflow/example_dags/example_trigger_controller_dag.py for tasks to queue
[2022-06-21 07:24:08,830] {logging_mixin.py:104} INFO - [2022-06-21 07:24:08,830] {dagbag.py:487} INFO - Filling up the DagBag from /home/airflow/.local/lib/python3.6/site-packages/airflow/example_dags/example_trigger_controller_dag.py
[2022-06-21 07:24:08,856] {scheduler_job.py:643} INFO - DAG(s) dict_keys(['example_trigger_controller_dag']) retrieved from /home/airflow/.local/lib/python3.6/site-packages/airflow/example_dags/example_trigger_controller_dag.py
[2022-06-21 07:24:08,891] {logging_mixin.py:104} INFO - [2022-06-21 07:24:08,891] {dag.py:1832} INFO - Sync 1 DAGs
[2022-06-21 07:24:08,920] {logging_mixin.py:104} INFO - [2022-06-21 07:24:08,920] {dag.py:2305} INFO - Setting next_dagrun for example_trigger_controller_dag to 2022-06-19 00:00:00+00:00
[2022-06-21 07:24:08,936] {scheduler_job.py:190} INFO - Processing /home/airflow/.local/lib/python3.6/site-packages/airflow/example_dags/example_trigger_controller_dag.py took 0.120 seconds
[2022-06-21 07:24:49,602] {scheduler_job.py:182} INFO - Started process (PID=79) to work on /home/airflow/.local/lib/python3.6/site-packages/airflow/example_dags/example_trigger_controller_dag.py
[2022-06-21 07:24:49,604] {scheduler_job.py:633} INFO - Processing file /home/airflow/.local/lib/python3.6/site-packages/airflow/example_dags/example_trigger_controller_dag.py for tasks to queue
[2022-06-21 07:24:49,605] {logging_mixin.py:104} INFO - [2022-06-21 07:24:49,605] {dagbag.py:487} INFO - Filling up the DagBag from /home/airflow/.local/lib/python3.6/site-packages/airflow/example_dags/example_trigger_controller_dag.py
[2022-06-21 07:24:49,620] {scheduler_job.py:643} INFO - DAG(s) dict_keys(['example_trigger_controller_dag']) retrieved from /home/airflow/.local/lib/python3.6/site-packages/airflow/example_dags/example_trigger_controller_dag.py
[2022-06-21 07:24:49,647] {logging_mixin.py:104} INFO - [2022-06-21 07:24:49,647] {dag.py:1832} INFO - Sync 1 DAGs
[2022-06-21 07:24:49,662] {logging_mixin.py:104} INFO - [2022-06-21 07:24:49,662] {dag.py:2305} INFO - Setting next_dagrun for example_trigger_controller_dag to 2022-06-19 00:00:00+00:00
[2022-06-21 07:24:49,671] {scheduler_job.py:190} INFO - Processing /home/airflow/.local/lib/python3.6/site-packages/airflow/example_dags/example_trigger_controller_dag.py took 0.073 seconds
[2022-06-21 07:25:22,203] {scheduler_job.py:182} INFO - Started process (PID=133) to work on /home/airflow/.local/lib/python3.6/site-packages/airflow/example_dags/example_trigger_controller_dag.py
[2022-06-21 07:25:22,208] {scheduler_job.py:633} INFO - Processing file /home/airflow/.local/lib/python3.6/site-packages/airflow/example_dags/example_trigger_controller_dag.py for tasks to queue
[2022-06-21 07:25:22,214] {logging_mixin.py:104} INFO - [2022-06-21 07:25:22,214] {dagbag.py:487} INFO - Filling up the DagBag from /home/airflow/.local/lib/python3.6/site-packages/airflow/example_dags/example_trigger_controller_dag.py
[2022-06-21 07:25:22,251] {scheduler_job.py:643} INFO - DAG(s) dict_keys(['example_trigger_controller_dag']) retrieved from /home/airflow/.local/lib/python3.6/site-packages/airflow/example_dags/example_trigger_controller_dag.py
[2022-06-21 07:25:22,301] {logging_mixin.py:104} INFO - [2022-06-21 07:25:22,301] {dag.py:1832} INFO - Sync 1 DAGs
[2022-06-21 07:25:22,329] {logging_mixin.py:104} INFO - [2022-06-21 07:25:22,329] {dag.py:2305} INFO - Setting next_dagrun for example_trigger_controller_dag to 2022-06-19 00:00:00+00:00
[2022-06-21 07:25:22,348] {scheduler_job.py:190} INFO - Processing /home/airflow/.local/lib/python3.6/site-packages/airflow/example_dags/example_trigger_controller_dag.py took 0.151 seconds
[2022-06-21 07:25:52,582] {scheduler_job.py:182} INFO - Started process (PID=188) to work on /home/airflow/.local/lib/python3.6/site-packages/airflow/example_dags/example_trigger_controller_dag.py
[2022-06-21 07:25:52,583] {scheduler_job.py:633} INFO - Processing file /home/airflow/.local/lib/python3.6/site-packages/airflow/example_dags/example_trigger_controller_dag.py for tasks to queue
[2022-06-21 07:25:52,585] {logging_mixin.py:104} INFO - [2022-06-21 07:25:52,585] {dagbag.py:487} INFO - Filling up the DagBag from /home/airflow/.local/lib/python3.6/site-packages/airflow/example_dags/example_trigger_controller_dag.py
[2022-06-21 07:25:52,598] {scheduler_job.py:643} INFO - DAG(s) dict_keys(['example_trigger_controller_dag']) retrieved from /home/airflow/.local/lib/python3.6/site-packages/airflow/example_dags/example_trigger_controller_dag.py
[2022-06-21 07:25:52,625] {logging_mixin.py:104} INFO - [2022-06-21 07:25:52,625] {dag.py:1832} INFO - Sync 1 DAGs
[2022-06-21 07:25:52,640] {logging_mixin.py:104} INFO - [2022-06-21 07:25:52,640] {dag.py:2305} INFO - Setting next_dagrun for example_trigger_controller_dag to 2022-06-19 00:00:00+00:00
[2022-06-21 07:25:52,650] {scheduler_job.py:190} INFO - Processing /home/airflow/.local/lib/python3.6/site-packages/airflow/example_dags/example_trigger_controller_dag.py took 0.072 seconds
[2022-06-21 07:27:00,575] {scheduler_job.py:182} INFO - Started process (PID=246) to work on /home/airflow/.local/lib/python3.6/site-packages/airflow/example_dags/example_trigger_controller_dag.py
[2022-06-21 07:27:00,577] {scheduler_job.py:633} INFO - Processing file /home/airflow/.local/lib/python3.6/site-packages/airflow/example_dags/example_trigger_controller_dag.py for tasks to queue
[2022-06-21 07:27:00,579] {logging_mixin.py:104} INFO - [2022-06-21 07:27:00,579] {dagbag.py:487} INFO - Filling up the DagBag from /home/airflow/.local/lib/python3.6/site-packages/airflow/example_dags/example_trigger_controller_dag.py
[2022-06-21 07:27:00,602] {scheduler_job.py:643} INFO - DAG(s) dict_keys(['example_trigger_controller_dag']) retrieved from /home/airflow/.local/lib/python3.6/site-packages/airflow/example_dags/example_trigger_controller_dag.py
[2022-06-21 07:27:00,630] {logging_mixin.py:104} INFO - [2022-06-21 07:27:00,629] {dag.py:1832} INFO - Sync 1 DAGs
[2022-06-21 07:27:00,646] {logging_mixin.py:104} INFO - [2022-06-21 07:27:00,646] {dag.py:2305} INFO - Setting next_dagrun for example_trigger_controller_dag to 2022-06-19 00:00:00+00:00
[2022-06-21 07:27:00,660] {scheduler_job.py:190} INFO - Processing /home/airflow/.local/lib/python3.6/site-packages/airflow/example_dags/example_trigger_controller_dag.py took 0.090 seconds
[2022-06-21 07:27:31,159] {scheduler_job.py:182} INFO - Started process (PID=298) to work on /home/airflow/.local/lib/python3.6/site-packages/airflow/example_dags/example_trigger_controller_dag.py
[2022-06-21 07:27:31,161] {scheduler_job.py:633} INFO - Processing file /home/airflow/.local/lib/python3.6/site-packages/airflow/example_dags/example_trigger_controller_dag.py for tasks to queue
[2022-06-21 07:27:31,163] {logging_mixin.py:104} INFO - [2022-06-21 07:27:31,163] {dagbag.py:487} INFO - Filling up the DagBag from /home/airflow/.local/lib/python3.6/site-packages/airflow/example_dags/example_trigger_controller_dag.py
[2022-06-21 07:27:31,180] {scheduler_job.py:643} INFO - DAG(s) dict_keys(['example_trigger_controller_dag']) retrieved from /home/airflow/.local/lib/python3.6/site-packages/airflow/example_dags/example_trigger_controller_dag.py
[2022-06-21 07:27:31,204] {logging_mixin.py:104} INFO - [2022-06-21 07:27:31,204] {dag.py:1832} INFO - Sync 1 DAGs
[2022-06-21 07:27:31,222] {logging_mixin.py:104} INFO - [2022-06-21 07:27:31,221] {dag.py:2305} INFO - Setting next_dagrun for example_trigger_controller_dag to 2022-06-19 00:00:00+00:00
[2022-06-21 07:27:31,232] {scheduler_job.py:190} INFO - Processing /home/airflow/.local/lib/python3.6/site-packages/airflow/example_dags/example_trigger_controller_dag.py took 0.078 seconds
[2022-06-21 07:28:06,570] {scheduler_job.py:182} INFO - Started process (PID=351) to work on /home/airflow/.local/lib/python3.6/site-packages/airflow/example_dags/example_trigger_controller_dag.py
[2022-06-21 07:28:06,574] {scheduler_job.py:633} INFO - Processing file /home/airflow/.local/lib/python3.6/site-packages/airflow/example_dags/example_trigger_controller_dag.py for tasks to queue
[2022-06-21 07:28:06,579] {logging_mixin.py:104} INFO - [2022-06-21 07:28:06,579] {dagbag.py:487} INFO - Filling up the DagBag from /home/airflow/.local/lib/python3.6/site-packages/airflow/example_dags/example_trigger_controller_dag.py
[2022-06-21 07:28:06,626] {scheduler_job.py:643} INFO - DAG(s) dict_keys(['example_trigger_controller_dag']) retrieved from /home/airflow/.local/lib/python3.6/site-packages/airflow/example_dags/example_trigger_controller_dag.py
[2022-06-21 07:28:06,677] {logging_mixin.py:104} INFO - [2022-06-21 07:28:06,677] {dag.py:1832} INFO - Sync 1 DAGs
[2022-06-21 07:28:06,712] {logging_mixin.py:104} INFO - [2022-06-21 07:28:06,712] {dag.py:2305} INFO - Setting next_dagrun for example_trigger_controller_dag to 2022-06-19 00:00:00+00:00
[2022-06-21 07:28:06,732] {scheduler_job.py:190} INFO - Processing /home/airflow/.local/lib/python3.6/site-packages/airflow/example_dags/example_trigger_controller_dag.py took 0.170 seconds
[2022-06-21 07:28:37,816] {scheduler_job.py:182} INFO - Started process (PID=405) to work on /home/airflow/.local/lib/python3.6/site-packages/airflow/example_dags/example_trigger_controller_dag.py
[2022-06-21 07:28:37,818] {scheduler_job.py:633} INFO - Processing file /home/airflow/.local/lib/python3.6/site-packages/airflow/example_dags/example_trigger_controller_dag.py for tasks to queue
[2022-06-21 07:28:37,821] {logging_mixin.py:104} INFO - [2022-06-21 07:28:37,821] {dagbag.py:487} INFO - Filling up the DagBag from /home/airflow/.local/lib/python3.6/site-packages/airflow/example_dags/example_trigger_controller_dag.py
[2022-06-21 07:28:37,844] {scheduler_job.py:643} INFO - DAG(s) dict_keys(['example_trigger_controller_dag']) retrieved from /home/airflow/.local/lib/python3.6/site-packages/airflow/example_dags/example_trigger_controller_dag.py
[2022-06-21 07:28:37,875] {logging_mixin.py:104} INFO - [2022-06-21 07:28:37,875] {dag.py:1832} INFO - Sync 1 DAGs
[2022-06-21 07:28:37,896] {logging_mixin.py:104} INFO - [2022-06-21 07:28:37,895] {dag.py:2305} INFO - Setting next_dagrun for example_trigger_controller_dag to 2022-06-19 00:00:00+00:00
[2022-06-21 07:28:37,909] {scheduler_job.py:190} INFO - Processing /home/airflow/.local/lib/python3.6/site-packages/airflow/example_dags/example_trigger_controller_dag.py took 0.098 seconds
[2022-06-21 07:29:29,076] {scheduler_job.py:182} INFO - Started process (PID=67) to work on /home/airflow/.local/lib/python3.6/site-packages/airflow/example_dags/example_trigger_controller_dag.py
[2022-06-21 07:29:29,090] {scheduler_job.py:633} INFO - Processing file /home/airflow/.local/lib/python3.6/site-packages/airflow/example_dags/example_trigger_controller_dag.py for tasks to queue
[2022-06-21 07:29:29,101] {logging_mixin.py:104} INFO - [2022-06-21 07:29:29,101] {dagbag.py:487} INFO - Filling up the DagBag from /home/airflow/.local/lib/python3.6/site-packages/airflow/example_dags/example_trigger_controller_dag.py
[2022-06-21 07:29:29,130] {scheduler_job.py:643} INFO - DAG(s) dict_keys(['example_trigger_controller_dag']) retrieved from /home/airflow/.local/lib/python3.6/site-packages/airflow/example_dags/example_trigger_controller_dag.py
[2022-06-21 07:29:29,178] {logging_mixin.py:104} INFO - [2022-06-21 07:29:29,178] {dag.py:1832} INFO - Sync 1 DAGs
[2022-06-21 07:29:29,236] {logging_mixin.py:104} INFO - [2022-06-21 07:29:29,236] {dag.py:2305} INFO - Setting next_dagrun for example_trigger_controller_dag to 2022-06-19 00:00:00+00:00
[2022-06-21 07:29:29,261] {scheduler_job.py:190} INFO - Processing /home/airflow/.local/lib/python3.6/site-packages/airflow/example_dags/example_trigger_controller_dag.py took 0.197 seconds
[2022-06-21 07:30:00,056] {scheduler_job.py:182} INFO - Started process (PID=136) to work on /home/airflow/.local/lib/python3.6/site-packages/airflow/example_dags/example_trigger_controller_dag.py
[2022-06-21 07:30:00,058] {scheduler_job.py:633} INFO - Processing file /home/airflow/.local/lib/python3.6/site-packages/airflow/example_dags/example_trigger_controller_dag.py for tasks to queue
[2022-06-21 07:30:00,059] {logging_mixin.py:104} INFO - [2022-06-21 07:30:00,059] {dagbag.py:487} INFO - Filling up the DagBag from /home/airflow/.local/lib/python3.6/site-packages/airflow/example_dags/example_trigger_controller_dag.py
[2022-06-21 07:30:00,071] {scheduler_job.py:643} INFO - DAG(s) dict_keys(['example_trigger_controller_dag']) retrieved from /home/airflow/.local/lib/python3.6/site-packages/airflow/example_dags/example_trigger_controller_dag.py
[2022-06-21 07:30:00,094] {logging_mixin.py:104} INFO - [2022-06-21 07:30:00,093] {dag.py:1832} INFO - Sync 1 DAGs
[2022-06-21 07:30:00,113] {logging_mixin.py:104} INFO - [2022-06-21 07:30:00,113] {dag.py:2305} INFO - Setting next_dagrun for example_trigger_controller_dag to 2022-06-19 00:00:00+00:00
[2022-06-21 07:30:00,127] {scheduler_job.py:190} INFO - Processing /home/airflow/.local/lib/python3.6/site-packages/airflow/example_dags/example_trigger_controller_dag.py took 0.075 seconds
[2022-06-21 07:30:30,425] {scheduler_job.py:182} INFO - Started process (PID=208) to work on /home/airflow/.local/lib/python3.6/site-packages/airflow/example_dags/example_trigger_controller_dag.py
[2022-06-21 07:30:30,428] {scheduler_job.py:633} INFO - Processing file /home/airflow/.local/lib/python3.6/site-packages/airflow/example_dags/example_trigger_controller_dag.py for tasks to queue
[2022-06-21 07:30:30,429] {logging_mixin.py:104} INFO - [2022-06-21 07:30:30,429] {dagbag.py:487} INFO - Filling up the DagBag from /home/airflow/.local/lib/python3.6/site-packages/airflow/example_dags/example_trigger_controller_dag.py
[2022-06-21 07:30:30,441] {scheduler_job.py:643} INFO - DAG(s) dict_keys(['example_trigger_controller_dag']) retrieved from /home/airflow/.local/lib/python3.6/site-packages/airflow/example_dags/example_trigger_controller_dag.py
[2022-06-21 07:30:30,462] {logging_mixin.py:104} INFO - [2022-06-21 07:30:30,462] {dag.py:1832} INFO - Sync 1 DAGs
[2022-06-21 07:30:30,480] {logging_mixin.py:104} INFO - [2022-06-21 07:30:30,480] {dag.py:2305} INFO - Setting next_dagrun for example_trigger_controller_dag to 2022-06-19 00:00:00+00:00
[2022-06-21 07:30:30,491] {scheduler_job.py:190} INFO - Processing /home/airflow/.local/lib/python3.6/site-packages/airflow/example_dags/example_trigger_controller_dag.py took 0.069 seconds
[2022-06-21 07:31:35,398] {scheduler_job.py:182} INFO - Started process (PID=77) to work on /home/airflow/.local/lib/python3.6/site-packages/airflow/example_dags/example_trigger_controller_dag.py
[2022-06-21 07:31:35,401] {scheduler_job.py:633} INFO - Processing file /home/airflow/.local/lib/python3.6/site-packages/airflow/example_dags/example_trigger_controller_dag.py for tasks to queue
[2022-06-21 07:31:35,402] {logging_mixin.py:104} INFO - [2022-06-21 07:31:35,402] {dagbag.py:487} INFO - Filling up the DagBag from /home/airflow/.local/lib/python3.6/site-packages/airflow/example_dags/example_trigger_controller_dag.py
[2022-06-21 07:31:35,425] {scheduler_job.py:643} INFO - DAG(s) dict_keys(['example_trigger_controller_dag']) retrieved from /home/airflow/.local/lib/python3.6/site-packages/airflow/example_dags/example_trigger_controller_dag.py
[2022-06-21 07:31:35,455] {logging_mixin.py:104} INFO - [2022-06-21 07:31:35,454] {dag.py:1832} INFO - Sync 1 DAGs
[2022-06-21 07:31:35,472] {logging_mixin.py:104} INFO - [2022-06-21 07:31:35,471] {dag.py:2305} INFO - Setting next_dagrun for example_trigger_controller_dag to 2022-06-19 00:00:00+00:00
[2022-06-21 07:31:35,484] {scheduler_job.py:190} INFO - Processing /home/airflow/.local/lib/python3.6/site-packages/airflow/example_dags/example_trigger_controller_dag.py took 0.096 seconds
[2022-06-21 07:32:05,780] {scheduler_job.py:182} INFO - Started process (PID=139) to work on /home/airflow/.local/lib/python3.6/site-packages/airflow/example_dags/example_trigger_controller_dag.py
[2022-06-21 07:32:05,782] {scheduler_job.py:633} INFO - Processing file /home/airflow/.local/lib/python3.6/site-packages/airflow/example_dags/example_trigger_controller_dag.py for tasks to queue
[2022-06-21 07:32:05,784] {logging_mixin.py:104} INFO - [2022-06-21 07:32:05,784] {dagbag.py:487} INFO - Filling up the DagBag from /home/airflow/.local/lib/python3.6/site-packages/airflow/example_dags/example_trigger_controller_dag.py
[2022-06-21 07:32:05,799] {scheduler_job.py:643} INFO - DAG(s) dict_keys(['example_trigger_controller_dag']) retrieved from /home/airflow/.local/lib/python3.6/site-packages/airflow/example_dags/example_trigger_controller_dag.py
[2022-06-21 07:32:05,827] {logging_mixin.py:104} INFO - [2022-06-21 07:32:05,826] {dag.py:1832} INFO - Sync 1 DAGs
[2022-06-21 07:32:05,848] {logging_mixin.py:104} INFO - [2022-06-21 07:32:05,848] {dag.py:2305} INFO - Setting next_dagrun for example_trigger_controller_dag to 2022-06-19 00:00:00+00:00
[2022-06-21 07:32:05,860] {scheduler_job.py:190} INFO - Processing /home/airflow/.local/lib/python3.6/site-packages/airflow/example_dags/example_trigger_controller_dag.py took 0.083 seconds
[2022-06-21 07:32:37,020] {scheduler_job.py:182} INFO - Started process (PID=220) to work on /home/airflow/.local/lib/python3.6/site-packages/airflow/example_dags/example_trigger_controller_dag.py
[2022-06-21 07:32:37,023] {scheduler_job.py:633} INFO - Processing file /home/airflow/.local/lib/python3.6/site-packages/airflow/example_dags/example_trigger_controller_dag.py for tasks to queue
[2022-06-21 07:32:37,025] {logging_mixin.py:104} INFO - [2022-06-21 07:32:37,024] {dagbag.py:487} INFO - Filling up the DagBag from /home/airflow/.local/lib/python3.6/site-packages/airflow/example_dags/example_trigger_controller_dag.py
[2022-06-21 07:32:37,042] {scheduler_job.py:643} INFO - DAG(s) dict_keys(['example_trigger_controller_dag']) retrieved from /home/airflow/.local/lib/python3.6/site-packages/airflow/example_dags/example_trigger_controller_dag.py
[2022-06-21 07:32:37,083] {logging_mixin.py:104} INFO - [2022-06-21 07:32:37,083] {dag.py:1832} INFO - Sync 1 DAGs
[2022-06-21 07:32:37,114] {logging_mixin.py:104} INFO - [2022-06-21 07:32:37,114] {dag.py:2305} INFO - Setting next_dagrun for example_trigger_controller_dag to 2022-06-19 00:00:00+00:00
[2022-06-21 07:32:37,134] {scheduler_job.py:190} INFO - Processing /home/airflow/.local/lib/python3.6/site-packages/airflow/example_dags/example_trigger_controller_dag.py took 0.119 seconds
[2022-06-21 07:33:07,460] {scheduler_job.py:182} INFO - Started process (PID=289) to work on /home/airflow/.local/lib/python3.6/site-packages/airflow/example_dags/example_trigger_controller_dag.py
[2022-06-21 07:33:07,463] {scheduler_job.py:633} INFO - Processing file /home/airflow/.local/lib/python3.6/site-packages/airflow/example_dags/example_trigger_controller_dag.py for tasks to queue
[2022-06-21 07:33:07,464] {logging_mixin.py:104} INFO - [2022-06-21 07:33:07,464] {dagbag.py:487} INFO - Filling up the DagBag from /home/airflow/.local/lib/python3.6/site-packages/airflow/example_dags/example_trigger_controller_dag.py
[2022-06-21 07:33:07,476] {scheduler_job.py:643} INFO - DAG(s) dict_keys(['example_trigger_controller_dag']) retrieved from /home/airflow/.local/lib/python3.6/site-packages/airflow/example_dags/example_trigger_controller_dag.py
[2022-06-21 07:33:07,504] {logging_mixin.py:104} INFO - [2022-06-21 07:33:07,504] {dag.py:1832} INFO - Sync 1 DAGs
[2022-06-21 07:33:07,519] {logging_mixin.py:104} INFO - [2022-06-21 07:33:07,519] {dag.py:2305} INFO - Setting next_dagrun for example_trigger_controller_dag to 2022-06-19 00:00:00+00:00
[2022-06-21 07:33:07,529] {scheduler_job.py:190} INFO - Processing /home/airflow/.local/lib/python3.6/site-packages/airflow/example_dags/example_trigger_controller_dag.py took 0.072 seconds
[2022-06-21 07:33:37,564] {scheduler_job.py:182} INFO - Started process (PID=365) to work on /home/airflow/.local/lib/python3.6/site-packages/airflow/example_dags/example_trigger_controller_dag.py
[2022-06-21 07:33:37,566] {scheduler_job.py:633} INFO - Processing file /home/airflow/.local/lib/python3.6/site-packages/airflow/example_dags/example_trigger_controller_dag.py for tasks to queue
[2022-06-21 07:33:37,567] {logging_mixin.py:104} INFO - [2022-06-21 07:33:37,567] {dagbag.py:487} INFO - Filling up the DagBag from /home/airflow/.local/lib/python3.6/site-packages/airflow/example_dags/example_trigger_controller_dag.py
[2022-06-21 07:33:37,577] {scheduler_job.py:643} INFO - DAG(s) dict_keys(['example_trigger_controller_dag']) retrieved from /home/airflow/.local/lib/python3.6/site-packages/airflow/example_dags/example_trigger_controller_dag.py
[2022-06-21 07:33:37,601] {logging_mixin.py:104} INFO - [2022-06-21 07:33:37,601] {dag.py:1832} INFO - Sync 1 DAGs
[2022-06-21 07:33:37,617] {logging_mixin.py:104} INFO - [2022-06-21 07:33:37,617] {dag.py:2305} INFO - Setting next_dagrun for example_trigger_controller_dag to 2022-06-19 00:00:00+00:00
[2022-06-21 07:33:37,625] {scheduler_job.py:190} INFO - Processing /home/airflow/.local/lib/python3.6/site-packages/airflow/example_dags/example_trigger_controller_dag.py took 0.065 seconds
