[2022-06-21 06:58:13,347] {scheduler_job.py:182} INFO - Started process (PID=210) to work on /home/airflow/.local/lib/python3.6/site-packages/airflow/example_dags/example_branch_datetime_operator.py
[2022-06-21 06:58:13,350] {scheduler_job.py:633} INFO - Processing file /home/airflow/.local/lib/python3.6/site-packages/airflow/example_dags/example_branch_datetime_operator.py for tasks to queue
[2022-06-21 06:58:13,353] {logging_mixin.py:104} INFO - [2022-06-21 06:58:13,352] {dagbag.py:487} INFO - Filling up the DagBag from /home/airflow/.local/lib/python3.6/site-packages/airflow/example_dags/example_branch_datetime_operator.py
[2022-06-21 06:58:13,379] {scheduler_job.py:643} INFO - DAG(s) dict_keys(['example_branch_datetime_operator_2']) retrieved from /home/airflow/.local/lib/python3.6/site-packages/airflow/example_dags/example_branch_datetime_operator.py
[2022-06-21 06:58:16,260] {logging_mixin.py:104} INFO - [2022-06-21 06:58:16,258] {dag.py:1832} INFO - Sync 1 DAGs
[2022-06-21 06:58:16,286] {logging_mixin.py:104} INFO - [2022-06-21 06:58:16,283] {dag.py:1851} INFO - Creating ORM DAG for example_branch_datetime_operator_2
[2022-06-21 06:58:16,303] {logging_mixin.py:104} INFO - [2022-06-21 06:58:16,303] {dag.py:2305} INFO - Setting next_dagrun for example_branch_datetime_operator_2 to 2022-06-19 00:00:00+00:00
[2022-06-21 06:58:16,330] {scheduler_job.py:190} INFO - Processing /home/airflow/.local/lib/python3.6/site-packages/airflow/example_dags/example_branch_datetime_operator.py took 3.023 seconds
[2022-06-21 06:58:48,290] {scheduler_job.py:182} INFO - Started process (PID=275) to work on /home/airflow/.local/lib/python3.6/site-packages/airflow/example_dags/example_branch_datetime_operator.py
[2022-06-21 06:58:48,302] {scheduler_job.py:633} INFO - Processing file /home/airflow/.local/lib/python3.6/site-packages/airflow/example_dags/example_branch_datetime_operator.py for tasks to queue
[2022-06-21 06:58:48,305] {logging_mixin.py:104} INFO - [2022-06-21 06:58:48,305] {dagbag.py:487} INFO - Filling up the DagBag from /home/airflow/.local/lib/python3.6/site-packages/airflow/example_dags/example_branch_datetime_operator.py
[2022-06-21 06:58:48,327] {scheduler_job.py:643} INFO - DAG(s) dict_keys(['example_branch_datetime_operator_2']) retrieved from /home/airflow/.local/lib/python3.6/site-packages/airflow/example_dags/example_branch_datetime_operator.py
[2022-06-21 06:58:48,362] {logging_mixin.py:104} INFO - [2022-06-21 06:58:48,362] {dag.py:1832} INFO - Sync 1 DAGs
[2022-06-21 06:58:48,395] {logging_mixin.py:104} INFO - [2022-06-21 06:58:48,395] {dag.py:2305} INFO - Setting next_dagrun for example_branch_datetime_operator_2 to 2022-06-19 00:00:00+00:00
[2022-06-21 06:58:48,412] {scheduler_job.py:190} INFO - Processing /home/airflow/.local/lib/python3.6/site-packages/airflow/example_dags/example_branch_datetime_operator.py took 0.128 seconds
[2022-06-21 06:59:18,799] {scheduler_job.py:182} INFO - Started process (PID=327) to work on /home/airflow/.local/lib/python3.6/site-packages/airflow/example_dags/example_branch_datetime_operator.py
[2022-06-21 06:59:18,801] {scheduler_job.py:633} INFO - Processing file /home/airflow/.local/lib/python3.6/site-packages/airflow/example_dags/example_branch_datetime_operator.py for tasks to queue
[2022-06-21 06:59:18,802] {logging_mixin.py:104} INFO - [2022-06-21 06:59:18,802] {dagbag.py:487} INFO - Filling up the DagBag from /home/airflow/.local/lib/python3.6/site-packages/airflow/example_dags/example_branch_datetime_operator.py
[2022-06-21 06:59:18,817] {scheduler_job.py:643} INFO - DAG(s) dict_keys(['example_branch_datetime_operator_2']) retrieved from /home/airflow/.local/lib/python3.6/site-packages/airflow/example_dags/example_branch_datetime_operator.py
[2022-06-21 06:59:18,845] {logging_mixin.py:104} INFO - [2022-06-21 06:59:18,845] {dag.py:1832} INFO - Sync 1 DAGs
[2022-06-21 06:59:18,860] {logging_mixin.py:104} INFO - [2022-06-21 06:59:18,860] {dag.py:2305} INFO - Setting next_dagrun for example_branch_datetime_operator_2 to 2022-06-19 00:00:00+00:00
[2022-06-21 06:59:18,873] {scheduler_job.py:190} INFO - Processing /home/airflow/.local/lib/python3.6/site-packages/airflow/example_dags/example_branch_datetime_operator.py took 0.079 seconds
[2022-06-21 06:59:57,425] {scheduler_job.py:182} INFO - Started process (PID=371) to work on /home/airflow/.local/lib/python3.6/site-packages/airflow/example_dags/example_branch_datetime_operator.py
[2022-06-21 06:59:57,428] {scheduler_job.py:633} INFO - Processing file /home/airflow/.local/lib/python3.6/site-packages/airflow/example_dags/example_branch_datetime_operator.py for tasks to queue
[2022-06-21 06:59:57,430] {logging_mixin.py:104} INFO - [2022-06-21 06:59:57,430] {dagbag.py:487} INFO - Filling up the DagBag from /home/airflow/.local/lib/python3.6/site-packages/airflow/example_dags/example_branch_datetime_operator.py
[2022-06-21 06:59:57,449] {scheduler_job.py:643} INFO - DAG(s) dict_keys(['example_branch_datetime_operator_2']) retrieved from /home/airflow/.local/lib/python3.6/site-packages/airflow/example_dags/example_branch_datetime_operator.py
[2022-06-21 06:59:57,476] {logging_mixin.py:104} INFO - [2022-06-21 06:59:57,475] {dag.py:1832} INFO - Sync 1 DAGs
[2022-06-21 06:59:57,494] {logging_mixin.py:104} INFO - [2022-06-21 06:59:57,494] {dag.py:2305} INFO - Setting next_dagrun for example_branch_datetime_operator_2 to 2022-06-19 00:00:00+00:00
[2022-06-21 06:59:57,508] {scheduler_job.py:190} INFO - Processing /home/airflow/.local/lib/python3.6/site-packages/airflow/example_dags/example_branch_datetime_operator.py took 0.087 seconds
[2022-06-21 07:00:28,478] {scheduler_job.py:182} INFO - Started process (PID=433) to work on /home/airflow/.local/lib/python3.6/site-packages/airflow/example_dags/example_branch_datetime_operator.py
[2022-06-21 07:00:28,481] {scheduler_job.py:633} INFO - Processing file /home/airflow/.local/lib/python3.6/site-packages/airflow/example_dags/example_branch_datetime_operator.py for tasks to queue
[2022-06-21 07:00:28,484] {logging_mixin.py:104} INFO - [2022-06-21 07:00:28,483] {dagbag.py:487} INFO - Filling up the DagBag from /home/airflow/.local/lib/python3.6/site-packages/airflow/example_dags/example_branch_datetime_operator.py
[2022-06-21 07:00:28,504] {scheduler_job.py:643} INFO - DAG(s) dict_keys(['example_branch_datetime_operator_2']) retrieved from /home/airflow/.local/lib/python3.6/site-packages/airflow/example_dags/example_branch_datetime_operator.py
[2022-06-21 07:00:28,536] {logging_mixin.py:104} INFO - [2022-06-21 07:00:28,535] {dag.py:1832} INFO - Sync 1 DAGs
[2022-06-21 07:00:28,554] {logging_mixin.py:104} INFO - [2022-06-21 07:00:28,554] {dag.py:2305} INFO - Setting next_dagrun for example_branch_datetime_operator_2 to 2022-06-19 00:00:00+00:00
[2022-06-21 07:00:28,566] {scheduler_job.py:190} INFO - Processing /home/airflow/.local/lib/python3.6/site-packages/airflow/example_dags/example_branch_datetime_operator.py took 0.094 seconds
[2022-06-21 07:00:58,890] {scheduler_job.py:182} INFO - Started process (PID=494) to work on /home/airflow/.local/lib/python3.6/site-packages/airflow/example_dags/example_branch_datetime_operator.py
[2022-06-21 07:00:58,892] {scheduler_job.py:633} INFO - Processing file /home/airflow/.local/lib/python3.6/site-packages/airflow/example_dags/example_branch_datetime_operator.py for tasks to queue
[2022-06-21 07:00:58,893] {logging_mixin.py:104} INFO - [2022-06-21 07:00:58,893] {dagbag.py:487} INFO - Filling up the DagBag from /home/airflow/.local/lib/python3.6/site-packages/airflow/example_dags/example_branch_datetime_operator.py
[2022-06-21 07:00:58,909] {scheduler_job.py:643} INFO - DAG(s) dict_keys(['example_branch_datetime_operator_2']) retrieved from /home/airflow/.local/lib/python3.6/site-packages/airflow/example_dags/example_branch_datetime_operator.py
[2022-06-21 07:00:58,938] {logging_mixin.py:104} INFO - [2022-06-21 07:00:58,938] {dag.py:1832} INFO - Sync 1 DAGs
[2022-06-21 07:00:58,957] {logging_mixin.py:104} INFO - [2022-06-21 07:00:58,957] {dag.py:2305} INFO - Setting next_dagrun for example_branch_datetime_operator_2 to 2022-06-19 00:00:00+00:00
[2022-06-21 07:00:58,970] {scheduler_job.py:190} INFO - Processing /home/airflow/.local/lib/python3.6/site-packages/airflow/example_dags/example_branch_datetime_operator.py took 0.085 seconds
[2022-06-21 07:01:29,714] {scheduler_job.py:182} INFO - Started process (PID=550) to work on /home/airflow/.local/lib/python3.6/site-packages/airflow/example_dags/example_branch_datetime_operator.py
[2022-06-21 07:01:29,716] {scheduler_job.py:633} INFO - Processing file /home/airflow/.local/lib/python3.6/site-packages/airflow/example_dags/example_branch_datetime_operator.py for tasks to queue
[2022-06-21 07:01:29,718] {logging_mixin.py:104} INFO - [2022-06-21 07:01:29,718] {dagbag.py:487} INFO - Filling up the DagBag from /home/airflow/.local/lib/python3.6/site-packages/airflow/example_dags/example_branch_datetime_operator.py
[2022-06-21 07:01:29,734] {scheduler_job.py:643} INFO - DAG(s) dict_keys(['example_branch_datetime_operator_2']) retrieved from /home/airflow/.local/lib/python3.6/site-packages/airflow/example_dags/example_branch_datetime_operator.py
[2022-06-21 07:01:29,757] {logging_mixin.py:104} INFO - [2022-06-21 07:01:29,757] {dag.py:1832} INFO - Sync 1 DAGs
[2022-06-21 07:01:29,779] {logging_mixin.py:104} INFO - [2022-06-21 07:01:29,779] {dag.py:2305} INFO - Setting next_dagrun for example_branch_datetime_operator_2 to 2022-06-19 00:00:00+00:00
[2022-06-21 07:01:29,797] {scheduler_job.py:190} INFO - Processing /home/airflow/.local/lib/python3.6/site-packages/airflow/example_dags/example_branch_datetime_operator.py took 0.089 seconds
[2022-06-21 07:05:02,576] {scheduler_job.py:182} INFO - Started process (PID=82) to work on /home/airflow/.local/lib/python3.6/site-packages/airflow/example_dags/example_branch_datetime_operator.py
[2022-06-21 07:05:02,580] {scheduler_job.py:633} INFO - Processing file /home/airflow/.local/lib/python3.6/site-packages/airflow/example_dags/example_branch_datetime_operator.py for tasks to queue
[2022-06-21 07:05:02,585] {logging_mixin.py:104} INFO - [2022-06-21 07:05:02,585] {dagbag.py:487} INFO - Filling up the DagBag from /home/airflow/.local/lib/python3.6/site-packages/airflow/example_dags/example_branch_datetime_operator.py
[2022-06-21 07:05:02,636] {scheduler_job.py:643} INFO - DAG(s) dict_keys(['example_branch_datetime_operator_2']) retrieved from /home/airflow/.local/lib/python3.6/site-packages/airflow/example_dags/example_branch_datetime_operator.py
[2022-06-21 07:05:02,717] {logging_mixin.py:104} INFO - [2022-06-21 07:05:02,717] {dag.py:1832} INFO - Sync 1 DAGs
[2022-06-21 07:05:02,788] {logging_mixin.py:104} INFO - [2022-06-21 07:05:02,788] {dag.py:2305} INFO - Setting next_dagrun for example_branch_datetime_operator_2 to 2022-06-19 00:00:00+00:00
[2022-06-21 07:05:02,852] {scheduler_job.py:190} INFO - Processing /home/airflow/.local/lib/python3.6/site-packages/airflow/example_dags/example_branch_datetime_operator.py took 0.286 seconds
[2022-06-21 07:05:39,761] {scheduler_job.py:182} INFO - Started process (PID=145) to work on /home/airflow/.local/lib/python3.6/site-packages/airflow/example_dags/example_branch_datetime_operator.py
[2022-06-21 07:05:39,764] {scheduler_job.py:633} INFO - Processing file /home/airflow/.local/lib/python3.6/site-packages/airflow/example_dags/example_branch_datetime_operator.py for tasks to queue
[2022-06-21 07:05:39,771] {logging_mixin.py:104} INFO - [2022-06-21 07:05:39,769] {dagbag.py:487} INFO - Filling up the DagBag from /home/airflow/.local/lib/python3.6/site-packages/airflow/example_dags/example_branch_datetime_operator.py
[2022-06-21 07:05:39,804] {scheduler_job.py:643} INFO - DAG(s) dict_keys(['example_branch_datetime_operator_2']) retrieved from /home/airflow/.local/lib/python3.6/site-packages/airflow/example_dags/example_branch_datetime_operator.py
[2022-06-21 07:05:39,860] {logging_mixin.py:104} INFO - [2022-06-21 07:05:39,860] {dag.py:1832} INFO - Sync 1 DAGs
[2022-06-21 07:05:39,898] {logging_mixin.py:104} INFO - [2022-06-21 07:05:39,897] {dag.py:2305} INFO - Setting next_dagrun for example_branch_datetime_operator_2 to 2022-06-19 00:00:00+00:00
[2022-06-21 07:05:39,918] {scheduler_job.py:190} INFO - Processing /home/airflow/.local/lib/python3.6/site-packages/airflow/example_dags/example_branch_datetime_operator.py took 0.162 seconds
[2022-06-21 07:06:14,572] {scheduler_job.py:182} INFO - Started process (PID=209) to work on /home/airflow/.local/lib/python3.6/site-packages/airflow/example_dags/example_branch_datetime_operator.py
[2022-06-21 07:06:14,574] {scheduler_job.py:633} INFO - Processing file /home/airflow/.local/lib/python3.6/site-packages/airflow/example_dags/example_branch_datetime_operator.py for tasks to queue
[2022-06-21 07:06:14,577] {logging_mixin.py:104} INFO - [2022-06-21 07:06:14,576] {dagbag.py:487} INFO - Filling up the DagBag from /home/airflow/.local/lib/python3.6/site-packages/airflow/example_dags/example_branch_datetime_operator.py
[2022-06-21 07:06:14,593] {scheduler_job.py:643} INFO - DAG(s) dict_keys(['example_branch_datetime_operator_2']) retrieved from /home/airflow/.local/lib/python3.6/site-packages/airflow/example_dags/example_branch_datetime_operator.py
[2022-06-21 07:06:14,647] {logging_mixin.py:104} INFO - [2022-06-21 07:06:14,646] {dag.py:1832} INFO - Sync 1 DAGs
[2022-06-21 07:06:14,678] {logging_mixin.py:104} INFO - [2022-06-21 07:06:14,678] {dag.py:2305} INFO - Setting next_dagrun for example_branch_datetime_operator_2 to 2022-06-19 00:00:00+00:00
[2022-06-21 07:06:14,703] {scheduler_job.py:190} INFO - Processing /home/airflow/.local/lib/python3.6/site-packages/airflow/example_dags/example_branch_datetime_operator.py took 0.137 seconds
[2022-06-21 07:06:45,915] {scheduler_job.py:182} INFO - Started process (PID=271) to work on /home/airflow/.local/lib/python3.6/site-packages/airflow/example_dags/example_branch_datetime_operator.py
[2022-06-21 07:06:45,921] {scheduler_job.py:633} INFO - Processing file /home/airflow/.local/lib/python3.6/site-packages/airflow/example_dags/example_branch_datetime_operator.py for tasks to queue
[2022-06-21 07:06:45,924] {logging_mixin.py:104} INFO - [2022-06-21 07:06:45,924] {dagbag.py:487} INFO - Filling up the DagBag from /home/airflow/.local/lib/python3.6/site-packages/airflow/example_dags/example_branch_datetime_operator.py
[2022-06-21 07:06:45,949] {scheduler_job.py:643} INFO - DAG(s) dict_keys(['example_branch_datetime_operator_2']) retrieved from /home/airflow/.local/lib/python3.6/site-packages/airflow/example_dags/example_branch_datetime_operator.py
[2022-06-21 07:06:45,981] {logging_mixin.py:104} INFO - [2022-06-21 07:06:45,981] {dag.py:1832} INFO - Sync 1 DAGs
[2022-06-21 07:06:46,010] {logging_mixin.py:104} INFO - [2022-06-21 07:06:46,010] {dag.py:2305} INFO - Setting next_dagrun for example_branch_datetime_operator_2 to 2022-06-19 00:00:00+00:00
[2022-06-21 07:06:46,031] {scheduler_job.py:190} INFO - Processing /home/airflow/.local/lib/python3.6/site-packages/airflow/example_dags/example_branch_datetime_operator.py took 0.133 seconds
[2022-06-21 07:07:23,884] {scheduler_job.py:182} INFO - Started process (PID=317) to work on /home/airflow/.local/lib/python3.6/site-packages/airflow/example_dags/example_branch_datetime_operator.py
[2022-06-21 07:07:23,894] {scheduler_job.py:633} INFO - Processing file /home/airflow/.local/lib/python3.6/site-packages/airflow/example_dags/example_branch_datetime_operator.py for tasks to queue
[2022-06-21 07:07:23,897] {logging_mixin.py:104} INFO - [2022-06-21 07:07:23,896] {dagbag.py:487} INFO - Filling up the DagBag from /home/airflow/.local/lib/python3.6/site-packages/airflow/example_dags/example_branch_datetime_operator.py
[2022-06-21 07:07:23,928] {scheduler_job.py:643} INFO - DAG(s) dict_keys(['example_branch_datetime_operator_2']) retrieved from /home/airflow/.local/lib/python3.6/site-packages/airflow/example_dags/example_branch_datetime_operator.py
[2022-06-21 07:07:23,970] {logging_mixin.py:104} INFO - [2022-06-21 07:07:23,969] {dag.py:1832} INFO - Sync 1 DAGs
[2022-06-21 07:07:24,005] {logging_mixin.py:104} INFO - [2022-06-21 07:07:24,004] {dag.py:2305} INFO - Setting next_dagrun for example_branch_datetime_operator_2 to 2022-06-19 00:00:00+00:00
[2022-06-21 07:07:24,018] {scheduler_job.py:190} INFO - Processing /home/airflow/.local/lib/python3.6/site-packages/airflow/example_dags/example_branch_datetime_operator.py took 0.139 seconds
[2022-06-21 07:07:54,124] {scheduler_job.py:182} INFO - Started process (PID=379) to work on /home/airflow/.local/lib/python3.6/site-packages/airflow/example_dags/example_branch_datetime_operator.py
[2022-06-21 07:07:54,126] {scheduler_job.py:633} INFO - Processing file /home/airflow/.local/lib/python3.6/site-packages/airflow/example_dags/example_branch_datetime_operator.py for tasks to queue
[2022-06-21 07:07:54,128] {logging_mixin.py:104} INFO - [2022-06-21 07:07:54,127] {dagbag.py:487} INFO - Filling up the DagBag from /home/airflow/.local/lib/python3.6/site-packages/airflow/example_dags/example_branch_datetime_operator.py
[2022-06-21 07:07:54,148] {scheduler_job.py:643} INFO - DAG(s) dict_keys(['example_branch_datetime_operator_2']) retrieved from /home/airflow/.local/lib/python3.6/site-packages/airflow/example_dags/example_branch_datetime_operator.py
[2022-06-21 07:07:54,172] {logging_mixin.py:104} INFO - [2022-06-21 07:07:54,172] {dag.py:1832} INFO - Sync 1 DAGs
[2022-06-21 07:07:54,193] {logging_mixin.py:104} INFO - [2022-06-21 07:07:54,193] {dag.py:2305} INFO - Setting next_dagrun for example_branch_datetime_operator_2 to 2022-06-19 00:00:00+00:00
[2022-06-21 07:07:54,205] {scheduler_job.py:190} INFO - Processing /home/airflow/.local/lib/python3.6/site-packages/airflow/example_dags/example_branch_datetime_operator.py took 0.085 seconds
[2022-06-21 07:08:24,975] {scheduler_job.py:182} INFO - Started process (PID=458) to work on /home/airflow/.local/lib/python3.6/site-packages/airflow/example_dags/example_branch_datetime_operator.py
[2022-06-21 07:08:24,977] {scheduler_job.py:633} INFO - Processing file /home/airflow/.local/lib/python3.6/site-packages/airflow/example_dags/example_branch_datetime_operator.py for tasks to queue
[2022-06-21 07:08:24,979] {logging_mixin.py:104} INFO - [2022-06-21 07:08:24,979] {dagbag.py:487} INFO - Filling up the DagBag from /home/airflow/.local/lib/python3.6/site-packages/airflow/example_dags/example_branch_datetime_operator.py
[2022-06-21 07:08:24,996] {scheduler_job.py:643} INFO - DAG(s) dict_keys(['example_branch_datetime_operator_2']) retrieved from /home/airflow/.local/lib/python3.6/site-packages/airflow/example_dags/example_branch_datetime_operator.py
[2022-06-21 07:08:25,022] {logging_mixin.py:104} INFO - [2022-06-21 07:08:25,022] {dag.py:1832} INFO - Sync 1 DAGs
[2022-06-21 07:08:25,049] {logging_mixin.py:104} INFO - [2022-06-21 07:08:25,049] {dag.py:2305} INFO - Setting next_dagrun for example_branch_datetime_operator_2 to 2022-06-19 00:00:00+00:00
[2022-06-21 07:08:25,060] {scheduler_job.py:190} INFO - Processing /home/airflow/.local/lib/python3.6/site-packages/airflow/example_dags/example_branch_datetime_operator.py took 0.088 seconds
[2022-06-21 07:08:55,561] {scheduler_job.py:182} INFO - Started process (PID=520) to work on /home/airflow/.local/lib/python3.6/site-packages/airflow/example_dags/example_branch_datetime_operator.py
[2022-06-21 07:08:55,563] {scheduler_job.py:633} INFO - Processing file /home/airflow/.local/lib/python3.6/site-packages/airflow/example_dags/example_branch_datetime_operator.py for tasks to queue
[2022-06-21 07:08:55,566] {logging_mixin.py:104} INFO - [2022-06-21 07:08:55,565] {dagbag.py:487} INFO - Filling up the DagBag from /home/airflow/.local/lib/python3.6/site-packages/airflow/example_dags/example_branch_datetime_operator.py
[2022-06-21 07:08:55,583] {scheduler_job.py:643} INFO - DAG(s) dict_keys(['example_branch_datetime_operator_2']) retrieved from /home/airflow/.local/lib/python3.6/site-packages/airflow/example_dags/example_branch_datetime_operator.py
[2022-06-21 07:08:55,614] {logging_mixin.py:104} INFO - [2022-06-21 07:08:55,614] {dag.py:1832} INFO - Sync 1 DAGs
[2022-06-21 07:08:55,638] {logging_mixin.py:104} INFO - [2022-06-21 07:08:55,638] {dag.py:2305} INFO - Setting next_dagrun for example_branch_datetime_operator_2 to 2022-06-19 00:00:00+00:00
[2022-06-21 07:08:55,653] {scheduler_job.py:190} INFO - Processing /home/airflow/.local/lib/python3.6/site-packages/airflow/example_dags/example_branch_datetime_operator.py took 0.096 seconds
[2022-06-21 07:11:17,600] {scheduler_job.py:182} INFO - Started process (PID=82) to work on /home/airflow/.local/lib/python3.6/site-packages/airflow/example_dags/example_branch_datetime_operator.py
[2022-06-21 07:11:17,602] {scheduler_job.py:633} INFO - Processing file /home/airflow/.local/lib/python3.6/site-packages/airflow/example_dags/example_branch_datetime_operator.py for tasks to queue
[2022-06-21 07:11:17,604] {logging_mixin.py:104} INFO - [2022-06-21 07:11:17,603] {dagbag.py:487} INFO - Filling up the DagBag from /home/airflow/.local/lib/python3.6/site-packages/airflow/example_dags/example_branch_datetime_operator.py
[2022-06-21 07:11:17,626] {scheduler_job.py:643} INFO - DAG(s) dict_keys(['example_branch_datetime_operator_2']) retrieved from /home/airflow/.local/lib/python3.6/site-packages/airflow/example_dags/example_branch_datetime_operator.py
[2022-06-21 07:11:17,685] {logging_mixin.py:104} INFO - [2022-06-21 07:11:17,684] {dag.py:1832} INFO - Sync 1 DAGs
[2022-06-21 07:11:17,726] {logging_mixin.py:104} INFO - [2022-06-21 07:11:17,726] {dag.py:2305} INFO - Setting next_dagrun for example_branch_datetime_operator_2 to 2022-06-19 00:00:00+00:00
[2022-06-21 07:11:17,744] {scheduler_job.py:190} INFO - Processing /home/airflow/.local/lib/python3.6/site-packages/airflow/example_dags/example_branch_datetime_operator.py took 0.148 seconds
[2022-06-21 07:11:48,671] {scheduler_job.py:182} INFO - Started process (PID=139) to work on /home/airflow/.local/lib/python3.6/site-packages/airflow/example_dags/example_branch_datetime_operator.py
[2022-06-21 07:11:48,674] {scheduler_job.py:633} INFO - Processing file /home/airflow/.local/lib/python3.6/site-packages/airflow/example_dags/example_branch_datetime_operator.py for tasks to queue
[2022-06-21 07:11:48,681] {logging_mixin.py:104} INFO - [2022-06-21 07:11:48,680] {dagbag.py:487} INFO - Filling up the DagBag from /home/airflow/.local/lib/python3.6/site-packages/airflow/example_dags/example_branch_datetime_operator.py
[2022-06-21 07:11:48,702] {scheduler_job.py:643} INFO - DAG(s) dict_keys(['example_branch_datetime_operator_2']) retrieved from /home/airflow/.local/lib/python3.6/site-packages/airflow/example_dags/example_branch_datetime_operator.py
[2022-06-21 07:11:48,729] {logging_mixin.py:104} INFO - [2022-06-21 07:11:48,729] {dag.py:1832} INFO - Sync 1 DAGs
[2022-06-21 07:11:48,749] {logging_mixin.py:104} INFO - [2022-06-21 07:11:48,749] {dag.py:2305} INFO - Setting next_dagrun for example_branch_datetime_operator_2 to 2022-06-19 00:00:00+00:00
[2022-06-21 07:11:48,760] {scheduler_job.py:190} INFO - Processing /home/airflow/.local/lib/python3.6/site-packages/airflow/example_dags/example_branch_datetime_operator.py took 0.094 seconds
[2022-06-21 07:12:19,241] {scheduler_job.py:182} INFO - Started process (PID=175) to work on /home/airflow/.local/lib/python3.6/site-packages/airflow/example_dags/example_branch_datetime_operator.py
[2022-06-21 07:12:19,243] {scheduler_job.py:633} INFO - Processing file /home/airflow/.local/lib/python3.6/site-packages/airflow/example_dags/example_branch_datetime_operator.py for tasks to queue
[2022-06-21 07:12:19,245] {logging_mixin.py:104} INFO - [2022-06-21 07:12:19,245] {dagbag.py:487} INFO - Filling up the DagBag from /home/airflow/.local/lib/python3.6/site-packages/airflow/example_dags/example_branch_datetime_operator.py
[2022-06-21 07:12:19,266] {scheduler_job.py:643} INFO - DAG(s) dict_keys(['example_branch_datetime_operator_2']) retrieved from /home/airflow/.local/lib/python3.6/site-packages/airflow/example_dags/example_branch_datetime_operator.py
[2022-06-21 07:12:19,296] {logging_mixin.py:104} INFO - [2022-06-21 07:12:19,296] {dag.py:1832} INFO - Sync 1 DAGs
[2022-06-21 07:12:19,318] {logging_mixin.py:104} INFO - [2022-06-21 07:12:19,318] {dag.py:2305} INFO - Setting next_dagrun for example_branch_datetime_operator_2 to 2022-06-19 00:00:00+00:00
[2022-06-21 07:12:19,330] {scheduler_job.py:190} INFO - Processing /home/airflow/.local/lib/python3.6/site-packages/airflow/example_dags/example_branch_datetime_operator.py took 0.093 seconds
[2022-06-21 07:12:59,200] {scheduler_job.py:182} INFO - Started process (PID=230) to work on /home/airflow/.local/lib/python3.6/site-packages/airflow/example_dags/example_branch_datetime_operator.py
[2022-06-21 07:12:59,205] {scheduler_job.py:633} INFO - Processing file /home/airflow/.local/lib/python3.6/site-packages/airflow/example_dags/example_branch_datetime_operator.py for tasks to queue
[2022-06-21 07:12:59,207] {logging_mixin.py:104} INFO - [2022-06-21 07:12:59,207] {dagbag.py:487} INFO - Filling up the DagBag from /home/airflow/.local/lib/python3.6/site-packages/airflow/example_dags/example_branch_datetime_operator.py
[2022-06-21 07:12:59,248] {scheduler_job.py:643} INFO - DAG(s) dict_keys(['example_branch_datetime_operator_2']) retrieved from /home/airflow/.local/lib/python3.6/site-packages/airflow/example_dags/example_branch_datetime_operator.py
[2022-06-21 07:12:59,280] {logging_mixin.py:104} INFO - [2022-06-21 07:12:59,279] {dag.py:1832} INFO - Sync 1 DAGs
[2022-06-21 07:12:59,299] {logging_mixin.py:104} INFO - [2022-06-21 07:12:59,299] {dag.py:2305} INFO - Setting next_dagrun for example_branch_datetime_operator_2 to 2022-06-19 00:00:00+00:00
[2022-06-21 07:12:59,309] {scheduler_job.py:190} INFO - Processing /home/airflow/.local/lib/python3.6/site-packages/airflow/example_dags/example_branch_datetime_operator.py took 0.114 seconds
[2022-06-21 07:14:43,054] {scheduler_job.py:182} INFO - Started process (PID=283) to work on /home/airflow/.local/lib/python3.6/site-packages/airflow/example_dags/example_branch_datetime_operator.py
[2022-06-21 07:14:43,058] {scheduler_job.py:633} INFO - Processing file /home/airflow/.local/lib/python3.6/site-packages/airflow/example_dags/example_branch_datetime_operator.py for tasks to queue
[2022-06-21 07:14:43,061] {logging_mixin.py:104} INFO - [2022-06-21 07:14:43,060] {dagbag.py:487} INFO - Filling up the DagBag from /home/airflow/.local/lib/python3.6/site-packages/airflow/example_dags/example_branch_datetime_operator.py
[2022-06-21 07:14:43,084] {scheduler_job.py:643} INFO - DAG(s) dict_keys(['example_branch_datetime_operator_2']) retrieved from /home/airflow/.local/lib/python3.6/site-packages/airflow/example_dags/example_branch_datetime_operator.py
[2022-06-21 07:14:43,124] {logging_mixin.py:104} INFO - [2022-06-21 07:14:43,123] {dag.py:1832} INFO - Sync 1 DAGs
[2022-06-21 07:14:43,144] {logging_mixin.py:104} INFO - [2022-06-21 07:14:43,144] {dag.py:2305} INFO - Setting next_dagrun for example_branch_datetime_operator_2 to 2022-06-19 00:00:00+00:00
[2022-06-21 07:14:43,161] {scheduler_job.py:190} INFO - Processing /home/airflow/.local/lib/python3.6/site-packages/airflow/example_dags/example_branch_datetime_operator.py took 0.112 seconds
[2022-06-21 07:15:34,786] {scheduler_job.py:182} INFO - Started process (PID=330) to work on /home/airflow/.local/lib/python3.6/site-packages/airflow/example_dags/example_branch_datetime_operator.py
[2022-06-21 07:15:34,788] {scheduler_job.py:633} INFO - Processing file /home/airflow/.local/lib/python3.6/site-packages/airflow/example_dags/example_branch_datetime_operator.py for tasks to queue
[2022-06-21 07:15:34,790] {logging_mixin.py:104} INFO - [2022-06-21 07:15:34,789] {dagbag.py:487} INFO - Filling up the DagBag from /home/airflow/.local/lib/python3.6/site-packages/airflow/example_dags/example_branch_datetime_operator.py
[2022-06-21 07:15:34,805] {scheduler_job.py:643} INFO - DAG(s) dict_keys(['example_branch_datetime_operator_2']) retrieved from /home/airflow/.local/lib/python3.6/site-packages/airflow/example_dags/example_branch_datetime_operator.py
[2022-06-21 07:15:34,832] {logging_mixin.py:104} INFO - [2022-06-21 07:15:34,832] {dag.py:1832} INFO - Sync 1 DAGs
[2022-06-21 07:15:34,850] {logging_mixin.py:104} INFO - [2022-06-21 07:15:34,850] {dag.py:2305} INFO - Setting next_dagrun for example_branch_datetime_operator_2 to 2022-06-19 00:00:00+00:00
[2022-06-21 07:15:34,863] {scheduler_job.py:190} INFO - Processing /home/airflow/.local/lib/python3.6/site-packages/airflow/example_dags/example_branch_datetime_operator.py took 0.081 seconds
[2022-06-21 07:16:10,783] {scheduler_job.py:182} INFO - Started process (PID=394) to work on /home/airflow/.local/lib/python3.6/site-packages/airflow/example_dags/example_branch_datetime_operator.py
[2022-06-21 07:16:10,786] {scheduler_job.py:633} INFO - Processing file /home/airflow/.local/lib/python3.6/site-packages/airflow/example_dags/example_branch_datetime_operator.py for tasks to queue
[2022-06-21 07:16:10,788] {logging_mixin.py:104} INFO - [2022-06-21 07:16:10,787] {dagbag.py:487} INFO - Filling up the DagBag from /home/airflow/.local/lib/python3.6/site-packages/airflow/example_dags/example_branch_datetime_operator.py
[2022-06-21 07:16:10,808] {scheduler_job.py:643} INFO - DAG(s) dict_keys(['example_branch_datetime_operator_2']) retrieved from /home/airflow/.local/lib/python3.6/site-packages/airflow/example_dags/example_branch_datetime_operator.py
[2022-06-21 07:16:10,838] {logging_mixin.py:104} INFO - [2022-06-21 07:16:10,838] {dag.py:1832} INFO - Sync 1 DAGs
[2022-06-21 07:16:10,861] {logging_mixin.py:104} INFO - [2022-06-21 07:16:10,861] {dag.py:2305} INFO - Setting next_dagrun for example_branch_datetime_operator_2 to 2022-06-19 00:00:00+00:00
[2022-06-21 07:16:10,878] {scheduler_job.py:190} INFO - Processing /home/airflow/.local/lib/python3.6/site-packages/airflow/example_dags/example_branch_datetime_operator.py took 0.099 seconds
[2022-06-21 07:16:50,040] {scheduler_job.py:182} INFO - Started process (PID=451) to work on /home/airflow/.local/lib/python3.6/site-packages/airflow/example_dags/example_branch_datetime_operator.py
[2022-06-21 07:16:50,043] {scheduler_job.py:633} INFO - Processing file /home/airflow/.local/lib/python3.6/site-packages/airflow/example_dags/example_branch_datetime_operator.py for tasks to queue
[2022-06-21 07:16:50,046] {logging_mixin.py:104} INFO - [2022-06-21 07:16:50,045] {dagbag.py:487} INFO - Filling up the DagBag from /home/airflow/.local/lib/python3.6/site-packages/airflow/example_dags/example_branch_datetime_operator.py
[2022-06-21 07:16:50,078] {scheduler_job.py:643} INFO - DAG(s) dict_keys(['example_branch_datetime_operator_2']) retrieved from /home/airflow/.local/lib/python3.6/site-packages/airflow/example_dags/example_branch_datetime_operator.py
[2022-06-21 07:16:50,115] {logging_mixin.py:104} INFO - [2022-06-21 07:16:50,115] {dag.py:1832} INFO - Sync 1 DAGs
[2022-06-21 07:16:50,151] {logging_mixin.py:104} INFO - [2022-06-21 07:16:50,151] {dag.py:2305} INFO - Setting next_dagrun for example_branch_datetime_operator_2 to 2022-06-19 00:00:00+00:00
[2022-06-21 07:16:50,166] {scheduler_job.py:190} INFO - Processing /home/airflow/.local/lib/python3.6/site-packages/airflow/example_dags/example_branch_datetime_operator.py took 0.130 seconds
[2022-06-21 07:17:21,234] {scheduler_job.py:182} INFO - Started process (PID=508) to work on /home/airflow/.local/lib/python3.6/site-packages/airflow/example_dags/example_branch_datetime_operator.py
[2022-06-21 07:17:21,236] {scheduler_job.py:633} INFO - Processing file /home/airflow/.local/lib/python3.6/site-packages/airflow/example_dags/example_branch_datetime_operator.py for tasks to queue
[2022-06-21 07:17:21,238] {logging_mixin.py:104} INFO - [2022-06-21 07:17:21,238] {dagbag.py:487} INFO - Filling up the DagBag from /home/airflow/.local/lib/python3.6/site-packages/airflow/example_dags/example_branch_datetime_operator.py
[2022-06-21 07:17:21,257] {scheduler_job.py:643} INFO - DAG(s) dict_keys(['example_branch_datetime_operator_2']) retrieved from /home/airflow/.local/lib/python3.6/site-packages/airflow/example_dags/example_branch_datetime_operator.py
[2022-06-21 07:17:21,286] {logging_mixin.py:104} INFO - [2022-06-21 07:17:21,286] {dag.py:1832} INFO - Sync 1 DAGs
[2022-06-21 07:17:21,302] {logging_mixin.py:104} INFO - [2022-06-21 07:17:21,302] {dag.py:2305} INFO - Setting next_dagrun for example_branch_datetime_operator_2 to 2022-06-19 00:00:00+00:00
[2022-06-21 07:17:21,315] {scheduler_job.py:190} INFO - Processing /home/airflow/.local/lib/python3.6/site-packages/airflow/example_dags/example_branch_datetime_operator.py took 0.086 seconds
[2022-06-21 07:20:41,393] {scheduler_job.py:182} INFO - Started process (PID=81) to work on /home/airflow/.local/lib/python3.6/site-packages/airflow/example_dags/example_branch_datetime_operator.py
[2022-06-21 07:20:41,397] {scheduler_job.py:633} INFO - Processing file /home/airflow/.local/lib/python3.6/site-packages/airflow/example_dags/example_branch_datetime_operator.py for tasks to queue
[2022-06-21 07:20:41,399] {logging_mixin.py:104} INFO - [2022-06-21 07:20:41,399] {dagbag.py:487} INFO - Filling up the DagBag from /home/airflow/.local/lib/python3.6/site-packages/airflow/example_dags/example_branch_datetime_operator.py
[2022-06-21 07:20:41,436] {scheduler_job.py:643} INFO - DAG(s) dict_keys(['example_branch_datetime_operator_2']) retrieved from /home/airflow/.local/lib/python3.6/site-packages/airflow/example_dags/example_branch_datetime_operator.py
[2022-06-21 07:20:41,500] {logging_mixin.py:104} INFO - [2022-06-21 07:20:41,499] {dag.py:1832} INFO - Sync 1 DAGs
[2022-06-21 07:20:41,536] {logging_mixin.py:104} INFO - [2022-06-21 07:20:41,536] {dag.py:2305} INFO - Setting next_dagrun for example_branch_datetime_operator_2 to 2022-06-19 00:00:00+00:00
[2022-06-21 07:20:41,564] {scheduler_job.py:190} INFO - Processing /home/airflow/.local/lib/python3.6/site-packages/airflow/example_dags/example_branch_datetime_operator.py took 0.177 seconds
[2022-06-21 07:21:12,772] {scheduler_job.py:182} INFO - Started process (PID=129) to work on /home/airflow/.local/lib/python3.6/site-packages/airflow/example_dags/example_branch_datetime_operator.py
[2022-06-21 07:21:12,774] {scheduler_job.py:633} INFO - Processing file /home/airflow/.local/lib/python3.6/site-packages/airflow/example_dags/example_branch_datetime_operator.py for tasks to queue
[2022-06-21 07:21:12,780] {logging_mixin.py:104} INFO - [2022-06-21 07:21:12,780] {dagbag.py:487} INFO - Filling up the DagBag from /home/airflow/.local/lib/python3.6/site-packages/airflow/example_dags/example_branch_datetime_operator.py
[2022-06-21 07:21:12,807] {scheduler_job.py:643} INFO - DAG(s) dict_keys(['example_branch_datetime_operator_2']) retrieved from /home/airflow/.local/lib/python3.6/site-packages/airflow/example_dags/example_branch_datetime_operator.py
[2022-06-21 07:21:12,853] {logging_mixin.py:104} INFO - [2022-06-21 07:21:12,853] {dag.py:1832} INFO - Sync 1 DAGs
[2022-06-21 07:21:12,892] {logging_mixin.py:104} INFO - [2022-06-21 07:21:12,891] {dag.py:2305} INFO - Setting next_dagrun for example_branch_datetime_operator_2 to 2022-06-19 00:00:00+00:00
[2022-06-21 07:21:12,909] {scheduler_job.py:190} INFO - Processing /home/airflow/.local/lib/python3.6/site-packages/airflow/example_dags/example_branch_datetime_operator.py took 0.140 seconds
[2022-06-21 07:21:49,703] {scheduler_job.py:182} INFO - Started process (PID=191) to work on /home/airflow/.local/lib/python3.6/site-packages/airflow/example_dags/example_branch_datetime_operator.py
[2022-06-21 07:21:49,705] {scheduler_job.py:633} INFO - Processing file /home/airflow/.local/lib/python3.6/site-packages/airflow/example_dags/example_branch_datetime_operator.py for tasks to queue
[2022-06-21 07:21:49,712] {logging_mixin.py:104} INFO - [2022-06-21 07:21:49,711] {dagbag.py:487} INFO - Filling up the DagBag from /home/airflow/.local/lib/python3.6/site-packages/airflow/example_dags/example_branch_datetime_operator.py
[2022-06-21 07:21:49,730] {scheduler_job.py:643} INFO - DAG(s) dict_keys(['example_branch_datetime_operator_2']) retrieved from /home/airflow/.local/lib/python3.6/site-packages/airflow/example_dags/example_branch_datetime_operator.py
[2022-06-21 07:21:49,772] {logging_mixin.py:104} INFO - [2022-06-21 07:21:49,772] {dag.py:1832} INFO - Sync 1 DAGs
[2022-06-21 07:21:49,808] {logging_mixin.py:104} INFO - [2022-06-21 07:21:49,808] {dag.py:2305} INFO - Setting next_dagrun for example_branch_datetime_operator_2 to 2022-06-19 00:00:00+00:00
[2022-06-21 07:21:49,828] {scheduler_job.py:190} INFO - Processing /home/airflow/.local/lib/python3.6/site-packages/airflow/example_dags/example_branch_datetime_operator.py took 0.129 seconds
[2022-06-21 07:22:26,163] {scheduler_job.py:182} INFO - Started process (PID=252) to work on /home/airflow/.local/lib/python3.6/site-packages/airflow/example_dags/example_branch_datetime_operator.py
[2022-06-21 07:22:26,167] {scheduler_job.py:633} INFO - Processing file /home/airflow/.local/lib/python3.6/site-packages/airflow/example_dags/example_branch_datetime_operator.py for tasks to queue
[2022-06-21 07:22:26,170] {logging_mixin.py:104} INFO - [2022-06-21 07:22:26,170] {dagbag.py:487} INFO - Filling up the DagBag from /home/airflow/.local/lib/python3.6/site-packages/airflow/example_dags/example_branch_datetime_operator.py
[2022-06-21 07:22:26,200] {scheduler_job.py:643} INFO - DAG(s) dict_keys(['example_branch_datetime_operator_2']) retrieved from /home/airflow/.local/lib/python3.6/site-packages/airflow/example_dags/example_branch_datetime_operator.py
[2022-06-21 07:22:26,237] {logging_mixin.py:104} INFO - [2022-06-21 07:22:26,237] {dag.py:1832} INFO - Sync 1 DAGs
[2022-06-21 07:22:26,285] {logging_mixin.py:104} INFO - [2022-06-21 07:22:26,285] {dag.py:2305} INFO - Setting next_dagrun for example_branch_datetime_operator_2 to 2022-06-19 00:00:00+00:00
[2022-06-21 07:22:26,306] {scheduler_job.py:190} INFO - Processing /home/airflow/.local/lib/python3.6/site-packages/airflow/example_dags/example_branch_datetime_operator.py took 0.154 seconds
[2022-06-21 07:23:07,646] {scheduler_job.py:182} INFO - Started process (PID=299) to work on /home/airflow/.local/lib/python3.6/site-packages/airflow/example_dags/example_branch_datetime_operator.py
[2022-06-21 07:23:07,648] {scheduler_job.py:633} INFO - Processing file /home/airflow/.local/lib/python3.6/site-packages/airflow/example_dags/example_branch_datetime_operator.py for tasks to queue
[2022-06-21 07:23:07,650] {logging_mixin.py:104} INFO - [2022-06-21 07:23:07,650] {dagbag.py:487} INFO - Filling up the DagBag from /home/airflow/.local/lib/python3.6/site-packages/airflow/example_dags/example_branch_datetime_operator.py
[2022-06-21 07:23:07,672] {scheduler_job.py:643} INFO - DAG(s) dict_keys(['example_branch_datetime_operator_2']) retrieved from /home/airflow/.local/lib/python3.6/site-packages/airflow/example_dags/example_branch_datetime_operator.py
[2022-06-21 07:23:07,710] {logging_mixin.py:104} INFO - [2022-06-21 07:23:07,710] {dag.py:1832} INFO - Sync 1 DAGs
[2022-06-21 07:23:07,738] {logging_mixin.py:104} INFO - [2022-06-21 07:23:07,738] {dag.py:2305} INFO - Setting next_dagrun for example_branch_datetime_operator_2 to 2022-06-19 00:00:00+00:00
[2022-06-21 07:23:07,751] {scheduler_job.py:190} INFO - Processing /home/airflow/.local/lib/python3.6/site-packages/airflow/example_dags/example_branch_datetime_operator.py took 0.109 seconds
[2022-06-21 07:23:37,999] {scheduler_job.py:182} INFO - Started process (PID=360) to work on /home/airflow/.local/lib/python3.6/site-packages/airflow/example_dags/example_branch_datetime_operator.py
[2022-06-21 07:23:38,000] {scheduler_job.py:633} INFO - Processing file /home/airflow/.local/lib/python3.6/site-packages/airflow/example_dags/example_branch_datetime_operator.py for tasks to queue
[2022-06-21 07:23:38,002] {logging_mixin.py:104} INFO - [2022-06-21 07:23:38,002] {dagbag.py:487} INFO - Filling up the DagBag from /home/airflow/.local/lib/python3.6/site-packages/airflow/example_dags/example_branch_datetime_operator.py
[2022-06-21 07:23:38,023] {scheduler_job.py:643} INFO - DAG(s) dict_keys(['example_branch_datetime_operator_2']) retrieved from /home/airflow/.local/lib/python3.6/site-packages/airflow/example_dags/example_branch_datetime_operator.py
[2022-06-21 07:23:38,048] {logging_mixin.py:104} INFO - [2022-06-21 07:23:38,047] {dag.py:1832} INFO - Sync 1 DAGs
[2022-06-21 07:23:38,069] {logging_mixin.py:104} INFO - [2022-06-21 07:23:38,069] {dag.py:2305} INFO - Setting next_dagrun for example_branch_datetime_operator_2 to 2022-06-19 00:00:00+00:00
[2022-06-21 07:23:38,081] {scheduler_job.py:190} INFO - Processing /home/airflow/.local/lib/python3.6/site-packages/airflow/example_dags/example_branch_datetime_operator.py took 0.087 seconds
[2022-06-21 07:24:09,630] {scheduler_job.py:182} INFO - Started process (PID=423) to work on /home/airflow/.local/lib/python3.6/site-packages/airflow/example_dags/example_branch_datetime_operator.py
[2022-06-21 07:24:09,632] {scheduler_job.py:633} INFO - Processing file /home/airflow/.local/lib/python3.6/site-packages/airflow/example_dags/example_branch_datetime_operator.py for tasks to queue
[2022-06-21 07:24:09,633] {logging_mixin.py:104} INFO - [2022-06-21 07:24:09,633] {dagbag.py:487} INFO - Filling up the DagBag from /home/airflow/.local/lib/python3.6/site-packages/airflow/example_dags/example_branch_datetime_operator.py
[2022-06-21 07:24:09,655] {scheduler_job.py:643} INFO - DAG(s) dict_keys(['example_branch_datetime_operator_2']) retrieved from /home/airflow/.local/lib/python3.6/site-packages/airflow/example_dags/example_branch_datetime_operator.py
[2022-06-21 07:24:09,687] {logging_mixin.py:104} INFO - [2022-06-21 07:24:09,686] {dag.py:1832} INFO - Sync 1 DAGs
[2022-06-21 07:24:09,711] {logging_mixin.py:104} INFO - [2022-06-21 07:24:09,711] {dag.py:2305} INFO - Setting next_dagrun for example_branch_datetime_operator_2 to 2022-06-19 00:00:00+00:00
[2022-06-21 07:24:09,727] {scheduler_job.py:190} INFO - Processing /home/airflow/.local/lib/python3.6/site-packages/airflow/example_dags/example_branch_datetime_operator.py took 0.101 seconds
[2022-06-21 07:24:51,929] {scheduler_job.py:182} INFO - Started process (PID=84) to work on /home/airflow/.local/lib/python3.6/site-packages/airflow/example_dags/example_branch_datetime_operator.py
[2022-06-21 07:24:51,931] {scheduler_job.py:633} INFO - Processing file /home/airflow/.local/lib/python3.6/site-packages/airflow/example_dags/example_branch_datetime_operator.py for tasks to queue
[2022-06-21 07:24:51,933] {logging_mixin.py:104} INFO - [2022-06-21 07:24:51,933] {dagbag.py:487} INFO - Filling up the DagBag from /home/airflow/.local/lib/python3.6/site-packages/airflow/example_dags/example_branch_datetime_operator.py
[2022-06-21 07:24:51,951] {scheduler_job.py:643} INFO - DAG(s) dict_keys(['example_branch_datetime_operator_2']) retrieved from /home/airflow/.local/lib/python3.6/site-packages/airflow/example_dags/example_branch_datetime_operator.py
[2022-06-21 07:24:51,981] {logging_mixin.py:104} INFO - [2022-06-21 07:24:51,981] {dag.py:1832} INFO - Sync 1 DAGs
[2022-06-21 07:24:52,007] {logging_mixin.py:104} INFO - [2022-06-21 07:24:52,007] {dag.py:2305} INFO - Setting next_dagrun for example_branch_datetime_operator_2 to 2022-06-19 00:00:00+00:00
[2022-06-21 07:24:52,017] {scheduler_job.py:190} INFO - Processing /home/airflow/.local/lib/python3.6/site-packages/airflow/example_dags/example_branch_datetime_operator.py took 0.092 seconds
[2022-06-21 07:25:23,681] {scheduler_job.py:182} INFO - Started process (PID=148) to work on /home/airflow/.local/lib/python3.6/site-packages/airflow/example_dags/example_branch_datetime_operator.py
[2022-06-21 07:25:23,691] {scheduler_job.py:633} INFO - Processing file /home/airflow/.local/lib/python3.6/site-packages/airflow/example_dags/example_branch_datetime_operator.py for tasks to queue
[2022-06-21 07:25:23,698] {logging_mixin.py:104} INFO - [2022-06-21 07:25:23,697] {dagbag.py:487} INFO - Filling up the DagBag from /home/airflow/.local/lib/python3.6/site-packages/airflow/example_dags/example_branch_datetime_operator.py
[2022-06-21 07:25:23,762] {scheduler_job.py:643} INFO - DAG(s) dict_keys(['example_branch_datetime_operator_2']) retrieved from /home/airflow/.local/lib/python3.6/site-packages/airflow/example_dags/example_branch_datetime_operator.py
[2022-06-21 07:25:23,871] {logging_mixin.py:104} INFO - [2022-06-21 07:25:23,871] {dag.py:1832} INFO - Sync 1 DAGs
[2022-06-21 07:25:23,971] {logging_mixin.py:104} INFO - [2022-06-21 07:25:23,970] {dag.py:2305} INFO - Setting next_dagrun for example_branch_datetime_operator_2 to 2022-06-19 00:00:00+00:00
[2022-06-21 07:25:24,011] {scheduler_job.py:190} INFO - Processing /home/airflow/.local/lib/python3.6/site-packages/airflow/example_dags/example_branch_datetime_operator.py took 0.336 seconds
[2022-06-21 07:25:54,177] {scheduler_job.py:182} INFO - Started process (PID=194) to work on /home/airflow/.local/lib/python3.6/site-packages/airflow/example_dags/example_branch_datetime_operator.py
[2022-06-21 07:25:54,180] {scheduler_job.py:633} INFO - Processing file /home/airflow/.local/lib/python3.6/site-packages/airflow/example_dags/example_branch_datetime_operator.py for tasks to queue
[2022-06-21 07:25:54,182] {logging_mixin.py:104} INFO - [2022-06-21 07:25:54,182] {dagbag.py:487} INFO - Filling up the DagBag from /home/airflow/.local/lib/python3.6/site-packages/airflow/example_dags/example_branch_datetime_operator.py
[2022-06-21 07:25:54,201] {scheduler_job.py:643} INFO - DAG(s) dict_keys(['example_branch_datetime_operator_2']) retrieved from /home/airflow/.local/lib/python3.6/site-packages/airflow/example_dags/example_branch_datetime_operator.py
[2022-06-21 07:25:54,232] {logging_mixin.py:104} INFO - [2022-06-21 07:25:54,232] {dag.py:1832} INFO - Sync 1 DAGs
[2022-06-21 07:25:54,256] {logging_mixin.py:104} INFO - [2022-06-21 07:25:54,256] {dag.py:2305} INFO - Setting next_dagrun for example_branch_datetime_operator_2 to 2022-06-19 00:00:00+00:00
[2022-06-21 07:25:54,272] {scheduler_job.py:190} INFO - Processing /home/airflow/.local/lib/python3.6/site-packages/airflow/example_dags/example_branch_datetime_operator.py took 0.101 seconds
[2022-06-21 07:27:01,026] {scheduler_job.py:182} INFO - Started process (PID=251) to work on /home/airflow/.local/lib/python3.6/site-packages/airflow/example_dags/example_branch_datetime_operator.py
[2022-06-21 07:27:01,029] {scheduler_job.py:633} INFO - Processing file /home/airflow/.local/lib/python3.6/site-packages/airflow/example_dags/example_branch_datetime_operator.py for tasks to queue
[2022-06-21 07:27:01,031] {logging_mixin.py:104} INFO - [2022-06-21 07:27:01,031] {dagbag.py:487} INFO - Filling up the DagBag from /home/airflow/.local/lib/python3.6/site-packages/airflow/example_dags/example_branch_datetime_operator.py
[2022-06-21 07:27:01,052] {scheduler_job.py:643} INFO - DAG(s) dict_keys(['example_branch_datetime_operator_2']) retrieved from /home/airflow/.local/lib/python3.6/site-packages/airflow/example_dags/example_branch_datetime_operator.py
[2022-06-21 07:27:01,081] {logging_mixin.py:104} INFO - [2022-06-21 07:27:01,080] {dag.py:1832} INFO - Sync 1 DAGs
[2022-06-21 07:27:01,115] {logging_mixin.py:104} INFO - [2022-06-21 07:27:01,115] {dag.py:2305} INFO - Setting next_dagrun for example_branch_datetime_operator_2 to 2022-06-19 00:00:00+00:00
[2022-06-21 07:27:01,135] {scheduler_job.py:190} INFO - Processing /home/airflow/.local/lib/python3.6/site-packages/airflow/example_dags/example_branch_datetime_operator.py took 0.113 seconds
[2022-06-21 07:27:31,467] {scheduler_job.py:182} INFO - Started process (PID=303) to work on /home/airflow/.local/lib/python3.6/site-packages/airflow/example_dags/example_branch_datetime_operator.py
[2022-06-21 07:27:31,470] {scheduler_job.py:633} INFO - Processing file /home/airflow/.local/lib/python3.6/site-packages/airflow/example_dags/example_branch_datetime_operator.py for tasks to queue
[2022-06-21 07:27:31,471] {logging_mixin.py:104} INFO - [2022-06-21 07:27:31,471] {dagbag.py:487} INFO - Filling up the DagBag from /home/airflow/.local/lib/python3.6/site-packages/airflow/example_dags/example_branch_datetime_operator.py
[2022-06-21 07:27:31,493] {scheduler_job.py:643} INFO - DAG(s) dict_keys(['example_branch_datetime_operator_2']) retrieved from /home/airflow/.local/lib/python3.6/site-packages/airflow/example_dags/example_branch_datetime_operator.py
[2022-06-21 07:27:31,520] {logging_mixin.py:104} INFO - [2022-06-21 07:27:31,520] {dag.py:1832} INFO - Sync 1 DAGs
[2022-06-21 07:27:31,545] {logging_mixin.py:104} INFO - [2022-06-21 07:27:31,545] {dag.py:2305} INFO - Setting next_dagrun for example_branch_datetime_operator_2 to 2022-06-19 00:00:00+00:00
[2022-06-21 07:27:31,557] {scheduler_job.py:190} INFO - Processing /home/airflow/.local/lib/python3.6/site-packages/airflow/example_dags/example_branch_datetime_operator.py took 0.094 seconds
[2022-06-21 07:28:07,442] {scheduler_job.py:182} INFO - Started process (PID=358) to work on /home/airflow/.local/lib/python3.6/site-packages/airflow/example_dags/example_branch_datetime_operator.py
[2022-06-21 07:28:07,449] {scheduler_job.py:633} INFO - Processing file /home/airflow/.local/lib/python3.6/site-packages/airflow/example_dags/example_branch_datetime_operator.py for tasks to queue
[2022-06-21 07:28:07,452] {logging_mixin.py:104} INFO - [2022-06-21 07:28:07,452] {dagbag.py:487} INFO - Filling up the DagBag from /home/airflow/.local/lib/python3.6/site-packages/airflow/example_dags/example_branch_datetime_operator.py
[2022-06-21 07:28:07,476] {scheduler_job.py:643} INFO - DAG(s) dict_keys(['example_branch_datetime_operator_2']) retrieved from /home/airflow/.local/lib/python3.6/site-packages/airflow/example_dags/example_branch_datetime_operator.py
[2022-06-21 07:28:07,509] {logging_mixin.py:104} INFO - [2022-06-21 07:28:07,509] {dag.py:1832} INFO - Sync 1 DAGs
[2022-06-21 07:28:07,535] {logging_mixin.py:104} INFO - [2022-06-21 07:28:07,535] {dag.py:2305} INFO - Setting next_dagrun for example_branch_datetime_operator_2 to 2022-06-19 00:00:00+00:00
[2022-06-21 07:28:07,551] {scheduler_job.py:190} INFO - Processing /home/airflow/.local/lib/python3.6/site-packages/airflow/example_dags/example_branch_datetime_operator.py took 0.114 seconds
[2022-06-21 07:28:38,188] {scheduler_job.py:182} INFO - Started process (PID=410) to work on /home/airflow/.local/lib/python3.6/site-packages/airflow/example_dags/example_branch_datetime_operator.py
[2022-06-21 07:28:38,190] {scheduler_job.py:633} INFO - Processing file /home/airflow/.local/lib/python3.6/site-packages/airflow/example_dags/example_branch_datetime_operator.py for tasks to queue
[2022-06-21 07:28:38,192] {logging_mixin.py:104} INFO - [2022-06-21 07:28:38,192] {dagbag.py:487} INFO - Filling up the DagBag from /home/airflow/.local/lib/python3.6/site-packages/airflow/example_dags/example_branch_datetime_operator.py
[2022-06-21 07:28:38,214] {scheduler_job.py:643} INFO - DAG(s) dict_keys(['example_branch_datetime_operator_2']) retrieved from /home/airflow/.local/lib/python3.6/site-packages/airflow/example_dags/example_branch_datetime_operator.py
[2022-06-21 07:28:38,246] {logging_mixin.py:104} INFO - [2022-06-21 07:28:38,246] {dag.py:1832} INFO - Sync 1 DAGs
[2022-06-21 07:28:38,275] {logging_mixin.py:104} INFO - [2022-06-21 07:28:38,275] {dag.py:2305} INFO - Setting next_dagrun for example_branch_datetime_operator_2 to 2022-06-19 00:00:00+00:00
[2022-06-21 07:28:38,290] {scheduler_job.py:190} INFO - Processing /home/airflow/.local/lib/python3.6/site-packages/airflow/example_dags/example_branch_datetime_operator.py took 0.106 seconds
[2022-06-21 07:29:30,045] {scheduler_job.py:182} INFO - Started process (PID=74) to work on /home/airflow/.local/lib/python3.6/site-packages/airflow/example_dags/example_branch_datetime_operator.py
[2022-06-21 07:29:30,048] {scheduler_job.py:633} INFO - Processing file /home/airflow/.local/lib/python3.6/site-packages/airflow/example_dags/example_branch_datetime_operator.py for tasks to queue
[2022-06-21 07:29:30,050] {logging_mixin.py:104} INFO - [2022-06-21 07:29:30,049] {dagbag.py:487} INFO - Filling up the DagBag from /home/airflow/.local/lib/python3.6/site-packages/airflow/example_dags/example_branch_datetime_operator.py
[2022-06-21 07:29:30,070] {scheduler_job.py:643} INFO - DAG(s) dict_keys(['example_branch_datetime_operator_2']) retrieved from /home/airflow/.local/lib/python3.6/site-packages/airflow/example_dags/example_branch_datetime_operator.py
[2022-06-21 07:29:30,112] {logging_mixin.py:104} INFO - [2022-06-21 07:29:30,112] {dag.py:1832} INFO - Sync 1 DAGs
[2022-06-21 07:29:30,136] {logging_mixin.py:104} INFO - [2022-06-21 07:29:30,136] {dag.py:2305} INFO - Setting next_dagrun for example_branch_datetime_operator_2 to 2022-06-19 00:00:00+00:00
[2022-06-21 07:29:30,147] {scheduler_job.py:190} INFO - Processing /home/airflow/.local/lib/python3.6/site-packages/airflow/example_dags/example_branch_datetime_operator.py took 0.113 seconds
[2022-06-21 07:30:00,463] {scheduler_job.py:182} INFO - Started process (PID=141) to work on /home/airflow/.local/lib/python3.6/site-packages/airflow/example_dags/example_branch_datetime_operator.py
[2022-06-21 07:30:00,465] {scheduler_job.py:633} INFO - Processing file /home/airflow/.local/lib/python3.6/site-packages/airflow/example_dags/example_branch_datetime_operator.py for tasks to queue
[2022-06-21 07:30:00,466] {logging_mixin.py:104} INFO - [2022-06-21 07:30:00,466] {dagbag.py:487} INFO - Filling up the DagBag from /home/airflow/.local/lib/python3.6/site-packages/airflow/example_dags/example_branch_datetime_operator.py
[2022-06-21 07:30:00,479] {scheduler_job.py:643} INFO - DAG(s) dict_keys(['example_branch_datetime_operator_2']) retrieved from /home/airflow/.local/lib/python3.6/site-packages/airflow/example_dags/example_branch_datetime_operator.py
[2022-06-21 07:30:00,506] {logging_mixin.py:104} INFO - [2022-06-21 07:30:00,506] {dag.py:1832} INFO - Sync 1 DAGs
[2022-06-21 07:30:00,536] {logging_mixin.py:104} INFO - [2022-06-21 07:30:00,535] {dag.py:2305} INFO - Setting next_dagrun for example_branch_datetime_operator_2 to 2022-06-19 00:00:00+00:00
[2022-06-21 07:30:00,551] {scheduler_job.py:190} INFO - Processing /home/airflow/.local/lib/python3.6/site-packages/airflow/example_dags/example_branch_datetime_operator.py took 0.092 seconds
[2022-06-21 07:30:30,859] {scheduler_job.py:182} INFO - Started process (PID=213) to work on /home/airflow/.local/lib/python3.6/site-packages/airflow/example_dags/example_branch_datetime_operator.py
[2022-06-21 07:30:30,861] {scheduler_job.py:633} INFO - Processing file /home/airflow/.local/lib/python3.6/site-packages/airflow/example_dags/example_branch_datetime_operator.py for tasks to queue
[2022-06-21 07:30:30,862] {logging_mixin.py:104} INFO - [2022-06-21 07:30:30,862] {dagbag.py:487} INFO - Filling up the DagBag from /home/airflow/.local/lib/python3.6/site-packages/airflow/example_dags/example_branch_datetime_operator.py
[2022-06-21 07:30:30,874] {scheduler_job.py:643} INFO - DAG(s) dict_keys(['example_branch_datetime_operator_2']) retrieved from /home/airflow/.local/lib/python3.6/site-packages/airflow/example_dags/example_branch_datetime_operator.py
[2022-06-21 07:30:30,899] {logging_mixin.py:104} INFO - [2022-06-21 07:30:30,899] {dag.py:1832} INFO - Sync 1 DAGs
[2022-06-21 07:30:30,921] {logging_mixin.py:104} INFO - [2022-06-21 07:30:30,921] {dag.py:2305} INFO - Setting next_dagrun for example_branch_datetime_operator_2 to 2022-06-19 00:00:00+00:00
[2022-06-21 07:30:30,933] {scheduler_job.py:190} INFO - Processing /home/airflow/.local/lib/python3.6/site-packages/airflow/example_dags/example_branch_datetime_operator.py took 0.077 seconds
[2022-06-21 07:31:36,136] {scheduler_job.py:182} INFO - Started process (PID=82) to work on /home/airflow/.local/lib/python3.6/site-packages/airflow/example_dags/example_branch_datetime_operator.py
[2022-06-21 07:31:36,139] {scheduler_job.py:633} INFO - Processing file /home/airflow/.local/lib/python3.6/site-packages/airflow/example_dags/example_branch_datetime_operator.py for tasks to queue
[2022-06-21 07:31:36,141] {logging_mixin.py:104} INFO - [2022-06-21 07:31:36,141] {dagbag.py:487} INFO - Filling up the DagBag from /home/airflow/.local/lib/python3.6/site-packages/airflow/example_dags/example_branch_datetime_operator.py
[2022-06-21 07:31:36,168] {scheduler_job.py:643} INFO - DAG(s) dict_keys(['example_branch_datetime_operator_2']) retrieved from /home/airflow/.local/lib/python3.6/site-packages/airflow/example_dags/example_branch_datetime_operator.py
[2022-06-21 07:31:36,205] {logging_mixin.py:104} INFO - [2022-06-21 07:31:36,205] {dag.py:1832} INFO - Sync 1 DAGs
[2022-06-21 07:31:36,231] {logging_mixin.py:104} INFO - [2022-06-21 07:31:36,231] {dag.py:2305} INFO - Setting next_dagrun for example_branch_datetime_operator_2 to 2022-06-19 00:00:00+00:00
[2022-06-21 07:31:36,257] {scheduler_job.py:190} INFO - Processing /home/airflow/.local/lib/python3.6/site-packages/airflow/example_dags/example_branch_datetime_operator.py took 0.129 seconds
[2022-06-21 07:32:06,408] {scheduler_job.py:182} INFO - Started process (PID=145) to work on /home/airflow/.local/lib/python3.6/site-packages/airflow/example_dags/example_branch_datetime_operator.py
[2022-06-21 07:32:06,410] {scheduler_job.py:633} INFO - Processing file /home/airflow/.local/lib/python3.6/site-packages/airflow/example_dags/example_branch_datetime_operator.py for tasks to queue
[2022-06-21 07:32:06,411] {logging_mixin.py:104} INFO - [2022-06-21 07:32:06,411] {dagbag.py:487} INFO - Filling up the DagBag from /home/airflow/.local/lib/python3.6/site-packages/airflow/example_dags/example_branch_datetime_operator.py
[2022-06-21 07:32:06,425] {scheduler_job.py:643} INFO - DAG(s) dict_keys(['example_branch_datetime_operator_2']) retrieved from /home/airflow/.local/lib/python3.6/site-packages/airflow/example_dags/example_branch_datetime_operator.py
[2022-06-21 07:32:06,453] {logging_mixin.py:104} INFO - [2022-06-21 07:32:06,452] {dag.py:1832} INFO - Sync 1 DAGs
[2022-06-21 07:32:06,471] {logging_mixin.py:104} INFO - [2022-06-21 07:32:06,471] {dag.py:2305} INFO - Setting next_dagrun for example_branch_datetime_operator_2 to 2022-06-19 00:00:00+00:00
[2022-06-21 07:32:06,483] {scheduler_job.py:190} INFO - Processing /home/airflow/.local/lib/python3.6/site-packages/airflow/example_dags/example_branch_datetime_operator.py took 0.079 seconds
[2022-06-21 07:32:37,812] {scheduler_job.py:182} INFO - Started process (PID=233) to work on /home/airflow/.local/lib/python3.6/site-packages/airflow/example_dags/example_branch_datetime_operator.py
[2022-06-21 07:32:37,824] {scheduler_job.py:633} INFO - Processing file /home/airflow/.local/lib/python3.6/site-packages/airflow/example_dags/example_branch_datetime_operator.py for tasks to queue
[2022-06-21 07:32:37,827] {logging_mixin.py:104} INFO - [2022-06-21 07:32:37,827] {dagbag.py:487} INFO - Filling up the DagBag from /home/airflow/.local/lib/python3.6/site-packages/airflow/example_dags/example_branch_datetime_operator.py
[2022-06-21 07:32:37,853] {scheduler_job.py:643} INFO - DAG(s) dict_keys(['example_branch_datetime_operator_2']) retrieved from /home/airflow/.local/lib/python3.6/site-packages/airflow/example_dags/example_branch_datetime_operator.py
[2022-06-21 07:32:37,893] {logging_mixin.py:104} INFO - [2022-06-21 07:32:37,893] {dag.py:1832} INFO - Sync 1 DAGs
[2022-06-21 07:32:37,922] {logging_mixin.py:104} INFO - [2022-06-21 07:32:37,921] {dag.py:2305} INFO - Setting next_dagrun for example_branch_datetime_operator_2 to 2022-06-19 00:00:00+00:00
[2022-06-21 07:32:37,941] {scheduler_job.py:190} INFO - Processing /home/airflow/.local/lib/python3.6/site-packages/airflow/example_dags/example_branch_datetime_operator.py took 0.133 seconds
[2022-06-21 07:33:07,974] {scheduler_job.py:182} INFO - Started process (PID=294) to work on /home/airflow/.local/lib/python3.6/site-packages/airflow/example_dags/example_branch_datetime_operator.py
[2022-06-21 07:33:07,976] {scheduler_job.py:633} INFO - Processing file /home/airflow/.local/lib/python3.6/site-packages/airflow/example_dags/example_branch_datetime_operator.py for tasks to queue
[2022-06-21 07:33:07,977] {logging_mixin.py:104} INFO - [2022-06-21 07:33:07,977] {dagbag.py:487} INFO - Filling up the DagBag from /home/airflow/.local/lib/python3.6/site-packages/airflow/example_dags/example_branch_datetime_operator.py
[2022-06-21 07:33:07,992] {scheduler_job.py:643} INFO - DAG(s) dict_keys(['example_branch_datetime_operator_2']) retrieved from /home/airflow/.local/lib/python3.6/site-packages/airflow/example_dags/example_branch_datetime_operator.py
[2022-06-21 07:33:08,011] {logging_mixin.py:104} INFO - [2022-06-21 07:33:08,011] {dag.py:1832} INFO - Sync 1 DAGs
[2022-06-21 07:33:08,032] {logging_mixin.py:104} INFO - [2022-06-21 07:33:08,032] {dag.py:2305} INFO - Setting next_dagrun for example_branch_datetime_operator_2 to 2022-06-19 00:00:00+00:00
[2022-06-21 07:33:08,042] {scheduler_job.py:190} INFO - Processing /home/airflow/.local/lib/python3.6/site-packages/airflow/example_dags/example_branch_datetime_operator.py took 0.071 seconds
[2022-06-21 07:33:38,273] {scheduler_job.py:182} INFO - Started process (PID=371) to work on /home/airflow/.local/lib/python3.6/site-packages/airflow/example_dags/example_branch_datetime_operator.py
[2022-06-21 07:33:38,277] {scheduler_job.py:633} INFO - Processing file /home/airflow/.local/lib/python3.6/site-packages/airflow/example_dags/example_branch_datetime_operator.py for tasks to queue
[2022-06-21 07:33:38,278] {logging_mixin.py:104} INFO - [2022-06-21 07:33:38,278] {dagbag.py:487} INFO - Filling up the DagBag from /home/airflow/.local/lib/python3.6/site-packages/airflow/example_dags/example_branch_datetime_operator.py
[2022-06-21 07:33:38,297] {scheduler_job.py:643} INFO - DAG(s) dict_keys(['example_branch_datetime_operator_2']) retrieved from /home/airflow/.local/lib/python3.6/site-packages/airflow/example_dags/example_branch_datetime_operator.py
[2022-06-21 07:33:38,323] {logging_mixin.py:104} INFO - [2022-06-21 07:33:38,323] {dag.py:1832} INFO - Sync 1 DAGs
[2022-06-21 07:33:38,345] {logging_mixin.py:104} INFO - [2022-06-21 07:33:38,344] {dag.py:2305} INFO - Setting next_dagrun for example_branch_datetime_operator_2 to 2022-06-19 00:00:00+00:00
[2022-06-21 07:33:38,355] {scheduler_job.py:190} INFO - Processing /home/airflow/.local/lib/python3.6/site-packages/airflow/example_dags/example_branch_datetime_operator.py took 0.086 seconds
