[2022-06-21 06:56:11,160] {scheduler_job.py:182} INFO - Started process (PID=89) to work on /home/airflow/.local/lib/python3.6/site-packages/airflow/example_dags/example_branch_day_of_week_operator.py
[2022-06-21 06:56:11,162] {scheduler_job.py:633} INFO - Processing file /home/airflow/.local/lib/python3.6/site-packages/airflow/example_dags/example_branch_day_of_week_operator.py for tasks to queue
[2022-06-21 06:56:11,164] {logging_mixin.py:104} INFO - [2022-06-21 06:56:11,164] {dagbag.py:487} INFO - Filling up the DagBag from /home/airflow/.local/lib/python3.6/site-packages/airflow/example_dags/example_branch_day_of_week_operator.py
[2022-06-21 06:56:11,188] {scheduler_job.py:643} INFO - DAG(s) dict_keys(['example_weekday_branch_operator']) retrieved from /home/airflow/.local/lib/python3.6/site-packages/airflow/example_dags/example_branch_day_of_week_operator.py
[2022-06-21 06:56:14,484] {logging_mixin.py:104} INFO - [2022-06-21 06:56:14,479] {dag.py:1832} INFO - Sync 1 DAGs
[2022-06-21 06:56:14,506] {logging_mixin.py:104} INFO - [2022-06-21 06:56:14,504] {dag.py:1851} INFO - Creating ORM DAG for example_weekday_branch_operator
[2022-06-21 06:56:14,524] {logging_mixin.py:104} INFO - [2022-06-21 06:56:14,524] {dag.py:2305} INFO - Setting next_dagrun for example_weekday_branch_operator to 2022-06-19 00:00:00+00:00
[2022-06-21 06:56:14,562] {scheduler_job.py:190} INFO - Processing /home/airflow/.local/lib/python3.6/site-packages/airflow/example_dags/example_branch_day_of_week_operator.py took 3.441 seconds
[2022-06-21 06:58:06,204] {scheduler_job.py:182} INFO - Started process (PID=180) to work on /home/airflow/.local/lib/python3.6/site-packages/airflow/example_dags/example_branch_day_of_week_operator.py
[2022-06-21 06:58:06,211] {scheduler_job.py:633} INFO - Processing file /home/airflow/.local/lib/python3.6/site-packages/airflow/example_dags/example_branch_day_of_week_operator.py for tasks to queue
[2022-06-21 06:58:06,223] {logging_mixin.py:104} INFO - [2022-06-21 06:58:06,222] {dagbag.py:487} INFO - Filling up the DagBag from /home/airflow/.local/lib/python3.6/site-packages/airflow/example_dags/example_branch_day_of_week_operator.py
[2022-06-21 06:58:06,258] {scheduler_job.py:643} INFO - DAG(s) dict_keys(['example_weekday_branch_operator']) retrieved from /home/airflow/.local/lib/python3.6/site-packages/airflow/example_dags/example_branch_day_of_week_operator.py
[2022-06-21 06:58:06,311] {logging_mixin.py:104} INFO - [2022-06-21 06:58:06,310] {dag.py:1832} INFO - Sync 1 DAGs
[2022-06-21 06:58:06,347] {logging_mixin.py:104} INFO - [2022-06-21 06:58:06,347] {dag.py:2305} INFO - Setting next_dagrun for example_weekday_branch_operator to 2022-06-19 00:00:00+00:00
[2022-06-21 06:58:06,369] {scheduler_job.py:190} INFO - Processing /home/airflow/.local/lib/python3.6/site-packages/airflow/example_dags/example_branch_day_of_week_operator.py took 0.175 seconds
[2022-06-21 06:58:46,897] {scheduler_job.py:182} INFO - Started process (PID=259) to work on /home/airflow/.local/lib/python3.6/site-packages/airflow/example_dags/example_branch_day_of_week_operator.py
[2022-06-21 06:58:46,901] {scheduler_job.py:633} INFO - Processing file /home/airflow/.local/lib/python3.6/site-packages/airflow/example_dags/example_branch_day_of_week_operator.py for tasks to queue
[2022-06-21 06:58:46,903] {logging_mixin.py:104} INFO - [2022-06-21 06:58:46,903] {dagbag.py:487} INFO - Filling up the DagBag from /home/airflow/.local/lib/python3.6/site-packages/airflow/example_dags/example_branch_day_of_week_operator.py
[2022-06-21 06:58:46,924] {scheduler_job.py:643} INFO - DAG(s) dict_keys(['example_weekday_branch_operator']) retrieved from /home/airflow/.local/lib/python3.6/site-packages/airflow/example_dags/example_branch_day_of_week_operator.py
[2022-06-21 06:58:46,954] {logging_mixin.py:104} INFO - [2022-06-21 06:58:46,954] {dag.py:1832} INFO - Sync 1 DAGs
[2022-06-21 06:58:46,974] {logging_mixin.py:104} INFO - [2022-06-21 06:58:46,974] {dag.py:2305} INFO - Setting next_dagrun for example_weekday_branch_operator to 2022-06-19 00:00:00+00:00
[2022-06-21 06:58:46,989] {scheduler_job.py:190} INFO - Processing /home/airflow/.local/lib/python3.6/site-packages/airflow/example_dags/example_branch_day_of_week_operator.py took 0.097 seconds
[2022-06-21 06:59:17,285] {scheduler_job.py:182} INFO - Started process (PID=312) to work on /home/airflow/.local/lib/python3.6/site-packages/airflow/example_dags/example_branch_day_of_week_operator.py
[2022-06-21 06:59:17,289] {scheduler_job.py:633} INFO - Processing file /home/airflow/.local/lib/python3.6/site-packages/airflow/example_dags/example_branch_day_of_week_operator.py for tasks to queue
[2022-06-21 06:59:17,293] {logging_mixin.py:104} INFO - [2022-06-21 06:59:17,293] {dagbag.py:487} INFO - Filling up the DagBag from /home/airflow/.local/lib/python3.6/site-packages/airflow/example_dags/example_branch_day_of_week_operator.py
[2022-06-21 06:59:17,316] {scheduler_job.py:643} INFO - DAG(s) dict_keys(['example_weekday_branch_operator']) retrieved from /home/airflow/.local/lib/python3.6/site-packages/airflow/example_dags/example_branch_day_of_week_operator.py
[2022-06-21 06:59:17,349] {logging_mixin.py:104} INFO - [2022-06-21 06:59:17,349] {dag.py:1832} INFO - Sync 1 DAGs
[2022-06-21 06:59:17,370] {logging_mixin.py:104} INFO - [2022-06-21 06:59:17,370] {dag.py:2305} INFO - Setting next_dagrun for example_weekday_branch_operator to 2022-06-19 00:00:00+00:00
[2022-06-21 06:59:17,393] {scheduler_job.py:190} INFO - Processing /home/airflow/.local/lib/python3.6/site-packages/airflow/example_dags/example_branch_day_of_week_operator.py took 0.113 seconds
[2022-06-21 06:59:55,302] {scheduler_job.py:182} INFO - Started process (PID=356) to work on /home/airflow/.local/lib/python3.6/site-packages/airflow/example_dags/example_branch_day_of_week_operator.py
[2022-06-21 06:59:55,306] {scheduler_job.py:633} INFO - Processing file /home/airflow/.local/lib/python3.6/site-packages/airflow/example_dags/example_branch_day_of_week_operator.py for tasks to queue
[2022-06-21 06:59:55,309] {logging_mixin.py:104} INFO - [2022-06-21 06:59:55,308] {dagbag.py:487} INFO - Filling up the DagBag from /home/airflow/.local/lib/python3.6/site-packages/airflow/example_dags/example_branch_day_of_week_operator.py
[2022-06-21 06:59:55,331] {scheduler_job.py:643} INFO - DAG(s) dict_keys(['example_weekday_branch_operator']) retrieved from /home/airflow/.local/lib/python3.6/site-packages/airflow/example_dags/example_branch_day_of_week_operator.py
[2022-06-21 06:59:55,373] {logging_mixin.py:104} INFO - [2022-06-21 06:59:55,373] {dag.py:1832} INFO - Sync 1 DAGs
[2022-06-21 06:59:55,413] {logging_mixin.py:104} INFO - [2022-06-21 06:59:55,413] {dag.py:2305} INFO - Setting next_dagrun for example_weekday_branch_operator to 2022-06-19 00:00:00+00:00
[2022-06-21 06:59:55,438] {scheduler_job.py:190} INFO - Processing /home/airflow/.local/lib/python3.6/site-packages/airflow/example_dags/example_branch_day_of_week_operator.py took 0.141 seconds
[2022-06-21 07:00:25,525] {scheduler_job.py:182} INFO - Started process (PID=418) to work on /home/airflow/.local/lib/python3.6/site-packages/airflow/example_dags/example_branch_day_of_week_operator.py
[2022-06-21 07:00:25,527] {scheduler_job.py:633} INFO - Processing file /home/airflow/.local/lib/python3.6/site-packages/airflow/example_dags/example_branch_day_of_week_operator.py for tasks to queue
[2022-06-21 07:00:25,529] {logging_mixin.py:104} INFO - [2022-06-21 07:00:25,528] {dagbag.py:487} INFO - Filling up the DagBag from /home/airflow/.local/lib/python3.6/site-packages/airflow/example_dags/example_branch_day_of_week_operator.py
[2022-06-21 07:00:25,543] {scheduler_job.py:643} INFO - DAG(s) dict_keys(['example_weekday_branch_operator']) retrieved from /home/airflow/.local/lib/python3.6/site-packages/airflow/example_dags/example_branch_day_of_week_operator.py
[2022-06-21 07:00:25,585] {logging_mixin.py:104} INFO - [2022-06-21 07:00:25,585] {dag.py:1832} INFO - Sync 1 DAGs
[2022-06-21 07:00:25,604] {logging_mixin.py:104} INFO - [2022-06-21 07:00:25,604] {dag.py:2305} INFO - Setting next_dagrun for example_weekday_branch_operator to 2022-06-19 00:00:00+00:00
[2022-06-21 07:00:25,618] {scheduler_job.py:190} INFO - Processing /home/airflow/.local/lib/python3.6/site-packages/airflow/example_dags/example_branch_day_of_week_operator.py took 0.096 seconds
[2022-06-21 07:00:56,484] {scheduler_job.py:182} INFO - Started process (PID=474) to work on /home/airflow/.local/lib/python3.6/site-packages/airflow/example_dags/example_branch_day_of_week_operator.py
[2022-06-21 07:00:56,487] {scheduler_job.py:633} INFO - Processing file /home/airflow/.local/lib/python3.6/site-packages/airflow/example_dags/example_branch_day_of_week_operator.py for tasks to queue
[2022-06-21 07:00:56,489] {logging_mixin.py:104} INFO - [2022-06-21 07:00:56,489] {dagbag.py:487} INFO - Filling up the DagBag from /home/airflow/.local/lib/python3.6/site-packages/airflow/example_dags/example_branch_day_of_week_operator.py
[2022-06-21 07:00:56,507] {scheduler_job.py:643} INFO - DAG(s) dict_keys(['example_weekday_branch_operator']) retrieved from /home/airflow/.local/lib/python3.6/site-packages/airflow/example_dags/example_branch_day_of_week_operator.py
[2022-06-21 07:00:56,534] {logging_mixin.py:104} INFO - [2022-06-21 07:00:56,534] {dag.py:1832} INFO - Sync 1 DAGs
[2022-06-21 07:00:56,557] {logging_mixin.py:104} INFO - [2022-06-21 07:00:56,557] {dag.py:2305} INFO - Setting next_dagrun for example_weekday_branch_operator to 2022-06-19 00:00:00+00:00
[2022-06-21 07:00:56,571] {scheduler_job.py:190} INFO - Processing /home/airflow/.local/lib/python3.6/site-packages/airflow/example_dags/example_branch_day_of_week_operator.py took 0.093 seconds
[2022-06-21 07:01:26,805] {scheduler_job.py:182} INFO - Started process (PID=524) to work on /home/airflow/.local/lib/python3.6/site-packages/airflow/example_dags/example_branch_day_of_week_operator.py
[2022-06-21 07:01:26,808] {scheduler_job.py:633} INFO - Processing file /home/airflow/.local/lib/python3.6/site-packages/airflow/example_dags/example_branch_day_of_week_operator.py for tasks to queue
[2022-06-21 07:01:26,810] {logging_mixin.py:104} INFO - [2022-06-21 07:01:26,810] {dagbag.py:487} INFO - Filling up the DagBag from /home/airflow/.local/lib/python3.6/site-packages/airflow/example_dags/example_branch_day_of_week_operator.py
[2022-06-21 07:01:26,827] {scheduler_job.py:643} INFO - DAG(s) dict_keys(['example_weekday_branch_operator']) retrieved from /home/airflow/.local/lib/python3.6/site-packages/airflow/example_dags/example_branch_day_of_week_operator.py
[2022-06-21 07:01:26,855] {logging_mixin.py:104} INFO - [2022-06-21 07:01:26,855] {dag.py:1832} INFO - Sync 1 DAGs
[2022-06-21 07:01:26,875] {logging_mixin.py:104} INFO - [2022-06-21 07:01:26,875] {dag.py:2305} INFO - Setting next_dagrun for example_weekday_branch_operator to 2022-06-19 00:00:00+00:00
[2022-06-21 07:01:26,888] {scheduler_job.py:190} INFO - Processing /home/airflow/.local/lib/python3.6/site-packages/airflow/example_dags/example_branch_day_of_week_operator.py took 0.090 seconds
[2022-06-21 07:04:54,018] {scheduler_job.py:182} INFO - Started process (PID=62) to work on /home/airflow/.local/lib/python3.6/site-packages/airflow/example_dags/example_branch_day_of_week_operator.py
[2022-06-21 07:04:54,024] {scheduler_job.py:633} INFO - Processing file /home/airflow/.local/lib/python3.6/site-packages/airflow/example_dags/example_branch_day_of_week_operator.py for tasks to queue
[2022-06-21 07:04:54,028] {logging_mixin.py:104} INFO - [2022-06-21 07:04:54,027] {dagbag.py:487} INFO - Filling up the DagBag from /home/airflow/.local/lib/python3.6/site-packages/airflow/example_dags/example_branch_day_of_week_operator.py
[2022-06-21 07:04:54,064] {scheduler_job.py:643} INFO - DAG(s) dict_keys(['example_weekday_branch_operator']) retrieved from /home/airflow/.local/lib/python3.6/site-packages/airflow/example_dags/example_branch_day_of_week_operator.py
[2022-06-21 07:04:54,126] {logging_mixin.py:104} INFO - [2022-06-21 07:04:54,126] {dag.py:1832} INFO - Sync 1 DAGs
[2022-06-21 07:04:54,165] {logging_mixin.py:104} INFO - [2022-06-21 07:04:54,164] {dag.py:2305} INFO - Setting next_dagrun for example_weekday_branch_operator to 2022-06-19 00:00:00+00:00
[2022-06-21 07:04:54,209] {scheduler_job.py:190} INFO - Processing /home/airflow/.local/lib/python3.6/site-packages/airflow/example_dags/example_branch_day_of_week_operator.py took 0.201 seconds
[2022-06-21 07:05:36,714] {scheduler_job.py:182} INFO - Started process (PID=124) to work on /home/airflow/.local/lib/python3.6/site-packages/airflow/example_dags/example_branch_day_of_week_operator.py
[2022-06-21 07:05:36,717] {scheduler_job.py:633} INFO - Processing file /home/airflow/.local/lib/python3.6/site-packages/airflow/example_dags/example_branch_day_of_week_operator.py for tasks to queue
[2022-06-21 07:05:36,720] {logging_mixin.py:104} INFO - [2022-06-21 07:05:36,720] {dagbag.py:487} INFO - Filling up the DagBag from /home/airflow/.local/lib/python3.6/site-packages/airflow/example_dags/example_branch_day_of_week_operator.py
[2022-06-21 07:05:36,755] {scheduler_job.py:643} INFO - DAG(s) dict_keys(['example_weekday_branch_operator']) retrieved from /home/airflow/.local/lib/python3.6/site-packages/airflow/example_dags/example_branch_day_of_week_operator.py
[2022-06-21 07:05:36,815] {logging_mixin.py:104} INFO - [2022-06-21 07:05:36,814] {dag.py:1832} INFO - Sync 1 DAGs
[2022-06-21 07:05:36,864] {logging_mixin.py:104} INFO - [2022-06-21 07:05:36,864] {dag.py:2305} INFO - Setting next_dagrun for example_weekday_branch_operator to 2022-06-19 00:00:00+00:00
[2022-06-21 07:05:36,933] {scheduler_job.py:190} INFO - Processing /home/airflow/.local/lib/python3.6/site-packages/airflow/example_dags/example_branch_day_of_week_operator.py took 0.229 seconds
[2022-06-21 07:06:07,447] {scheduler_job.py:182} INFO - Started process (PID=178) to work on /home/airflow/.local/lib/python3.6/site-packages/airflow/example_dags/example_branch_day_of_week_operator.py
[2022-06-21 07:06:07,450] {scheduler_job.py:633} INFO - Processing file /home/airflow/.local/lib/python3.6/site-packages/airflow/example_dags/example_branch_day_of_week_operator.py for tasks to queue
[2022-06-21 07:06:07,452] {logging_mixin.py:104} INFO - [2022-06-21 07:06:07,451] {dagbag.py:487} INFO - Filling up the DagBag from /home/airflow/.local/lib/python3.6/site-packages/airflow/example_dags/example_branch_day_of_week_operator.py
[2022-06-21 07:06:07,473] {scheduler_job.py:643} INFO - DAG(s) dict_keys(['example_weekday_branch_operator']) retrieved from /home/airflow/.local/lib/python3.6/site-packages/airflow/example_dags/example_branch_day_of_week_operator.py
[2022-06-21 07:06:07,523] {logging_mixin.py:104} INFO - [2022-06-21 07:06:07,522] {dag.py:1832} INFO - Sync 1 DAGs
[2022-06-21 07:06:07,551] {logging_mixin.py:104} INFO - [2022-06-21 07:06:07,551] {dag.py:2305} INFO - Setting next_dagrun for example_weekday_branch_operator to 2022-06-19 00:00:00+00:00
[2022-06-21 07:06:07,575] {scheduler_job.py:190} INFO - Processing /home/airflow/.local/lib/python3.6/site-packages/airflow/example_dags/example_branch_day_of_week_operator.py took 0.133 seconds
[2022-06-21 07:06:37,791] {scheduler_job.py:182} INFO - Started process (PID=239) to work on /home/airflow/.local/lib/python3.6/site-packages/airflow/example_dags/example_branch_day_of_week_operator.py
[2022-06-21 07:06:37,795] {scheduler_job.py:633} INFO - Processing file /home/airflow/.local/lib/python3.6/site-packages/airflow/example_dags/example_branch_day_of_week_operator.py for tasks to queue
[2022-06-21 07:06:37,798] {logging_mixin.py:104} INFO - [2022-06-21 07:06:37,797] {dagbag.py:487} INFO - Filling up the DagBag from /home/airflow/.local/lib/python3.6/site-packages/airflow/example_dags/example_branch_day_of_week_operator.py
[2022-06-21 07:06:37,837] {scheduler_job.py:643} INFO - DAG(s) dict_keys(['example_weekday_branch_operator']) retrieved from /home/airflow/.local/lib/python3.6/site-packages/airflow/example_dags/example_branch_day_of_week_operator.py
[2022-06-21 07:06:37,889] {logging_mixin.py:104} INFO - [2022-06-21 07:06:37,889] {dag.py:1832} INFO - Sync 1 DAGs
[2022-06-21 07:06:37,951] {logging_mixin.py:104} INFO - [2022-06-21 07:06:37,951] {dag.py:2305} INFO - Setting next_dagrun for example_weekday_branch_operator to 2022-06-19 00:00:00+00:00
[2022-06-21 07:06:37,967] {scheduler_job.py:190} INFO - Processing /home/airflow/.local/lib/python3.6/site-packages/airflow/example_dags/example_branch_day_of_week_operator.py took 0.182 seconds
[2022-06-21 07:07:22,394] {scheduler_job.py:182} INFO - Started process (PID=302) to work on /home/airflow/.local/lib/python3.6/site-packages/airflow/example_dags/example_branch_day_of_week_operator.py
[2022-06-21 07:07:22,398] {scheduler_job.py:633} INFO - Processing file /home/airflow/.local/lib/python3.6/site-packages/airflow/example_dags/example_branch_day_of_week_operator.py for tasks to queue
[2022-06-21 07:07:22,399] {logging_mixin.py:104} INFO - [2022-06-21 07:07:22,399] {dagbag.py:487} INFO - Filling up the DagBag from /home/airflow/.local/lib/python3.6/site-packages/airflow/example_dags/example_branch_day_of_week_operator.py
[2022-06-21 07:07:22,422] {scheduler_job.py:643} INFO - DAG(s) dict_keys(['example_weekday_branch_operator']) retrieved from /home/airflow/.local/lib/python3.6/site-packages/airflow/example_dags/example_branch_day_of_week_operator.py
[2022-06-21 07:07:22,451] {logging_mixin.py:104} INFO - [2022-06-21 07:07:22,451] {dag.py:1832} INFO - Sync 1 DAGs
[2022-06-21 07:07:22,473] {logging_mixin.py:104} INFO - [2022-06-21 07:07:22,473] {dag.py:2305} INFO - Setting next_dagrun for example_weekday_branch_operator to 2022-06-19 00:00:00+00:00
[2022-06-21 07:07:22,490] {scheduler_job.py:190} INFO - Processing /home/airflow/.local/lib/python3.6/site-packages/airflow/example_dags/example_branch_day_of_week_operator.py took 0.100 seconds
[2022-06-21 07:07:52,908] {scheduler_job.py:182} INFO - Started process (PID=364) to work on /home/airflow/.local/lib/python3.6/site-packages/airflow/example_dags/example_branch_day_of_week_operator.py
[2022-06-21 07:07:52,910] {scheduler_job.py:633} INFO - Processing file /home/airflow/.local/lib/python3.6/site-packages/airflow/example_dags/example_branch_day_of_week_operator.py for tasks to queue
[2022-06-21 07:07:52,911] {logging_mixin.py:104} INFO - [2022-06-21 07:07:52,911] {dagbag.py:487} INFO - Filling up the DagBag from /home/airflow/.local/lib/python3.6/site-packages/airflow/example_dags/example_branch_day_of_week_operator.py
[2022-06-21 07:07:52,935] {scheduler_job.py:643} INFO - DAG(s) dict_keys(['example_weekday_branch_operator']) retrieved from /home/airflow/.local/lib/python3.6/site-packages/airflow/example_dags/example_branch_day_of_week_operator.py
[2022-06-21 07:07:52,957] {logging_mixin.py:104} INFO - [2022-06-21 07:07:52,957] {dag.py:1832} INFO - Sync 1 DAGs
[2022-06-21 07:07:52,976] {logging_mixin.py:104} INFO - [2022-06-21 07:07:52,975] {dag.py:2305} INFO - Setting next_dagrun for example_weekday_branch_operator to 2022-06-19 00:00:00+00:00
[2022-06-21 07:07:52,987] {scheduler_job.py:190} INFO - Processing /home/airflow/.local/lib/python3.6/site-packages/airflow/example_dags/example_branch_day_of_week_operator.py took 0.083 seconds
[2022-06-21 07:08:23,691] {scheduler_job.py:182} INFO - Started process (PID=443) to work on /home/airflow/.local/lib/python3.6/site-packages/airflow/example_dags/example_branch_day_of_week_operator.py
[2022-06-21 07:08:23,693] {scheduler_job.py:633} INFO - Processing file /home/airflow/.local/lib/python3.6/site-packages/airflow/example_dags/example_branch_day_of_week_operator.py for tasks to queue
[2022-06-21 07:08:23,694] {logging_mixin.py:104} INFO - [2022-06-21 07:08:23,694] {dagbag.py:487} INFO - Filling up the DagBag from /home/airflow/.local/lib/python3.6/site-packages/airflow/example_dags/example_branch_day_of_week_operator.py
[2022-06-21 07:08:23,721] {scheduler_job.py:643} INFO - DAG(s) dict_keys(['example_weekday_branch_operator']) retrieved from /home/airflow/.local/lib/python3.6/site-packages/airflow/example_dags/example_branch_day_of_week_operator.py
[2022-06-21 07:08:23,749] {logging_mixin.py:104} INFO - [2022-06-21 07:08:23,749] {dag.py:1832} INFO - Sync 1 DAGs
[2022-06-21 07:08:23,772] {logging_mixin.py:104} INFO - [2022-06-21 07:08:23,772] {dag.py:2305} INFO - Setting next_dagrun for example_weekday_branch_operator to 2022-06-19 00:00:00+00:00
[2022-06-21 07:08:23,783] {scheduler_job.py:190} INFO - Processing /home/airflow/.local/lib/python3.6/site-packages/airflow/example_dags/example_branch_day_of_week_operator.py took 0.096 seconds
[2022-06-21 07:08:54,264] {scheduler_job.py:182} INFO - Started process (PID=505) to work on /home/airflow/.local/lib/python3.6/site-packages/airflow/example_dags/example_branch_day_of_week_operator.py
[2022-06-21 07:08:54,265] {scheduler_job.py:633} INFO - Processing file /home/airflow/.local/lib/python3.6/site-packages/airflow/example_dags/example_branch_day_of_week_operator.py for tasks to queue
[2022-06-21 07:08:54,267] {logging_mixin.py:104} INFO - [2022-06-21 07:08:54,266] {dagbag.py:487} INFO - Filling up the DagBag from /home/airflow/.local/lib/python3.6/site-packages/airflow/example_dags/example_branch_day_of_week_operator.py
[2022-06-21 07:08:54,285] {scheduler_job.py:643} INFO - DAG(s) dict_keys(['example_weekday_branch_operator']) retrieved from /home/airflow/.local/lib/python3.6/site-packages/airflow/example_dags/example_branch_day_of_week_operator.py
[2022-06-21 07:08:54,308] {logging_mixin.py:104} INFO - [2022-06-21 07:08:54,308] {dag.py:1832} INFO - Sync 1 DAGs
[2022-06-21 07:08:54,327] {logging_mixin.py:104} INFO - [2022-06-21 07:08:54,327] {dag.py:2305} INFO - Setting next_dagrun for example_weekday_branch_operator to 2022-06-19 00:00:00+00:00
[2022-06-21 07:08:54,338] {scheduler_job.py:190} INFO - Processing /home/airflow/.local/lib/python3.6/site-packages/airflow/example_dags/example_branch_day_of_week_operator.py took 0.078 seconds
[2022-06-21 07:11:09,572] {scheduler_job.py:182} INFO - Started process (PID=62) to work on /home/airflow/.local/lib/python3.6/site-packages/airflow/example_dags/example_branch_day_of_week_operator.py
[2022-06-21 07:11:09,574] {scheduler_job.py:633} INFO - Processing file /home/airflow/.local/lib/python3.6/site-packages/airflow/example_dags/example_branch_day_of_week_operator.py for tasks to queue
[2022-06-21 07:11:09,583] {logging_mixin.py:104} INFO - [2022-06-21 07:11:09,583] {dagbag.py:487} INFO - Filling up the DagBag from /home/airflow/.local/lib/python3.6/site-packages/airflow/example_dags/example_branch_day_of_week_operator.py
[2022-06-21 07:11:09,603] {scheduler_job.py:643} INFO - DAG(s) dict_keys(['example_weekday_branch_operator']) retrieved from /home/airflow/.local/lib/python3.6/site-packages/airflow/example_dags/example_branch_day_of_week_operator.py
[2022-06-21 07:11:09,646] {logging_mixin.py:104} INFO - [2022-06-21 07:11:09,646] {dag.py:1832} INFO - Sync 1 DAGs
[2022-06-21 07:11:09,690] {logging_mixin.py:104} INFO - [2022-06-21 07:11:09,689] {dag.py:2305} INFO - Setting next_dagrun for example_weekday_branch_operator to 2022-06-19 00:00:00+00:00
[2022-06-21 07:11:09,717] {scheduler_job.py:190} INFO - Processing /home/airflow/.local/lib/python3.6/site-packages/airflow/example_dags/example_branch_day_of_week_operator.py took 0.152 seconds
[2022-06-21 07:11:45,784] {scheduler_job.py:182} INFO - Started process (PID=113) to work on /home/airflow/.local/lib/python3.6/site-packages/airflow/example_dags/example_branch_day_of_week_operator.py
[2022-06-21 07:11:45,786] {scheduler_job.py:633} INFO - Processing file /home/airflow/.local/lib/python3.6/site-packages/airflow/example_dags/example_branch_day_of_week_operator.py for tasks to queue
[2022-06-21 07:11:45,788] {logging_mixin.py:104} INFO - [2022-06-21 07:11:45,788] {dagbag.py:487} INFO - Filling up the DagBag from /home/airflow/.local/lib/python3.6/site-packages/airflow/example_dags/example_branch_day_of_week_operator.py
[2022-06-21 07:11:45,804] {scheduler_job.py:643} INFO - DAG(s) dict_keys(['example_weekday_branch_operator']) retrieved from /home/airflow/.local/lib/python3.6/site-packages/airflow/example_dags/example_branch_day_of_week_operator.py
[2022-06-21 07:11:45,838] {logging_mixin.py:104} INFO - [2022-06-21 07:11:45,837] {dag.py:1832} INFO - Sync 1 DAGs
[2022-06-21 07:11:45,857] {logging_mixin.py:104} INFO - [2022-06-21 07:11:45,857] {dag.py:2305} INFO - Setting next_dagrun for example_weekday_branch_operator to 2022-06-19 00:00:00+00:00
[2022-06-21 07:11:45,869] {scheduler_job.py:190} INFO - Processing /home/airflow/.local/lib/python3.6/site-packages/airflow/example_dags/example_branch_day_of_week_operator.py took 0.088 seconds
[2022-06-21 07:12:17,886] {scheduler_job.py:182} INFO - Started process (PID=160) to work on /home/airflow/.local/lib/python3.6/site-packages/airflow/example_dags/example_branch_day_of_week_operator.py
[2022-06-21 07:12:17,888] {scheduler_job.py:633} INFO - Processing file /home/airflow/.local/lib/python3.6/site-packages/airflow/example_dags/example_branch_day_of_week_operator.py for tasks to queue
[2022-06-21 07:12:17,889] {logging_mixin.py:104} INFO - [2022-06-21 07:12:17,889] {dagbag.py:487} INFO - Filling up the DagBag from /home/airflow/.local/lib/python3.6/site-packages/airflow/example_dags/example_branch_day_of_week_operator.py
[2022-06-21 07:12:17,904] {scheduler_job.py:643} INFO - DAG(s) dict_keys(['example_weekday_branch_operator']) retrieved from /home/airflow/.local/lib/python3.6/site-packages/airflow/example_dags/example_branch_day_of_week_operator.py
[2022-06-21 07:12:17,933] {logging_mixin.py:104} INFO - [2022-06-21 07:12:17,933] {dag.py:1832} INFO - Sync 1 DAGs
[2022-06-21 07:12:17,958] {logging_mixin.py:104} INFO - [2022-06-21 07:12:17,958] {dag.py:2305} INFO - Setting next_dagrun for example_weekday_branch_operator to 2022-06-19 00:00:00+00:00
[2022-06-21 07:12:17,968] {scheduler_job.py:190} INFO - Processing /home/airflow/.local/lib/python3.6/site-packages/airflow/example_dags/example_branch_day_of_week_operator.py took 0.086 seconds
[2022-06-21 07:12:57,843] {scheduler_job.py:182} INFO - Started process (PID=206) to work on /home/airflow/.local/lib/python3.6/site-packages/airflow/example_dags/example_branch_day_of_week_operator.py
[2022-06-21 07:12:57,845] {scheduler_job.py:633} INFO - Processing file /home/airflow/.local/lib/python3.6/site-packages/airflow/example_dags/example_branch_day_of_week_operator.py for tasks to queue
[2022-06-21 07:12:57,847] {logging_mixin.py:104} INFO - [2022-06-21 07:12:57,847] {dagbag.py:487} INFO - Filling up the DagBag from /home/airflow/.local/lib/python3.6/site-packages/airflow/example_dags/example_branch_day_of_week_operator.py
[2022-06-21 07:12:57,866] {scheduler_job.py:643} INFO - DAG(s) dict_keys(['example_weekday_branch_operator']) retrieved from /home/airflow/.local/lib/python3.6/site-packages/airflow/example_dags/example_branch_day_of_week_operator.py
[2022-06-21 07:12:57,888] {logging_mixin.py:104} INFO - [2022-06-21 07:12:57,888] {dag.py:1832} INFO - Sync 1 DAGs
[2022-06-21 07:12:57,907] {logging_mixin.py:104} INFO - [2022-06-21 07:12:57,907] {dag.py:2305} INFO - Setting next_dagrun for example_weekday_branch_operator to 2022-06-19 00:00:00+00:00
[2022-06-21 07:12:57,918] {scheduler_job.py:190} INFO - Processing /home/airflow/.local/lib/python3.6/site-packages/airflow/example_dags/example_branch_day_of_week_operator.py took 0.079 seconds
[2022-06-21 07:14:41,654] {scheduler_job.py:182} INFO - Started process (PID=257) to work on /home/airflow/.local/lib/python3.6/site-packages/airflow/example_dags/example_branch_day_of_week_operator.py
[2022-06-21 07:14:41,657] {scheduler_job.py:633} INFO - Processing file /home/airflow/.local/lib/python3.6/site-packages/airflow/example_dags/example_branch_day_of_week_operator.py for tasks to queue
[2022-06-21 07:14:41,659] {logging_mixin.py:104} INFO - [2022-06-21 07:14:41,658] {dagbag.py:487} INFO - Filling up the DagBag from /home/airflow/.local/lib/python3.6/site-packages/airflow/example_dags/example_branch_day_of_week_operator.py
[2022-06-21 07:14:41,677] {scheduler_job.py:643} INFO - DAG(s) dict_keys(['example_weekday_branch_operator']) retrieved from /home/airflow/.local/lib/python3.6/site-packages/airflow/example_dags/example_branch_day_of_week_operator.py
[2022-06-21 07:14:41,705] {logging_mixin.py:104} INFO - [2022-06-21 07:14:41,705] {dag.py:1832} INFO - Sync 1 DAGs
[2022-06-21 07:14:41,722] {logging_mixin.py:104} INFO - [2022-06-21 07:14:41,721] {dag.py:2305} INFO - Setting next_dagrun for example_weekday_branch_operator to 2022-06-19 00:00:00+00:00
[2022-06-21 07:14:41,734] {scheduler_job.py:190} INFO - Processing /home/airflow/.local/lib/python3.6/site-packages/airflow/example_dags/example_branch_day_of_week_operator.py took 0.085 seconds
[2022-06-21 07:15:33,633] {scheduler_job.py:182} INFO - Started process (PID=312) to work on /home/airflow/.local/lib/python3.6/site-packages/airflow/example_dags/example_branch_day_of_week_operator.py
[2022-06-21 07:15:33,635] {scheduler_job.py:633} INFO - Processing file /home/airflow/.local/lib/python3.6/site-packages/airflow/example_dags/example_branch_day_of_week_operator.py for tasks to queue
[2022-06-21 07:15:33,637] {logging_mixin.py:104} INFO - [2022-06-21 07:15:33,637] {dagbag.py:487} INFO - Filling up the DagBag from /home/airflow/.local/lib/python3.6/site-packages/airflow/example_dags/example_branch_day_of_week_operator.py
[2022-06-21 07:15:33,655] {scheduler_job.py:643} INFO - DAG(s) dict_keys(['example_weekday_branch_operator']) retrieved from /home/airflow/.local/lib/python3.6/site-packages/airflow/example_dags/example_branch_day_of_week_operator.py
[2022-06-21 07:15:33,688] {logging_mixin.py:104} INFO - [2022-06-21 07:15:33,688] {dag.py:1832} INFO - Sync 1 DAGs
[2022-06-21 07:15:33,708] {logging_mixin.py:104} INFO - [2022-06-21 07:15:33,708] {dag.py:2305} INFO - Setting next_dagrun for example_weekday_branch_operator to 2022-06-19 00:00:00+00:00
[2022-06-21 07:15:33,721] {scheduler_job.py:190} INFO - Processing /home/airflow/.local/lib/python3.6/site-packages/airflow/example_dags/example_branch_day_of_week_operator.py took 0.092 seconds
[2022-06-21 07:16:09,742] {scheduler_job.py:182} INFO - Started process (PID=362) to work on /home/airflow/.local/lib/python3.6/site-packages/airflow/example_dags/example_branch_day_of_week_operator.py
[2022-06-21 07:16:09,745] {scheduler_job.py:633} INFO - Processing file /home/airflow/.local/lib/python3.6/site-packages/airflow/example_dags/example_branch_day_of_week_operator.py for tasks to queue
[2022-06-21 07:16:09,747] {logging_mixin.py:104} INFO - [2022-06-21 07:16:09,747] {dagbag.py:487} INFO - Filling up the DagBag from /home/airflow/.local/lib/python3.6/site-packages/airflow/example_dags/example_branch_day_of_week_operator.py
[2022-06-21 07:16:09,772] {scheduler_job.py:643} INFO - DAG(s) dict_keys(['example_weekday_branch_operator']) retrieved from /home/airflow/.local/lib/python3.6/site-packages/airflow/example_dags/example_branch_day_of_week_operator.py
[2022-06-21 07:16:09,802] {logging_mixin.py:104} INFO - [2022-06-21 07:16:09,801] {dag.py:1832} INFO - Sync 1 DAGs
[2022-06-21 07:16:09,822] {logging_mixin.py:104} INFO - [2022-06-21 07:16:09,822] {dag.py:2305} INFO - Setting next_dagrun for example_weekday_branch_operator to 2022-06-19 00:00:00+00:00
[2022-06-21 07:16:09,836] {scheduler_job.py:190} INFO - Processing /home/airflow/.local/lib/python3.6/site-packages/airflow/example_dags/example_branch_day_of_week_operator.py took 0.097 seconds
[2022-06-21 07:16:48,751] {scheduler_job.py:182} INFO - Started process (PID=435) to work on /home/airflow/.local/lib/python3.6/site-packages/airflow/example_dags/example_branch_day_of_week_operator.py
[2022-06-21 07:16:48,753] {scheduler_job.py:633} INFO - Processing file /home/airflow/.local/lib/python3.6/site-packages/airflow/example_dags/example_branch_day_of_week_operator.py for tasks to queue
[2022-06-21 07:16:48,755] {logging_mixin.py:104} INFO - [2022-06-21 07:16:48,755] {dagbag.py:487} INFO - Filling up the DagBag from /home/airflow/.local/lib/python3.6/site-packages/airflow/example_dags/example_branch_day_of_week_operator.py
[2022-06-21 07:16:48,779] {scheduler_job.py:643} INFO - DAG(s) dict_keys(['example_weekday_branch_operator']) retrieved from /home/airflow/.local/lib/python3.6/site-packages/airflow/example_dags/example_branch_day_of_week_operator.py
[2022-06-21 07:16:48,823] {logging_mixin.py:104} INFO - [2022-06-21 07:16:48,823] {dag.py:1832} INFO - Sync 1 DAGs
[2022-06-21 07:16:48,847] {logging_mixin.py:104} INFO - [2022-06-21 07:16:48,847] {dag.py:2305} INFO - Setting next_dagrun for example_weekday_branch_operator to 2022-06-19 00:00:00+00:00
[2022-06-21 07:16:48,864] {scheduler_job.py:190} INFO - Processing /home/airflow/.local/lib/python3.6/site-packages/airflow/example_dags/example_branch_day_of_week_operator.py took 0.118 seconds
[2022-06-21 07:17:19,108] {scheduler_job.py:182} INFO - Started process (PID=493) to work on /home/airflow/.local/lib/python3.6/site-packages/airflow/example_dags/example_branch_day_of_week_operator.py
[2022-06-21 07:17:19,110] {scheduler_job.py:633} INFO - Processing file /home/airflow/.local/lib/python3.6/site-packages/airflow/example_dags/example_branch_day_of_week_operator.py for tasks to queue
[2022-06-21 07:17:19,112] {logging_mixin.py:104} INFO - [2022-06-21 07:17:19,112] {dagbag.py:487} INFO - Filling up the DagBag from /home/airflow/.local/lib/python3.6/site-packages/airflow/example_dags/example_branch_day_of_week_operator.py
[2022-06-21 07:17:19,133] {scheduler_job.py:643} INFO - DAG(s) dict_keys(['example_weekday_branch_operator']) retrieved from /home/airflow/.local/lib/python3.6/site-packages/airflow/example_dags/example_branch_day_of_week_operator.py
[2022-06-21 07:17:19,160] {logging_mixin.py:104} INFO - [2022-06-21 07:17:19,160] {dag.py:1832} INFO - Sync 1 DAGs
[2022-06-21 07:17:19,176] {logging_mixin.py:104} INFO - [2022-06-21 07:17:19,176] {dag.py:2305} INFO - Setting next_dagrun for example_weekday_branch_operator to 2022-06-19 00:00:00+00:00
[2022-06-21 07:17:19,188] {scheduler_job.py:190} INFO - Processing /home/airflow/.local/lib/python3.6/site-packages/airflow/example_dags/example_branch_day_of_week_operator.py took 0.084 seconds
[2022-06-21 07:20:39,330] {scheduler_job.py:182} INFO - Started process (PID=66) to work on /home/airflow/.local/lib/python3.6/site-packages/airflow/example_dags/example_branch_day_of_week_operator.py
[2022-06-21 07:20:39,332] {scheduler_job.py:633} INFO - Processing file /home/airflow/.local/lib/python3.6/site-packages/airflow/example_dags/example_branch_day_of_week_operator.py for tasks to queue
[2022-06-21 07:20:39,334] {logging_mixin.py:104} INFO - [2022-06-21 07:20:39,334] {dagbag.py:487} INFO - Filling up the DagBag from /home/airflow/.local/lib/python3.6/site-packages/airflow/example_dags/example_branch_day_of_week_operator.py
[2022-06-21 07:20:39,352] {scheduler_job.py:643} INFO - DAG(s) dict_keys(['example_weekday_branch_operator']) retrieved from /home/airflow/.local/lib/python3.6/site-packages/airflow/example_dags/example_branch_day_of_week_operator.py
[2022-06-21 07:20:39,386] {logging_mixin.py:104} INFO - [2022-06-21 07:20:39,386] {dag.py:1832} INFO - Sync 1 DAGs
[2022-06-21 07:20:39,410] {logging_mixin.py:104} INFO - [2022-06-21 07:20:39,410] {dag.py:2305} INFO - Setting next_dagrun for example_weekday_branch_operator to 2022-06-19 00:00:00+00:00
[2022-06-21 07:20:39,426] {scheduler_job.py:190} INFO - Processing /home/airflow/.local/lib/python3.6/site-packages/airflow/example_dags/example_branch_day_of_week_operator.py took 0.100 seconds
[2022-06-21 07:21:10,302] {scheduler_job.py:182} INFO - Started process (PID=108) to work on /home/airflow/.local/lib/python3.6/site-packages/airflow/example_dags/example_branch_day_of_week_operator.py
[2022-06-21 07:21:10,311] {scheduler_job.py:633} INFO - Processing file /home/airflow/.local/lib/python3.6/site-packages/airflow/example_dags/example_branch_day_of_week_operator.py for tasks to queue
[2022-06-21 07:21:10,316] {logging_mixin.py:104} INFO - [2022-06-21 07:21:10,315] {dagbag.py:487} INFO - Filling up the DagBag from /home/airflow/.local/lib/python3.6/site-packages/airflow/example_dags/example_branch_day_of_week_operator.py
[2022-06-21 07:21:10,373] {scheduler_job.py:643} INFO - DAG(s) dict_keys(['example_weekday_branch_operator']) retrieved from /home/airflow/.local/lib/python3.6/site-packages/airflow/example_dags/example_branch_day_of_week_operator.py
[2022-06-21 07:21:10,417] {logging_mixin.py:104} INFO - [2022-06-21 07:21:10,417] {dag.py:1832} INFO - Sync 1 DAGs
[2022-06-21 07:21:10,528] {logging_mixin.py:104} INFO - [2022-06-21 07:21:10,528] {dag.py:2305} INFO - Setting next_dagrun for example_weekday_branch_operator to 2022-06-19 00:00:00+00:00
[2022-06-21 07:21:10,544] {scheduler_job.py:190} INFO - Processing /home/airflow/.local/lib/python3.6/site-packages/airflow/example_dags/example_branch_day_of_week_operator.py took 0.247 seconds
[2022-06-21 07:21:47,645] {scheduler_job.py:182} INFO - Started process (PID=170) to work on /home/airflow/.local/lib/python3.6/site-packages/airflow/example_dags/example_branch_day_of_week_operator.py
[2022-06-21 07:21:47,648] {scheduler_job.py:633} INFO - Processing file /home/airflow/.local/lib/python3.6/site-packages/airflow/example_dags/example_branch_day_of_week_operator.py for tasks to queue
[2022-06-21 07:21:47,650] {logging_mixin.py:104} INFO - [2022-06-21 07:21:47,649] {dagbag.py:487} INFO - Filling up the DagBag from /home/airflow/.local/lib/python3.6/site-packages/airflow/example_dags/example_branch_day_of_week_operator.py
[2022-06-21 07:21:47,667] {scheduler_job.py:643} INFO - DAG(s) dict_keys(['example_weekday_branch_operator']) retrieved from /home/airflow/.local/lib/python3.6/site-packages/airflow/example_dags/example_branch_day_of_week_operator.py
[2022-06-21 07:21:47,706] {logging_mixin.py:104} INFO - [2022-06-21 07:21:47,705] {dag.py:1832} INFO - Sync 1 DAGs
[2022-06-21 07:21:47,726] {logging_mixin.py:104} INFO - [2022-06-21 07:21:47,725] {dag.py:2305} INFO - Setting next_dagrun for example_weekday_branch_operator to 2022-06-19 00:00:00+00:00
[2022-06-21 07:21:47,739] {scheduler_job.py:190} INFO - Processing /home/airflow/.local/lib/python3.6/site-packages/airflow/example_dags/example_branch_day_of_week_operator.py took 0.098 seconds
[2022-06-21 07:22:24,489] {scheduler_job.py:182} INFO - Started process (PID=232) to work on /home/airflow/.local/lib/python3.6/site-packages/airflow/example_dags/example_branch_day_of_week_operator.py
[2022-06-21 07:22:24,496] {scheduler_job.py:633} INFO - Processing file /home/airflow/.local/lib/python3.6/site-packages/airflow/example_dags/example_branch_day_of_week_operator.py for tasks to queue
[2022-06-21 07:22:24,499] {logging_mixin.py:104} INFO - [2022-06-21 07:22:24,498] {dagbag.py:487} INFO - Filling up the DagBag from /home/airflow/.local/lib/python3.6/site-packages/airflow/example_dags/example_branch_day_of_week_operator.py
[2022-06-21 07:22:24,522] {scheduler_job.py:643} INFO - DAG(s) dict_keys(['example_weekday_branch_operator']) retrieved from /home/airflow/.local/lib/python3.6/site-packages/airflow/example_dags/example_branch_day_of_week_operator.py
[2022-06-21 07:22:24,553] {logging_mixin.py:104} INFO - [2022-06-21 07:22:24,553] {dag.py:1832} INFO - Sync 1 DAGs
[2022-06-21 07:22:24,576] {logging_mixin.py:104} INFO - [2022-06-21 07:22:24,576] {dag.py:2305} INFO - Setting next_dagrun for example_weekday_branch_operator to 2022-06-19 00:00:00+00:00
[2022-06-21 07:22:24,590] {scheduler_job.py:190} INFO - Processing /home/airflow/.local/lib/python3.6/site-packages/airflow/example_dags/example_branch_day_of_week_operator.py took 0.108 seconds
[2022-06-21 07:23:05,704] {scheduler_job.py:182} INFO - Started process (PID=284) to work on /home/airflow/.local/lib/python3.6/site-packages/airflow/example_dags/example_branch_day_of_week_operator.py
[2022-06-21 07:23:05,707] {scheduler_job.py:633} INFO - Processing file /home/airflow/.local/lib/python3.6/site-packages/airflow/example_dags/example_branch_day_of_week_operator.py for tasks to queue
[2022-06-21 07:23:05,708] {logging_mixin.py:104} INFO - [2022-06-21 07:23:05,708] {dagbag.py:487} INFO - Filling up the DagBag from /home/airflow/.local/lib/python3.6/site-packages/airflow/example_dags/example_branch_day_of_week_operator.py
[2022-06-21 07:23:05,729] {scheduler_job.py:643} INFO - DAG(s) dict_keys(['example_weekday_branch_operator']) retrieved from /home/airflow/.local/lib/python3.6/site-packages/airflow/example_dags/example_branch_day_of_week_operator.py
[2022-06-21 07:23:05,759] {logging_mixin.py:104} INFO - [2022-06-21 07:23:05,759] {dag.py:1832} INFO - Sync 1 DAGs
[2022-06-21 07:23:05,779] {logging_mixin.py:104} INFO - [2022-06-21 07:23:05,779] {dag.py:2305} INFO - Setting next_dagrun for example_weekday_branch_operator to 2022-06-19 00:00:00+00:00
[2022-06-21 07:23:05,791] {scheduler_job.py:190} INFO - Processing /home/airflow/.local/lib/python3.6/site-packages/airflow/example_dags/example_branch_day_of_week_operator.py took 0.090 seconds
[2022-06-21 07:23:36,451] {scheduler_job.py:182} INFO - Started process (PID=344) to work on /home/airflow/.local/lib/python3.6/site-packages/airflow/example_dags/example_branch_day_of_week_operator.py
[2022-06-21 07:23:36,454] {scheduler_job.py:633} INFO - Processing file /home/airflow/.local/lib/python3.6/site-packages/airflow/example_dags/example_branch_day_of_week_operator.py for tasks to queue
[2022-06-21 07:23:36,456] {logging_mixin.py:104} INFO - [2022-06-21 07:23:36,455] {dagbag.py:487} INFO - Filling up the DagBag from /home/airflow/.local/lib/python3.6/site-packages/airflow/example_dags/example_branch_day_of_week_operator.py
[2022-06-21 07:23:36,480] {scheduler_job.py:643} INFO - DAG(s) dict_keys(['example_weekday_branch_operator']) retrieved from /home/airflow/.local/lib/python3.6/site-packages/airflow/example_dags/example_branch_day_of_week_operator.py
[2022-06-21 07:23:36,506] {logging_mixin.py:104} INFO - [2022-06-21 07:23:36,506] {dag.py:1832} INFO - Sync 1 DAGs
[2022-06-21 07:23:36,530] {logging_mixin.py:104} INFO - [2022-06-21 07:23:36,529] {dag.py:2305} INFO - Setting next_dagrun for example_weekday_branch_operator to 2022-06-19 00:00:00+00:00
[2022-06-21 07:23:36,543] {scheduler_job.py:190} INFO - Processing /home/airflow/.local/lib/python3.6/site-packages/airflow/example_dags/example_branch_day_of_week_operator.py took 0.096 seconds
[2022-06-21 07:24:06,658] {scheduler_job.py:182} INFO - Started process (PID=407) to work on /home/airflow/.local/lib/python3.6/site-packages/airflow/example_dags/example_branch_day_of_week_operator.py
[2022-06-21 07:24:06,659] {scheduler_job.py:633} INFO - Processing file /home/airflow/.local/lib/python3.6/site-packages/airflow/example_dags/example_branch_day_of_week_operator.py for tasks to queue
[2022-06-21 07:24:06,661] {logging_mixin.py:104} INFO - [2022-06-21 07:24:06,661] {dagbag.py:487} INFO - Filling up the DagBag from /home/airflow/.local/lib/python3.6/site-packages/airflow/example_dags/example_branch_day_of_week_operator.py
[2022-06-21 07:24:06,690] {scheduler_job.py:643} INFO - DAG(s) dict_keys(['example_weekday_branch_operator']) retrieved from /home/airflow/.local/lib/python3.6/site-packages/airflow/example_dags/example_branch_day_of_week_operator.py
[2022-06-21 07:24:06,726] {logging_mixin.py:104} INFO - [2022-06-21 07:24:06,726] {dag.py:1832} INFO - Sync 1 DAGs
[2022-06-21 07:24:06,755] {logging_mixin.py:104} INFO - [2022-06-21 07:24:06,755] {dag.py:2305} INFO - Setting next_dagrun for example_weekday_branch_operator to 2022-06-19 00:00:00+00:00
[2022-06-21 07:24:06,779] {scheduler_job.py:190} INFO - Processing /home/airflow/.local/lib/python3.6/site-packages/airflow/example_dags/example_branch_day_of_week_operator.py took 0.125 seconds
[2022-06-21 07:24:47,114] {scheduler_job.py:182} INFO - Started process (PID=69) to work on /home/airflow/.local/lib/python3.6/site-packages/airflow/example_dags/example_branch_day_of_week_operator.py
[2022-06-21 07:24:47,116] {scheduler_job.py:633} INFO - Processing file /home/airflow/.local/lib/python3.6/site-packages/airflow/example_dags/example_branch_day_of_week_operator.py for tasks to queue
[2022-06-21 07:24:47,119] {logging_mixin.py:104} INFO - [2022-06-21 07:24:47,119] {dagbag.py:487} INFO - Filling up the DagBag from /home/airflow/.local/lib/python3.6/site-packages/airflow/example_dags/example_branch_day_of_week_operator.py
[2022-06-21 07:24:47,144] {scheduler_job.py:643} INFO - DAG(s) dict_keys(['example_weekday_branch_operator']) retrieved from /home/airflow/.local/lib/python3.6/site-packages/airflow/example_dags/example_branch_day_of_week_operator.py
[2022-06-21 07:24:47,209] {logging_mixin.py:104} INFO - [2022-06-21 07:24:47,209] {dag.py:1832} INFO - Sync 1 DAGs
[2022-06-21 07:24:47,244] {logging_mixin.py:104} INFO - [2022-06-21 07:24:47,244] {dag.py:2305} INFO - Setting next_dagrun for example_weekday_branch_operator to 2022-06-19 00:00:00+00:00
[2022-06-21 07:24:47,260] {scheduler_job.py:190} INFO - Processing /home/airflow/.local/lib/python3.6/site-packages/airflow/example_dags/example_branch_day_of_week_operator.py took 0.154 seconds
[2022-06-21 07:25:19,854] {scheduler_job.py:182} INFO - Started process (PID=121) to work on /home/airflow/.local/lib/python3.6/site-packages/airflow/example_dags/example_branch_day_of_week_operator.py
[2022-06-21 07:25:19,858] {scheduler_job.py:633} INFO - Processing file /home/airflow/.local/lib/python3.6/site-packages/airflow/example_dags/example_branch_day_of_week_operator.py for tasks to queue
[2022-06-21 07:25:19,861] {logging_mixin.py:104} INFO - [2022-06-21 07:25:19,860] {dagbag.py:487} INFO - Filling up the DagBag from /home/airflow/.local/lib/python3.6/site-packages/airflow/example_dags/example_branch_day_of_week_operator.py
[2022-06-21 07:25:19,908] {scheduler_job.py:643} INFO - DAG(s) dict_keys(['example_weekday_branch_operator']) retrieved from /home/airflow/.local/lib/python3.6/site-packages/airflow/example_dags/example_branch_day_of_week_operator.py
[2022-06-21 07:25:19,962] {logging_mixin.py:104} INFO - [2022-06-21 07:25:19,962] {dag.py:1832} INFO - Sync 1 DAGs
[2022-06-21 07:25:19,998] {logging_mixin.py:104} INFO - [2022-06-21 07:25:19,998] {dag.py:2305} INFO - Setting next_dagrun for example_weekday_branch_operator to 2022-06-19 00:00:00+00:00
[2022-06-21 07:25:20,022] {scheduler_job.py:190} INFO - Processing /home/airflow/.local/lib/python3.6/site-packages/airflow/example_dags/example_branch_day_of_week_operator.py took 0.174 seconds
[2022-06-21 07:25:50,493] {scheduler_job.py:182} INFO - Started process (PID=178) to work on /home/airflow/.local/lib/python3.6/site-packages/airflow/example_dags/example_branch_day_of_week_operator.py
[2022-06-21 07:25:50,500] {scheduler_job.py:633} INFO - Processing file /home/airflow/.local/lib/python3.6/site-packages/airflow/example_dags/example_branch_day_of_week_operator.py for tasks to queue
[2022-06-21 07:25:50,503] {logging_mixin.py:104} INFO - [2022-06-21 07:25:50,503] {dagbag.py:487} INFO - Filling up the DagBag from /home/airflow/.local/lib/python3.6/site-packages/airflow/example_dags/example_branch_day_of_week_operator.py
[2022-06-21 07:25:50,526] {scheduler_job.py:643} INFO - DAG(s) dict_keys(['example_weekday_branch_operator']) retrieved from /home/airflow/.local/lib/python3.6/site-packages/airflow/example_dags/example_branch_day_of_week_operator.py
[2022-06-21 07:25:50,570] {logging_mixin.py:104} INFO - [2022-06-21 07:25:50,570] {dag.py:1832} INFO - Sync 1 DAGs
[2022-06-21 07:25:50,623] {logging_mixin.py:104} INFO - [2022-06-21 07:25:50,622] {dag.py:2305} INFO - Setting next_dagrun for example_weekday_branch_operator to 2022-06-19 00:00:00+00:00
[2022-06-21 07:25:50,645] {scheduler_job.py:190} INFO - Processing /home/airflow/.local/lib/python3.6/site-packages/airflow/example_dags/example_branch_day_of_week_operator.py took 0.162 seconds
[2022-06-21 07:26:59,054] {scheduler_job.py:182} INFO - Started process (PID=235) to work on /home/airflow/.local/lib/python3.6/site-packages/airflow/example_dags/example_branch_day_of_week_operator.py
[2022-06-21 07:26:59,057] {scheduler_job.py:633} INFO - Processing file /home/airflow/.local/lib/python3.6/site-packages/airflow/example_dags/example_branch_day_of_week_operator.py for tasks to queue
[2022-06-21 07:26:59,060] {logging_mixin.py:104} INFO - [2022-06-21 07:26:59,059] {dagbag.py:487} INFO - Filling up the DagBag from /home/airflow/.local/lib/python3.6/site-packages/airflow/example_dags/example_branch_day_of_week_operator.py
[2022-06-21 07:26:59,094] {scheduler_job.py:643} INFO - DAG(s) dict_keys(['example_weekday_branch_operator']) retrieved from /home/airflow/.local/lib/python3.6/site-packages/airflow/example_dags/example_branch_day_of_week_operator.py
[2022-06-21 07:26:59,128] {logging_mixin.py:104} INFO - [2022-06-21 07:26:59,127] {dag.py:1832} INFO - Sync 1 DAGs
[2022-06-21 07:26:59,151] {logging_mixin.py:104} INFO - [2022-06-21 07:26:59,151] {dag.py:2305} INFO - Setting next_dagrun for example_weekday_branch_operator to 2022-06-19 00:00:00+00:00
[2022-06-21 07:26:59,163] {scheduler_job.py:190} INFO - Processing /home/airflow/.local/lib/python3.6/site-packages/airflow/example_dags/example_branch_day_of_week_operator.py took 0.113 seconds
[2022-06-21 07:27:30,162] {scheduler_job.py:182} INFO - Started process (PID=288) to work on /home/airflow/.local/lib/python3.6/site-packages/airflow/example_dags/example_branch_day_of_week_operator.py
[2022-06-21 07:27:30,165] {scheduler_job.py:633} INFO - Processing file /home/airflow/.local/lib/python3.6/site-packages/airflow/example_dags/example_branch_day_of_week_operator.py for tasks to queue
[2022-06-21 07:27:30,167] {logging_mixin.py:104} INFO - [2022-06-21 07:27:30,167] {dagbag.py:487} INFO - Filling up the DagBag from /home/airflow/.local/lib/python3.6/site-packages/airflow/example_dags/example_branch_day_of_week_operator.py
[2022-06-21 07:27:30,189] {scheduler_job.py:643} INFO - DAG(s) dict_keys(['example_weekday_branch_operator']) retrieved from /home/airflow/.local/lib/python3.6/site-packages/airflow/example_dags/example_branch_day_of_week_operator.py
[2022-06-21 07:27:30,220] {logging_mixin.py:104} INFO - [2022-06-21 07:27:30,220] {dag.py:1832} INFO - Sync 1 DAGs
[2022-06-21 07:27:30,241] {logging_mixin.py:104} INFO - [2022-06-21 07:27:30,241] {dag.py:2305} INFO - Setting next_dagrun for example_weekday_branch_operator to 2022-06-19 00:00:00+00:00
[2022-06-21 07:27:30,253] {scheduler_job.py:190} INFO - Processing /home/airflow/.local/lib/python3.6/site-packages/airflow/example_dags/example_branch_day_of_week_operator.py took 0.094 seconds
[2022-06-21 07:28:05,276] {scheduler_job.py:182} INFO - Started process (PID=335) to work on /home/airflow/.local/lib/python3.6/site-packages/airflow/example_dags/example_branch_day_of_week_operator.py
[2022-06-21 07:28:05,280] {scheduler_job.py:633} INFO - Processing file /home/airflow/.local/lib/python3.6/site-packages/airflow/example_dags/example_branch_day_of_week_operator.py for tasks to queue
[2022-06-21 07:28:05,283] {logging_mixin.py:104} INFO - [2022-06-21 07:28:05,283] {dagbag.py:487} INFO - Filling up the DagBag from /home/airflow/.local/lib/python3.6/site-packages/airflow/example_dags/example_branch_day_of_week_operator.py
[2022-06-21 07:28:05,321] {scheduler_job.py:643} INFO - DAG(s) dict_keys(['example_weekday_branch_operator']) retrieved from /home/airflow/.local/lib/python3.6/site-packages/airflow/example_dags/example_branch_day_of_week_operator.py
[2022-06-21 07:28:05,358] {logging_mixin.py:104} INFO - [2022-06-21 07:28:05,358] {dag.py:1832} INFO - Sync 1 DAGs
[2022-06-21 07:28:05,392] {logging_mixin.py:104} INFO - [2022-06-21 07:28:05,392] {dag.py:2305} INFO - Setting next_dagrun for example_weekday_branch_operator to 2022-06-19 00:00:00+00:00
[2022-06-21 07:28:05,407] {scheduler_job.py:190} INFO - Processing /home/airflow/.local/lib/python3.6/site-packages/airflow/example_dags/example_branch_day_of_week_operator.py took 0.137 seconds
[2022-06-21 07:28:35,707] {scheduler_job.py:182} INFO - Started process (PID=395) to work on /home/airflow/.local/lib/python3.6/site-packages/airflow/example_dags/example_branch_day_of_week_operator.py
[2022-06-21 07:28:35,710] {scheduler_job.py:633} INFO - Processing file /home/airflow/.local/lib/python3.6/site-packages/airflow/example_dags/example_branch_day_of_week_operator.py for tasks to queue
[2022-06-21 07:28:35,713] {logging_mixin.py:104} INFO - [2022-06-21 07:28:35,713] {dagbag.py:487} INFO - Filling up the DagBag from /home/airflow/.local/lib/python3.6/site-packages/airflow/example_dags/example_branch_day_of_week_operator.py
[2022-06-21 07:28:35,739] {scheduler_job.py:643} INFO - DAG(s) dict_keys(['example_weekday_branch_operator']) retrieved from /home/airflow/.local/lib/python3.6/site-packages/airflow/example_dags/example_branch_day_of_week_operator.py
[2022-06-21 07:28:35,772] {logging_mixin.py:104} INFO - [2022-06-21 07:28:35,772] {dag.py:1832} INFO - Sync 1 DAGs
[2022-06-21 07:28:35,795] {logging_mixin.py:104} INFO - [2022-06-21 07:28:35,795] {dag.py:2305} INFO - Setting next_dagrun for example_weekday_branch_operator to 2022-06-19 00:00:00+00:00
[2022-06-21 07:28:35,808] {scheduler_job.py:190} INFO - Processing /home/airflow/.local/lib/python3.6/site-packages/airflow/example_dags/example_branch_day_of_week_operator.py took 0.105 seconds
[2022-06-21 07:29:28,195] {scheduler_job.py:182} INFO - Started process (PID=51) to work on /home/airflow/.local/lib/python3.6/site-packages/airflow/example_dags/example_branch_day_of_week_operator.py
[2022-06-21 07:29:28,197] {scheduler_job.py:633} INFO - Processing file /home/airflow/.local/lib/python3.6/site-packages/airflow/example_dags/example_branch_day_of_week_operator.py for tasks to queue
[2022-06-21 07:29:28,198] {logging_mixin.py:104} INFO - [2022-06-21 07:29:28,198] {dagbag.py:487} INFO - Filling up the DagBag from /home/airflow/.local/lib/python3.6/site-packages/airflow/example_dags/example_branch_day_of_week_operator.py
[2022-06-21 07:29:28,212] {scheduler_job.py:643} INFO - DAG(s) dict_keys(['example_weekday_branch_operator']) retrieved from /home/airflow/.local/lib/python3.6/site-packages/airflow/example_dags/example_branch_day_of_week_operator.py
[2022-06-21 07:29:28,236] {logging_mixin.py:104} INFO - [2022-06-21 07:29:28,236] {dag.py:1832} INFO - Sync 1 DAGs
[2022-06-21 07:29:28,259] {logging_mixin.py:104} INFO - [2022-06-21 07:29:28,259] {dag.py:2305} INFO - Setting next_dagrun for example_weekday_branch_operator to 2022-06-19 00:00:00+00:00
[2022-06-21 07:29:28,267] {scheduler_job.py:190} INFO - Processing /home/airflow/.local/lib/python3.6/site-packages/airflow/example_dags/example_branch_day_of_week_operator.py took 0.079 seconds
[2022-06-21 07:29:58,421] {scheduler_job.py:182} INFO - Started process (PID=126) to work on /home/airflow/.local/lib/python3.6/site-packages/airflow/example_dags/example_branch_day_of_week_operator.py
[2022-06-21 07:29:58,423] {scheduler_job.py:633} INFO - Processing file /home/airflow/.local/lib/python3.6/site-packages/airflow/example_dags/example_branch_day_of_week_operator.py for tasks to queue
[2022-06-21 07:29:58,425] {logging_mixin.py:104} INFO - [2022-06-21 07:29:58,425] {dagbag.py:487} INFO - Filling up the DagBag from /home/airflow/.local/lib/python3.6/site-packages/airflow/example_dags/example_branch_day_of_week_operator.py
[2022-06-21 07:29:58,440] {scheduler_job.py:643} INFO - DAG(s) dict_keys(['example_weekday_branch_operator']) retrieved from /home/airflow/.local/lib/python3.6/site-packages/airflow/example_dags/example_branch_day_of_week_operator.py
[2022-06-21 07:29:58,463] {logging_mixin.py:104} INFO - [2022-06-21 07:29:58,463] {dag.py:1832} INFO - Sync 1 DAGs
[2022-06-21 07:29:58,484] {logging_mixin.py:104} INFO - [2022-06-21 07:29:58,483] {dag.py:2305} INFO - Setting next_dagrun for example_weekday_branch_operator to 2022-06-19 00:00:00+00:00
[2022-06-21 07:29:58,492] {scheduler_job.py:190} INFO - Processing /home/airflow/.local/lib/python3.6/site-packages/airflow/example_dags/example_branch_day_of_week_operator.py took 0.075 seconds
[2022-06-21 07:30:28,596] {scheduler_job.py:182} INFO - Started process (PID=188) to work on /home/airflow/.local/lib/python3.6/site-packages/airflow/example_dags/example_branch_day_of_week_operator.py
[2022-06-21 07:30:28,598] {scheduler_job.py:633} INFO - Processing file /home/airflow/.local/lib/python3.6/site-packages/airflow/example_dags/example_branch_day_of_week_operator.py for tasks to queue
[2022-06-21 07:30:28,600] {logging_mixin.py:104} INFO - [2022-06-21 07:30:28,600] {dagbag.py:487} INFO - Filling up the DagBag from /home/airflow/.local/lib/python3.6/site-packages/airflow/example_dags/example_branch_day_of_week_operator.py
[2022-06-21 07:30:28,612] {scheduler_job.py:643} INFO - DAG(s) dict_keys(['example_weekday_branch_operator']) retrieved from /home/airflow/.local/lib/python3.6/site-packages/airflow/example_dags/example_branch_day_of_week_operator.py
[2022-06-21 07:30:28,636] {logging_mixin.py:104} INFO - [2022-06-21 07:30:28,636] {dag.py:1832} INFO - Sync 1 DAGs
[2022-06-21 07:30:28,655] {logging_mixin.py:104} INFO - [2022-06-21 07:30:28,655] {dag.py:2305} INFO - Setting next_dagrun for example_weekday_branch_operator to 2022-06-19 00:00:00+00:00
[2022-06-21 07:30:28,670] {scheduler_job.py:190} INFO - Processing /home/airflow/.local/lib/python3.6/site-packages/airflow/example_dags/example_branch_day_of_week_operator.py took 0.077 seconds
[2022-06-21 07:31:34,267] {scheduler_job.py:182} INFO - Started process (PID=67) to work on /home/airflow/.local/lib/python3.6/site-packages/airflow/example_dags/example_branch_day_of_week_operator.py
[2022-06-21 07:31:34,270] {scheduler_job.py:633} INFO - Processing file /home/airflow/.local/lib/python3.6/site-packages/airflow/example_dags/example_branch_day_of_week_operator.py for tasks to queue
[2022-06-21 07:31:34,273] {logging_mixin.py:104} INFO - [2022-06-21 07:31:34,273] {dagbag.py:487} INFO - Filling up the DagBag from /home/airflow/.local/lib/python3.6/site-packages/airflow/example_dags/example_branch_day_of_week_operator.py
[2022-06-21 07:31:34,325] {scheduler_job.py:643} INFO - DAG(s) dict_keys(['example_weekday_branch_operator']) retrieved from /home/airflow/.local/lib/python3.6/site-packages/airflow/example_dags/example_branch_day_of_week_operator.py
[2022-06-21 07:31:34,419] {logging_mixin.py:104} INFO - [2022-06-21 07:31:34,419] {dag.py:1832} INFO - Sync 1 DAGs
[2022-06-21 07:31:34,461] {logging_mixin.py:104} INFO - [2022-06-21 07:31:34,461] {dag.py:2305} INFO - Setting next_dagrun for example_weekday_branch_operator to 2022-06-19 00:00:00+00:00
[2022-06-21 07:31:34,487] {scheduler_job.py:190} INFO - Processing /home/airflow/.local/lib/python3.6/site-packages/airflow/example_dags/example_branch_day_of_week_operator.py took 0.227 seconds
[2022-06-21 07:32:04,809] {scheduler_job.py:182} INFO - Started process (PID=130) to work on /home/airflow/.local/lib/python3.6/site-packages/airflow/example_dags/example_branch_day_of_week_operator.py
[2022-06-21 07:32:04,812] {scheduler_job.py:633} INFO - Processing file /home/airflow/.local/lib/python3.6/site-packages/airflow/example_dags/example_branch_day_of_week_operator.py for tasks to queue
[2022-06-21 07:32:04,815] {logging_mixin.py:104} INFO - [2022-06-21 07:32:04,815] {dagbag.py:487} INFO - Filling up the DagBag from /home/airflow/.local/lib/python3.6/site-packages/airflow/example_dags/example_branch_day_of_week_operator.py
[2022-06-21 07:32:04,833] {scheduler_job.py:643} INFO - DAG(s) dict_keys(['example_weekday_branch_operator']) retrieved from /home/airflow/.local/lib/python3.6/site-packages/airflow/example_dags/example_branch_day_of_week_operator.py
[2022-06-21 07:32:04,867] {logging_mixin.py:104} INFO - [2022-06-21 07:32:04,867] {dag.py:1832} INFO - Sync 1 DAGs
[2022-06-21 07:32:04,894] {logging_mixin.py:104} INFO - [2022-06-21 07:32:04,894] {dag.py:2305} INFO - Setting next_dagrun for example_weekday_branch_operator to 2022-06-19 00:00:00+00:00
[2022-06-21 07:32:04,910] {scheduler_job.py:190} INFO - Processing /home/airflow/.local/lib/python3.6/site-packages/airflow/example_dags/example_branch_day_of_week_operator.py took 0.105 seconds
[2022-06-21 07:32:35,813] {scheduler_job.py:182} INFO - Started process (PID=210) to work on /home/airflow/.local/lib/python3.6/site-packages/airflow/example_dags/example_branch_day_of_week_operator.py
[2022-06-21 07:32:35,816] {scheduler_job.py:633} INFO - Processing file /home/airflow/.local/lib/python3.6/site-packages/airflow/example_dags/example_branch_day_of_week_operator.py for tasks to queue
[2022-06-21 07:32:35,817] {logging_mixin.py:104} INFO - [2022-06-21 07:32:35,817] {dagbag.py:487} INFO - Filling up the DagBag from /home/airflow/.local/lib/python3.6/site-packages/airflow/example_dags/example_branch_day_of_week_operator.py
[2022-06-21 07:32:35,832] {scheduler_job.py:643} INFO - DAG(s) dict_keys(['example_weekday_branch_operator']) retrieved from /home/airflow/.local/lib/python3.6/site-packages/airflow/example_dags/example_branch_day_of_week_operator.py
[2022-06-21 07:32:35,860] {logging_mixin.py:104} INFO - [2022-06-21 07:32:35,860] {dag.py:1832} INFO - Sync 1 DAGs
[2022-06-21 07:32:35,883] {logging_mixin.py:104} INFO - [2022-06-21 07:32:35,883] {dag.py:2305} INFO - Setting next_dagrun for example_weekday_branch_operator to 2022-06-19 00:00:00+00:00
[2022-06-21 07:32:35,896] {scheduler_job.py:190} INFO - Processing /home/airflow/.local/lib/python3.6/site-packages/airflow/example_dags/example_branch_day_of_week_operator.py took 0.086 seconds
[2022-06-21 07:33:06,953] {scheduler_job.py:182} INFO - Started process (PID=280) to work on /home/airflow/.local/lib/python3.6/site-packages/airflow/example_dags/example_branch_day_of_week_operator.py
[2022-06-21 07:33:06,955] {scheduler_job.py:633} INFO - Processing file /home/airflow/.local/lib/python3.6/site-packages/airflow/example_dags/example_branch_day_of_week_operator.py for tasks to queue
[2022-06-21 07:33:06,956] {logging_mixin.py:104} INFO - [2022-06-21 07:33:06,956] {dagbag.py:487} INFO - Filling up the DagBag from /home/airflow/.local/lib/python3.6/site-packages/airflow/example_dags/example_branch_day_of_week_operator.py
[2022-06-21 07:33:06,972] {scheduler_job.py:643} INFO - DAG(s) dict_keys(['example_weekday_branch_operator']) retrieved from /home/airflow/.local/lib/python3.6/site-packages/airflow/example_dags/example_branch_day_of_week_operator.py
[2022-06-21 07:33:06,993] {logging_mixin.py:104} INFO - [2022-06-21 07:33:06,992] {dag.py:1832} INFO - Sync 1 DAGs
[2022-06-21 07:33:07,013] {logging_mixin.py:104} INFO - [2022-06-21 07:33:07,013] {dag.py:2305} INFO - Setting next_dagrun for example_weekday_branch_operator to 2022-06-19 00:00:00+00:00
[2022-06-21 07:33:07,022] {scheduler_job.py:190} INFO - Processing /home/airflow/.local/lib/python3.6/site-packages/airflow/example_dags/example_branch_day_of_week_operator.py took 0.073 seconds
[2022-06-21 07:33:37,168] {scheduler_job.py:182} INFO - Started process (PID=357) to work on /home/airflow/.local/lib/python3.6/site-packages/airflow/example_dags/example_branch_day_of_week_operator.py
[2022-06-21 07:33:37,171] {scheduler_job.py:633} INFO - Processing file /home/airflow/.local/lib/python3.6/site-packages/airflow/example_dags/example_branch_day_of_week_operator.py for tasks to queue
[2022-06-21 07:33:37,173] {logging_mixin.py:104} INFO - [2022-06-21 07:33:37,172] {dagbag.py:487} INFO - Filling up the DagBag from /home/airflow/.local/lib/python3.6/site-packages/airflow/example_dags/example_branch_day_of_week_operator.py
[2022-06-21 07:33:37,190] {scheduler_job.py:643} INFO - DAG(s) dict_keys(['example_weekday_branch_operator']) retrieved from /home/airflow/.local/lib/python3.6/site-packages/airflow/example_dags/example_branch_day_of_week_operator.py
[2022-06-21 07:33:37,213] {logging_mixin.py:104} INFO - [2022-06-21 07:33:37,213] {dag.py:1832} INFO - Sync 1 DAGs
[2022-06-21 07:33:37,231] {logging_mixin.py:104} INFO - [2022-06-21 07:33:37,231] {dag.py:2305} INFO - Setting next_dagrun for example_weekday_branch_operator to 2022-06-19 00:00:00+00:00
[2022-06-21 07:33:37,241] {scheduler_job.py:190} INFO - Processing /home/airflow/.local/lib/python3.6/site-packages/airflow/example_dags/example_branch_day_of_week_operator.py took 0.077 seconds
