[2022-06-21 06:56:19,232] {scheduler_job.py:182} INFO - Started process (PID=114) to work on /home/airflow/.local/lib/python3.6/site-packages/airflow/example_dags/tutorial_etl_dag.py
[2022-06-21 06:56:19,235] {scheduler_job.py:633} INFO - Processing file /home/airflow/.local/lib/python3.6/site-packages/airflow/example_dags/tutorial_etl_dag.py for tasks to queue
[2022-06-21 06:56:19,240] {logging_mixin.py:104} INFO - [2022-06-21 06:56:19,240] {dagbag.py:487} INFO - Filling up the DagBag from /home/airflow/.local/lib/python3.6/site-packages/airflow/example_dags/tutorial_etl_dag.py
[2022-06-21 06:56:19,276] {scheduler_job.py:643} INFO - DAG(s) dict_keys(['tutorial_etl_dag']) retrieved from /home/airflow/.local/lib/python3.6/site-packages/airflow/example_dags/tutorial_etl_dag.py
[2022-06-21 06:56:26,897] {logging_mixin.py:104} INFO - [2022-06-21 06:56:26,894] {dag.py:1832} INFO - Sync 1 DAGs
[2022-06-21 06:56:26,916] {logging_mixin.py:104} INFO - [2022-06-21 06:56:26,914] {dag.py:1851} INFO - Creating ORM DAG for tutorial_etl_dag
[2022-06-21 06:56:26,929] {logging_mixin.py:104} INFO - [2022-06-21 06:56:26,929] {dag.py:2305} INFO - Setting next_dagrun for tutorial_etl_dag to None
[2022-06-21 06:56:26,943] {scheduler_job.py:190} INFO - Processing /home/airflow/.local/lib/python3.6/site-packages/airflow/example_dags/tutorial_etl_dag.py took 7.716 seconds
[2022-06-21 06:58:06,872] {scheduler_job.py:182} INFO - Started process (PID=185) to work on /home/airflow/.local/lib/python3.6/site-packages/airflow/example_dags/tutorial_etl_dag.py
[2022-06-21 06:58:06,875] {scheduler_job.py:633} INFO - Processing file /home/airflow/.local/lib/python3.6/site-packages/airflow/example_dags/tutorial_etl_dag.py for tasks to queue
[2022-06-21 06:58:06,878] {logging_mixin.py:104} INFO - [2022-06-21 06:58:06,877] {dagbag.py:487} INFO - Filling up the DagBag from /home/airflow/.local/lib/python3.6/site-packages/airflow/example_dags/tutorial_etl_dag.py
[2022-06-21 06:58:06,901] {scheduler_job.py:643} INFO - DAG(s) dict_keys(['tutorial_etl_dag']) retrieved from /home/airflow/.local/lib/python3.6/site-packages/airflow/example_dags/tutorial_etl_dag.py
[2022-06-21 06:58:06,940] {logging_mixin.py:104} INFO - [2022-06-21 06:58:06,940] {dag.py:1832} INFO - Sync 1 DAGs
[2022-06-21 06:58:06,976] {logging_mixin.py:104} INFO - [2022-06-21 06:58:06,975] {dag.py:2305} INFO - Setting next_dagrun for tutorial_etl_dag to None
[2022-06-21 06:58:07,017] {scheduler_job.py:190} INFO - Processing /home/airflow/.local/lib/python3.6/site-packages/airflow/example_dags/tutorial_etl_dag.py took 0.151 seconds
[2022-06-21 06:58:47,149] {scheduler_job.py:182} INFO - Started process (PID=263) to work on /home/airflow/.local/lib/python3.6/site-packages/airflow/example_dags/tutorial_etl_dag.py
[2022-06-21 06:58:47,152] {scheduler_job.py:633} INFO - Processing file /home/airflow/.local/lib/python3.6/site-packages/airflow/example_dags/tutorial_etl_dag.py for tasks to queue
[2022-06-21 06:58:47,155] {logging_mixin.py:104} INFO - [2022-06-21 06:58:47,154] {dagbag.py:487} INFO - Filling up the DagBag from /home/airflow/.local/lib/python3.6/site-packages/airflow/example_dags/tutorial_etl_dag.py
[2022-06-21 06:58:47,180] {scheduler_job.py:643} INFO - DAG(s) dict_keys(['tutorial_etl_dag']) retrieved from /home/airflow/.local/lib/python3.6/site-packages/airflow/example_dags/tutorial_etl_dag.py
[2022-06-21 06:58:47,214] {logging_mixin.py:104} INFO - [2022-06-21 06:58:47,214] {dag.py:1832} INFO - Sync 1 DAGs
[2022-06-21 06:58:47,230] {logging_mixin.py:104} INFO - [2022-06-21 06:58:47,230] {dag.py:2305} INFO - Setting next_dagrun for tutorial_etl_dag to None
[2022-06-21 06:58:47,246] {scheduler_job.py:190} INFO - Processing /home/airflow/.local/lib/python3.6/site-packages/airflow/example_dags/tutorial_etl_dag.py took 0.102 seconds
[2022-06-21 06:59:17,471] {scheduler_job.py:182} INFO - Started process (PID=315) to work on /home/airflow/.local/lib/python3.6/site-packages/airflow/example_dags/tutorial_etl_dag.py
[2022-06-21 06:59:17,475] {scheduler_job.py:633} INFO - Processing file /home/airflow/.local/lib/python3.6/site-packages/airflow/example_dags/tutorial_etl_dag.py for tasks to queue
[2022-06-21 06:59:17,478] {logging_mixin.py:104} INFO - [2022-06-21 06:59:17,477] {dagbag.py:487} INFO - Filling up the DagBag from /home/airflow/.local/lib/python3.6/site-packages/airflow/example_dags/tutorial_etl_dag.py
[2022-06-21 06:59:17,503] {scheduler_job.py:643} INFO - DAG(s) dict_keys(['tutorial_etl_dag']) retrieved from /home/airflow/.local/lib/python3.6/site-packages/airflow/example_dags/tutorial_etl_dag.py
[2022-06-21 06:59:17,534] {logging_mixin.py:104} INFO - [2022-06-21 06:59:17,534] {dag.py:1832} INFO - Sync 1 DAGs
[2022-06-21 06:59:17,553] {logging_mixin.py:104} INFO - [2022-06-21 06:59:17,553] {dag.py:2305} INFO - Setting next_dagrun for tutorial_etl_dag to None
[2022-06-21 06:59:17,576] {scheduler_job.py:190} INFO - Processing /home/airflow/.local/lib/python3.6/site-packages/airflow/example_dags/tutorial_etl_dag.py took 0.111 seconds
[2022-06-21 06:59:55,586] {scheduler_job.py:182} INFO - Started process (PID=359) to work on /home/airflow/.local/lib/python3.6/site-packages/airflow/example_dags/tutorial_etl_dag.py
[2022-06-21 06:59:55,592] {scheduler_job.py:633} INFO - Processing file /home/airflow/.local/lib/python3.6/site-packages/airflow/example_dags/tutorial_etl_dag.py for tasks to queue
[2022-06-21 06:59:55,595] {logging_mixin.py:104} INFO - [2022-06-21 06:59:55,595] {dagbag.py:487} INFO - Filling up the DagBag from /home/airflow/.local/lib/python3.6/site-packages/airflow/example_dags/tutorial_etl_dag.py
[2022-06-21 06:59:55,626] {scheduler_job.py:643} INFO - DAG(s) dict_keys(['tutorial_etl_dag']) retrieved from /home/airflow/.local/lib/python3.6/site-packages/airflow/example_dags/tutorial_etl_dag.py
[2022-06-21 06:59:55,681] {logging_mixin.py:104} INFO - [2022-06-21 06:59:55,680] {dag.py:1832} INFO - Sync 1 DAGs
[2022-06-21 06:59:55,719] {logging_mixin.py:104} INFO - [2022-06-21 06:59:55,719] {dag.py:2305} INFO - Setting next_dagrun for tutorial_etl_dag to None
[2022-06-21 06:59:55,754] {scheduler_job.py:190} INFO - Processing /home/airflow/.local/lib/python3.6/site-packages/airflow/example_dags/tutorial_etl_dag.py took 0.175 seconds
[2022-06-21 07:00:25,971] {scheduler_job.py:182} INFO - Started process (PID=421) to work on /home/airflow/.local/lib/python3.6/site-packages/airflow/example_dags/tutorial_etl_dag.py
[2022-06-21 07:00:25,974] {scheduler_job.py:633} INFO - Processing file /home/airflow/.local/lib/python3.6/site-packages/airflow/example_dags/tutorial_etl_dag.py for tasks to queue
[2022-06-21 07:00:25,976] {logging_mixin.py:104} INFO - [2022-06-21 07:00:25,976] {dagbag.py:487} INFO - Filling up the DagBag from /home/airflow/.local/lib/python3.6/site-packages/airflow/example_dags/tutorial_etl_dag.py
[2022-06-21 07:00:25,996] {scheduler_job.py:643} INFO - DAG(s) dict_keys(['tutorial_etl_dag']) retrieved from /home/airflow/.local/lib/python3.6/site-packages/airflow/example_dags/tutorial_etl_dag.py
[2022-06-21 07:00:26,022] {logging_mixin.py:104} INFO - [2022-06-21 07:00:26,022] {dag.py:1832} INFO - Sync 1 DAGs
[2022-06-21 07:00:26,043] {logging_mixin.py:104} INFO - [2022-06-21 07:00:26,043] {dag.py:2305} INFO - Setting next_dagrun for tutorial_etl_dag to None
[2022-06-21 07:00:26,054] {scheduler_job.py:190} INFO - Processing /home/airflow/.local/lib/python3.6/site-packages/airflow/example_dags/tutorial_etl_dag.py took 0.088 seconds
[2022-06-21 07:00:56,717] {scheduler_job.py:182} INFO - Started process (PID=477) to work on /home/airflow/.local/lib/python3.6/site-packages/airflow/example_dags/tutorial_etl_dag.py
[2022-06-21 07:00:56,719] {scheduler_job.py:633} INFO - Processing file /home/airflow/.local/lib/python3.6/site-packages/airflow/example_dags/tutorial_etl_dag.py for tasks to queue
[2022-06-21 07:00:56,720] {logging_mixin.py:104} INFO - [2022-06-21 07:00:56,720] {dagbag.py:487} INFO - Filling up the DagBag from /home/airflow/.local/lib/python3.6/site-packages/airflow/example_dags/tutorial_etl_dag.py
[2022-06-21 07:00:56,737] {scheduler_job.py:643} INFO - DAG(s) dict_keys(['tutorial_etl_dag']) retrieved from /home/airflow/.local/lib/python3.6/site-packages/airflow/example_dags/tutorial_etl_dag.py
[2022-06-21 07:00:56,763] {logging_mixin.py:104} INFO - [2022-06-21 07:00:56,762] {dag.py:1832} INFO - Sync 1 DAGs
[2022-06-21 07:00:56,780] {logging_mixin.py:104} INFO - [2022-06-21 07:00:56,780] {dag.py:2305} INFO - Setting next_dagrun for tutorial_etl_dag to None
[2022-06-21 07:00:56,793] {scheduler_job.py:190} INFO - Processing /home/airflow/.local/lib/python3.6/site-packages/airflow/example_dags/tutorial_etl_dag.py took 0.080 seconds
[2022-06-21 07:01:27,305] {scheduler_job.py:182} INFO - Started process (PID=527) to work on /home/airflow/.local/lib/python3.6/site-packages/airflow/example_dags/tutorial_etl_dag.py
[2022-06-21 07:01:27,308] {scheduler_job.py:633} INFO - Processing file /home/airflow/.local/lib/python3.6/site-packages/airflow/example_dags/tutorial_etl_dag.py for tasks to queue
[2022-06-21 07:01:27,310] {logging_mixin.py:104} INFO - [2022-06-21 07:01:27,310] {dagbag.py:487} INFO - Filling up the DagBag from /home/airflow/.local/lib/python3.6/site-packages/airflow/example_dags/tutorial_etl_dag.py
[2022-06-21 07:01:27,328] {scheduler_job.py:643} INFO - DAG(s) dict_keys(['tutorial_etl_dag']) retrieved from /home/airflow/.local/lib/python3.6/site-packages/airflow/example_dags/tutorial_etl_dag.py
[2022-06-21 07:01:27,356] {logging_mixin.py:104} INFO - [2022-06-21 07:01:27,356] {dag.py:1832} INFO - Sync 1 DAGs
[2022-06-21 07:01:27,376] {logging_mixin.py:104} INFO - [2022-06-21 07:01:27,376] {dag.py:2305} INFO - Setting next_dagrun for tutorial_etl_dag to None
[2022-06-21 07:01:27,389] {scheduler_job.py:190} INFO - Processing /home/airflow/.local/lib/python3.6/site-packages/airflow/example_dags/tutorial_etl_dag.py took 0.088 seconds
[2022-06-21 07:04:54,268] {scheduler_job.py:182} INFO - Started process (PID=65) to work on /home/airflow/.local/lib/python3.6/site-packages/airflow/example_dags/tutorial_etl_dag.py
[2022-06-21 07:04:54,271] {scheduler_job.py:633} INFO - Processing file /home/airflow/.local/lib/python3.6/site-packages/airflow/example_dags/tutorial_etl_dag.py for tasks to queue
[2022-06-21 07:04:54,274] {logging_mixin.py:104} INFO - [2022-06-21 07:04:54,274] {dagbag.py:487} INFO - Filling up the DagBag from /home/airflow/.local/lib/python3.6/site-packages/airflow/example_dags/tutorial_etl_dag.py
[2022-06-21 07:04:54,298] {scheduler_job.py:643} INFO - DAG(s) dict_keys(['tutorial_etl_dag']) retrieved from /home/airflow/.local/lib/python3.6/site-packages/airflow/example_dags/tutorial_etl_dag.py
[2022-06-21 07:04:54,333] {logging_mixin.py:104} INFO - [2022-06-21 07:04:54,333] {dag.py:1832} INFO - Sync 1 DAGs
[2022-06-21 07:04:54,362] {logging_mixin.py:104} INFO - [2022-06-21 07:04:54,362] {dag.py:2305} INFO - Setting next_dagrun for tutorial_etl_dag to None
[2022-06-21 07:04:54,421] {scheduler_job.py:190} INFO - Processing /home/airflow/.local/lib/python3.6/site-packages/airflow/example_dags/tutorial_etl_dag.py took 0.158 seconds
[2022-06-21 07:05:37,641] {scheduler_job.py:182} INFO - Started process (PID=128) to work on /home/airflow/.local/lib/python3.6/site-packages/airflow/example_dags/tutorial_etl_dag.py
[2022-06-21 07:05:37,645] {scheduler_job.py:633} INFO - Processing file /home/airflow/.local/lib/python3.6/site-packages/airflow/example_dags/tutorial_etl_dag.py for tasks to queue
[2022-06-21 07:05:37,648] {logging_mixin.py:104} INFO - [2022-06-21 07:05:37,648] {dagbag.py:487} INFO - Filling up the DagBag from /home/airflow/.local/lib/python3.6/site-packages/airflow/example_dags/tutorial_etl_dag.py
[2022-06-21 07:05:37,682] {scheduler_job.py:643} INFO - DAG(s) dict_keys(['tutorial_etl_dag']) retrieved from /home/airflow/.local/lib/python3.6/site-packages/airflow/example_dags/tutorial_etl_dag.py
[2022-06-21 07:05:37,731] {logging_mixin.py:104} INFO - [2022-06-21 07:05:37,731] {dag.py:1832} INFO - Sync 1 DAGs
[2022-06-21 07:05:37,762] {logging_mixin.py:104} INFO - [2022-06-21 07:05:37,762] {dag.py:2305} INFO - Setting next_dagrun for tutorial_etl_dag to None
[2022-06-21 07:05:37,790] {scheduler_job.py:190} INFO - Processing /home/airflow/.local/lib/python3.6/site-packages/airflow/example_dags/tutorial_etl_dag.py took 0.157 seconds
[2022-06-21 07:06:07,914] {scheduler_job.py:182} INFO - Started process (PID=181) to work on /home/airflow/.local/lib/python3.6/site-packages/airflow/example_dags/tutorial_etl_dag.py
[2022-06-21 07:06:07,917] {scheduler_job.py:633} INFO - Processing file /home/airflow/.local/lib/python3.6/site-packages/airflow/example_dags/tutorial_etl_dag.py for tasks to queue
[2022-06-21 07:06:07,921] {logging_mixin.py:104} INFO - [2022-06-21 07:06:07,921] {dagbag.py:487} INFO - Filling up the DagBag from /home/airflow/.local/lib/python3.6/site-packages/airflow/example_dags/tutorial_etl_dag.py
[2022-06-21 07:06:07,947] {scheduler_job.py:643} INFO - DAG(s) dict_keys(['tutorial_etl_dag']) retrieved from /home/airflow/.local/lib/python3.6/site-packages/airflow/example_dags/tutorial_etl_dag.py
[2022-06-21 07:06:07,982] {logging_mixin.py:104} INFO - [2022-06-21 07:06:07,981] {dag.py:1832} INFO - Sync 1 DAGs
[2022-06-21 07:06:08,004] {logging_mixin.py:104} INFO - [2022-06-21 07:06:08,003] {dag.py:2305} INFO - Setting next_dagrun for tutorial_etl_dag to None
[2022-06-21 07:06:08,019] {scheduler_job.py:190} INFO - Processing /home/airflow/.local/lib/python3.6/site-packages/airflow/example_dags/tutorial_etl_dag.py took 0.110 seconds
[2022-06-21 07:06:38,071] {scheduler_job.py:182} INFO - Started process (PID=242) to work on /home/airflow/.local/lib/python3.6/site-packages/airflow/example_dags/tutorial_etl_dag.py
[2022-06-21 07:06:38,075] {scheduler_job.py:633} INFO - Processing file /home/airflow/.local/lib/python3.6/site-packages/airflow/example_dags/tutorial_etl_dag.py for tasks to queue
[2022-06-21 07:06:38,080] {logging_mixin.py:104} INFO - [2022-06-21 07:06:38,080] {dagbag.py:487} INFO - Filling up the DagBag from /home/airflow/.local/lib/python3.6/site-packages/airflow/example_dags/tutorial_etl_dag.py
[2022-06-21 07:06:38,115] {scheduler_job.py:643} INFO - DAG(s) dict_keys(['tutorial_etl_dag']) retrieved from /home/airflow/.local/lib/python3.6/site-packages/airflow/example_dags/tutorial_etl_dag.py
[2022-06-21 07:06:38,149] {logging_mixin.py:104} INFO - [2022-06-21 07:06:38,149] {dag.py:1832} INFO - Sync 1 DAGs
[2022-06-21 07:06:38,171] {logging_mixin.py:104} INFO - [2022-06-21 07:06:38,171] {dag.py:2305} INFO - Setting next_dagrun for tutorial_etl_dag to None
[2022-06-21 07:06:38,184] {scheduler_job.py:190} INFO - Processing /home/airflow/.local/lib/python3.6/site-packages/airflow/example_dags/tutorial_etl_dag.py took 0.118 seconds
[2022-06-21 07:07:22,564] {scheduler_job.py:182} INFO - Started process (PID=305) to work on /home/airflow/.local/lib/python3.6/site-packages/airflow/example_dags/tutorial_etl_dag.py
[2022-06-21 07:07:22,568] {scheduler_job.py:633} INFO - Processing file /home/airflow/.local/lib/python3.6/site-packages/airflow/example_dags/tutorial_etl_dag.py for tasks to queue
[2022-06-21 07:07:22,571] {logging_mixin.py:104} INFO - [2022-06-21 07:07:22,570] {dagbag.py:487} INFO - Filling up the DagBag from /home/airflow/.local/lib/python3.6/site-packages/airflow/example_dags/tutorial_etl_dag.py
[2022-06-21 07:07:22,597] {scheduler_job.py:643} INFO - DAG(s) dict_keys(['tutorial_etl_dag']) retrieved from /home/airflow/.local/lib/python3.6/site-packages/airflow/example_dags/tutorial_etl_dag.py
[2022-06-21 07:07:22,623] {logging_mixin.py:104} INFO - [2022-06-21 07:07:22,622] {dag.py:1832} INFO - Sync 1 DAGs
[2022-06-21 07:07:22,661] {logging_mixin.py:104} INFO - [2022-06-21 07:07:22,661] {dag.py:2305} INFO - Setting next_dagrun for tutorial_etl_dag to None
[2022-06-21 07:07:22,691] {scheduler_job.py:190} INFO - Processing /home/airflow/.local/lib/python3.6/site-packages/airflow/example_dags/tutorial_etl_dag.py took 0.139 seconds
[2022-06-21 07:07:53,040] {scheduler_job.py:182} INFO - Started process (PID=367) to work on /home/airflow/.local/lib/python3.6/site-packages/airflow/example_dags/tutorial_etl_dag.py
[2022-06-21 07:07:53,041] {scheduler_job.py:633} INFO - Processing file /home/airflow/.local/lib/python3.6/site-packages/airflow/example_dags/tutorial_etl_dag.py for tasks to queue
[2022-06-21 07:07:53,043] {logging_mixin.py:104} INFO - [2022-06-21 07:07:53,043] {dagbag.py:487} INFO - Filling up the DagBag from /home/airflow/.local/lib/python3.6/site-packages/airflow/example_dags/tutorial_etl_dag.py
[2022-06-21 07:07:53,061] {scheduler_job.py:643} INFO - DAG(s) dict_keys(['tutorial_etl_dag']) retrieved from /home/airflow/.local/lib/python3.6/site-packages/airflow/example_dags/tutorial_etl_dag.py
[2022-06-21 07:07:53,084] {logging_mixin.py:104} INFO - [2022-06-21 07:07:53,083] {dag.py:1832} INFO - Sync 1 DAGs
[2022-06-21 07:07:53,100] {logging_mixin.py:104} INFO - [2022-06-21 07:07:53,100] {dag.py:2305} INFO - Setting next_dagrun for tutorial_etl_dag to None
[2022-06-21 07:07:53,112] {scheduler_job.py:190} INFO - Processing /home/airflow/.local/lib/python3.6/site-packages/airflow/example_dags/tutorial_etl_dag.py took 0.076 seconds
[2022-06-21 07:08:23,888] {scheduler_job.py:182} INFO - Started process (PID=446) to work on /home/airflow/.local/lib/python3.6/site-packages/airflow/example_dags/tutorial_etl_dag.py
[2022-06-21 07:08:23,890] {scheduler_job.py:633} INFO - Processing file /home/airflow/.local/lib/python3.6/site-packages/airflow/example_dags/tutorial_etl_dag.py for tasks to queue
[2022-06-21 07:08:23,892] {logging_mixin.py:104} INFO - [2022-06-21 07:08:23,892] {dagbag.py:487} INFO - Filling up the DagBag from /home/airflow/.local/lib/python3.6/site-packages/airflow/example_dags/tutorial_etl_dag.py
[2022-06-21 07:08:23,920] {scheduler_job.py:643} INFO - DAG(s) dict_keys(['tutorial_etl_dag']) retrieved from /home/airflow/.local/lib/python3.6/site-packages/airflow/example_dags/tutorial_etl_dag.py
[2022-06-21 07:08:23,948] {logging_mixin.py:104} INFO - [2022-06-21 07:08:23,948] {dag.py:1832} INFO - Sync 1 DAGs
[2022-06-21 07:08:23,973] {logging_mixin.py:104} INFO - [2022-06-21 07:08:23,973] {dag.py:2305} INFO - Setting next_dagrun for tutorial_etl_dag to None
[2022-06-21 07:08:23,986] {scheduler_job.py:190} INFO - Processing /home/airflow/.local/lib/python3.6/site-packages/airflow/example_dags/tutorial_etl_dag.py took 0.103 seconds
[2022-06-21 07:08:54,404] {scheduler_job.py:182} INFO - Started process (PID=508) to work on /home/airflow/.local/lib/python3.6/site-packages/airflow/example_dags/tutorial_etl_dag.py
[2022-06-21 07:08:54,407] {scheduler_job.py:633} INFO - Processing file /home/airflow/.local/lib/python3.6/site-packages/airflow/example_dags/tutorial_etl_dag.py for tasks to queue
[2022-06-21 07:08:54,409] {logging_mixin.py:104} INFO - [2022-06-21 07:08:54,408] {dagbag.py:487} INFO - Filling up the DagBag from /home/airflow/.local/lib/python3.6/site-packages/airflow/example_dags/tutorial_etl_dag.py
[2022-06-21 07:08:54,427] {scheduler_job.py:643} INFO - DAG(s) dict_keys(['tutorial_etl_dag']) retrieved from /home/airflow/.local/lib/python3.6/site-packages/airflow/example_dags/tutorial_etl_dag.py
[2022-06-21 07:08:54,450] {logging_mixin.py:104} INFO - [2022-06-21 07:08:54,450] {dag.py:1832} INFO - Sync 1 DAGs
[2022-06-21 07:08:54,470] {logging_mixin.py:104} INFO - [2022-06-21 07:08:54,470] {dag.py:2305} INFO - Setting next_dagrun for tutorial_etl_dag to None
[2022-06-21 07:08:54,481] {scheduler_job.py:190} INFO - Processing /home/airflow/.local/lib/python3.6/site-packages/airflow/example_dags/tutorial_etl_dag.py took 0.081 seconds
[2022-06-21 07:11:09,894] {scheduler_job.py:182} INFO - Started process (PID=65) to work on /home/airflow/.local/lib/python3.6/site-packages/airflow/example_dags/tutorial_etl_dag.py
[2022-06-21 07:11:09,913] {scheduler_job.py:633} INFO - Processing file /home/airflow/.local/lib/python3.6/site-packages/airflow/example_dags/tutorial_etl_dag.py for tasks to queue
[2022-06-21 07:11:09,934] {logging_mixin.py:104} INFO - [2022-06-21 07:11:09,934] {dagbag.py:487} INFO - Filling up the DagBag from /home/airflow/.local/lib/python3.6/site-packages/airflow/example_dags/tutorial_etl_dag.py
[2022-06-21 07:11:10,025] {scheduler_job.py:643} INFO - DAG(s) dict_keys(['tutorial_etl_dag']) retrieved from /home/airflow/.local/lib/python3.6/site-packages/airflow/example_dags/tutorial_etl_dag.py
[2022-06-21 07:11:10,097] {logging_mixin.py:104} INFO - [2022-06-21 07:11:10,097] {dag.py:1832} INFO - Sync 1 DAGs
[2022-06-21 07:11:10,145] {logging_mixin.py:104} INFO - [2022-06-21 07:11:10,145] {dag.py:2305} INFO - Setting next_dagrun for tutorial_etl_dag to None
[2022-06-21 07:11:10,170] {scheduler_job.py:190} INFO - Processing /home/airflow/.local/lib/python3.6/site-packages/airflow/example_dags/tutorial_etl_dag.py took 0.286 seconds
[2022-06-21 07:11:46,123] {scheduler_job.py:182} INFO - Started process (PID=116) to work on /home/airflow/.local/lib/python3.6/site-packages/airflow/example_dags/tutorial_etl_dag.py
[2022-06-21 07:11:46,127] {scheduler_job.py:633} INFO - Processing file /home/airflow/.local/lib/python3.6/site-packages/airflow/example_dags/tutorial_etl_dag.py for tasks to queue
[2022-06-21 07:11:46,129] {logging_mixin.py:104} INFO - [2022-06-21 07:11:46,129] {dagbag.py:487} INFO - Filling up the DagBag from /home/airflow/.local/lib/python3.6/site-packages/airflow/example_dags/tutorial_etl_dag.py
[2022-06-21 07:11:46,152] {scheduler_job.py:643} INFO - DAG(s) dict_keys(['tutorial_etl_dag']) retrieved from /home/airflow/.local/lib/python3.6/site-packages/airflow/example_dags/tutorial_etl_dag.py
[2022-06-21 07:11:46,198] {logging_mixin.py:104} INFO - [2022-06-21 07:11:46,198] {dag.py:1832} INFO - Sync 1 DAGs
[2022-06-21 07:11:46,220] {logging_mixin.py:104} INFO - [2022-06-21 07:11:46,219] {dag.py:2305} INFO - Setting next_dagrun for tutorial_etl_dag to None
[2022-06-21 07:11:46,234] {scheduler_job.py:190} INFO - Processing /home/airflow/.local/lib/python3.6/site-packages/airflow/example_dags/tutorial_etl_dag.py took 0.117 seconds
[2022-06-21 07:12:18,125] {scheduler_job.py:182} INFO - Started process (PID=163) to work on /home/airflow/.local/lib/python3.6/site-packages/airflow/example_dags/tutorial_etl_dag.py
[2022-06-21 07:12:18,127] {scheduler_job.py:633} INFO - Processing file /home/airflow/.local/lib/python3.6/site-packages/airflow/example_dags/tutorial_etl_dag.py for tasks to queue
[2022-06-21 07:12:18,129] {logging_mixin.py:104} INFO - [2022-06-21 07:12:18,128] {dagbag.py:487} INFO - Filling up the DagBag from /home/airflow/.local/lib/python3.6/site-packages/airflow/example_dags/tutorial_etl_dag.py
[2022-06-21 07:12:18,153] {scheduler_job.py:643} INFO - DAG(s) dict_keys(['tutorial_etl_dag']) retrieved from /home/airflow/.local/lib/python3.6/site-packages/airflow/example_dags/tutorial_etl_dag.py
[2022-06-21 07:12:18,178] {logging_mixin.py:104} INFO - [2022-06-21 07:12:18,177] {dag.py:1832} INFO - Sync 1 DAGs
[2022-06-21 07:12:18,194] {logging_mixin.py:104} INFO - [2022-06-21 07:12:18,194] {dag.py:2305} INFO - Setting next_dagrun for tutorial_etl_dag to None
[2022-06-21 07:12:18,205] {scheduler_job.py:190} INFO - Processing /home/airflow/.local/lib/python3.6/site-packages/airflow/example_dags/tutorial_etl_dag.py took 0.085 seconds
[2022-06-21 07:12:58,055] {scheduler_job.py:182} INFO - Started process (PID=209) to work on /home/airflow/.local/lib/python3.6/site-packages/airflow/example_dags/tutorial_etl_dag.py
[2022-06-21 07:12:58,056] {scheduler_job.py:633} INFO - Processing file /home/airflow/.local/lib/python3.6/site-packages/airflow/example_dags/tutorial_etl_dag.py for tasks to queue
[2022-06-21 07:12:58,058] {logging_mixin.py:104} INFO - [2022-06-21 07:12:58,058] {dagbag.py:487} INFO - Filling up the DagBag from /home/airflow/.local/lib/python3.6/site-packages/airflow/example_dags/tutorial_etl_dag.py
[2022-06-21 07:12:58,081] {scheduler_job.py:643} INFO - DAG(s) dict_keys(['tutorial_etl_dag']) retrieved from /home/airflow/.local/lib/python3.6/site-packages/airflow/example_dags/tutorial_etl_dag.py
[2022-06-21 07:12:58,108] {logging_mixin.py:104} INFO - [2022-06-21 07:12:58,108] {dag.py:1832} INFO - Sync 1 DAGs
[2022-06-21 07:12:58,137] {logging_mixin.py:104} INFO - [2022-06-21 07:12:58,137] {dag.py:2305} INFO - Setting next_dagrun for tutorial_etl_dag to None
[2022-06-21 07:12:58,150] {scheduler_job.py:190} INFO - Processing /home/airflow/.local/lib/python3.6/site-packages/airflow/example_dags/tutorial_etl_dag.py took 0.099 seconds
[2022-06-21 07:14:41,788] {scheduler_job.py:182} INFO - Started process (PID=260) to work on /home/airflow/.local/lib/python3.6/site-packages/airflow/example_dags/tutorial_etl_dag.py
[2022-06-21 07:14:41,791] {scheduler_job.py:633} INFO - Processing file /home/airflow/.local/lib/python3.6/site-packages/airflow/example_dags/tutorial_etl_dag.py for tasks to queue
[2022-06-21 07:14:41,792] {logging_mixin.py:104} INFO - [2022-06-21 07:14:41,792] {dagbag.py:487} INFO - Filling up the DagBag from /home/airflow/.local/lib/python3.6/site-packages/airflow/example_dags/tutorial_etl_dag.py
[2022-06-21 07:14:41,808] {scheduler_job.py:643} INFO - DAG(s) dict_keys(['tutorial_etl_dag']) retrieved from /home/airflow/.local/lib/python3.6/site-packages/airflow/example_dags/tutorial_etl_dag.py
[2022-06-21 07:14:41,834] {logging_mixin.py:104} INFO - [2022-06-21 07:14:41,834] {dag.py:1832} INFO - Sync 1 DAGs
[2022-06-21 07:14:41,848] {logging_mixin.py:104} INFO - [2022-06-21 07:14:41,848] {dag.py:2305} INFO - Setting next_dagrun for tutorial_etl_dag to None
[2022-06-21 07:14:41,868] {scheduler_job.py:190} INFO - Processing /home/airflow/.local/lib/python3.6/site-packages/airflow/example_dags/tutorial_etl_dag.py took 0.083 seconds
[2022-06-21 07:15:33,790] {scheduler_job.py:182} INFO - Started process (PID=317) to work on /home/airflow/.local/lib/python3.6/site-packages/airflow/example_dags/tutorial_etl_dag.py
[2022-06-21 07:15:33,792] {scheduler_job.py:633} INFO - Processing file /home/airflow/.local/lib/python3.6/site-packages/airflow/example_dags/tutorial_etl_dag.py for tasks to queue
[2022-06-21 07:15:33,794] {logging_mixin.py:104} INFO - [2022-06-21 07:15:33,794] {dagbag.py:487} INFO - Filling up the DagBag from /home/airflow/.local/lib/python3.6/site-packages/airflow/example_dags/tutorial_etl_dag.py
[2022-06-21 07:15:33,813] {scheduler_job.py:643} INFO - DAG(s) dict_keys(['tutorial_etl_dag']) retrieved from /home/airflow/.local/lib/python3.6/site-packages/airflow/example_dags/tutorial_etl_dag.py
[2022-06-21 07:15:33,849] {logging_mixin.py:104} INFO - [2022-06-21 07:15:33,849] {dag.py:1832} INFO - Sync 1 DAGs
[2022-06-21 07:15:33,864] {logging_mixin.py:104} INFO - [2022-06-21 07:15:33,864] {dag.py:2305} INFO - Setting next_dagrun for tutorial_etl_dag to None
[2022-06-21 07:15:33,875] {scheduler_job.py:190} INFO - Processing /home/airflow/.local/lib/python3.6/site-packages/airflow/example_dags/tutorial_etl_dag.py took 0.088 seconds
[2022-06-21 07:16:09,933] {scheduler_job.py:182} INFO - Started process (PID=365) to work on /home/airflow/.local/lib/python3.6/site-packages/airflow/example_dags/tutorial_etl_dag.py
[2022-06-21 07:16:09,936] {scheduler_job.py:633} INFO - Processing file /home/airflow/.local/lib/python3.6/site-packages/airflow/example_dags/tutorial_etl_dag.py for tasks to queue
[2022-06-21 07:16:09,939] {logging_mixin.py:104} INFO - [2022-06-21 07:16:09,939] {dagbag.py:487} INFO - Filling up the DagBag from /home/airflow/.local/lib/python3.6/site-packages/airflow/example_dags/tutorial_etl_dag.py
[2022-06-21 07:16:09,974] {scheduler_job.py:643} INFO - DAG(s) dict_keys(['tutorial_etl_dag']) retrieved from /home/airflow/.local/lib/python3.6/site-packages/airflow/example_dags/tutorial_etl_dag.py
[2022-06-21 07:16:10,030] {logging_mixin.py:104} INFO - [2022-06-21 07:16:10,030] {dag.py:1832} INFO - Sync 1 DAGs
[2022-06-21 07:16:10,052] {logging_mixin.py:104} INFO - [2022-06-21 07:16:10,052] {dag.py:2305} INFO - Setting next_dagrun for tutorial_etl_dag to None
[2022-06-21 07:16:10,077] {scheduler_job.py:190} INFO - Processing /home/airflow/.local/lib/python3.6/site-packages/airflow/example_dags/tutorial_etl_dag.py took 0.148 seconds
[2022-06-21 07:16:49,074] {scheduler_job.py:182} INFO - Started process (PID=438) to work on /home/airflow/.local/lib/python3.6/site-packages/airflow/example_dags/tutorial_etl_dag.py
[2022-06-21 07:16:49,080] {scheduler_job.py:633} INFO - Processing file /home/airflow/.local/lib/python3.6/site-packages/airflow/example_dags/tutorial_etl_dag.py for tasks to queue
[2022-06-21 07:16:49,084] {logging_mixin.py:104} INFO - [2022-06-21 07:16:49,084] {dagbag.py:487} INFO - Filling up the DagBag from /home/airflow/.local/lib/python3.6/site-packages/airflow/example_dags/tutorial_etl_dag.py
[2022-06-21 07:16:49,114] {scheduler_job.py:643} INFO - DAG(s) dict_keys(['tutorial_etl_dag']) retrieved from /home/airflow/.local/lib/python3.6/site-packages/airflow/example_dags/tutorial_etl_dag.py
[2022-06-21 07:16:49,154] {logging_mixin.py:104} INFO - [2022-06-21 07:16:49,154] {dag.py:1832} INFO - Sync 1 DAGs
[2022-06-21 07:16:49,172] {logging_mixin.py:104} INFO - [2022-06-21 07:16:49,171] {dag.py:2305} INFO - Setting next_dagrun for tutorial_etl_dag to None
[2022-06-21 07:16:49,187] {scheduler_job.py:190} INFO - Processing /home/airflow/.local/lib/python3.6/site-packages/airflow/example_dags/tutorial_etl_dag.py took 0.121 seconds
[2022-06-21 07:17:19,242] {scheduler_job.py:182} INFO - Started process (PID=496) to work on /home/airflow/.local/lib/python3.6/site-packages/airflow/example_dags/tutorial_etl_dag.py
[2022-06-21 07:17:19,244] {scheduler_job.py:633} INFO - Processing file /home/airflow/.local/lib/python3.6/site-packages/airflow/example_dags/tutorial_etl_dag.py for tasks to queue
[2022-06-21 07:17:19,245] {logging_mixin.py:104} INFO - [2022-06-21 07:17:19,245] {dagbag.py:487} INFO - Filling up the DagBag from /home/airflow/.local/lib/python3.6/site-packages/airflow/example_dags/tutorial_etl_dag.py
[2022-06-21 07:17:19,263] {scheduler_job.py:643} INFO - DAG(s) dict_keys(['tutorial_etl_dag']) retrieved from /home/airflow/.local/lib/python3.6/site-packages/airflow/example_dags/tutorial_etl_dag.py
[2022-06-21 07:17:19,287] {logging_mixin.py:104} INFO - [2022-06-21 07:17:19,287] {dag.py:1832} INFO - Sync 1 DAGs
[2022-06-21 07:17:19,300] {logging_mixin.py:104} INFO - [2022-06-21 07:17:19,300] {dag.py:2305} INFO - Setting next_dagrun for tutorial_etl_dag to None
[2022-06-21 07:17:19,312] {scheduler_job.py:190} INFO - Processing /home/airflow/.local/lib/python3.6/site-packages/airflow/example_dags/tutorial_etl_dag.py took 0.075 seconds
[2022-06-21 07:20:39,637] {scheduler_job.py:182} INFO - Started process (PID=69) to work on /home/airflow/.local/lib/python3.6/site-packages/airflow/example_dags/tutorial_etl_dag.py
[2022-06-21 07:20:39,640] {scheduler_job.py:633} INFO - Processing file /home/airflow/.local/lib/python3.6/site-packages/airflow/example_dags/tutorial_etl_dag.py for tasks to queue
[2022-06-21 07:20:39,641] {logging_mixin.py:104} INFO - [2022-06-21 07:20:39,641] {dagbag.py:487} INFO - Filling up the DagBag from /home/airflow/.local/lib/python3.6/site-packages/airflow/example_dags/tutorial_etl_dag.py
[2022-06-21 07:20:39,681] {scheduler_job.py:643} INFO - DAG(s) dict_keys(['tutorial_etl_dag']) retrieved from /home/airflow/.local/lib/python3.6/site-packages/airflow/example_dags/tutorial_etl_dag.py
[2022-06-21 07:20:39,747] {logging_mixin.py:104} INFO - [2022-06-21 07:20:39,747] {dag.py:1832} INFO - Sync 1 DAGs
[2022-06-21 07:20:39,772] {logging_mixin.py:104} INFO - [2022-06-21 07:20:39,772] {dag.py:2305} INFO - Setting next_dagrun for tutorial_etl_dag to None
[2022-06-21 07:20:39,802] {scheduler_job.py:190} INFO - Processing /home/airflow/.local/lib/python3.6/site-packages/airflow/example_dags/tutorial_etl_dag.py took 0.170 seconds
[2022-06-21 07:21:10,847] {scheduler_job.py:182} INFO - Started process (PID=112) to work on /home/airflow/.local/lib/python3.6/site-packages/airflow/example_dags/tutorial_etl_dag.py
[2022-06-21 07:21:10,850] {scheduler_job.py:633} INFO - Processing file /home/airflow/.local/lib/python3.6/site-packages/airflow/example_dags/tutorial_etl_dag.py for tasks to queue
[2022-06-21 07:21:10,852] {logging_mixin.py:104} INFO - [2022-06-21 07:21:10,852] {dagbag.py:487} INFO - Filling up the DagBag from /home/airflow/.local/lib/python3.6/site-packages/airflow/example_dags/tutorial_etl_dag.py
[2022-06-21 07:21:10,873] {scheduler_job.py:643} INFO - DAG(s) dict_keys(['tutorial_etl_dag']) retrieved from /home/airflow/.local/lib/python3.6/site-packages/airflow/example_dags/tutorial_etl_dag.py
[2022-06-21 07:21:10,913] {logging_mixin.py:104} INFO - [2022-06-21 07:21:10,913] {dag.py:1832} INFO - Sync 1 DAGs
[2022-06-21 07:21:10,942] {logging_mixin.py:104} INFO - [2022-06-21 07:21:10,942] {dag.py:2305} INFO - Setting next_dagrun for tutorial_etl_dag to None
[2022-06-21 07:21:10,963] {scheduler_job.py:190} INFO - Processing /home/airflow/.local/lib/python3.6/site-packages/airflow/example_dags/tutorial_etl_dag.py took 0.120 seconds
[2022-06-21 07:21:48,024] {scheduler_job.py:182} INFO - Started process (PID=174) to work on /home/airflow/.local/lib/python3.6/site-packages/airflow/example_dags/tutorial_etl_dag.py
[2022-06-21 07:21:48,026] {scheduler_job.py:633} INFO - Processing file /home/airflow/.local/lib/python3.6/site-packages/airflow/example_dags/tutorial_etl_dag.py for tasks to queue
[2022-06-21 07:21:48,029] {logging_mixin.py:104} INFO - [2022-06-21 07:21:48,028] {dagbag.py:487} INFO - Filling up the DagBag from /home/airflow/.local/lib/python3.6/site-packages/airflow/example_dags/tutorial_etl_dag.py
[2022-06-21 07:21:48,051] {scheduler_job.py:643} INFO - DAG(s) dict_keys(['tutorial_etl_dag']) retrieved from /home/airflow/.local/lib/python3.6/site-packages/airflow/example_dags/tutorial_etl_dag.py
[2022-06-21 07:21:48,081] {logging_mixin.py:104} INFO - [2022-06-21 07:21:48,081] {dag.py:1832} INFO - Sync 1 DAGs
[2022-06-21 07:21:48,111] {logging_mixin.py:104} INFO - [2022-06-21 07:21:48,111] {dag.py:2305} INFO - Setting next_dagrun for tutorial_etl_dag to None
[2022-06-21 07:21:48,128] {scheduler_job.py:190} INFO - Processing /home/airflow/.local/lib/python3.6/site-packages/airflow/example_dags/tutorial_etl_dag.py took 0.108 seconds
[2022-06-21 07:22:24,706] {scheduler_job.py:182} INFO - Started process (PID=235) to work on /home/airflow/.local/lib/python3.6/site-packages/airflow/example_dags/tutorial_etl_dag.py
[2022-06-21 07:22:24,710] {scheduler_job.py:633} INFO - Processing file /home/airflow/.local/lib/python3.6/site-packages/airflow/example_dags/tutorial_etl_dag.py for tasks to queue
[2022-06-21 07:22:24,715] {logging_mixin.py:104} INFO - [2022-06-21 07:22:24,715] {dagbag.py:487} INFO - Filling up the DagBag from /home/airflow/.local/lib/python3.6/site-packages/airflow/example_dags/tutorial_etl_dag.py
[2022-06-21 07:22:24,758] {scheduler_job.py:643} INFO - DAG(s) dict_keys(['tutorial_etl_dag']) retrieved from /home/airflow/.local/lib/python3.6/site-packages/airflow/example_dags/tutorial_etl_dag.py
[2022-06-21 07:22:24,785] {logging_mixin.py:104} INFO - [2022-06-21 07:22:24,785] {dag.py:1832} INFO - Sync 1 DAGs
[2022-06-21 07:22:24,806] {logging_mixin.py:104} INFO - [2022-06-21 07:22:24,805] {dag.py:2305} INFO - Setting next_dagrun for tutorial_etl_dag to None
[2022-06-21 07:22:24,817] {scheduler_job.py:190} INFO - Processing /home/airflow/.local/lib/python3.6/site-packages/airflow/example_dags/tutorial_etl_dag.py took 0.114 seconds
[2022-06-21 07:23:06,118] {scheduler_job.py:182} INFO - Started process (PID=287) to work on /home/airflow/.local/lib/python3.6/site-packages/airflow/example_dags/tutorial_etl_dag.py
[2022-06-21 07:23:06,120] {scheduler_job.py:633} INFO - Processing file /home/airflow/.local/lib/python3.6/site-packages/airflow/example_dags/tutorial_etl_dag.py for tasks to queue
[2022-06-21 07:23:06,122] {logging_mixin.py:104} INFO - [2022-06-21 07:23:06,122] {dagbag.py:487} INFO - Filling up the DagBag from /home/airflow/.local/lib/python3.6/site-packages/airflow/example_dags/tutorial_etl_dag.py
[2022-06-21 07:23:06,151] {scheduler_job.py:643} INFO - DAG(s) dict_keys(['tutorial_etl_dag']) retrieved from /home/airflow/.local/lib/python3.6/site-packages/airflow/example_dags/tutorial_etl_dag.py
[2022-06-21 07:23:06,185] {logging_mixin.py:104} INFO - [2022-06-21 07:23:06,185] {dag.py:1832} INFO - Sync 1 DAGs
[2022-06-21 07:23:06,234] {logging_mixin.py:104} INFO - [2022-06-21 07:23:06,234] {dag.py:2305} INFO - Setting next_dagrun for tutorial_etl_dag to None
[2022-06-21 07:23:06,248] {scheduler_job.py:190} INFO - Processing /home/airflow/.local/lib/python3.6/site-packages/airflow/example_dags/tutorial_etl_dag.py took 0.137 seconds
[2022-06-21 07:23:36,742] {scheduler_job.py:182} INFO - Started process (PID=348) to work on /home/airflow/.local/lib/python3.6/site-packages/airflow/example_dags/tutorial_etl_dag.py
[2022-06-21 07:23:36,744] {scheduler_job.py:633} INFO - Processing file /home/airflow/.local/lib/python3.6/site-packages/airflow/example_dags/tutorial_etl_dag.py for tasks to queue
[2022-06-21 07:23:36,746] {logging_mixin.py:104} INFO - [2022-06-21 07:23:36,746] {dagbag.py:487} INFO - Filling up the DagBag from /home/airflow/.local/lib/python3.6/site-packages/airflow/example_dags/tutorial_etl_dag.py
[2022-06-21 07:23:36,766] {scheduler_job.py:643} INFO - DAG(s) dict_keys(['tutorial_etl_dag']) retrieved from /home/airflow/.local/lib/python3.6/site-packages/airflow/example_dags/tutorial_etl_dag.py
[2022-06-21 07:23:36,789] {logging_mixin.py:104} INFO - [2022-06-21 07:23:36,789] {dag.py:1832} INFO - Sync 1 DAGs
[2022-06-21 07:23:36,807] {logging_mixin.py:104} INFO - [2022-06-21 07:23:36,807] {dag.py:2305} INFO - Setting next_dagrun for tutorial_etl_dag to None
[2022-06-21 07:23:36,817] {scheduler_job.py:190} INFO - Processing /home/airflow/.local/lib/python3.6/site-packages/airflow/example_dags/tutorial_etl_dag.py took 0.080 seconds
[2022-06-21 07:24:06,855] {scheduler_job.py:182} INFO - Started process (PID=410) to work on /home/airflow/.local/lib/python3.6/site-packages/airflow/example_dags/tutorial_etl_dag.py
[2022-06-21 07:24:06,857] {scheduler_job.py:633} INFO - Processing file /home/airflow/.local/lib/python3.6/site-packages/airflow/example_dags/tutorial_etl_dag.py for tasks to queue
[2022-06-21 07:24:06,859] {logging_mixin.py:104} INFO - [2022-06-21 07:24:06,858] {dagbag.py:487} INFO - Filling up the DagBag from /home/airflow/.local/lib/python3.6/site-packages/airflow/example_dags/tutorial_etl_dag.py
[2022-06-21 07:24:06,883] {scheduler_job.py:643} INFO - DAG(s) dict_keys(['tutorial_etl_dag']) retrieved from /home/airflow/.local/lib/python3.6/site-packages/airflow/example_dags/tutorial_etl_dag.py
[2022-06-21 07:24:06,916] {logging_mixin.py:104} INFO - [2022-06-21 07:24:06,915] {dag.py:1832} INFO - Sync 1 DAGs
[2022-06-21 07:24:06,938] {logging_mixin.py:104} INFO - [2022-06-21 07:24:06,938] {dag.py:2305} INFO - Setting next_dagrun for tutorial_etl_dag to None
[2022-06-21 07:24:06,952] {scheduler_job.py:190} INFO - Processing /home/airflow/.local/lib/python3.6/site-packages/airflow/example_dags/tutorial_etl_dag.py took 0.103 seconds
[2022-06-21 07:24:47,571] {scheduler_job.py:182} INFO - Started process (PID=72) to work on /home/airflow/.local/lib/python3.6/site-packages/airflow/example_dags/tutorial_etl_dag.py
[2022-06-21 07:24:47,574] {scheduler_job.py:633} INFO - Processing file /home/airflow/.local/lib/python3.6/site-packages/airflow/example_dags/tutorial_etl_dag.py for tasks to queue
[2022-06-21 07:24:47,584] {logging_mixin.py:104} INFO - [2022-06-21 07:24:47,578] {dagbag.py:487} INFO - Filling up the DagBag from /home/airflow/.local/lib/python3.6/site-packages/airflow/example_dags/tutorial_etl_dag.py
[2022-06-21 07:24:47,619] {scheduler_job.py:643} INFO - DAG(s) dict_keys(['tutorial_etl_dag']) retrieved from /home/airflow/.local/lib/python3.6/site-packages/airflow/example_dags/tutorial_etl_dag.py
[2022-06-21 07:24:47,662] {logging_mixin.py:104} INFO - [2022-06-21 07:24:47,661] {dag.py:1832} INFO - Sync 1 DAGs
[2022-06-21 07:24:47,688] {logging_mixin.py:104} INFO - [2022-06-21 07:24:47,687] {dag.py:2305} INFO - Setting next_dagrun for tutorial_etl_dag to None
[2022-06-21 07:24:47,710] {scheduler_job.py:190} INFO - Processing /home/airflow/.local/lib/python3.6/site-packages/airflow/example_dags/tutorial_etl_dag.py took 0.153 seconds
[2022-06-21 07:25:20,532] {scheduler_job.py:182} INFO - Started process (PID=125) to work on /home/airflow/.local/lib/python3.6/site-packages/airflow/example_dags/tutorial_etl_dag.py
[2022-06-21 07:25:20,535] {scheduler_job.py:633} INFO - Processing file /home/airflow/.local/lib/python3.6/site-packages/airflow/example_dags/tutorial_etl_dag.py for tasks to queue
[2022-06-21 07:25:20,537] {logging_mixin.py:104} INFO - [2022-06-21 07:25:20,537] {dagbag.py:487} INFO - Filling up the DagBag from /home/airflow/.local/lib/python3.6/site-packages/airflow/example_dags/tutorial_etl_dag.py
[2022-06-21 07:25:20,593] {scheduler_job.py:643} INFO - DAG(s) dict_keys(['tutorial_etl_dag']) retrieved from /home/airflow/.local/lib/python3.6/site-packages/airflow/example_dags/tutorial_etl_dag.py
[2022-06-21 07:25:20,738] {logging_mixin.py:104} INFO - [2022-06-21 07:25:20,736] {dag.py:1832} INFO - Sync 1 DAGs
[2022-06-21 07:25:20,806] {logging_mixin.py:104} INFO - [2022-06-21 07:25:20,806] {dag.py:2305} INFO - Setting next_dagrun for tutorial_etl_dag to None
[2022-06-21 07:25:20,899] {scheduler_job.py:190} INFO - Processing /home/airflow/.local/lib/python3.6/site-packages/airflow/example_dags/tutorial_etl_dag.py took 0.371 seconds
[2022-06-21 07:25:51,690] {scheduler_job.py:182} INFO - Started process (PID=182) to work on /home/airflow/.local/lib/python3.6/site-packages/airflow/example_dags/tutorial_etl_dag.py
[2022-06-21 07:25:51,691] {scheduler_job.py:633} INFO - Processing file /home/airflow/.local/lib/python3.6/site-packages/airflow/example_dags/tutorial_etl_dag.py for tasks to queue
[2022-06-21 07:25:51,693] {logging_mixin.py:104} INFO - [2022-06-21 07:25:51,693] {dagbag.py:487} INFO - Filling up the DagBag from /home/airflow/.local/lib/python3.6/site-packages/airflow/example_dags/tutorial_etl_dag.py
[2022-06-21 07:25:51,710] {scheduler_job.py:643} INFO - DAG(s) dict_keys(['tutorial_etl_dag']) retrieved from /home/airflow/.local/lib/python3.6/site-packages/airflow/example_dags/tutorial_etl_dag.py
[2022-06-21 07:25:51,731] {logging_mixin.py:104} INFO - [2022-06-21 07:25:51,731] {dag.py:1832} INFO - Sync 1 DAGs
[2022-06-21 07:25:51,748] {logging_mixin.py:104} INFO - [2022-06-21 07:25:51,748] {dag.py:2305} INFO - Setting next_dagrun for tutorial_etl_dag to None
[2022-06-21 07:25:51,761] {scheduler_job.py:190} INFO - Processing /home/airflow/.local/lib/python3.6/site-packages/airflow/example_dags/tutorial_etl_dag.py took 0.074 seconds
[2022-06-21 07:26:59,250] {scheduler_job.py:182} INFO - Started process (PID=238) to work on /home/airflow/.local/lib/python3.6/site-packages/airflow/example_dags/tutorial_etl_dag.py
[2022-06-21 07:26:59,260] {scheduler_job.py:633} INFO - Processing file /home/airflow/.local/lib/python3.6/site-packages/airflow/example_dags/tutorial_etl_dag.py for tasks to queue
[2022-06-21 07:26:59,263] {logging_mixin.py:104} INFO - [2022-06-21 07:26:59,263] {dagbag.py:487} INFO - Filling up the DagBag from /home/airflow/.local/lib/python3.6/site-packages/airflow/example_dags/tutorial_etl_dag.py
[2022-06-21 07:26:59,298] {scheduler_job.py:643} INFO - DAG(s) dict_keys(['tutorial_etl_dag']) retrieved from /home/airflow/.local/lib/python3.6/site-packages/airflow/example_dags/tutorial_etl_dag.py
[2022-06-21 07:26:59,367] {logging_mixin.py:104} INFO - [2022-06-21 07:26:59,367] {dag.py:1832} INFO - Sync 1 DAGs
[2022-06-21 07:26:59,413] {logging_mixin.py:104} INFO - [2022-06-21 07:26:59,413] {dag.py:2305} INFO - Setting next_dagrun for tutorial_etl_dag to None
[2022-06-21 07:26:59,439] {scheduler_job.py:190} INFO - Processing /home/airflow/.local/lib/python3.6/site-packages/airflow/example_dags/tutorial_etl_dag.py took 0.195 seconds
[2022-06-21 07:27:30,288] {scheduler_job.py:182} INFO - Started process (PID=291) to work on /home/airflow/.local/lib/python3.6/site-packages/airflow/example_dags/tutorial_etl_dag.py
[2022-06-21 07:27:30,290] {scheduler_job.py:633} INFO - Processing file /home/airflow/.local/lib/python3.6/site-packages/airflow/example_dags/tutorial_etl_dag.py for tasks to queue
[2022-06-21 07:27:30,292] {logging_mixin.py:104} INFO - [2022-06-21 07:27:30,292] {dagbag.py:487} INFO - Filling up the DagBag from /home/airflow/.local/lib/python3.6/site-packages/airflow/example_dags/tutorial_etl_dag.py
[2022-06-21 07:27:30,311] {scheduler_job.py:643} INFO - DAG(s) dict_keys(['tutorial_etl_dag']) retrieved from /home/airflow/.local/lib/python3.6/site-packages/airflow/example_dags/tutorial_etl_dag.py
[2022-06-21 07:27:30,334] {logging_mixin.py:104} INFO - [2022-06-21 07:27:30,334] {dag.py:1832} INFO - Sync 1 DAGs
[2022-06-21 07:27:30,351] {logging_mixin.py:104} INFO - [2022-06-21 07:27:30,351] {dag.py:2305} INFO - Setting next_dagrun for tutorial_etl_dag to None
[2022-06-21 07:27:30,364] {scheduler_job.py:190} INFO - Processing /home/airflow/.local/lib/python3.6/site-packages/airflow/example_dags/tutorial_etl_dag.py took 0.079 seconds
[2022-06-21 07:28:05,497] {scheduler_job.py:182} INFO - Started process (PID=338) to work on /home/airflow/.local/lib/python3.6/site-packages/airflow/example_dags/tutorial_etl_dag.py
[2022-06-21 07:28:05,503] {scheduler_job.py:633} INFO - Processing file /home/airflow/.local/lib/python3.6/site-packages/airflow/example_dags/tutorial_etl_dag.py for tasks to queue
[2022-06-21 07:28:05,505] {logging_mixin.py:104} INFO - [2022-06-21 07:28:05,505] {dagbag.py:487} INFO - Filling up the DagBag from /home/airflow/.local/lib/python3.6/site-packages/airflow/example_dags/tutorial_etl_dag.py
[2022-06-21 07:28:05,529] {scheduler_job.py:643} INFO - DAG(s) dict_keys(['tutorial_etl_dag']) retrieved from /home/airflow/.local/lib/python3.6/site-packages/airflow/example_dags/tutorial_etl_dag.py
[2022-06-21 07:28:05,561] {logging_mixin.py:104} INFO - [2022-06-21 07:28:05,561] {dag.py:1832} INFO - Sync 1 DAGs
[2022-06-21 07:28:05,598] {logging_mixin.py:104} INFO - [2022-06-21 07:28:05,598] {dag.py:2305} INFO - Setting next_dagrun for tutorial_etl_dag to None
[2022-06-21 07:28:05,617] {scheduler_job.py:190} INFO - Processing /home/airflow/.local/lib/python3.6/site-packages/airflow/example_dags/tutorial_etl_dag.py took 0.124 seconds
[2022-06-21 07:28:35,942] {scheduler_job.py:182} INFO - Started process (PID=398) to work on /home/airflow/.local/lib/python3.6/site-packages/airflow/example_dags/tutorial_etl_dag.py
[2022-06-21 07:28:35,944] {scheduler_job.py:633} INFO - Processing file /home/airflow/.local/lib/python3.6/site-packages/airflow/example_dags/tutorial_etl_dag.py for tasks to queue
[2022-06-21 07:28:35,945] {logging_mixin.py:104} INFO - [2022-06-21 07:28:35,945] {dagbag.py:487} INFO - Filling up the DagBag from /home/airflow/.local/lib/python3.6/site-packages/airflow/example_dags/tutorial_etl_dag.py
[2022-06-21 07:28:35,965] {scheduler_job.py:643} INFO - DAG(s) dict_keys(['tutorial_etl_dag']) retrieved from /home/airflow/.local/lib/python3.6/site-packages/airflow/example_dags/tutorial_etl_dag.py
[2022-06-21 07:28:35,992] {logging_mixin.py:104} INFO - [2022-06-21 07:28:35,992] {dag.py:1832} INFO - Sync 1 DAGs
[2022-06-21 07:28:36,011] {logging_mixin.py:104} INFO - [2022-06-21 07:28:36,011] {dag.py:2305} INFO - Setting next_dagrun for tutorial_etl_dag to None
[2022-06-21 07:28:36,042] {scheduler_job.py:190} INFO - Processing /home/airflow/.local/lib/python3.6/site-packages/airflow/example_dags/tutorial_etl_dag.py took 0.105 seconds
[2022-06-21 07:29:28,305] {scheduler_job.py:182} INFO - Started process (PID=54) to work on /home/airflow/.local/lib/python3.6/site-packages/airflow/example_dags/tutorial_etl_dag.py
[2022-06-21 07:29:28,307] {scheduler_job.py:633} INFO - Processing file /home/airflow/.local/lib/python3.6/site-packages/airflow/example_dags/tutorial_etl_dag.py for tasks to queue
[2022-06-21 07:29:28,308] {logging_mixin.py:104} INFO - [2022-06-21 07:29:28,308] {dagbag.py:487} INFO - Filling up the DagBag from /home/airflow/.local/lib/python3.6/site-packages/airflow/example_dags/tutorial_etl_dag.py
[2022-06-21 07:29:28,324] {scheduler_job.py:643} INFO - DAG(s) dict_keys(['tutorial_etl_dag']) retrieved from /home/airflow/.local/lib/python3.6/site-packages/airflow/example_dags/tutorial_etl_dag.py
[2022-06-21 07:29:28,350] {logging_mixin.py:104} INFO - [2022-06-21 07:29:28,350] {dag.py:1832} INFO - Sync 1 DAGs
[2022-06-21 07:29:28,368] {logging_mixin.py:104} INFO - [2022-06-21 07:29:28,368] {dag.py:2305} INFO - Setting next_dagrun for tutorial_etl_dag to None
[2022-06-21 07:29:28,387] {scheduler_job.py:190} INFO - Processing /home/airflow/.local/lib/python3.6/site-packages/airflow/example_dags/tutorial_etl_dag.py took 0.086 seconds
[2022-06-21 07:29:58,542] {scheduler_job.py:182} INFO - Started process (PID=129) to work on /home/airflow/.local/lib/python3.6/site-packages/airflow/example_dags/tutorial_etl_dag.py
[2022-06-21 07:29:58,544] {scheduler_job.py:633} INFO - Processing file /home/airflow/.local/lib/python3.6/site-packages/airflow/example_dags/tutorial_etl_dag.py for tasks to queue
[2022-06-21 07:29:58,545] {logging_mixin.py:104} INFO - [2022-06-21 07:29:58,545] {dagbag.py:487} INFO - Filling up the DagBag from /home/airflow/.local/lib/python3.6/site-packages/airflow/example_dags/tutorial_etl_dag.py
[2022-06-21 07:29:58,557] {scheduler_job.py:643} INFO - DAG(s) dict_keys(['tutorial_etl_dag']) retrieved from /home/airflow/.local/lib/python3.6/site-packages/airflow/example_dags/tutorial_etl_dag.py
[2022-06-21 07:29:58,579] {logging_mixin.py:104} INFO - [2022-06-21 07:29:58,579] {dag.py:1832} INFO - Sync 1 DAGs
[2022-06-21 07:29:58,595] {logging_mixin.py:104} INFO - [2022-06-21 07:29:58,595] {dag.py:2305} INFO - Setting next_dagrun for tutorial_etl_dag to None
[2022-06-21 07:29:58,605] {scheduler_job.py:190} INFO - Processing /home/airflow/.local/lib/python3.6/site-packages/airflow/example_dags/tutorial_etl_dag.py took 0.066 seconds
[2022-06-21 07:30:28,866] {scheduler_job.py:182} INFO - Started process (PID=191) to work on /home/airflow/.local/lib/python3.6/site-packages/airflow/example_dags/tutorial_etl_dag.py
[2022-06-21 07:30:28,868] {scheduler_job.py:633} INFO - Processing file /home/airflow/.local/lib/python3.6/site-packages/airflow/example_dags/tutorial_etl_dag.py for tasks to queue
[2022-06-21 07:30:28,869] {logging_mixin.py:104} INFO - [2022-06-21 07:30:28,869] {dagbag.py:487} INFO - Filling up the DagBag from /home/airflow/.local/lib/python3.6/site-packages/airflow/example_dags/tutorial_etl_dag.py
[2022-06-21 07:30:28,882] {scheduler_job.py:643} INFO - DAG(s) dict_keys(['tutorial_etl_dag']) retrieved from /home/airflow/.local/lib/python3.6/site-packages/airflow/example_dags/tutorial_etl_dag.py
[2022-06-21 07:30:28,908] {logging_mixin.py:104} INFO - [2022-06-21 07:30:28,907] {dag.py:1832} INFO - Sync 1 DAGs
[2022-06-21 07:30:28,925] {logging_mixin.py:104} INFO - [2022-06-21 07:30:28,925] {dag.py:2305} INFO - Setting next_dagrun for tutorial_etl_dag to None
[2022-06-21 07:30:28,935] {scheduler_job.py:190} INFO - Processing /home/airflow/.local/lib/python3.6/site-packages/airflow/example_dags/tutorial_etl_dag.py took 0.073 seconds
[2022-06-21 07:31:34,579] {scheduler_job.py:182} INFO - Started process (PID=70) to work on /home/airflow/.local/lib/python3.6/site-packages/airflow/example_dags/tutorial_etl_dag.py
[2022-06-21 07:31:34,583] {scheduler_job.py:633} INFO - Processing file /home/airflow/.local/lib/python3.6/site-packages/airflow/example_dags/tutorial_etl_dag.py for tasks to queue
[2022-06-21 07:31:34,585] {logging_mixin.py:104} INFO - [2022-06-21 07:31:34,584] {dagbag.py:487} INFO - Filling up the DagBag from /home/airflow/.local/lib/python3.6/site-packages/airflow/example_dags/tutorial_etl_dag.py
[2022-06-21 07:31:34,605] {scheduler_job.py:643} INFO - DAG(s) dict_keys(['tutorial_etl_dag']) retrieved from /home/airflow/.local/lib/python3.6/site-packages/airflow/example_dags/tutorial_etl_dag.py
[2022-06-21 07:31:34,647] {logging_mixin.py:104} INFO - [2022-06-21 07:31:34,647] {dag.py:1832} INFO - Sync 1 DAGs
[2022-06-21 07:31:34,681] {logging_mixin.py:104} INFO - [2022-06-21 07:31:34,680] {dag.py:2305} INFO - Setting next_dagrun for tutorial_etl_dag to None
[2022-06-21 07:31:34,703] {scheduler_job.py:190} INFO - Processing /home/airflow/.local/lib/python3.6/site-packages/airflow/example_dags/tutorial_etl_dag.py took 0.128 seconds
[2022-06-21 07:32:04,964] {scheduler_job.py:182} INFO - Started process (PID=133) to work on /home/airflow/.local/lib/python3.6/site-packages/airflow/example_dags/tutorial_etl_dag.py
[2022-06-21 07:32:04,967] {scheduler_job.py:633} INFO - Processing file /home/airflow/.local/lib/python3.6/site-packages/airflow/example_dags/tutorial_etl_dag.py for tasks to queue
[2022-06-21 07:32:04,969] {logging_mixin.py:104} INFO - [2022-06-21 07:32:04,968] {dagbag.py:487} INFO - Filling up the DagBag from /home/airflow/.local/lib/python3.6/site-packages/airflow/example_dags/tutorial_etl_dag.py
[2022-06-21 07:32:04,988] {scheduler_job.py:643} INFO - DAG(s) dict_keys(['tutorial_etl_dag']) retrieved from /home/airflow/.local/lib/python3.6/site-packages/airflow/example_dags/tutorial_etl_dag.py
[2022-06-21 07:32:05,019] {logging_mixin.py:104} INFO - [2022-06-21 07:32:05,018] {dag.py:1832} INFO - Sync 1 DAGs
[2022-06-21 07:32:05,038] {logging_mixin.py:104} INFO - [2022-06-21 07:32:05,038] {dag.py:2305} INFO - Setting next_dagrun for tutorial_etl_dag to None
[2022-06-21 07:32:05,050] {scheduler_job.py:190} INFO - Processing /home/airflow/.local/lib/python3.6/site-packages/airflow/example_dags/tutorial_etl_dag.py took 0.089 seconds
[2022-06-21 07:32:36,040] {scheduler_job.py:182} INFO - Started process (PID=213) to work on /home/airflow/.local/lib/python3.6/site-packages/airflow/example_dags/tutorial_etl_dag.py
[2022-06-21 07:32:36,044] {scheduler_job.py:633} INFO - Processing file /home/airflow/.local/lib/python3.6/site-packages/airflow/example_dags/tutorial_etl_dag.py for tasks to queue
[2022-06-21 07:32:36,048] {logging_mixin.py:104} INFO - [2022-06-21 07:32:36,047] {dagbag.py:487} INFO - Filling up the DagBag from /home/airflow/.local/lib/python3.6/site-packages/airflow/example_dags/tutorial_etl_dag.py
[2022-06-21 07:32:36,091] {scheduler_job.py:643} INFO - DAG(s) dict_keys(['tutorial_etl_dag']) retrieved from /home/airflow/.local/lib/python3.6/site-packages/airflow/example_dags/tutorial_etl_dag.py
[2022-06-21 07:32:36,127] {logging_mixin.py:104} INFO - [2022-06-21 07:32:36,127] {dag.py:1832} INFO - Sync 1 DAGs
[2022-06-21 07:32:36,162] {logging_mixin.py:104} INFO - [2022-06-21 07:32:36,161] {dag.py:2305} INFO - Setting next_dagrun for tutorial_etl_dag to None
[2022-06-21 07:32:36,182] {scheduler_job.py:190} INFO - Processing /home/airflow/.local/lib/python3.6/site-packages/airflow/example_dags/tutorial_etl_dag.py took 0.147 seconds
[2022-06-21 07:33:07,093] {scheduler_job.py:182} INFO - Started process (PID=283) to work on /home/airflow/.local/lib/python3.6/site-packages/airflow/example_dags/tutorial_etl_dag.py
[2022-06-21 07:33:07,095] {scheduler_job.py:633} INFO - Processing file /home/airflow/.local/lib/python3.6/site-packages/airflow/example_dags/tutorial_etl_dag.py for tasks to queue
[2022-06-21 07:33:07,097] {logging_mixin.py:104} INFO - [2022-06-21 07:33:07,097] {dagbag.py:487} INFO - Filling up the DagBag from /home/airflow/.local/lib/python3.6/site-packages/airflow/example_dags/tutorial_etl_dag.py
[2022-06-21 07:33:07,113] {scheduler_job.py:643} INFO - DAG(s) dict_keys(['tutorial_etl_dag']) retrieved from /home/airflow/.local/lib/python3.6/site-packages/airflow/example_dags/tutorial_etl_dag.py
[2022-06-21 07:33:07,133] {logging_mixin.py:104} INFO - [2022-06-21 07:33:07,133] {dag.py:1832} INFO - Sync 1 DAGs
[2022-06-21 07:33:07,149] {logging_mixin.py:104} INFO - [2022-06-21 07:33:07,149] {dag.py:2305} INFO - Setting next_dagrun for tutorial_etl_dag to None
[2022-06-21 07:33:07,158] {scheduler_job.py:190} INFO - Processing /home/airflow/.local/lib/python3.6/site-packages/airflow/example_dags/tutorial_etl_dag.py took 0.068 seconds
[2022-06-21 07:33:37,353] {scheduler_job.py:182} INFO - Started process (PID=360) to work on /home/airflow/.local/lib/python3.6/site-packages/airflow/example_dags/tutorial_etl_dag.py
[2022-06-21 07:33:37,355] {scheduler_job.py:633} INFO - Processing file /home/airflow/.local/lib/python3.6/site-packages/airflow/example_dags/tutorial_etl_dag.py for tasks to queue
[2022-06-21 07:33:37,357] {logging_mixin.py:104} INFO - [2022-06-21 07:33:37,356] {dagbag.py:487} INFO - Filling up the DagBag from /home/airflow/.local/lib/python3.6/site-packages/airflow/example_dags/tutorial_etl_dag.py
[2022-06-21 07:33:37,372] {scheduler_job.py:643} INFO - DAG(s) dict_keys(['tutorial_etl_dag']) retrieved from /home/airflow/.local/lib/python3.6/site-packages/airflow/example_dags/tutorial_etl_dag.py
[2022-06-21 07:33:37,393] {logging_mixin.py:104} INFO - [2022-06-21 07:33:37,393] {dag.py:1832} INFO - Sync 1 DAGs
[2022-06-21 07:33:37,409] {logging_mixin.py:104} INFO - [2022-06-21 07:33:37,408] {dag.py:2305} INFO - Setting next_dagrun for tutorial_etl_dag to None
[2022-06-21 07:33:37,417] {scheduler_job.py:190} INFO - Processing /home/airflow/.local/lib/python3.6/site-packages/airflow/example_dags/tutorial_etl_dag.py took 0.068 seconds
