[2022-06-21 06:56:36,558] {scheduler_job.py:182} INFO - Started process (PID=146) to work on /home/airflow/.local/lib/python3.6/site-packages/airflow/example_dags/tutorial.py
[2022-06-21 06:56:36,560] {scheduler_job.py:633} INFO - Processing file /home/airflow/.local/lib/python3.6/site-packages/airflow/example_dags/tutorial.py for tasks to queue
[2022-06-21 06:56:36,562] {logging_mixin.py:104} INFO - [2022-06-21 06:56:36,562] {dagbag.py:487} INFO - Filling up the DagBag from /home/airflow/.local/lib/python3.6/site-packages/airflow/example_dags/tutorial.py
[2022-06-21 06:56:36,583] {scheduler_job.py:643} INFO - DAG(s) dict_keys(['tutorial']) retrieved from /home/airflow/.local/lib/python3.6/site-packages/airflow/example_dags/tutorial.py
[2022-06-21 06:56:39,895] {logging_mixin.py:104} INFO - [2022-06-21 06:56:39,893] {dag.py:1832} INFO - Sync 1 DAGs
[2022-06-21 06:56:39,919] {logging_mixin.py:104} INFO - [2022-06-21 06:56:39,918] {dag.py:1851} INFO - Creating ORM DAG for tutorial
[2022-06-21 06:56:39,935] {logging_mixin.py:104} INFO - [2022-06-21 06:56:39,935] {dag.py:2305} INFO - Setting next_dagrun for tutorial to 2022-06-19 00:00:00+00:00
[2022-06-21 06:56:39,959] {scheduler_job.py:190} INFO - Processing /home/airflow/.local/lib/python3.6/site-packages/airflow/example_dags/tutorial.py took 3.406 seconds
[2022-06-21 06:58:08,098] {scheduler_job.py:182} INFO - Started process (PID=199) to work on /home/airflow/.local/lib/python3.6/site-packages/airflow/example_dags/tutorial.py
[2022-06-21 06:58:08,110] {scheduler_job.py:633} INFO - Processing file /home/airflow/.local/lib/python3.6/site-packages/airflow/example_dags/tutorial.py for tasks to queue
[2022-06-21 06:58:08,115] {logging_mixin.py:104} INFO - [2022-06-21 06:58:08,115] {dagbag.py:487} INFO - Filling up the DagBag from /home/airflow/.local/lib/python3.6/site-packages/airflow/example_dags/tutorial.py
[2022-06-21 06:58:08,135] {scheduler_job.py:643} INFO - DAG(s) dict_keys(['tutorial']) retrieved from /home/airflow/.local/lib/python3.6/site-packages/airflow/example_dags/tutorial.py
[2022-06-21 06:58:08,197] {logging_mixin.py:104} INFO - [2022-06-21 06:58:08,196] {dag.py:1832} INFO - Sync 1 DAGs
[2022-06-21 06:58:08,224] {logging_mixin.py:104} INFO - [2022-06-21 06:58:08,223] {dag.py:2305} INFO - Setting next_dagrun for tutorial to 2022-06-19 00:00:00+00:00
[2022-06-21 06:58:08,246] {scheduler_job.py:190} INFO - Processing /home/airflow/.local/lib/python3.6/site-packages/airflow/example_dags/tutorial.py took 0.152 seconds
[2022-06-21 06:58:47,747] {scheduler_job.py:182} INFO - Started process (PID=271) to work on /home/airflow/.local/lib/python3.6/site-packages/airflow/example_dags/tutorial.py
[2022-06-21 06:58:47,750] {scheduler_job.py:633} INFO - Processing file /home/airflow/.local/lib/python3.6/site-packages/airflow/example_dags/tutorial.py for tasks to queue
[2022-06-21 06:58:47,752] {logging_mixin.py:104} INFO - [2022-06-21 06:58:47,752] {dagbag.py:487} INFO - Filling up the DagBag from /home/airflow/.local/lib/python3.6/site-packages/airflow/example_dags/tutorial.py
[2022-06-21 06:58:47,774] {scheduler_job.py:643} INFO - DAG(s) dict_keys(['tutorial']) retrieved from /home/airflow/.local/lib/python3.6/site-packages/airflow/example_dags/tutorial.py
[2022-06-21 06:58:47,804] {logging_mixin.py:104} INFO - [2022-06-21 06:58:47,804] {dag.py:1832} INFO - Sync 1 DAGs
[2022-06-21 06:58:47,819] {logging_mixin.py:104} INFO - [2022-06-21 06:58:47,819] {dag.py:2305} INFO - Setting next_dagrun for tutorial to 2022-06-19 00:00:00+00:00
[2022-06-21 06:58:47,833] {scheduler_job.py:190} INFO - Processing /home/airflow/.local/lib/python3.6/site-packages/airflow/example_dags/tutorial.py took 0.092 seconds
[2022-06-21 06:59:17,985] {scheduler_job.py:182} INFO - Started process (PID=322) to work on /home/airflow/.local/lib/python3.6/site-packages/airflow/example_dags/tutorial.py
[2022-06-21 06:59:17,989] {scheduler_job.py:633} INFO - Processing file /home/airflow/.local/lib/python3.6/site-packages/airflow/example_dags/tutorial.py for tasks to queue
[2022-06-21 06:59:17,991] {logging_mixin.py:104} INFO - [2022-06-21 06:59:17,991] {dagbag.py:487} INFO - Filling up the DagBag from /home/airflow/.local/lib/python3.6/site-packages/airflow/example_dags/tutorial.py
[2022-06-21 06:59:18,010] {scheduler_job.py:643} INFO - DAG(s) dict_keys(['tutorial']) retrieved from /home/airflow/.local/lib/python3.6/site-packages/airflow/example_dags/tutorial.py
[2022-06-21 06:59:18,041] {logging_mixin.py:104} INFO - [2022-06-21 06:59:18,041] {dag.py:1832} INFO - Sync 1 DAGs
[2022-06-21 06:59:18,060] {logging_mixin.py:104} INFO - [2022-06-21 06:59:18,060] {dag.py:2305} INFO - Setting next_dagrun for tutorial to 2022-06-19 00:00:00+00:00
[2022-06-21 06:59:18,076] {scheduler_job.py:190} INFO - Processing /home/airflow/.local/lib/python3.6/site-packages/airflow/example_dags/tutorial.py took 0.103 seconds
[2022-06-21 06:59:56,578] {scheduler_job.py:182} INFO - Started process (PID=367) to work on /home/airflow/.local/lib/python3.6/site-packages/airflow/example_dags/tutorial.py
[2022-06-21 06:59:56,582] {scheduler_job.py:633} INFO - Processing file /home/airflow/.local/lib/python3.6/site-packages/airflow/example_dags/tutorial.py for tasks to queue
[2022-06-21 06:59:56,586] {logging_mixin.py:104} INFO - [2022-06-21 06:59:56,586] {dagbag.py:487} INFO - Filling up the DagBag from /home/airflow/.local/lib/python3.6/site-packages/airflow/example_dags/tutorial.py
[2022-06-21 06:59:56,609] {scheduler_job.py:643} INFO - DAG(s) dict_keys(['tutorial']) retrieved from /home/airflow/.local/lib/python3.6/site-packages/airflow/example_dags/tutorial.py
[2022-06-21 06:59:56,654] {logging_mixin.py:104} INFO - [2022-06-21 06:59:56,654] {dag.py:1832} INFO - Sync 1 DAGs
[2022-06-21 06:59:56,676] {logging_mixin.py:104} INFO - [2022-06-21 06:59:56,676] {dag.py:2305} INFO - Setting next_dagrun for tutorial to 2022-06-19 00:00:00+00:00
[2022-06-21 06:59:56,701] {scheduler_job.py:190} INFO - Processing /home/airflow/.local/lib/python3.6/site-packages/airflow/example_dags/tutorial.py took 0.129 seconds
[2022-06-21 07:00:26,841] {scheduler_job.py:182} INFO - Started process (PID=428) to work on /home/airflow/.local/lib/python3.6/site-packages/airflow/example_dags/tutorial.py
[2022-06-21 07:00:26,843] {scheduler_job.py:633} INFO - Processing file /home/airflow/.local/lib/python3.6/site-packages/airflow/example_dags/tutorial.py for tasks to queue
[2022-06-21 07:00:26,844] {logging_mixin.py:104} INFO - [2022-06-21 07:00:26,844] {dagbag.py:487} INFO - Filling up the DagBag from /home/airflow/.local/lib/python3.6/site-packages/airflow/example_dags/tutorial.py
[2022-06-21 07:00:26,866] {scheduler_job.py:643} INFO - DAG(s) dict_keys(['tutorial']) retrieved from /home/airflow/.local/lib/python3.6/site-packages/airflow/example_dags/tutorial.py
[2022-06-21 07:00:26,898] {logging_mixin.py:104} INFO - [2022-06-21 07:00:26,898] {dag.py:1832} INFO - Sync 1 DAGs
[2022-06-21 07:00:26,918] {logging_mixin.py:104} INFO - [2022-06-21 07:00:26,918] {dag.py:2305} INFO - Setting next_dagrun for tutorial to 2022-06-19 00:00:00+00:00
[2022-06-21 07:00:26,934] {scheduler_job.py:190} INFO - Processing /home/airflow/.local/lib/python3.6/site-packages/airflow/example_dags/tutorial.py took 0.098 seconds
[2022-06-21 07:00:57,297] {scheduler_job.py:182} INFO - Started process (PID=489) to work on /home/airflow/.local/lib/python3.6/site-packages/airflow/example_dags/tutorial.py
[2022-06-21 07:00:57,299] {scheduler_job.py:633} INFO - Processing file /home/airflow/.local/lib/python3.6/site-packages/airflow/example_dags/tutorial.py for tasks to queue
[2022-06-21 07:00:57,301] {logging_mixin.py:104} INFO - [2022-06-21 07:00:57,300] {dagbag.py:487} INFO - Filling up the DagBag from /home/airflow/.local/lib/python3.6/site-packages/airflow/example_dags/tutorial.py
[2022-06-21 07:00:57,323] {scheduler_job.py:643} INFO - DAG(s) dict_keys(['tutorial']) retrieved from /home/airflow/.local/lib/python3.6/site-packages/airflow/example_dags/tutorial.py
[2022-06-21 07:00:57,361] {logging_mixin.py:104} INFO - [2022-06-21 07:00:57,360] {dag.py:1832} INFO - Sync 1 DAGs
[2022-06-21 07:00:57,383] {logging_mixin.py:104} INFO - [2022-06-21 07:00:57,382] {dag.py:2305} INFO - Setting next_dagrun for tutorial to 2022-06-19 00:00:00+00:00
[2022-06-21 07:00:57,404] {scheduler_job.py:190} INFO - Processing /home/airflow/.local/lib/python3.6/site-packages/airflow/example_dags/tutorial.py took 0.112 seconds
[2022-06-21 07:01:28,173] {scheduler_job.py:182} INFO - Started process (PID=542) to work on /home/airflow/.local/lib/python3.6/site-packages/airflow/example_dags/tutorial.py
[2022-06-21 07:01:28,176] {scheduler_job.py:633} INFO - Processing file /home/airflow/.local/lib/python3.6/site-packages/airflow/example_dags/tutorial.py for tasks to queue
[2022-06-21 07:01:28,178] {logging_mixin.py:104} INFO - [2022-06-21 07:01:28,178] {dagbag.py:487} INFO - Filling up the DagBag from /home/airflow/.local/lib/python3.6/site-packages/airflow/example_dags/tutorial.py
[2022-06-21 07:01:28,197] {scheduler_job.py:643} INFO - DAG(s) dict_keys(['tutorial']) retrieved from /home/airflow/.local/lib/python3.6/site-packages/airflow/example_dags/tutorial.py
[2022-06-21 07:01:28,242] {logging_mixin.py:104} INFO - [2022-06-21 07:01:28,242] {dag.py:1832} INFO - Sync 1 DAGs
[2022-06-21 07:01:28,264] {logging_mixin.py:104} INFO - [2022-06-21 07:01:28,264] {dag.py:2305} INFO - Setting next_dagrun for tutorial to 2022-06-19 00:00:00+00:00
[2022-06-21 07:01:28,278] {scheduler_job.py:190} INFO - Processing /home/airflow/.local/lib/python3.6/site-packages/airflow/example_dags/tutorial.py took 0.109 seconds
[2022-06-21 07:04:56,730] {scheduler_job.py:182} INFO - Started process (PID=78) to work on /home/airflow/.local/lib/python3.6/site-packages/airflow/example_dags/tutorial.py
[2022-06-21 07:04:56,739] {scheduler_job.py:633} INFO - Processing file /home/airflow/.local/lib/python3.6/site-packages/airflow/example_dags/tutorial.py for tasks to queue
[2022-06-21 07:04:56,769] {logging_mixin.py:104} INFO - [2022-06-21 07:04:56,764] {dagbag.py:487} INFO - Filling up the DagBag from /home/airflow/.local/lib/python3.6/site-packages/airflow/example_dags/tutorial.py
[2022-06-21 07:04:57,382] {scheduler_job.py:643} INFO - DAG(s) dict_keys(['tutorial']) retrieved from /home/airflow/.local/lib/python3.6/site-packages/airflow/example_dags/tutorial.py
[2022-06-21 07:04:57,572] {logging_mixin.py:104} INFO - [2022-06-21 07:04:57,569] {dag.py:1832} INFO - Sync 1 DAGs
[2022-06-21 07:04:57,625] {logging_mixin.py:104} INFO - [2022-06-21 07:04:57,625] {dag.py:2305} INFO - Setting next_dagrun for tutorial to 2022-06-19 00:00:00+00:00
[2022-06-21 07:04:57,806] {scheduler_job.py:190} INFO - Processing /home/airflow/.local/lib/python3.6/site-packages/airflow/example_dags/tutorial.py took 1.327 seconds
[2022-06-21 07:05:38,962] {scheduler_job.py:182} INFO - Started process (PID=136) to work on /home/airflow/.local/lib/python3.6/site-packages/airflow/example_dags/tutorial.py
[2022-06-21 07:05:38,965] {scheduler_job.py:633} INFO - Processing file /home/airflow/.local/lib/python3.6/site-packages/airflow/example_dags/tutorial.py for tasks to queue
[2022-06-21 07:05:38,967] {logging_mixin.py:104} INFO - [2022-06-21 07:05:38,967] {dagbag.py:487} INFO - Filling up the DagBag from /home/airflow/.local/lib/python3.6/site-packages/airflow/example_dags/tutorial.py
[2022-06-21 07:05:38,988] {scheduler_job.py:643} INFO - DAG(s) dict_keys(['tutorial']) retrieved from /home/airflow/.local/lib/python3.6/site-packages/airflow/example_dags/tutorial.py
[2022-06-21 07:05:39,029] {logging_mixin.py:104} INFO - [2022-06-21 07:05:39,029] {dag.py:1832} INFO - Sync 1 DAGs
[2022-06-21 07:05:39,073] {logging_mixin.py:104} INFO - [2022-06-21 07:05:39,073] {dag.py:2305} INFO - Setting next_dagrun for tutorial to 2022-06-19 00:00:00+00:00
[2022-06-21 07:05:39,099] {scheduler_job.py:190} INFO - Processing /home/airflow/.local/lib/python3.6/site-packages/airflow/example_dags/tutorial.py took 0.142 seconds
[2022-06-21 07:06:13,878] {scheduler_job.py:182} INFO - Started process (PID=205) to work on /home/airflow/.local/lib/python3.6/site-packages/airflow/example_dags/tutorial.py
[2022-06-21 07:06:13,880] {scheduler_job.py:633} INFO - Processing file /home/airflow/.local/lib/python3.6/site-packages/airflow/example_dags/tutorial.py for tasks to queue
[2022-06-21 07:06:13,882] {logging_mixin.py:104} INFO - [2022-06-21 07:06:13,882] {dagbag.py:487} INFO - Filling up the DagBag from /home/airflow/.local/lib/python3.6/site-packages/airflow/example_dags/tutorial.py
[2022-06-21 07:06:13,904] {scheduler_job.py:643} INFO - DAG(s) dict_keys(['tutorial']) retrieved from /home/airflow/.local/lib/python3.6/site-packages/airflow/example_dags/tutorial.py
[2022-06-21 07:06:13,939] {logging_mixin.py:104} INFO - [2022-06-21 07:06:13,939] {dag.py:1832} INFO - Sync 1 DAGs
[2022-06-21 07:06:13,960] {logging_mixin.py:104} INFO - [2022-06-21 07:06:13,960] {dag.py:2305} INFO - Setting next_dagrun for tutorial to 2022-06-19 00:00:00+00:00
[2022-06-21 07:06:13,971] {scheduler_job.py:190} INFO - Processing /home/airflow/.local/lib/python3.6/site-packages/airflow/example_dags/tutorial.py took 0.096 seconds
[2022-06-21 07:06:45,168] {scheduler_job.py:182} INFO - Started process (PID=266) to work on /home/airflow/.local/lib/python3.6/site-packages/airflow/example_dags/tutorial.py
[2022-06-21 07:06:45,170] {scheduler_job.py:633} INFO - Processing file /home/airflow/.local/lib/python3.6/site-packages/airflow/example_dags/tutorial.py for tasks to queue
[2022-06-21 07:06:45,172] {logging_mixin.py:104} INFO - [2022-06-21 07:06:45,172] {dagbag.py:487} INFO - Filling up the DagBag from /home/airflow/.local/lib/python3.6/site-packages/airflow/example_dags/tutorial.py
[2022-06-21 07:06:45,202] {scheduler_job.py:643} INFO - DAG(s) dict_keys(['tutorial']) retrieved from /home/airflow/.local/lib/python3.6/site-packages/airflow/example_dags/tutorial.py
[2022-06-21 07:06:45,247] {logging_mixin.py:104} INFO - [2022-06-21 07:06:45,246] {dag.py:1832} INFO - Sync 1 DAGs
[2022-06-21 07:06:45,276] {logging_mixin.py:104} INFO - [2022-06-21 07:06:45,276] {dag.py:2305} INFO - Setting next_dagrun for tutorial to 2022-06-19 00:00:00+00:00
[2022-06-21 07:06:45,295] {scheduler_job.py:190} INFO - Processing /home/airflow/.local/lib/python3.6/site-packages/airflow/example_dags/tutorial.py took 0.133 seconds
[2022-06-21 07:07:23,317] {scheduler_job.py:182} INFO - Started process (PID=313) to work on /home/airflow/.local/lib/python3.6/site-packages/airflow/example_dags/tutorial.py
[2022-06-21 07:07:23,320] {scheduler_job.py:633} INFO - Processing file /home/airflow/.local/lib/python3.6/site-packages/airflow/example_dags/tutorial.py for tasks to queue
[2022-06-21 07:07:23,322] {logging_mixin.py:104} INFO - [2022-06-21 07:07:23,321] {dagbag.py:487} INFO - Filling up the DagBag from /home/airflow/.local/lib/python3.6/site-packages/airflow/example_dags/tutorial.py
[2022-06-21 07:07:23,343] {scheduler_job.py:643} INFO - DAG(s) dict_keys(['tutorial']) retrieved from /home/airflow/.local/lib/python3.6/site-packages/airflow/example_dags/tutorial.py
[2022-06-21 07:07:23,370] {logging_mixin.py:104} INFO - [2022-06-21 07:07:23,369] {dag.py:1832} INFO - Sync 1 DAGs
[2022-06-21 07:07:23,390] {logging_mixin.py:104} INFO - [2022-06-21 07:07:23,390] {dag.py:2305} INFO - Setting next_dagrun for tutorial to 2022-06-19 00:00:00+00:00
[2022-06-21 07:07:23,405] {scheduler_job.py:190} INFO - Processing /home/airflow/.local/lib/python3.6/site-packages/airflow/example_dags/tutorial.py took 0.092 seconds
[2022-06-21 07:07:53,568] {scheduler_job.py:182} INFO - Started process (PID=374) to work on /home/airflow/.local/lib/python3.6/site-packages/airflow/example_dags/tutorial.py
[2022-06-21 07:07:53,570] {scheduler_job.py:633} INFO - Processing file /home/airflow/.local/lib/python3.6/site-packages/airflow/example_dags/tutorial.py for tasks to queue
[2022-06-21 07:07:53,572] {logging_mixin.py:104} INFO - [2022-06-21 07:07:53,572] {dagbag.py:487} INFO - Filling up the DagBag from /home/airflow/.local/lib/python3.6/site-packages/airflow/example_dags/tutorial.py
[2022-06-21 07:07:53,596] {scheduler_job.py:643} INFO - DAG(s) dict_keys(['tutorial']) retrieved from /home/airflow/.local/lib/python3.6/site-packages/airflow/example_dags/tutorial.py
[2022-06-21 07:07:53,633] {logging_mixin.py:104} INFO - [2022-06-21 07:07:53,633] {dag.py:1832} INFO - Sync 1 DAGs
[2022-06-21 07:07:53,660] {logging_mixin.py:104} INFO - [2022-06-21 07:07:53,660] {dag.py:2305} INFO - Setting next_dagrun for tutorial to 2022-06-19 00:00:00+00:00
[2022-06-21 07:07:53,674] {scheduler_job.py:190} INFO - Processing /home/airflow/.local/lib/python3.6/site-packages/airflow/example_dags/tutorial.py took 0.111 seconds
[2022-06-21 07:08:24,437] {scheduler_job.py:182} INFO - Started process (PID=453) to work on /home/airflow/.local/lib/python3.6/site-packages/airflow/example_dags/tutorial.py
[2022-06-21 07:08:24,439] {scheduler_job.py:633} INFO - Processing file /home/airflow/.local/lib/python3.6/site-packages/airflow/example_dags/tutorial.py for tasks to queue
[2022-06-21 07:08:24,440] {logging_mixin.py:104} INFO - [2022-06-21 07:08:24,440] {dagbag.py:487} INFO - Filling up the DagBag from /home/airflow/.local/lib/python3.6/site-packages/airflow/example_dags/tutorial.py
[2022-06-21 07:08:24,461] {scheduler_job.py:643} INFO - DAG(s) dict_keys(['tutorial']) retrieved from /home/airflow/.local/lib/python3.6/site-packages/airflow/example_dags/tutorial.py
[2022-06-21 07:08:24,487] {logging_mixin.py:104} INFO - [2022-06-21 07:08:24,487] {dag.py:1832} INFO - Sync 1 DAGs
[2022-06-21 07:08:24,506] {logging_mixin.py:104} INFO - [2022-06-21 07:08:24,506] {dag.py:2305} INFO - Setting next_dagrun for tutorial to 2022-06-19 00:00:00+00:00
[2022-06-21 07:08:24,518] {scheduler_job.py:190} INFO - Processing /home/airflow/.local/lib/python3.6/site-packages/airflow/example_dags/tutorial.py took 0.085 seconds
[2022-06-21 07:08:54,982] {scheduler_job.py:182} INFO - Started process (PID=515) to work on /home/airflow/.local/lib/python3.6/site-packages/airflow/example_dags/tutorial.py
[2022-06-21 07:08:54,984] {scheduler_job.py:633} INFO - Processing file /home/airflow/.local/lib/python3.6/site-packages/airflow/example_dags/tutorial.py for tasks to queue
[2022-06-21 07:08:54,986] {logging_mixin.py:104} INFO - [2022-06-21 07:08:54,985] {dagbag.py:487} INFO - Filling up the DagBag from /home/airflow/.local/lib/python3.6/site-packages/airflow/example_dags/tutorial.py
[2022-06-21 07:08:55,009] {scheduler_job.py:643} INFO - DAG(s) dict_keys(['tutorial']) retrieved from /home/airflow/.local/lib/python3.6/site-packages/airflow/example_dags/tutorial.py
[2022-06-21 07:08:55,036] {logging_mixin.py:104} INFO - [2022-06-21 07:08:55,036] {dag.py:1832} INFO - Sync 1 DAGs
[2022-06-21 07:08:55,055] {logging_mixin.py:104} INFO - [2022-06-21 07:08:55,055] {dag.py:2305} INFO - Setting next_dagrun for tutorial to 2022-06-19 00:00:00+00:00
[2022-06-21 07:08:55,067] {scheduler_job.py:190} INFO - Processing /home/airflow/.local/lib/python3.6/site-packages/airflow/example_dags/tutorial.py took 0.089 seconds
[2022-06-21 07:11:12,717] {scheduler_job.py:182} INFO - Started process (PID=73) to work on /home/airflow/.local/lib/python3.6/site-packages/airflow/example_dags/tutorial.py
[2022-06-21 07:11:12,723] {scheduler_job.py:633} INFO - Processing file /home/airflow/.local/lib/python3.6/site-packages/airflow/example_dags/tutorial.py for tasks to queue
[2022-06-21 07:11:12,727] {logging_mixin.py:104} INFO - [2022-06-21 07:11:12,726] {dagbag.py:487} INFO - Filling up the DagBag from /home/airflow/.local/lib/python3.6/site-packages/airflow/example_dags/tutorial.py
[2022-06-21 07:11:12,987] {scheduler_job.py:643} INFO - DAG(s) dict_keys(['tutorial']) retrieved from /home/airflow/.local/lib/python3.6/site-packages/airflow/example_dags/tutorial.py
[2022-06-21 07:11:13,650] {logging_mixin.py:104} INFO - [2022-06-21 07:11:13,648] {dag.py:1832} INFO - Sync 1 DAGs
[2022-06-21 07:11:13,933] {logging_mixin.py:104} INFO - [2022-06-21 07:11:13,930] {dag.py:2305} INFO - Setting next_dagrun for tutorial to 2022-06-19 00:00:00+00:00
[2022-06-21 07:11:14,165] {scheduler_job.py:190} INFO - Processing /home/airflow/.local/lib/python3.6/site-packages/airflow/example_dags/tutorial.py took 1.638 seconds
[2022-06-21 07:11:47,002] {scheduler_job.py:182} INFO - Started process (PID=123) to work on /home/airflow/.local/lib/python3.6/site-packages/airflow/example_dags/tutorial.py
[2022-06-21 07:11:47,004] {scheduler_job.py:633} INFO - Processing file /home/airflow/.local/lib/python3.6/site-packages/airflow/example_dags/tutorial.py for tasks to queue
[2022-06-21 07:11:47,006] {logging_mixin.py:104} INFO - [2022-06-21 07:11:47,006] {dagbag.py:487} INFO - Filling up the DagBag from /home/airflow/.local/lib/python3.6/site-packages/airflow/example_dags/tutorial.py
[2022-06-21 07:11:47,022] {scheduler_job.py:643} INFO - DAG(s) dict_keys(['tutorial']) retrieved from /home/airflow/.local/lib/python3.6/site-packages/airflow/example_dags/tutorial.py
[2022-06-21 07:11:47,054] {logging_mixin.py:104} INFO - [2022-06-21 07:11:47,054] {dag.py:1832} INFO - Sync 1 DAGs
[2022-06-21 07:11:47,073] {logging_mixin.py:104} INFO - [2022-06-21 07:11:47,073] {dag.py:2305} INFO - Setting next_dagrun for tutorial to 2022-06-19 00:00:00+00:00
[2022-06-21 07:11:47,084] {scheduler_job.py:190} INFO - Processing /home/airflow/.local/lib/python3.6/site-packages/airflow/example_dags/tutorial.py took 0.089 seconds
[2022-06-21 07:12:18,649] {scheduler_job.py:182} INFO - Started process (PID=170) to work on /home/airflow/.local/lib/python3.6/site-packages/airflow/example_dags/tutorial.py
[2022-06-21 07:12:18,651] {scheduler_job.py:633} INFO - Processing file /home/airflow/.local/lib/python3.6/site-packages/airflow/example_dags/tutorial.py for tasks to queue
[2022-06-21 07:12:18,653] {logging_mixin.py:104} INFO - [2022-06-21 07:12:18,653] {dagbag.py:487} INFO - Filling up the DagBag from /home/airflow/.local/lib/python3.6/site-packages/airflow/example_dags/tutorial.py
[2022-06-21 07:12:18,668] {scheduler_job.py:643} INFO - DAG(s) dict_keys(['tutorial']) retrieved from /home/airflow/.local/lib/python3.6/site-packages/airflow/example_dags/tutorial.py
[2022-06-21 07:12:18,697] {logging_mixin.py:104} INFO - [2022-06-21 07:12:18,697] {dag.py:1832} INFO - Sync 1 DAGs
[2022-06-21 07:12:18,714] {logging_mixin.py:104} INFO - [2022-06-21 07:12:18,713] {dag.py:2305} INFO - Setting next_dagrun for tutorial to 2022-06-19 00:00:00+00:00
[2022-06-21 07:12:18,727] {scheduler_job.py:190} INFO - Processing /home/airflow/.local/lib/python3.6/site-packages/airflow/example_dags/tutorial.py took 0.081 seconds
[2022-06-21 07:12:58,670] {scheduler_job.py:182} INFO - Started process (PID=217) to work on /home/airflow/.local/lib/python3.6/site-packages/airflow/example_dags/tutorial.py
[2022-06-21 07:12:58,672] {scheduler_job.py:633} INFO - Processing file /home/airflow/.local/lib/python3.6/site-packages/airflow/example_dags/tutorial.py for tasks to queue
[2022-06-21 07:12:58,673] {logging_mixin.py:104} INFO - [2022-06-21 07:12:58,673] {dagbag.py:487} INFO - Filling up the DagBag from /home/airflow/.local/lib/python3.6/site-packages/airflow/example_dags/tutorial.py
[2022-06-21 07:12:58,693] {scheduler_job.py:643} INFO - DAG(s) dict_keys(['tutorial']) retrieved from /home/airflow/.local/lib/python3.6/site-packages/airflow/example_dags/tutorial.py
[2022-06-21 07:12:58,719] {logging_mixin.py:104} INFO - [2022-06-21 07:12:58,719] {dag.py:1832} INFO - Sync 1 DAGs
[2022-06-21 07:12:58,740] {logging_mixin.py:104} INFO - [2022-06-21 07:12:58,740] {dag.py:2305} INFO - Setting next_dagrun for tutorial to 2022-06-19 00:00:00+00:00
[2022-06-21 07:12:58,753] {scheduler_job.py:190} INFO - Processing /home/airflow/.local/lib/python3.6/site-packages/airflow/example_dags/tutorial.py took 0.087 seconds
[2022-06-21 07:14:42,629] {scheduler_job.py:182} INFO - Started process (PID=279) to work on /home/airflow/.local/lib/python3.6/site-packages/airflow/example_dags/tutorial.py
[2022-06-21 07:14:42,631] {scheduler_job.py:633} INFO - Processing file /home/airflow/.local/lib/python3.6/site-packages/airflow/example_dags/tutorial.py for tasks to queue
[2022-06-21 07:14:42,633] {logging_mixin.py:104} INFO - [2022-06-21 07:14:42,633] {dagbag.py:487} INFO - Filling up the DagBag from /home/airflow/.local/lib/python3.6/site-packages/airflow/example_dags/tutorial.py
[2022-06-21 07:14:42,647] {scheduler_job.py:643} INFO - DAG(s) dict_keys(['tutorial']) retrieved from /home/airflow/.local/lib/python3.6/site-packages/airflow/example_dags/tutorial.py
[2022-06-21 07:14:42,678] {logging_mixin.py:104} INFO - [2022-06-21 07:14:42,678] {dag.py:1832} INFO - Sync 1 DAGs
[2022-06-21 07:14:42,692] {logging_mixin.py:104} INFO - [2022-06-21 07:14:42,692] {dag.py:2305} INFO - Setting next_dagrun for tutorial to 2022-06-19 00:00:00+00:00
[2022-06-21 07:14:42,705] {scheduler_job.py:190} INFO - Processing /home/airflow/.local/lib/python3.6/site-packages/airflow/example_dags/tutorial.py took 0.080 seconds
[2022-06-21 07:15:34,374] {scheduler_job.py:182} INFO - Started process (PID=325) to work on /home/airflow/.local/lib/python3.6/site-packages/airflow/example_dags/tutorial.py
[2022-06-21 07:15:34,376] {scheduler_job.py:633} INFO - Processing file /home/airflow/.local/lib/python3.6/site-packages/airflow/example_dags/tutorial.py for tasks to queue
[2022-06-21 07:15:34,377] {logging_mixin.py:104} INFO - [2022-06-21 07:15:34,377] {dagbag.py:487} INFO - Filling up the DagBag from /home/airflow/.local/lib/python3.6/site-packages/airflow/example_dags/tutorial.py
[2022-06-21 07:15:34,391] {scheduler_job.py:643} INFO - DAG(s) dict_keys(['tutorial']) retrieved from /home/airflow/.local/lib/python3.6/site-packages/airflow/example_dags/tutorial.py
[2022-06-21 07:15:34,417] {logging_mixin.py:104} INFO - [2022-06-21 07:15:34,417] {dag.py:1832} INFO - Sync 1 DAGs
[2022-06-21 07:15:34,431] {logging_mixin.py:104} INFO - [2022-06-21 07:15:34,430] {dag.py:2305} INFO - Setting next_dagrun for tutorial to 2022-06-19 00:00:00+00:00
[2022-06-21 07:15:34,442] {scheduler_job.py:190} INFO - Processing /home/airflow/.local/lib/python3.6/site-packages/airflow/example_dags/tutorial.py took 0.072 seconds
[2022-06-21 07:16:10,551] {scheduler_job.py:182} INFO - Started process (PID=388) to work on /home/airflow/.local/lib/python3.6/site-packages/airflow/example_dags/tutorial.py
[2022-06-21 07:16:10,554] {scheduler_job.py:633} INFO - Processing file /home/airflow/.local/lib/python3.6/site-packages/airflow/example_dags/tutorial.py for tasks to queue
[2022-06-21 07:16:10,556] {logging_mixin.py:104} INFO - [2022-06-21 07:16:10,555] {dagbag.py:487} INFO - Filling up the DagBag from /home/airflow/.local/lib/python3.6/site-packages/airflow/example_dags/tutorial.py
[2022-06-21 07:16:10,572] {scheduler_job.py:643} INFO - DAG(s) dict_keys(['tutorial']) retrieved from /home/airflow/.local/lib/python3.6/site-packages/airflow/example_dags/tutorial.py
[2022-06-21 07:16:10,601] {logging_mixin.py:104} INFO - [2022-06-21 07:16:10,600] {dag.py:1832} INFO - Sync 1 DAGs
[2022-06-21 07:16:10,615] {logging_mixin.py:104} INFO - [2022-06-21 07:16:10,615] {dag.py:2305} INFO - Setting next_dagrun for tutorial to 2022-06-19 00:00:00+00:00
[2022-06-21 07:16:10,628] {scheduler_job.py:190} INFO - Processing /home/airflow/.local/lib/python3.6/site-packages/airflow/example_dags/tutorial.py took 0.083 seconds
[2022-06-21 07:16:49,714] {scheduler_job.py:182} INFO - Started process (PID=447) to work on /home/airflow/.local/lib/python3.6/site-packages/airflow/example_dags/tutorial.py
[2022-06-21 07:16:49,717] {scheduler_job.py:633} INFO - Processing file /home/airflow/.local/lib/python3.6/site-packages/airflow/example_dags/tutorial.py for tasks to queue
[2022-06-21 07:16:49,719] {logging_mixin.py:104} INFO - [2022-06-21 07:16:49,719] {dagbag.py:487} INFO - Filling up the DagBag from /home/airflow/.local/lib/python3.6/site-packages/airflow/example_dags/tutorial.py
[2022-06-21 07:16:49,746] {scheduler_job.py:643} INFO - DAG(s) dict_keys(['tutorial']) retrieved from /home/airflow/.local/lib/python3.6/site-packages/airflow/example_dags/tutorial.py
[2022-06-21 07:16:49,781] {logging_mixin.py:104} INFO - [2022-06-21 07:16:49,780] {dag.py:1832} INFO - Sync 1 DAGs
[2022-06-21 07:16:49,813] {logging_mixin.py:104} INFO - [2022-06-21 07:16:49,812] {dag.py:2305} INFO - Setting next_dagrun for tutorial to 2022-06-19 00:00:00+00:00
[2022-06-21 07:16:49,832] {scheduler_job.py:190} INFO - Processing /home/airflow/.local/lib/python3.6/site-packages/airflow/example_dags/tutorial.py took 0.123 seconds
[2022-06-21 07:17:20,829] {scheduler_job.py:182} INFO - Started process (PID=504) to work on /home/airflow/.local/lib/python3.6/site-packages/airflow/example_dags/tutorial.py
[2022-06-21 07:17:20,832] {scheduler_job.py:633} INFO - Processing file /home/airflow/.local/lib/python3.6/site-packages/airflow/example_dags/tutorial.py for tasks to queue
[2022-06-21 07:17:20,835] {logging_mixin.py:104} INFO - [2022-06-21 07:17:20,835] {dagbag.py:487} INFO - Filling up the DagBag from /home/airflow/.local/lib/python3.6/site-packages/airflow/example_dags/tutorial.py
[2022-06-21 07:17:20,852] {scheduler_job.py:643} INFO - DAG(s) dict_keys(['tutorial']) retrieved from /home/airflow/.local/lib/python3.6/site-packages/airflow/example_dags/tutorial.py
[2022-06-21 07:17:20,880] {logging_mixin.py:104} INFO - [2022-06-21 07:17:20,880] {dag.py:1832} INFO - Sync 1 DAGs
[2022-06-21 07:17:20,898] {logging_mixin.py:104} INFO - [2022-06-21 07:17:20,898] {dag.py:2305} INFO - Setting next_dagrun for tutorial to 2022-06-19 00:00:00+00:00
[2022-06-21 07:17:20,910] {scheduler_job.py:190} INFO - Processing /home/airflow/.local/lib/python3.6/site-packages/airflow/example_dags/tutorial.py took 0.085 seconds
[2022-06-21 07:20:40,629] {scheduler_job.py:182} INFO - Started process (PID=77) to work on /home/airflow/.local/lib/python3.6/site-packages/airflow/example_dags/tutorial.py
[2022-06-21 07:20:40,633] {scheduler_job.py:633} INFO - Processing file /home/airflow/.local/lib/python3.6/site-packages/airflow/example_dags/tutorial.py for tasks to queue
[2022-06-21 07:20:40,636] {logging_mixin.py:104} INFO - [2022-06-21 07:20:40,636] {dagbag.py:487} INFO - Filling up the DagBag from /home/airflow/.local/lib/python3.6/site-packages/airflow/example_dags/tutorial.py
[2022-06-21 07:20:40,662] {scheduler_job.py:643} INFO - DAG(s) dict_keys(['tutorial']) retrieved from /home/airflow/.local/lib/python3.6/site-packages/airflow/example_dags/tutorial.py
[2022-06-21 07:20:40,707] {logging_mixin.py:104} INFO - [2022-06-21 07:20:40,707] {dag.py:1832} INFO - Sync 1 DAGs
[2022-06-21 07:20:40,736] {logging_mixin.py:104} INFO - [2022-06-21 07:20:40,735] {dag.py:2305} INFO - Setting next_dagrun for tutorial to 2022-06-19 00:00:00+00:00
[2022-06-21 07:20:40,754] {scheduler_job.py:190} INFO - Processing /home/airflow/.local/lib/python3.6/site-packages/airflow/example_dags/tutorial.py took 0.130 seconds
[2022-06-21 07:21:11,997] {scheduler_job.py:182} INFO - Started process (PID=120) to work on /home/airflow/.local/lib/python3.6/site-packages/airflow/example_dags/tutorial.py
[2022-06-21 07:21:12,000] {scheduler_job.py:633} INFO - Processing file /home/airflow/.local/lib/python3.6/site-packages/airflow/example_dags/tutorial.py for tasks to queue
[2022-06-21 07:21:12,002] {logging_mixin.py:104} INFO - [2022-06-21 07:21:12,002] {dagbag.py:487} INFO - Filling up the DagBag from /home/airflow/.local/lib/python3.6/site-packages/airflow/example_dags/tutorial.py
[2022-06-21 07:21:12,023] {scheduler_job.py:643} INFO - DAG(s) dict_keys(['tutorial']) retrieved from /home/airflow/.local/lib/python3.6/site-packages/airflow/example_dags/tutorial.py
[2022-06-21 07:21:12,053] {logging_mixin.py:104} INFO - [2022-06-21 07:21:12,053] {dag.py:1832} INFO - Sync 1 DAGs
[2022-06-21 07:21:12,072] {logging_mixin.py:104} INFO - [2022-06-21 07:21:12,072] {dag.py:2305} INFO - Setting next_dagrun for tutorial to 2022-06-19 00:00:00+00:00
[2022-06-21 07:21:12,084] {scheduler_job.py:190} INFO - Processing /home/airflow/.local/lib/python3.6/site-packages/airflow/example_dags/tutorial.py took 0.093 seconds
[2022-06-21 07:21:49,173] {scheduler_job.py:182} INFO - Started process (PID=182) to work on /home/airflow/.local/lib/python3.6/site-packages/airflow/example_dags/tutorial.py
[2022-06-21 07:21:49,175] {scheduler_job.py:633} INFO - Processing file /home/airflow/.local/lib/python3.6/site-packages/airflow/example_dags/tutorial.py for tasks to queue
[2022-06-21 07:21:49,178] {logging_mixin.py:104} INFO - [2022-06-21 07:21:49,177] {dagbag.py:487} INFO - Filling up the DagBag from /home/airflow/.local/lib/python3.6/site-packages/airflow/example_dags/tutorial.py
[2022-06-21 07:21:49,203] {scheduler_job.py:643} INFO - DAG(s) dict_keys(['tutorial']) retrieved from /home/airflow/.local/lib/python3.6/site-packages/airflow/example_dags/tutorial.py
[2022-06-21 07:21:49,267] {logging_mixin.py:104} INFO - [2022-06-21 07:21:49,267] {dag.py:1832} INFO - Sync 1 DAGs
[2022-06-21 07:21:49,301] {logging_mixin.py:104} INFO - [2022-06-21 07:21:49,301] {dag.py:2305} INFO - Setting next_dagrun for tutorial to 2022-06-19 00:00:00+00:00
[2022-06-21 07:21:49,318] {scheduler_job.py:190} INFO - Processing /home/airflow/.local/lib/python3.6/site-packages/airflow/example_dags/tutorial.py took 0.150 seconds
[2022-06-21 07:22:25,688] {scheduler_job.py:182} INFO - Started process (PID=248) to work on /home/airflow/.local/lib/python3.6/site-packages/airflow/example_dags/tutorial.py
[2022-06-21 07:22:25,691] {scheduler_job.py:633} INFO - Processing file /home/airflow/.local/lib/python3.6/site-packages/airflow/example_dags/tutorial.py for tasks to queue
[2022-06-21 07:22:25,693] {logging_mixin.py:104} INFO - [2022-06-21 07:22:25,693] {dagbag.py:487} INFO - Filling up the DagBag from /home/airflow/.local/lib/python3.6/site-packages/airflow/example_dags/tutorial.py
[2022-06-21 07:22:25,718] {scheduler_job.py:643} INFO - DAG(s) dict_keys(['tutorial']) retrieved from /home/airflow/.local/lib/python3.6/site-packages/airflow/example_dags/tutorial.py
[2022-06-21 07:22:25,743] {logging_mixin.py:104} INFO - [2022-06-21 07:22:25,743] {dag.py:1832} INFO - Sync 1 DAGs
[2022-06-21 07:22:25,761] {logging_mixin.py:104} INFO - [2022-06-21 07:22:25,761] {dag.py:2305} INFO - Setting next_dagrun for tutorial to 2022-06-19 00:00:00+00:00
[2022-06-21 07:22:25,773] {scheduler_job.py:190} INFO - Processing /home/airflow/.local/lib/python3.6/site-packages/airflow/example_dags/tutorial.py took 0.090 seconds
[2022-06-21 07:23:07,091] {scheduler_job.py:182} INFO - Started process (PID=295) to work on /home/airflow/.local/lib/python3.6/site-packages/airflow/example_dags/tutorial.py
[2022-06-21 07:23:07,093] {scheduler_job.py:633} INFO - Processing file /home/airflow/.local/lib/python3.6/site-packages/airflow/example_dags/tutorial.py for tasks to queue
[2022-06-21 07:23:07,095] {logging_mixin.py:104} INFO - [2022-06-21 07:23:07,095] {dagbag.py:487} INFO - Filling up the DagBag from /home/airflow/.local/lib/python3.6/site-packages/airflow/example_dags/tutorial.py
[2022-06-21 07:23:07,116] {scheduler_job.py:643} INFO - DAG(s) dict_keys(['tutorial']) retrieved from /home/airflow/.local/lib/python3.6/site-packages/airflow/example_dags/tutorial.py
[2022-06-21 07:23:07,145] {logging_mixin.py:104} INFO - [2022-06-21 07:23:07,145] {dag.py:1832} INFO - Sync 1 DAGs
[2022-06-21 07:23:07,169] {logging_mixin.py:104} INFO - [2022-06-21 07:23:07,169] {dag.py:2305} INFO - Setting next_dagrun for tutorial to 2022-06-19 00:00:00+00:00
[2022-06-21 07:23:07,184] {scheduler_job.py:190} INFO - Processing /home/airflow/.local/lib/python3.6/site-packages/airflow/example_dags/tutorial.py took 0.096 seconds
[2022-06-21 07:23:37,367] {scheduler_job.py:182} INFO - Started process (PID=355) to work on /home/airflow/.local/lib/python3.6/site-packages/airflow/example_dags/tutorial.py
[2022-06-21 07:23:37,369] {scheduler_job.py:633} INFO - Processing file /home/airflow/.local/lib/python3.6/site-packages/airflow/example_dags/tutorial.py for tasks to queue
[2022-06-21 07:23:37,371] {logging_mixin.py:104} INFO - [2022-06-21 07:23:37,371] {dagbag.py:487} INFO - Filling up the DagBag from /home/airflow/.local/lib/python3.6/site-packages/airflow/example_dags/tutorial.py
[2022-06-21 07:23:37,390] {scheduler_job.py:643} INFO - DAG(s) dict_keys(['tutorial']) retrieved from /home/airflow/.local/lib/python3.6/site-packages/airflow/example_dags/tutorial.py
[2022-06-21 07:23:37,413] {logging_mixin.py:104} INFO - [2022-06-21 07:23:37,413] {dag.py:1832} INFO - Sync 1 DAGs
[2022-06-21 07:23:37,433] {logging_mixin.py:104} INFO - [2022-06-21 07:23:37,433] {dag.py:2305} INFO - Setting next_dagrun for tutorial to 2022-06-19 00:00:00+00:00
[2022-06-21 07:23:37,460] {scheduler_job.py:190} INFO - Processing /home/airflow/.local/lib/python3.6/site-packages/airflow/example_dags/tutorial.py took 0.097 seconds
[2022-06-21 07:24:08,983] {scheduler_job.py:182} INFO - Started process (PID=419) to work on /home/airflow/.local/lib/python3.6/site-packages/airflow/example_dags/tutorial.py
[2022-06-21 07:24:08,986] {scheduler_job.py:633} INFO - Processing file /home/airflow/.local/lib/python3.6/site-packages/airflow/example_dags/tutorial.py for tasks to queue
[2022-06-21 07:24:08,988] {logging_mixin.py:104} INFO - [2022-06-21 07:24:08,988] {dagbag.py:487} INFO - Filling up the DagBag from /home/airflow/.local/lib/python3.6/site-packages/airflow/example_dags/tutorial.py
[2022-06-21 07:24:09,029] {scheduler_job.py:643} INFO - DAG(s) dict_keys(['tutorial']) retrieved from /home/airflow/.local/lib/python3.6/site-packages/airflow/example_dags/tutorial.py
[2022-06-21 07:24:09,081] {logging_mixin.py:104} INFO - [2022-06-21 07:24:09,081] {dag.py:1832} INFO - Sync 1 DAGs
[2022-06-21 07:24:09,110] {logging_mixin.py:104} INFO - [2022-06-21 07:24:09,110] {dag.py:2305} INFO - Setting next_dagrun for tutorial to 2022-06-19 00:00:00+00:00
[2022-06-21 07:24:09,130] {scheduler_job.py:190} INFO - Processing /home/airflow/.local/lib/python3.6/site-packages/airflow/example_dags/tutorial.py took 0.153 seconds
[2022-06-21 07:24:49,691] {scheduler_job.py:182} INFO - Started process (PID=80) to work on /home/airflow/.local/lib/python3.6/site-packages/airflow/example_dags/tutorial.py
[2022-06-21 07:24:49,693] {scheduler_job.py:633} INFO - Processing file /home/airflow/.local/lib/python3.6/site-packages/airflow/example_dags/tutorial.py for tasks to queue
[2022-06-21 07:24:49,695] {logging_mixin.py:104} INFO - [2022-06-21 07:24:49,695] {dagbag.py:487} INFO - Filling up the DagBag from /home/airflow/.local/lib/python3.6/site-packages/airflow/example_dags/tutorial.py
[2022-06-21 07:24:49,708] {scheduler_job.py:643} INFO - DAG(s) dict_keys(['tutorial']) retrieved from /home/airflow/.local/lib/python3.6/site-packages/airflow/example_dags/tutorial.py
[2022-06-21 07:24:49,735] {logging_mixin.py:104} INFO - [2022-06-21 07:24:49,735] {dag.py:1832} INFO - Sync 1 DAGs
[2022-06-21 07:24:49,755] {logging_mixin.py:104} INFO - [2022-06-21 07:24:49,755] {dag.py:2305} INFO - Setting next_dagrun for tutorial to 2022-06-19 00:00:00+00:00
[2022-06-21 07:24:49,767] {scheduler_job.py:190} INFO - Processing /home/airflow/.local/lib/python3.6/site-packages/airflow/example_dags/tutorial.py took 0.079 seconds
[2022-06-21 07:25:22,425] {scheduler_job.py:182} INFO - Started process (PID=134) to work on /home/airflow/.local/lib/python3.6/site-packages/airflow/example_dags/tutorial.py
[2022-06-21 07:25:22,435] {scheduler_job.py:633} INFO - Processing file /home/airflow/.local/lib/python3.6/site-packages/airflow/example_dags/tutorial.py for tasks to queue
[2022-06-21 07:25:22,442] {logging_mixin.py:104} INFO - [2022-06-21 07:25:22,441] {dagbag.py:487} INFO - Filling up the DagBag from /home/airflow/.local/lib/python3.6/site-packages/airflow/example_dags/tutorial.py
[2022-06-21 07:25:22,475] {scheduler_job.py:643} INFO - DAG(s) dict_keys(['tutorial']) retrieved from /home/airflow/.local/lib/python3.6/site-packages/airflow/example_dags/tutorial.py
[2022-06-21 07:25:22,549] {logging_mixin.py:104} INFO - [2022-06-21 07:25:22,549] {dag.py:1832} INFO - Sync 1 DAGs
[2022-06-21 07:25:22,590] {logging_mixin.py:104} INFO - [2022-06-21 07:25:22,590] {dag.py:2305} INFO - Setting next_dagrun for tutorial to 2022-06-19 00:00:00+00:00
[2022-06-21 07:25:22,623] {scheduler_job.py:190} INFO - Processing /home/airflow/.local/lib/python3.6/site-packages/airflow/example_dags/tutorial.py took 0.209 seconds
[2022-06-21 07:25:53,592] {scheduler_job.py:182} INFO - Started process (PID=190) to work on /home/airflow/.local/lib/python3.6/site-packages/airflow/example_dags/tutorial.py
[2022-06-21 07:25:53,594] {scheduler_job.py:633} INFO - Processing file /home/airflow/.local/lib/python3.6/site-packages/airflow/example_dags/tutorial.py for tasks to queue
[2022-06-21 07:25:53,596] {logging_mixin.py:104} INFO - [2022-06-21 07:25:53,596] {dagbag.py:487} INFO - Filling up the DagBag from /home/airflow/.local/lib/python3.6/site-packages/airflow/example_dags/tutorial.py
[2022-06-21 07:25:53,613] {scheduler_job.py:643} INFO - DAG(s) dict_keys(['tutorial']) retrieved from /home/airflow/.local/lib/python3.6/site-packages/airflow/example_dags/tutorial.py
[2022-06-21 07:25:53,646] {logging_mixin.py:104} INFO - [2022-06-21 07:25:53,646] {dag.py:1832} INFO - Sync 1 DAGs
[2022-06-21 07:25:53,666] {logging_mixin.py:104} INFO - [2022-06-21 07:25:53,665] {dag.py:2305} INFO - Setting next_dagrun for tutorial to 2022-06-19 00:00:00+00:00
[2022-06-21 07:25:53,687] {scheduler_job.py:190} INFO - Processing /home/airflow/.local/lib/python3.6/site-packages/airflow/example_dags/tutorial.py took 0.099 seconds
[2022-06-21 07:27:00,583] {scheduler_job.py:182} INFO - Started process (PID=247) to work on /home/airflow/.local/lib/python3.6/site-packages/airflow/example_dags/tutorial.py
[2022-06-21 07:27:00,586] {scheduler_job.py:633} INFO - Processing file /home/airflow/.local/lib/python3.6/site-packages/airflow/example_dags/tutorial.py for tasks to queue
[2022-06-21 07:27:00,588] {logging_mixin.py:104} INFO - [2022-06-21 07:27:00,588] {dagbag.py:487} INFO - Filling up the DagBag from /home/airflow/.local/lib/python3.6/site-packages/airflow/example_dags/tutorial.py
[2022-06-21 07:27:00,615] {scheduler_job.py:643} INFO - DAG(s) dict_keys(['tutorial']) retrieved from /home/airflow/.local/lib/python3.6/site-packages/airflow/example_dags/tutorial.py
[2022-06-21 07:27:00,646] {logging_mixin.py:104} INFO - [2022-06-21 07:27:00,646] {dag.py:1832} INFO - Sync 1 DAGs
[2022-06-21 07:27:00,682] {logging_mixin.py:104} INFO - [2022-06-21 07:27:00,682] {dag.py:2305} INFO - Setting next_dagrun for tutorial to 2022-06-19 00:00:00+00:00
[2022-06-21 07:27:00,695] {scheduler_job.py:190} INFO - Processing /home/airflow/.local/lib/python3.6/site-packages/airflow/example_dags/tutorial.py took 0.117 seconds
[2022-06-21 07:27:31,164] {scheduler_job.py:182} INFO - Started process (PID=299) to work on /home/airflow/.local/lib/python3.6/site-packages/airflow/example_dags/tutorial.py
[2022-06-21 07:27:31,166] {scheduler_job.py:633} INFO - Processing file /home/airflow/.local/lib/python3.6/site-packages/airflow/example_dags/tutorial.py for tasks to queue
[2022-06-21 07:27:31,168] {logging_mixin.py:104} INFO - [2022-06-21 07:27:31,168] {dagbag.py:487} INFO - Filling up the DagBag from /home/airflow/.local/lib/python3.6/site-packages/airflow/example_dags/tutorial.py
[2022-06-21 07:27:31,185] {scheduler_job.py:643} INFO - DAG(s) dict_keys(['tutorial']) retrieved from /home/airflow/.local/lib/python3.6/site-packages/airflow/example_dags/tutorial.py
[2022-06-21 07:27:31,210] {logging_mixin.py:104} INFO - [2022-06-21 07:27:31,210] {dag.py:1832} INFO - Sync 1 DAGs
[2022-06-21 07:27:31,227] {logging_mixin.py:104} INFO - [2022-06-21 07:27:31,227] {dag.py:2305} INFO - Setting next_dagrun for tutorial to 2022-06-19 00:00:00+00:00
[2022-06-21 07:27:31,237] {scheduler_job.py:190} INFO - Processing /home/airflow/.local/lib/python3.6/site-packages/airflow/example_dags/tutorial.py took 0.077 seconds
[2022-06-21 07:28:06,781] {scheduler_job.py:182} INFO - Started process (PID=352) to work on /home/airflow/.local/lib/python3.6/site-packages/airflow/example_dags/tutorial.py
[2022-06-21 07:28:06,785] {scheduler_job.py:633} INFO - Processing file /home/airflow/.local/lib/python3.6/site-packages/airflow/example_dags/tutorial.py for tasks to queue
[2022-06-21 07:28:06,788] {logging_mixin.py:104} INFO - [2022-06-21 07:28:06,788] {dagbag.py:487} INFO - Filling up the DagBag from /home/airflow/.local/lib/python3.6/site-packages/airflow/example_dags/tutorial.py
[2022-06-21 07:28:06,824] {scheduler_job.py:643} INFO - DAG(s) dict_keys(['tutorial']) retrieved from /home/airflow/.local/lib/python3.6/site-packages/airflow/example_dags/tutorial.py
[2022-06-21 07:28:06,858] {logging_mixin.py:104} INFO - [2022-06-21 07:28:06,858] {dag.py:1832} INFO - Sync 1 DAGs
[2022-06-21 07:28:06,885] {logging_mixin.py:104} INFO - [2022-06-21 07:28:06,885] {dag.py:2305} INFO - Setting next_dagrun for tutorial to 2022-06-19 00:00:00+00:00
[2022-06-21 07:28:06,919] {scheduler_job.py:190} INFO - Processing /home/airflow/.local/lib/python3.6/site-packages/airflow/example_dags/tutorial.py took 0.148 seconds
[2022-06-21 07:28:37,827] {scheduler_job.py:182} INFO - Started process (PID=406) to work on /home/airflow/.local/lib/python3.6/site-packages/airflow/example_dags/tutorial.py
[2022-06-21 07:28:37,830] {scheduler_job.py:633} INFO - Processing file /home/airflow/.local/lib/python3.6/site-packages/airflow/example_dags/tutorial.py for tasks to queue
[2022-06-21 07:28:37,832] {logging_mixin.py:104} INFO - [2022-06-21 07:28:37,832] {dagbag.py:487} INFO - Filling up the DagBag from /home/airflow/.local/lib/python3.6/site-packages/airflow/example_dags/tutorial.py
[2022-06-21 07:28:37,855] {scheduler_job.py:643} INFO - DAG(s) dict_keys(['tutorial']) retrieved from /home/airflow/.local/lib/python3.6/site-packages/airflow/example_dags/tutorial.py
[2022-06-21 07:28:37,883] {logging_mixin.py:104} INFO - [2022-06-21 07:28:37,883] {dag.py:1832} INFO - Sync 1 DAGs
[2022-06-21 07:28:37,903] {logging_mixin.py:104} INFO - [2022-06-21 07:28:37,903] {dag.py:2305} INFO - Setting next_dagrun for tutorial to 2022-06-19 00:00:00+00:00
[2022-06-21 07:28:37,918] {scheduler_job.py:190} INFO - Processing /home/airflow/.local/lib/python3.6/site-packages/airflow/example_dags/tutorial.py took 0.095 seconds
[2022-06-21 07:29:29,313] {scheduler_job.py:182} INFO - Started process (PID=68) to work on /home/airflow/.local/lib/python3.6/site-packages/airflow/example_dags/tutorial.py
[2022-06-21 07:29:29,317] {scheduler_job.py:633} INFO - Processing file /home/airflow/.local/lib/python3.6/site-packages/airflow/example_dags/tutorial.py for tasks to queue
[2022-06-21 07:29:29,327] {logging_mixin.py:104} INFO - [2022-06-21 07:29:29,327] {dagbag.py:487} INFO - Filling up the DagBag from /home/airflow/.local/lib/python3.6/site-packages/airflow/example_dags/tutorial.py
[2022-06-21 07:29:29,354] {scheduler_job.py:643} INFO - DAG(s) dict_keys(['tutorial']) retrieved from /home/airflow/.local/lib/python3.6/site-packages/airflow/example_dags/tutorial.py
[2022-06-21 07:29:29,392] {logging_mixin.py:104} INFO - [2022-06-21 07:29:29,391] {dag.py:1832} INFO - Sync 1 DAGs
[2022-06-21 07:29:29,419] {logging_mixin.py:104} INFO - [2022-06-21 07:29:29,419] {dag.py:2305} INFO - Setting next_dagrun for tutorial to 2022-06-19 00:00:00+00:00
[2022-06-21 07:29:29,443] {scheduler_job.py:190} INFO - Processing /home/airflow/.local/lib/python3.6/site-packages/airflow/example_dags/tutorial.py took 0.137 seconds
[2022-06-21 07:30:00,151] {scheduler_job.py:182} INFO - Started process (PID=137) to work on /home/airflow/.local/lib/python3.6/site-packages/airflow/example_dags/tutorial.py
[2022-06-21 07:30:00,153] {scheduler_job.py:633} INFO - Processing file /home/airflow/.local/lib/python3.6/site-packages/airflow/example_dags/tutorial.py for tasks to queue
[2022-06-21 07:30:00,155] {logging_mixin.py:104} INFO - [2022-06-21 07:30:00,155] {dagbag.py:487} INFO - Filling up the DagBag from /home/airflow/.local/lib/python3.6/site-packages/airflow/example_dags/tutorial.py
[2022-06-21 07:30:00,170] {scheduler_job.py:643} INFO - DAG(s) dict_keys(['tutorial']) retrieved from /home/airflow/.local/lib/python3.6/site-packages/airflow/example_dags/tutorial.py
[2022-06-21 07:30:00,197] {logging_mixin.py:104} INFO - [2022-06-21 07:30:00,197] {dag.py:1832} INFO - Sync 1 DAGs
[2022-06-21 07:30:00,221] {logging_mixin.py:104} INFO - [2022-06-21 07:30:00,221] {dag.py:2305} INFO - Setting next_dagrun for tutorial to 2022-06-19 00:00:00+00:00
[2022-06-21 07:30:00,233] {scheduler_job.py:190} INFO - Processing /home/airflow/.local/lib/python3.6/site-packages/airflow/example_dags/tutorial.py took 0.085 seconds
[2022-06-21 07:30:30,509] {scheduler_job.py:182} INFO - Started process (PID=209) to work on /home/airflow/.local/lib/python3.6/site-packages/airflow/example_dags/tutorial.py
[2022-06-21 07:30:30,511] {scheduler_job.py:633} INFO - Processing file /home/airflow/.local/lib/python3.6/site-packages/airflow/example_dags/tutorial.py for tasks to queue
[2022-06-21 07:30:30,513] {logging_mixin.py:104} INFO - [2022-06-21 07:30:30,512] {dagbag.py:487} INFO - Filling up the DagBag from /home/airflow/.local/lib/python3.6/site-packages/airflow/example_dags/tutorial.py
[2022-06-21 07:30:30,525] {scheduler_job.py:643} INFO - DAG(s) dict_keys(['tutorial']) retrieved from /home/airflow/.local/lib/python3.6/site-packages/airflow/example_dags/tutorial.py
[2022-06-21 07:30:30,548] {logging_mixin.py:104} INFO - [2022-06-21 07:30:30,548] {dag.py:1832} INFO - Sync 1 DAGs
[2022-06-21 07:30:30,566] {logging_mixin.py:104} INFO - [2022-06-21 07:30:30,566] {dag.py:2305} INFO - Setting next_dagrun for tutorial to 2022-06-19 00:00:00+00:00
[2022-06-21 07:30:30,575] {scheduler_job.py:190} INFO - Processing /home/airflow/.local/lib/python3.6/site-packages/airflow/example_dags/tutorial.py took 0.069 seconds
[2022-06-21 07:31:35,511] {scheduler_job.py:182} INFO - Started process (PID=78) to work on /home/airflow/.local/lib/python3.6/site-packages/airflow/example_dags/tutorial.py
[2022-06-21 07:31:35,514] {scheduler_job.py:633} INFO - Processing file /home/airflow/.local/lib/python3.6/site-packages/airflow/example_dags/tutorial.py for tasks to queue
[2022-06-21 07:31:35,516] {logging_mixin.py:104} INFO - [2022-06-21 07:31:35,516] {dagbag.py:487} INFO - Filling up the DagBag from /home/airflow/.local/lib/python3.6/site-packages/airflow/example_dags/tutorial.py
[2022-06-21 07:31:35,533] {scheduler_job.py:643} INFO - DAG(s) dict_keys(['tutorial']) retrieved from /home/airflow/.local/lib/python3.6/site-packages/airflow/example_dags/tutorial.py
[2022-06-21 07:31:35,566] {logging_mixin.py:104} INFO - [2022-06-21 07:31:35,565] {dag.py:1832} INFO - Sync 1 DAGs
[2022-06-21 07:31:35,591] {logging_mixin.py:104} INFO - [2022-06-21 07:31:35,591] {dag.py:2305} INFO - Setting next_dagrun for tutorial to 2022-06-19 00:00:00+00:00
[2022-06-21 07:31:35,607] {scheduler_job.py:190} INFO - Processing /home/airflow/.local/lib/python3.6/site-packages/airflow/example_dags/tutorial.py took 0.100 seconds
[2022-06-21 07:32:05,785] {scheduler_job.py:182} INFO - Started process (PID=140) to work on /home/airflow/.local/lib/python3.6/site-packages/airflow/example_dags/tutorial.py
[2022-06-21 07:32:05,791] {scheduler_job.py:633} INFO - Processing file /home/airflow/.local/lib/python3.6/site-packages/airflow/example_dags/tutorial.py for tasks to queue
[2022-06-21 07:32:05,793] {logging_mixin.py:104} INFO - [2022-06-21 07:32:05,793] {dagbag.py:487} INFO - Filling up the DagBag from /home/airflow/.local/lib/python3.6/site-packages/airflow/example_dags/tutorial.py
[2022-06-21 07:32:05,806] {scheduler_job.py:643} INFO - DAG(s) dict_keys(['tutorial']) retrieved from /home/airflow/.local/lib/python3.6/site-packages/airflow/example_dags/tutorial.py
[2022-06-21 07:32:05,837] {logging_mixin.py:104} INFO - [2022-06-21 07:32:05,837] {dag.py:1832} INFO - Sync 1 DAGs
[2022-06-21 07:32:05,861] {logging_mixin.py:104} INFO - [2022-06-21 07:32:05,861] {dag.py:2305} INFO - Setting next_dagrun for tutorial to 2022-06-19 00:00:00+00:00
[2022-06-21 07:32:05,874] {scheduler_job.py:190} INFO - Processing /home/airflow/.local/lib/python3.6/site-packages/airflow/example_dags/tutorial.py took 0.094 seconds
[2022-06-21 07:32:37,191] {scheduler_job.py:182} INFO - Started process (PID=229) to work on /home/airflow/.local/lib/python3.6/site-packages/airflow/example_dags/tutorial.py
[2022-06-21 07:32:37,204] {scheduler_job.py:633} INFO - Processing file /home/airflow/.local/lib/python3.6/site-packages/airflow/example_dags/tutorial.py for tasks to queue
[2022-06-21 07:32:37,206] {logging_mixin.py:104} INFO - [2022-06-21 07:32:37,206] {dagbag.py:487} INFO - Filling up the DagBag from /home/airflow/.local/lib/python3.6/site-packages/airflow/example_dags/tutorial.py
[2022-06-21 07:32:37,246] {scheduler_job.py:643} INFO - DAG(s) dict_keys(['tutorial']) retrieved from /home/airflow/.local/lib/python3.6/site-packages/airflow/example_dags/tutorial.py
[2022-06-21 07:32:37,311] {logging_mixin.py:104} INFO - [2022-06-21 07:32:37,310] {dag.py:1832} INFO - Sync 1 DAGs
[2022-06-21 07:32:37,354] {logging_mixin.py:104} INFO - [2022-06-21 07:32:37,354] {dag.py:2305} INFO - Setting next_dagrun for tutorial to 2022-06-19 00:00:00+00:00
[2022-06-21 07:32:37,413] {scheduler_job.py:190} INFO - Processing /home/airflow/.local/lib/python3.6/site-packages/airflow/example_dags/tutorial.py took 0.231 seconds
[2022-06-21 07:33:07,604] {scheduler_job.py:182} INFO - Started process (PID=291) to work on /home/airflow/.local/lib/python3.6/site-packages/airflow/example_dags/tutorial.py
[2022-06-21 07:33:07,606] {scheduler_job.py:633} INFO - Processing file /home/airflow/.local/lib/python3.6/site-packages/airflow/example_dags/tutorial.py for tasks to queue
[2022-06-21 07:33:07,607] {logging_mixin.py:104} INFO - [2022-06-21 07:33:07,607] {dagbag.py:487} INFO - Filling up the DagBag from /home/airflow/.local/lib/python3.6/site-packages/airflow/example_dags/tutorial.py
[2022-06-21 07:33:07,623] {scheduler_job.py:643} INFO - DAG(s) dict_keys(['tutorial']) retrieved from /home/airflow/.local/lib/python3.6/site-packages/airflow/example_dags/tutorial.py
[2022-06-21 07:33:07,644] {logging_mixin.py:104} INFO - [2022-06-21 07:33:07,643] {dag.py:1832} INFO - Sync 1 DAGs
[2022-06-21 07:33:07,658] {logging_mixin.py:104} INFO - [2022-06-21 07:33:07,658] {dag.py:2305} INFO - Setting next_dagrun for tutorial to 2022-06-19 00:00:00+00:00
[2022-06-21 07:33:07,667] {scheduler_job.py:190} INFO - Processing /home/airflow/.local/lib/python3.6/site-packages/airflow/example_dags/tutorial.py took 0.066 seconds
[2022-06-21 07:33:37,925] {scheduler_job.py:182} INFO - Started process (PID=368) to work on /home/airflow/.local/lib/python3.6/site-packages/airflow/example_dags/tutorial.py
[2022-06-21 07:33:37,927] {scheduler_job.py:633} INFO - Processing file /home/airflow/.local/lib/python3.6/site-packages/airflow/example_dags/tutorial.py for tasks to queue
[2022-06-21 07:33:37,928] {logging_mixin.py:104} INFO - [2022-06-21 07:33:37,928] {dagbag.py:487} INFO - Filling up the DagBag from /home/airflow/.local/lib/python3.6/site-packages/airflow/example_dags/tutorial.py
[2022-06-21 07:33:37,944] {scheduler_job.py:643} INFO - DAG(s) dict_keys(['tutorial']) retrieved from /home/airflow/.local/lib/python3.6/site-packages/airflow/example_dags/tutorial.py
[2022-06-21 07:33:37,964] {logging_mixin.py:104} INFO - [2022-06-21 07:33:37,964] {dag.py:1832} INFO - Sync 1 DAGs
[2022-06-21 07:33:37,979] {logging_mixin.py:104} INFO - [2022-06-21 07:33:37,979] {dag.py:2305} INFO - Setting next_dagrun for tutorial to 2022-06-19 00:00:00+00:00
[2022-06-21 07:33:37,989] {scheduler_job.py:190} INFO - Processing /home/airflow/.local/lib/python3.6/site-packages/airflow/example_dags/tutorial.py took 0.068 seconds
